[2019-07-03 09:51:13 765] --- 【【TV】】=> ws与服务器断开连接 
[2019-07-03 09:51:13 765] --- 【【TV】】=> 内容:ws报错 
[2019-07-03 09:53:13 134] --- 【【TV】】=> 内容:ws报错 
[2019-07-03 09:53:13 134] --- 【【TV】】=> ws与服务器断开连接 
[2019-07-03 09:54:29 709] --- 【【TV】】=> 内容:ws报错 
[2019-07-03 09:54:29 709] --- 【【TV】】=> ws与服务器断开连接 
[2019-07-03 09:55:46 377] --- 【【TV】】=> 内容:ws报错 
[2019-07-03 09:55:46 377] --- 【【TV】】=> ws与服务器断开连接 
[2019-07-03 09:57:02 973] --- 【【TV】】=> 内容:ws报错 
[2019-07-03 09:57:02 973] --- 【【TV】】=> ws与服务器断开连接 
[2019-07-03 09:58:19 660] --- 【【TV】】=> 内容:ws报错 
[2019-07-03 09:58:19 661] --- 【【TV】】=> ws与服务器断开连接 
[2019-07-03 09:59:36 229] --- 【【TV】】=> 内容:ws报错 
[2019-07-03 09:59:36 229] --- 【【TV】】=> ws与服务器断开连接 
[2019-07-03 10:00:52 816] --- 【【TV】】=> 内容:ws报错 
[2019-07-03 10:00:52 816] --- 【【TV】】=> ws与服务器断开连接 
[2019-07-03 10:02:09 389] --- 【【TV】】=> 内容:ws报错 
[2019-07-03 10:02:09 389] --- 【【TV】】=> ws与服务器断开连接 
[2019-07-03 10:03:25 949] --- 【【TV】】=> 内容:ws报错 
[2019-07-03 10:03:25 949] --- 【【TV】】=> ws与服务器断开连接 
[2019-07-03 10:04:42 520] --- 【【TV】】=> 内容:ws报错 
[2019-07-03 10:04:42 520] --- 【【TV】】=> ws与服务器断开连接 
[2019-07-03 10:05:59 090] --- 【【TV】】=> 内容:ws报错 
[2019-07-03 10:05:59 090] --- 【【TV】】=> ws与服务器断开连接 
[2019-07-03 10:07:44 155] --- 【【TV】】=> 内容:ws报错 
[2019-07-03 10:07:44 156] --- 【【TV】】=> ws与服务器断开连接 
[2019-07-03 10:09:29 234] --- 【【TV】】=> 内容:ws报错 
[2019-07-03 10:09:29 234] --- 【【TV】】=> ws与服务器断开连接 
[2019-07-03 10:11:14 312] --- 【【TV】】=> 内容:ws报错 
[2019-07-03 10:11:14 312] --- 【【TV】】=> ws与服务器断开连接 
[2019-07-03 10:12:59 378] --- 【【TV】】=> 内容:ws报错 
[2019-07-03 10:12:59 378] --- 【【TV】】=> ws与服务器断开连接 
[2019-07-03 10:14:44 451] --- 【【TV】】=> 内容:ws报错 
[2019-07-03 10:14:44 451] --- 【【TV】】=> ws与服务器断开连接 
[2019-07-03 10:16:29 513] --- 【【TV】】=> 内容:ws报错 
[2019-07-03 10:16:29 513] --- 【【TV】】=> ws与服务器断开连接 
[2019-07-03 10:18:14 603] --- 【【TV】】=> 内容:ws报错 
[2019-07-03 10:18:14 603] --- 【【TV】】=> ws与服务器断开连接 
[2019-07-03 10:19:59 671] --- 【【TV】】=> 内容:ws报错 
[2019-07-03 10:19:59 672] --- 【【TV】】=> ws与服务器断开连接 
[2019-07-03 10:21:44 759] --- 【【TV】】=> 内容:ws报错 
[2019-07-03 10:21:44 760] --- 【【TV】】=> ws与服务器断开连接 
[2019-07-03 10:23:29 840] --- 【【TV】】=> 内容:ws报错 
[2019-07-03 10:23:29 841] --- 【【TV】】=> ws与服务器断开连接 
[2019-07-03 10:25:14 913] --- 【【TV】】=> 内容:ws报错 
[2019-07-03 10:25:14 914] --- 【【TV】】=> ws与服务器断开连接 
[2019-07-03 10:26:59 971] --- 【【TV】】=> 内容:ws报错 
[2019-07-03 10:26:59 971] --- 【【TV】】=> ws与服务器断开连接 
[2019-07-03 10:28:45 035] --- 【【TV】】=> 内容:ws报错 
[2019-07-03 10:28:45 036] --- 【【TV】】=> ws与服务器断开连接 
[2019-07-03 10:30:30 127] --- 【【TV】】=> 内容:ws报错 
[2019-07-03 10:30:30 127] --- 【【TV】】=> ws与服务器断开连接 
[2019-07-03 10:31:00 207] --- 【【TV】】=> 内容:ws报错 
[2019-07-03 10:31:00 207] --- 【【TV】】=> ws与服务器断开连接 
[2019-07-03 10:32:45 287] --- 【【TV】】=> 内容:ws报错 
[2019-07-03 10:32:45 287] --- 【【TV】】=> ws与服务器断开连接 
[2019-07-03 10:34:30 350] --- 【【TV】】=> 内容:ws报错 
[2019-07-03 10:34:30 350] --- 【【TV】】=> ws与服务器断开连接 
[2019-07-03 10:36:15 410] --- 【【TV】】=> 内容:ws报错 
[2019-07-03 10:36:15 410] --- 【【TV】】=> ws与服务器断开连接 
[2019-07-03 10:38:00 461] --- 【【TV】】=> 内容:ws报错 
[2019-07-03 10:38:00 462] --- 【【TV】】=> ws与服务器断开连接 
[2019-07-03 10:38:30 577] --- 【【TV】】=> 内容:ws报错 
[2019-07-03 10:38:30 577] --- 【【TV】】=> ws与服务器断开连接 
[2019-07-03 10:40:15 631] --- 【【TV】】=> 内容:ws报错 
[2019-07-03 10:40:15 631] --- 【【TV】】=> ws与服务器断开连接 
[2019-07-03 10:42:00 670] --- 【【TV】】=> 内容:ws报错 
[2019-07-03 10:42:00 670] --- 【【TV】】=> ws与服务器断开连接 
[2019-07-03 10:43:45 736] --- 【【TV】】=> 内容:ws报错 
[2019-07-03 10:43:45 736] --- 【【TV】】=> ws与服务器断开连接 
[2019-07-03 10:45:30 800] --- 【【TV】】=> 内容:ws报错 
[2019-07-03 10:45:30 800] --- 【【TV】】=> ws与服务器断开连接 
[2019-07-03 10:47:15 866] --- 【【TV】】=> 内容:ws报错 
[2019-07-03 10:47:15 866] --- 【【TV】】=> ws与服务器断开连接 
[2019-07-03 10:49:00 913] --- 【【TV】】=> 内容:ws报错 
[2019-07-03 10:49:00 913] --- 【【TV】】=> ws与服务器断开连接 
[2019-07-03 10:50:45 976] --- 【【TV】】=> 内容:ws报错 
[2019-07-03 10:50:45 976] --- 【【TV】】=> ws与服务器断开连接 
[2019-07-03 10:52:31 011] --- 【【TV】】=> 内容:ws报错 
[2019-07-03 10:52:31 011] --- 【【TV】】=> ws与服务器断开连接 
[2019-07-03 10:54:16 051] --- 【【TV】】=> 内容:ws报错 
[2019-07-03 10:54:16 051] --- 【【TV】】=> ws与服务器断开连接 
[2019-07-03 10:56:01 128] --- 【【TV】】=> 内容:ws报错 
[2019-07-03 10:56:01 128] --- 【【TV】】=> ws与服务器断开连接 
[2019-07-03 10:57:46 185] --- 【【TV】】=> 内容:ws报错 
[2019-07-03 10:57:46 186] --- 【【TV】】=> ws与服务器断开连接 
[2019-07-03 10:59:31 223] --- 【【TV】】=> 内容:ws报错 
[2019-07-03 10:59:31 224] --- 【【TV】】=> ws与服务器断开连接 
[2019-07-03 11:01:08 329] --- 【【TV】】=> 内容:ws报错 
[2019-07-03 11:01:08 329] --- 【【TV】】=> ws与服务器断开连接 
[2019-07-03 11:02:53 373] --- 【【TV】】=> 内容:ws报错 
[2019-07-03 11:02:53 373] --- 【【TV】】=> ws与服务器断开连接 
[2019-07-03 11:04:38 440] --- 【【TV】】=> 内容:ws报错 
[2019-07-03 11:04:38 440] --- 【【TV】】=> ws与服务器断开连接 
[2019-07-03 11:06:23 476] --- 【【TV】】=> 内容:ws报错 
[2019-07-03 11:06:23 476] --- 【【TV】】=> ws与服务器断开连接 
[2019-07-03 11:08:08 516] --- 【【TV】】=> 内容:ws报错 
[2019-07-03 11:08:08 517] --- 【【TV】】=> ws与服务器断开连接 
[2019-07-03 11:09:53 632] --- 【【TV】】=> 内容:ws报错 
[2019-07-03 11:09:53 632] --- 【【TV】】=> ws与服务器断开连接 
[2019-07-03 11:11:38 676] --- 【【TV】】=> 内容:ws报错 
[2019-07-03 11:11:38 676] --- 【【TV】】=> ws与服务器断开连接 
[2019-07-03 11:13:23 714] --- 【【TV】】=> 内容:ws报错 
[2019-07-03 11:13:23 714] --- 【【TV】】=> ws与服务器断开连接 
[2019-07-03 11:15:08 748] --- 【【TV】】=> 内容:ws报错 
[2019-07-03 11:15:08 748] --- 【【TV】】=> ws与服务器断开连接 
[2019-07-03 11:16:53 792] --- 【【TV】】=> 内容:ws报错 
[2019-07-03 11:16:53 792] --- 【【TV】】=> ws与服务器断开连接 
[2019-07-03 11:18:38 835] --- 【【TV】】=> 内容:ws报错 
[2019-07-03 11:18:38 835] --- 【【TV】】=> ws与服务器断开连接 
[2019-07-03 11:19:19 873] --- 【【TV】】=> 内容:ws报错 
[2019-07-03 11:19:19 874] --- 【【TV】】=> ws与服务器断开连接 
[2019-07-03 11:29:27 186] --- 【【TV】】=> 内容:ws报错 
[2019-07-03 11:29:27 186] --- 【【TV】】=> ws与服务器断开连接 
[2019-07-03 11:30:16 298] --- 【【TV】】=> 内容:ws报错 
[2019-07-03 11:30:16 298] --- 【【TV】】=> ws与服务器断开连接 
[2019-07-03 11:32:01 365] --- 【【TV】】=> 内容:ws报错 
[2019-07-03 11:32:01 365] --- 【【TV】】=> ws与服务器断开连接 
[2019-07-03 11:33:46 413] --- 【【TV】】=> 内容:ws报错 
[2019-07-03 11:33:46 413] --- 【【TV】】=> ws与服务器断开连接 
[2019-07-03 11:35:31 463] --- 【【TV】】=> 内容:ws报错 
[2019-07-03 11:35:31 463] --- 【【TV】】=> ws与服务器断开连接 
[2019-07-03 11:37:16 496] --- 【【TV】】=> 内容:ws报错 
[2019-07-03 11:37:16 496] --- 【【TV】】=> ws与服务器断开连接 
[2019-07-03 11:39:01 544] --- 【【TV】】=> 内容:ws报错 
[2019-07-03 11:39:01 544] --- 【【TV】】=> ws与服务器断开连接 
[2019-07-03 11:40:46 685] --- 【【TV】】=> 内容:ws报错 
[2019-07-03 11:40:46 685] --- 【【TV】】=> ws与服务器断开连接 
[2019-07-03 11:42:31 750] --- 【【TV】】=> 内容:ws报错 
[2019-07-03 11:42:31 751] --- 【【TV】】=> ws与服务器断开连接 
[2019-07-03 11:44:16 832] --- 【【TV】】=> 内容:ws报错 
[2019-07-03 11:44:16 832] --- 【【TV】】=> ws与服务器断开连接 
[2019-07-03 11:45:53 908] --- 【【TV】】=> 内容:ws报错 
[2019-07-03 11:45:53 909] --- 【【TV】】=> ws与服务器断开连接 
[2019-07-03 11:47:31 091] --- 【【TV】】=> 内容:ws报错 
[2019-07-03 11:47:31 091] --- 【【TV】】=> ws与服务器断开连接 
[2019-07-03 11:49:16 137] --- 【【TV】】=> 内容:ws报错 
[2019-07-03 11:49:16 137] --- 【【TV】】=> ws与服务器断开连接 
[2019-07-03 11:51:01 185] --- 【【TV】】=> 内容:ws报错 
[2019-07-03 11:51:01 185] --- 【【TV】】=> ws与服务器断开连接 
[2019-07-03 11:52:46 224] --- 【【TV】】=> 内容:ws报错 
[2019-07-03 11:52:46 224] --- 【【TV】】=> ws与服务器断开连接 
[2019-07-03 11:54:31 281] --- 【【TV】】=> 内容:ws报错 
[2019-07-03 11:54:31 281] --- 【【TV】】=> ws与服务器断开连接 
[2019-07-03 11:56:16 324] --- 【【TV】】=> 内容:ws报错 
[2019-07-03 11:56:16 324] --- 【【TV】】=> ws与服务器断开连接 
[2019-07-03 11:57:53 500] --- 【【TV】】=> 内容:ws报错 
[2019-07-03 11:57:53 500] --- 【【TV】】=> ws与服务器断开连接 
[2019-07-03 11:58:42 636] --- 【【TV】】=> 内容:ws报错 
[2019-07-03 11:58:42 636] --- 【【TV】】=> ws与服务器断开连接 
[2019-07-03 13:52:03 111] --- 【【TV】】=> 内容:ws报错 
[2019-07-03 13:52:03 111] --- 【【TV】】=> ws与服务器断开连接 
[2019-07-03 13:53:48 335] --- 【【TV】】=> 内容:ws报错 
[2019-07-03 13:53:48 335] --- 【【TV】】=> ws与服务器断开连接 
[2019-07-03 13:55:33 396] --- 【【TV】】=> 内容:ws报错 
[2019-07-03 13:55:33 396] --- 【【TV】】=> ws与服务器断开连接 
[2019-07-03 13:56:07 426] --- 【【TV】】=> 内容:ws报错 
[2019-07-03 13:56:07 426] --- 【【TV】】=> ws与服务器断开连接 
[2019-07-03 13:57:52 485] --- 【【TV】】=> 内容:ws报错 
[2019-07-03 13:57:52 485] --- 【【TV】】=> ws与服务器断开连接 
[2019-07-03 13:59:37 532] --- 【【TV】】=> 内容:ws报错 
[2019-07-03 13:59:37 532] --- 【【TV】】=> ws与服务器断开连接 
[2019-07-03 14:01:22 622] --- 【【TV】】=> 内容:ws报错 
[2019-07-03 14:01:22 622] --- 【【TV】】=> ws与服务器断开连接 
[2019-07-03 14:03:07 675] --- 【【TV】】=> 内容:ws报错 
[2019-07-03 14:03:07 676] --- 【【TV】】=> ws与服务器断开连接 
[2019-07-03 14:04:52 724] --- 【【TV】】=> 内容:ws报错 
[2019-07-03 14:04:52 724] --- 【【TV】】=> ws与服务器断开连接 
[2019-07-03 14:06:37 764] --- 【【TV】】=> 内容:ws报错 
[2019-07-03 14:06:37 765] --- 【【TV】】=> ws与服务器断开连接 
[2019-07-03 14:08:22 847] --- 【【TV】】=> 内容:ws报错 
[2019-07-03 14:08:22 847] --- 【【TV】】=> ws与服务器断开连接 
[2019-07-03 14:10:07 884] --- 【【TV】】=> 内容:ws报错 
[2019-07-03 14:10:07 885] --- 【【TV】】=> ws与服务器断开连接 
[2019-07-03 14:11:52 933] --- 【【TV】】=> 内容:ws报错 
[2019-07-03 14:11:52 933] --- 【【TV】】=> ws与服务器断开连接 
[2019-07-03 14:13:37 975] --- 【【TV】】=> 内容:ws报错 
[2019-07-03 14:13:37 976] --- 【【TV】】=> ws与服务器断开连接 
[2019-07-03 14:15:23 017] --- 【【TV】】=> 内容:ws报错 
[2019-07-03 14:15:23 017] --- 【【TV】】=> ws与服务器断开连接 
[2019-07-03 14:17:08 069] --- 【【TV】】=> 内容:ws报错 
[2019-07-03 14:17:08 069] --- 【【TV】】=> ws与服务器断开连接 
[2019-07-03 14:18:53 180] --- 【【TV】】=> 内容:ws报错 
[2019-07-03 14:18:53 180] --- 【【TV】】=> ws与服务器断开连接 
[2019-07-03 14:20:38 234] --- 【【TV】】=> 内容:ws报错 
[2019-07-03 14:20:38 234] --- 【【TV】】=> ws与服务器断开连接 
[2019-07-03 14:21:08 290] --- 【【TV】】=> 内容:ws报错 
[2019-07-03 14:21:08 290] --- 【【TV】】=> ws与服务器断开连接 
[2019-07-03 14:22:53 330] --- 【【TV】】=> 内容:ws报错 
[2019-07-03 14:22:53 331] --- 【【TV】】=> ws与服务器断开连接 
[2019-07-03 14:24:38 378] --- 【【TV】】=> 内容:ws报错 
[2019-07-03 14:24:38 378] --- 【【TV】】=> ws与服务器断开连接 
[2019-07-03 14:26:23 443] --- 【【TV】】=> 内容:ws报错 
[2019-07-03 14:26:23 443] --- 【【TV】】=> ws与服务器断开连接 
[2019-07-03 14:28:08 511] --- 【【TV】】=> 内容:ws报错 
[2019-07-03 14:28:08 511] --- 【【TV】】=> ws与服务器断开连接 
[2019-07-03 14:29:53 628] --- 【【TV】】=> 内容:ws报错 
[2019-07-03 14:29:53 629] --- 【【TV】】=> ws与服务器断开连接 
[2019-07-03 14:31:38 714] --- 【【TV】】=> 内容:ws报错 
[2019-07-03 14:31:38 714] --- 【【TV】】=> ws与服务器断开连接 
[2019-07-03 14:33:23 780] --- 【【TV】】=> 内容:ws报错 
[2019-07-03 14:33:23 780] --- 【【TV】】=> ws与服务器断开连接 
[2019-07-03 14:35:08 849] --- 【【TV】】=> 内容:ws报错 
[2019-07-03 14:35:08 849] --- 【【TV】】=> ws与服务器断开连接 
[2019-07-03 14:36:53 890] --- 【【TV】】=> 内容:ws报错 
[2019-07-03 14:36:53 891] --- 【【TV】】=> ws与服务器断开连接 
[2019-07-03 14:38:38 957] --- 【【TV】】=> 内容:ws报错 
[2019-07-03 14:38:38 957] --- 【【TV】】=> ws与服务器断开连接 
[2019-07-03 14:40:24 028] --- 【【TV】】=> 内容:ws报错 
[2019-07-03 14:40:24 029] --- 【【TV】】=> ws与服务器断开连接 
[2019-07-03 14:42:09 105] --- 【【TV】】=> 内容:ws报错 
[2019-07-03 14:42:09 105] --- 【【TV】】=> ws与服务器断开连接 
[2019-07-03 14:43:54 175] --- 【【TV】】=> 内容:ws报错 
[2019-07-03 14:43:54 176] --- 【【TV】】=> ws与服务器断开连接 
[2019-07-03 14:45:39 237] --- 【【TV】】=> 内容:ws报错 
[2019-07-03 14:45:39 238] --- 【【TV】】=> ws与服务器断开连接 
[2019-07-03 14:47:24 371] --- 【【TV】】=> 内容:ws报错 
[2019-07-03 14:47:24 371] --- 【【TV】】=> ws与服务器断开连接 
[2019-07-03 14:49:09 662] --- 【【TV】】=> 内容:ws报错 
[2019-07-03 14:49:09 663] --- 【【TV】】=> ws与服务器断开连接 
[2019-07-03 14:50:54 827] --- 【【TV】】=> 内容:ws报错 
[2019-07-03 14:50:54 828] --- 【【TV】】=> ws与服务器断开连接 
[2019-07-03 14:52:39 993] --- 【【TV】】=> 内容:ws报错 
[2019-07-03 14:52:39 993] --- 【【TV】】=> ws与服务器断开连接 
[2019-07-03 14:54:25 150] --- 【【TV】】=> 内容:ws报错 
[2019-07-03 14:54:25 151] --- 【【TV】】=> ws与服务器断开连接 
[2019-07-03 14:56:10 349] --- 【【TV】】=> 内容:ws报错 
[2019-07-03 14:56:10 349] --- 【【TV】】=> ws与服务器断开连接 
[2019-07-03 14:57:55 653] --- 【【TV】】=> 内容:ws报错 
[2019-07-03 14:57:55 653] --- 【【TV】】=> ws与服务器断开连接 
[2019-07-03 14:59:32 966] --- 【【TV】】=> 内容:ws报错 
[2019-07-03 14:59:32 966] --- 【【TV】】=> ws与服务器断开连接 
[2019-07-03 15:01:18 131] --- 【【TV】】=> 内容:ws报错 
[2019-07-03 15:01:18 131] --- 【【TV】】=> ws与服务器断开连接 
[2019-07-03 15:03:03 288] --- 【【TV】】=> 内容:ws报错 
[2019-07-03 15:03:03 288] --- 【【TV】】=> ws与服务器断开连接 
[2019-07-03 15:04:48 526] --- 【【TV】】=> 内容:ws报错 
[2019-07-03 15:04:48 526] --- 【【TV】】=> ws与服务器断开连接 
[2019-07-03 15:06:33 724] --- 【【TV】】=> 内容:ws报错 
[2019-07-03 15:06:33 724] --- 【【TV】】=> ws与服务器断开连接 
[2019-07-03 15:08:18 969] --- 【【TV】】=> 内容:ws报错 
[2019-07-03 15:08:18 969] --- 【【TV】】=> ws与服务器断开连接 
[2019-07-03 15:09:56 172] --- 【【TV】】=> 内容:ws报错 
[2019-07-03 15:09:56 172] --- 【【TV】】=> ws与服务器断开连接 
[2019-07-03 15:11:41 403] --- 【【TV】】=> 内容:ws报错 
[2019-07-03 15:11:41 403] --- 【【TV】】=> ws与服务器断开连接 
[2019-07-03 15:13:27 951] --- 【【TV】】=> 内容:ws报错 
[2019-07-03 15:13:27 951] --- 【【TV】】=> ws与服务器断开连接 
[2019-07-03 15:15:13 116] --- 【【TV】】=> 内容:ws报错 
[2019-07-03 15:15:13 116] --- 【【TV】】=> ws与服务器断开连接 
[2019-07-03 15:16:58 496] --- 【【TV】】=> 内容:ws报错 
[2019-07-03 15:16:58 497] --- 【【TV】】=> ws与服务器断开连接 
[2019-07-03 15:18:43 760] --- 【【TV】】=> 内容:ws报错 
[2019-07-03 15:18:43 760] --- 【【TV】】=> ws与服务器断开连接 
[2019-07-03 15:20:28 923] --- 【【TV】】=> 内容:ws报错 
[2019-07-03 15:20:28 923] --- 【【TV】】=> ws与服务器断开连接 
[2019-07-03 15:22:14 096] --- 【【TV】】=> 内容:ws报错 
[2019-07-03 15:22:14 096] --- 【【TV】】=> ws与服务器断开连接 
[2019-07-03 15:23:59 258] --- 【【TV】】=> 内容:ws报错 
[2019-07-03 15:23:59 258] --- 【【TV】】=> ws与服务器断开连接 
[2019-07-03 15:25:44 400] --- 【【TV】】=> 内容:ws报错 
[2019-07-03 15:25:44 401] --- 【【TV】】=> ws与服务器断开连接 
[2019-07-03 15:27:29 540] --- 【【TV】】=> 内容:ws报错 
[2019-07-03 15:27:29 540] --- 【【TV】】=> ws与服务器断开连接 
[2019-07-03 15:29:14 697] --- 【【TV】】=> 内容:ws报错 
[2019-07-03 15:29:14 698] --- 【【TV】】=> ws与服务器断开连接 
[2019-07-03 15:29:55 731] --- 【【TV】】=> 内容:ws报错 
[2019-07-03 15:29:55 731] --- 【【TV】】=> ws与服务器断开连接 
[2019-07-03 15:31:40 877] --- 【【TV】】=> 内容:ws报错 
[2019-07-03 15:31:40 877] --- 【【TV】】=> ws与服务器断开连接 
[2019-07-03 16:46:59 374] --- 【厨房打印第一步】=> 【发起厨房打印】【自动打印 】 orderId：eca2a48479b941a18e443ba23ee95b73,refund:0, 
[2019-07-03 16:46:59 377] --- 【【TV】】=> 当前店铺未连接电视端 
[2019-07-03 16:47:09 682] --- 【厨房打印==>】=> 【小票打印厨打成功==>[Printer socket error] 响应超时】 订单ID：eca2a48479b941a18e443ba23ee95b73,流水号:201907031646538210,『{"RESTAURANT_TEL":"15616141529","DISTRIBUTION_MODE":"堂吃","TABLE_NUMBER":null,"ORDER_NUMBER":"008","ORDER_ID":"201907031646538210","BARCODE":"1646538210","DATETIME":"2019-07-03 16:46:53","ORIGINAL_AMOUNT":10,"CUSTOMER_SATISFACTION":"☆☆☆☆☆","CUSTOMER_SATISFACTION_DEGREE":0,"CUSTOMER_PROPERTY":"-","MEMO":"-","PRINTERIP":"192.168.1.224","PRINTERPORT":"ETH","PRINTTEMPLATE":"/Users/chintec/Documents/node/resto-newpos/report/kitchen_ticket_barcode_not_user_info.xml"}』
【打印数据】:[{"ARTICLE_COUNT":1,"ARTICLE_NAME":"萝卜套餐"}] 
[2019-07-03 16:47:09 686] --- 【总单打印最终执行==>】=> 【打印总单成功==>Print commands sent to the printer [192.168.1.223:9100].】 订单ID：eca2a48479b941a18e443ba23ee95b73,流水号:201907031646538210,totalType：1,refund:0,,
{"RESTAURANT_NAME":"今天不打烊111","RESTAURANT_ADDRESS":"浦东新区纳贤路","RESTAURANT_TEL":"15616141529","DISTRIBUTION_MODE":"堂吃","TABLE_NUMBER":"73750","CUSTOMER_COUNT":0,"ORDER_NUMBER":"008","ORDER_ID":"201907031646538210","BARCODE":"1646538210","DATETIME":"2019-07-03 16:46:53","ITEMS":[{"ARTICLE_NAME":"萝卜套餐","ARTICLE_COUNT":1,"ARTICLE_TOTAL":1,"SUBTOTAL":"10.00","TOTAL":10}],"ARTICLE_COUNT":1,"ORIGINAL_AMOUNT":"10.00","PAYMENT_AMOUNT":"10.00","REDUCTION_AMOUNT":"0.00","PAYMENT_ITEMS":[{"PAYMENT_MODE":"现金支付","SUBTOTAL":"10.00"}],"CUSTOMER_SATISFACTION":"☆☆☆☆☆","CUSTOMER_SATISFACTION_DEGREE":0,"CUSTOMER_PROPERTY":"-","MEMO":null,"WELCOME":"谢谢光临，欢迎再次惠顾","PRINTERIP":"192.168.1.223","PRINTERPORT":"ETH","PRINTTEMPLATE":"/Users/chintec/Documents/node/resto-newpos/report/restaurant_receipt_barcode_not_user_info.xml"} 
[2019-07-03 16:47:27 671] --- 【厨房打印第一步】=> 【发起厨房打印】【自动打印 】 orderId：d518b6884a374944b19339175c617e3c,refund:0, 
[2019-07-03 16:47:27 672] --- 【【TV】】=> 当前店铺未连接电视端 
[2019-07-03 16:47:37 741] --- 【厨房打印==>】=> 【小票打印厨打成功==>[Printer socket error] 响应超时】 订单ID：d518b6884a374944b19339175c617e3c,流水号:201907031647244410,『{"RESTAURANT_TEL":"15616141529","DISTRIBUTION_MODE":"堂吃","TABLE_NUMBER":null,"ORDER_NUMBER":"009","ORDER_ID":"201907031647244410","BARCODE":"1647244410","DATETIME":"2019-07-03 16:47:24","ORIGINAL_AMOUNT":0.01,"CUSTOMER_SATISFACTION":"☆☆☆☆☆","CUSTOMER_SATISFACTION_DEGREE":0,"CUSTOMER_PROPERTY":"-","MEMO":"-","PRINTERIP":"192.168.1.224","PRINTERPORT":"ETH","PRINTTEMPLATE":"/Users/chintec/Documents/node/resto-newpos/report/kitchen_ticket_barcode_not_user_info.xml"}』
【打印数据】:[{"ARTICLE_COUNT":1,"ARTICLE_NAME":"萝卜酒"}] 
[2019-07-03 16:47:37 746] --- 【总单打印最终执行==>】=> 【打印总单成功==>Print commands sent to the printer [192.168.1.223:9100].】 订单ID：d518b6884a374944b19339175c617e3c,流水号:201907031647244410,totalType：1,refund:0,,
{"RESTAURANT_NAME":"今天不打烊111","RESTAURANT_ADDRESS":"浦东新区纳贤路","RESTAURANT_TEL":"15616141529","DISTRIBUTION_MODE":"堂吃","TABLE_NUMBER":"17775","CUSTOMER_COUNT":0,"ORDER_NUMBER":"009","ORDER_ID":"201907031647244410","BARCODE":"1647244410","DATETIME":"2019-07-03 16:47:24","ITEMS":[{"ARTICLE_NAME":"萝卜酒","ARTICLE_COUNT":1,"ARTICLE_TOTAL":1,"SUBTOTAL":"0.01","TOTAL":0.01}],"ARTICLE_COUNT":1,"ORIGINAL_AMOUNT":"0.01","PAYMENT_AMOUNT":"0.01","REDUCTION_AMOUNT":"0.00","PAYMENT_ITEMS":[{"PAYMENT_MODE":"现金支付","SUBTOTAL":"0.01"}],"CUSTOMER_SATISFACTION":"☆☆☆☆☆","CUSTOMER_SATISFACTION_DEGREE":0,"CUSTOMER_PROPERTY":"-","MEMO":null,"WELCOME":"谢谢光临，欢迎再次惠顾","PRINTERIP":"192.168.1.223","PRINTERPORT":"ETH","PRINTTEMPLATE":"/Users/chintec/Documents/node/resto-newpos/report/restaurant_receipt_barcode_not_user_info.xml"} 
[2019-07-03 16:48:16 173] --- 【【TV】】=> 内容:ws报错 
[2019-07-03 16:48:16 173] --- 【【TV】】=> ws与服务器断开连接 
[2019-07-03 16:48:44 494] --- 【【TV】】=> 内容:ws报错 
[2019-07-03 16:48:44 494] --- 【【TV】】=> ws与服务器断开连接 
[2019-07-03 16:49:32 931] --- 【【TV】】=> 内容:ws报错 
[2019-07-03 16:49:32 931] --- 【【TV】】=> ws与服务器断开连接 
[2019-07-03 16:49:34 510] --- 【【TV】】=> 内容:ws报错 
[2019-07-03 16:49:34 510] --- 【【TV】】=> ws与服务器断开连接 
[2019-07-03 16:49:36 084] --- 【【TV】】=> 内容:ws报错 
[2019-07-03 16:49:36 084] --- 【【TV】】=> ws与服务器断开连接 
[2019-07-03 16:50:01 163] --- 【【TV】】=> 内容:ws报错 
[2019-07-03 16:50:01 163] --- 【【TV】】=> ws与服务器断开连接 
[2019-07-03 16:50:52 821] --- 【【TV】】=> 内容:ws报错 
[2019-07-03 16:50:52 821] --- 【【TV】】=> ws与服务器断开连接 
[2019-07-03 16:51:17 902] --- 【【TV】】=> 内容:ws报错 
[2019-07-03 16:51:17 902] --- 【【TV】】=> ws与服务器断开连接 
[2019-07-03 16:52:09 485] --- 【【TV】】=> 内容:ws报错 
[2019-07-03 16:52:09 485] --- 【【TV】】=> ws与服务器断开连接 
[2019-07-03 16:52:34 561] --- 【【TV】】=> 内容:ws报错 
[2019-07-03 16:52:34 561] --- 【【TV】】=> ws与服务器断开连接 
[2019-07-03 16:53:54 725] --- 【【TV】】=> 内容:ws报错 
[2019-07-03 16:53:54 725] --- 【【TV】】=> ws与服务器断开连接 
[2019-07-03 16:54:19 911] --- 【【TV】】=> 内容:ws报错 
[2019-07-03 16:54:19 911] --- 【【TV】】=> ws与服务器断开连接 
[2019-07-03 16:55:40 057] --- 【【TV】】=> 内容:ws报错 
[2019-07-03 16:55:40 057] --- 【【TV】】=> ws与服务器断开连接 
[2019-07-03 16:56:05 280] --- 【【TV】】=> 内容:ws报错 
[2019-07-03 16:56:05 280] --- 【【TV】】=> ws与服务器断开连接 
[2019-07-03 16:57:25 263] --- 【【TV】】=> 内容:ws报错 
[2019-07-03 16:57:25 263] --- 【【TV】】=> ws与服务器断开连接 
[2019-07-03 16:57:50 443] --- 【【TV】】=> 内容:ws报错 
[2019-07-03 16:57:50 444] --- 【【TV】】=> ws与服务器断开连接 
[2019-07-03 16:59:10 440] --- 【【TV】】=> 内容:ws报错 
[2019-07-03 16:59:10 440] --- 【【TV】】=> ws与服务器断开连接 
[2019-07-03 16:59:35 634] --- 【【TV】】=> 内容:ws报错 
[2019-07-03 16:59:35 634] --- 【【TV】】=> ws与服务器断开连接 
[2019-07-03 17:00:55 770] --- 【【TV】】=> 内容:ws报错 
[2019-07-03 17:00:55 771] --- 【【TV】】=> ws与服务器断开连接 
[2019-07-03 17:01:20 989] --- 【【TV】】=> 内容:ws报错 
[2019-07-03 17:01:20 990] --- 【【TV】】=> ws与服务器断开连接 
[2019-07-03 17:02:41 023] --- 【【TV】】=> 内容:ws报错 
[2019-07-03 17:02:41 023] --- 【【TV】】=> ws与服务器断开连接 
[2019-07-03 17:03:06 223] --- 【【TV】】=> 内容:ws报错 
[2019-07-03 17:03:06 223] --- 【【TV】】=> ws与服务器断开连接 
[2019-07-03 17:04:26 239] --- 【【TV】】=> 内容:ws报错 
[2019-07-03 17:04:26 239] --- 【【TV】】=> ws与服务器断开连接 
[2019-07-03 17:04:51 521] --- 【【TV】】=> 内容:ws报错 
[2019-07-03 17:04:51 521] --- 【【TV】】=> ws与服务器断开连接 
[2019-07-03 17:06:11 407] --- 【【TV】】=> 内容:ws报错 
[2019-07-03 17:06:11 408] --- 【【TV】】=> ws与服务器断开连接 
[2019-07-03 17:06:36 688] --- 【【TV】】=> 内容:ws报错 
[2019-07-03 17:06:36 688] --- 【【TV】】=> ws与服务器断开连接 
[2019-07-03 17:07:56 705] --- 【【TV】】=> 内容:ws报错 
[2019-07-03 17:07:56 705] --- 【【TV】】=> ws与服务器断开连接 
[2019-07-03 17:08:22 037] --- 【【TV】】=> 内容:ws报错 
[2019-07-03 17:08:22 037] --- 【【TV】】=> ws与服务器断开连接 
[2019-07-03 17:09:42 002] --- 【【TV】】=> 内容:ws报错 
[2019-07-03 17:09:42 002] --- 【【TV】】=> ws与服务器断开连接 
[2019-07-03 17:09:59 236] --- 【【TV】】=> 内容:ws报错 
[2019-07-03 17:09:59 237] --- 【【TV】】=> ws与服务器断开连接 
[2019-07-03 17:11:27 229] --- 【【TV】】=> 内容:ws报错 
[2019-07-03 17:11:27 229] --- 【【TV】】=> ws与服务器断开连接 
[2019-07-03 17:11:44 455] --- 【【TV】】=> 内容:ws报错 
[2019-07-03 17:11:44 455] --- 【【TV】】=> ws与服务器断开连接 
[2019-07-03 17:13:04 560] --- 【【TV】】=> 内容:ws报错 
[2019-07-03 17:13:04 560] --- 【【TV】】=> ws与服务器断开连接 
[2019-07-03 17:13:29 629] --- 【【TV】】=> 内容:ws报错 
[2019-07-03 17:13:29 629] --- 【【TV】】=> ws与服务器断开连接 
[2019-07-03 17:14:49 717] --- 【【TV】】=> 内容:ws报错 
[2019-07-03 17:14:49 718] --- 【【TV】】=> ws与服务器断开连接 
[2019-07-03 17:15:14 795] --- 【【TV】】=> 内容:ws报错 
[2019-07-03 17:15:14 795] --- 【【TV】】=> ws与服务器断开连接 
[2019-07-03 17:16:34 882] --- 【【TV】】=> 内容:ws报错 
[2019-07-03 17:16:34 882] --- 【【TV】】=> ws与服务器断开连接 
[2019-07-03 17:16:59 971] --- 【【TV】】=> 内容:ws报错 
[2019-07-03 17:16:59 971] --- 【【TV】】=> ws与服务器断开连接 
[2019-07-03 17:18:20 035] --- 【【TV】】=> 内容:ws报错 
[2019-07-03 17:18:20 035] --- 【【TV】】=> ws与服务器断开连接 
[2019-07-03 17:18:45 125] --- 【【TV】】=> 内容:ws报错 
[2019-07-03 17:18:45 126] --- 【【TV】】=> ws与服务器断开连接 
[2019-07-03 17:19:57 194] --- 【【TV】】=> 内容:ws报错 
[2019-07-03 17:19:57 194] --- 【【TV】】=> ws与服务器断开连接 
[2019-07-03 17:20:30 290] --- 【【TV】】=> 内容:ws报错 
[2019-07-03 17:20:30 290] --- 【【TV】】=> ws与服务器断开连接 
[2019-07-03 17:21:00 500] --- 【【TV】】=> 内容:ws报错 
[2019-07-03 17:21:00 500] --- 【【TV】】=> ws与服务器断开连接 
[2019-07-03 17:21:02 444] --- 【【TV】】=> 内容:ws报错 
[2019-07-03 17:21:02 444] --- 【【TV】】=> ws与服务器断开连接 
[2019-07-03 17:22:45 707] --- 【【TV】】=> 内容:ws报错 
[2019-07-03 17:22:45 707] --- 【【TV】】=> ws与服务器断开连接 
[2019-07-03 17:22:47 657] --- 【【TV】】=> 内容:ws报错 
[2019-07-03 17:22:47 657] --- 【【TV】】=> ws与服务器断开连接 
[2019-07-03 17:24:31 012] --- 【【TV】】=> 内容:ws报错 
[2019-07-03 17:24:31 012] --- 【【TV】】=> ws与服务器断开连接 
[2019-07-03 17:24:32 839] --- 【【TV】】=> 内容:ws报错 
[2019-07-03 17:24:32 839] --- 【【TV】】=> ws与服务器断开连接 
[2019-07-03 17:26:16 177] --- 【【TV】】=> 内容:ws报错 
[2019-07-03 17:26:16 177] --- 【【TV】】=> ws与服务器断开连接 
[2019-07-03 17:26:18 006] --- 【【TV】】=> 内容:ws报错 
[2019-07-03 17:26:18 006] --- 【【TV】】=> ws与服务器断开连接 
[2019-07-03 17:28:01 333] --- 【【TV】】=> 内容:ws报错 
[2019-07-03 17:28:01 333] --- 【【TV】】=> ws与服务器断开连接 
[2019-07-03 17:28:03 165] --- 【【TV】】=> 内容:ws报错 
[2019-07-03 17:28:03 165] --- 【【TV】】=> ws与服务器断开连接 
[2019-07-03 17:29:46 478] --- 【【TV】】=> 内容:ws报错 
[2019-07-03 17:29:46 478] --- 【【TV】】=> ws与服务器断开连接 
[2019-07-03 17:29:48 312] --- 【【TV】】=> 内容:ws报错 
[2019-07-03 17:29:48 312] --- 【【TV】】=> ws与服务器断开连接 
[2019-07-03 17:31:31 626] --- 【【TV】】=> 内容:ws报错 
[2019-07-03 17:31:31 627] --- 【【TV】】=> ws与服务器断开连接 
[2019-07-03 17:31:33 458] --- 【【TV】】=> 内容:ws报错 
[2019-07-03 17:31:33 458] --- 【【TV】】=> ws与服务器断开连接 
[2019-07-03 17:33:16 817] --- 【【TV】】=> 内容:ws报错 
[2019-07-03 17:33:16 818] --- 【【TV】】=> ws与服务器断开连接 
[2019-07-03 17:33:18 660] --- 【【TV】】=> 内容:ws报错 
[2019-07-03 17:33:18 660] --- 【【TV】】=> ws与服务器断开连接 
[2019-07-03 17:35:01 986] --- 【【TV】】=> 内容:ws报错 
[2019-07-03 17:35:01 987] --- 【【TV】】=> ws与服务器断开连接 
[2019-07-03 17:35:03 833] --- 【【TV】】=> 内容:ws报错 
[2019-07-03 17:35:03 833] --- 【【TV】】=> ws与服务器断开连接 
[2019-07-03 17:36:47 151] --- 【【TV】】=> 内容:ws报错 
[2019-07-03 17:36:47 151] --- 【【TV】】=> ws与服务器断开连接 
[2019-07-03 17:36:49 003] --- 【【TV】】=> 内容:ws报错 
[2019-07-03 17:36:49 003] --- 【【TV】】=> ws与服务器断开连接 
[2019-07-03 17:38:32 292] --- 【【TV】】=> 内容:ws报错 
[2019-07-03 17:38:32 292] --- 【【TV】】=> ws与服务器断开连接 
[2019-07-03 17:38:34 147] --- 【【TV】】=> 内容:ws报错 
[2019-07-03 17:38:34 148] --- 【【TV】】=> ws与服务器断开连接 
[2019-07-03 17:40:17 456] --- 【【TV】】=> 内容:ws报错 
[2019-07-03 17:40:17 456] --- 【【TV】】=> ws与服务器断开连接 
[2019-07-03 17:40:19 315] --- 【【TV】】=> 内容:ws报错 
[2019-07-03 17:40:19 315] --- 【【TV】】=> ws与服务器断开连接 
[2019-07-03 17:41:00 459] --- 【【TV】】=> 内容:ws报错 
[2019-07-03 17:41:00 459] --- 【【TV】】=> ws与服务器断开连接 
[2019-07-03 17:41:06 617] --- 【【TV】】=> 内容:ws报错 
[2019-07-03 17:41:06 618] --- 【【TV】】=> ws与服务器断开连接 
[2019-07-03 17:42:45 602] --- 【【TV】】=> 内容:ws报错 
[2019-07-03 17:42:45 602] --- 【【TV】】=> ws与服务器断开连接 
[2019-07-03 17:42:51 764] --- 【【TV】】=> 内容:ws报错 
[2019-07-03 17:42:51 764] --- 【【TV】】=> ws与服务器断开连接 
[2019-07-03 17:44:30 823] --- 【【TV】】=> 内容:ws报错 
[2019-07-03 17:44:30 823] --- 【【TV】】=> ws与服务器断开连接 
[2019-07-03 17:44:36 986] --- 【【TV】】=> 内容:ws报错 
[2019-07-03 17:44:36 986] --- 【【TV】】=> ws与服务器断开连接 
[2019-07-03 17:46:15 988] --- 【【TV】】=> 内容:ws报错 
[2019-07-03 17:46:15 988] --- 【【TV】】=> ws与服务器断开连接 
[2019-07-03 17:46:22 153] --- 【【TV】】=> 内容:ws报错 
[2019-07-03 17:46:22 153] --- 【【TV】】=> ws与服务器断开连接 
[2019-07-03 17:48:01 174] --- 【【TV】】=> 内容:ws报错 
[2019-07-03 17:48:01 174] --- 【【TV】】=> ws与服务器断开连接 
[2019-07-03 17:48:07 352] --- 【【TV】】=> 内容:ws报错 
[2019-07-03 17:48:07 352] --- 【【TV】】=> ws与服务器断开连接 
[2019-07-03 17:49:46 332] --- 【【TV】】=> 内容:ws报错 
[2019-07-03 17:49:46 332] --- 【【TV】】=> ws与服务器断开连接 
[2019-07-03 17:49:52 517] --- 【【TV】】=> 内容:ws报错 
[2019-07-03 17:49:52 517] --- 【【TV】】=> ws与服务器断开连接 
[2019-07-03 17:51:31 488] --- 【【TV】】=> 内容:ws报错 
[2019-07-03 17:51:31 488] --- 【【TV】】=> ws与服务器断开连接 
[2019-07-03 17:51:37 671] --- 【【TV】】=> 内容:ws报错 
[2019-07-03 17:51:37 672] --- 【【TV】】=> ws与服务器断开连接 
[2019-07-03 17:53:16 657] --- 【【TV】】=> 内容:ws报错 
[2019-07-03 17:53:16 657] --- 【【TV】】=> ws与服务器断开连接 
[2019-07-03 17:53:22 842] --- 【【TV】】=> 内容:ws报错 
[2019-07-03 17:53:22 842] --- 【【TV】】=> ws与服务器断开连接 
[2019-07-03 17:55:01 804] --- 【【TV】】=> 内容:ws报错 
[2019-07-03 17:55:01 804] --- 【【TV】】=> ws与服务器断开连接 
[2019-07-03 17:55:07 996] --- 【【TV】】=> 内容:ws报错 
[2019-07-03 17:55:07 996] --- 【【TV】】=> ws与服务器断开连接 
[2019-07-03 17:56:46 943] --- 【【TV】】=> 内容:ws报错 
[2019-07-03 17:56:46 944] --- 【【TV】】=> ws与服务器断开连接 
[2019-07-03 17:56:53 127] --- 【【TV】】=> 内容:ws报错 
[2019-07-03 17:56:53 127] --- 【【TV】】=> ws与服务器断开连接 
[2019-07-03 17:58:32 080] --- 【【TV】】=> 内容:ws报错 
[2019-07-03 17:58:32 080] --- 【【TV】】=> ws与服务器断开连接 
[2019-07-03 17:58:38 271] --- 【【TV】】=> 内容:ws报错 
[2019-07-03 17:58:38 272] --- 【【TV】】=> ws与服务器断开连接 
[2019-07-03 18:00:17 248] --- 【【TV】】=> 内容:ws报错 
[2019-07-03 18:00:17 248] --- 【【TV】】=> ws与服务器断开连接 
[2019-07-03 18:00:23 444] --- 【【TV】】=> 内容:ws报错 
[2019-07-03 18:00:23 445] --- 【【TV】】=> ws与服务器断开连接 
[2019-07-03 18:01:12 529] --- 【【TV】】=> 内容:ws报错 
[2019-07-03 18:01:12 529] --- 【【TV】】=> ws与服务器断开连接 
[2019-07-03 18:02:02 402] --- 【【TV】】=> 内容:ws报错 
[2019-07-03 18:02:02 402] --- 【【TV】】=> ws与服务器断开连接 
[2019-07-03 18:02:57 707] --- 【【TV】】=> 内容:ws报错 
[2019-07-03 18:02:57 707] --- 【【TV】】=> ws与服务器断开连接 
[2019-07-03 18:03:47 588] --- 【【TV】】=> 内容:ws报错 
[2019-07-03 18:03:47 588] --- 【【TV】】=> ws与服务器断开连接 
[2019-07-03 18:04:42 877] --- 【【TV】】=> 内容:ws报错 
[2019-07-03 18:04:42 877] --- 【【TV】】=> ws与服务器断开连接 
[2019-07-03 18:05:32 756] --- 【【TV】】=> 内容:ws报错 
[2019-07-03 18:05:32 757] --- 【【TV】】=> ws与服务器断开连接 
[2019-07-03 18:06:28 342] --- 【【TV】】=> 内容:ws报错 
[2019-07-03 18:06:28 342] --- 【【TV】】=> ws与服务器断开连接 
[2019-07-03 18:07:18 103] --- 【【TV】】=> 内容:ws报错 
[2019-07-03 18:07:18 103] --- 【【TV】】=> ws与服务器断开连接 
[2019-07-03 18:08:13 568] --- 【【TV】】=> 内容:ws报错 
[2019-07-03 18:08:13 568] --- 【【TV】】=> ws与服务器断开连接 
[2019-07-03 18:09:03 354] --- 【【TV】】=> 内容:ws报错 
[2019-07-03 18:09:03 355] --- 【【TV】】=> ws与服务器断开连接 
[2019-07-03 18:09:59 206] --- 【【TV】】=> 内容:ws报错 
[2019-07-03 18:09:59 206] --- 【【TV】】=> ws与服务器断开连接 
[2019-07-03 18:10:48 787] --- 【【TV】】=> 内容:ws报错 
[2019-07-03 18:10:48 787] --- 【【TV】】=> ws与服务器断开连接 
[2019-07-03 18:11:19 801] --- 【【TV】】=> 内容:ws报错 
[2019-07-03 18:11:19 801] --- 【【TV】】=> ws与服务器断开连接 
[2019-07-03 18:11:44 653] --- 【【TV】】=> 内容:ws报错 
[2019-07-03 18:11:44 653] --- 【【TV】】=> ws与服务器断开连接 
[2019-07-03 18:13:04 974] --- 【【TV】】=> 内容:ws报错 
[2019-07-03 18:13:04 974] --- 【【TV】】=> ws与服务器断开连接 
[2019-07-03 18:13:29 851] --- 【【TV】】=> 内容:ws报错 
[2019-07-03 18:13:29 852] --- 【【TV】】=> ws与服务器断开连接 
[2019-07-03 18:14:50 159] --- 【【TV】】=> 内容:ws报错 
[2019-07-03 18:14:50 160] --- 【【TV】】=> ws与服务器断开连接 
[2019-07-03 18:15:15 032] --- 【【TV】】=> 内容:ws报错 
[2019-07-03 18:15:15 032] --- 【【TV】】=> ws与服务器断开连接 
[2019-07-03 18:16:35 374] --- 【【TV】】=> 内容:ws报错 
[2019-07-03 18:16:35 374] --- 【【TV】】=> ws与服务器断开连接 
[2019-07-03 18:17:00 477] --- 【【TV】】=> 内容:ws报错 
[2019-07-03 18:17:00 477] --- 【【TV】】=> ws与服务器断开连接 
[2019-07-03 18:18:20 576] --- 【【TV】】=> 内容:ws报错 
[2019-07-03 18:18:20 577] --- 【【TV】】=> ws与服务器断开连接 
[2019-07-03 18:18:45 641] --- 【【TV】】=> 内容:ws报错 
[2019-07-03 18:18:45 641] --- 【【TV】】=> ws与服务器断开连接 
[2019-07-03 18:19:50 977] --- 【【TV】】=> 内容:ws报错 
[2019-07-03 18:19:50 978] --- 【【TV】】=> ws与服务器断开连接 
[2019-07-03 18:20:05 733] --- 【【TV】】=> 内容:ws报错 
[2019-07-03 18:20:05 733] --- 【【TV】】=> ws与服务器断开连接 
[2019-07-03 18:21:36 115] --- 【【TV】】=> 内容:ws报错 
[2019-07-03 18:21:36 116] --- 【【TV】】=> ws与服务器断开连接 
[2019-07-03 18:21:50 874] --- 【【TV】】=> 内容:ws报错 
[2019-07-03 18:21:50 875] --- 【【TV】】=> ws与服务器断开连接 
[2019-07-03 18:23:21 252] --- 【【TV】】=> 内容:ws报错 
[2019-07-03 18:23:21 252] --- 【【TV】】=> ws与服务器断开连接 
[2019-07-03 18:23:36 013] --- 【【TV】】=> 内容:ws报错 
[2019-07-03 18:23:36 013] --- 【【TV】】=> ws与服务器断开连接 
[2019-07-03 18:25:06 383] --- 【【TV】】=> 内容:ws报错 
[2019-07-03 18:25:06 383] --- 【【TV】】=> ws与服务器断开连接 
[2019-07-03 18:25:21 153] --- 【【TV】】=> 内容:ws报错 
[2019-07-03 18:25:21 154] --- 【【TV】】=> ws与服务器断开连接 
[2019-07-03 18:26:51 513] --- 【【TV】】=> 内容:ws报错 
[2019-07-03 18:26:51 513] --- 【【TV】】=> ws与服务器断开连接 
[2019-07-03 18:27:06 286] --- 【【TV】】=> 内容:ws报错 
[2019-07-03 18:27:06 287] --- 【【TV】】=> ws与服务器断开连接 
[2019-07-03 18:28:36 728] --- 【【TV】】=> 内容:ws报错 
[2019-07-03 18:28:36 728] --- 【【TV】】=> ws与服务器断开连接 
[2019-07-03 18:28:51 455] --- 【【TV】】=> 内容:ws报错 
[2019-07-03 18:28:51 455] --- 【【TV】】=> ws与服务器断开连接 
[2019-07-03 18:30:13 902] --- 【【TV】】=> 内容:ws报错 
[2019-07-03 18:30:13 903] --- 【【TV】】=> ws与服务器断开连接 
[2019-07-03 18:30:36 602] --- 【【TV】】=> 内容:ws报错 
[2019-07-03 18:30:36 602] --- 【【TV】】=> ws与服务器断开连接 
[2019-07-03 18:30:43 913] --- 【【TV】】=> 内容:ws报错 
[2019-07-03 18:30:43 913] --- 【【TV】】=> ws与服务器断开连接 
[2019-07-03 18:31:20 945] --- 【【TV】】=> 内容:ws报错 
[2019-07-03 18:31:20 945] --- 【【TV】】=> ws与服务器断开连接 
[2019-07-03 18:32:21 763] --- 【【TV】】=> 内容:ws报错 
[2019-07-03 18:32:21 763] --- 【【TV】】=> ws与服务器断开连接 
[2019-07-03 18:33:06 093] --- 【【TV】】=> 内容:ws报错 
[2019-07-03 18:33:06 094] --- 【【TV】】=> ws与服务器断开连接 
[2019-07-03 18:34:06 914] --- 【【TV】】=> 内容:ws报错 
[2019-07-03 18:34:06 914] --- 【【TV】】=> ws与服务器断开连接 
[2019-07-03 18:34:51 250] --- 【【TV】】=> 内容:ws报错 
[2019-07-03 18:34:51 250] --- 【【TV】】=> ws与服务器断开连接 
[2019-07-03 18:35:52 051] --- 【【TV】】=> 内容:ws报错 
[2019-07-03 18:35:52 051] --- 【【TV】】=> ws与服务器断开连接 
[2019-07-03 18:36:36 387] --- 【【TV】】=> 内容:ws报错 
[2019-07-03 18:36:36 387] --- 【【TV】】=> ws与服务器断开连接 
[2019-07-03 18:37:37 191] --- 【【TV】】=> 内容:ws报错 
[2019-07-03 18:37:37 191] --- 【【TV】】=> ws与服务器断开连接 
[2019-07-03 18:38:21 529] --- 【【TV】】=> 内容:ws报错 
[2019-07-03 18:38:21 529] --- 【【TV】】=> ws与服务器断开连接 
[2019-07-03 18:39:22 327] --- 【【TV】】=> 内容:ws报错 
[2019-07-03 18:39:22 327] --- 【【TV】】=> ws与服务器断开连接 
[2019-07-03 18:40:06 658] --- 【【TV】】=> 内容:ws报错 
[2019-07-03 18:40:06 658] --- 【【TV】】=> ws与服务器断开连接 
[2019-07-03 18:41:07 462] --- 【【TV】】=> 内容:ws报错 
[2019-07-03 18:41:07 462] --- 【【TV】】=> ws与服务器断开连接 
[2019-07-03 18:41:51 804] --- 【【TV】】=> 内容:ws报错 
[2019-07-03 18:41:51 804] --- 【【TV】】=> ws与服务器断开连接 
[2019-07-03 18:42:52 611] --- 【【TV】】=> 内容:ws报错 
[2019-07-03 18:42:52 612] --- 【【TV】】=> ws与服务器断开连接 
[2019-07-03 18:43:36 951] --- 【【TV】】=> 内容:ws报错 
[2019-07-03 18:43:36 951] --- 【【TV】】=> ws与服务器断开连接 
[2019-07-03 18:44:37 766] --- 【【TV】】=> 内容:ws报错 
[2019-07-03 18:44:37 766] --- 【【TV】】=> ws与服务器断开连接 
[2019-07-03 18:45:22 099] --- 【【TV】】=> 内容:ws报错 
[2019-07-03 18:45:22 099] --- 【【TV】】=> ws与服务器断开连接 
[2019-07-03 18:46:22 919] --- 【【TV】】=> 内容:ws报错 
[2019-07-03 18:46:22 919] --- 【【TV】】=> ws与服务器断开连接 
[2019-07-03 18:47:07 241] --- 【【TV】】=> 内容:ws报错 
[2019-07-03 18:47:07 241] --- 【【TV】】=> ws与服务器断开连接 
[2019-07-03 18:48:08 069] --- 【【TV】】=> 内容:ws报错 
[2019-07-03 18:48:08 069] --- 【【TV】】=> ws与服务器断开连接 
[2019-07-03 18:48:52 374] --- 【【TV】】=> 内容:ws报错 
[2019-07-03 18:48:52 374] --- 【【TV】】=> ws与服务器断开连接 
