[2019-07-02 10:28:55 102] --- 【【TV】】=> ws与服务器断开连接 
[2019-07-02 10:28:55 101] --- 【【TV】】=> 内容:ws报错 
[2019-07-02 10:30:11 740] --- 【【TV】】=> 内容:ws报错 
[2019-07-02 10:30:11 740] --- 【【TV】】=> ws与服务器断开连接 
[2019-07-02 10:31:28 408] --- 【【TV】】=> 内容:ws报错 
[2019-07-02 10:31:28 409] --- 【【TV】】=> ws与服务器断开连接 
[2019-07-02 10:32:45 075] --- 【【TV】】=> 内容:ws报错 
[2019-07-02 10:32:45 075] --- 【【TV】】=> ws与服务器断开连接 
[2019-07-02 10:33:21 706] --- 【【TV】】=> 内容:ws报错 
[2019-07-02 10:33:21 707] --- 【【TV】】=> ws与服务器断开连接 
[2019-07-02 10:33:23 310] --- 【【TV】】=> 内容:ws报错 
[2019-07-02 10:33:23 310] --- 【【TV】】=> ws与服务器断开连接 
[2019-07-02 10:33:24 857] --- 【【TV】】=> 内容:ws报错 
[2019-07-02 10:33:24 857] --- 【【TV】】=> ws与服务器断开连接 
[2019-07-02 10:33:26 434] --- 【【TV】】=> 内容:ws报错 
[2019-07-02 10:33:26 434] --- 【【TV】】=> ws与服务器断开连接 
[2019-07-02 10:34:43 068] --- 【【TV】】=> 内容:ws报错 
[2019-07-02 10:34:43 069] --- 【【TV】】=> ws与服务器断开连接 
[2019-07-02 10:35:59 705] --- 【【TV】】=> 内容:ws报错 
[2019-07-02 10:35:59 705] --- 【【TV】】=> ws与服务器断开连接 
[2019-07-02 10:37:16 520] --- 【【TV】】=> 内容:ws报错 
[2019-07-02 10:37:16 520] --- 【【TV】】=> ws与服务器断开连接 
[2019-07-02 10:39:01 776] --- 【【TV】】=> 内容:ws报错 
[2019-07-02 10:39:01 776] --- 【【TV】】=> ws与服务器断开连接 
[2019-07-02 10:40:46 931] --- 【【TV】】=> 内容:ws报错 
[2019-07-02 10:40:46 931] --- 【【TV】】=> ws与服务器断开连接 
[2019-07-02 10:42:32 095] --- 【【TV】】=> 内容:ws报错 
[2019-07-02 10:42:32 095] --- 【【TV】】=> ws与服务器断开连接 
[2019-07-02 10:43:37 283] --- 【【TV】】=> 内容:ws报错 
[2019-07-02 10:43:37 283] --- 【【TV】】=> ws与服务器断开连接 
[2019-07-02 10:45:22 435] --- 【【TV】】=> 内容:ws报错 
[2019-07-02 10:45:22 436] --- 【【TV】】=> ws与服务器断开连接 
[2019-07-02 10:47:07 648] --- 【【TV】】=> 内容:ws报错 
[2019-07-02 10:47:07 649] --- 【【TV】】=> ws与服务器断开连接 
[2019-07-02 10:48:52 819] --- 【【TV】】=> 内容:ws报错 
[2019-07-02 10:48:52 820] --- 【【TV】】=> ws与服务器断开连接 
[2019-07-02 10:50:37 989] --- 【【TV】】=> 内容:ws报错 
[2019-07-02 10:50:37 989] --- 【【TV】】=> ws与服务器断开连接 
[2019-07-02 10:52:23 169] --- 【【TV】】=> 内容:ws报错 
[2019-07-02 10:52:23 169] --- 【【TV】】=> ws与服务器断开连接 
[2019-07-02 10:54:08 327] --- 【【TV】】=> 内容:ws报错 
[2019-07-02 10:54:08 328] --- 【【TV】】=> ws与服务器断开连接 
[2019-07-02 10:55:53 466] --- 【【TV】】=> 内容:ws报错 
[2019-07-02 10:55:53 466] --- 【【TV】】=> ws与服务器断开连接 
[2019-07-02 10:57:38 617] --- 【【TV】】=> 内容:ws报错 
[2019-07-02 10:57:38 618] --- 【【TV】】=> ws与服务器断开连接 
[2019-07-02 10:59:23 818] --- 【【TV】】=> 内容:ws报错 
[2019-07-02 10:59:23 818] --- 【【TV】】=> ws与服务器断开连接 
[2019-07-02 11:01:08 983] --- 【【TV】】=> 内容:ws报错 
[2019-07-02 11:01:08 984] --- 【【TV】】=> ws与服务器断开连接 
[2019-07-02 11:02:54 198] --- 【【TV】】=> 内容:ws报错 
[2019-07-02 11:02:54 198] --- 【【TV】】=> ws与服务器断开连接 
[2019-07-02 11:03:35 321] --- 【【TV】】=> 内容:ws报错 
[2019-07-02 11:03:35 321] --- 【【TV】】=> ws与服务器断开连接 
[2019-07-02 11:05:20 473] --- 【【TV】】=> 内容:ws报错 
[2019-07-02 11:05:20 473] --- 【【TV】】=> ws与服务器断开连接 
[2019-07-02 11:07:05 641] --- 【【TV】】=> 内容:ws报错 
[2019-07-02 11:07:05 641] --- 【【TV】】=> ws与服务器断开连接 
[2019-07-02 11:08:50 818] --- 【【TV】】=> 内容:ws报错 
[2019-07-02 11:08:50 819] --- 【【TV】】=> ws与服务器断开连接 
[2019-07-02 11:10:36 459] --- 【【TV】】=> 内容:ws报错 
[2019-07-02 11:10:36 459] --- 【【TV】】=> ws与服务器断开连接 
[2019-07-02 11:12:21 776] --- 【【TV】】=> 内容:ws报错 
[2019-07-02 11:12:21 776] --- 【【TV】】=> ws与服务器断开连接 
[2019-07-02 11:14:07 032] --- 【【TV】】=> 内容:ws报错 
[2019-07-02 11:14:07 032] --- 【【TV】】=> ws与服务器断开连接 
[2019-07-02 11:15:52 343] --- 【【TV】】=> 内容:ws报错 
[2019-07-02 11:15:52 343] --- 【【TV】】=> ws与服务器断开连接 
[2019-07-02 11:17:38 808] --- 【【TV】】=> 内容:ws报错 
[2019-07-02 11:17:38 808] --- 【【TV】】=> ws与服务器断开连接 
[2019-07-02 11:19:23 944] --- 【【TV】】=> 内容:ws报错 
[2019-07-02 11:19:23 944] --- 【【TV】】=> ws与服务器断开连接 
[2019-07-02 11:21:09 210] --- 【【TV】】=> 内容:ws报错 
[2019-07-02 11:21:09 210] --- 【【TV】】=> ws与服务器断开连接 
[2019-07-02 11:22:54 652] --- 【【TV】】=> 内容:ws报错 
[2019-07-02 11:22:54 652] --- 【【TV】】=> ws与服务器断开连接 
[2019-07-02 11:23:43 778] --- 【【TV】】=> 内容:ws报错 
[2019-07-02 11:23:43 779] --- 【【TV】】=> ws与服务器断开连接 
[2019-07-02 11:26:28 084] --- 【【TV】】=> 内容:ws报错 
[2019-07-02 11:26:28 084] --- 【【TV】】=> ws与服务器断开连接 
[2019-07-02 11:27:44 826] --- 【【TV】】=> 内容:ws报错 
[2019-07-02 11:27:44 827] --- 【【TV】】=> ws与服务器断开连接 
[2019-07-02 11:29:01 554] --- 【【TV】】=> 内容:ws报错 
[2019-07-02 11:29:01 554] --- 【【TV】】=> ws与服务器断开连接 
[2019-07-02 11:30:18 263] --- 【【TV】】=> 内容:ws报错 
[2019-07-02 11:30:18 263] --- 【【TV】】=> ws与服务器断开连接 
[2019-07-02 11:31:34 995] --- 【【TV】】=> 内容:ws报错 
[2019-07-02 11:31:34 996] --- 【【TV】】=> ws与服务器断开连接 
[2019-07-02 11:32:51 735] --- 【【TV】】=> 内容:ws报错 
[2019-07-02 11:32:51 735] --- 【【TV】】=> ws与服务器断开连接 
[2019-07-02 11:34:08 477] --- 【【TV】】=> 内容:ws报错 
[2019-07-02 11:34:08 478] --- 【【TV】】=> ws与服务器断开连接 
[2019-07-02 11:35:25 212] --- 【【TV】】=> 内容:ws报错 
[2019-07-02 11:35:25 212] --- 【【TV】】=> ws与服务器断开连接 
[2019-07-02 11:36:41 920] --- 【【TV】】=> 内容:ws报错 
[2019-07-02 11:36:41 920] --- 【【TV】】=> ws与服务器断开连接 
[2019-07-02 11:37:58 623] --- 【【TV】】=> 内容:ws报错 
[2019-07-02 11:37:58 623] --- 【【TV】】=> ws与服务器断开连接 
[2019-07-02 11:39:15 347] --- 【【TV】】=> 内容:ws报错 
[2019-07-02 11:39:15 347] --- 【【TV】】=> ws与服务器断开连接 
[2019-07-02 11:41:00 551] --- 【【TV】】=> 内容:ws报错 
[2019-07-02 11:41:00 551] --- 【【TV】】=> ws与服务器断开连接 
[2019-07-02 11:42:45 737] --- 【【TV】】=> 内容:ws报错 
[2019-07-02 11:42:45 737] --- 【【TV】】=> ws与服务器断开连接 
[2019-07-02 11:43:50 846] --- 【【TV】】=> 内容:ws报错 
[2019-07-02 11:43:50 846] --- 【【TV】】=> ws与服务器断开连接 
[2019-07-02 11:45:36 054] --- 【【TV】】=> 内容:ws报错 
[2019-07-02 11:45:36 054] --- 【【TV】】=> ws与服务器断开连接 
[2019-07-02 11:47:21 266] --- 【【TV】】=> 内容:ws报错 
[2019-07-02 11:47:21 266] --- 【【TV】】=> ws与服务器断开连接 
[2019-07-02 11:49:06 478] --- 【【TV】】=> 内容:ws报错 
[2019-07-02 11:49:06 478] --- 【【TV】】=> ws与服务器断开连接 
[2019-07-02 11:50:51 705] --- 【【TV】】=> 内容:ws报错 
[2019-07-02 11:50:51 705] --- 【【TV】】=> ws与服务器断开连接 
[2019-07-02 11:52:36 974] --- 【【TV】】=> 内容:ws报错 
[2019-07-02 11:52:36 974] --- 【【TV】】=> ws与服务器断开连接 
[2019-07-02 11:54:22 179] --- 【【TV】】=> 内容:ws报错 
[2019-07-02 11:54:22 180] --- 【【TV】】=> ws与服务器断开连接 
[2019-07-02 11:54:52 268] --- 【【TV】】=> 内容:ws报错 
[2019-07-02 11:54:52 269] --- 【【TV】】=> ws与服务器断开连接 
[2019-07-02 11:55:41 364] --- 【【TV】】=> 内容:ws报错 
[2019-07-02 11:55:41 364] --- 【【TV】】=> ws与服务器断开连接 
[2019-07-02 11:57:26 573] --- 【【TV】】=> 内容:ws报错 
[2019-07-02 11:57:26 573] --- 【【TV】】=> ws与服务器断开连接 
[2019-07-02 11:59:11 794] --- 【【TV】】=> 内容:ws报错 
[2019-07-02 11:59:11 794] --- 【【TV】】=> ws与服务器断开连接 
[2019-07-02 12:00:56 986] --- 【【TV】】=> 内容:ws报错 
[2019-07-02 12:00:56 987] --- 【【TV】】=> ws与服务器断开连接 
[2019-07-02 13:43:48 182] --- 【【TV】】=> 内容:ws报错 
[2019-07-02 13:43:48 182] --- 【【TV】】=> ws与服务器断开连接 
[2019-07-02 13:45:33 464] --- 【【TV】】=> 内容:ws报错 
[2019-07-02 13:45:33 464] --- 【【TV】】=> ws与服务器断开连接 
[2019-07-02 13:47:18 627] --- 【【TV】】=> 内容:ws报错 
[2019-07-02 13:47:18 627] --- 【【TV】】=> ws与服务器断开连接 
[2019-07-02 13:49:03 861] --- 【【TV】】=> 内容:ws报错 
[2019-07-02 13:49:03 862] --- 【【TV】】=> ws与服务器断开连接 
[2019-07-02 13:50:49 083] --- 【【TV】】=> 内容:ws报错 
[2019-07-02 13:50:49 083] --- 【【TV】】=> ws与服务器断开连接 
[2019-07-02 13:52:34 308] --- 【【TV】】=> 内容:ws报错 
[2019-07-02 13:52:34 308] --- 【【TV】】=> ws与服务器断开连接 
[2019-07-02 13:54:19 556] --- 【【TV】】=> 内容:ws报错 
[2019-07-02 13:54:19 556] --- 【【TV】】=> ws与服务器断开连接 
[2019-07-02 13:56:04 783] --- 【【TV】】=> 内容:ws报错 
[2019-07-02 13:56:04 784] --- 【【TV】】=> ws与服务器断开连接 
[2019-07-02 13:57:50 020] --- 【【TV】】=> 内容:ws报错 
[2019-07-02 13:57:50 020] --- 【【TV】】=> ws与服务器断开连接 
[2019-07-02 13:59:35 237] --- 【【TV】】=> 内容:ws报错 
[2019-07-02 13:59:35 238] --- 【【TV】】=> ws与服务器断开连接 
[2019-07-02 14:00:24 332] --- 【【TV】】=> 内容:ws报错 
[2019-07-02 14:00:24 332] --- 【【TV】】=> ws与服务器断开连接 
[2019-07-02 14:02:09 554] --- 【【TV】】=> 内容:ws报错 
[2019-07-02 14:02:09 554] --- 【【TV】】=> ws与服务器断开连接 
[2019-07-02 14:03:54 749] --- 【【TV】】=> 内容:ws报错 
[2019-07-02 14:03:54 749] --- 【【TV】】=> ws与服务器断开连接 
[2019-07-02 14:05:39 947] --- 【【TV】】=> 内容:ws报错 
[2019-07-02 14:05:39 947] --- 【【TV】】=> ws与服务器断开连接 
[2019-07-02 14:07:25 164] --- 【【TV】】=> 内容:ws报错 
[2019-07-02 14:07:25 164] --- 【【TV】】=> ws与服务器断开连接 
[2019-07-02 14:09:10 356] --- 【【TV】】=> 内容:ws报错 
[2019-07-02 14:09:10 357] --- 【【TV】】=> ws与服务器断开连接 
[2019-07-02 14:10:55 550] --- 【【TV】】=> 内容:ws报错 
[2019-07-02 14:10:55 550] --- 【【TV】】=> ws与服务器断开连接 
[2019-07-02 14:12:40 758] --- 【【TV】】=> 内容:ws报错 
[2019-07-02 14:12:40 758] --- 【【TV】】=> ws与服务器断开连接 
[2019-07-02 14:13:11 773] --- 【【TV】】=> 内容:ws报错 
[2019-07-02 14:13:11 773] --- 【【TV】】=> ws与服务器断开连接 
[2019-07-02 14:14:57 006] --- 【【TV】】=> 内容:ws报错 
[2019-07-02 14:14:57 006] --- 【【TV】】=> ws与服务器断开连接 
[2019-07-02 14:16:42 217] --- 【【TV】】=> 内容:ws报错 
[2019-07-02 14:16:42 218] --- 【【TV】】=> ws与服务器断开连接 
[2019-07-02 14:17:12 224] --- 【【TV】】=> 内容:ws报错 
[2019-07-02 14:17:12 224] --- 【【TV】】=> ws与服务器断开连接 
[2019-07-02 14:18:57 440] --- 【【TV】】=> 内容:ws报错 
[2019-07-02 14:18:57 440] --- 【【TV】】=> ws与服务器断开连接 
[2019-07-02 14:20:42 663] --- 【【TV】】=> 内容:ws报错 
[2019-07-02 14:20:42 664] --- 【【TV】】=> ws与服务器断开连接 
[2019-07-02 14:22:27 884] --- 【【TV】】=> 内容:ws报错 
[2019-07-02 14:22:27 885] --- 【【TV】】=> ws与服务器断开连接 
[2019-07-02 14:24:13 085] --- 【【TV】】=> 内容:ws报错 
[2019-07-02 14:24:13 085] --- 【【TV】】=> ws与服务器断开连接 
[2019-07-02 14:25:58 282] --- 【【TV】】=> 内容:ws报错 
[2019-07-02 14:25:58 282] --- 【【TV】】=> ws与服务器断开连接 
[2019-07-02 14:27:43 488] --- 【【TV】】=> 内容:ws报错 
[2019-07-02 14:27:43 488] --- 【【TV】】=> ws与服务器断开连接 
[2019-07-02 14:29:28 688] --- 【【TV】】=> 内容:ws报错 
[2019-07-02 14:29:28 688] --- 【【TV】】=> ws与服务器断开连接 
[2019-07-02 14:31:13 899] --- 【【TV】】=> 内容:ws报错 
[2019-07-02 14:31:13 899] --- 【【TV】】=> ws与服务器断开连接 
[2019-07-02 14:32:59 117] --- 【【TV】】=> 内容:ws报错 
[2019-07-02 14:32:59 117] --- 【【TV】】=> ws与服务器断开连接 
[2019-07-02 14:34:44 313] --- 【【TV】】=> 内容:ws报错 
[2019-07-02 14:34:44 314] --- 【【TV】】=> ws与服务器断开连接 
[2019-07-02 14:36:29 517] --- 【【TV】】=> 内容:ws报错 
[2019-07-02 14:36:29 518] --- 【【TV】】=> ws与服务器断开连接 
[2019-07-02 14:38:14 713] --- 【【TV】】=> 内容:ws报错 
[2019-07-02 14:38:14 714] --- 【【TV】】=> ws与服务器断开连接 
[2019-07-02 14:39:59 913] --- 【【TV】】=> 内容:ws报错 
[2019-07-02 14:39:59 914] --- 【【TV】】=> ws与服务器断开连接 
[2019-07-02 14:41:45 124] --- 【【TV】】=> 内容:ws报错 
[2019-07-02 14:41:45 124] --- 【【TV】】=> ws与服务器断开连接 
[2019-07-02 14:43:30 319] --- 【【TV】】=> 内容:ws报错 
[2019-07-02 14:43:30 319] --- 【【TV】】=> ws与服务器断开连接 
[2019-07-02 14:45:15 524] --- 【【TV】】=> 内容:ws报错 
[2019-07-02 14:45:15 524] --- 【【TV】】=> ws与服务器断开连接 
[2019-07-02 14:47:00 736] --- 【【TV】】=> 内容:ws报错 
[2019-07-02 14:47:00 736] --- 【【TV】】=> ws与服务器断开连接 
[2019-07-02 14:49:46 270] --- 【【TV】】=> 内容:ws报错 
[2019-07-02 14:49:46 270] --- 【【TV】】=> ws与服务器断开连接 
[2019-07-02 14:51:02 999] --- 【【TV】】=> 内容:ws报错 
[2019-07-02 14:51:03 000] --- 【【TV】】=> ws与服务器断开连接 
[2019-07-02 14:52:19 723] --- 【【TV】】=> 内容:ws报错 
[2019-07-02 14:52:19 723] --- 【【TV】】=> ws与服务器断开连接 
[2019-07-02 14:53:36 457] --- 【【TV】】=> 内容:ws报错 
[2019-07-02 14:53:36 457] --- 【【TV】】=> ws与服务器断开连接 
[2019-07-02 14:54:53 192] --- 【【TV】】=> 内容:ws报错 
[2019-07-02 14:54:53 192] --- 【【TV】】=> ws与服务器断开连接 
[2019-07-02 14:56:09 900] --- 【【TV】】=> 内容:ws报错 
[2019-07-02 14:56:09 901] --- 【【TV】】=> ws与服务器断开连接 
[2019-07-02 14:57:26 625] --- 【【TV】】=> 内容:ws报错 
[2019-07-02 14:57:26 626] --- 【【TV】】=> ws与服务器断开连接 
[2019-07-02 14:58:03 424] --- 【【TV】】=> 内容:ws报错 
[2019-07-02 14:58:03 425] --- 【【TV】】=> ws与服务器断开连接 
[2019-07-02 14:58:05 008] --- 【【TV】】=> 内容:ws报错 
[2019-07-02 14:58:05 008] --- 【【TV】】=> ws与服务器断开连接 
[2019-07-02 14:58:06 625] --- 【【TV】】=> 内容:ws报错 
[2019-07-02 14:58:06 625] --- 【【TV】】=> ws与服务器断开连接 
[2019-07-02 14:58:08 159] --- 【【TV】】=> 内容:ws报错 
[2019-07-02 14:58:08 159] --- 【【TV】】=> ws与服务器断开连接 
[2019-07-02 14:59:53 386] --- 【【TV】】=> 内容:ws报错 
[2019-07-02 14:59:53 386] --- 【【TV】】=> ws与服务器断开连接 
[2019-07-02 15:01:38 617] --- 【【TV】】=> 内容:ws报错 
[2019-07-02 15:01:38 617] --- 【【TV】】=> ws与服务器断开连接 
[2019-07-02 15:03:23 845] --- 【【TV】】=> 内容:ws报错 
[2019-07-02 15:03:23 845] --- 【【TV】】=> ws与服务器断开连接 
[2019-07-02 15:05:09 068] --- 【【TV】】=> 内容:ws报错 
[2019-07-02 15:05:09 068] --- 【【TV】】=> ws与服务器断开连接 
[2019-07-02 15:06:54 271] --- 【【TV】】=> 内容:ws报错 
[2019-07-02 15:06:54 271] --- 【【TV】】=> ws与服务器断开连接 
[2019-07-02 15:08:21 176] --- 【【TV】】=> 内容:ws报错 
[2019-07-02 15:08:21 177] --- 【【TV】】=> ws与服务器断开连接 
[2019-07-02 15:09:38 079] --- 【【TV】】=> 内容:ws报错 
[2019-07-02 15:09:38 079] --- 【【TV】】=> ws与服务器断开连接 
[2019-07-02 15:10:54 791] --- 【【TV】】=> 内容:ws报错 
[2019-07-02 15:10:54 791] --- 【【TV】】=> ws与服务器断开连接 
[2019-07-02 15:11:31 402] --- 【【TV】】=> 内容:ws报错 
[2019-07-02 15:11:31 402] --- 【【TV】】=> ws与服务器断开连接 
[2019-07-02 15:11:32 944] --- 【【TV】】=> 内容:ws报错 
[2019-07-02 15:11:32 944] --- 【【TV】】=> ws与服务器断开连接 
[2019-07-02 15:12:49 786] --- 【【TV】】=> 内容:ws报错 
[2019-07-02 15:12:49 787] --- 【【TV】】=> ws与服务器断开连接 
[2019-07-02 15:12:58 673] --- 【厨房打印第一步】=> 【发起厨房打印】【自动打印 】 orderId：b8c09dade16c44b7890de41183dd515b,refund:0, 
[2019-07-02 15:13:08 914] --- 【厨房打印==>】=> 【小票打印厨打成功==>[Printer socket error] 响应超时】 订单ID：b8c09dade16c44b7890de41183dd515b,流水号:201907021512488820,『{"RESTAURANT_TEL":"15616141529","DISTRIBUTION_MODE":"堂吃","TABLE_NUMBER":null,"ORDER_NUMBER":"003","ORDER_ID":"201907021512488820","BARCODE":"1512488820","DATETIME":"2019-07-02 15:12:48","ORIGINAL_AMOUNT":10,"CUSTOMER_SATISFACTION":"☆☆☆☆☆","CUSTOMER_SATISFACTION_DEGREE":0,"CUSTOMER_PROPERTY":"-","MEMO":"-","PRINTERIP":"192.168.1.224","PRINTERPORT":"ETH","PRINTTEMPLATE":"/Users/chintec/Documents/node/resto-newpos/report/kitchen_ticket_barcode_not_user_info.xml"}』
【打印数据】:[{"ARTICLE_COUNT":1,"ARTICLE_NAME":"萝卜套餐"}] 
[2019-07-02 15:13:08 918] --- 【总单打印最终执行==>】=> 【打印总单成功==>Print commands sent to the printer [192.168.1.223:9100].】 订单ID：b8c09dade16c44b7890de41183dd515b,流水号:201907021512488820,totalType：1,refund:0,,
{"RESTAURANT_NAME":"今天不打烊111","RESTAURANT_ADDRESS":"浦东新区纳贤路","RESTAURANT_TEL":"15616141529","DISTRIBUTION_MODE":"堂吃","TABLE_NUMBER":"05213","CUSTOMER_COUNT":0,"ORDER_NUMBER":"003","ORDER_ID":"201907021512488820","BARCODE":"1512488820","DATETIME":"2019-07-02 15:12:48","ITEMS":[{"ARTICLE_NAME":"萝卜套餐","ARTICLE_COUNT":1,"ARTICLE_TOTAL":1,"SUBTOTAL":"10.00","TOTAL":10}],"ARTICLE_COUNT":1,"ORIGINAL_AMOUNT":"10.00","PAYMENT_AMOUNT":"10.00","REDUCTION_AMOUNT":"0.00","PAYMENT_ITEMS":[{"PAYMENT_MODE":"现金支付","SUBTOTAL":"10.00"}],"CUSTOMER_SATISFACTION":"☆☆☆☆☆","CUSTOMER_SATISFACTION_DEGREE":0,"CUSTOMER_PROPERTY":"-","MEMO":null,"WELCOME":"谢谢光临，欢迎再次惠顾","PRINTERIP":"192.168.1.223","PRINTERPORT":"ETH","PRINTTEMPLATE":"/Users/chintec/Documents/node/resto-newpos/report/restaurant_receipt_barcode_not_user_info.xml"} 
[2019-07-02 15:14:06 825] --- 【【TV】】=> 内容:ws报错 
[2019-07-02 15:14:06 825] --- 【【TV】】=> ws与服务器断开连接 
[2019-07-02 15:15:23 594] --- 【【TV】】=> 内容:ws报错 
[2019-07-02 15:15:23 595] --- 【【TV】】=> ws与服务器断开连接 
[2019-07-02 15:16:40 340] --- 【【TV】】=> 内容:ws报错 
[2019-07-02 15:16:40 340] --- 【【TV】】=> ws与服务器断开连接 
[2019-07-02 15:17:44 927] --- 【厨房打印第一步】=> 【发起厨房打印】【自动打印 】 orderId：830704c2a63c48c48ffde7b3534e8216,refund:0, 
[2019-07-02 15:17:55 099] --- 【厨房打印==>】=> 【小票打印厨打成功==>[Printer socket error] 响应超时】 订单ID：830704c2a63c48c48ffde7b3534e8216,流水号:201907021514203470,『{"RESTAURANT_TEL":"15616141529","DISTRIBUTION_MODE":"堂吃","TABLE_NUMBER":null,"ORDER_NUMBER":"004","ORDER_ID":"201907021514203470","BARCODE":"1514203470","DATETIME":"2019-07-02 15:14:20","ORIGINAL_AMOUNT":10,"CUSTOMER_SATISFACTION":"☆☆☆☆☆","CUSTOMER_SATISFACTION_DEGREE":0,"CUSTOMER_PROPERTY":"-","MEMO":"-","PRINTERIP":"192.168.1.224","PRINTERPORT":"ETH","PRINTTEMPLATE":"/Users/chintec/Documents/node/resto-newpos/report/kitchen_ticket_barcode_not_user_info.xml"}』
【打印数据】:[{"ARTICLE_COUNT":1,"ARTICLE_NAME":"青椒豆皮"}] 
[2019-07-02 15:17:55 102] --- 【总单打印最终执行==>】=> 【打印总单成功==>Print commands sent to the printer [192.168.1.223:9100].】 订单ID：830704c2a63c48c48ffde7b3534e8216,流水号:201907021514203470,totalType：1,refund:0,,
{"RESTAURANT_NAME":"今天不打烊111","RESTAURANT_ADDRESS":"浦东新区纳贤路","RESTAURANT_TEL":"15616141529","DISTRIBUTION_MODE":"堂吃","TABLE_NUMBER":"22416","CUSTOMER_COUNT":0,"ORDER_NUMBER":"004","ORDER_ID":"201907021514203470","BARCODE":"1514203470","DATETIME":"2019-07-02 15:14:20","ITEMS":[{"ARTICLE_NAME":"青椒豆皮","ARTICLE_COUNT":1,"ARTICLE_TOTAL":1,"SUBTOTAL":"10.00","TOTAL":10}],"ARTICLE_COUNT":1,"ORIGINAL_AMOUNT":"10.00","PAYMENT_AMOUNT":"0.01","REDUCTION_AMOUNT":"9.99","PAYMENT_ITEMS":[{"PAYMENT_MODE":"现金支付","SUBTOTAL":"0.01"}],"CUSTOMER_SATISFACTION":"☆☆☆☆☆","CUSTOMER_SATISFACTION_DEGREE":0,"CUSTOMER_PROPERTY":"-","MEMO":null,"WELCOME":"谢谢光临，欢迎再次惠顾","PRINTERIP":"192.168.1.223","PRINTERPORT":"ETH","PRINTTEMPLATE":"/Users/chintec/Documents/node/resto-newpos/report/restaurant_receipt_barcode_not_user_info.xml"} 
[2019-07-02 15:17:57 165] --- 【【TV】】=> 内容:ws报错 
[2019-07-02 15:17:57 165] --- 【【TV】】=> ws与服务器断开连接 
[2019-07-02 15:18:17 756] --- 【【TV】】=> 内容:ws报错 
[2019-07-02 15:18:17 756] --- 【【TV】】=> ws与服务器断开连接 
[2019-07-02 15:18:27 484] --- 【厨房打印第一步】=> 【发起厨房打印】【自动打印 】 orderId：295ed86b9c33408d86dfde569c680939,refund:0, 
[2019-07-02 15:18:37 592] --- 【厨房打印==>】=> 【小票打印厨打成功==>[Printer socket error] 响应超时】 订单ID：295ed86b9c33408d86dfde569c680939,流水号:201907021518245410,『{"RESTAURANT_TEL":"15616141529","DISTRIBUTION_MODE":"堂吃","TABLE_NUMBER":null,"ORDER_NUMBER":"005","ORDER_ID":"201907021518245410","BARCODE":"1518245410","DATETIME":"2019-07-02 15:18:24","ORIGINAL_AMOUNT":10,"CUSTOMER_SATISFACTION":"☆☆☆☆☆","CUSTOMER_SATISFACTION_DEGREE":0,"CUSTOMER_PROPERTY":"-","MEMO":"-","PRINTERIP":"192.168.1.224","PRINTERPORT":"ETH","PRINTTEMPLATE":"/Users/chintec/Documents/node/resto-newpos/report/kitchen_ticket_barcode_not_user_info.xml"}』
【打印数据】:[{"ARTICLE_COUNT":1,"ARTICLE_NAME":"青椒豆皮"}] 
[2019-07-02 15:18:37 597] --- 【总单打印最终执行==>】=> 【打印总单成功==>Print commands sent to the printer [192.168.1.223:9100].】 订单ID：295ed86b9c33408d86dfde569c680939,流水号:201907021518245410,totalType：1,refund:0,,
{"RESTAURANT_NAME":"今天不打烊111","RESTAURANT_ADDRESS":"浦东新区纳贤路","RESTAURANT_TEL":"15616141529","DISTRIBUTION_MODE":"堂吃","TABLE_NUMBER":"37691","CUSTOMER_COUNT":0,"ORDER_NUMBER":"005","ORDER_ID":"201907021518245410","BARCODE":"1518245410","DATETIME":"2019-07-02 15:18:24","ITEMS":[{"ARTICLE_NAME":"青椒豆皮","ARTICLE_COUNT":1,"ARTICLE_TOTAL":1,"SUBTOTAL":"10.00","TOTAL":10}],"ARTICLE_COUNT":1,"ORIGINAL_AMOUNT":"10.00","PAYMENT_AMOUNT":"0.01","REDUCTION_AMOUNT":"9.99","PAYMENT_ITEMS":[{"PAYMENT_MODE":"现金支付","SUBTOTAL":"0.01"}],"CUSTOMER_SATISFACTION":"☆☆☆☆☆","CUSTOMER_SATISFACTION_DEGREE":0,"CUSTOMER_PROPERTY":"-","MEMO":null,"WELCOME":"谢谢光临，欢迎再次惠顾","PRINTERIP":"192.168.1.223","PRINTERPORT":"ETH","PRINTTEMPLATE":"/Users/chintec/Documents/node/resto-newpos/report/restaurant_receipt_barcode_not_user_info.xml"} 
[2019-07-02 15:20:03 003] --- 【【TV】】=> 内容:ws报错 
[2019-07-02 15:20:03 003] --- 【【TV】】=> ws与服务器断开连接 
[2019-07-02 15:21:48 266] --- 【【TV】】=> 内容:ws报错 
[2019-07-02 15:21:48 266] --- 【【TV】】=> ws与服务器断开连接 
[2019-07-02 15:23:33 519] --- 【【TV】】=> 内容:ws报错 
[2019-07-02 15:23:33 519] --- 【【TV】】=> ws与服务器断开连接 
[2019-07-02 15:25:18 793] --- 【【TV】】=> 内容:ws报错 
[2019-07-02 15:25:18 793] --- 【【TV】】=> ws与服务器断开连接 
[2019-07-02 15:27:04 009] --- 【【TV】】=> 内容:ws报错 
[2019-07-02 15:27:04 009] --- 【【TV】】=> ws与服务器断开连接 
[2019-07-02 15:28:49 247] --- 【【TV】】=> 内容:ws报错 
[2019-07-02 15:28:49 247] --- 【【TV】】=> ws与服务器断开连接 
[2019-07-02 15:30:34 498] --- 【【TV】】=> 内容:ws报错 
[2019-07-02 15:30:34 498] --- 【【TV】】=> ws与服务器断开连接 
[2019-07-02 15:32:19 746] --- 【【TV】】=> 内容:ws报错 
[2019-07-02 15:32:19 747] --- 【【TV】】=> ws与服务器断开连接 
[2019-07-02 15:34:04 983] --- 【【TV】】=> 内容:ws报错 
[2019-07-02 15:34:04 984] --- 【【TV】】=> ws与服务器断开连接 
[2019-07-02 15:35:50 243] --- 【【TV】】=> 内容:ws报错 
[2019-07-02 15:35:50 244] --- 【【TV】】=> ws与服务器断开连接 
[2019-07-02 15:37:35 475] --- 【【TV】】=> 内容:ws报错 
[2019-07-02 15:37:35 476] --- 【【TV】】=> ws与服务器断开连接 
[2019-07-02 15:38:16 501] --- 【【TV】】=> 内容:ws报错 
[2019-07-02 15:38:16 501] --- 【【TV】】=> ws与服务器断开连接 
[2019-07-02 15:40:01 718] --- 【【TV】】=> 内容:ws报错 
[2019-07-02 15:40:01 719] --- 【【TV】】=> ws与服务器断开连接 
[2019-07-02 15:41:47 138] --- 【【TV】】=> 内容:ws报错 
[2019-07-02 15:41:47 138] --- 【【TV】】=> ws与服务器断开连接 
[2019-07-02 15:43:32 433] --- 【【TV】】=> 内容:ws报错 
[2019-07-02 15:43:32 433] --- 【【TV】】=> ws与服务器断开连接 
[2019-07-02 15:45:17 674] --- 【【TV】】=> 内容:ws报错 
[2019-07-02 15:45:17 675] --- 【【TV】】=> ws与服务器断开连接 
[2019-07-02 15:47:02 895] --- 【【TV】】=> 内容:ws报错 
[2019-07-02 15:47:02 895] --- 【【TV】】=> ws与服务器断开连接 
[2019-07-02 15:48:48 149] --- 【【TV】】=> 内容:ws报错 
[2019-07-02 15:48:48 149] --- 【【TV】】=> ws与服务器断开连接 
[2019-07-02 15:50:33 375] --- 【【TV】】=> 内容:ws报错 
[2019-07-02 15:50:33 375] --- 【【TV】】=> ws与服务器断开连接 
[2019-07-02 15:52:19 479] --- 【【TV】】=> 内容:ws报错 
[2019-07-02 15:52:19 479] --- 【【TV】】=> ws与服务器断开连接 
[2019-07-02 15:54:04 767] --- 【【TV】】=> 内容:ws报错 
[2019-07-02 15:54:04 767] --- 【【TV】】=> ws与服务器断开连接 
[2019-07-02 15:55:50 056] --- 【【TV】】=> 内容:ws报错 
[2019-07-02 15:55:50 056] --- 【【TV】】=> ws与服务器断开连接 
[2019-07-02 15:57:35 351] --- 【【TV】】=> 内容:ws报错 
[2019-07-02 15:57:35 351] --- 【【TV】】=> ws与服务器断开连接 
[2019-07-02 15:57:45 411] --- 【厨房打印第一步】=> 【发起厨房打印】【自动打印 】 orderId：9bd68e0ed2904c3f9019a1dd8a055922,refund:0, 
[2019-07-02 15:57:55 521] --- 【厨房打印==>】=> 【小票打印厨打成功==>[Printer socket error] 响应超时】 订单ID：9bd68e0ed2904c3f9019a1dd8a055922,流水号:201907021557348100,『{"RESTAURANT_TEL":"15616141529","DISTRIBUTION_MODE":"堂吃","TABLE_NUMBER":null,"ORDER_NUMBER":"006","ORDER_ID":"201907021557348100","BARCODE":"1557348100","DATETIME":"2019-07-02 15:57:34","ORIGINAL_AMOUNT":0.01,"CUSTOMER_SATISFACTION":"☆☆☆☆☆","CUSTOMER_SATISFACTION_DEGREE":0,"CUSTOMER_PROPERTY":"-","MEMO":"-","PRINTERIP":"192.168.1.224","PRINTERPORT":"ETH","PRINTTEMPLATE":"/Users/chintec/Documents/node/resto-newpos/report/kitchen_ticket_barcode_not_user_info.xml"}』
【打印数据】:[{"ARTICLE_COUNT":1,"ARTICLE_NAME":"萝卜酒"}] 
[2019-07-02 15:57:55 530] --- 【总单打印最终执行==>】=> 【打印总单成功==>Print commands sent to the printer [192.168.1.223:9100].】 订单ID：9bd68e0ed2904c3f9019a1dd8a055922,流水号:201907021557348100,totalType：1,refund:0,,
{"RESTAURANT_NAME":"今天不打烊111","RESTAURANT_ADDRESS":"浦东新区纳贤路","RESTAURANT_TEL":"15616141529","DISTRIBUTION_MODE":"堂吃","TABLE_NUMBER":"49424","CUSTOMER_COUNT":0,"ORDER_NUMBER":"006","ORDER_ID":"201907021557348100","BARCODE":"1557348100","DATETIME":"2019-07-02 15:57:34","ITEMS":[{"ARTICLE_NAME":"萝卜酒","ARTICLE_COUNT":1,"ARTICLE_TOTAL":1,"SUBTOTAL":"0.01","TOTAL":0.01}],"ARTICLE_COUNT":1,"ORIGINAL_AMOUNT":"0.01","PAYMENT_AMOUNT":"0.01","REDUCTION_AMOUNT":"0.00","PAYMENT_ITEMS":[{"PAYMENT_MODE":"现金支付","SUBTOTAL":"0.01"}],"CUSTOMER_SATISFACTION":"☆☆☆☆☆","CUSTOMER_SATISFACTION_DEGREE":0,"CUSTOMER_PROPERTY":"-","MEMO":null,"WELCOME":"谢谢光临，欢迎再次惠顾","PRINTERIP":"192.168.1.223","PRINTERPORT":"ETH","PRINTTEMPLATE":"/Users/chintec/Documents/node/resto-newpos/report/restaurant_receipt_barcode_not_user_info.xml"} 
[2019-07-02 15:58:24 517] --- 【【TV】】=> 内容:ws报错 
[2019-07-02 15:58:24 517] --- 【【TV】】=> ws与服务器断开连接 
[2019-07-02 15:59:54 848] --- 【厨房打印第一步】=> 【发起厨房打印】【自动打印 】 orderId：36144d1fb3ae45ec88dfedb8b7790353,refund:0, 
[2019-07-02 16:00:04 930] --- 【厨房打印==>】=> 【小票打印厨打成功==>[Printer socket error] 响应超时】 订单ID：36144d1fb3ae45ec88dfedb8b7790353,流水号:201907021559516620,『{"RESTAURANT_TEL":"15616141529","DISTRIBUTION_MODE":"堂吃","TABLE_NUMBER":null,"ORDER_NUMBER":"007","ORDER_ID":"201907021559516620","BARCODE":"1559516620","DATETIME":"2019-07-02 15:59:51","ORIGINAL_AMOUNT":10,"CUSTOMER_SATISFACTION":"☆☆☆☆☆","CUSTOMER_SATISFACTION_DEGREE":0,"CUSTOMER_PROPERTY":"-","MEMO":"-","PRINTERIP":"192.168.1.224","PRINTERPORT":"ETH","PRINTTEMPLATE":"/Users/chintec/Documents/node/resto-newpos/report/kitchen_ticket_barcode_not_user_info.xml"}』
【打印数据】:[{"ARTICLE_COUNT":1,"ARTICLE_NAME":"青椒豆皮"}] 
[2019-07-02 16:00:04 934] --- 【总单打印最终执行==>】=> 【打印总单成功==>Print commands sent to the printer [192.168.1.223:9100].】 订单ID：36144d1fb3ae45ec88dfedb8b7790353,流水号:201907021559516620,totalType：1,refund:0,,
{"RESTAURANT_NAME":"今天不打烊111","RESTAURANT_ADDRESS":"浦东新区纳贤路","RESTAURANT_TEL":"15616141529","DISTRIBUTION_MODE":"堂吃","TABLE_NUMBER":"20225","CUSTOMER_COUNT":0,"ORDER_NUMBER":"007","ORDER_ID":"201907021559516620","BARCODE":"1559516620","DATETIME":"2019-07-02 15:59:51","ITEMS":[{"ARTICLE_NAME":"青椒豆皮","ARTICLE_COUNT":1,"ARTICLE_TOTAL":1,"SUBTOTAL":"10.00","TOTAL":10}],"ARTICLE_COUNT":1,"ORIGINAL_AMOUNT":"10.00","PAYMENT_AMOUNT":"0.01","REDUCTION_AMOUNT":"9.99","PAYMENT_ITEMS":[{"PAYMENT_MODE":"现金支付","SUBTOTAL":"0.01"}],"CUSTOMER_SATISFACTION":"☆☆☆☆☆","CUSTOMER_SATISFACTION_DEGREE":0,"CUSTOMER_PROPERTY":"-","MEMO":null,"WELCOME":"谢谢光临，欢迎再次惠顾","PRINTERIP":"192.168.1.223","PRINTERPORT":"ETH","PRINTTEMPLATE":"/Users/chintec/Documents/node/resto-newpos/report/restaurant_receipt_barcode_not_user_info.xml"} 
[2019-07-02 16:00:09 795] --- 【【TV】】=> 内容:ws报错 
[2019-07-02 16:00:09 795] --- 【【TV】】=> ws与服务器断开连接 
[2019-07-02 16:01:55 120] --- 【【TV】】=> 内容:ws报错 
[2019-07-02 16:01:55 120] --- 【【TV】】=> ws与服务器断开连接 
[2019-07-02 16:02:05 624] --- 【厨房打印第一步】=> 【发起厨房打印】【自动打印 】 orderId：293849454a7747b5bea517c27a16a22f,refund:0, 
[2019-07-02 16:02:15 739] --- 【厨房打印==>】=> 【小票打印厨打成功==>[Printer socket error] 响应超时】 订单ID：293849454a7747b5bea517c27a16a22f,流水号:201907021602012130,『{"RESTAURANT_TEL":"15616141529","DISTRIBUTION_MODE":"堂吃","TABLE_NUMBER":null,"ORDER_NUMBER":"008","ORDER_ID":"201907021602012130","BARCODE":"1602012130","DATETIME":"2019-07-02 16:02:01","ORIGINAL_AMOUNT":18,"CUSTOMER_SATISFACTION":"☆☆☆☆☆","CUSTOMER_SATISFACTION_DEGREE":0,"CUSTOMER_PROPERTY":"-","MEMO":"-","PRINTERIP":"192.168.1.224","PRINTERPORT":"ETH","PRINTTEMPLATE":"/Users/chintec/Documents/node/resto-newpos/report/kitchen_ticket_barcode_not_user_info.xml"}』
【打印数据】:[{"ARTICLE_COUNT":1,"ARTICLE_NAME":"下午五折"}] 
[2019-07-02 16:02:15 741] --- 【总单打印最终执行==>】=> 【打印总单成功==>Print commands sent to the printer [192.168.1.223:9100].】 订单ID：293849454a7747b5bea517c27a16a22f,流水号:201907021602012130,totalType：1,refund:0,,
{"RESTAURANT_NAME":"今天不打烊111","RESTAURANT_ADDRESS":"浦东新区纳贤路","RESTAURANT_TEL":"15616141529","DISTRIBUTION_MODE":"堂吃","TABLE_NUMBER":"59017","CUSTOMER_COUNT":0,"ORDER_NUMBER":"008","ORDER_ID":"201907021602012130","BARCODE":"1602012130","DATETIME":"2019-07-02 16:02:01","ITEMS":[{"ARTICLE_NAME":"下午五折","ARTICLE_COUNT":1,"ARTICLE_TOTAL":1,"SUBTOTAL":"18.00","TOTAL":18}],"ARTICLE_COUNT":1,"ORIGINAL_AMOUNT":"18.00","PAYMENT_AMOUNT":"9.00","REDUCTION_AMOUNT":"9.00","PAYMENT_ITEMS":[{"PAYMENT_MODE":"现金支付","SUBTOTAL":"9.00"}],"CUSTOMER_SATISFACTION":"☆☆☆☆☆","CUSTOMER_SATISFACTION_DEGREE":0,"CUSTOMER_PROPERTY":"-","MEMO":null,"WELCOME":"谢谢光临，欢迎再次惠顾","PRINTERIP":"192.168.1.223","PRINTERPORT":"ETH","PRINTTEMPLATE":"/Users/chintec/Documents/node/resto-newpos/report/restaurant_receipt_barcode_not_user_info.xml"} 
[2019-07-02 16:03:40 452] --- 【【TV】】=> 内容:ws报错 
[2019-07-02 16:03:40 453] --- 【【TV】】=> ws与服务器断开连接 
[2019-07-02 16:05:25 756] --- 【【TV】】=> 内容:ws报错 
[2019-07-02 16:05:25 757] --- 【【TV】】=> ws与服务器断开连接 
[2019-07-02 16:07:10 992] --- 【【TV】】=> 内容:ws报错 
[2019-07-02 16:07:10 992] --- 【【TV】】=> ws与服务器断开连接 
[2019-07-02 16:08:12 086] --- 【厨房打印第一步】=> 【发起厨房打印】【自动打印 】 orderId：888beac232a7424390ea7574907e69c4,refund:0, 
[2019-07-02 16:08:22 200] --- 【厨房打印==>】=> 【小票打印厨打成功==>[Printer socket error] 响应超时】 订单ID：888beac232a7424390ea7574907e69c4,流水号:201907021608072160,『{"RESTAURANT_TEL":"15616141529","DISTRIBUTION_MODE":"堂吃","TABLE_NUMBER":null,"ORDER_NUMBER":"009","ORDER_ID":"201907021608072160","BARCODE":"1608072160","DATETIME":"2019-07-02 16:08:07","ORIGINAL_AMOUNT":1,"CUSTOMER_SATISFACTION":"☆☆☆☆☆","CUSTOMER_SATISFACTION_DEGREE":0,"CUSTOMER_PROPERTY":"-","MEMO":"-","PRINTERIP":"192.168.1.224","PRINTERPORT":"ETH","PRINTTEMPLATE":"/Users/chintec/Documents/node/resto-newpos/report/kitchen_ticket_barcode_not_user_info.xml"}』
【打印数据】:[{"ARTICLE_COUNT":1,"ARTICLE_NAME":"虚拟"}] 
[2019-07-02 16:08:22 202] --- 【总单打印最终执行==>】=> 【打印总单成功==>Print commands sent to the printer [192.168.1.223:9100].】 订单ID：888beac232a7424390ea7574907e69c4,流水号:201907021608072160,totalType：1,refund:0,,
{"RESTAURANT_NAME":"今天不打烊111","RESTAURANT_ADDRESS":"浦东新区纳贤路","RESTAURANT_TEL":"15616141529","DISTRIBUTION_MODE":"堂吃","TABLE_NUMBER":"06520","CUSTOMER_COUNT":0,"ORDER_NUMBER":"009","ORDER_ID":"201907021608072160","BARCODE":"1608072160","DATETIME":"2019-07-02 16:08:07","ITEMS":[{"ARTICLE_NAME":"虚拟","ARTICLE_COUNT":1,"ARTICLE_TOTAL":1,"SUBTOTAL":"1.00","TOTAL":1}],"ARTICLE_COUNT":1,"ORIGINAL_AMOUNT":"1.00","PAYMENT_AMOUNT":"1.00","REDUCTION_AMOUNT":"0.00","PAYMENT_ITEMS":[{"PAYMENT_MODE":"现金支付","SUBTOTAL":"1.00"}],"CUSTOMER_SATISFACTION":"☆☆☆☆☆","CUSTOMER_SATISFACTION_DEGREE":0,"CUSTOMER_PROPERTY":"-","MEMO":null,"WELCOME":"谢谢光临，欢迎再次惠顾","PRINTERIP":"192.168.1.223","PRINTERPORT":"ETH","PRINTTEMPLATE":"/Users/chintec/Documents/node/resto-newpos/report/restaurant_receipt_barcode_not_user_info.xml"} 
[2019-07-02 16:08:56 287] --- 【【TV】】=> 内容:ws报错 
[2019-07-02 16:08:56 287] --- 【【TV】】=> ws与服务器断开连接 
[2019-07-02 16:10:41 509] --- 【【TV】】=> 内容:ws报错 
[2019-07-02 16:10:41 509] --- 【【TV】】=> ws与服务器断开连接 
[2019-07-02 16:11:49 413] --- 【厨房打印第一步】=> 【发起厨房打印】【自动打印 】 orderId：aa1218cab7c64c24bc0187f7328ec3cb,refund:0, 
[2019-07-02 16:11:59 572] --- 【厨房打印==>】=> 【小票打印厨打成功==>[Printer socket error] 响应超时】 订单ID：aa1218cab7c64c24bc0187f7328ec3cb,流水号:201907021611465160,『{"RESTAURANT_TEL":"15616141529","DISTRIBUTION_MODE":"堂吃","TABLE_NUMBER":null,"ORDER_NUMBER":"010","ORDER_ID":"201907021611465160","BARCODE":"1611465160","DATETIME":"2019-07-02 16:11:46","ORIGINAL_AMOUNT":48,"CUSTOMER_SATISFACTION":"☆☆☆☆☆","CUSTOMER_SATISFACTION_DEGREE":0,"CUSTOMER_PROPERTY":"-","MEMO":"-","PRINTERIP":"192.168.1.224","PRINTERPORT":"ETH","PRINTTEMPLATE":"/Users/chintec/Documents/node/resto-newpos/report/kitchen_ticket_barcode_not_user_info.xml"}』
【打印数据】:[{"ARTICLE_COUNT":1,"ARTICLE_NAME":"基围虾"}] 
[2019-07-02 16:11:59 578] --- 【总单打印最终执行==>】=> 【打印总单成功==>Print commands sent to the printer [192.168.1.223:9100].】 订单ID：aa1218cab7c64c24bc0187f7328ec3cb,流水号:201907021611465160,totalType：1,refund:0,,
{"RESTAURANT_NAME":"今天不打烊111","RESTAURANT_ADDRESS":"浦东新区纳贤路","RESTAURANT_TEL":"15616141529","DISTRIBUTION_MODE":"堂吃","TABLE_NUMBER":"21283","CUSTOMER_COUNT":0,"ORDER_NUMBER":"010","ORDER_ID":"201907021611465160","BARCODE":"1611465160","DATETIME":"2019-07-02 16:11:46","ITEMS":[{"ARTICLE_NAME":"基围虾","ARTICLE_COUNT":1,"ARTICLE_TOTAL":1,"SUBTOTAL":"48.00","TOTAL":48}],"ARTICLE_COUNT":1,"ORIGINAL_AMOUNT":"48.00","PAYMENT_AMOUNT":"48.00","REDUCTION_AMOUNT":"0.00","PAYMENT_ITEMS":[{"PAYMENT_MODE":"现金支付","SUBTOTAL":"48.00"}],"CUSTOMER_SATISFACTION":"☆☆☆☆☆","CUSTOMER_SATISFACTION_DEGREE":0,"CUSTOMER_PROPERTY":"-","MEMO":null,"WELCOME":"谢谢光临，欢迎再次惠顾","PRINTERIP":"192.168.1.223","PRINTERPORT":"ETH","PRINTTEMPLATE":"/Users/chintec/Documents/node/resto-newpos/report/restaurant_receipt_barcode_not_user_info.xml"} 
[2019-07-02 16:12:26 816] --- 【【TV】】=> 内容:ws报错 
[2019-07-02 16:12:26 816] --- 【【TV】】=> ws与服务器断开连接 
[2019-07-02 16:12:52 067] --- 【厨房打印第一步】=> 【发起厨房打印】【自动打印 】 orderId：1fdd90215c1e468fb2e0f53f86893971,refund:0, 
[2019-07-02 16:13:02 163] --- 【厨房打印==>】=> 【小票打印厨打成功==>[Printer socket error] 响应超时】 订单ID：1fdd90215c1e468fb2e0f53f86893971,流水号:201907021612485670,『{"RESTAURANT_TEL":"15616141529","DISTRIBUTION_MODE":"堂吃","TABLE_NUMBER":null,"ORDER_NUMBER":"011","ORDER_ID":"201907021612485670","BARCODE":"1612485670","DATETIME":"2019-07-02 16:12:48","ORIGINAL_AMOUNT":1,"CUSTOMER_SATISFACTION":"☆☆☆☆☆","CUSTOMER_SATISFACTION_DEGREE":0,"CUSTOMER_PROPERTY":"-","MEMO":"-","PRINTERIP":"192.168.1.224","PRINTERPORT":"ETH","PRINTTEMPLATE":"/Users/chintec/Documents/node/resto-newpos/report/kitchen_ticket_barcode_not_user_info.xml"}』
【打印数据】:[{"ARTICLE_COUNT":1,"ARTICLE_NAME":"虚拟"}] 
[2019-07-02 16:13:02 165] --- 【总单打印最终执行==>】=> 【打印总单成功==>Print commands sent to the printer [192.168.1.223:9100].】 订单ID：1fdd90215c1e468fb2e0f53f86893971,流水号:201907021612485670,totalType：1,refund:0,,
{"RESTAURANT_NAME":"今天不打烊111","RESTAURANT_ADDRESS":"浦东新区纳贤路","RESTAURANT_TEL":"15616141529","DISTRIBUTION_MODE":"堂吃","TABLE_NUMBER":"30523","CUSTOMER_COUNT":0,"ORDER_NUMBER":"011","ORDER_ID":"201907021612485670","BARCODE":"1612485670","DATETIME":"2019-07-02 16:12:48","ITEMS":[{"ARTICLE_NAME":"虚拟","ARTICLE_COUNT":1,"ARTICLE_TOTAL":1,"SUBTOTAL":"1.00","TOTAL":1}],"ARTICLE_COUNT":1,"ORIGINAL_AMOUNT":"1.00","PAYMENT_AMOUNT":"1.00","REDUCTION_AMOUNT":"0.00","PAYMENT_ITEMS":[{"PAYMENT_MODE":"现金支付","SUBTOTAL":"1.00"}],"CUSTOMER_SATISFACTION":"☆☆☆☆☆","CUSTOMER_SATISFACTION_DEGREE":0,"CUSTOMER_PROPERTY":"-","MEMO":null,"WELCOME":"谢谢光临，欢迎再次惠顾","PRINTERIP":"192.168.1.223","PRINTERPORT":"ETH","PRINTTEMPLATE":"/Users/chintec/Documents/node/resto-newpos/report/restaurant_receipt_barcode_not_user_info.xml"} 
[2019-07-02 16:14:12 122] --- 【【TV】】=> 内容:ws报错 
[2019-07-02 16:14:12 122] --- 【【TV】】=> ws与服务器断开连接 
[2019-07-02 16:15:57 881] --- 【【TV】】=> 内容:ws报错 
[2019-07-02 16:15:57 881] --- 【【TV】】=> ws与服务器断开连接 
[2019-07-02 16:17:03 145] --- 【【TV】】=> 内容:ws报错 
[2019-07-02 16:17:03 145] --- 【【TV】】=> ws与服务器断开连接 
[2019-07-02 16:18:48 431] --- 【【TV】】=> 内容:ws报错 
[2019-07-02 16:18:48 431] --- 【【TV】】=> ws与服务器断开连接 
[2019-07-02 16:20:33 731] --- 【【TV】】=> 内容:ws报错 
[2019-07-02 16:20:33 732] --- 【【TV】】=> ws与服务器断开连接 
[2019-07-02 16:22:18 957] --- 【【TV】】=> 内容:ws报错 
[2019-07-02 16:22:18 958] --- 【【TV】】=> ws与服务器断开连接 
[2019-07-02 16:24:04 260] --- 【【TV】】=> 内容:ws报错 
[2019-07-02 16:24:04 260] --- 【【TV】】=> ws与服务器断开连接 
[2019-07-02 16:25:49 534] --- 【【TV】】=> 内容:ws报错 
[2019-07-02 16:25:49 534] --- 【【TV】】=> ws与服务器断开连接 
[2019-07-02 16:27:34 841] --- 【【TV】】=> 内容:ws报错 
[2019-07-02 16:27:34 841] --- 【【TV】】=> ws与服务器断开连接 
[2019-07-02 16:28:52 885] --- 【厨房打印第一步】=> 【发起厨房打印】【自动打印 】 orderId：2888d014d4b34be2ab6e152d8d0ded3c,refund:0, 
[2019-07-02 16:28:52 950] --- 【厨房打印==>】=> 【小票打印厨打成功==>Print commands sent to the printer [192.168.1.225:9100].】 订单ID：2888d014d4b34be2ab6e152d8d0ded3c,流水号:201907021628468000,『{"RESTAURANT_TEL":"15616141529","DISTRIBUTION_MODE":"堂吃","TABLE_NUMBER":null,"ORDER_NUMBER":"012","ORDER_ID":"201907021628468000","BARCODE":"1628468000","DATETIME":"2019-07-02 16:28:46","ORIGINAL_AMOUNT":10,"CUSTOMER_SATISFACTION":"☆☆☆☆☆","CUSTOMER_SATISFACTION_DEGREE":0,"CUSTOMER_PROPERTY":"-","MEMO":"-","PRINTERIP":"192.168.1.225","PRINTERPORT":"ETH","PRINTTEMPLATE":"/Users/chintec/Documents/node/resto-newpos/report/kitchen_ticket_barcode_not_user_info.xml"}』
【打印数据】:[{"ARTICLE_COUNT":1,"ARTICLE_NAME":"干煸四季豆"}] 
[2019-07-02 16:28:52 990] --- 【总单打印最终执行==>】=> 【打印总单成功==>Print commands sent to the printer [192.168.1.223:9100].】 订单ID：2888d014d4b34be2ab6e152d8d0ded3c,流水号:201907021628468000,totalType：1,refund:0,,
{"RESTAURANT_NAME":"今天不打烊111","RESTAURANT_ADDRESS":"浦东新区纳贤路","RESTAURANT_TEL":"15616141529","DISTRIBUTION_MODE":"堂吃","TABLE_NUMBER":"76359","CUSTOMER_COUNT":0,"ORDER_NUMBER":"012","ORDER_ID":"201907021628468000","BARCODE":"1628468000","DATETIME":"2019-07-02 16:28:46","ITEMS":[{"ARTICLE_NAME":"干煸四季豆","ARTICLE_COUNT":1,"ARTICLE_TOTAL":1,"SUBTOTAL":"10.00","TOTAL":10}],"ARTICLE_COUNT":1,"ORIGINAL_AMOUNT":"10.00","PAYMENT_AMOUNT":"10.00","REDUCTION_AMOUNT":"0.00","PAYMENT_ITEMS":[{"PAYMENT_MODE":"现金支付","SUBTOTAL":"10.00"}],"CUSTOMER_SATISFACTION":"☆☆☆☆☆","CUSTOMER_SATISFACTION_DEGREE":0,"CUSTOMER_PROPERTY":"-","MEMO":null,"WELCOME":"谢谢光临，欢迎再次惠顾","PRINTERIP":"192.168.1.223","PRINTERPORT":"ETH","PRINTTEMPLATE":"/Users/chintec/Documents/node/resto-newpos/report/restaurant_receipt_barcode_not_user_info.xml"} 
[2019-07-02 16:29:20 368] --- 【【TV】】=> 内容:ws报错 
[2019-07-02 16:29:20 368] --- 【【TV】】=> ws与服务器断开连接 
[2019-07-02 16:29:54 216] --- 【厨房打印第一步】=> 【发起厨房打印】【自动打印 】 orderId：258ade17c56048de845906b187b8eba9,refund:0, 
[2019-07-02 16:30:04 306] --- 【厨房打印==>】=> 【小票打印厨打成功==>[Printer socket error] 响应超时】 订单ID：258ade17c56048de845906b187b8eba9,流水号:201907021629454980,『{"RESTAURANT_TEL":"15616141529","DISTRIBUTION_MODE":"堂吃","TABLE_NUMBER":null,"ORDER_NUMBER":"014","ORDER_ID":"201907021629454980","BARCODE":"1629454980","DATETIME":"2019-07-02 16:29:45","ORIGINAL_AMOUNT":1,"CUSTOMER_SATISFACTION":"☆☆☆☆☆","CUSTOMER_SATISFACTION_DEGREE":0,"CUSTOMER_PROPERTY":"-","MEMO":"-","PRINTERIP":"192.168.1.224","PRINTERPORT":"ETH","PRINTTEMPLATE":"/Users/chintec/Documents/node/resto-newpos/report/kitchen_ticket_barcode_not_user_info.xml"}』
【打印数据】:[{"ARTICLE_COUNT":1,"ARTICLE_NAME":"虚拟"}] 
[2019-07-02 16:30:04 312] --- 【总单打印最终执行==>】=> 【打印总单成功==>Print commands sent to the printer [192.168.1.223:9100].】 订单ID：258ade17c56048de845906b187b8eba9,流水号:201907021629454980,totalType：1,refund:0,,
{"RESTAURANT_NAME":"今天不打烊111","RESTAURANT_ADDRESS":"浦东新区纳贤路","RESTAURANT_TEL":"15616141529","DISTRIBUTION_MODE":"堂吃","TABLE_NUMBER":"21411","CUSTOMER_COUNT":0,"ORDER_NUMBER":"014","ORDER_ID":"201907021629454980","BARCODE":"1629454980","DATETIME":"2019-07-02 16:29:45","ITEMS":[{"ARTICLE_NAME":"虚拟","ARTICLE_COUNT":1,"ARTICLE_TOTAL":1,"SUBTOTAL":"1.00","TOTAL":1}],"ARTICLE_COUNT":1,"ORIGINAL_AMOUNT":"1.00","PAYMENT_AMOUNT":"1.00","REDUCTION_AMOUNT":"0.00","PAYMENT_ITEMS":[{"PAYMENT_MODE":"现金支付","SUBTOTAL":"1.00"}],"CUSTOMER_SATISFACTION":"☆☆☆☆☆","CUSTOMER_SATISFACTION_DEGREE":0,"CUSTOMER_PROPERTY":"-","MEMO":null,"WELCOME":"谢谢光临，欢迎再次惠顾","PRINTERIP":"192.168.1.223","PRINTERPORT":"ETH","PRINTTEMPLATE":"/Users/chintec/Documents/node/resto-newpos/report/restaurant_receipt_barcode_not_user_info.xml"} 
[2019-07-02 16:30:38 727] --- 【厨房打印第一步】=> 【发起厨房打印】【自动打印 】 orderId：28bc6c5adb274ca58a6299f7e99e863d,refund:0, 
[2019-07-02 16:30:46 725] --- 【厨房打印第一步】=> 【发起厨房打印】【自动打印 】 orderId：4d52e154ca764f8282be2d0be8d37165,refund:0, 
[2019-07-02 16:30:48 796] --- 【厨房打印==>】=> 【小票打印厨打成功==>[Printer socket error] 响应超时】 订单ID：28bc6c5adb274ca58a6299f7e99e863d,流水号:201907021630359780,『{"RESTAURANT_TEL":"15616141529","DISTRIBUTION_MODE":"堂吃","TABLE_NUMBER":null,"ORDER_NUMBER":"015","ORDER_ID":"201907021630359780","BARCODE":"1630359780","DATETIME":"2019-07-02 16:30:35","ORIGINAL_AMOUNT":10,"CUSTOMER_SATISFACTION":"☆☆☆☆☆","CUSTOMER_SATISFACTION_DEGREE":0,"CUSTOMER_PROPERTY":"-","MEMO":"-","PRINTERIP":"192.168.1.224","PRINTERPORT":"ETH","PRINTTEMPLATE":"/Users/chintec/Documents/node/resto-newpos/report/kitchen_ticket_barcode_not_user_info.xml"}』
【打印数据】:[{"ARTICLE_COUNT":1,"ARTICLE_NAME":"青椒豆皮"}] 
[2019-07-02 16:30:48 836] --- 【总单打印最终执行==>】=> 【打印总单成功==>Print commands sent to the printer [192.168.1.223:9100].】 订单ID：28bc6c5adb274ca58a6299f7e99e863d,流水号:201907021630359780,totalType：1,refund:0,,
{"RESTAURANT_NAME":"今天不打烊111","RESTAURANT_ADDRESS":"浦东新区纳贤路","RESTAURANT_TEL":"15616141529","DISTRIBUTION_MODE":"堂吃","TABLE_NUMBER":"71065","CUSTOMER_COUNT":0,"ORDER_NUMBER":"015","ORDER_ID":"201907021630359780","BARCODE":"1630359780","DATETIME":"2019-07-02 16:30:35","ITEMS":[{"ARTICLE_NAME":"青椒豆皮","ARTICLE_COUNT":1,"ARTICLE_TOTAL":1,"SUBTOTAL":"10.00","TOTAL":10}],"ARTICLE_COUNT":1,"ORIGINAL_AMOUNT":"10.00","PAYMENT_AMOUNT":"0.01","REDUCTION_AMOUNT":"9.99","PAYMENT_ITEMS":[{"PAYMENT_MODE":"现金支付","SUBTOTAL":"0.01"}],"CUSTOMER_SATISFACTION":"☆☆☆☆☆","CUSTOMER_SATISFACTION_DEGREE":0,"CUSTOMER_PROPERTY":"-","MEMO":null,"WELCOME":"谢谢光临，欢迎再次惠顾","PRINTERIP":"192.168.1.223","PRINTERPORT":"ETH","PRINTTEMPLATE":"/Users/chintec/Documents/node/resto-newpos/report/restaurant_receipt_barcode_not_user_info.xml"} 
[2019-07-02 16:30:48 837] --- 【厨房打印==>】=> 【小票打印厨打成功==>[Printer socket error] Error: connect EHOSTDOWN 192.168.1.224:9100 - Local (192.168.1.113:65453)】 订单ID：4d52e154ca764f8282be2d0be8d37165,流水号:201907021630437310,『{"RESTAURANT_TEL":"15616141529","DISTRIBUTION_MODE":"堂吃","TABLE_NUMBER":null,"ORDER_NUMBER":"016","ORDER_ID":"201907021630437310","BARCODE":"1630437310","DATETIME":"2019-07-02 16:30:43","ORIGINAL_AMOUNT":48,"CUSTOMER_SATISFACTION":"☆☆☆☆☆","CUSTOMER_SATISFACTION_DEGREE":0,"CUSTOMER_PROPERTY":"-","MEMO":"-","PRINTERIP":"192.168.1.224","PRINTERPORT":"ETH","PRINTTEMPLATE":"/Users/chintec/Documents/node/resto-newpos/report/kitchen_ticket_barcode_not_user_info.xml"}』
【打印数据】:[{"ARTICLE_COUNT":1,"ARTICLE_NAME":"基围虾"}] 
[2019-07-02 16:30:48 839] --- 【总单打印最终执行==>】=> 【打印总单成功==>Print commands sent to the printer [192.168.1.223:9100].】 订单ID：4d52e154ca764f8282be2d0be8d37165,流水号:201907021630437310,totalType：1,refund:0,,
{"RESTAURANT_NAME":"今天不打烊111","RESTAURANT_ADDRESS":"浦东新区纳贤路","RESTAURANT_TEL":"15616141529","DISTRIBUTION_MODE":"堂吃","TABLE_NUMBER":"52636","CUSTOMER_COUNT":0,"ORDER_NUMBER":"016","ORDER_ID":"201907021630437310","BARCODE":"1630437310","DATETIME":"2019-07-02 16:30:43","ITEMS":[{"ARTICLE_NAME":"基围虾","ARTICLE_COUNT":1,"ARTICLE_TOTAL":1,"SUBTOTAL":"48.00","TOTAL":48}],"ARTICLE_COUNT":1,"ORIGINAL_AMOUNT":"48.00","PAYMENT_AMOUNT":"48.00","REDUCTION_AMOUNT":"0.00","PAYMENT_ITEMS":[{"PAYMENT_MODE":"现金支付","SUBTOTAL":"48.00"}],"CUSTOMER_SATISFACTION":"☆☆☆☆☆","CUSTOMER_SATISFACTION_DEGREE":0,"CUSTOMER_PROPERTY":"-","MEMO":null,"WELCOME":"谢谢光临，欢迎再次惠顾","PRINTERIP":"192.168.1.223","PRINTERPORT":"ETH","PRINTTEMPLATE":"/Users/chintec/Documents/node/resto-newpos/report/restaurant_receipt_barcode_not_user_info.xml"} 
[2019-07-02 16:31:05 912] --- 【【TV】】=> 内容:ws报错 
[2019-07-02 16:31:05 913] --- 【【TV】】=> ws与服务器断开连接 
[2019-07-02 16:32:51 160] --- 【【TV】】=> 内容:ws报错 
[2019-07-02 16:32:51 161] --- 【【TV】】=> ws与服务器断开连接 
[2019-07-02 16:34:36 383] --- 【【TV】】=> 内容:ws报错 
[2019-07-02 16:34:36 383] --- 【【TV】】=> ws与服务器断开连接 
[2019-07-02 16:36:21 671] --- 【【TV】】=> 内容:ws报错 
[2019-07-02 16:36:21 671] --- 【【TV】】=> ws与服务器断开连接 
[2019-07-02 16:38:07 245] --- 【【TV】】=> 内容:ws报错 
[2019-07-02 16:38:07 245] --- 【【TV】】=> ws与服务器断开连接 
[2019-07-02 16:38:48 603] --- 【厨房打印第一步】=> 【发起厨房打印】【自动打印 】 orderId：8aed4a742f7c42fda53fd8d531c9a107,refund:0, 
[2019-07-02 16:38:58 718] --- 【厨房打印==>】=> 【小票打印厨打成功==>[Printer socket error] 响应超时】 订单ID：8aed4a742f7c42fda53fd8d531c9a107,流水号:201907021638453930,『{"RESTAURANT_TEL":"15616141529","DISTRIBUTION_MODE":"外带","TABLE_NUMBER":null,"ORDER_NUMBER":"017","ORDER_ID":"201907021638453930","BARCODE":"1638453930","DATETIME":"2019-07-02 16:38:45","ORIGINAL_AMOUNT":1,"CUSTOMER_SATISFACTION":"☆☆☆☆☆","CUSTOMER_SATISFACTION_DEGREE":0,"CUSTOMER_PROPERTY":"-","MEMO":"-","PRINTERIP":"192.168.1.224","PRINTERPORT":"ETH","PRINTTEMPLATE":"/Users/chintec/Documents/node/resto-newpos/report/kitchen_ticket_barcode_not_user_info.xml"}』
【打印数据】:[{"ARTICLE_COUNT":1,"ARTICLE_NAME":"虚拟"}] 
[2019-07-02 16:38:58 721] --- 【总单打印最终执行==>】=> 【打印总单成功==>Print commands sent to the printer [192.168.1.223:9100].】 订单ID：8aed4a742f7c42fda53fd8d531c9a107,流水号:201907021638453930,totalType：1,refund:0,,
{"RESTAURANT_NAME":"今天不打烊111","RESTAURANT_ADDRESS":"浦东新区纳贤路","RESTAURANT_TEL":"15616141529","DISTRIBUTION_MODE":"外带","TABLE_NUMBER":"80249","CUSTOMER_COUNT":0,"ORDER_NUMBER":"017","ORDER_ID":"201907021638453930","BARCODE":"1638453930","DATETIME":"2019-07-02 16:38:45","ITEMS":[{"ARTICLE_NAME":"虚拟","ARTICLE_COUNT":1,"ARTICLE_TOTAL":1,"SUBTOTAL":"1.00","TOTAL":1},{"ARTICLE_NAME":"餐盒费","ARTICLE_COUNT":0,"ARTICLE_TOTAL":0,"SUBTOTAL":"0.00","TOTAL":0}],"ARTICLE_COUNT":1,"ORIGINAL_AMOUNT":"1.00","PAYMENT_AMOUNT":"1.00","REDUCTION_AMOUNT":"0.00","PAYMENT_ITEMS":[{"PAYMENT_MODE":"现金支付","SUBTOTAL":"1.00"}],"CUSTOMER_SATISFACTION":"☆☆☆☆☆","CUSTOMER_SATISFACTION_DEGREE":0,"CUSTOMER_PROPERTY":"-","MEMO":null,"WELCOME":"谢谢光临，欢迎再次惠顾","PRINTERIP":"192.168.1.223","PRINTERPORT":"ETH","PRINTTEMPLATE":"/Users/chintec/Documents/node/resto-newpos/report/restaurant_receipt_barcode_not_user_info.xml"} 
[2019-07-02 16:39:52 527] --- 【【TV】】=> 内容:ws报错 
[2019-07-02 16:39:52 528] --- 【【TV】】=> ws与服务器断开连接 
[2019-07-02 16:41:37 769] --- 【【TV】】=> 内容:ws报错 
[2019-07-02 16:41:37 769] --- 【【TV】】=> ws与服务器断开连接 
[2019-07-02 16:43:23 056] --- 【【TV】】=> 内容:ws报错 
[2019-07-02 16:43:23 057] --- 【【TV】】=> ws与服务器断开连接 
[2019-07-02 16:45:08 288] --- 【【TV】】=> 内容:ws报错 
[2019-07-02 16:45:08 288] --- 【【TV】】=> ws与服务器断开连接 
[2019-07-02 16:46:53 506] --- 【【TV】】=> ws与服务器断开连接 
[2019-07-02 16:46:53 505] --- 【【TV】】=> 内容:ws报错 
[2019-07-02 16:48:38 739] --- 【【TV】】=> 内容:ws报错 
[2019-07-02 16:48:38 739] --- 【【TV】】=> ws与服务器断开连接 
[2019-07-02 16:50:23 961] --- 【【TV】】=> 内容:ws报错 
[2019-07-02 16:50:23 961] --- 【【TV】】=> ws与服务器断开连接 
[2019-07-02 16:52:09 186] --- 【【TV】】=> 内容:ws报错 
[2019-07-02 16:52:09 186] --- 【【TV】】=> ws与服务器断开连接 
[2019-07-02 16:53:54 415] --- 【【TV】】=> 内容:ws报错 
[2019-07-02 16:53:54 415] --- 【【TV】】=> ws与服务器断开连接 
[2019-07-02 16:55:39 623] --- 【【TV】】=> 内容:ws报错 
[2019-07-02 16:55:39 623] --- 【【TV】】=> ws与服务器断开连接 
[2019-07-02 16:57:24 849] --- 【【TV】】=> 内容:ws报错 
[2019-07-02 16:57:24 851] --- 【【TV】】=> ws与服务器断开连接 
[2019-07-02 16:59:10 083] --- 【【TV】】=> 内容:ws报错 
[2019-07-02 16:59:10 083] --- 【【TV】】=> ws与服务器断开连接 
[2019-07-02 17:00:55 307] --- 【【TV】】=> 内容:ws报错 
[2019-07-02 17:00:55 307] --- 【【TV】】=> ws与服务器断开连接 
[2019-07-02 17:02:40 527] --- 【【TV】】=> 内容:ws报错 
[2019-07-02 17:02:40 527] --- 【【TV】】=> ws与服务器断开连接 
[2019-07-02 17:04:25 744] --- 【【TV】】=> 内容:ws报错 
[2019-07-02 17:04:25 744] --- 【【TV】】=> ws与服务器断开连接 
[2019-07-02 17:06:10 953] --- 【【TV】】=> 内容:ws报错 
[2019-07-02 17:06:10 953] --- 【【TV】】=> ws与服务器断开连接 
[2019-07-02 17:07:56 185] --- 【【TV】】=> 内容:ws报错 
[2019-07-02 17:07:56 185] --- 【【TV】】=> ws与服务器断开连接 
[2019-07-02 17:09:41 441] --- 【【TV】】=> 内容:ws报错 
[2019-07-02 17:09:41 441] --- 【【TV】】=> ws与服务器断开连接 
[2019-07-02 17:11:26 641] --- 【【TV】】=> 内容:ws报错 
[2019-07-02 17:11:26 641] --- 【【TV】】=> ws与服务器断开连接 
[2019-07-02 17:13:11 847] --- 【【TV】】=> 内容:ws报错 
[2019-07-02 17:13:11 847] --- 【【TV】】=> ws与服务器断开连接 
[2019-07-02 17:14:57 807] --- 【【TV】】=> 内容:ws报错 
[2019-07-02 17:14:57 807] --- 【【TV】】=> ws与服务器断开连接 
[2019-07-02 17:16:43 580] --- 【【TV】】=> 内容:ws报错 
[2019-07-02 17:16:43 580] --- 【【TV】】=> ws与服务器断开连接 
[2019-07-02 17:17:32 694] --- 【【TV】】=> 内容:ws报错 
[2019-07-02 17:17:32 694] --- 【【TV】】=> ws与服务器断开连接 
[2019-07-02 17:19:17 898] --- 【【TV】】=> 内容:ws报错 
[2019-07-02 17:19:17 898] --- 【【TV】】=> ws与服务器断开连接 
[2019-07-02 17:21:03 124] --- 【【TV】】=> 内容:ws报错 
[2019-07-02 17:21:03 124] --- 【【TV】】=> ws与服务器断开连接 
[2019-07-02 17:22:48 320] --- 【【TV】】=> 内容:ws报错 
[2019-07-02 17:22:48 320] --- 【【TV】】=> ws与服务器断开连接 
[2019-07-02 17:24:33 646] --- 【【TV】】=> 内容:ws报错 
[2019-07-02 17:24:33 646] --- 【【TV】】=> ws与服务器断开连接 
[2019-07-02 17:26:18 914] --- 【【TV】】=> 内容:ws报错 
[2019-07-02 17:26:18 915] --- 【【TV】】=> ws与服务器断开连接 
[2019-07-02 17:28:04 155] --- 【【TV】】=> 内容:ws报错 
[2019-07-02 17:28:04 155] --- 【【TV】】=> ws与服务器断开连接 
[2019-07-02 17:29:49 398] --- 【【TV】】=> 内容:ws报错 
[2019-07-02 17:29:49 398] --- 【【TV】】=> ws与服务器断开连接 
[2019-07-02 17:31:34 763] --- 【【TV】】=> 内容:ws报错 
[2019-07-02 17:31:34 763] --- 【【TV】】=> ws与服务器断开连接 
[2019-07-02 17:33:19 924] --- 【【TV】】=> 内容:ws报错 
[2019-07-02 17:33:19 924] --- 【【TV】】=> ws与服务器断开连接 
[2019-07-02 17:35:05 093] --- 【【TV】】=> 内容:ws报错 
[2019-07-02 17:35:05 093] --- 【【TV】】=> ws与服务器断开连接 
[2019-07-02 17:36:50 296] --- 【【TV】】=> 内容:ws报错 
[2019-07-02 17:36:50 297] --- 【【TV】】=> ws与服务器断开连接 
[2019-07-02 17:38:35 439] --- 【【TV】】=> 内容:ws报错 
[2019-07-02 17:38:35 440] --- 【【TV】】=> ws与服务器断开连接 
[2019-07-02 17:40:20 636] --- 【【TV】】=> 内容:ws报错 
[2019-07-02 17:40:20 636] --- 【【TV】】=> ws与服务器断开连接 
[2019-07-02 17:42:05 844] --- 【【TV】】=> 内容:ws报错 
[2019-07-02 17:42:05 844] --- 【【TV】】=> ws与服务器断开连接 
[2019-07-02 17:43:51 061] --- 【【TV】】=> 内容:ws报错 
[2019-07-02 17:43:51 061] --- 【【TV】】=> ws与服务器断开连接 
[2019-07-02 17:45:36 269] --- 【【TV】】=> 内容:ws报错 
[2019-07-02 17:45:36 269] --- 【【TV】】=> ws与服务器断开连接 
[2019-07-02 17:47:13 688] --- 【【TV】】=> 内容:ws报错 
[2019-07-02 17:47:13 689] --- 【【TV】】=> ws与服务器断开连接 
[2019-07-02 17:47:43 732] --- 【【TV】】=> 内容:ws报错 
[2019-07-02 17:47:43 732] --- 【【TV】】=> ws与服务器断开连接 
[2019-07-02 17:48:13 746] --- 【【TV】】=> 内容:ws报错 
[2019-07-02 17:48:13 746] --- 【【TV】】=> ws与服务器断开连接 
[2019-07-02 17:48:43 791] --- 【【TV】】=> 内容:ws报错 
[2019-07-02 17:48:43 791] --- 【【TV】】=> ws与服务器断开连接 
[2019-07-02 17:50:29 092] --- 【【TV】】=> 内容:ws报错 
[2019-07-02 17:50:29 092] --- 【【TV】】=> ws与服务器断开连接 
[2019-07-02 17:52:14 316] --- 【【TV】】=> 内容:ws报错 
[2019-07-02 17:52:14 316] --- 【【TV】】=> ws与服务器断开连接 
[2019-07-02 17:53:59 528] --- 【【TV】】=> 内容:ws报错 
[2019-07-02 17:53:59 528] --- 【【TV】】=> ws与服务器断开连接 
[2019-07-02 17:55:44 728] --- 【【TV】】=> 内容:ws报错 
[2019-07-02 17:55:44 728] --- 【【TV】】=> ws与服务器断开连接 
[2019-07-02 17:57:29 944] --- 【【TV】】=> 内容:ws报错 
[2019-07-02 17:57:29 944] --- 【【TV】】=> ws与服务器断开连接 
[2019-07-02 17:59:15 147] --- 【【TV】】=> 内容:ws报错 
[2019-07-02 17:59:15 147] --- 【【TV】】=> ws与服务器断开连接 
[2019-07-02 18:01:00 365] --- 【【TV】】=> 内容:ws报错 
[2019-07-02 18:01:00 365] --- 【【TV】】=> ws与服务器断开连接 
[2019-07-02 18:02:45 586] --- 【【TV】】=> 内容:ws报错 
[2019-07-02 18:02:45 586] --- 【【TV】】=> ws与服务器断开连接 
[2019-07-02 18:03:26 630] --- 【【TV】】=> 内容:ws报错 
[2019-07-02 18:03:26 630] --- 【【TV】】=> ws与服务器断开连接 
[2019-07-02 18:03:56 654] --- 【【TV】】=> 内容:ws报错 
[2019-07-02 18:03:56 654] --- 【【TV】】=> ws与服务器断开连接 
[2019-07-02 18:05:41 870] --- 【【TV】】=> 内容:ws报错 
[2019-07-02 18:05:41 870] --- 【【TV】】=> ws与服务器断开连接 
[2019-07-02 18:06:31 026] --- 【【TV】】=> 内容:ws报错 
[2019-07-02 18:06:31 026] --- 【【TV】】=> ws与服务器断开连接 
[2019-07-02 18:08:16 233] --- 【【TV】】=> 内容:ws报错 
[2019-07-02 18:08:16 233] --- 【【TV】】=> ws与服务器断开连接 
[2019-07-02 18:10:01 429] --- 【【TV】】=> 内容:ws报错 
[2019-07-02 18:10:01 429] --- 【【TV】】=> ws与服务器断开连接 
[2019-07-02 18:11:46 630] --- 【【TV】】=> 内容:ws报错 
[2019-07-02 18:11:46 630] --- 【【TV】】=> ws与服务器断开连接 
[2019-07-02 18:13:31 841] --- 【【TV】】=> 内容:ws报错 
[2019-07-02 18:13:31 842] --- 【【TV】】=> ws与服务器断开连接 
[2019-07-02 18:15:17 046] --- 【【TV】】=> 内容:ws报错 
[2019-07-02 18:15:17 046] --- 【【TV】】=> ws与服务器断开连接 
[2019-07-02 18:17:02 266] --- 【【TV】】=> 内容:ws报错 
[2019-07-02 18:17:02 267] --- 【【TV】】=> ws与服务器断开连接 
[2019-07-02 18:17:37 300] --- 【【TV】】=> 内容:ws报错 
[2019-07-02 18:17:37 300] --- 【【TV】】=> ws与服务器断开连接 
[2019-07-02 18:19:22 489] --- 【【TV】】=> 内容:ws报错 
[2019-07-02 18:19:22 490] --- 【【TV】】=> ws与服务器断开连接 
[2019-07-02 18:21:07 694] --- 【【TV】】=> 内容:ws报错 
[2019-07-02 18:21:07 694] --- 【【TV】】=> ws与服务器断开连接 
[2019-07-02 18:22:52 976] --- 【【TV】】=> 内容:ws报错 
[2019-07-02 18:22:52 976] --- 【【TV】】=> ws与服务器断开连接 
[2019-07-02 18:24:38 200] --- 【【TV】】=> 内容:ws报错 
[2019-07-02 18:24:38 200] --- 【【TV】】=> ws与服务器断开连接 
[2019-07-02 18:25:15 229] --- 【【TV】】=> 内容:ws报错 
[2019-07-02 18:25:15 229] --- 【【TV】】=> ws与服务器断开连接 
[2019-07-02 18:27:00 435] --- 【【TV】】=> 内容:ws报错 
[2019-07-02 18:27:00 435] --- 【【TV】】=> ws与服务器断开连接 
[2019-07-02 18:28:45 645] --- 【【TV】】=> 内容:ws报错 
[2019-07-02 18:28:45 645] --- 【【TV】】=> ws与服务器断开连接 
[2019-07-02 18:30:30 839] --- 【【TV】】=> 内容:ws报错 
[2019-07-02 18:30:30 840] --- 【【TV】】=> ws与服务器断开连接 
[2019-07-02 18:32:16 074] --- 【【TV】】=> 内容:ws报错 
[2019-07-02 18:32:16 074] --- 【【TV】】=> ws与服务器断开连接 
[2019-07-02 18:34:01 326] --- 【【TV】】=> 内容:ws报错 
[2019-07-02 18:34:01 326] --- 【【TV】】=> ws与服务器断开连接 
[2019-07-02 18:35:46 536] --- 【【TV】】=> 内容:ws报错 
[2019-07-02 18:35:46 536] --- 【【TV】】=> ws与服务器断开连接 
[2019-07-02 18:37:31 787] --- 【【TV】】=> 内容:ws报错 
[2019-07-02 18:37:31 787] --- 【【TV】】=> ws与服务器断开连接 
[2019-07-02 18:39:16 987] --- 【【TV】】=> 内容:ws报错 
[2019-07-02 18:39:16 988] --- 【【TV】】=> ws与服务器断开连接 
[2019-07-02 18:41:02 198] --- 【【TV】】=> 内容:ws报错 
[2019-07-02 18:41:02 198] --- 【【TV】】=> ws与服务器断开连接 
[2019-07-02 18:42:47 439] --- 【【TV】】=> 内容:ws报错 
[2019-07-02 18:42:47 439] --- 【【TV】】=> ws与服务器断开连接 
[2019-07-02 18:44:32 663] --- 【【TV】】=> 内容:ws报错 
[2019-07-02 18:44:32 663] --- 【【TV】】=> ws与服务器断开连接 
[2019-07-02 18:46:17 866] --- 【【TV】】=> 内容:ws报错 
[2019-07-02 18:46:17 866] --- 【【TV】】=> ws与服务器断开连接 
[2019-07-02 18:47:55 188] --- 【【TV】】=> 内容:ws报错 
[2019-07-02 18:47:55 189] --- 【【TV】】=> ws与服务器断开连接 
[2019-07-02 18:49:40 402] --- 【【TV】】=> 内容:ws报错 
[2019-07-02 18:49:40 402] --- 【【TV】】=> ws与服务器断开连接 
