{"level":"info","message":"mqtt成功连接到：ws://test.emq.restoplus.cn:8083/mqtt","timestamp":"2019-06-10 09:50:43"}
{"level":"info","message":"订阅成功--$queue/winPos/+/2f83afee7a0e4822a6729145dd53af33/d2ff1bbb8c6f4fd8adb3949f76f8c1b6/+/+/+","timestamp":"2019-06-10 09:50:43"}
{"level":"info","message":"允许接收的平台=>posAdmin-dev,resto-dev","timestamp":"2019-06-10 09:50:43"}
{"level":"error","message":"==mqtt==close==你已断开连接,正常退出","timestamp":"2019-06-10 09:51:32"}
{"level":"error","message":"==mqtt==reconnect==正在尝试重新连接","timestamp":"2019-06-10 09:51:48"}
{"level":"info","message":"mqtt成功连接到：ws://test.emq.restoplus.cn:8083/mqtt","timestamp":"2019-06-10 09:51:48"}
{"level":"info","message":"订阅成功--$queue/winPos/+/2f83afee7a0e4822a6729145dd53af33/d2ff1bbb8c6f4fd8adb3949f76f8c1b6/+/+/+","timestamp":"2019-06-10 09:51:48"}
{"level":"info","message":"允许接收的平台=>posAdmin-dev,resto-dev","timestamp":"2019-06-10 09:51:48"}
{"level":"info","message":"GET /system/info 529 2019-06-10 09:54:02","timestamp":"2019-06-10 09:54:02"}
{"level":"info","message":"GET /on/line/state 1 2019-06-10 09:54:06","timestamp":"2019-06-10 09:54:06"}
{"level":"info","message":"GET /order/order_state_count 133 2019-06-10 09:54:06","timestamp":"2019-06-10 09:54:06"}
{"level":"info","message":"GET /area 133 2019-06-10 09:54:06","timestamp":"2019-06-10 09:54:06"}
{"level":"info","message":"GET /table/list 598 2019-06-10 09:54:07","timestamp":"2019-06-10 09:54:07"}
{"level":"info","message":"GET /order/get_order_test 73 2019-06-10 09:54:07","timestamp":"2019-06-10 09:54:07"}
{"level":"info","message":"GET /order/detail 669 2019-06-10 09:54:07","timestamp":"2019-06-10 09:54:07"}
{"level":"info","message":"GET /order/wait_order 6 2019-06-10 10:20:46","timestamp":"2019-06-10 10:20:46"}
{"level":"info","message":"GET /order/order_state_count 6 2019-06-10 10:20:46","timestamp":"2019-06-10 10:20:46"}
{"level":"info","message":"GET /order/detail 7 2019-06-10 10:20:46","timestamp":"2019-06-10 10:20:46"}
{"level":"info","message":"GET /order/get_order_test 3 2019-06-10 10:20:46","timestamp":"2019-06-10 10:20:46"}
{"level":"info","message":"GET /table/list 8 2019-06-10 10:20:48","timestamp":"2019-06-10 10:20:48"}
{"level":"info","message":"GET /order/order_state_count 9 2019-06-10 10:20:49","timestamp":"2019-06-10 10:20:49"}
{"level":"info","message":"GET /order/wait_order 4 2019-06-10 10:20:50","timestamp":"2019-06-10 10:20:50"}
{"level":"info","message":"GET /order/order_state_count 7 2019-06-10 10:20:50","timestamp":"2019-06-10 10:20:50"}
{"level":"info","message":"GET /order/detail 13 2019-06-10 10:20:50","timestamp":"2019-06-10 10:20:50"}
{"level":"info","message":"GET /order/get_order_test 11 2019-06-10 10:20:50","timestamp":"2019-06-10 10:20:50"}
{"level":"info","message":"GET /table/list 8 2019-06-10 10:20:51","timestamp":"2019-06-10 10:20:51"}
{"level":"info","message":"GET /order/order_state_count 8 2019-06-10 10:20:51","timestamp":"2019-06-10 10:20:51"}
{"level":"info","message":"GET /order/wait_order 11 2019-06-10 10:20:53","timestamp":"2019-06-10 10:20:53"}
{"level":"info","message":"GET /order/order_state_count 8 2019-06-10 10:20:53","timestamp":"2019-06-10 10:20:53"}
{"level":"info","message":"GET /order/get_order_test 8 2019-06-10 10:20:53","timestamp":"2019-06-10 10:20:53"}
{"level":"info","message":"GET /order/detail 13 2019-06-10 10:20:53","timestamp":"2019-06-10 10:20:53"}
{"level":"info","message":"GET /table/list 6 2019-06-10 10:20:54","timestamp":"2019-06-10 10:20:54"}
{"level":"info","message":"GET /order/order_state_count 5 2019-06-10 10:20:54","timestamp":"2019-06-10 10:20:54"}
{"level":"info","message":"GET /order/wait_order 7 2019-06-10 10:20:56","timestamp":"2019-06-10 10:20:56"}
{"level":"info","message":"GET /order/order_state_count 7 2019-06-10 10:20:56","timestamp":"2019-06-10 10:20:56"}
{"level":"info","message":"GET /order/detail 18 2019-06-10 10:20:56","timestamp":"2019-06-10 10:20:56"}
{"level":"info","message":"GET /order/get_order_test 13 2019-06-10 10:20:56","timestamp":"2019-06-10 10:20:56"}
{"level":"info","message":"GET /table/list 8 2019-06-10 10:20:58","timestamp":"2019-06-10 10:20:58"}
{"level":"info","message":"GET /order/order_state_count 10 2019-06-10 10:20:58","timestamp":"2019-06-10 10:20:58"}
{"level":"info","message":"GET /system/info 91 2019-06-10 10:23:50","timestamp":"2019-06-10 10:23:50"}
{"level":"info","message":"GET /order/order_state_count 8 2019-06-10 10:23:50","timestamp":"2019-06-10 10:23:50"}
{"level":"info","message":"GET /area 6 2019-06-10 10:23:50","timestamp":"2019-06-10 10:23:50"}
{"level":"info","message":"GET /on/line/state 0 2019-06-10 10:23:50","timestamp":"2019-06-10 10:23:50"}
{"level":"info","message":"GET /table/list 10 2019-06-10 10:23:50","timestamp":"2019-06-10 10:23:50"}
{"level":"info","message":"GET /order/wait_order 4 2019-06-10 10:24:06","timestamp":"2019-06-10 10:24:06"}
{"level":"info","message":"GET /order/order_state_count 6 2019-06-10 10:24:06","timestamp":"2019-06-10 10:24:06"}
{"level":"info","message":"GET /order/detail 9 2019-06-10 10:24:06","timestamp":"2019-06-10 10:24:06"}
{"level":"info","message":"GET /order/get_order_test 7 2019-06-10 10:24:06","timestamp":"2019-06-10 10:24:06"}
{"level":"info","message":"GET /table/list 7 2019-06-10 10:24:12","timestamp":"2019-06-10 10:24:12"}
{"level":"info","message":"GET /order/order_state_count 8 2019-06-10 10:24:12","timestamp":"2019-06-10 10:24:12"}
{"level":"error","message":"==mqtt==close==你已断开连接,正常退出","timestamp":"2019-06-10 10:30:40"}
{"level":"error","message":"==mqtt==reconnect==正在尝试重新连接","timestamp":"2019-06-10 10:30:55"}
{"level":"info","message":"mqtt成功连接到：ws://test.emq.restoplus.cn:8083/mqtt","timestamp":"2019-06-10 10:30:55"}
{"level":"info","message":"订阅成功--$queue/winPos/+/2f83afee7a0e4822a6729145dd53af33/d2ff1bbb8c6f4fd8adb3949f76f8c1b6/+/+/+","timestamp":"2019-06-10 10:30:55"}
{"level":"info","message":"允许接收的平台=>posAdmin-dev,resto-dev","timestamp":"2019-06-10 10:30:55"}
{"level":"error","message":"==mqtt==close==你已断开连接,正常退出","timestamp":"2019-06-10 10:31:10"}
{"level":"error","message":"==mqtt==reconnect==正在尝试重新连接","timestamp":"2019-06-10 10:31:25"}
{"level":"info","message":"mqtt成功连接到：ws://test.emq.restoplus.cn:8083/mqtt","timestamp":"2019-06-10 10:31:25"}
{"level":"info","message":"订阅成功--$queue/winPos/+/2f83afee7a0e4822a6729145dd53af33/d2ff1bbb8c6f4fd8adb3949f76f8c1b6/+/+/+","timestamp":"2019-06-10 10:31:25"}
{"level":"info","message":"允许接收的平台=>posAdmin-dev,resto-dev","timestamp":"2019-06-10 10:31:25"}
{"level":"error","message":"==mqtt==close==你已断开连接,正常退出","timestamp":"2019-06-10 10:31:40"}
{"level":"error","message":"==mqtt==reconnect==正在尝试重新连接","timestamp":"2019-06-10 10:31:55"}
{"level":"info","message":"mqtt成功连接到：ws://test.emq.restoplus.cn:8083/mqtt","timestamp":"2019-06-10 10:31:56"}
{"level":"info","message":"订阅成功--$queue/winPos/+/2f83afee7a0e4822a6729145dd53af33/d2ff1bbb8c6f4fd8adb3949f76f8c1b6/+/+/+","timestamp":"2019-06-10 10:31:56"}
{"level":"info","message":"允许接收的平台=>posAdmin-dev,resto-dev","timestamp":"2019-06-10 10:31:56"}
{"level":"error","message":"==mqtt==close==你已断开连接,正常退出","timestamp":"2019-06-10 10:32:11"}
{"level":"error","message":"==mqtt==reconnect==正在尝试重新连接","timestamp":"2019-06-10 10:32:26"}
{"level":"info","message":"mqtt成功连接到：ws://test.emq.restoplus.cn:8083/mqtt","timestamp":"2019-06-10 10:32:26"}
{"level":"info","message":"订阅成功--$queue/winPos/+/2f83afee7a0e4822a6729145dd53af33/d2ff1bbb8c6f4fd8adb3949f76f8c1b6/+/+/+","timestamp":"2019-06-10 10:32:26"}
{"level":"info","message":"允许接收的平台=>posAdmin-dev,resto-dev","timestamp":"2019-06-10 10:32:26"}
{"level":"error","message":"==mqtt==close==你已断开连接,正常退出","timestamp":"2019-06-10 10:32:41"}
{"level":"error","message":"==mqtt==reconnect==正在尝试重新连接","timestamp":"2019-06-10 10:32:56"}
{"level":"info","message":"mqtt成功连接到：ws://test.emq.restoplus.cn:8083/mqtt","timestamp":"2019-06-10 10:32:56"}
{"level":"info","message":"订阅成功--$queue/winPos/+/2f83afee7a0e4822a6729145dd53af33/d2ff1bbb8c6f4fd8adb3949f76f8c1b6/+/+/+","timestamp":"2019-06-10 10:32:56"}
{"level":"info","message":"允许接收的平台=>posAdmin-dev,resto-dev","timestamp":"2019-06-10 10:32:56"}
{"level":"error","message":"==mqtt==close==你已断开连接,正常退出","timestamp":"2019-06-10 10:33:11"}
{"level":"error","message":"==mqtt==reconnect==正在尝试重新连接","timestamp":"2019-06-10 10:33:26"}
{"level":"info","message":"mqtt成功连接到：ws://test.emq.restoplus.cn:8083/mqtt","timestamp":"2019-06-10 10:33:26"}
{"level":"info","message":"订阅成功--$queue/winPos/+/2f83afee7a0e4822a6729145dd53af33/d2ff1bbb8c6f4fd8adb3949f76f8c1b6/+/+/+","timestamp":"2019-06-10 10:33:26"}
{"level":"info","message":"允许接收的平台=>posAdmin-dev,resto-dev","timestamp":"2019-06-10 10:33:26"}
{"level":"error","message":"==mqtt==close==你已断开连接,正常退出","timestamp":"2019-06-10 10:33:41"}
{"level":"error","message":"==mqtt==reconnect==正在尝试重新连接","timestamp":"2019-06-10 10:33:56"}
{"level":"info","message":"mqtt成功连接到：ws://test.emq.restoplus.cn:8083/mqtt","timestamp":"2019-06-10 10:33:56"}
{"level":"info","message":"订阅成功--$queue/winPos/+/2f83afee7a0e4822a6729145dd53af33/d2ff1bbb8c6f4fd8adb3949f76f8c1b6/+/+/+","timestamp":"2019-06-10 10:33:56"}
{"level":"info","message":"允许接收的平台=>posAdmin-dev,resto-dev","timestamp":"2019-06-10 10:33:56"}
{"level":"error","message":"==mqtt==close==你已断开连接,正常退出","timestamp":"2019-06-10 10:34:17"}
{"level":"error","message":"==mqtt==reconnect==正在尝试重新连接","timestamp":"2019-06-10 10:34:32"}
{"level":"info","message":"mqtt成功连接到：ws://test.emq.restoplus.cn:8083/mqtt","timestamp":"2019-06-10 10:34:32"}
{"level":"info","message":"订阅成功--$queue/winPos/+/2f83afee7a0e4822a6729145dd53af33/d2ff1bbb8c6f4fd8adb3949f76f8c1b6/+/+/+","timestamp":"2019-06-10 10:34:32"}
{"level":"info","message":"允许接收的平台=>posAdmin-dev,resto-dev","timestamp":"2019-06-10 10:34:32"}
{"level":"error","message":"==mqtt==close==你已断开连接,正常退出","timestamp":"2019-06-10 10:34:47"}
{"level":"error","message":"==mqtt==reconnect==正在尝试重新连接","timestamp":"2019-06-10 10:35:02"}
{"level":"info","message":"mqtt成功连接到：ws://test.emq.restoplus.cn:8083/mqtt","timestamp":"2019-06-10 10:35:02"}
{"level":"info","message":"订阅成功--$queue/winPos/+/2f83afee7a0e4822a6729145dd53af33/d2ff1bbb8c6f4fd8adb3949f76f8c1b6/+/+/+","timestamp":"2019-06-10 10:35:02"}
{"level":"info","message":"允许接收的平台=>posAdmin-dev,resto-dev","timestamp":"2019-06-10 10:35:02"}
{"level":"error","message":"==mqtt==close==你已断开连接,正常退出","timestamp":"2019-06-10 10:35:17"}
{"level":"error","message":"==mqtt==reconnect==正在尝试重新连接","timestamp":"2019-06-10 10:35:32"}
{"level":"info","message":"mqtt成功连接到：ws://test.emq.restoplus.cn:8083/mqtt","timestamp":"2019-06-10 10:35:32"}
{"level":"info","message":"订阅成功--$queue/winPos/+/2f83afee7a0e4822a6729145dd53af33/d2ff1bbb8c6f4fd8adb3949f76f8c1b6/+/+/+","timestamp":"2019-06-10 10:35:32"}
{"level":"info","message":"允许接收的平台=>posAdmin-dev,resto-dev","timestamp":"2019-06-10 10:35:32"}
{"level":"error","message":"==mqtt==close==你已断开连接,正常退出","timestamp":"2019-06-10 10:35:47"}
{"level":"error","message":"==mqtt==reconnect==正在尝试重新连接","timestamp":"2019-06-10 10:36:02"}
{"level":"info","message":"mqtt成功连接到：ws://test.emq.restoplus.cn:8083/mqtt","timestamp":"2019-06-10 10:36:02"}
{"level":"info","message":"订阅成功--$queue/winPos/+/2f83afee7a0e4822a6729145dd53af33/d2ff1bbb8c6f4fd8adb3949f76f8c1b6/+/+/+","timestamp":"2019-06-10 10:36:02"}
{"level":"info","message":"允许接收的平台=>posAdmin-dev,resto-dev","timestamp":"2019-06-10 10:36:02"}
{"level":"error","message":"==mqtt==close==你已断开连接,正常退出","timestamp":"2019-06-10 10:36:17"}
{"level":"error","message":"==mqtt==reconnect==正在尝试重新连接","timestamp":"2019-06-10 10:36:32"}
{"level":"info","message":"mqtt成功连接到：ws://test.emq.restoplus.cn:8083/mqtt","timestamp":"2019-06-10 10:36:32"}
{"level":"info","message":"订阅成功--$queue/winPos/+/2f83afee7a0e4822a6729145dd53af33/d2ff1bbb8c6f4fd8adb3949f76f8c1b6/+/+/+","timestamp":"2019-06-10 10:36:32"}
{"level":"info","message":"允许接收的平台=>posAdmin-dev,resto-dev","timestamp":"2019-06-10 10:36:32"}
{"level":"error","message":"==mqtt==close==你已断开连接,正常退出","timestamp":"2019-06-10 10:36:47"}
{"level":"error","message":"==mqtt==reconnect==正在尝试重新连接","timestamp":"2019-06-10 10:37:02"}
{"level":"info","message":"mqtt成功连接到：ws://test.emq.restoplus.cn:8083/mqtt","timestamp":"2019-06-10 10:37:02"}
{"level":"info","message":"订阅成功--$queue/winPos/+/2f83afee7a0e4822a6729145dd53af33/d2ff1bbb8c6f4fd8adb3949f76f8c1b6/+/+/+","timestamp":"2019-06-10 10:37:02"}
{"level":"info","message":"允许接收的平台=>posAdmin-dev,resto-dev","timestamp":"2019-06-10 10:37:02"}
{"level":"error","message":"==mqtt==close==你已断开连接,正常退出","timestamp":"2019-06-10 10:37:18"}
{"level":"error","message":"==mqtt==reconnect==正在尝试重新连接","timestamp":"2019-06-10 10:37:33"}
{"level":"info","message":"mqtt成功连接到：ws://test.emq.restoplus.cn:8083/mqtt","timestamp":"2019-06-10 10:37:33"}
{"level":"info","message":"订阅成功--$queue/winPos/+/2f83afee7a0e4822a6729145dd53af33/d2ff1bbb8c6f4fd8adb3949f76f8c1b6/+/+/+","timestamp":"2019-06-10 10:37:33"}
{"level":"info","message":"允许接收的平台=>posAdmin-dev,resto-dev","timestamp":"2019-06-10 10:37:33"}
{"level":"error","message":"==mqtt==close==你已断开连接,正常退出","timestamp":"2019-06-10 10:37:48"}
{"level":"error","message":"==mqtt==reconnect==正在尝试重新连接","timestamp":"2019-06-10 10:38:03"}
{"level":"info","message":"mqtt成功连接到：ws://test.emq.restoplus.cn:8083/mqtt","timestamp":"2019-06-10 10:38:03"}
{"level":"info","message":"订阅成功--$queue/winPos/+/2f83afee7a0e4822a6729145dd53af33/d2ff1bbb8c6f4fd8adb3949f76f8c1b6/+/+/+","timestamp":"2019-06-10 10:38:03"}
{"level":"info","message":"允许接收的平台=>posAdmin-dev,resto-dev","timestamp":"2019-06-10 10:38:03"}
{"level":"error","message":"==mqtt==close==你已断开连接,正常退出","timestamp":"2019-06-10 10:38:18"}
{"level":"error","message":"==mqtt==reconnect==正在尝试重新连接","timestamp":"2019-06-10 10:38:33"}
{"level":"info","message":"mqtt成功连接到：ws://test.emq.restoplus.cn:8083/mqtt","timestamp":"2019-06-10 10:38:33"}
{"level":"info","message":"订阅成功--$queue/winPos/+/2f83afee7a0e4822a6729145dd53af33/d2ff1bbb8c6f4fd8adb3949f76f8c1b6/+/+/+","timestamp":"2019-06-10 10:38:33"}
{"level":"info","message":"允许接收的平台=>posAdmin-dev,resto-dev","timestamp":"2019-06-10 10:38:33"}
{"level":"error","message":"==mqtt==close==你已断开连接,正常退出","timestamp":"2019-06-10 10:38:48"}
{"level":"info","message":"mqtt成功连接到：ws://test.emq.restoplus.cn:8083/mqtt","timestamp":"2019-06-10 10:39:22"}
{"level":"info","message":"订阅成功--$queue/winPos/+/2f83afee7a0e4822a6729145dd53af33/d2ff1bbb8c6f4fd8adb3949f76f8c1b6/+/+/+","timestamp":"2019-06-10 10:39:22"}
{"level":"info","message":"允许接收的平台=>posAdmin-dev,resto-dev","timestamp":"2019-06-10 10:39:22"}
{"level":"error","message":"==mqtt==close==你已断开连接,异常退出","timestamp":"2019-06-10 10:39:49"}
{"level":"error","message":"==mqtt==reconnect==正在尝试重新连接","timestamp":"2019-06-10 10:40:05"}
{"level":"info","message":"mqtt成功连接到：ws://test.emq.restoplus.cn:8083/mqtt","timestamp":"2019-06-10 10:40:05"}
{"level":"info","message":"订阅成功--$queue/winPos/+/2f83afee7a0e4822a6729145dd53af33/d2ff1bbb8c6f4fd8adb3949f76f8c1b6/+/+/+","timestamp":"2019-06-10 10:40:05"}
{"level":"info","message":"允许接收的平台=>posAdmin-dev,resto-dev","timestamp":"2019-06-10 10:40:05"}
{"level":"info","message":"GET /system/info 171 2019-06-10 10:44:53","timestamp":"2019-06-10 10:44:53"}
{"level":"info","message":"GET /on/line/state 1 2019-06-10 10:44:53","timestamp":"2019-06-10 10:44:53"}
{"level":"info","message":"GET /order/order_state_count 34 2019-06-10 10:44:53","timestamp":"2019-06-10 10:44:53"}
{"level":"info","message":"GET /area 28 2019-06-10 10:44:53","timestamp":"2019-06-10 10:44:53"}
{"level":"info","message":"GET /table/list 48 2019-06-10 10:44:53","timestamp":"2019-06-10 10:44:53"}
{"level":"info","message":"POST /bind/table 87 2019-06-10 10:44:55","timestamp":"2019-06-10 10:44:55"}
{"level":"info","message":"GET /article/family_list 10 2019-06-10 10:44:55","timestamp":"2019-06-10 10:44:55"}
{"level":"info","message":"GET /order/detail 27 2019-06-10 10:44:55","timestamp":"2019-06-10 10:44:55"}
{"level":"info","message":"GET /article/article_list 22 2019-06-10 10:44:56","timestamp":"2019-06-10 10:44:56"}
{"level":"info","message":"POST /push/order 99 2019-06-10 10:44:58","timestamp":"2019-06-10 10:44:58"}
{"level":"info","message":"【/v1/newpos/order/push】==> 下单成功！","timestamp":"2019-06-10 10:44:58"}
{"level":"info","message":"GET /order/detail 6 2019-06-10 10:44:58","timestamp":"2019-06-10 10:44:58"}
{"level":"info","message":"GET /order/discount_info 5 2019-06-10 10:44:58","timestamp":"2019-06-10 10:44:58"}
{"level":"info","message":"GET /order/detail 13 2019-06-10 10:44:58","timestamp":"2019-06-10 10:44:58"}
{"level":"info","message":"GET /order/order_items 11 2019-06-10 10:44:58","timestamp":"2019-06-10 10:44:58"}
{"level":"info","message":"POST /order/discount 49 2019-06-10 10:45:09","timestamp":"2019-06-10 10:45:09"}
{"level":"info","message":"GET /order/detail 11 2019-06-10 10:45:09","timestamp":"2019-06-10 10:45:09"}
{"level":"info","message":"GET /order/discount_info 4 2019-06-10 10:45:09","timestamp":"2019-06-10 10:45:09"}
{"level":"info","message":"【/v1/newpos/order/discount】==> 折扣成功！","timestamp":"2019-06-10 10:45:09"}
{"level":"info","message":"GET /order/detail 15 2019-06-10 10:45:09","timestamp":"2019-06-10 10:45:09"}
{"level":"info","message":"GET /system/info 5 2019-06-10 10:45:26","timestamp":"2019-06-10 10:45:26"}
{"level":"info","message":"GET /on/line/state 1 2019-06-10 10:45:26","timestamp":"2019-06-10 10:45:26"}
{"level":"info","message":"GET /order/discount_info 4 2019-06-10 10:45:26","timestamp":"2019-06-10 10:45:26"}
{"level":"info","message":"GET /order/detail 13 2019-06-10 10:45:26","timestamp":"2019-06-10 10:45:26"}
{"level":"info","message":"GET /order/detail 7 2019-06-10 10:45:26","timestamp":"2019-06-10 10:45:26"}
{"level":"info","message":"GET /order/order_items 7 2019-06-10 10:45:26","timestamp":"2019-06-10 10:45:26"}
{"level":"info","message":"GET /order/order_state_count 5 2019-06-10 10:46:14","timestamp":"2019-06-10 10:46:14"}
{"level":"info","message":"GET /area 2 2019-06-10 10:46:14","timestamp":"2019-06-10 10:46:14"}
{"level":"info","message":"GET /table/list 6 2019-06-10 10:46:14","timestamp":"2019-06-10 10:46:14"}
{"level":"info","message":"GET /order/detail 8 2019-06-10 10:46:14","timestamp":"2019-06-10 10:46:14"}
{"level":"info","message":"GET /order/get_order_test 31 2019-06-10 10:46:14","timestamp":"2019-06-10 10:46:14"}
{"level":"info","message":"GET /order/get_order_test 6 2019-06-10 10:46:14","timestamp":"2019-06-10 10:46:14"}
{"level":"info","message":"GET /article/family_list 3 2019-06-10 10:46:15","timestamp":"2019-06-10 10:46:15"}
{"level":"info","message":"GET /order/detail 11 2019-06-10 10:46:15","timestamp":"2019-06-10 10:46:15"}
{"level":"info","message":"GET /article/article_list 19 2019-06-10 10:46:15","timestamp":"2019-06-10 10:46:15"}
{"level":"info","message":"GET /system/info 6 2019-06-10 10:47:18","timestamp":"2019-06-10 10:47:18"}
{"level":"info","message":"GET /article/family_list 2 2019-06-10 10:47:19","timestamp":"2019-06-10 10:47:19"}
{"level":"info","message":"GET /order/detail 8 2019-06-10 10:47:19","timestamp":"2019-06-10 10:47:19"}
{"level":"info","message":"GET /on/line/state 0 2019-06-10 10:47:19","timestamp":"2019-06-10 10:47:19"}
{"level":"info","message":"GET /article/article_list 18 2019-06-10 10:47:19","timestamp":"2019-06-10 10:47:19"}
{"level":"info","message":"GET /system/info 10 2019-06-10 10:49:05","timestamp":"2019-06-10 10:49:05"}
{"level":"info","message":"GET /article/family_list 4 2019-06-10 10:49:05","timestamp":"2019-06-10 10:49:05"}
{"level":"info","message":"GET /on/line/state 0 2019-06-10 10:49:05","timestamp":"2019-06-10 10:49:05"}
{"level":"info","message":"GET /order/detail 12 2019-06-10 10:49:05","timestamp":"2019-06-10 10:49:05"}
{"level":"info","message":"GET /article/article_list 25 2019-06-10 10:49:06","timestamp":"2019-06-10 10:49:06"}
{"level":"info","message":"GET /system/info 7 2019-06-10 10:50:48","timestamp":"2019-06-10 10:50:48"}
{"level":"info","message":"GET /article/family_list 3 2019-06-10 10:50:49","timestamp":"2019-06-10 10:50:49"}
{"level":"info","message":"GET /order/detail 7 2019-06-10 10:50:49","timestamp":"2019-06-10 10:50:49"}
{"level":"info","message":"GET /on/line/state 1 2019-06-10 10:50:49","timestamp":"2019-06-10 10:50:49"}
{"level":"info","message":"GET /article/article_list 19 2019-06-10 10:50:49","timestamp":"2019-06-10 10:50:49"}
{"level":"info","message":"GET /article/family_list 2 2019-06-10 11:02:24","timestamp":"2019-06-10 11:02:24"}
{"level":"info","message":"GET /article/article_list 21 2019-06-10 11:02:24","timestamp":"2019-06-10 11:02:24"}
{"level":"info","message":"GET /system/info 8 2019-06-10 11:03:46","timestamp":"2019-06-10 11:03:46"}
{"level":"info","message":"GET /article/family_list 2 2019-06-10 11:03:47","timestamp":"2019-06-10 11:03:47"}
{"level":"info","message":"GET /on/line/state 1 2019-06-10 11:03:47","timestamp":"2019-06-10 11:03:47"}
{"level":"info","message":"GET /article/article_list 24 2019-06-10 11:03:47","timestamp":"2019-06-10 11:03:47"}
{"level":"info","message":"GET /system/info 3 2019-06-10 11:04:16","timestamp":"2019-06-10 11:04:16"}
{"level":"info","message":"GET /article/family_list 2 2019-06-10 11:04:17","timestamp":"2019-06-10 11:04:17"}
{"level":"info","message":"GET /on/line/state 0 2019-06-10 11:04:17","timestamp":"2019-06-10 11:04:17"}
{"level":"info","message":"GET /article/article_list 21 2019-06-10 11:04:17","timestamp":"2019-06-10 11:04:17"}
{"level":"info","message":"GET /system/info 10 2019-06-10 11:05:45","timestamp":"2019-06-10 11:05:45"}
{"level":"info","message":"GET /article/family_list 3 2019-06-10 11:05:45","timestamp":"2019-06-10 11:05:45"}
{"level":"info","message":"GET /on/line/state 1 2019-06-10 11:05:45","timestamp":"2019-06-10 11:05:45"}
{"level":"info","message":"GET /article/article_list 23 2019-06-10 11:05:45","timestamp":"2019-06-10 11:05:45"}
{"level":"info","message":"GET /order/order_state_count 5 2019-06-10 11:24:17","timestamp":"2019-06-10 11:24:17"}
{"level":"info","message":"GET /area 8 2019-06-10 11:24:17","timestamp":"2019-06-10 11:24:17"}
{"level":"info","message":"GET /table/list 8 2019-06-10 11:24:17","timestamp":"2019-06-10 11:24:17"}
{"level":"info","message":"GET /order/detail 8 2019-06-10 11:24:17","timestamp":"2019-06-10 11:24:17"}
{"level":"info","message":"GET /order/get_order_test 5 2019-06-10 11:24:17","timestamp":"2019-06-10 11:24:17"}
{"level":"info","message":"GET /order/get_order_test 4 2019-06-10 11:24:18","timestamp":"2019-06-10 11:24:18"}
{"level":"info","message":"GET /order/detail 9 2019-06-10 11:24:20","timestamp":"2019-06-10 11:24:20"}
{"level":"info","message":"GET /order/discount_info 10 2019-06-10 11:24:20","timestamp":"2019-06-10 11:24:20"}
{"level":"info","message":"GET /order/detail 16 2019-06-10 11:24:20","timestamp":"2019-06-10 11:24:20"}
{"level":"info","message":"GET /order/order_items 9 2019-06-10 11:24:20","timestamp":"2019-06-10 11:24:20"}
{"level":"info","message":"GET /system/info 6 2019-06-10 11:26:48","timestamp":"2019-06-10 11:26:48"}
{"level":"info","message":"GET /order/detail 10 2019-06-10 11:26:48","timestamp":"2019-06-10 11:26:48"}
{"level":"info","message":"GET /order/discount_info 3 2019-06-10 11:26:48","timestamp":"2019-06-10 11:26:48"}
{"level":"info","message":"GET /on/line/state 0 2019-06-10 11:26:48","timestamp":"2019-06-10 11:26:48"}
{"level":"info","message":"GET /order/detail 13 2019-06-10 11:26:48","timestamp":"2019-06-10 11:26:48"}
{"level":"info","message":"GET /order/order_items 8 2019-06-10 11:26:48","timestamp":"2019-06-10 11:26:48"}
{"level":"info","message":"GET /system/info 7 2019-06-10 11:27:36","timestamp":"2019-06-10 11:27:36"}
{"level":"info","message":"GET /order/detail 10 2019-06-10 11:27:37","timestamp":"2019-06-10 11:27:37"}
{"level":"info","message":"GET /order/discount_info 4 2019-06-10 11:27:37","timestamp":"2019-06-10 11:27:37"}
{"level":"info","message":"GET /on/line/state 0 2019-06-10 11:27:37","timestamp":"2019-06-10 11:27:37"}
{"level":"info","message":"GET /order/detail 11 2019-06-10 11:27:37","timestamp":"2019-06-10 11:27:37"}
{"level":"info","message":"GET /order/order_items 7 2019-06-10 11:27:37","timestamp":"2019-06-10 11:27:37"}
{"level":"info","message":"GET /system/info 4 2019-06-10 11:28:13","timestamp":"2019-06-10 11:28:13"}
{"level":"info","message":"GET /order/detail 9 2019-06-10 11:28:15","timestamp":"2019-06-10 11:28:15"}
{"level":"info","message":"GET /on/line/state 1 2019-06-10 11:28:15","timestamp":"2019-06-10 11:28:15"}
{"level":"info","message":"GET /order/discount_info 13 2019-06-10 11:28:15","timestamp":"2019-06-10 11:28:15"}
{"level":"info","message":"GET /order/detail 28 2019-06-10 11:28:15","timestamp":"2019-06-10 11:28:15"}
{"level":"info","message":"GET /order/order_items 8 2019-06-10 11:28:15","timestamp":"2019-06-10 11:28:15"}
{"level":"info","message":"GET /system/info 6 2019-06-10 11:29:09","timestamp":"2019-06-10 11:29:09"}
{"level":"info","message":"GET /on/line/state 0 2019-06-10 11:29:09","timestamp":"2019-06-10 11:29:09"}
{"level":"info","message":"GET /order/discount_info 8 2019-06-10 11:29:09","timestamp":"2019-06-10 11:29:09"}
{"level":"info","message":"GET /order/detail 25 2019-06-10 11:29:09","timestamp":"2019-06-10 11:29:09"}
{"level":"info","message":"GET /order/detail 6 2019-06-10 11:29:09","timestamp":"2019-06-10 11:29:09"}
{"level":"info","message":"GET /order/order_items 7 2019-06-10 11:29:09","timestamp":"2019-06-10 11:29:09"}
{"level":"info","message":"GET /system/info 10 2019-06-10 11:29:19","timestamp":"2019-06-10 11:29:19"}
{"level":"info","message":"GET /on/line/state 0 2019-06-10 11:29:19","timestamp":"2019-06-10 11:29:19"}
{"level":"info","message":"GET /order/discount_info 7 2019-06-10 11:29:19","timestamp":"2019-06-10 11:29:19"}
{"level":"info","message":"GET /order/detail 19 2019-06-10 11:29:19","timestamp":"2019-06-10 11:29:19"}
{"level":"info","message":"GET /order/detail 11 2019-06-10 11:29:19","timestamp":"2019-06-10 11:29:19"}
{"level":"info","message":"GET /order/order_items 8 2019-06-10 11:29:20","timestamp":"2019-06-10 11:29:20"}
{"level":"info","message":"GET /system/info 7 2019-06-10 11:31:00","timestamp":"2019-06-10 11:31:00"}
{"level":"info","message":"GET /on/line/state 1 2019-06-10 11:31:01","timestamp":"2019-06-10 11:31:01"}
{"level":"info","message":"GET /order/detail 13 2019-06-10 11:31:01","timestamp":"2019-06-10 11:31:01"}
{"level":"info","message":"GET /order/discount_info 8 2019-06-10 11:31:01","timestamp":"2019-06-10 11:31:01"}
{"level":"info","message":"GET /order/detail 8 2019-06-10 11:31:01","timestamp":"2019-06-10 11:31:01"}
{"level":"info","message":"GET /order/order_items 8 2019-06-10 11:31:01","timestamp":"2019-06-10 11:31:01"}
{"level":"info","message":"GET /system/info 6 2019-06-10 11:32:00","timestamp":"2019-06-10 11:32:00"}
{"level":"info","message":"GET /order/detail 8 2019-06-10 11:32:00","timestamp":"2019-06-10 11:32:00"}
{"level":"info","message":"GET /order/discount_info 2 2019-06-10 11:32:00","timestamp":"2019-06-10 11:32:00"}
{"level":"info","message":"GET /order/detail 11 2019-06-10 11:32:00","timestamp":"2019-06-10 11:32:00"}
{"level":"info","message":"GET /on/line/state 0 2019-06-10 11:32:00","timestamp":"2019-06-10 11:32:00"}
{"level":"info","message":"GET /order/order_items 5 2019-06-10 11:32:01","timestamp":"2019-06-10 11:32:01"}
{"level":"info","message":"GET /business/report 26 2019-06-10 11:33:26","timestamp":"2019-06-10 11:33:26"}
{"level":"info","message":"GET /system/info 11 2019-06-10 11:35:22","timestamp":"2019-06-10 11:35:22"}
{"level":"info","message":"GET /on/line/state 0 2019-06-10 11:35:23","timestamp":"2019-06-10 11:35:23"}
{"level":"info","message":"GET /business/report 13 2019-06-10 11:35:23","timestamp":"2019-06-10 11:35:23"}
{"level":"info","message":"GET /system/info 3 2019-06-10 11:35:33","timestamp":"2019-06-10 11:35:33"}
{"level":"info","message":"GET /on/line/state 0 2019-06-10 11:35:34","timestamp":"2019-06-10 11:35:34"}
{"level":"info","message":"GET /business/report 12 2019-06-10 11:35:34","timestamp":"2019-06-10 11:35:34"}
{"level":"error","message":"==mqtt==close==你已断开连接,异常退出","timestamp":"2019-06-10 13:44:53"}
{"level":"error","message":"==mqtt==reconnect==正在尝试重新连接","timestamp":"2019-06-10 13:45:08"}
{"level":"info","message":"mqtt成功连接到：ws://test.emq.restoplus.cn:8083/mqtt","timestamp":"2019-06-10 13:45:08"}
{"level":"info","message":"订阅成功--$queue/winPos/+/2f83afee7a0e4822a6729145dd53af33/d2ff1bbb8c6f4fd8adb3949f76f8c1b6/+/+/+","timestamp":"2019-06-10 13:45:08"}
{"level":"info","message":"允许接收的平台=>posAdmin-dev,resto-dev","timestamp":"2019-06-10 13:45:08"}
{"level":"error","message":"==mqtt==close==你已断开连接,异常退出","timestamp":"2019-06-10 14:58:28"}
{"level":"error","message":"==mqtt==reconnect==正在尝试重新连接","timestamp":"2019-06-10 14:58:43"}
{"level":"info","message":"mqtt成功连接到：ws://test.emq.restoplus.cn:8083/mqtt","timestamp":"2019-06-10 14:58:43"}
{"level":"info","message":"订阅成功--$queue/winPos/+/2f83afee7a0e4822a6729145dd53af33/d2ff1bbb8c6f4fd8adb3949f76f8c1b6/+/+/+","timestamp":"2019-06-10 14:58:43"}
{"level":"info","message":"允许接收的平台=>posAdmin-dev,resto-dev","timestamp":"2019-06-10 14:58:43"}
{"level":"info","message":"GET /order/order_state_count 24 2019-06-10 15:51:28","timestamp":"2019-06-10 15:51:28"}
{"level":"info","message":"GET /area 19 2019-06-10 15:51:28","timestamp":"2019-06-10 15:51:28"}
{"level":"info","message":"GET /table/list 20 2019-06-10 15:51:28","timestamp":"2019-06-10 15:51:28"}
{"level":"info","message":"GET /order/get_order_test 7 2019-06-10 15:51:28","timestamp":"2019-06-10 15:51:28"}
{"level":"info","message":"GET /order/detail 15 2019-06-10 15:51:28","timestamp":"2019-06-10 15:51:28"}
{"level":"info","message":"GET /order/get_order_test 4 2019-06-10 15:51:29","timestamp":"2019-06-10 15:51:29"}
{"level":"info","message":"GET /order/get_order_test 11 2019-06-10 15:51:43","timestamp":"2019-06-10 15:51:43"}
{"level":"info","message":"GET /order/detail 19 2019-06-10 15:51:43","timestamp":"2019-06-10 15:51:43"}
{"level":"info","message":"GET /order/get_order_test 10 2019-06-10 15:51:52","timestamp":"2019-06-10 15:51:52"}
{"level":"info","message":"GET /order/detail 17 2019-06-10 15:51:52","timestamp":"2019-06-10 15:51:52"}
{"level":"info","message":"GET /table/list_by_id 5 2019-06-10 15:52:24","timestamp":"2019-06-10 15:52:24"}
{"level":"info","message":"GET /table/list_by_id 3 2019-06-10 15:52:25","timestamp":"2019-06-10 15:52:25"}
{"level":"info","message":"GET /table/list_by_id 2 2019-06-10 15:52:27","timestamp":"2019-06-10 15:52:27"}
{"level":"info","message":"GET /table/list 3 2019-06-10 15:52:28","timestamp":"2019-06-10 15:52:28"}
{"level":"info","message":"GET /order/detail 11 2019-06-10 15:52:28","timestamp":"2019-06-10 15:52:28"}
{"level":"info","message":"GET /order/get_order_test 7 2019-06-10 15:52:28","timestamp":"2019-06-10 15:52:28"}
{"level":"info","message":"GET /table/list 5 2019-06-10 15:52:39","timestamp":"2019-06-10 15:52:39"}
{"level":"info","message":"GET /order/order_state_count 5 2019-06-10 15:52:40","timestamp":"2019-06-10 15:52:40"}
{"level":"info","message":"GET /order/get_order_test 8 2019-06-10 15:52:40","timestamp":"2019-06-10 15:52:40"}
{"level":"info","message":"GET /order/detail 14 2019-06-10 15:52:40","timestamp":"2019-06-10 15:52:40"}
{"level":"info","message":"GET /order/wait_order 13 2019-06-10 15:52:41","timestamp":"2019-06-10 15:52:41"}
{"level":"info","message":"GET /order/order_state_count 8 2019-06-10 15:52:41","timestamp":"2019-06-10 15:52:41"}
{"level":"info","message":"GET /order/get_order_test 6 2019-06-10 15:52:41","timestamp":"2019-06-10 15:52:41"}
{"level":"info","message":"GET /order/detail 11 2019-06-10 15:52:41","timestamp":"2019-06-10 15:52:41"}
{"level":"info","message":"GET /order/no_pay 8 2019-06-10 15:52:42","timestamp":"2019-06-10 15:52:42"}
{"level":"info","message":"GET /order/order_state_count 8 2019-06-10 15:52:42","timestamp":"2019-06-10 15:52:42"}
{"level":"info","message":"GET /order/get_order_test 9 2019-06-10 15:52:42","timestamp":"2019-06-10 15:52:42"}
{"level":"info","message":"GET /order/detail 16 2019-06-10 15:52:42","timestamp":"2019-06-10 15:52:42"}
{"level":"info","message":"GET /order/order_state_count 4 2019-06-10 15:52:45","timestamp":"2019-06-10 15:52:45"}
{"level":"info","message":"GET /order/no_pay 6 2019-06-10 15:52:45","timestamp":"2019-06-10 15:52:45"}
{"level":"info","message":"GET /order/detail 7 2019-06-10 15:52:45","timestamp":"2019-06-10 15:52:45"}
{"level":"info","message":"GET /order/get_order_test 10 2019-06-10 15:52:45","timestamp":"2019-06-10 15:52:45"}
{"level":"info","message":"GET /order/wait_order 5 2019-06-10 15:52:46","timestamp":"2019-06-10 15:52:46"}
{"level":"info","message":"GET /order/order_state_count 7 2019-06-10 15:52:46","timestamp":"2019-06-10 15:52:46"}
{"level":"info","message":"GET /order/get_order_test 5 2019-06-10 15:52:46","timestamp":"2019-06-10 15:52:46"}
{"level":"info","message":"GET /order/detail 10 2019-06-10 15:52:46","timestamp":"2019-06-10 15:52:46"}
{"level":"info","message":"GET /article/family_list 1 2019-06-10 15:52:49","timestamp":"2019-06-10 15:52:49"}
{"level":"info","message":"GET /article/article_list 29 2019-06-10 15:52:49","timestamp":"2019-06-10 15:52:49"}
{"level":"info","message":"GET /order/order_state_count 8 2019-06-10 15:53:03","timestamp":"2019-06-10 15:53:03"}
{"level":"info","message":"GET /area 5 2019-06-10 15:53:03","timestamp":"2019-06-10 15:53:03"}
{"level":"info","message":"GET /table/list 7 2019-06-10 15:53:03","timestamp":"2019-06-10 15:53:03"}
{"level":"info","message":"GET /order/get_order_test 11 2019-06-10 15:53:03","timestamp":"2019-06-10 15:53:03"}
{"level":"info","message":"GET /order/detail 16 2019-06-10 15:53:03","timestamp":"2019-06-10 15:53:03"}
{"level":"info","message":"GET /order/get_order_test 8 2019-06-10 15:53:04","timestamp":"2019-06-10 15:53:04"}
{"level":"info","message":"GET /table/list 4 2019-06-10 15:53:11","timestamp":"2019-06-10 15:53:11"}
{"level":"info","message":"GET /order/order_state_count 4 2019-06-10 15:53:11","timestamp":"2019-06-10 15:53:11"}
{"level":"info","message":"GET /order/get_order_test 9 2019-06-10 15:53:11","timestamp":"2019-06-10 15:53:11"}
{"level":"info","message":"GET /order/detail 20 2019-06-10 15:53:11","timestamp":"2019-06-10 15:53:11"}
