{"level":"info","message":"mqtt成功连接到：ws://test.emq.restoplus.cn:8083/mqtt","timestamp":"2019-04-22 09:54:18"}
{"level":"info","message":"订阅成功--$queue/winPos/+/2f83afee7a0e4822a6729145dd53af33/d2ff1bbb8c6f4fd8adb3949f76f8c1b6/+/+/+","timestamp":"2019-04-22 09:54:25"}
{"level":"info","message":"允许接收的平台=>posAdmin-dev,resto-dev","timestamp":"2019-04-22 09:54:25"}
{"level":"error","message":"==mqtt==close==你已断开连接,异常退出","timestamp":"2019-04-22 09:54:46"}
{"level":"info","message":"==mqtt==reconnect==正在尝试重新连接","timestamp":"2019-04-22 09:55:04"}
{"level":"info","message":"mqtt成功连接到：ws://test.emq.restoplus.cn:8083/mqtt","timestamp":"2019-04-22 09:55:04"}
{"level":"info","message":"订阅成功--$queue/winPos/+/2f83afee7a0e4822a6729145dd53af33/d2ff1bbb8c6f4fd8adb3949f76f8c1b6/+/+/+","timestamp":"2019-04-22 09:55:04"}
{"level":"info","message":"允许接收的平台=>posAdmin-dev,resto-dev","timestamp":"2019-04-22 09:55:04"}
{"level":"info","message":"GET /system/info 319 2019-04-22 09:57:19","timestamp":"2019-04-22 09:57:19"}
{"level":"info","message":"GET /order/order_state_count 112 2019-04-22 09:57:22","timestamp":"2019-04-22 09:57:22"}
{"level":"info","message":"GET /area 110 2019-04-22 09:57:22","timestamp":"2019-04-22 09:57:22"}
{"level":"info","message":"GET /table/list 115 2019-04-22 09:57:22","timestamp":"2019-04-22 09:57:22"}
{"level":"info","message":"GET /order/detail 128 2019-04-22 09:57:22","timestamp":"2019-04-22 09:57:22"}
{"level":"info","message":"mqtt成功连接到：ws://test.emq.restoplus.cn:8083/mqtt","timestamp":"2019-04-22 11:25:14"}
{"level":"info","message":"订阅成功--$queue/winPos/+/2f83afee7a0e4822a6729145dd53af33/d2ff1bbb8c6f4fd8adb3949f76f8c1b6/+/+/+","timestamp":"2019-04-22 11:25:21"}
{"level":"info","message":"允许接收的平台=>posAdmin-dev,resto-dev","timestamp":"2019-04-22 11:25:21"}
{"level":"error","message":"ServiceUnavailableError: Response timeout\n    at IncomingMessage.<anonymous> (/Users/chintec/Documents/node/resto-newpos/node_modules/connect-timeout/index.js:84:8)\n    at emitOne (events.js:116:13)\n    at IncomingMessage.emit (events.js:211:7)\n    at Timeout._onTimeout (/Users/chintec/Documents/node/resto-newpos/node_modules/connect-timeout/index.js:49:11)\n    at ontimeout (timers.js:475:11)\n    at tryOnTimeout (timers.js:310:5)\n    at Timer.listOnTimeout (timers.js:270:5)","timestamp":"2019-04-22 11:25:51"}
{"level":"error","message":"ServiceUnavailableError: Response timeout\n    at IncomingMessage.<anonymous> (/Users/chintec/Documents/node/resto-newpos/node_modules/connect-timeout/index.js:84:8)\n    at emitOne (events.js:116:13)\n    at IncomingMessage.emit (events.js:211:7)\n    at Timeout._onTimeout (/Users/chintec/Documents/node/resto-newpos/node_modules/connect-timeout/index.js:49:11)\n    at ontimeout (timers.js:475:11)\n    at tryOnTimeout (timers.js:310:5)\n    at Timer.listOnTimeout (timers.js:270:5)","timestamp":"2019-04-22 11:25:51"}
{"level":"info","message":"mqtt成功连接到：ws://test.emq.restoplus.cn:8083/mqtt","timestamp":"2019-04-22 11:26:57"}
{"level":"info","message":"订阅成功--$queue/winPos/+/2f83afee7a0e4822a6729145dd53af33/d2ff1bbb8c6f4fd8adb3949f76f8c1b6/+/+/+","timestamp":"2019-04-22 11:26:57"}
{"level":"info","message":"允许接收的平台=>posAdmin-dev,resto-dev","timestamp":"2019-04-22 11:26:57"}
{"level":"info","message":"GET /system/info 116 2019-04-22 11:27:41","timestamp":"2019-04-22 11:27:41"}
{"level":"info","message":"GET /order/order_state_count 53 2019-04-22 11:27:42","timestamp":"2019-04-22 11:27:42"}
{"level":"info","message":"GET /area 49 2019-04-22 11:27:42","timestamp":"2019-04-22 11:27:42"}
{"level":"info","message":"GET /table/list 58 2019-04-22 11:27:42","timestamp":"2019-04-22 11:27:42"}
{"level":"error","message":"==mqtt==close==你已断开连接,异常退出","timestamp":"2019-04-22 13:51:05"}
{"level":"info","message":"==mqtt==reconnect==正在尝试重新连接","timestamp":"2019-04-22 13:51:20"}
{"level":"info","message":"mqtt成功连接到：ws://test.emq.restoplus.cn:8083/mqtt","timestamp":"2019-04-22 13:51:20"}
{"level":"info","message":"订阅成功--$queue/winPos/+/2f83afee7a0e4822a6729145dd53af33/d2ff1bbb8c6f4fd8adb3949f76f8c1b6/+/+/+","timestamp":"2019-04-22 13:51:20"}
{"level":"info","message":"允许接收的平台=>posAdmin-dev,resto-dev","timestamp":"2019-04-22 13:51:20"}
{"level":"info","message":"GET /table/list 10 2019-04-22 14:01:00","timestamp":"2019-04-22 14:01:00"}
{"level":"info","message":"GET /system/info 7 2019-04-22 14:01:06","timestamp":"2019-04-22 14:01:06"}
{"level":"info","message":"GET /order/order_state_count 13 2019-04-22 14:01:07","timestamp":"2019-04-22 14:01:07"}
{"level":"info","message":"GET /area 11 2019-04-22 14:01:07","timestamp":"2019-04-22 14:01:07"}
{"level":"info","message":"GET /table/list 13 2019-04-22 14:01:07","timestamp":"2019-04-22 14:01:07"}
{"level":"info","message":"GET /order/no_pay 5 2019-04-22 14:01:08","timestamp":"2019-04-22 14:01:08"}
{"level":"info","message":"GET /order/detail 40 2019-04-22 14:01:09","timestamp":"2019-04-22 14:01:09"}
{"level":"info","message":"GET /order/get_order_test 7 2019-04-22 14:01:09","timestamp":"2019-04-22 14:01:09"}
{"level":"info","message":"GET /table/list 6 2019-04-22 14:01:15","timestamp":"2019-04-22 14:01:15"}
{"level":"info","message":"GET /order/no_pay 7 2019-04-22 14:01:24","timestamp":"2019-04-22 14:01:24"}
{"level":"info","message":"GET /order/detail 9 2019-04-22 14:01:25","timestamp":"2019-04-22 14:01:25"}
{"level":"info","message":"GET /order/get_order_test 3 2019-04-22 14:01:25","timestamp":"2019-04-22 14:01:25"}
{"level":"info","message":"GET /system/info 4 2019-04-22 14:01:27","timestamp":"2019-04-22 14:01:27"}
{"level":"info","message":"GET /order/order_state_count 15 2019-04-22 14:01:27","timestamp":"2019-04-22 14:01:27"}
{"level":"info","message":"GET /area 16 2019-04-22 14:01:27","timestamp":"2019-04-22 14:01:27"}
{"level":"info","message":"GET /table/list 27 2019-04-22 14:01:27","timestamp":"2019-04-22 14:01:27"}
{"level":"info","message":"GET /order/detail 51 2019-04-22 14:01:27","timestamp":"2019-04-22 14:01:27"}
{"level":"info","message":"GET /table/list 5 2019-04-22 14:02:19","timestamp":"2019-04-22 14:02:19"}
{"level":"error","message":"","timestamp":"2019-04-22 14:10:00"}
{"level":"info","message":"POST /bindTable 12 2019-04-22 14:10:00","timestamp":"2019-04-22 14:10:00"}
{"level":"error","message":"","timestamp":"2019-04-22 14:10:34"}
{"level":"info","message":"POST /bindTable 10 2019-04-22 14:10:34","timestamp":"2019-04-22 14:10:34"}
{"level":"error","message":"","timestamp":"2019-04-22 14:11:01"}
{"level":"info","message":"POST /bindTable 11 2019-04-22 14:11:01","timestamp":"2019-04-22 14:11:01"}
{"level":"info","message":"GET /order/no_pay 4 2019-04-22 14:11:14","timestamp":"2019-04-22 14:11:14"}
{"level":"info","message":"GET /order/detail 10 2019-04-22 14:11:14","timestamp":"2019-04-22 14:11:14"}
{"level":"info","message":"GET /order/get_order_test 3 2019-04-22 14:11:15","timestamp":"2019-04-22 14:11:15"}
{"level":"info","message":"GET /table/list 7 2019-04-22 14:11:18","timestamp":"2019-04-22 14:11:18"}
{"level":"info","message":"POST /bindTable 160 2019-04-22 14:11:24","timestamp":"2019-04-22 14:11:24"}
{"level":"info","message":"GET /order/detail 9 2019-04-22 14:11:24","timestamp":"2019-04-22 14:11:24"}
{"level":"info","message":"GET /article/family_list 19 2019-04-22 14:11:24","timestamp":"2019-04-22 14:11:24"}
{"level":"info","message":"GET /article/article_list 59 2019-04-22 14:11:24","timestamp":"2019-04-22 14:11:24"}
{"level":"info","message":"POST /pushOrder 85 2019-04-22 14:11:28","timestamp":"2019-04-22 14:11:28"}
{"level":"info","message":"GET /order/order_state_count 17 2019-04-22 14:11:28","timestamp":"2019-04-22 14:11:28"}
{"level":"info","message":"GET /area 22 2019-04-22 14:11:28","timestamp":"2019-04-22 14:11:28"}
{"level":"info","message":"GET /table/list 29 2019-04-22 14:11:28","timestamp":"2019-04-22 14:11:28"}
{"level":"info","message":"GET /order/detail 42 2019-04-22 14:11:28","timestamp":"2019-04-22 14:11:28"}
{"level":"info","message":"GET /order/get_order_test 4 2019-04-22 14:11:29","timestamp":"2019-04-22 14:11:29"}
{"level":"info","message":"GET /article/family_list 3 2019-04-22 14:11:37","timestamp":"2019-04-22 14:11:37"}
{"level":"info","message":"GET /order/detail 8 2019-04-22 14:11:37","timestamp":"2019-04-22 14:11:37"}
{"level":"info","message":"GET /article/article_list 12 2019-04-22 14:11:37","timestamp":"2019-04-22 14:11:37"}
{"level":"info","message":"GET /article/article_list 11 2019-04-22 14:11:53","timestamp":"2019-04-22 14:11:53"}
{"level":"info","message":"GET /order/detail 4 2019-04-22 14:11:55","timestamp":"2019-04-22 14:11:55"}
{"level":"info","message":"GET /order/order_state_count 10 2019-04-22 14:12:07","timestamp":"2019-04-22 14:12:07"}
{"level":"info","message":"GET /area 3 2019-04-22 14:12:07","timestamp":"2019-04-22 14:12:07"}
{"level":"info","message":"GET /order/detail 17 2019-04-22 14:12:07","timestamp":"2019-04-22 14:12:07"}
{"level":"info","message":"GET /table/list 5 2019-04-22 14:12:07","timestamp":"2019-04-22 14:12:07"}
{"level":"info","message":"GET /order/get_order_test 3 2019-04-22 14:12:07","timestamp":"2019-04-22 14:12:07"}
{"level":"info","message":"GET /order/discount_info 3 2019-04-22 14:12:10","timestamp":"2019-04-22 14:12:10"}
{"level":"info","message":"GET /order/detail 10 2019-04-22 14:12:10","timestamp":"2019-04-22 14:12:10"}
{"level":"info","message":"GET /order/detail 25 2019-04-22 14:12:10","timestamp":"2019-04-22 14:12:10"}
{"level":"info","message":"GET /order/order_items 10 2019-04-22 14:12:10","timestamp":"2019-04-22 14:12:10"}
{"level":"info","message":"GET /system/info 4 2019-04-22 14:17:37","timestamp":"2019-04-22 14:17:37"}
{"level":"info","message":"GET /order/discount_info 3 2019-04-22 14:17:38","timestamp":"2019-04-22 14:17:38"}
{"level":"info","message":"GET /order/detail 25 2019-04-22 14:17:38","timestamp":"2019-04-22 14:17:38"}
{"level":"info","message":"GET /order/detail 7 2019-04-22 14:17:38","timestamp":"2019-04-22 14:17:38"}
{"level":"info","message":"GET /order/order_items 7 2019-04-22 14:17:38","timestamp":"2019-04-22 14:17:38"}
{"level":"info","message":"GET /order/order_state_count 5 2019-04-22 14:17:47","timestamp":"2019-04-22 14:17:47"}
{"level":"info","message":"GET /area 8 2019-04-22 14:17:47","timestamp":"2019-04-22 14:17:47"}
{"level":"info","message":"GET /table/list 6 2019-04-22 14:17:47","timestamp":"2019-04-22 14:17:47"}
{"level":"info","message":"GET /order/detail 8 2019-04-22 14:17:49","timestamp":"2019-04-22 14:17:49"}
{"level":"info","message":"GET /order/get_order_test 3 2019-04-22 14:17:49","timestamp":"2019-04-22 14:17:49"}
{"level":"info","message":"GET /order/discount_info 3 2019-04-22 14:17:50","timestamp":"2019-04-22 14:17:50"}
{"level":"info","message":"GET /order/order_items 16 2019-04-22 14:17:50","timestamp":"2019-04-22 14:17:50"}
{"level":"info","message":"GET /order/detail 16 2019-04-22 14:17:50","timestamp":"2019-04-22 14:17:50"}
{"level":"info","message":"GET /order/detail 8 2019-04-22 14:17:50","timestamp":"2019-04-22 14:17:50"}
{"level":"info","message":"mqtt成功连接到：ws://test.emq.restoplus.cn:8083/mqtt","timestamp":"2019-04-22 14:21:18"}
{"level":"info","message":"订阅成功--$queue/winPos/+/2f83afee7a0e4822a6729145dd53af33/d2ff1bbb8c6f4fd8adb3949f76f8c1b6/+/+/+","timestamp":"2019-04-22 14:21:18"}
{"level":"info","message":"允许接收的平台=>posAdmin-dev,resto-dev","timestamp":"2019-04-22 14:21:18"}
{"level":"error","message":"==mqtt==close==你已断开连接,异常退出","timestamp":"2019-04-22 14:21:52"}
{"level":"info","message":"==mqtt==reconnect==正在尝试重新连接","timestamp":"2019-04-22 14:22:08"}
{"level":"info","message":"mqtt成功连接到：ws://test.emq.restoplus.cn:8083/mqtt","timestamp":"2019-04-22 14:22:10"}
{"level":"info","message":"订阅成功--$queue/winPos/+/2f83afee7a0e4822a6729145dd53af33/d2ff1bbb8c6f4fd8adb3949f76f8c1b6/+/+/+","timestamp":"2019-04-22 14:22:10"}
{"level":"info","message":"允许接收的平台=>posAdmin-dev,resto-dev","timestamp":"2019-04-22 14:22:10"}
{"level":"info","message":"GET /system/info 333 2019-04-22 14:23:03","timestamp":"2019-04-22 14:23:03"}
{"level":"info","message":"GET /order/discount_info 14 2019-04-22 14:23:03","timestamp":"2019-04-22 14:23:03"}
{"level":"info","message":"GET /order/detail 29 2019-04-22 14:23:03","timestamp":"2019-04-22 14:23:03"}
{"level":"info","message":"GET /order/detail 7 2019-04-22 14:23:03","timestamp":"2019-04-22 14:23:03"}
{"level":"info","message":"GET /order/order_items 10 2019-04-22 14:23:04","timestamp":"2019-04-22 14:23:04"}
{"level":"info","message":"GET /order/order_state_count 9 2019-04-22 14:23:05","timestamp":"2019-04-22 14:23:05"}
{"level":"info","message":"GET /area 13 2019-04-22 14:23:05","timestamp":"2019-04-22 14:23:05"}
{"level":"info","message":"GET /table/list 15 2019-04-22 14:23:05","timestamp":"2019-04-22 14:23:05"}
{"level":"info","message":"GET /order/detail 6 2019-04-22 14:23:06","timestamp":"2019-04-22 14:23:06"}
{"level":"info","message":"GET /order/get_order_test 315 2019-04-22 14:23:07","timestamp":"2019-04-22 14:23:07"}
{"level":"info","message":"GET /order/discount_info 2 2019-04-22 14:23:10","timestamp":"2019-04-22 14:23:10"}
{"level":"info","message":"GET /order/order_items 13 2019-04-22 14:23:10","timestamp":"2019-04-22 14:23:10"}
{"level":"info","message":"GET /order/detail 14 2019-04-22 14:23:10","timestamp":"2019-04-22 14:23:10"}
{"level":"info","message":"GET /order/detail 6 2019-04-22 14:23:10","timestamp":"2019-04-22 14:23:10"}
{"level":"info","message":"mqtt成功连接到：ws://test.emq.restoplus.cn:8083/mqtt","timestamp":"2019-04-22 14:24:15"}
{"level":"info","message":"订阅成功--$queue/winPos/+/2f83afee7a0e4822a6729145dd53af33/d2ff1bbb8c6f4fd8adb3949f76f8c1b6/+/+/+","timestamp":"2019-04-22 14:24:15"}
{"level":"info","message":"允许接收的平台=>posAdmin-dev,resto-dev","timestamp":"2019-04-22 14:24:15"}
{"level":"info","message":"GET /order/discount_info 289 2019-04-22 14:25:03","timestamp":"2019-04-22 14:25:03"}
{"level":"info","message":"GET /system/info 745 2019-04-22 14:25:03","timestamp":"2019-04-22 14:25:03"}
{"level":"info","message":"GET /order/detail 563 2019-04-22 14:25:03","timestamp":"2019-04-22 14:25:03"}
{"level":"info","message":"GET /order/detail 8 2019-04-22 14:25:03","timestamp":"2019-04-22 14:25:03"}
{"level":"info","message":"GET /order/order_items 11 2019-04-22 14:25:03","timestamp":"2019-04-22 14:25:03"}
{"level":"info","message":"GET /system/info 6 2019-04-22 14:25:50","timestamp":"2019-04-22 14:25:50"}
{"level":"info","message":"GET /order/discount_info 2 2019-04-22 14:25:50","timestamp":"2019-04-22 14:25:50"}
{"level":"info","message":"GET /order/detail 11 2019-04-22 14:25:50","timestamp":"2019-04-22 14:25:50"}
{"level":"info","message":"GET /order/detail 6 2019-04-22 14:25:50","timestamp":"2019-04-22 14:25:50"}
{"level":"info","message":"GET /order/order_items 8 2019-04-22 14:25:50","timestamp":"2019-04-22 14:25:50"}
{"level":"info","message":"GET /order/order_state_count 13 2019-04-22 14:25:52","timestamp":"2019-04-22 14:25:52"}
{"level":"info","message":"GET /area 16 2019-04-22 14:25:52","timestamp":"2019-04-22 14:25:52"}
{"level":"info","message":"GET /table/list 25 2019-04-22 14:25:52","timestamp":"2019-04-22 14:25:52"}
{"level":"error","message":"","timestamp":"2019-04-22 14:25:54"}
{"level":"info","message":"POST /bindTable 17 2019-04-22 14:25:54","timestamp":"2019-04-22 14:25:54"}
{"level":"info","message":"POST /bindTable 402 2019-04-22 14:26:00","timestamp":"2019-04-22 14:26:00"}
{"level":"info","message":"GET /article/family_list 48 2019-04-22 14:26:00","timestamp":"2019-04-22 14:26:00"}
{"level":"info","message":"GET /order/detail 51 2019-04-22 14:26:00","timestamp":"2019-04-22 14:26:00"}
{"level":"info","message":"GET /article/article_list 63 2019-04-22 14:26:00","timestamp":"2019-04-22 14:26:00"}
{"level":"info","message":"POST /pushOrder 112 2019-04-22 14:26:04","timestamp":"2019-04-22 14:26:04"}
{"level":"info","message":"GET /order/order_state_count 6 2019-04-22 14:26:04","timestamp":"2019-04-22 14:26:04"}
{"level":"info","message":"GET /area 2 2019-04-22 14:26:04","timestamp":"2019-04-22 14:26:04"}
{"level":"info","message":"GET /table/list 9 2019-04-22 14:26:04","timestamp":"2019-04-22 14:26:04"}
{"level":"info","message":"GET /order/detail 24 2019-04-22 14:26:04","timestamp":"2019-04-22 14:26:04"}
{"level":"info","message":"GET /order/get_order_test 22 2019-04-22 14:26:05","timestamp":"2019-04-22 14:26:05"}
{"level":"info","message":"GET /order/discount_info 3 2019-04-22 14:26:06","timestamp":"2019-04-22 14:26:06"}
{"level":"info","message":"GET /order/order_items 18 2019-04-22 14:26:06","timestamp":"2019-04-22 14:26:06"}
{"level":"info","message":"GET /order/detail 25 2019-04-22 14:26:06","timestamp":"2019-04-22 14:26:06"}
{"level":"info","message":"GET /order/detail 8 2019-04-22 14:26:06","timestamp":"2019-04-22 14:26:06"}
{"level":"info","message":"GET /system/info 9 2019-04-22 14:27:18","timestamp":"2019-04-22 14:27:18"}
{"level":"info","message":"GET /order/discount_info 4 2019-04-22 14:27:19","timestamp":"2019-04-22 14:27:19"}
{"level":"info","message":"GET /order/detail 12 2019-04-22 14:27:19","timestamp":"2019-04-22 14:27:19"}
{"level":"info","message":"GET /order/detail 5 2019-04-22 14:27:19","timestamp":"2019-04-22 14:27:19"}
{"level":"info","message":"GET /order/order_items 5 2019-04-22 14:27:19","timestamp":"2019-04-22 14:27:19"}
{"level":"info","message":"GET /system/info 4 2019-04-22 14:28:41","timestamp":"2019-04-22 14:28:41"}
{"level":"info","message":"GET /order/detail 13 2019-04-22 14:28:42","timestamp":"2019-04-22 14:28:42"}
{"level":"info","message":"GET /order/discount_info 4 2019-04-22 14:28:42","timestamp":"2019-04-22 14:28:42"}
{"level":"info","message":"GET /order/detail 8 2019-04-22 14:28:42","timestamp":"2019-04-22 14:28:42"}
{"level":"info","message":"GET /order/order_items 6 2019-04-22 14:28:42","timestamp":"2019-04-22 14:28:42"}
{"level":"info","message":"GET /order/order_state_count 6 2019-04-22 14:29:37","timestamp":"2019-04-22 14:29:37"}
{"level":"info","message":"GET /area 4 2019-04-22 14:29:37","timestamp":"2019-04-22 14:29:37"}
{"level":"info","message":"GET /table/list 6 2019-04-22 14:29:37","timestamp":"2019-04-22 14:29:37"}
{"level":"info","message":"GET /table/list_by_id 2 2019-04-22 14:29:44","timestamp":"2019-04-22 14:29:44"}
{"level":"info","message":"GET /table/list_by_id 3 2019-04-22 14:29:45","timestamp":"2019-04-22 14:29:45"}
{"level":"info","message":"GET /table/list_by_id 2 2019-04-22 14:29:46","timestamp":"2019-04-22 14:29:46"}
{"level":"info","message":"GET /table/list 5 2019-04-22 14:29:47","timestamp":"2019-04-22 14:29:47"}
{"level":"info","message":"GET /order/no_pay 5 2019-04-22 14:29:47","timestamp":"2019-04-22 14:29:47"}
{"level":"info","message":"GET /order/detail 5 2019-04-22 14:29:48","timestamp":"2019-04-22 14:29:48"}
{"level":"info","message":"GET /order/get_order_test 4 2019-04-22 14:29:48","timestamp":"2019-04-22 14:29:48"}
{"level":"info","message":"GET /table/list 6 2019-04-22 14:29:50","timestamp":"2019-04-22 14:29:50"}
{"level":"info","message":"POST /bindTable 213 2019-04-22 14:30:00","timestamp":"2019-04-22 14:30:00"}
{"level":"info","message":"GET /article/family_list 2 2019-04-22 14:30:00","timestamp":"2019-04-22 14:30:00"}
{"level":"info","message":"GET /order/detail 11 2019-04-22 14:30:00","timestamp":"2019-04-22 14:30:00"}
{"level":"info","message":"GET /article/article_list 18 2019-04-22 14:30:00","timestamp":"2019-04-22 14:30:00"}
{"level":"info","message":"GET /order/order_state_count 6 2019-04-22 14:30:04","timestamp":"2019-04-22 14:30:04"}
{"level":"info","message":"GET /area 4 2019-04-22 14:30:04","timestamp":"2019-04-22 14:30:04"}
{"level":"info","message":"GET /table/list 7 2019-04-22 14:30:04","timestamp":"2019-04-22 14:30:04"}
{"level":"info","message":"GET /order/detail 13 2019-04-22 14:30:04","timestamp":"2019-04-22 14:30:04"}
{"level":"info","message":"GET /order/get_order_test 3 2019-04-22 14:30:04","timestamp":"2019-04-22 14:30:04"}
{"level":"info","message":"GET /order/get_order_test 6 2019-04-22 14:30:05","timestamp":"2019-04-22 14:30:05"}
{"level":"info","message":"GET /article/family_list 3 2019-04-22 14:30:06","timestamp":"2019-04-22 14:30:06"}
{"level":"info","message":"GET /order/detail 9 2019-04-22 14:30:06","timestamp":"2019-04-22 14:30:06"}
{"level":"info","message":"GET /article/article_list 9 2019-04-22 14:30:06","timestamp":"2019-04-22 14:30:06"}
{"level":"info","message":"mqtt成功连接到：ws://test.emq.restoplus.cn:8083/mqtt","timestamp":"2019-04-22 14:31:32"}
{"level":"info","message":"订阅成功--$queue/winPos/+/2f83afee7a0e4822a6729145dd53af33/d2ff1bbb8c6f4fd8adb3949f76f8c1b6/+/+/+","timestamp":"2019-04-22 14:31:44"}
{"level":"info","message":"允许接收的平台=>posAdmin-dev,resto-dev","timestamp":"2019-04-22 14:31:44"}
{"level":"error","message":"==mqtt==close==你已断开连接,异常退出","timestamp":"2019-04-22 14:32:10"}
{"level":"error","message":"ServiceUnavailableError: Response timeout\n    at IncomingMessage.<anonymous> (/Users/chintec/Documents/node/resto-newpos/node_modules/connect-timeout/index.js:84:8)\n    at emitOne (events.js:116:13)\n    at IncomingMessage.emit (events.js:211:7)\n    at Timeout._onTimeout (/Users/chintec/Documents/node/resto-newpos/node_modules/connect-timeout/index.js:49:11)\n    at ontimeout (timers.js:475:11)\n    at tryOnTimeout (timers.js:310:5)\n    at Timer.listOnTimeout (timers.js:270:5)","timestamp":"2019-04-22 14:32:15"}
{"level":"info","message":"==mqtt==reconnect==正在尝试重新连接","timestamp":"2019-04-22 14:32:25"}
{"level":"info","message":"mqtt成功连接到：ws://test.emq.restoplus.cn:8083/mqtt","timestamp":"2019-04-22 14:32:25"}
{"level":"info","message":"订阅成功--$queue/winPos/+/2f83afee7a0e4822a6729145dd53af33/d2ff1bbb8c6f4fd8adb3949f76f8c1b6/+/+/+","timestamp":"2019-04-22 14:32:25"}
{"level":"info","message":"允许接收的平台=>posAdmin-dev,resto-dev","timestamp":"2019-04-22 14:32:25"}
{"level":"info","message":"GET /system/info 127 2019-04-22 14:32:33","timestamp":"2019-04-22 14:32:33"}
{"level":"info","message":"GET /article/family_list 8 2019-04-22 14:32:33","timestamp":"2019-04-22 14:32:33"}
{"level":"info","message":"GET /order/detail 33 2019-04-22 14:32:33","timestamp":"2019-04-22 14:32:33"}
{"level":"info","message":"GET /article/article_list 100 2019-04-22 14:32:33","timestamp":"2019-04-22 14:32:33"}
{"level":"info","message":"GET /order/order_state_count 8 2019-04-22 14:32:34","timestamp":"2019-04-22 14:32:34"}
{"level":"info","message":"GET /area 13 2019-04-22 14:32:34","timestamp":"2019-04-22 14:32:34"}
{"level":"info","message":"GET /table/list 16 2019-04-22 14:32:34","timestamp":"2019-04-22 14:32:34"}
{"level":"info","message":"GET /order/detail 51 2019-04-22 14:32:39","timestamp":"2019-04-22 14:32:39"}
{"level":"info","message":"GET /order/get_order_test 5 2019-04-22 14:32:40","timestamp":"2019-04-22 14:32:40"}
{"level":"info","message":"POST /bindTable 129 2019-04-22 14:32:43","timestamp":"2019-04-22 14:32:43"}
{"level":"info","message":"GET /article/family_list 4 2019-04-22 14:32:44","timestamp":"2019-04-22 14:32:44"}
{"level":"info","message":"GET /order/detail 8 2019-04-22 14:32:44","timestamp":"2019-04-22 14:32:44"}
{"level":"info","message":"GET /article/article_list 15 2019-04-22 14:32:44","timestamp":"2019-04-22 14:32:44"}
{"level":"info","message":"POST /pushOrder 99 2019-04-22 14:32:46","timestamp":"2019-04-22 14:32:46"}
{"level":"info","message":"GET /order/order_state_count 6 2019-04-22 14:32:46","timestamp":"2019-04-22 14:32:46"}
{"level":"info","message":"GET /area 2 2019-04-22 14:32:46","timestamp":"2019-04-22 14:32:46"}
{"level":"info","message":"GET /table/list 24 2019-04-22 14:32:46","timestamp":"2019-04-22 14:32:46"}
{"level":"info","message":"GET /order/detail 39 2019-04-22 14:32:46","timestamp":"2019-04-22 14:32:46"}
{"level":"info","message":"GET /order/get_order_test 4 2019-04-22 14:32:46","timestamp":"2019-04-22 14:32:46"}
{"level":"info","message":"GET /order/discount_info 3 2019-04-22 14:32:47","timestamp":"2019-04-22 14:32:47"}
{"level":"info","message":"GET /order/detail 10 2019-04-22 14:32:47","timestamp":"2019-04-22 14:32:47"}
{"level":"info","message":"GET /order/detail 7 2019-04-22 14:32:47","timestamp":"2019-04-22 14:32:47"}
{"level":"info","message":"GET /order/order_items 13 2019-04-22 14:32:47","timestamp":"2019-04-22 14:32:47"}
{"level":"info","message":"mqtt成功连接到：ws://test.emq.restoplus.cn:8083/mqtt","timestamp":"2019-04-22 14:34:31"}
{"level":"info","message":"订阅成功--$queue/winPos/+/2f83afee7a0e4822a6729145dd53af33/d2ff1bbb8c6f4fd8adb3949f76f8c1b6/+/+/+","timestamp":"2019-04-22 14:34:35"}
{"level":"info","message":"允许接收的平台=>posAdmin-dev,resto-dev","timestamp":"2019-04-22 14:34:35"}
{"level":"error","message":"ServiceUnavailableError: Response timeout\n    at IncomingMessage.<anonymous> (/Users/chintec/Documents/node/resto-newpos/node_modules/connect-timeout/index.js:84:8)\n    at emitOne (events.js:116:13)\n    at IncomingMessage.emit (events.js:211:7)\n    at Timeout._onTimeout (/Users/chintec/Documents/node/resto-newpos/node_modules/connect-timeout/index.js:49:11)\n    at ontimeout (timers.js:475:11)\n    at tryOnTimeout (timers.js:310:5)\n    at Timer.listOnTimeout (timers.js:270:5)","timestamp":"2019-04-22 14:35:07"}
{"level":"info","message":"GET /system/info 69 2019-04-22 14:35:19","timestamp":"2019-04-22 14:35:19"}
{"level":"info","message":"GET /order/discount_info 26 2019-04-22 14:35:19","timestamp":"2019-04-22 14:35:19"}
{"level":"info","message":"GET /order/detail 49 2019-04-22 14:35:19","timestamp":"2019-04-22 14:35:19"}
{"level":"info","message":"GET /order/detail 7 2019-04-22 14:35:19","timestamp":"2019-04-22 14:35:19"}
{"level":"info","message":"GET /order/order_items 9 2019-04-22 14:35:19","timestamp":"2019-04-22 14:35:19"}
{"level":"info","message":"GET /order/order_state_count 16 2019-04-22 14:35:28","timestamp":"2019-04-22 14:35:28"}
{"level":"info","message":"GET /area 29 2019-04-22 14:35:28","timestamp":"2019-04-22 14:35:28"}
{"level":"info","message":"GET /table/list 64 2019-04-22 14:35:28","timestamp":"2019-04-22 14:35:28"}
{"level":"error","message":"","timestamp":"2019-04-22 14:35:31"}
{"level":"info","message":"POST /bindTable 11 2019-04-22 14:35:31","timestamp":"2019-04-22 14:35:31"}
{"level":"info","message":"POST /bindTable 151 2019-04-22 14:35:34","timestamp":"2019-04-22 14:35:34"}
{"level":"info","message":"GET /article/family_list 16 2019-04-22 14:35:34","timestamp":"2019-04-22 14:35:34"}
{"level":"info","message":"GET /order/detail 19 2019-04-22 14:35:34","timestamp":"2019-04-22 14:35:34"}
{"level":"info","message":"GET /article/article_list 47 2019-04-22 14:35:34","timestamp":"2019-04-22 14:35:34"}
{"level":"info","message":"POST /pushOrder 337 2019-04-22 14:35:41","timestamp":"2019-04-22 14:35:41"}
{"level":"info","message":"GET /order/order_state_count 8 2019-04-22 14:35:42","timestamp":"2019-04-22 14:35:42"}
{"level":"info","message":"GET /area 4 2019-04-22 14:35:42","timestamp":"2019-04-22 14:35:42"}
{"level":"info","message":"GET /table/list 5 2019-04-22 14:35:42","timestamp":"2019-04-22 14:35:42"}
{"level":"info","message":"GET /order/detail 22 2019-04-22 14:35:42","timestamp":"2019-04-22 14:35:42"}
{"level":"info","message":"GET /order/get_order_test 26 2019-04-22 14:35:42","timestamp":"2019-04-22 14:35:42"}
{"level":"info","message":"GET /order/discount_info 2 2019-04-22 14:35:47","timestamp":"2019-04-22 14:35:47"}
{"level":"info","message":"GET /order/order_items 15 2019-04-22 14:35:47","timestamp":"2019-04-22 14:35:47"}
{"level":"info","message":"GET /order/detail 16 2019-04-22 14:35:47","timestamp":"2019-04-22 14:35:47"}
{"level":"info","message":"GET /order/detail 10 2019-04-22 14:35:47","timestamp":"2019-04-22 14:35:47"}
{"level":"error","message":"","timestamp":"2019-04-22 14:35:51"}
{"level":"info","message":"POST /orderPay 25 2019-04-22 14:35:51","timestamp":"2019-04-22 14:35:51"}
{"level":"info","message":"mqtt成功连接到：ws://test.emq.restoplus.cn:8083/mqtt","timestamp":"2019-04-22 14:40:28"}
{"level":"info","message":"订阅成功--$queue/winPos/+/2f83afee7a0e4822a6729145dd53af33/d2ff1bbb8c6f4fd8adb3949f76f8c1b6/+/+/+","timestamp":"2019-04-22 14:40:32"}
{"level":"info","message":"允许接收的平台=>posAdmin-dev,resto-dev","timestamp":"2019-04-22 14:40:32"}
{"level":"error","message":"==mqtt==close==你已断开连接,异常退出","timestamp":"2019-04-22 14:40:54"}
{"level":"info","message":"==mqtt==reconnect==正在尝试重新连接","timestamp":"2019-04-22 14:41:09"}
{"level":"info","message":"mqtt成功连接到：ws://test.emq.restoplus.cn:8083/mqtt","timestamp":"2019-04-22 14:41:10"}
{"level":"info","message":"订阅成功--$queue/winPos/+/2f83afee7a0e4822a6729145dd53af33/d2ff1bbb8c6f4fd8adb3949f76f8c1b6/+/+/+","timestamp":"2019-04-22 14:41:10"}
{"level":"info","message":"允许接收的平台=>posAdmin-dev,resto-dev","timestamp":"2019-04-22 14:41:10"}
{"level":"info","message":"GET /system/info 199 2019-04-22 14:41:43","timestamp":"2019-04-22 14:41:43"}
{"level":"info","message":"GET /order/discount_info 26 2019-04-22 14:41:43","timestamp":"2019-04-22 14:41:43"}
{"level":"info","message":"GET /order/detail 51 2019-04-22 14:41:43","timestamp":"2019-04-22 14:41:43"}
{"level":"info","message":"GET /order/detail 6 2019-04-22 14:41:43","timestamp":"2019-04-22 14:41:43"}
{"level":"info","message":"GET /order/order_items 9 2019-04-22 14:41:43","timestamp":"2019-04-22 14:41:43"}
{"level":"info","message":"GET /order/order_state_count 10 2019-04-22 14:41:45","timestamp":"2019-04-22 14:41:45"}
{"level":"info","message":"GET /area 24 2019-04-22 14:41:45","timestamp":"2019-04-22 14:41:45"}
{"level":"info","message":"GET /table/list 25 2019-04-22 14:41:45","timestamp":"2019-04-22 14:41:45"}
{"level":"error","message":"","timestamp":"2019-04-22 14:41:49"}
{"level":"info","message":"POST /bindTable 10 2019-04-22 14:41:49","timestamp":"2019-04-22 14:41:49"}
{"level":"error","message":"","timestamp":"2019-04-22 14:41:52"}
{"level":"info","message":"POST /bindTable 8 2019-04-22 14:41:52","timestamp":"2019-04-22 14:41:52"}
{"level":"info","message":"POST /bindTable 173 2019-04-22 14:41:54","timestamp":"2019-04-22 14:41:54"}
{"level":"info","message":"GET /article/family_list 6 2019-04-22 14:41:54","timestamp":"2019-04-22 14:41:54"}
{"level":"info","message":"GET /order/detail 8 2019-04-22 14:41:54","timestamp":"2019-04-22 14:41:54"}
{"level":"info","message":"GET /article/article_list 58 2019-04-22 14:41:54","timestamp":"2019-04-22 14:41:54"}
{"level":"info","message":"POST /pushOrder 95 2019-04-22 14:41:57","timestamp":"2019-04-22 14:41:57"}
{"level":"info","message":"GET /order/order_state_count 19 2019-04-22 14:41:57","timestamp":"2019-04-22 14:41:57"}
{"level":"info","message":"GET /area 7 2019-04-22 14:41:57","timestamp":"2019-04-22 14:41:57"}
{"level":"info","message":"GET /table/list 9 2019-04-22 14:41:57","timestamp":"2019-04-22 14:41:57"}
{"level":"info","message":"GET /order/detail 52 2019-04-22 14:41:57","timestamp":"2019-04-22 14:41:57"}
{"level":"info","message":"GET /order/get_order_test 16 2019-04-22 14:41:58","timestamp":"2019-04-22 14:41:58"}
{"level":"info","message":"GET /order/discount_info 8 2019-04-22 14:42:00","timestamp":"2019-04-22 14:42:00"}
{"level":"info","message":"GET /order/order_items 30 2019-04-22 14:42:00","timestamp":"2019-04-22 14:42:00"}
{"level":"info","message":"GET /order/detail 28 2019-04-22 14:42:00","timestamp":"2019-04-22 14:42:00"}
{"level":"info","message":"GET /order/detail 13 2019-04-22 14:42:00","timestamp":"2019-04-22 14:42:00"}
{"level":"error","message":"","timestamp":"2019-04-22 14:42:13"}
{"level":"info","message":"POST /orderPay 21 2019-04-22 14:42:13","timestamp":"2019-04-22 14:42:13"}
{"level":"info","message":"GET /system/info 21 2019-04-22 14:51:10","timestamp":"2019-04-22 14:51:10"}
{"level":"info","message":"GET /order/detail 9 2019-04-22 14:51:10","timestamp":"2019-04-22 14:51:10"}
{"level":"info","message":"GET /order/detail 8 2019-04-22 14:51:10","timestamp":"2019-04-22 14:51:10"}
{"level":"info","message":"GET /order/discount_info 3 2019-04-22 14:51:10","timestamp":"2019-04-22 14:51:10"}
{"level":"info","message":"GET /order/order_items 9 2019-04-22 14:51:10","timestamp":"2019-04-22 14:51:10"}
{"level":"info","message":"GET /system/info 5 2019-04-22 14:53:23","timestamp":"2019-04-22 14:53:23"}
{"level":"info","message":"GET /order/discount_info 5 2019-04-22 14:53:23","timestamp":"2019-04-22 14:53:23"}
{"level":"info","message":"GET /order/detail 67 2019-04-22 14:53:23","timestamp":"2019-04-22 14:53:23"}
{"level":"info","message":"GET /order/detail 8 2019-04-22 14:53:23","timestamp":"2019-04-22 14:53:23"}
{"level":"info","message":"GET /order/order_items 8 2019-04-22 14:53:24","timestamp":"2019-04-22 14:53:24"}
{"level":"info","message":"GET /system/info 7 2019-04-22 14:53:57","timestamp":"2019-04-22 14:53:57"}
{"level":"info","message":"GET /order/detail 9 2019-04-22 14:53:58","timestamp":"2019-04-22 14:53:58"}
{"level":"info","message":"GET /order/discount_info 4 2019-04-22 14:53:58","timestamp":"2019-04-22 14:53:58"}
{"level":"info","message":"GET /order/detail 8 2019-04-22 14:53:58","timestamp":"2019-04-22 14:53:58"}
{"level":"info","message":"GET /order/order_items 7 2019-04-22 14:53:58","timestamp":"2019-04-22 14:53:58"}
{"level":"info","message":"GET /system/info 94 2019-04-22 14:54:46","timestamp":"2019-04-22 14:54:46"}
{"level":"info","message":"GET /order/discount_info 6 2019-04-22 14:54:46","timestamp":"2019-04-22 14:54:46"}
{"level":"info","message":"GET /order/detail 26 2019-04-22 14:54:46","timestamp":"2019-04-22 14:54:46"}
{"level":"info","message":"GET /order/detail 7 2019-04-22 14:54:46","timestamp":"2019-04-22 14:54:46"}
{"level":"info","message":"GET /order/order_items 10 2019-04-22 14:54:46","timestamp":"2019-04-22 14:54:46"}
{"level":"info","message":"GET /system/info 4 2019-04-22 14:55:00","timestamp":"2019-04-22 14:55:00"}
{"level":"info","message":"GET /order/discount_info 3 2019-04-22 14:55:00","timestamp":"2019-04-22 14:55:00"}
{"level":"info","message":"GET /order/detail 14 2019-04-22 14:55:00","timestamp":"2019-04-22 14:55:00"}
{"level":"info","message":"GET /order/detail 8 2019-04-22 14:55:00","timestamp":"2019-04-22 14:55:00"}
{"level":"info","message":"GET /order/order_items 8 2019-04-22 14:55:00","timestamp":"2019-04-22 14:55:00"}
{"level":"info","message":"GET /order/discount_info 5 2019-04-22 14:58:52","timestamp":"2019-04-22 14:58:52"}
{"level":"info","message":"GET /order/order_items 21 2019-04-22 14:58:52","timestamp":"2019-04-22 14:58:52"}
{"level":"info","message":"GET /order/detail 20 2019-04-22 14:58:52","timestamp":"2019-04-22 14:58:52"}
{"level":"info","message":"GET /order/detail 8 2019-04-22 14:58:52","timestamp":"2019-04-22 14:58:52"}
{"level":"info","message":"GET /system/info 7 2019-04-22 14:58:58","timestamp":"2019-04-22 14:58:58"}
{"level":"info","message":"GET /order/discount_info 1 2019-04-22 14:58:59","timestamp":"2019-04-22 14:58:59"}
{"level":"info","message":"GET /order/detail 15 2019-04-22 14:58:59","timestamp":"2019-04-22 14:58:59"}
{"level":"info","message":"GET /order/detail 8 2019-04-22 14:58:59","timestamp":"2019-04-22 14:58:59"}
{"level":"info","message":"GET /order/order_items 5 2019-04-22 14:58:59","timestamp":"2019-04-22 14:58:59"}
{"level":"info","message":"mqtt成功连接到：ws://test.emq.restoplus.cn:8083/mqtt","timestamp":"2019-04-22 15:03:43"}
{"level":"info","message":"订阅成功--$queue/winPos/+/2f83afee7a0e4822a6729145dd53af33/d2ff1bbb8c6f4fd8adb3949f76f8c1b6/+/+/+","timestamp":"2019-04-22 15:03:43"}
{"level":"info","message":"允许接收的平台=>posAdmin-dev,resto-dev","timestamp":"2019-04-22 15:03:43"}
{"level":"error","message":"==mqtt==close==你已断开连接,异常退出","timestamp":"2019-04-22 15:04:10"}
{"level":"info","message":"==mqtt==reconnect==正在尝试重新连接","timestamp":"2019-04-22 15:04:25"}
{"level":"info","message":"mqtt成功连接到：ws://test.emq.restoplus.cn:8083/mqtt","timestamp":"2019-04-22 15:04:25"}
{"level":"info","message":"订阅成功--$queue/winPos/+/2f83afee7a0e4822a6729145dd53af33/d2ff1bbb8c6f4fd8adb3949f76f8c1b6/+/+/+","timestamp":"2019-04-22 15:04:25"}
{"level":"info","message":"允许接收的平台=>posAdmin-dev,resto-dev","timestamp":"2019-04-22 15:04:25"}
{"level":"info","message":"GET /system/info 164 2019-04-22 15:04:33","timestamp":"2019-04-22 15:04:33"}
{"level":"info","message":"GET /order/discount_info 169 2019-04-22 15:04:35","timestamp":"2019-04-22 15:04:35"}
{"level":"info","message":"GET /order/detail 189 2019-04-22 15:04:35","timestamp":"2019-04-22 15:04:35"}
{"level":"info","message":"GET /order/detail 8 2019-04-22 15:04:35","timestamp":"2019-04-22 15:04:35"}
{"level":"info","message":"GET /order/order_items 11 2019-04-22 15:04:35","timestamp":"2019-04-22 15:04:35"}
{"level":"error","message":"","timestamp":"2019-04-22 15:04:39"}
{"level":"info","message":"POST /orderPay 41 2019-04-22 15:04:39","timestamp":"2019-04-22 15:04:39"}
{"level":"info","message":"GET /order/order_state_count 15 2019-04-22 15:05:42","timestamp":"2019-04-22 15:05:42"}
{"level":"info","message":"GET /area 28 2019-04-22 15:05:42","timestamp":"2019-04-22 15:05:42"}
{"level":"info","message":"GET /table/list 53 2019-04-22 15:05:42","timestamp":"2019-04-22 15:05:42"}
{"level":"error","message":"","timestamp":"2019-04-22 15:05:48"}
{"level":"info","message":"POST /bindTable 14 2019-04-22 15:05:48","timestamp":"2019-04-22 15:05:48"}
{"level":"info","message":"POST /bindTable 170 2019-04-22 15:05:51","timestamp":"2019-04-22 15:05:51"}
{"level":"info","message":"GET /article/family_list 17 2019-04-22 15:05:51","timestamp":"2019-04-22 15:05:51"}
{"level":"info","message":"GET /order/detail 24 2019-04-22 15:05:51","timestamp":"2019-04-22 15:05:51"}
{"level":"info","message":"GET /article/article_list 110 2019-04-22 15:05:51","timestamp":"2019-04-22 15:05:51"}
{"level":"info","message":"POST /pushOrder 127 2019-04-22 15:05:53","timestamp":"2019-04-22 15:05:53"}
{"level":"info","message":"GET /order/order_state_count 14 2019-04-22 15:05:53","timestamp":"2019-04-22 15:05:53"}
{"level":"info","message":"GET /area 8 2019-04-22 15:05:53","timestamp":"2019-04-22 15:05:53"}
{"level":"info","message":"GET /table/list 11 2019-04-22 15:05:53","timestamp":"2019-04-22 15:05:53"}
{"level":"info","message":"GET /order/detail 27 2019-04-22 15:05:53","timestamp":"2019-04-22 15:05:53"}
{"level":"info","message":"GET /order/get_order_test 24 2019-04-22 15:05:54","timestamp":"2019-04-22 15:05:54"}
{"level":"info","message":"GET /order/discount_info 3 2019-04-22 15:05:55","timestamp":"2019-04-22 15:05:55"}
{"level":"info","message":"GET /order/order_items 17 2019-04-22 15:05:55","timestamp":"2019-04-22 15:05:55"}
{"level":"info","message":"GET /order/detail 13 2019-04-22 15:05:55","timestamp":"2019-04-22 15:05:55"}
{"level":"info","message":"GET /order/detail 9 2019-04-22 15:05:55","timestamp":"2019-04-22 15:05:55"}
{"level":"error","message":"","timestamp":"2019-04-22 15:06:05"}
{"level":"info","message":"POST /orderPay 10 2019-04-22 15:06:05","timestamp":"2019-04-22 15:06:05"}
{"level":"info","message":"mqtt成功连接到：ws://test.emq.restoplus.cn:8083/mqtt","timestamp":"2019-04-22 15:07:33"}
{"level":"info","message":"订阅成功--$queue/winPos/+/2f83afee7a0e4822a6729145dd53af33/d2ff1bbb8c6f4fd8adb3949f76f8c1b6/+/+/+","timestamp":"2019-04-22 15:07:33"}
{"level":"info","message":"允许接收的平台=>posAdmin-dev,resto-dev","timestamp":"2019-04-22 15:07:33"}
{"level":"error","message":"ServiceUnavailableError: Response timeout\n    at IncomingMessage.<anonymous> (/Users/chintec/Documents/node/resto-newpos/node_modules/connect-timeout/index.js:84:8)\n    at emitOne (events.js:116:13)\n    at IncomingMessage.emit (events.js:211:7)\n    at Timeout._onTimeout (/Users/chintec/Documents/node/resto-newpos/node_modules/connect-timeout/index.js:49:11)\n    at ontimeout (timers.js:475:11)\n    at tryOnTimeout (timers.js:310:5)\n    at Timer.listOnTimeout (timers.js:270:5)","timestamp":"2019-04-22 15:08:03"}
{"level":"info","message":"GET /system/info 67 2019-04-22 15:08:29","timestamp":"2019-04-22 15:08:29"}
{"level":"info","message":"GET /order/discount_info 57 2019-04-22 15:08:29","timestamp":"2019-04-22 15:08:29"}
{"level":"info","message":"GET /order/detail 71 2019-04-22 15:08:29","timestamp":"2019-04-22 15:08:29"}
{"level":"info","message":"GET /order/detail 9 2019-04-22 15:08:29","timestamp":"2019-04-22 15:08:29"}
{"level":"info","message":"GET /order/order_items 11 2019-04-22 15:08:29","timestamp":"2019-04-22 15:08:29"}
{"level":"info","message":"GET /order/order_state_count 39 2019-04-22 15:08:33","timestamp":"2019-04-22 15:08:33"}
{"level":"info","message":"GET /area 38 2019-04-22 15:08:33","timestamp":"2019-04-22 15:08:33"}
{"level":"info","message":"GET /table/list 42 2019-04-22 15:08:33","timestamp":"2019-04-22 15:08:33"}
{"level":"info","message":"POST /bindTable 136 2019-04-22 15:08:37","timestamp":"2019-04-22 15:08:37"}
{"level":"info","message":"GET /article/family_list 110 2019-04-22 15:08:38","timestamp":"2019-04-22 15:08:38"}
{"level":"info","message":"GET /order/detail 113 2019-04-22 15:08:38","timestamp":"2019-04-22 15:08:38"}
{"level":"info","message":"GET /article/article_list 183 2019-04-22 15:08:38","timestamp":"2019-04-22 15:08:38"}
{"level":"info","message":"GET /article/article_list 12 2019-04-22 15:08:40","timestamp":"2019-04-22 15:08:40"}
{"level":"info","message":"POST /pushOrder 131 2019-04-22 15:08:43","timestamp":"2019-04-22 15:08:43"}
{"level":"info","message":"GET /order/order_state_count 6 2019-04-22 15:08:44","timestamp":"2019-04-22 15:08:44"}
{"level":"info","message":"GET /area 3 2019-04-22 15:08:44","timestamp":"2019-04-22 15:08:44"}
{"level":"info","message":"GET /table/list 9 2019-04-22 15:08:44","timestamp":"2019-04-22 15:08:44"}
{"level":"info","message":"GET /order/detail 25 2019-04-22 15:08:44","timestamp":"2019-04-22 15:08:44"}
{"level":"info","message":"GET /order/get_order_test 15 2019-04-22 15:08:44","timestamp":"2019-04-22 15:08:44"}
{"level":"info","message":"GET /order/discount_info 6 2019-04-22 15:08:46","timestamp":"2019-04-22 15:08:46"}
{"level":"info","message":"GET /order/order_items 20 2019-04-22 15:08:47","timestamp":"2019-04-22 15:08:47"}
{"level":"info","message":"GET /order/detail 28 2019-04-22 15:08:47","timestamp":"2019-04-22 15:08:47"}
{"level":"info","message":"GET /order/detail 13 2019-04-22 15:08:47","timestamp":"2019-04-22 15:08:47"}
{"level":"info","message":"mqtt成功连接到：ws://test.emq.restoplus.cn:8083/mqtt","timestamp":"2019-04-22 15:10:28"}
{"level":"info","message":"订阅成功--$queue/winPos/+/2f83afee7a0e4822a6729145dd53af33/d2ff1bbb8c6f4fd8adb3949f76f8c1b6/+/+/+","timestamp":"2019-04-22 15:10:28"}
{"level":"info","message":"允许接收的平台=>posAdmin-dev,resto-dev","timestamp":"2019-04-22 15:10:28"}
{"level":"error","message":"==mqtt==close==你已断开连接,异常退出","timestamp":"2019-04-22 15:10:52"}
{"level":"info","message":"==mqtt==reconnect==正在尝试重新连接","timestamp":"2019-04-22 15:11:13"}
{"level":"info","message":"mqtt成功连接到：ws://test.emq.restoplus.cn:8083/mqtt","timestamp":"2019-04-22 15:11:15"}
{"level":"info","message":"订阅成功--$queue/winPos/+/2f83afee7a0e4822a6729145dd53af33/d2ff1bbb8c6f4fd8adb3949f76f8c1b6/+/+/+","timestamp":"2019-04-22 15:11:15"}
{"level":"info","message":"允许接收的平台=>posAdmin-dev,resto-dev","timestamp":"2019-04-22 15:11:15"}
{"level":"info","message":"GET /system/info 897 2019-04-22 15:11:16","timestamp":"2019-04-22 15:11:16"}
{"level":"info","message":"GET /order/discount_info 276 2019-04-22 15:11:16","timestamp":"2019-04-22 15:11:16"}
{"level":"info","message":"GET /order/detail 344 2019-04-22 15:11:16","timestamp":"2019-04-22 15:11:16"}
{"level":"info","message":"GET /order/detail 10 2019-04-22 15:11:16","timestamp":"2019-04-22 15:11:16"}
{"level":"info","message":"GET /order/order_items 12 2019-04-22 15:11:16","timestamp":"2019-04-22 15:11:16"}
{"level":"info","message":"POST /orderPay 250 2019-04-22 15:11:23","timestamp":"2019-04-22 15:11:23"}
{"level":"info","message":"mqtt成功连接到：ws://test.emq.restoplus.cn:8083/mqtt","timestamp":"2019-04-22 15:14:31"}
{"level":"info","message":"订阅成功--$queue/winPos/+/2f83afee7a0e4822a6729145dd53af33/d2ff1bbb8c6f4fd8adb3949f76f8c1b6/+/+/+","timestamp":"2019-04-22 15:14:31"}
{"level":"info","message":"允许接收的平台=>posAdmin-dev,resto-dev","timestamp":"2019-04-22 15:14:31"}
{"level":"error","message":"ServiceUnavailableError: Response timeout\n    at IncomingMessage.<anonymous> (/Users/chintec/Documents/node/resto-newpos/node_modules/connect-timeout/index.js:84:8)\n    at emitOne (events.js:116:13)\n    at IncomingMessage.emit (events.js:211:7)\n    at Timeout._onTimeout (/Users/chintec/Documents/node/resto-newpos/node_modules/connect-timeout/index.js:49:11)\n    at ontimeout (timers.js:475:11)\n    at tryOnTimeout (timers.js:310:5)\n    at Timer.listOnTimeout (timers.js:270:5)","timestamp":"2019-04-22 15:15:11"}
{"level":"info","message":"GET /system/info 391 2019-04-22 15:15:21","timestamp":"2019-04-22 15:15:21"}
{"level":"info","message":"GET /order/discount_info 4 2019-04-22 15:15:21","timestamp":"2019-04-22 15:15:21"}
{"level":"info","message":"GET /order/detail 17 2019-04-22 15:15:21","timestamp":"2019-04-22 15:15:21"}
{"level":"info","message":"GET /order/detail 6 2019-04-22 15:15:21","timestamp":"2019-04-22 15:15:21"}
{"level":"info","message":"GET /order/order_items 9 2019-04-22 15:15:21","timestamp":"2019-04-22 15:15:21"}
{"level":"info","message":"GET /order/order_state_count 37 2019-04-22 15:15:23","timestamp":"2019-04-22 15:15:23"}
{"level":"info","message":"GET /area 44 2019-04-22 15:15:23","timestamp":"2019-04-22 15:15:23"}
{"level":"info","message":"GET /table/list 60 2019-04-22 15:15:23","timestamp":"2019-04-22 15:15:23"}
{"level":"info","message":"GET /order/detail 11 2019-04-22 15:15:26","timestamp":"2019-04-22 15:15:26"}
{"level":"info","message":"GET /order/get_order_test 66 2019-04-22 15:15:26","timestamp":"2019-04-22 15:15:26"}
{"level":"info","message":"GET /order/discount_info 2 2019-04-22 15:15:28","timestamp":"2019-04-22 15:15:28"}
{"level":"info","message":"GET /order/order_items 14 2019-04-22 15:15:28","timestamp":"2019-04-22 15:15:28"}
{"level":"info","message":"GET /order/detail 15 2019-04-22 15:15:28","timestamp":"2019-04-22 15:15:28"}
{"level":"info","message":"GET /order/detail 6 2019-04-22 15:15:28","timestamp":"2019-04-22 15:15:28"}
{"level":"info","message":"POST /orderPay 209 2019-04-22 15:15:34","timestamp":"2019-04-22 15:15:34"}
{"level":"info","message":"GET /order/discount_info 5 2019-04-22 15:16:47","timestamp":"2019-04-22 15:16:47"}
{"level":"info","message":"GET /order/order_items 20 2019-04-22 15:16:47","timestamp":"2019-04-22 15:16:47"}
{"level":"info","message":"GET /order/detail 17 2019-04-22 15:16:47","timestamp":"2019-04-22 15:16:47"}
{"level":"info","message":"GET /order/detail 6 2019-04-22 15:16:47","timestamp":"2019-04-22 15:16:47"}
{"level":"info","message":"GET /order/discount_info 3 2019-04-22 15:19:03","timestamp":"2019-04-22 15:19:03"}
{"level":"info","message":"GET /order/order_items 26 2019-04-22 15:19:03","timestamp":"2019-04-22 15:19:03"}
{"level":"info","message":"GET /order/detail 24 2019-04-22 15:19:03","timestamp":"2019-04-22 15:19:03"}
{"level":"info","message":"GET /order/detail 9 2019-04-22 15:19:03","timestamp":"2019-04-22 15:19:03"}
{"level":"info","message":"GET /order/order_state_count 13 2019-04-22 15:19:10","timestamp":"2019-04-22 15:19:10"}
{"level":"info","message":"GET /area 9 2019-04-22 15:19:10","timestamp":"2019-04-22 15:19:10"}
{"level":"info","message":"GET /table/list 14 2019-04-22 15:19:10","timestamp":"2019-04-22 15:19:10"}
{"level":"info","message":"GET /table/list 6 2019-04-22 15:19:18","timestamp":"2019-04-22 15:19:18"}
{"level":"info","message":"GET /order/detail 8 2019-04-22 15:19:33","timestamp":"2019-04-22 15:19:33"}
{"level":"info","message":"GET /order/get_order_test 4 2019-04-22 15:19:34","timestamp":"2019-04-22 15:19:34"}
{"level":"info","message":"GET /order/discount_info 5 2019-04-22 15:19:35","timestamp":"2019-04-22 15:19:35"}
{"level":"info","message":"GET /order/order_items 23 2019-04-22 15:19:36","timestamp":"2019-04-22 15:19:36"}
{"level":"info","message":"GET /order/detail 21 2019-04-22 15:19:36","timestamp":"2019-04-22 15:19:36"}
{"level":"info","message":"GET /order/detail 14 2019-04-22 15:19:36","timestamp":"2019-04-22 15:19:36"}
{"level":"info","message":"GET /system/info 8 2019-04-22 15:32:14","timestamp":"2019-04-22 15:32:14"}
{"level":"info","message":"GET /order/detail 8 2019-04-22 15:32:15","timestamp":"2019-04-22 15:32:15"}
{"level":"info","message":"GET /order/detail 7 2019-04-22 15:32:15","timestamp":"2019-04-22 15:32:15"}
{"level":"info","message":"GET /order/discount_info 1 2019-04-22 15:32:15","timestamp":"2019-04-22 15:32:15"}
{"level":"info","message":"GET /order/order_items 8 2019-04-22 15:32:15","timestamp":"2019-04-22 15:32:15"}
{"level":"info","message":"GET /system/info 6 2019-04-22 15:32:45","timestamp":"2019-04-22 15:32:45"}
{"level":"info","message":"GET /order/detail 9 2019-04-22 15:32:46","timestamp":"2019-04-22 15:32:46"}
{"level":"info","message":"GET /order/discount_info 3 2019-04-22 15:32:46","timestamp":"2019-04-22 15:32:46"}
{"level":"info","message":"GET /order/detail 10 2019-04-22 15:32:46","timestamp":"2019-04-22 15:32:46"}
{"level":"info","message":"GET /order/order_items 7 2019-04-22 15:32:46","timestamp":"2019-04-22 15:32:46"}
{"level":"info","message":"GET /system/info 5 2019-04-22 15:34:26","timestamp":"2019-04-22 15:34:26"}
{"level":"info","message":"GET /order/detail 8 2019-04-22 15:34:27","timestamp":"2019-04-22 15:34:27"}
{"level":"info","message":"GET /order/discount_info 4 2019-04-22 15:34:27","timestamp":"2019-04-22 15:34:27"}
{"level":"info","message":"GET /order/detail 9 2019-04-22 15:34:27","timestamp":"2019-04-22 15:34:27"}
{"level":"info","message":"GET /order/order_items 8 2019-04-22 15:34:27","timestamp":"2019-04-22 15:34:27"}
{"level":"info","message":"GET /system/info 8 2019-04-22 15:36:36","timestamp":"2019-04-22 15:36:36"}
{"level":"info","message":"GET /order/discount_info 2 2019-04-22 15:36:37","timestamp":"2019-04-22 15:36:37"}
{"level":"info","message":"GET /order/detail 16 2019-04-22 15:36:37","timestamp":"2019-04-22 15:36:37"}
{"level":"info","message":"GET /order/detail 7 2019-04-22 15:36:37","timestamp":"2019-04-22 15:36:37"}
{"level":"info","message":"GET /order/order_items 7 2019-04-22 15:36:37","timestamp":"2019-04-22 15:36:37"}
{"level":"info","message":"GET /system/info 8 2019-04-22 15:37:28","timestamp":"2019-04-22 15:37:28"}
{"level":"info","message":"GET /order/discount_info 2 2019-04-22 15:37:28","timestamp":"2019-04-22 15:37:28"}
{"level":"info","message":"GET /order/detail 11 2019-04-22 15:37:28","timestamp":"2019-04-22 15:37:28"}
{"level":"info","message":"GET /order/detail 7 2019-04-22 15:37:28","timestamp":"2019-04-22 15:37:28"}
{"level":"info","message":"GET /order/order_items 6 2019-04-22 15:37:28","timestamp":"2019-04-22 15:37:28"}
{"level":"info","message":"GET /system/info 7 2019-04-22 15:37:44","timestamp":"2019-04-22 15:37:44"}
{"level":"info","message":"GET /order/discount_info 3 2019-04-22 15:37:45","timestamp":"2019-04-22 15:37:45"}
{"level":"info","message":"GET /order/detail 15 2019-04-22 15:37:45","timestamp":"2019-04-22 15:37:45"}
{"level":"info","message":"GET /order/detail 7 2019-04-22 15:37:45","timestamp":"2019-04-22 15:37:45"}
{"level":"info","message":"GET /order/order_items 8 2019-04-22 15:37:45","timestamp":"2019-04-22 15:37:45"}
{"level":"info","message":"GET /system/info 6 2019-04-22 15:38:03","timestamp":"2019-04-22 15:38:03"}
{"level":"info","message":"GET /order/discount_info 3 2019-04-22 15:38:04","timestamp":"2019-04-22 15:38:04"}
{"level":"info","message":"GET /order/detail 22 2019-04-22 15:38:04","timestamp":"2019-04-22 15:38:04"}
{"level":"info","message":"GET /order/detail 7 2019-04-22 15:38:04","timestamp":"2019-04-22 15:38:04"}
{"level":"info","message":"GET /order/order_items 10 2019-04-22 15:38:04","timestamp":"2019-04-22 15:38:04"}
{"level":"info","message":"GET /system/info 7 2019-04-22 15:38:19","timestamp":"2019-04-22 15:38:19"}
{"level":"info","message":"GET /order/discount_info 2 2019-04-22 15:38:19","timestamp":"2019-04-22 15:38:19"}
{"level":"info","message":"GET /order/detail 13 2019-04-22 15:38:19","timestamp":"2019-04-22 15:38:19"}
{"level":"info","message":"GET /order/detail 7 2019-04-22 15:38:19","timestamp":"2019-04-22 15:38:19"}
{"level":"info","message":"GET /order/order_items 8 2019-04-22 15:38:19","timestamp":"2019-04-22 15:38:19"}
{"level":"info","message":"GET /system/info 5 2019-04-22 15:38:33","timestamp":"2019-04-22 15:38:33"}
{"level":"info","message":"GET /order/detail 9 2019-04-22 15:38:34","timestamp":"2019-04-22 15:38:34"}
{"level":"info","message":"GET /order/discount_info 4 2019-04-22 15:38:34","timestamp":"2019-04-22 15:38:34"}
{"level":"info","message":"GET /order/detail 8 2019-04-22 15:38:34","timestamp":"2019-04-22 15:38:34"}
{"level":"info","message":"GET /order/order_items 8 2019-04-22 15:38:34","timestamp":"2019-04-22 15:38:34"}
{"level":"info","message":"GET /system/info 7 2019-04-22 15:38:49","timestamp":"2019-04-22 15:38:49"}
{"level":"info","message":"GET /order/discount_info 3 2019-04-22 15:38:49","timestamp":"2019-04-22 15:38:49"}
{"level":"info","message":"GET /order/detail 13 2019-04-22 15:38:49","timestamp":"2019-04-22 15:38:49"}
{"level":"info","message":"GET /order/detail 7 2019-04-22 15:38:49","timestamp":"2019-04-22 15:38:49"}
{"level":"info","message":"GET /order/order_items 6 2019-04-22 15:38:49","timestamp":"2019-04-22 15:38:49"}
{"level":"info","message":"GET /system/info 5 2019-04-22 15:39:17","timestamp":"2019-04-22 15:39:17"}
{"level":"info","message":"GET /order/detail 7 2019-04-22 15:39:18","timestamp":"2019-04-22 15:39:18"}
{"level":"info","message":"GET /order/detail 6 2019-04-22 15:39:18","timestamp":"2019-04-22 15:39:18"}
{"level":"info","message":"GET /order/discount_info 1 2019-04-22 15:39:18","timestamp":"2019-04-22 15:39:18"}
{"level":"info","message":"GET /order/order_items 7 2019-04-22 15:39:18","timestamp":"2019-04-22 15:39:18"}
{"level":"info","message":"GET /system/info 6 2019-04-22 15:40:57","timestamp":"2019-04-22 15:40:57"}
{"level":"info","message":"GET /order/discount_info 2 2019-04-22 15:40:58","timestamp":"2019-04-22 15:40:58"}
{"level":"info","message":"GET /order/detail 13 2019-04-22 15:40:58","timestamp":"2019-04-22 15:40:58"}
{"level":"info","message":"GET /order/detail 6 2019-04-22 15:40:58","timestamp":"2019-04-22 15:40:58"}
{"level":"info","message":"GET /order/order_items 7 2019-04-22 15:40:58","timestamp":"2019-04-22 15:40:58"}
{"level":"info","message":"GET /system/info 8 2019-04-22 15:45:02","timestamp":"2019-04-22 15:45:02"}
{"level":"info","message":"GET /order/discount_info 3 2019-04-22 15:45:03","timestamp":"2019-04-22 15:45:03"}
{"level":"info","message":"GET /order/detail 12 2019-04-22 15:45:03","timestamp":"2019-04-22 15:45:03"}
{"level":"info","message":"GET /order/detail 9 2019-04-22 15:45:03","timestamp":"2019-04-22 15:45:03"}
{"level":"info","message":"GET /order/order_items 6 2019-04-22 15:45:03","timestamp":"2019-04-22 15:45:03"}
{"level":"info","message":"GET /system/info 9 2019-04-22 15:58:30","timestamp":"2019-04-22 15:58:30"}
{"level":"info","message":"GET /order/discount_info 3 2019-04-22 15:58:30","timestamp":"2019-04-22 15:58:30"}
{"level":"info","message":"GET /order/detail 11 2019-04-22 15:58:30","timestamp":"2019-04-22 15:58:30"}
{"level":"info","message":"GET /order/detail 9 2019-04-22 15:58:30","timestamp":"2019-04-22 15:58:30"}
{"level":"info","message":"GET /order/order_items 6 2019-04-22 15:58:30","timestamp":"2019-04-22 15:58:30"}
{"level":"info","message":"GET /order/discount_info 4 2019-04-22 16:00:06","timestamp":"2019-04-22 16:00:06"}
{"level":"info","message":"GET /order/order_items 29 2019-04-22 16:00:06","timestamp":"2019-04-22 16:00:06"}
{"level":"info","message":"GET /order/detail 25 2019-04-22 16:00:06","timestamp":"2019-04-22 16:00:06"}
{"level":"info","message":"GET /order/detail 8 2019-04-22 16:00:06","timestamp":"2019-04-22 16:00:06"}
{"level":"info","message":"GET /system/info 6 2019-04-22 16:00:08","timestamp":"2019-04-22 16:00:08"}
{"level":"info","message":"GET /order/detail 9 2019-04-22 16:00:09","timestamp":"2019-04-22 16:00:09"}
{"level":"info","message":"GET /order/discount_info 3 2019-04-22 16:00:09","timestamp":"2019-04-22 16:00:09"}
{"level":"info","message":"GET /order/detail 13 2019-04-22 16:00:09","timestamp":"2019-04-22 16:00:09"}
{"level":"info","message":"GET /order/order_items 7 2019-04-22 16:00:09","timestamp":"2019-04-22 16:00:09"}
{"level":"info","message":"GET /system/info 5 2019-04-22 16:02:38","timestamp":"2019-04-22 16:02:38"}
{"level":"info","message":"GET /order/detail 11 2019-04-22 16:02:38","timestamp":"2019-04-22 16:02:38"}
{"level":"info","message":"GET /order/discount_info 3 2019-04-22 16:02:38","timestamp":"2019-04-22 16:02:38"}
{"level":"info","message":"GET /order/detail 7 2019-04-22 16:02:38","timestamp":"2019-04-22 16:02:38"}
{"level":"info","message":"GET /order/order_items 8 2019-04-22 16:02:39","timestamp":"2019-04-22 16:02:39"}
{"level":"info","message":"GET /system/info 7 2019-04-22 16:07:43","timestamp":"2019-04-22 16:07:43"}
{"level":"info","message":"GET /order/detail 9 2019-04-22 16:07:43","timestamp":"2019-04-22 16:07:43"}
{"level":"info","message":"GET /order/discount_info 2 2019-04-22 16:07:43","timestamp":"2019-04-22 16:07:43"}
{"level":"info","message":"GET /order/detail 8 2019-04-22 16:07:43","timestamp":"2019-04-22 16:07:43"}
{"level":"info","message":"GET /order/order_items 7 2019-04-22 16:07:43","timestamp":"2019-04-22 16:07:43"}
{"level":"info","message":"GET /order/order_state_count 6 2019-04-22 16:09:09","timestamp":"2019-04-22 16:09:09"}
{"level":"info","message":"GET /area 7 2019-04-22 16:09:09","timestamp":"2019-04-22 16:09:09"}
{"level":"info","message":"GET /table/list 6 2019-04-22 16:09:09","timestamp":"2019-04-22 16:09:09"}
{"level":"info","message":"GET /order/detail 5 2019-04-22 16:09:12","timestamp":"2019-04-22 16:09:12"}
{"level":"info","message":"GET /order/get_order_test 4 2019-04-22 16:09:13","timestamp":"2019-04-22 16:09:13"}
{"level":"info","message":"GET /article/family_list 13 2019-04-22 16:21:27","timestamp":"2019-04-22 16:21:27"}
{"level":"info","message":"GET /order/detail 23 2019-04-22 16:21:27","timestamp":"2019-04-22 16:21:27"}
{"level":"info","message":"GET /article/article_list 88 2019-04-22 16:21:27","timestamp":"2019-04-22 16:21:27"}
{"level":"info","message":"GET /order/order_state_count 6 2019-04-22 16:21:35","timestamp":"2019-04-22 16:21:35"}
{"level":"info","message":"GET /area 3 2019-04-22 16:21:35","timestamp":"2019-04-22 16:21:35"}
{"level":"info","message":"GET /table/list 18 2019-04-22 16:21:35","timestamp":"2019-04-22 16:21:35"}
{"level":"info","message":"GET /order/detail 33 2019-04-22 16:21:35","timestamp":"2019-04-22 16:21:35"}
{"level":"info","message":"GET /order/get_order_test 4 2019-04-22 16:21:36","timestamp":"2019-04-22 16:21:36"}
{"level":"error","message":"==mqtt==close==你已断开连接,异常退出","timestamp":"2019-04-22 16:45:33"}
{"level":"info","message":"==mqtt==reconnect==正在尝试重新连接","timestamp":"2019-04-22 16:45:48"}
{"level":"info","message":"mqtt成功连接到：ws://test.emq.restoplus.cn:8083/mqtt","timestamp":"2019-04-22 16:45:48"}
{"level":"info","message":"订阅成功--$queue/winPos/+/2f83afee7a0e4822a6729145dd53af33/d2ff1bbb8c6f4fd8adb3949f76f8c1b6/+/+/+","timestamp":"2019-04-22 16:45:48"}
{"level":"info","message":"允许接收的平台=>posAdmin-dev,resto-dev","timestamp":"2019-04-22 16:45:48"}
{"level":"info","message":"GET /table/list 19 2019-04-22 17:42:29","timestamp":"2019-04-22 17:42:29"}
{"level":"info","message":"GET /order/detail 8 2019-04-22 17:42:32","timestamp":"2019-04-22 17:42:32"}
{"level":"info","message":"GET /order/get_order_test 3 2019-04-22 17:42:33","timestamp":"2019-04-22 17:42:33"}
{"level":"info","message":"GET /order/detail 5 2019-04-22 17:42:35","timestamp":"2019-04-22 17:42:35"}
{"level":"info","message":"GET /order/get_order_test 5 2019-04-22 17:42:36","timestamp":"2019-04-22 17:42:36"}
{"level":"info","message":"GET /system/info 7 2019-04-22 18:14:55","timestamp":"2019-04-22 18:14:55"}
{"level":"info","message":"GET /order/order_state_count 10 2019-04-22 18:14:56","timestamp":"2019-04-22 18:14:56"}
{"level":"info","message":"GET /area 9 2019-04-22 18:14:56","timestamp":"2019-04-22 18:14:56"}
{"level":"info","message":"GET /table/list 10 2019-04-22 18:14:56","timestamp":"2019-04-22 18:14:56"}
{"level":"info","message":"GET /order/detail 21 2019-04-22 18:14:56","timestamp":"2019-04-22 18:14:56"}
{"level":"info","message":"GET /order/get_order_test 9 2019-04-22 18:14:56","timestamp":"2019-04-22 18:14:56"}
{"level":"info","message":"GET /order/detail 7 2019-04-22 18:14:57","timestamp":"2019-04-22 18:14:57"}
{"level":"info","message":"GET /order/get_order_test 4 2019-04-22 18:14:57","timestamp":"2019-04-22 18:14:57"}
{"level":"info","message":"GET /article/family_list 2 2019-04-22 18:15:00","timestamp":"2019-04-22 18:15:00"}
{"level":"info","message":"GET /order/detail 8 2019-04-22 18:15:00","timestamp":"2019-04-22 18:15:00"}
{"level":"info","message":"GET /article/article_list 18 2019-04-22 18:15:00","timestamp":"2019-04-22 18:15:00"}
{"level":"info","message":"GET /article/article_list 17 2019-04-22 18:15:03","timestamp":"2019-04-22 18:15:03"}
{"level":"info","message":"GET /order/detail 8 2019-04-22 18:15:06","timestamp":"2019-04-22 18:15:06"}
{"level":"info","message":"GET /article/family_list 9 2019-04-22 18:19:46","timestamp":"2019-04-22 18:19:46"}
{"level":"info","message":"GET /order/detail 17 2019-04-22 18:19:46","timestamp":"2019-04-22 18:19:46"}
{"level":"info","message":"GET /article/article_list 24 2019-04-22 18:19:46","timestamp":"2019-04-22 18:19:46"}
{"level":"info","message":"GET /article/article_list 12 2019-04-22 18:19:48","timestamp":"2019-04-22 18:19:48"}
{"level":"info","message":"GET /order/detail 8 2019-04-22 18:19:54","timestamp":"2019-04-22 18:19:54"}
{"level":"info","message":"GET /system/info 7 2019-04-22 18:23:05","timestamp":"2019-04-22 18:23:05"}
{"level":"info","message":"GET /article/family_list 4 2019-04-22 18:23:06","timestamp":"2019-04-22 18:23:06"}
{"level":"info","message":"GET /order/detail 8 2019-04-22 18:23:06","timestamp":"2019-04-22 18:23:06"}
{"level":"info","message":"GET /article/article_list 15 2019-04-22 18:23:06","timestamp":"2019-04-22 18:23:06"}
{"level":"info","message":"GET /article/article_list 15 2019-04-22 18:23:08","timestamp":"2019-04-22 18:23:08"}
{"level":"info","message":"GET /order/detail 7 2019-04-22 18:23:12","timestamp":"2019-04-22 18:23:12"}
{"level":"info","message":"POST /bindTable 15 2019-04-22 18:23:12","timestamp":"2019-04-22 18:23:12"}
{"level":"info","message":"GET /order/order_state_count 7 2019-04-22 18:29:01","timestamp":"2019-04-22 18:29:01"}
{"level":"info","message":"GET /area 7 2019-04-22 18:29:01","timestamp":"2019-04-22 18:29:01"}
{"level":"info","message":"GET /table/list 7 2019-04-22 18:29:01","timestamp":"2019-04-22 18:29:01"}
{"level":"info","message":"GET /order/detail 6 2019-04-22 18:29:04","timestamp":"2019-04-22 18:29:04"}
{"level":"info","message":"GET /order/get_order_test 4 2019-04-22 18:29:05","timestamp":"2019-04-22 18:29:05"}
{"level":"info","message":"GET /article/family_list 4 2019-04-22 18:29:06","timestamp":"2019-04-22 18:29:06"}
{"level":"info","message":"GET /order/detail 7 2019-04-22 18:29:06","timestamp":"2019-04-22 18:29:06"}
{"level":"info","message":"GET /article/article_list 13 2019-04-22 18:29:06","timestamp":"2019-04-22 18:29:06"}
{"level":"info","message":"GET /article/article_list 12 2019-04-22 18:29:08","timestamp":"2019-04-22 18:29:08"}
{"level":"info","message":"GET /order/detail 7 2019-04-22 18:29:13","timestamp":"2019-04-22 18:29:13"}
{"level":"info","message":"POST /bindTable 14 2019-04-22 18:29:13","timestamp":"2019-04-22 18:29:13"}
{"level":"info","message":"mqtt成功连接到：ws://test.emq.restoplus.cn:8083/mqtt","timestamp":"2019-04-22 18:30:44"}
{"level":"info","message":"订阅成功--$queue/winPos/+/2f83afee7a0e4822a6729145dd53af33/d2ff1bbb8c6f4fd8adb3949f76f8c1b6/+/+/+","timestamp":"2019-04-22 18:30:44"}
{"level":"info","message":"允许接收的平台=>posAdmin-dev,resto-dev","timestamp":"2019-04-22 18:30:44"}
{"level":"error","message":"==mqtt==close==你已断开连接,异常退出","timestamp":"2019-04-22 18:31:20"}
{"level":"info","message":"==mqtt==reconnect==正在尝试重新连接","timestamp":"2019-04-22 18:31:37"}
{"level":"info","message":"mqtt成功连接到：ws://test.emq.restoplus.cn:8083/mqtt","timestamp":"2019-04-22 18:31:37"}
{"level":"info","message":"订阅成功--$queue/winPos/+/2f83afee7a0e4822a6729145dd53af33/d2ff1bbb8c6f4fd8adb3949f76f8c1b6/+/+/+","timestamp":"2019-04-22 18:31:37"}
{"level":"info","message":"允许接收的平台=>posAdmin-dev,resto-dev","timestamp":"2019-04-22 18:31:37"}
{"level":"info","message":"GET /system/info 147 2019-04-22 18:31:50","timestamp":"2019-04-22 18:31:50"}
{"level":"info","message":"GET /article/family_list 26 2019-04-22 18:31:51","timestamp":"2019-04-22 18:31:51"}
{"level":"info","message":"GET /order/detail 138 2019-04-22 18:31:51","timestamp":"2019-04-22 18:31:51"}
{"level":"info","message":"GET /article/article_list 157 2019-04-22 18:31:51","timestamp":"2019-04-22 18:31:51"}
{"level":"info","message":"GET /order/order_state_count 19 2019-04-22 18:31:54","timestamp":"2019-04-22 18:31:54"}
{"level":"info","message":"GET /area 37 2019-04-22 18:31:54","timestamp":"2019-04-22 18:31:54"}
{"level":"info","message":"GET /table/list 48 2019-04-22 18:31:54","timestamp":"2019-04-22 18:31:54"}
{"level":"info","message":"GET /order/detail 8 2019-04-22 18:31:56","timestamp":"2019-04-22 18:31:56"}
{"level":"info","message":"GET /order/get_order_test 59 2019-04-22 18:31:57","timestamp":"2019-04-22 18:31:57"}
{"level":"info","message":"GET /article/family_list 2 2019-04-22 18:31:58","timestamp":"2019-04-22 18:31:58"}
{"level":"info","message":"GET /order/detail 6 2019-04-22 18:31:58","timestamp":"2019-04-22 18:31:58"}
{"level":"info","message":"GET /article/article_list 15 2019-04-22 18:31:58","timestamp":"2019-04-22 18:31:58"}
{"level":"info","message":"GET /article/article_list 12 2019-04-22 18:32:00","timestamp":"2019-04-22 18:32:00"}
{"level":"info","message":"GET /order/detail 5 2019-04-22 18:32:04","timestamp":"2019-04-22 18:32:04"}
{"level":"info","message":"POST /bindTable 21 2019-04-22 18:32:04","timestamp":"2019-04-22 18:32:04"}
{"level":"info","message":"GET /article/family_list 7 2019-04-22 18:33:52","timestamp":"2019-04-22 18:33:52"}
{"level":"info","message":"GET /order/detail 24 2019-04-22 18:33:52","timestamp":"2019-04-22 18:33:52"}
{"level":"info","message":"GET /article/article_list 19 2019-04-22 18:33:52","timestamp":"2019-04-22 18:33:52"}
{"level":"info","message":"GET /system/info 7 2019-04-22 18:33:54","timestamp":"2019-04-22 18:33:54"}
{"level":"info","message":"GET /article/family_list 2 2019-04-22 18:33:54","timestamp":"2019-04-22 18:33:54"}
{"level":"info","message":"GET /order/detail 8 2019-04-22 18:33:54","timestamp":"2019-04-22 18:33:54"}
{"level":"info","message":"GET /article/article_list 11 2019-04-22 18:33:54","timestamp":"2019-04-22 18:33:54"}
{"level":"info","message":"GET /article/article_list 13 2019-04-22 18:33:55","timestamp":"2019-04-22 18:33:55"}
{"level":"info","message":"GET /order/detail 7 2019-04-22 18:33:59","timestamp":"2019-04-22 18:33:59"}
{"level":"info","message":"POST /bindTable 12 2019-04-22 18:33:59","timestamp":"2019-04-22 18:33:59"}
{"level":"info","message":"mqtt成功连接到：ws://test.emq.restoplus.cn:8083/mqtt","timestamp":"2019-04-22 18:37:27"}
{"level":"info","message":"订阅成功--$queue/winPos/+/2f83afee7a0e4822a6729145dd53af33/d2ff1bbb8c6f4fd8adb3949f76f8c1b6/+/+/+","timestamp":"2019-04-22 18:37:28"}
{"level":"info","message":"允许接收的平台=>posAdmin-dev,resto-dev","timestamp":"2019-04-22 18:37:28"}
{"level":"error","message":"==mqtt==close==你已断开连接,异常退出","timestamp":"2019-04-22 18:37:50"}
{"level":"info","message":"mqtt成功连接到：ws://test.emq.restoplus.cn:8083/mqtt","timestamp":"2019-04-22 18:38:36"}
{"level":"info","message":"订阅成功--$queue/winPos/+/2f83afee7a0e4822a6729145dd53af33/d2ff1bbb8c6f4fd8adb3949f76f8c1b6/+/+/+","timestamp":"2019-04-22 18:38:43"}
{"level":"info","message":"允许接收的平台=>posAdmin-dev,resto-dev","timestamp":"2019-04-22 18:38:43"}
{"level":"error","message":"==mqtt==close==你已断开连接,异常退出","timestamp":"2019-04-22 18:39:02"}
{"level":"error","message":"ServiceUnavailableError: Response timeout\n    at IncomingMessage.<anonymous> (/Users/chintec/Documents/node/resto-newpos/node_modules/connect-timeout/index.js:84:8)\n    at emitOne (events.js:116:13)\n    at IncomingMessage.emit (events.js:211:7)\n    at Timeout._onTimeout (/Users/chintec/Documents/node/resto-newpos/node_modules/connect-timeout/index.js:49:11)\n    at ontimeout (timers.js:475:11)\n    at tryOnTimeout (timers.js:310:5)\n    at Timer.listOnTimeout (timers.js:270:5)","timestamp":"2019-04-22 18:39:13"}
{"level":"info","message":"mqtt成功连接到：ws://test.emq.restoplus.cn:8083/mqtt","timestamp":"2019-04-22 18:39:32"}
{"level":"info","message":"订阅成功--$queue/winPos/+/2f83afee7a0e4822a6729145dd53af33/d2ff1bbb8c6f4fd8adb3949f76f8c1b6/+/+/+","timestamp":"2019-04-22 18:39:39"}
{"level":"info","message":"允许接收的平台=>posAdmin-dev,resto-dev","timestamp":"2019-04-22 18:39:39"}
{"level":"error","message":"==mqtt==close==你已断开连接,异常退出","timestamp":"2019-04-22 18:39:54"}
{"level":"info","message":"==mqtt==reconnect==正在尝试重新连接","timestamp":"2019-04-22 18:40:10"}
{"level":"error","message":"ServiceUnavailableError: Response timeout\n    at IncomingMessage.<anonymous> (/Users/chintec/Documents/node/resto-newpos/node_modules/connect-timeout/index.js:84:8)\n    at emitOne (events.js:116:13)\n    at IncomingMessage.emit (events.js:211:7)\n    at Timeout._onTimeout (/Users/chintec/Documents/node/resto-newpos/node_modules/connect-timeout/index.js:49:11)\n    at ontimeout (timers.js:475:11)\n    at tryOnTimeout (timers.js:310:5)\n    at Timer.listOnTimeout (timers.js:270:5)","timestamp":"2019-04-22 18:40:10"}
{"level":"info","message":"mqtt成功连接到：ws://test.emq.restoplus.cn:8083/mqtt","timestamp":"2019-04-22 18:40:11"}
{"level":"info","message":"订阅成功--$queue/winPos/+/2f83afee7a0e4822a6729145dd53af33/d2ff1bbb8c6f4fd8adb3949f76f8c1b6/+/+/+","timestamp":"2019-04-22 18:40:11"}
{"level":"info","message":"允许接收的平台=>posAdmin-dev,resto-dev","timestamp":"2019-04-22 18:40:11"}
{"level":"info","message":"GET /system/info 183 2019-04-22 18:40:21","timestamp":"2019-04-22 18:40:21"}
{"level":"info","message":"GET /article/family_list 27 2019-04-22 18:40:22","timestamp":"2019-04-22 18:40:22"}
{"level":"info","message":"GET /order/detail 40 2019-04-22 18:40:22","timestamp":"2019-04-22 18:40:22"}
{"level":"info","message":"GET /article/article_list 74 2019-04-22 18:40:22","timestamp":"2019-04-22 18:40:22"}
{"level":"info","message":"GET /article/article_list 9 2019-04-22 18:40:24","timestamp":"2019-04-22 18:40:24"}
{"level":"info","message":"GET /order/detail 3 2019-04-22 18:40:28","timestamp":"2019-04-22 18:40:28"}
{"level":"info","message":"POST /bindTable 95 2019-04-22 18:40:28","timestamp":"2019-04-22 18:40:28"}
{"level":"info","message":"GET /article/family_list 5 2019-04-22 18:41:57","timestamp":"2019-04-22 18:41:57"}
{"level":"info","message":"GET /order/detail 19 2019-04-22 18:41:57","timestamp":"2019-04-22 18:41:57"}
{"level":"info","message":"GET /article/article_list 18 2019-04-22 18:41:57","timestamp":"2019-04-22 18:41:57"}
{"level":"info","message":"GET /system/info 5 2019-04-22 18:41:59","timestamp":"2019-04-22 18:41:59"}
{"level":"info","message":"GET /article/family_list 2 2019-04-22 18:41:59","timestamp":"2019-04-22 18:41:59"}
{"level":"info","message":"GET /order/detail 7 2019-04-22 18:41:59","timestamp":"2019-04-22 18:41:59"}
{"level":"info","message":"GET /article/article_list 12 2019-04-22 18:41:59","timestamp":"2019-04-22 18:41:59"}
{"level":"info","message":"GET /article/article_list 15 2019-04-22 18:42:01","timestamp":"2019-04-22 18:42:01"}
{"level":"info","message":"GET /order/detail 7 2019-04-22 18:42:04","timestamp":"2019-04-22 18:42:04"}
{"level":"info","message":"POST /bindTable 41 2019-04-22 18:42:04","timestamp":"2019-04-22 18:42:04"}
{"level":"info","message":"POST /pushOrder 148 2019-04-22 18:42:04","timestamp":"2019-04-22 18:42:04"}
{"level":"info","message":"GET /order/order_state_count 49 2019-04-22 18:42:04","timestamp":"2019-04-22 18:42:04"}
{"level":"info","message":"GET /area 50 2019-04-22 18:42:04","timestamp":"2019-04-22 18:42:04"}
{"level":"info","message":"GET /table/list 77 2019-04-22 18:42:04","timestamp":"2019-04-22 18:42:04"}
{"level":"info","message":"GET /order/detail 127 2019-04-22 18:42:04","timestamp":"2019-04-22 18:42:04"}
{"level":"info","message":"GET /order/detail 16 2019-04-22 18:42:04","timestamp":"2019-04-22 18:42:04"}
{"level":"info","message":"GET /order/get_order_test 35 2019-04-22 18:42:05","timestamp":"2019-04-22 18:42:05"}
{"level":"info","message":"GET /order/get_order_test 5 2019-04-22 18:42:05","timestamp":"2019-04-22 18:42:05"}
{"level":"info","message":"GET /order/detail 8 2019-04-22 18:42:13","timestamp":"2019-04-22 18:42:13"}
{"level":"info","message":"GET /order/get_order_test 5 2019-04-22 18:42:13","timestamp":"2019-04-22 18:42:13"}
{"level":"info","message":"GET /order/detail 7 2019-04-22 18:42:18","timestamp":"2019-04-22 18:42:18"}
{"level":"info","message":"GET /order/get_order_test 4 2019-04-22 18:42:18","timestamp":"2019-04-22 18:42:18"}
{"level":"info","message":"GET /order/detail 8 2019-04-22 18:42:27","timestamp":"2019-04-22 18:42:27"}
{"level":"info","message":"GET /order/get_order_test 4 2019-04-22 18:42:28","timestamp":"2019-04-22 18:42:28"}
{"level":"info","message":"GET /order/detail 8 2019-04-22 18:42:28","timestamp":"2019-04-22 18:42:28"}
{"level":"info","message":"GET /order/get_order_test 7 2019-04-22 18:42:29","timestamp":"2019-04-22 18:42:29"}
{"level":"info","message":"GET /order/detail 7 2019-04-22 18:42:30","timestamp":"2019-04-22 18:42:30"}
{"level":"info","message":"GET /order/get_order_test 4 2019-04-22 18:42:30","timestamp":"2019-04-22 18:42:31"}
{"level":"info","message":"GET /order/detail 9 2019-04-22 18:43:52","timestamp":"2019-04-22 18:43:52"}
{"level":"info","message":"GET /order/get_order_test 4 2019-04-22 18:43:52","timestamp":"2019-04-22 18:43:52"}
{"level":"info","message":"GET /order/detail 7 2019-04-22 18:43:53","timestamp":"2019-04-22 18:43:53"}
{"level":"info","message":"GET /order/get_order_test 35 2019-04-22 18:43:53","timestamp":"2019-04-22 18:43:53"}
{"level":"info","message":"GET /order/detail 7 2019-04-22 18:43:56","timestamp":"2019-04-22 18:43:56"}
{"level":"info","message":"GET /order/get_order_test 4 2019-04-22 18:43:57","timestamp":"2019-04-22 18:43:57"}
{"level":"info","message":"GET /order/wait_order 4 2019-04-22 18:43:57","timestamp":"2019-04-22 18:43:57"}
{"level":"info","message":"GET /order/detail 6 2019-04-22 18:43:57","timestamp":"2019-04-22 18:43:57"}
{"level":"info","message":"GET /order/get_order_test 7 2019-04-22 18:43:58","timestamp":"2019-04-22 18:43:58"}
{"level":"info","message":"GET /order/pay 7 2019-04-22 18:43:59","timestamp":"2019-04-22 18:43:59"}
{"level":"info","message":"GET /order/detail 7 2019-04-22 18:43:59","timestamp":"2019-04-22 18:43:59"}
{"level":"info","message":"GET /order/get_order_test 5 2019-04-22 18:43:59","timestamp":"2019-04-22 18:43:59"}
{"level":"info","message":"GET /table/list 5 2019-04-22 18:44:00","timestamp":"2019-04-22 18:44:00"}
{"level":"info","message":"GET /order/detail 7 2019-04-22 18:44:03","timestamp":"2019-04-22 18:44:03"}
{"level":"info","message":"GET /order/get_order_test 4 2019-04-22 18:44:03","timestamp":"2019-04-22 18:44:03"}
{"level":"info","message":"GET /order/detail 7 2019-04-22 18:44:04","timestamp":"2019-04-22 18:44:04"}
{"level":"info","message":"GET /order/get_order_test 5 2019-04-22 18:44:04","timestamp":"2019-04-22 18:44:04"}
{"level":"info","message":"GET /order/detail 8 2019-04-22 18:44:06","timestamp":"2019-04-22 18:44:06"}
{"level":"info","message":"GET /order/get_order_test 4 2019-04-22 18:44:06","timestamp":"2019-04-22 18:44:06"}
{"level":"info","message":"GET /order/detail 6 2019-04-22 18:44:06","timestamp":"2019-04-22 18:44:06"}
{"level":"info","message":"GET /order/get_order_test 4 2019-04-22 18:44:07","timestamp":"2019-04-22 18:44:07"}
{"level":"info","message":"GET /order/detail 8 2019-04-22 18:44:07","timestamp":"2019-04-22 18:44:07"}
{"level":"info","message":"GET /order/get_order_test 4 2019-04-22 18:44:08","timestamp":"2019-04-22 18:44:08"}
{"level":"info","message":"GET /order/detail 7 2019-04-22 18:44:08","timestamp":"2019-04-22 18:44:08"}
{"level":"info","message":"GET /order/get_order_test 5 2019-04-22 18:44:09","timestamp":"2019-04-22 18:44:09"}
{"level":"info","message":"GET /article/family_list 2 2019-04-22 18:44:12","timestamp":"2019-04-22 18:44:12"}
{"level":"info","message":"GET /order/detail 6 2019-04-22 18:44:12","timestamp":"2019-04-22 18:44:12"}
{"level":"info","message":"GET /article/article_list 18 2019-04-22 18:44:12","timestamp":"2019-04-22 18:44:12"}
{"level":"info","message":"GET /article/article_list 13 2019-04-22 18:44:13","timestamp":"2019-04-22 18:44:13"}
{"level":"info","message":"GET /order/detail 6 2019-04-22 18:44:18","timestamp":"2019-04-22 18:44:18"}
{"level":"info","message":"POST /bindTable 34 2019-04-22 18:44:18","timestamp":"2019-04-22 18:44:18"}
{"level":"info","message":"POST /pushOrder 119 2019-04-22 18:44:18","timestamp":"2019-04-22 18:44:18"}
{"level":"info","message":"GET /order/order_state_count 15 2019-04-22 18:44:19","timestamp":"2019-04-22 18:44:19"}
{"level":"info","message":"GET /area 14 2019-04-22 18:44:19","timestamp":"2019-04-22 18:44:19"}
{"level":"info","message":"GET /table/list 15 2019-04-22 18:44:19","timestamp":"2019-04-22 18:44:19"}
{"level":"info","message":"GET /order/detail 46 2019-04-22 18:44:19","timestamp":"2019-04-22 18:44:19"}
{"level":"info","message":"GET /order/detail 11 2019-04-22 18:44:19","timestamp":"2019-04-22 18:44:19"}
{"level":"info","message":"GET /order/get_order_test 5 2019-04-22 18:44:19","timestamp":"2019-04-22 18:44:19"}
{"level":"info","message":"GET /order/get_order_test 4 2019-04-22 18:44:19","timestamp":"2019-04-22 18:44:19"}
{"level":"info","message":"GET /order/detail 7 2019-04-22 18:44:24","timestamp":"2019-04-22 18:44:24"}
{"level":"info","message":"GET /order/get_order_test 4 2019-04-22 18:44:25","timestamp":"2019-04-22 18:44:25"}
{"level":"info","message":"GET /order/detail 10 2019-04-22 18:45:21","timestamp":"2019-04-22 18:45:21"}
{"level":"info","message":"GET /order/get_order_test 6 2019-04-22 18:45:21","timestamp":"2019-04-22 18:45:21"}
{"level":"info","message":"GET /article/family_list 5 2019-04-22 18:45:22","timestamp":"2019-04-22 18:45:22"}
{"level":"info","message":"GET /order/detail 8 2019-04-22 18:45:22","timestamp":"2019-04-22 18:45:22"}
{"level":"info","message":"GET /article/article_list 22 2019-04-22 18:45:22","timestamp":"2019-04-22 18:45:22"}
{"level":"info","message":"GET /article/article_list 17 2019-04-22 18:45:25","timestamp":"2019-04-22 18:45:25"}
{"level":"info","message":"GET /order/detail 6 2019-04-22 18:45:29","timestamp":"2019-04-22 18:45:29"}
{"level":"info","message":"POST /bindTable 592 2019-04-22 18:45:29","timestamp":"2019-04-22 18:45:29"}
{"level":"info","message":"POST /pushOrder 90 2019-04-22 18:45:30","timestamp":"2019-04-22 18:45:30"}
{"level":"info","message":"GET /order/order_state_count 15 2019-04-22 18:45:30","timestamp":"2019-04-22 18:45:30"}
{"level":"info","message":"GET /area 12 2019-04-22 18:45:30","timestamp":"2019-04-22 18:45:30"}
{"level":"info","message":"GET /table/list 13 2019-04-22 18:45:30","timestamp":"2019-04-22 18:45:30"}
{"level":"info","message":"GET /order/detail 35 2019-04-22 18:45:30","timestamp":"2019-04-22 18:45:30"}
{"level":"info","message":"GET /order/detail 7 2019-04-22 18:45:30","timestamp":"2019-04-22 18:45:30"}
{"level":"info","message":"GET /order/get_order_test 4 2019-04-22 18:45:30","timestamp":"2019-04-22 18:45:30"}
{"level":"info","message":"GET /order/get_order_test 5 2019-04-22 18:45:30","timestamp":"2019-04-22 18:45:30"}
{"level":"info","message":"GET /order/detail 7 2019-04-22 18:45:44","timestamp":"2019-04-22 18:45:44"}
{"level":"info","message":"GET /order/get_order_test 5 2019-04-22 18:45:45","timestamp":"2019-04-22 18:45:45"}
{"level":"info","message":"GET /table/list 45 2019-04-22 18:47:36","timestamp":"2019-04-22 18:47:36"}
{"level":"info","message":"POST /bindTable 66 2019-04-22 18:47:40","timestamp":"2019-04-22 18:47:40"}
{"level":"info","message":"POST /bindTable 13 2019-04-22 18:47:43","timestamp":"2019-04-22 18:47:43"}
{"level":"info","message":"POST /bindTable 54 2019-04-22 18:47:47","timestamp":"2019-04-22 18:47:47"}
{"level":"info","message":"GET /article/family_list 9 2019-04-22 18:47:47","timestamp":"2019-04-22 18:47:47"}
{"level":"info","message":"GET /order/detail 18 2019-04-22 18:47:47","timestamp":"2019-04-22 18:47:47"}
{"level":"info","message":"GET /article/article_list 50 2019-04-22 18:47:47","timestamp":"2019-04-22 18:47:47"}
{"level":"info","message":"POST /pushOrder 106 2019-04-22 18:47:49","timestamp":"2019-04-22 18:47:49"}
{"level":"info","message":"GET /order/order_state_count 26 2019-04-22 18:47:50","timestamp":"2019-04-22 18:47:50"}
{"level":"info","message":"GET /area 42 2019-04-22 18:47:50","timestamp":"2019-04-22 18:47:50"}
{"level":"info","message":"GET /table/list 42 2019-04-22 18:47:50","timestamp":"2019-04-22 18:47:50"}
{"level":"info","message":"GET /order/detail 66 2019-04-22 18:47:50","timestamp":"2019-04-22 18:47:50"}
{"level":"info","message":"GET /order/get_order_test 13 2019-04-22 18:47:50","timestamp":"2019-04-22 18:47:50"}
{"level":"info","message":"GET /order/no_pay 6 2019-04-22 18:47:51","timestamp":"2019-04-22 18:47:51"}
{"level":"info","message":"GET /order/detail 16 2019-04-22 18:47:51","timestamp":"2019-04-22 18:47:51"}
{"level":"info","message":"GET /order/get_order_test 4 2019-04-22 18:47:52","timestamp":"2019-04-22 18:47:52"}
{"level":"info","message":"GET /article/family_list 3 2019-04-22 18:48:01","timestamp":"2019-04-22 18:48:01"}
{"level":"info","message":"GET /order/detail 8 2019-04-22 18:48:01","timestamp":"2019-04-22 18:48:01"}
{"level":"info","message":"GET /article/article_list 14 2019-04-22 18:48:01","timestamp":"2019-04-22 18:48:01"}
{"level":"info","message":"GET /order/detail 6 2019-04-22 18:48:03","timestamp":"2019-04-22 18:48:03"}
{"level":"info","message":"POST /bindTable 121 2019-04-22 18:48:04","timestamp":"2019-04-22 18:48:04"}
{"level":"info","message":"POST /pushOrder 999 2019-04-22 18:48:05","timestamp":"2019-04-22 18:48:05"}
{"level":"info","message":"GET /order/order_state_count 23 2019-04-22 18:48:05","timestamp":"2019-04-22 18:48:05"}
{"level":"info","message":"GET /area 22 2019-04-22 18:48:05","timestamp":"2019-04-22 18:48:05"}
{"level":"info","message":"GET /table/list 29 2019-04-22 18:48:05","timestamp":"2019-04-22 18:48:05"}
{"level":"info","message":"GET /order/detail 48 2019-04-22 18:48:05","timestamp":"2019-04-22 18:48:05"}
{"level":"info","message":"GET /order/detail 5 2019-04-22 18:48:05","timestamp":"2019-04-22 18:48:05"}
{"level":"info","message":"GET /order/get_order_test 5 2019-04-22 18:48:05","timestamp":"2019-04-22 18:48:05"}
{"level":"info","message":"GET /order/get_order_test 5 2019-04-22 18:48:05","timestamp":"2019-04-22 18:48:05"}
{"level":"info","message":"GET /order/no_pay 3 2019-04-22 18:48:11","timestamp":"2019-04-22 18:48:11"}
{"level":"info","message":"GET /order/detail 7 2019-04-22 18:48:11","timestamp":"2019-04-22 18:48:11"}
{"level":"info","message":"GET /order/get_order_test 3 2019-04-22 18:48:12","timestamp":"2019-04-22 18:48:12"}
{"level":"info","message":"GET /order/wait_order 2 2019-04-22 18:48:12","timestamp":"2019-04-22 18:48:12"}
{"level":"info","message":"GET /order/detail 6 2019-04-22 18:48:12","timestamp":"2019-04-22 18:48:12"}
{"level":"info","message":"GET /order/get_order_test 4 2019-04-22 18:48:13","timestamp":"2019-04-22 18:48:13"}
{"level":"info","message":"GET /order/no_pay 4 2019-04-22 18:48:14","timestamp":"2019-04-22 18:48:14"}
{"level":"info","message":"GET /order/detail 6 2019-04-22 18:48:14","timestamp":"2019-04-22 18:48:14"}
{"level":"info","message":"GET /order/get_order_test 13 2019-04-22 18:48:15","timestamp":"2019-04-22 18:48:15"}
{"level":"info","message":"GET /order/wait_order 3 2019-04-22 18:48:30","timestamp":"2019-04-22 18:48:30"}
{"level":"info","message":"GET /order/detail 6 2019-04-22 18:48:30","timestamp":"2019-04-22 18:48:30"}
{"level":"info","message":"GET /order/get_order_test 5 2019-04-22 18:48:30","timestamp":"2019-04-22 18:48:30"}
{"level":"info","message":"GET /table/list 6 2019-04-22 18:48:31","timestamp":"2019-04-22 18:48:31"}
{"level":"info","message":"GET /order/no_pay 2 2019-04-22 18:48:41","timestamp":"2019-04-22 18:48:41"}
{"level":"info","message":"GET /order/detail 6 2019-04-22 18:48:41","timestamp":"2019-04-22 18:48:41"}
{"level":"info","message":"GET /order/get_order_test 4 2019-04-22 18:48:41","timestamp":"2019-04-22 18:48:41"}
{"level":"info","message":"GET /order/wait_order 4 2019-04-22 18:48:45","timestamp":"2019-04-22 18:48:45"}
{"level":"info","message":"GET /order/detail 13 2019-04-22 18:48:45","timestamp":"2019-04-22 18:48:45"}
{"level":"info","message":"GET /order/get_order_test 4 2019-04-22 18:48:46","timestamp":"2019-04-22 18:48:46"}
{"level":"info","message":"GET /table/list 6 2019-04-22 18:51:01","timestamp":"2019-04-22 18:51:01"}
{"level":"info","message":"GET /system/info 26 2019-04-22 18:51:04","timestamp":"2019-04-22 18:51:04"}
{"level":"info","message":"GET /order/order_state_count 6 2019-04-22 18:51:05","timestamp":"2019-04-22 18:51:05"}
{"level":"info","message":"GET /area 3 2019-04-22 18:51:05","timestamp":"2019-04-22 18:51:05"}
{"level":"info","message":"GET /table/list 4 2019-04-22 18:51:05","timestamp":"2019-04-22 18:51:05"}
{"level":"info","message":"POST /bindTable 125 2019-04-22 18:51:10","timestamp":"2019-04-22 18:51:10"}
{"level":"info","message":"GET /article/family_list 2 2019-04-22 18:51:11","timestamp":"2019-04-22 18:51:11"}
{"level":"info","message":"GET /order/detail 6 2019-04-22 18:51:11","timestamp":"2019-04-22 18:51:11"}
{"level":"info","message":"GET /article/article_list 12 2019-04-22 18:51:11","timestamp":"2019-04-22 18:51:11"}
{"level":"info","message":"POST /pushOrder 49 2019-04-22 18:51:19","timestamp":"2019-04-22 18:51:19"}
{"level":"info","message":"GET /order/order_state_count 5 2019-04-22 18:51:19","timestamp":"2019-04-22 18:51:19"}
{"level":"info","message":"GET /area 2 2019-04-22 18:51:19","timestamp":"2019-04-22 18:51:19"}
{"level":"info","message":"GET /table/list 5 2019-04-22 18:51:19","timestamp":"2019-04-22 18:51:19"}
{"level":"info","message":"GET /order/detail 17 2019-04-22 18:51:19","timestamp":"2019-04-22 18:51:19"}
{"level":"info","message":"GET /order/get_order_test 4 2019-04-22 18:51:20","timestamp":"2019-04-22 18:51:20"}
{"level":"info","message":"GET /article/family_list 3 2019-04-22 18:51:26","timestamp":"2019-04-22 18:51:26"}
{"level":"info","message":"GET /order/detail 8 2019-04-22 18:51:26","timestamp":"2019-04-22 18:51:26"}
{"level":"info","message":"GET /article/article_list 11 2019-04-22 18:51:26","timestamp":"2019-04-22 18:51:26"}
{"level":"info","message":"GET /order/detail 7 2019-04-22 18:51:29","timestamp":"2019-04-22 18:51:29"}
{"level":"info","message":"POST /bindTable 26 2019-04-22 18:51:29","timestamp":"2019-04-22 18:51:29"}
{"level":"info","message":"POST /pushOrder 99 2019-04-22 18:51:29","timestamp":"2019-04-22 18:51:29"}
{"level":"info","message":"GET /order/order_state_count 8 2019-04-22 18:51:30","timestamp":"2019-04-22 18:51:30"}
{"level":"info","message":"GET /area 10 2019-04-22 18:51:30","timestamp":"2019-04-22 18:51:30"}
{"level":"info","message":"GET /table/list 7 2019-04-22 18:51:30","timestamp":"2019-04-22 18:51:30"}
{"level":"info","message":"GET /order/detail 27 2019-04-22 18:51:30","timestamp":"2019-04-22 18:51:30"}
{"level":"info","message":"GET /order/detail 5 2019-04-22 18:51:30","timestamp":"2019-04-22 18:51:30"}
{"level":"info","message":"GET /order/get_order_test 4 2019-04-22 18:51:30","timestamp":"2019-04-22 18:51:30"}
{"level":"info","message":"GET /order/get_order_test 4 2019-04-22 18:51:30","timestamp":"2019-04-22 18:51:30"}
