{"level":"info","message":"mqtt成功连接到：ws://test.emq.restoplus.cn:8083/mqtt","timestamp":"2019-07-22 10:33:31"}
{"level":"info","message":"订阅成功--$queue/winPos/+/2f83afee7a0e4822a6729145dd53af33/d2ff1bbb8c6f4fd8adb3949f76f8c1b6/+/+/+","timestamp":"2019-07-22 10:33:36"}
{"level":"info","message":"允许接收的平台=>posAdmin-dev,resto-dev","timestamp":"2019-07-22 10:33:36"}
{"level":"info","message":"GET /system/info 30 2019-07-22 10:35:55","timestamp":"2019-07-22 10:35:55"}
{"level":"info","message":"GET /on/line/state 1 2019-07-22 10:35:58","timestamp":"2019-07-22 10:35:58"}
{"level":"info","message":"GET /order/order_state_count 63 2019-07-22 10:35:58","timestamp":"2019-07-22 10:35:58"}
{"level":"info","message":"GET /table/list 61 2019-07-22 10:35:58","timestamp":"2019-07-22 10:35:58"}
{"level":"info","message":"GET /area 51 2019-07-22 10:35:58","timestamp":"2019-07-22 10:35:58"}
{"level":"info","message":"GET /table/number 3 2019-07-22 10:35:58","timestamp":"2019-07-22 10:35:58"}
{"level":"info","message":"启动离线订单检测！间隔180000","timestamp":"2019-07-22 10:36:24"}
{"level":"info","message":"没有需要同步的订单！","timestamp":"2019-07-22 10:36:24"}
{"level":"info","message":"启动打印机检测！间隔240000","timestamp":"2019-07-22 10:37:24"}
{"level":"info","message":"GET /order/order_state_count 11 2019-07-22 10:39:01","timestamp":"2019-07-22 10:39:01"}
{"level":"info","message":"GET /area 14 2019-07-22 10:39:01","timestamp":"2019-07-22 10:39:01"}
{"level":"info","message":"GET /table/list 18 2019-07-22 10:39:01","timestamp":"2019-07-22 10:39:01"}
{"level":"info","message":"GET /table/number 4 2019-07-22 10:39:01","timestamp":"2019-07-22 10:39:01"}
{"level":"info","message":"启动离线订单检测！间隔180000","timestamp":"2019-07-22 10:39:24"}
{"level":"info","message":"没有需要同步的订单！","timestamp":"2019-07-22 10:39:24"}
{"level":"info","message":"启动打印机检测！间隔240000","timestamp":"2019-07-22 10:41:24"}
{"level":"info","message":"启动离线订单检测！间隔180000","timestamp":"2019-07-22 10:42:24"}
{"level":"info","message":"没有需要同步的订单！","timestamp":"2019-07-22 10:42:24"}
{"level":"info","message":"启动打印机检测！间隔240000","timestamp":"2019-07-22 10:45:24"}
{"level":"info","message":"启动离线订单检测！间隔180000","timestamp":"2019-07-22 10:45:24"}
{"level":"info","message":"没有需要同步的订单！","timestamp":"2019-07-22 10:45:24"}
{"level":"info","message":"启动离线订单检测！间隔180000","timestamp":"2019-07-22 10:48:24"}
{"level":"info","message":"没有需要同步的订单！","timestamp":"2019-07-22 10:48:24"}
{"level":"info","message":"启动打印机检测！间隔240000","timestamp":"2019-07-22 10:49:24"}
{"level":"info","message":"启动离线订单检测！间隔180000","timestamp":"2019-07-22 10:51:24"}
{"level":"info","message":"没有需要同步的订单！","timestamp":"2019-07-22 10:51:24"}
{"level":"info","message":"启动打印机检测！间隔240000","timestamp":"2019-07-22 10:53:24"}
{"level":"info","message":"启动离线订单检测！间隔180000","timestamp":"2019-07-22 10:54:24"}
{"level":"info","message":"没有需要同步的订单！","timestamp":"2019-07-22 10:54:24"}
{"level":"info","message":"启动打印机检测！间隔240000","timestamp":"2019-07-22 10:57:24"}
{"level":"info","message":"启动离线订单检测！间隔180000","timestamp":"2019-07-22 10:57:24"}
{"level":"info","message":"没有需要同步的订单！","timestamp":"2019-07-22 10:57:24"}
{"level":"info","message":"启动离线订单检测！间隔180000","timestamp":"2019-07-22 11:00:24"}
{"level":"info","message":"没有需要同步的订单！","timestamp":"2019-07-22 11:00:24"}
{"level":"info","message":"启动打印机检测！间隔240000","timestamp":"2019-07-22 11:01:24"}
{"level":"info","message":"启动离线订单检测！间隔180000","timestamp":"2019-07-22 11:03:24"}
{"level":"info","message":"没有需要同步的订单！","timestamp":"2019-07-22 11:03:24"}
{"level":"info","message":"启动打印机检测！间隔240000","timestamp":"2019-07-22 11:05:24"}
{"level":"info","message":"启动离线订单检测！间隔180000","timestamp":"2019-07-22 11:06:24"}
{"level":"info","message":"没有需要同步的订单！","timestamp":"2019-07-22 11:06:24"}
{"level":"info","message":"启动打印机检测！间隔240000","timestamp":"2019-07-22 11:09:24"}
{"level":"info","message":"启动离线订单检测！间隔180000","timestamp":"2019-07-22 11:09:24"}
{"level":"info","message":"没有需要同步的订单！","timestamp":"2019-07-22 11:09:24"}
{"level":"info","message":"启动离线订单检测！间隔180000","timestamp":"2019-07-22 11:12:24"}
{"level":"info","message":"没有需要同步的订单！","timestamp":"2019-07-22 11:12:24"}
{"level":"info","message":"GET /order/order_state_count 6 2019-07-22 11:13:19","timestamp":"2019-07-22 11:13:19"}
{"level":"info","message":"GET /area 5 2019-07-22 11:13:19","timestamp":"2019-07-22 11:13:19"}
{"level":"info","message":"GET /table/list 8 2019-07-22 11:13:19","timestamp":"2019-07-22 11:13:19"}
{"level":"info","message":"GET /table/number 2 2019-07-22 11:13:19","timestamp":"2019-07-22 11:13:19"}
{"level":"info","message":"启动打印机检测！间隔240000","timestamp":"2019-07-22 11:13:24"}
{"level":"info","message":"启动离线订单检测！间隔180000","timestamp":"2019-07-22 11:15:24"}
{"level":"info","message":"没有需要同步的订单！","timestamp":"2019-07-22 11:15:24"}
{"level":"info","message":"启动打印机检测！间隔240000","timestamp":"2019-07-22 11:17:24"}
{"level":"info","message":"启动离线订单检测！间隔180000","timestamp":"2019-07-22 11:18:24"}
{"level":"info","message":"没有需要同步的订单！","timestamp":"2019-07-22 11:18:24"}
{"level":"info","message":"启动打印机检测！间隔240000","timestamp":"2019-07-22 11:21:24"}
{"level":"info","message":"启动离线订单检测！间隔180000","timestamp":"2019-07-22 11:21:24"}
{"level":"info","message":"没有需要同步的订单！","timestamp":"2019-07-22 11:21:24"}
{"level":"info","message":"启动离线订单检测！间隔180000","timestamp":"2019-07-22 11:24:24"}
{"level":"info","message":"没有需要同步的订单！","timestamp":"2019-07-22 11:24:24"}
{"level":"info","message":"启动打印机检测！间隔240000","timestamp":"2019-07-22 11:25:24"}
{"level":"info","message":"启动离线订单检测！间隔180000","timestamp":"2019-07-22 11:27:24"}
{"level":"info","message":"没有需要同步的订单！","timestamp":"2019-07-22 11:27:24"}
{"level":"info","message":"启动打印机检测！间隔240000","timestamp":"2019-07-22 11:29:26"}
{"level":"info","message":"启动离线订单检测！间隔180000","timestamp":"2019-07-22 11:30:26"}
{"level":"info","message":"没有需要同步的订单！","timestamp":"2019-07-22 11:30:26"}
{"level":"info","message":"启动打印机检测！间隔240000","timestamp":"2019-07-22 11:33:26"}
{"level":"info","message":"启动离线订单检测！间隔180000","timestamp":"2019-07-22 11:33:26"}
{"level":"info","message":"没有需要同步的订单！","timestamp":"2019-07-22 11:33:26"}
{"level":"info","message":"启动离线订单检测！间隔180000","timestamp":"2019-07-22 11:36:26"}
{"level":"info","message":"没有需要同步的订单！","timestamp":"2019-07-22 11:36:26"}
{"level":"info","message":"启动打印机检测！间隔240000","timestamp":"2019-07-22 11:37:26"}
{"level":"info","message":"启动离线订单检测！间隔180000","timestamp":"2019-07-22 11:39:26"}
{"level":"info","message":"没有需要同步的订单！","timestamp":"2019-07-22 11:39:26"}
{"level":"info","message":"启动打印机检测！间隔240000","timestamp":"2019-07-22 11:41:26"}
{"level":"info","message":"启动离线订单检测！间隔180000","timestamp":"2019-07-22 11:42:26"}
{"level":"info","message":"没有需要同步的订单！","timestamp":"2019-07-22 11:42:26"}
{"level":"info","message":"启动打印机检测！间隔240000","timestamp":"2019-07-22 11:45:26"}
{"level":"info","message":"启动离线订单检测！间隔180000","timestamp":"2019-07-22 11:45:26"}
{"level":"info","message":"没有需要同步的订单！","timestamp":"2019-07-22 11:45:26"}
{"level":"info","message":"启动离线订单检测！间隔180000","timestamp":"2019-07-22 11:48:26"}
{"level":"info","message":"没有需要同步的订单！","timestamp":"2019-07-22 11:48:26"}
{"level":"info","message":"启动打印机检测！间隔240000","timestamp":"2019-07-22 11:49:26"}
{"level":"info","message":"启动离线订单检测！间隔180000","timestamp":"2019-07-22 11:51:26"}
{"level":"info","message":"没有需要同步的订单！","timestamp":"2019-07-22 11:51:26"}
{"level":"info","message":"启动打印机检测！间隔240000","timestamp":"2019-07-22 11:53:26"}
{"level":"info","message":"启动离线订单检测！间隔180000","timestamp":"2019-07-22 11:54:26"}
{"level":"info","message":"没有需要同步的订单！","timestamp":"2019-07-22 11:54:26"}
{"level":"info","message":"启动打印机检测！间隔240000","timestamp":"2019-07-22 11:57:26"}
{"level":"info","message":"启动离线订单检测！间隔180000","timestamp":"2019-07-22 11:57:26"}
{"level":"info","message":"没有需要同步的订单！","timestamp":"2019-07-22 11:57:26"}
{"level":"info","message":"启动离线订单检测！间隔180000","timestamp":"2019-07-22 12:00:26"}
{"level":"info","message":"没有需要同步的订单！","timestamp":"2019-07-22 12:00:26"}
{"level":"info","message":"启动打印机检测！间隔240000","timestamp":"2019-07-22 12:01:26"}
{"level":"info","message":"启动离线订单检测！间隔180000","timestamp":"2019-07-22 12:03:26"}
{"level":"info","message":"没有需要同步的订单！","timestamp":"2019-07-22 12:03:26"}
{"level":"info","message":"启动打印机检测！间隔240000","timestamp":"2019-07-22 12:05:26"}
{"level":"info","message":"启动离线订单检测！间隔180000","timestamp":"2019-07-22 13:56:46"}
{"level":"info","message":"没有需要同步的订单！","timestamp":"2019-07-22 13:56:46"}
{"level":"error","message":"==mqtt==close==你已断开连接,异常退出","timestamp":"2019-07-22 13:56:52"}
{"level":"error","message":"==mqtt==reconnect==正在尝试重新连接","timestamp":"2019-07-22 13:57:07"}
{"level":"info","message":"mqtt成功连接到：ws://test.emq.restoplus.cn:8083/mqtt","timestamp":"2019-07-22 13:57:07"}
{"level":"info","message":"订阅成功--$queue/winPos/+/2f83afee7a0e4822a6729145dd53af33/d2ff1bbb8c6f4fd8adb3949f76f8c1b6/+/+/+","timestamp":"2019-07-22 13:57:07"}
{"level":"info","message":"允许接收的平台=>posAdmin-dev,resto-dev","timestamp":"2019-07-22 13:57:07"}
{"level":"info","message":"启动打印机检测！间隔240000","timestamp":"2019-07-22 13:59:46"}
{"level":"info","message":"启动离线订单检测！间隔180000","timestamp":"2019-07-22 13:59:46"}
{"level":"info","message":"没有需要同步的订单！","timestamp":"2019-07-22 13:59:46"}
{"level":"info","message":"POST /bind/table 122 2019-07-22 14:02:12","timestamp":"2019-07-22 14:02:12"}
{"level":"info","message":"GET /article/family_list 20 2019-07-22 14:02:12","timestamp":"2019-07-22 14:02:12"}
{"level":"info","message":"GET /order/detail 44 2019-07-22 14:02:12","timestamp":"2019-07-22 14:02:12"}
{"level":"info","message":"GET /article/article_list 35 2019-07-22 14:02:12","timestamp":"2019-07-22 14:02:12"}
{"level":"info","message":"POST /push/order 136 2019-07-22 14:02:29","timestamp":"2019-07-22 14:02:29"}
{"level":"info","message":"GET /order/order_state_count 9 2019-07-22 14:02:29","timestamp":"2019-07-22 14:02:29"}
{"level":"info","message":"GET /area 7 2019-07-22 14:02:29","timestamp":"2019-07-22 14:02:29"}
{"level":"info","message":"GET /table/list 10 2019-07-22 14:02:29","timestamp":"2019-07-22 14:02:29"}
{"level":"info","message":"【/v1/newpos/order/push】==> 下单成功！","timestamp":"2019-07-22 14:02:29"}
{"level":"info","message":"GET /order/detail 72 2019-07-22 14:02:29","timestamp":"2019-07-22 14:02:29"}
{"level":"info","message":"GET /order/get_order_test 4 2019-07-22 14:02:29","timestamp":"2019-07-22 14:02:29"}
{"level":"info","message":"GET /order/detail 6 2019-07-22 14:02:31","timestamp":"2019-07-22 14:02:31"}
{"level":"info","message":"GET /order/discount_info 4 2019-07-22 14:02:31","timestamp":"2019-07-22 14:02:31"}
{"level":"info","message":"GET /order/detail 18 2019-07-22 14:02:31","timestamp":"2019-07-22 14:02:31"}
{"level":"info","message":"GET /order/order_items 7 2019-07-22 14:02:31","timestamp":"2019-07-22 14:02:31"}
{"level":"info","message":"启动离线订单检测！间隔180000","timestamp":"2019-07-22 14:02:46"}
{"level":"info","message":"没有需要同步的订单！","timestamp":"2019-07-22 14:02:46"}
{"level":"info","message":"GET /order/order_state_count 10 2019-07-22 14:03:01","timestamp":"2019-07-22 14:03:01"}
{"level":"info","message":"GET /area 10 2019-07-22 14:03:01","timestamp":"2019-07-22 14:03:01"}
{"level":"info","message":"GET /table/list 12 2019-07-22 14:03:01","timestamp":"2019-07-22 14:03:01"}
{"level":"info","message":"GET /order/get_order_test 6 2019-07-22 14:03:01","timestamp":"2019-07-22 14:03:01"}
{"level":"info","message":"GET /order/detail 9 2019-07-22 14:03:01","timestamp":"2019-07-22 14:03:01"}
{"level":"info","message":"GET /order/get_order_test 4 2019-07-22 14:03:02","timestamp":"2019-07-22 14:03:02"}
{"level":"info","message":"GET /order/discount_info 2 2019-07-22 14:03:05","timestamp":"2019-07-22 14:03:05"}
{"level":"info","message":"GET /order/order_items 15 2019-07-22 14:03:05","timestamp":"2019-07-22 14:03:05"}
{"level":"info","message":"GET /order/detail 15 2019-07-22 14:03:05","timestamp":"2019-07-22 14:03:05"}
{"level":"info","message":"GET /order/detail 8 2019-07-22 14:03:05","timestamp":"2019-07-22 14:03:05"}
{"level":"info","message":"GET /order/order_state_count 8 2019-07-22 14:03:10","timestamp":"2019-07-22 14:03:10"}
{"level":"info","message":"GET /area 7 2019-07-22 14:03:10","timestamp":"2019-07-22 14:03:10"}
{"level":"info","message":"GET /table/list 10 2019-07-22 14:03:10","timestamp":"2019-07-22 14:03:10"}
{"level":"info","message":"GET /order/get_order_test 13 2019-07-22 14:03:10","timestamp":"2019-07-22 14:03:10"}
{"level":"info","message":"GET /order/detail 20 2019-07-22 14:03:10","timestamp":"2019-07-22 14:03:10"}
{"level":"info","message":"GET /order/get_order_test 3 2019-07-22 14:03:10","timestamp":"2019-07-22 14:03:10"}
{"level":"info","message":"GET /article/family_list 3 2019-07-22 14:03:11","timestamp":"2019-07-22 14:03:11"}
{"level":"info","message":"GET /order/detail 7 2019-07-22 14:03:11","timestamp":"2019-07-22 14:03:11"}
{"level":"info","message":"GET /article/article_list 19 2019-07-22 14:03:11","timestamp":"2019-07-22 14:03:11"}
{"level":"info","message":"启动打印机检测！间隔240000","timestamp":"2019-07-22 14:03:46"}
{"level":"info","message":"启动离线订单检测！间隔180000","timestamp":"2019-07-22 14:05:46"}
{"level":"info","message":"没有需要同步的订单！","timestamp":"2019-07-22 14:05:46"}
{"level":"info","message":"启动打印机检测！间隔240000","timestamp":"2019-07-22 14:07:46"}
{"level":"info","message":"启动离线订单检测！间隔180000","timestamp":"2019-07-22 14:08:46"}
{"level":"info","message":"没有需要同步的订单！","timestamp":"2019-07-22 14:08:46"}
{"level":"info","message":"启动打印机检测！间隔240000","timestamp":"2019-07-22 14:11:46"}
{"level":"info","message":"启动离线订单检测！间隔180000","timestamp":"2019-07-22 14:11:46"}
{"level":"info","message":"没有需要同步的订单！","timestamp":"2019-07-22 14:11:46"}
{"level":"info","message":"启动离线订单检测！间隔180000","timestamp":"2019-07-22 14:14:46"}
{"level":"info","message":"没有需要同步的订单！","timestamp":"2019-07-22 14:14:46"}
{"level":"info","message":"启动打印机检测！间隔240000","timestamp":"2019-07-22 14:15:46"}
{"level":"info","message":"启动离线订单检测！间隔180000","timestamp":"2019-07-22 14:17:46"}
{"level":"info","message":"没有需要同步的订单！","timestamp":"2019-07-22 14:17:46"}
{"level":"info","message":"启动打印机检测！间隔240000","timestamp":"2019-07-22 14:19:46"}
{"level":"info","message":"启动离线订单检测！间隔180000","timestamp":"2019-07-22 14:20:46"}
{"level":"info","message":"没有需要同步的订单！","timestamp":"2019-07-22 14:20:46"}
{"level":"info","message":"启动打印机检测！间隔240000","timestamp":"2019-07-22 14:23:46"}
{"level":"info","message":"启动离线订单检测！间隔180000","timestamp":"2019-07-22 14:23:46"}
{"level":"info","message":"没有需要同步的订单！","timestamp":"2019-07-22 14:23:46"}
{"level":"info","message":"启动离线订单检测！间隔180000","timestamp":"2019-07-22 14:26:46"}
{"level":"info","message":"没有需要同步的订单！","timestamp":"2019-07-22 14:26:46"}
{"level":"info","message":"启动打印机检测！间隔240000","timestamp":"2019-07-22 14:27:46"}
{"level":"info","message":"启动离线订单检测！间隔180000","timestamp":"2019-07-22 14:29:46"}
{"level":"info","message":"没有需要同步的订单！","timestamp":"2019-07-22 14:29:46"}
{"level":"info","message":"启动打印机检测！间隔240000","timestamp":"2019-07-22 14:31:46"}
{"level":"info","message":"启动离线订单检测！间隔180000","timestamp":"2019-07-22 14:32:46"}
{"level":"info","message":"没有需要同步的订单！","timestamp":"2019-07-22 14:32:46"}
{"level":"info","message":"启动打印机检测！间隔240000","timestamp":"2019-07-22 14:35:46"}
{"level":"info","message":"启动离线订单检测！间隔180000","timestamp":"2019-07-22 14:35:46"}
{"level":"info","message":"没有需要同步的订单！","timestamp":"2019-07-22 14:35:46"}
{"level":"info","message":"启动离线订单检测！间隔180000","timestamp":"2019-07-22 14:38:46"}
{"level":"info","message":"没有需要同步的订单！","timestamp":"2019-07-22 14:38:46"}
{"level":"info","message":"启动打印机检测！间隔240000","timestamp":"2019-07-22 14:39:46"}
{"level":"info","message":"启动离线订单检测！间隔180000","timestamp":"2019-07-22 14:41:46"}
{"level":"info","message":"没有需要同步的订单！","timestamp":"2019-07-22 14:41:46"}
{"level":"info","message":"启动打印机检测！间隔240000","timestamp":"2019-07-22 14:43:46"}
{"level":"info","message":"启动离线订单检测！间隔180000","timestamp":"2019-07-22 14:44:46"}
{"level":"info","message":"没有需要同步的订单！","timestamp":"2019-07-22 14:44:46"}
{"level":"info","message":"启动打印机检测！间隔240000","timestamp":"2019-07-22 14:47:46"}
{"level":"info","message":"启动离线订单检测！间隔180000","timestamp":"2019-07-22 14:47:46"}
{"level":"info","message":"没有需要同步的订单！","timestamp":"2019-07-22 14:47:46"}
{"level":"info","message":"启动离线订单检测！间隔180000","timestamp":"2019-07-22 14:50:46"}
{"level":"info","message":"没有需要同步的订单！","timestamp":"2019-07-22 14:50:46"}
{"level":"info","message":"启动打印机检测！间隔240000","timestamp":"2019-07-22 14:51:46"}
{"level":"info","message":"启动离线订单检测！间隔180000","timestamp":"2019-07-22 14:53:46"}
{"level":"info","message":"没有需要同步的订单！","timestamp":"2019-07-22 14:53:46"}
{"level":"info","message":"启动打印机检测！间隔240000","timestamp":"2019-07-22 14:55:46"}
{"level":"info","message":"启动离线订单检测！间隔180000","timestamp":"2019-07-22 14:56:46"}
{"level":"info","message":"没有需要同步的订单！","timestamp":"2019-07-22 14:56:46"}
{"level":"info","message":"启动打印机检测！间隔240000","timestamp":"2019-07-22 14:59:46"}
{"level":"info","message":"启动离线订单检测！间隔180000","timestamp":"2019-07-22 14:59:46"}
{"level":"info","message":"没有需要同步的订单！","timestamp":"2019-07-22 14:59:46"}
{"level":"info","message":"启动离线订单检测！间隔180000","timestamp":"2019-07-22 15:02:46"}
{"level":"info","message":"没有需要同步的订单！","timestamp":"2019-07-22 15:02:46"}
{"level":"info","message":"启动打印机检测！间隔240000","timestamp":"2019-07-22 15:03:46"}
{"level":"info","message":"启动离线订单检测！间隔180000","timestamp":"2019-07-22 15:05:46"}
{"level":"info","message":"没有需要同步的订单！","timestamp":"2019-07-22 15:05:46"}
{"level":"info","message":"启动打印机检测！间隔240000","timestamp":"2019-07-22 15:07:46"}
{"level":"info","message":"启动离线订单检测！间隔180000","timestamp":"2019-07-22 15:08:46"}
{"level":"info","message":"没有需要同步的订单！","timestamp":"2019-07-22 15:08:46"}
{"level":"info","message":"启动打印机检测！间隔240000","timestamp":"2019-07-22 15:11:46"}
{"level":"info","message":"启动离线订单检测！间隔180000","timestamp":"2019-07-22 15:11:46"}
{"level":"info","message":"没有需要同步的订单！","timestamp":"2019-07-22 15:11:46"}
{"level":"info","message":"启动离线订单检测！间隔180000","timestamp":"2019-07-22 15:14:46"}
{"level":"info","message":"没有需要同步的订单！","timestamp":"2019-07-22 15:14:47"}
{"level":"info","message":"启动打印机检测！间隔240000","timestamp":"2019-07-22 15:15:46"}
{"level":"info","message":"启动离线订单检测！间隔180000","timestamp":"2019-07-22 15:17:47"}
{"level":"info","message":"没有需要同步的订单！","timestamp":"2019-07-22 15:17:47"}
{"level":"info","message":"启动打印机检测！间隔240000","timestamp":"2019-07-22 15:19:46"}
{"level":"info","message":"启动离线订单检测！间隔180000","timestamp":"2019-07-22 15:20:47"}
{"level":"info","message":"没有需要同步的订单！","timestamp":"2019-07-22 15:20:47"}
{"level":"info","message":"启动打印机检测！间隔240000","timestamp":"2019-07-22 15:23:46"}
{"level":"info","message":"启动离线订单检测！间隔180000","timestamp":"2019-07-22 15:23:47"}
{"level":"info","message":"没有需要同步的订单！","timestamp":"2019-07-22 15:23:47"}
{"level":"info","message":"启动离线订单检测！间隔180000","timestamp":"2019-07-22 15:26:47"}
{"level":"info","message":"没有需要同步的订单！","timestamp":"2019-07-22 15:26:47"}
{"level":"info","message":"启动打印机检测！间隔240000","timestamp":"2019-07-22 15:27:46"}
{"level":"info","message":"启动离线订单检测！间隔180000","timestamp":"2019-07-22 15:29:47"}
{"level":"info","message":"没有需要同步的订单！","timestamp":"2019-07-22 15:29:47"}
{"level":"info","message":"启动打印机检测！间隔240000","timestamp":"2019-07-22 15:31:46"}
{"level":"info","message":"启动离线订单检测！间隔180000","timestamp":"2019-07-22 15:32:47"}
{"level":"info","message":"没有需要同步的订单！","timestamp":"2019-07-22 15:32:47"}
{"level":"info","message":"启动打印机检测！间隔240000","timestamp":"2019-07-22 15:35:46"}
{"level":"info","message":"启动离线订单检测！间隔180000","timestamp":"2019-07-22 15:35:47"}
{"level":"info","message":"没有需要同步的订单！","timestamp":"2019-07-22 15:35:47"}
{"level":"info","message":"启动离线订单检测！间隔180000","timestamp":"2019-07-22 15:38:47"}
{"level":"info","message":"没有需要同步的订单！","timestamp":"2019-07-22 15:38:47"}
{"level":"info","message":"启动打印机检测！间隔240000","timestamp":"2019-07-22 15:39:46"}
{"level":"info","message":"启动离线订单检测！间隔180000","timestamp":"2019-07-22 15:41:47"}
{"level":"info","message":"没有需要同步的订单！","timestamp":"2019-07-22 15:41:47"}
{"level":"info","message":"启动打印机检测！间隔240000","timestamp":"2019-07-22 15:43:46"}
{"level":"info","message":"启动离线订单检测！间隔180000","timestamp":"2019-07-22 15:44:47"}
{"level":"info","message":"没有需要同步的订单！","timestamp":"2019-07-22 15:44:47"}
{"level":"info","message":"启动打印机检测！间隔240000","timestamp":"2019-07-22 15:47:46"}
{"level":"info","message":"启动离线订单检测！间隔180000","timestamp":"2019-07-22 15:47:47"}
{"level":"info","message":"没有需要同步的订单！","timestamp":"2019-07-22 15:47:47"}
{"level":"info","message":"启动离线订单检测！间隔180000","timestamp":"2019-07-22 15:50:47"}
{"level":"info","message":"没有需要同步的订单！","timestamp":"2019-07-22 15:50:47"}
{"level":"info","message":"启动打印机检测！间隔240000","timestamp":"2019-07-22 15:51:46"}
{"level":"info","message":"启动离线订单检测！间隔180000","timestamp":"2019-07-22 15:53:47"}
{"level":"info","message":"没有需要同步的订单！","timestamp":"2019-07-22 15:53:47"}
{"level":"info","message":"启动打印机检测！间隔240000","timestamp":"2019-07-22 15:55:46"}
{"level":"info","message":"启动离线订单检测！间隔180000","timestamp":"2019-07-22 15:56:47"}
{"level":"info","message":"没有需要同步的订单！","timestamp":"2019-07-22 15:56:47"}
{"level":"info","message":"启动打印机检测！间隔240000","timestamp":"2019-07-22 15:59:46"}
{"level":"info","message":"启动离线订单检测！间隔180000","timestamp":"2019-07-22 15:59:47"}
{"level":"info","message":"没有需要同步的订单！","timestamp":"2019-07-22 15:59:47"}
{"level":"info","message":"启动离线订单检测！间隔180000","timestamp":"2019-07-22 16:02:47"}
{"level":"info","message":"没有需要同步的订单！","timestamp":"2019-07-22 16:02:47"}
{"level":"info","message":"启动打印机检测！间隔240000","timestamp":"2019-07-22 16:03:46"}
{"level":"info","message":"启动离线订单检测！间隔180000","timestamp":"2019-07-22 16:05:47"}
{"level":"info","message":"没有需要同步的订单！","timestamp":"2019-07-22 16:05:47"}
{"level":"info","message":"启动打印机检测！间隔240000","timestamp":"2019-07-22 16:07:46"}
{"level":"info","message":"启动离线订单检测！间隔180000","timestamp":"2019-07-22 16:08:47"}
{"level":"info","message":"没有需要同步的订单！","timestamp":"2019-07-22 16:08:47"}
{"level":"info","message":"启动打印机检测！间隔240000","timestamp":"2019-07-22 16:11:46"}
{"level":"info","message":"启动离线订单检测！间隔180000","timestamp":"2019-07-22 16:11:47"}
{"level":"info","message":"没有需要同步的订单！","timestamp":"2019-07-22 16:11:47"}
{"level":"info","message":"启动离线订单检测！间隔180000","timestamp":"2019-07-22 16:14:47"}
{"level":"info","message":"没有需要同步的订单！","timestamp":"2019-07-22 16:14:47"}
{"level":"info","message":"启动打印机检测！间隔240000","timestamp":"2019-07-22 16:15:46"}
{"level":"info","message":"启动离线订单检测！间隔180000","timestamp":"2019-07-22 16:17:48"}
{"level":"info","message":"没有需要同步的订单！","timestamp":"2019-07-22 16:17:48"}
{"level":"info","message":"启动打印机检测！间隔240000","timestamp":"2019-07-22 16:19:48"}
{"level":"info","message":"启动离线订单检测！间隔180000","timestamp":"2019-07-22 16:20:48"}
{"level":"info","message":"没有需要同步的订单！","timestamp":"2019-07-22 16:20:48"}
{"level":"info","message":"启动打印机检测！间隔240000","timestamp":"2019-07-22 16:23:48"}
{"level":"info","message":"启动离线订单检测！间隔180000","timestamp":"2019-07-22 16:23:48"}
{"level":"info","message":"没有需要同步的订单！","timestamp":"2019-07-22 16:23:48"}
{"level":"info","message":"启动离线订单检测！间隔180000","timestamp":"2019-07-22 16:26:48"}
{"level":"info","message":"没有需要同步的订单！","timestamp":"2019-07-22 16:26:48"}
{"level":"info","message":"启动打印机检测！间隔240000","timestamp":"2019-07-22 16:27:48"}
{"level":"info","message":"启动离线订单检测！间隔180000","timestamp":"2019-07-22 16:29:48"}
{"level":"info","message":"没有需要同步的订单！","timestamp":"2019-07-22 16:29:48"}
{"level":"info","message":"启动打印机检测！间隔240000","timestamp":"2019-07-22 16:31:48"}
{"level":"info","message":"启动离线订单检测！间隔180000","timestamp":"2019-07-22 16:32:48"}
{"level":"info","message":"没有需要同步的订单！","timestamp":"2019-07-22 16:32:48"}
{"level":"info","message":"启动打印机检测！间隔240000","timestamp":"2019-07-22 16:35:48"}
{"level":"info","message":"启动离线订单检测！间隔180000","timestamp":"2019-07-22 16:35:48"}
{"level":"info","message":"没有需要同步的订单！","timestamp":"2019-07-22 16:35:48"}
{"level":"info","message":"启动离线订单检测！间隔180000","timestamp":"2019-07-22 16:38:48"}
{"level":"info","message":"没有需要同步的订单！","timestamp":"2019-07-22 16:38:48"}
{"level":"info","message":"启动打印机检测！间隔240000","timestamp":"2019-07-22 16:39:48"}
{"level":"info","message":"启动离线订单检测！间隔180000","timestamp":"2019-07-22 16:41:48"}
{"level":"info","message":"没有需要同步的订单！","timestamp":"2019-07-22 16:41:48"}
{"level":"info","message":"启动打印机检测！间隔240000","timestamp":"2019-07-22 16:43:48"}
{"level":"info","message":"启动离线订单检测！间隔180000","timestamp":"2019-07-22 16:44:48"}
{"level":"info","message":"没有需要同步的订单！","timestamp":"2019-07-22 16:44:48"}
{"level":"info","message":"启动打印机检测！间隔240000","timestamp":"2019-07-22 16:47:48"}
{"level":"info","message":"启动离线订单检测！间隔180000","timestamp":"2019-07-22 16:47:48"}
{"level":"info","message":"没有需要同步的订单！","timestamp":"2019-07-22 16:47:48"}
{"level":"info","message":"启动离线订单检测！间隔180000","timestamp":"2019-07-22 16:50:48"}
{"level":"info","message":"没有需要同步的订单！","timestamp":"2019-07-22 16:50:48"}
{"level":"info","message":"启动打印机检测！间隔240000","timestamp":"2019-07-22 16:51:48"}
{"level":"info","message":"启动离线订单检测！间隔180000","timestamp":"2019-07-22 16:53:48"}
{"level":"info","message":"没有需要同步的订单！","timestamp":"2019-07-22 16:53:48"}
{"level":"info","message":"启动打印机检测！间隔240000","timestamp":"2019-07-22 16:55:48"}
{"level":"info","message":"启动离线订单检测！间隔180000","timestamp":"2019-07-22 16:56:48"}
{"level":"info","message":"没有需要同步的订单！","timestamp":"2019-07-22 16:56:48"}
{"level":"info","message":"mqtt成功连接到：ws://test.emq.restoplus.cn:8083/mqtt","timestamp":"2019-07-22 17:52:29"}
{"level":"info","message":"订阅成功--$queue/winPos/+/2f83afee7a0e4822a6729145dd53af33/d2ff1bbb8c6f4fd8adb3949f76f8c1b6/+/+/+","timestamp":"2019-07-22 17:52:29"}
{"level":"info","message":"允许接收的平台=>posAdmin-dev,resto-dev","timestamp":"2019-07-22 17:52:29"}
{"level":"error","message":"ServiceUnavailableError: Response timeout\n    at IncomingMessage.<anonymous> (/Users/chintec/Documents/node/resto-newpos/node_modules/connect-timeout/index.js:84:8)\n    at emitOne (events.js:116:13)\n    at IncomingMessage.emit (events.js:211:7)\n    at Timeout._onTimeout (/Users/chintec/Documents/node/resto-newpos/node_modules/connect-timeout/index.js:49:11)\n    at ontimeout (timers.js:475:11)\n    at tryOnTimeout (timers.js:310:5)\n    at Timer.listOnTimeout (timers.js:270:5)","timestamp":"2019-07-22 17:53:10"}
{"level":"error","message":"resource \"GET:/302c94238093b5b8a90b.hot-update.json\" not found","timestamp":"2019-07-22 17:53:30"}
{"level":"info","message":"GET /302c94238093b5b8a90b.hot-update.json 2 2019-07-22 17:53:30","timestamp":"2019-07-22 17:53:30"}
{"level":"info","message":"GET /system/info 93 2019-07-22 17:54:12","timestamp":"2019-07-22 17:54:12"}
{"level":"info","message":"GET /on/line/state 0 2019-07-22 17:54:12","timestamp":"2019-07-22 17:54:12"}
{"level":"info","message":"GET /article/family_list 70 2019-07-22 17:54:12","timestamp":"2019-07-22 17:54:12"}
{"level":"info","message":"GET /order/detail 116 2019-07-22 17:54:12","timestamp":"2019-07-22 17:54:12"}
{"level":"info","message":"GET /article/article_list 86 2019-07-22 17:54:12","timestamp":"2019-07-22 17:54:12"}
{"level":"info","message":"GET /article/family_list 5 2019-07-22 17:54:29","timestamp":"2019-07-22 17:54:29"}
{"level":"info","message":"GET /order/detail 12 2019-07-22 17:54:29","timestamp":"2019-07-22 17:54:29"}
{"level":"info","message":"GET /article/article_list 20 2019-07-22 17:54:29","timestamp":"2019-07-22 17:54:29"}
{"level":"info","message":"GET /system/info 17 2019-07-22 17:54:57","timestamp":"2019-07-22 17:54:57"}
{"level":"info","message":"GET /article/family_list 5 2019-07-22 17:54:57","timestamp":"2019-07-22 17:54:57"}
{"level":"info","message":"GET /on/line/state 1 2019-07-22 17:54:58","timestamp":"2019-07-22 17:54:58"}
{"level":"info","message":"GET /order/detail 10 2019-07-22 17:54:58","timestamp":"2019-07-22 17:54:58"}
{"level":"info","message":"GET /article/article_list 20 2019-07-22 17:54:58","timestamp":"2019-07-22 17:54:58"}
{"level":"info","message":"启动离线订单检测！间隔180000","timestamp":"2019-07-22 17:55:19"}
{"level":"info","message":"没有需要同步的订单！","timestamp":"2019-07-22 17:55:19"}
{"level":"info","message":"GET /system/info 4 2019-07-22 17:55:34","timestamp":"2019-07-22 17:55:34"}
{"level":"info","message":"GET /article/family_list 2 2019-07-22 17:55:34","timestamp":"2019-07-22 17:55:34"}
{"level":"info","message":"GET /on/line/state 1 2019-07-22 17:55:34","timestamp":"2019-07-22 17:55:34"}
{"level":"info","message":"GET /order/detail 23 2019-07-22 17:55:34","timestamp":"2019-07-22 17:55:34"}
{"level":"info","message":"GET /article/article_list 20 2019-07-22 17:55:34","timestamp":"2019-07-22 17:55:34"}
{"level":"info","message":"启动打印机检测！间隔240000","timestamp":"2019-07-22 17:56:19"}
{"level":"info","message":"GET /article/family_list 4 2019-07-22 17:56:27","timestamp":"2019-07-22 17:56:27"}
{"level":"info","message":"GET /order/detail 9 2019-07-22 17:56:27","timestamp":"2019-07-22 17:56:27"}
{"level":"info","message":"GET /article/article_list 23 2019-07-22 17:56:27","timestamp":"2019-07-22 17:56:27"}
{"level":"info","message":"启动离线订单检测！间隔180000","timestamp":"2019-07-22 17:58:19"}
{"level":"info","message":"没有需要同步的订单！","timestamp":"2019-07-22 17:58:19"}
{"level":"info","message":"GET /order/order_state_count 23 2019-07-22 17:59:48","timestamp":"2019-07-22 17:59:48"}
{"level":"info","message":"GET /area 60 2019-07-22 17:59:48","timestamp":"2019-07-22 17:59:48"}
{"level":"info","message":"GET /table/list 100 2019-07-22 17:59:48","timestamp":"2019-07-22 17:59:48"}
{"level":"info","message":"GET /order/detail 10 2019-07-22 17:59:48","timestamp":"2019-07-22 17:59:48"}
{"level":"info","message":"GET /order/get_order_test 38 2019-07-22 17:59:48","timestamp":"2019-07-22 17:59:48"}
{"level":"info","message":"GET /order/get_order_test 5 2019-07-22 17:59:49","timestamp":"2019-07-22 17:59:49"}
{"level":"info","message":"GET /order/discount_info 3 2019-07-22 17:59:50","timestamp":"2019-07-22 17:59:50"}
{"level":"info","message":"GET /order/detail 10 2019-07-22 17:59:50","timestamp":"2019-07-22 17:59:50"}
{"level":"info","message":"GET /order/detail 8 2019-07-22 17:59:50","timestamp":"2019-07-22 17:59:50"}
{"level":"info","message":"GET /order/order_items 11 2019-07-22 17:59:50","timestamp":"2019-07-22 17:59:50"}
{"level":"info","message":"启动打印机检测！间隔240000","timestamp":"2019-07-22 18:00:19"}
{"level":"info","message":"启动离线订单检测！间隔180000","timestamp":"2019-07-22 18:01:19"}
{"level":"info","message":"没有需要同步的订单！","timestamp":"2019-07-22 18:01:19"}
{"level":"info","message":"启动打印机检测！间隔240000","timestamp":"2019-07-22 18:04:19"}
{"level":"info","message":"启动离线订单检测！间隔180000","timestamp":"2019-07-22 18:04:19"}
{"level":"info","message":"没有需要同步的订单！","timestamp":"2019-07-22 18:04:19"}
{"level":"info","message":"启动离线订单检测！间隔180000","timestamp":"2019-07-22 18:07:19"}
{"level":"info","message":"没有需要同步的订单！","timestamp":"2019-07-22 18:07:19"}
{"level":"info","message":"启动打印机检测！间隔240000","timestamp":"2019-07-22 18:08:19"}
{"level":"info","message":"启动离线订单检测！间隔180000","timestamp":"2019-07-22 18:10:19"}
{"level":"info","message":"没有需要同步的订单！","timestamp":"2019-07-22 18:10:20"}
{"level":"info","message":"启动打印机检测！间隔240000","timestamp":"2019-07-22 18:12:19"}
{"level":"info","message":"启动离线订单检测！间隔180000","timestamp":"2019-07-22 18:13:20"}
{"level":"info","message":"没有需要同步的订单！","timestamp":"2019-07-22 18:13:20"}
{"level":"info","message":"启动打印机检测！间隔240000","timestamp":"2019-07-22 18:16:19"}
{"level":"info","message":"启动离线订单检测！间隔180000","timestamp":"2019-07-22 18:16:20"}
{"level":"info","message":"没有需要同步的订单！","timestamp":"2019-07-22 18:16:20"}
{"level":"info","message":"GET /order/customer 9 2019-07-22 18:16:56","timestamp":"2019-07-22 18:16:56"}
{"level":"info","message":"GET /order/customer 2 2019-07-22 18:16:59","timestamp":"2019-07-22 18:16:59"}
{"level":"info","message":"GET /order/customer 2 2019-07-22 18:17:00","timestamp":"2019-07-22 18:17:00"}
{"level":"info","message":"GET /order/customer 1 2019-07-22 18:17:01","timestamp":"2019-07-22 18:17:01"}
{"level":"info","message":"GET /order/customer 2 2019-07-22 18:17:01","timestamp":"2019-07-22 18:17:01"}
{"level":"info","message":"GET /order/customer 1 2019-07-22 18:17:04","timestamp":"2019-07-22 18:17:04"}
{"level":"info","message":"GET /order/customer 1 2019-07-22 18:17:04","timestamp":"2019-07-22 18:17:04"}
{"level":"info","message":"GET /order/customer 1 2019-07-22 18:17:05","timestamp":"2019-07-22 18:17:05"}
{"level":"info","message":"GET /order/customer 1 2019-07-22 18:17:06","timestamp":"2019-07-22 18:17:06"}
{"level":"info","message":"GET /order/customer 3 2019-07-22 18:17:06","timestamp":"2019-07-22 18:17:06"}
{"level":"info","message":"GET /order/customer 2 2019-07-22 18:17:07","timestamp":"2019-07-22 18:17:07"}
{"level":"info","message":"GET /order/customer 1 2019-07-22 18:17:07","timestamp":"2019-07-22 18:17:07"}
{"level":"info","message":"GET /order/customer 2 2019-07-22 18:17:09","timestamp":"2019-07-22 18:17:09"}
{"level":"info","message":"GET /order/customer 2 2019-07-22 18:17:10","timestamp":"2019-07-22 18:17:10"}
{"level":"info","message":"GET /print/all/info 2370 2019-07-22 18:17:20","timestamp":"2019-07-22 18:17:20"}
{"level":"info","message":"GET /print/test/label 165 2019-07-22 18:17:27","timestamp":"2019-07-22 18:17:27"}
{"level":"info","message":"GET /print/test/bill 21 2019-07-22 18:17:40","timestamp":"2019-07-22 18:17:40"}
{"level":"info","message":"GET /print/test/bill 3 2019-07-22 18:17:43","timestamp":"2019-07-22 18:17:43"}
{"level":"info","message":"GET /print/test/label 35 2019-07-22 18:17:50","timestamp":"2019-07-22 18:17:50"}
{"level":"info","message":"启动离线订单检测！间隔180000","timestamp":"2019-07-22 18:19:20"}
{"level":"info","message":"没有需要同步的订单！","timestamp":"2019-07-22 18:19:20"}
{"level":"info","message":"启动打印机检测！间隔240000","timestamp":"2019-07-22 18:20:19"}
{"level":"info","message":"启动离线订单检测！间隔180000","timestamp":"2019-07-22 18:22:20"}
{"level":"info","message":"没有需要同步的订单！","timestamp":"2019-07-22 18:22:20"}
{"level":"info","message":"启动打印机检测！间隔240000","timestamp":"2019-07-22 18:24:19"}
{"level":"info","message":"启动离线订单检测！间隔180000","timestamp":"2019-07-22 18:25:20"}
{"level":"info","message":"没有需要同步的订单！","timestamp":"2019-07-22 18:25:20"}
{"level":"info","message":"启动打印机检测！间隔240000","timestamp":"2019-07-22 18:28:19"}
{"level":"info","message":"启动离线订单检测！间隔180000","timestamp":"2019-07-22 18:28:20"}
{"level":"info","message":"没有需要同步的订单！","timestamp":"2019-07-22 18:28:20"}
{"level":"info","message":"启动离线订单检测！间隔180000","timestamp":"2019-07-22 18:31:20"}
{"level":"info","message":"没有需要同步的订单！","timestamp":"2019-07-22 18:31:20"}
{"level":"info","message":"启动打印机检测！间隔240000","timestamp":"2019-07-22 18:32:19"}
{"level":"info","message":"启动离线订单检测！间隔180000","timestamp":"2019-07-22 18:34:20"}
{"level":"info","message":"没有需要同步的订单！","timestamp":"2019-07-22 18:34:20"}
{"level":"info","message":"启动打印机检测！间隔240000","timestamp":"2019-07-22 18:36:19"}
{"level":"info","message":"启动离线订单检测！间隔180000","timestamp":"2019-07-22 18:37:20"}
{"level":"info","message":"没有需要同步的订单！","timestamp":"2019-07-22 18:37:20"}
{"level":"info","message":"启动打印机检测！间隔240000","timestamp":"2019-07-22 18:40:19"}
{"level":"info","message":"启动离线订单检测！间隔180000","timestamp":"2019-07-22 18:40:20"}
{"level":"info","message":"没有需要同步的订单！","timestamp":"2019-07-22 18:40:20"}
{"level":"info","message":"启动离线订单检测！间隔180000","timestamp":"2019-07-22 18:43:20"}
{"level":"info","message":"没有需要同步的订单！","timestamp":"2019-07-22 18:43:20"}
{"level":"info","message":"启动打印机检测！间隔240000","timestamp":"2019-07-22 18:44:19"}
{"level":"info","message":"启动离线订单检测！间隔180000","timestamp":"2019-07-22 18:46:20"}
{"level":"info","message":"没有需要同步的订单！","timestamp":"2019-07-22 18:46:20"}
{"level":"info","message":"启动打印机检测！间隔240000","timestamp":"2019-07-22 18:48:19"}
{"level":"info","message":"启动离线订单检测！间隔180000","timestamp":"2019-07-22 18:49:20"}
{"level":"info","message":"没有需要同步的订单！","timestamp":"2019-07-22 18:49:20"}
{"level":"info","message":"启动打印机检测！间隔240000","timestamp":"2019-07-22 18:52:19"}
{"level":"info","message":"启动离线订单检测！间隔180000","timestamp":"2019-07-22 18:52:20"}
{"level":"info","message":"没有需要同步的订单！","timestamp":"2019-07-22 18:52:20"}
