{"level":"info","message":"mqtt成功连接到：ws://test.emq.restoplus.cn:8083/mqtt","timestamp":"2019-08-05 14:49:30"}
{"level":"info","message":"订阅成功--$queue/winPos/+/2f83afee7a0e4822a6729145dd53af33/63325014c50b4b16a81e50b3623f8d96/+/+/+","timestamp":"2019-08-05 14:49:30"}
{"level":"info","message":"允许接收的平台=>posAdmin-dev,resto-dev","timestamp":"2019-08-05 14:49:30"}
{"level":"error","message":"==mqtt==close==你已断开连接,正常退出","timestamp":"2019-08-05 14:50:27"}
{"level":"error","message":"==mqtt==reconnect==正在尝试重新连接","timestamp":"2019-08-05 14:50:42"}
{"level":"info","message":"mqtt成功连接到：ws://test.emq.restoplus.cn:8083/mqtt","timestamp":"2019-08-05 14:50:42"}
{"level":"info","message":"订阅成功--$queue/winPos/+/2f83afee7a0e4822a6729145dd53af33/63325014c50b4b16a81e50b3623f8d96/+/+/+","timestamp":"2019-08-05 14:50:42"}
{"level":"info","message":"允许接收的平台=>posAdmin-dev,resto-dev","timestamp":"2019-08-05 14:50:42"}
{"level":"info","message":"GET /system/info 47 2019-08-05 14:51:02","timestamp":"2019-08-05 14:51:02"}
{"level":"info","message":"GET /on/line/state 1 2019-08-05 14:51:04","timestamp":"2019-08-05 14:51:04"}
{"level":"info","message":"GET /area 44 2019-08-05 14:51:04","timestamp":"2019-08-05 14:51:04"}
{"level":"info","message":"GET /order/order_state_count 139 2019-08-05 14:51:04","timestamp":"2019-08-05 14:51:04"}
{"level":"info","message":"GET /table/list 196 2019-08-05 14:51:04","timestamp":"2019-08-05 14:51:04"}
{"level":"info","message":"GET /table/number 4 2019-08-05 14:51:04","timestamp":"2019-08-05 14:51:04"}
{"level":"info","message":"启动离线订单检测！间隔180000","timestamp":"2019-08-05 14:51:58"}
{"level":"info","message":"没有需要同步的订单！","timestamp":"2019-08-05 14:51:58"}
{"level":"info","message":"启动打印机检测！间隔240000","timestamp":"2019-08-05 14:53:01"}
{"level":"info","message":"mqtt成功连接到：ws://test.emq.restoplus.cn:8083/mqtt","timestamp":"2019-08-05 14:54:05"}
{"level":"info","message":"订阅成功--$queue/winPos/+/2f83afee7a0e4822a6729145dd53af33/63325014c50b4b16a81e50b3623f8d96/+/+/+","timestamp":"2019-08-05 14:54:05"}
{"level":"info","message":"允许接收的平台=>posAdmin-dev,resto-dev","timestamp":"2019-08-05 14:54:05"}
{"level":"error","message":"ServiceUnavailableError: Response timeout\n    at IncomingMessage.<anonymous> (/Users/chintec/Documents/node/resto-newpos/node_modules/connect-timeout/index.js:84:8)\n    at emitOne (events.js:116:13)\n    at IncomingMessage.emit (events.js:211:7)\n    at Timeout._onTimeout (/Users/chintec/Documents/node/resto-newpos/node_modules/connect-timeout/index.js:49:11)\n    at ontimeout (timers.js:475:11)\n    at tryOnTimeout (timers.js:310:5)\n    at Timer.listOnTimeout (timers.js:270:5)","timestamp":"2019-08-05 14:54:39"}
{"level":"error","message":"==mqtt==close==你已断开连接,正常退出","timestamp":"2019-08-05 14:54:39"}
{"level":"error","message":"==mqtt==reconnect==正在尝试重新连接","timestamp":"2019-08-05 14:54:54"}
{"level":"info","message":"mqtt成功连接到：ws://test.emq.restoplus.cn:8083/mqtt","timestamp":"2019-08-05 14:54:54"}
{"level":"info","message":"订阅成功--$queue/winPos/+/2f83afee7a0e4822a6729145dd53af33/63325014c50b4b16a81e50b3623f8d96/+/+/+","timestamp":"2019-08-05 14:54:54"}
{"level":"info","message":"允许接收的平台=>posAdmin-dev,resto-dev","timestamp":"2019-08-05 14:54:54"}
{"level":"info","message":"启动离线订单检测！间隔180000","timestamp":"2019-08-05 14:56:35"}
{"level":"info","message":"没有需要同步的订单！","timestamp":"2019-08-05 14:56:35"}
{"level":"info","message":"启动打印机检测！间隔240000","timestamp":"2019-08-05 14:57:35"}
{"level":"info","message":"POST /bind/table 162 2019-08-05 14:58:08","timestamp":"2019-08-05 14:58:08"}
{"level":"info","message":"GET /article/family_list 25 2019-08-05 14:58:08","timestamp":"2019-08-05 14:58:08"}
{"level":"info","message":"GET /order/detail 60 2019-08-05 14:58:08","timestamp":"2019-08-05 14:58:08"}
{"level":"info","message":"GET /article/article_list 98 2019-08-05 14:58:08","timestamp":"2019-08-05 14:58:08"}
{"level":"info","message":"GET /article/weight_package 19 2019-08-05 14:58:11","timestamp":"2019-08-05 14:58:11"}
{"level":"info","message":"GET /article/article_list 15 2019-08-05 14:58:14","timestamp":"2019-08-05 14:58:14"}
{"level":"info","message":"GET /article/meal_item 29 2019-08-05 14:58:15","timestamp":"2019-08-05 14:58:15"}
{"level":"info","message":"GET /article/meal_item 7 2019-08-05 14:58:17","timestamp":"2019-08-05 14:58:17"}
{"level":"info","message":"POST /push/order 139 2019-08-05 14:58:25","timestamp":"2019-08-05 14:58:25"}
{"level":"info","message":"GET /order/order_state_count 20 2019-08-05 14:58:26","timestamp":"2019-08-05 14:58:26"}
{"level":"info","message":"【/v1/newpos/order/push】==> 下单成功！","timestamp":"2019-08-05 14:58:26"}
{"level":"info","message":"GET /area 14 2019-08-05 14:58:26","timestamp":"2019-08-05 14:58:26"}
{"level":"info","message":"GET /table/list 37 2019-08-05 14:58:26","timestamp":"2019-08-05 14:58:26"}
{"level":"info","message":"GET /order/detail 62 2019-08-05 14:58:26","timestamp":"2019-08-05 14:58:26"}
{"level":"info","message":"GET /order/get_order_test 6 2019-08-05 14:58:26","timestamp":"2019-08-05 14:58:26"}
{"level":"info","message":"GET /order/discount_info 2 2019-08-05 14:58:28","timestamp":"2019-08-05 14:58:28"}
{"level":"info","message":"GET /order/detail 11 2019-08-05 14:58:28","timestamp":"2019-08-05 14:58:28"}
{"level":"info","message":"GET /order/detail 7 2019-08-05 14:58:28","timestamp":"2019-08-05 14:58:28"}
{"level":"info","message":"GET /order/order_items 9 2019-08-05 14:58:28","timestamp":"2019-08-05 14:58:28"}
{"level":"info","message":"启动离线订单检测！间隔180000","timestamp":"2019-08-05 14:59:35"}
{"level":"info","message":"没有需要同步的订单！","timestamp":"2019-08-05 14:59:35"}
{"level":"info","message":"GET /order/order_state_count 9 2019-08-05 15:01:15","timestamp":"2019-08-05 15:01:15"}
{"level":"info","message":"GET /area 7 2019-08-05 15:01:15","timestamp":"2019-08-05 15:01:15"}
{"level":"info","message":"GET /table/list 9 2019-08-05 15:01:15","timestamp":"2019-08-05 15:01:15"}
{"level":"info","message":"GET /order/detail 14 2019-08-05 15:01:15","timestamp":"2019-08-05 15:01:15"}
{"level":"info","message":"GET /order/get_order_test 10 2019-08-05 15:01:15","timestamp":"2019-08-05 15:01:15"}
{"level":"info","message":"GET /order/get_order_test 4 2019-08-05 15:01:15","timestamp":"2019-08-05 15:01:15"}
{"level":"info","message":"GET /order/platform/list 17 2019-08-05 15:01:17","timestamp":"2019-08-05 15:01:17"}
{"level":"info","message":"GET /order/order_state_count 15 2019-08-05 15:01:17","timestamp":"2019-08-05 15:01:17"}
{"level":"info","message":"GET /order/order_state_count 7 2019-08-05 15:01:20","timestamp":"2019-08-05 15:01:20"}
{"level":"info","message":"GET /order/wait_and_nopay 5 2019-08-05 15:01:20","timestamp":"2019-08-05 15:01:20"}
{"level":"info","message":"GET /order/order_state_count 11 2019-08-05 15:01:22","timestamp":"2019-08-05 15:01:22"}
{"level":"info","message":"GET /area 10 2019-08-05 15:01:22","timestamp":"2019-08-05 15:01:22"}
{"level":"info","message":"GET /table/list 9 2019-08-05 15:01:22","timestamp":"2019-08-05 15:01:22"}
{"level":"info","message":"GET /order/get_order_test 11 2019-08-05 15:01:22","timestamp":"2019-08-05 15:01:22"}
{"level":"info","message":"GET /order/detail 19 2019-08-05 15:01:22","timestamp":"2019-08-05 15:01:22"}
{"level":"info","message":"GET /order/get_order_test 3 2019-08-05 15:01:22","timestamp":"2019-08-05 15:01:22"}
{"level":"info","message":"GET /order/order_state_count 9 2019-08-05 15:01:23","timestamp":"2019-08-05 15:01:23"}
{"level":"info","message":"GET /order/wait_and_nopay 8 2019-08-05 15:01:23","timestamp":"2019-08-05 15:01:23"}
{"level":"info","message":"GET /order/platform/list 3 2019-08-05 15:01:23","timestamp":"2019-08-05 15:01:23"}
{"level":"info","message":"GET /order/order_state_count 10 2019-08-05 15:01:23","timestamp":"2019-08-05 15:01:23"}
{"level":"info","message":"启动打印机检测！间隔240000","timestamp":"2019-08-05 15:01:35"}
{"level":"info","message":"启动离线订单检测！间隔180000","timestamp":"2019-08-05 15:02:35"}
{"level":"info","message":"没有需要同步的订单！","timestamp":"2019-08-05 15:02:35"}
{"level":"info","message":"启动打印机检测！间隔240000","timestamp":"2019-08-05 15:05:35"}
{"level":"info","message":"启动离线订单检测！间隔180000","timestamp":"2019-08-05 15:05:35"}
{"level":"info","message":"没有需要同步的订单！","timestamp":"2019-08-05 15:05:35"}
{"level":"info","message":"启动离线订单检测！间隔180000","timestamp":"2019-08-05 15:08:35"}
{"level":"info","message":"没有需要同步的订单！","timestamp":"2019-08-05 15:08:35"}
{"level":"info","message":"启动打印机检测！间隔240000","timestamp":"2019-08-05 15:09:35"}
{"level":"info","message":"启动离线订单检测！间隔180000","timestamp":"2019-08-05 15:11:35"}
{"level":"info","message":"没有需要同步的订单！","timestamp":"2019-08-05 15:11:35"}
{"level":"error","message":"==mqtt==close==你已断开连接,异常退出","timestamp":"2019-08-05 15:19:50"}
{"level":"error","message":"==mqtt==reconnect==正在尝试重新连接","timestamp":"2019-08-05 15:20:05"}
{"level":"info","message":"mqtt成功连接到：ws://test.emq.restoplus.cn:8083/mqtt","timestamp":"2019-08-05 15:20:05"}
{"level":"info","message":"订阅成功--$queue/winPos/+/2f83afee7a0e4822a6729145dd53af33/63325014c50b4b16a81e50b3623f8d96/+/+/+","timestamp":"2019-08-05 15:20:05"}
{"level":"info","message":"允许接收的平台=>posAdmin-dev,resto-dev","timestamp":"2019-08-05 15:20:05"}
{"level":"info","message":"启动打印机检测！间隔240000","timestamp":"2019-08-05 15:21:09"}
{"level":"info","message":"启动离线订单检测！间隔180000","timestamp":"2019-08-05 15:22:09"}
{"level":"info","message":"没有需要同步的订单！","timestamp":"2019-08-05 15:22:09"}
{"level":"info","message":"启动打印机检测！间隔240000","timestamp":"2019-08-05 15:25:09"}
{"level":"info","message":"启动离线订单检测！间隔180000","timestamp":"2019-08-05 15:25:09"}
{"level":"info","message":"没有需要同步的订单！","timestamp":"2019-08-05 15:25:09"}
{"level":"info","message":"启动离线订单检测！间隔180000","timestamp":"2019-08-05 15:28:09"}
{"level":"info","message":"没有需要同步的订单！","timestamp":"2019-08-05 15:28:09"}
{"level":"info","message":"启动打印机检测！间隔240000","timestamp":"2019-08-05 15:29:09"}
{"level":"info","message":"启动离线订单检测！间隔180000","timestamp":"2019-08-05 15:31:09"}
{"level":"info","message":"没有需要同步的订单！","timestamp":"2019-08-05 15:31:09"}
{"level":"info","message":"启动打印机检测！间隔240000","timestamp":"2019-08-05 15:33:09"}
{"level":"info","message":"启动离线订单检测！间隔180000","timestamp":"2019-08-05 15:34:09"}
{"level":"info","message":"没有需要同步的订单！","timestamp":"2019-08-05 15:34:09"}
{"level":"info","message":"启动打印机检测！间隔240000","timestamp":"2019-08-05 15:37:09"}
{"level":"info","message":"启动离线订单检测！间隔180000","timestamp":"2019-08-05 15:37:09"}
{"level":"info","message":"没有需要同步的订单！","timestamp":"2019-08-05 15:37:09"}
{"level":"info","message":"启动离线订单检测！间隔180000","timestamp":"2019-08-05 15:40:09"}
{"level":"info","message":"没有需要同步的订单！","timestamp":"2019-08-05 15:40:09"}
{"level":"info","message":"启动打印机检测！间隔240000","timestamp":"2019-08-05 15:41:09"}
{"level":"info","message":"启动离线订单检测！间隔180000","timestamp":"2019-08-05 15:43:09"}
{"level":"info","message":"没有需要同步的订单！","timestamp":"2019-08-05 15:43:09"}
{"level":"info","message":"启动打印机检测！间隔240000","timestamp":"2019-08-05 15:45:09"}
{"level":"info","message":"启动离线订单检测！间隔180000","timestamp":"2019-08-05 15:46:09"}
{"level":"info","message":"没有需要同步的订单！","timestamp":"2019-08-05 15:46:09"}
{"level":"info","message":"启动打印机检测！间隔240000","timestamp":"2019-08-05 15:49:09"}
{"level":"info","message":"启动离线订单检测！间隔180000","timestamp":"2019-08-05 15:49:09"}
{"level":"info","message":"没有需要同步的订单！","timestamp":"2019-08-05 15:49:09"}
{"level":"info","message":"启动离线订单检测！间隔180000","timestamp":"2019-08-05 15:52:09"}
{"level":"info","message":"没有需要同步的订单！","timestamp":"2019-08-05 15:52:09"}
{"level":"info","message":"启动打印机检测！间隔240000","timestamp":"2019-08-05 15:53:09"}
{"level":"info","message":"启动离线订单检测！间隔180000","timestamp":"2019-08-05 15:55:09"}
{"level":"info","message":"没有需要同步的订单！","timestamp":"2019-08-05 15:55:09"}
{"level":"info","message":"启动打印机检测！间隔240000","timestamp":"2019-08-05 15:57:09"}
{"level":"info","message":"启动离线订单检测！间隔180000","timestamp":"2019-08-05 15:58:09"}
{"level":"info","message":"没有需要同步的订单！","timestamp":"2019-08-05 15:58:09"}
{"level":"info","message":"启动打印机检测！间隔240000","timestamp":"2019-08-05 16:01:09"}
{"level":"info","message":"启动离线订单检测！间隔180000","timestamp":"2019-08-05 16:01:09"}
{"level":"info","message":"没有需要同步的订单！","timestamp":"2019-08-05 16:01:09"}
{"level":"info","message":"启动离线订单检测！间隔180000","timestamp":"2019-08-05 16:04:09"}
{"level":"info","message":"没有需要同步的订单！","timestamp":"2019-08-05 16:04:09"}
{"level":"info","message":"启动打印机检测！间隔240000","timestamp":"2019-08-05 16:05:09"}
{"level":"info","message":"启动离线订单检测！间隔180000","timestamp":"2019-08-05 16:07:09"}
{"level":"info","message":"没有需要同步的订单！","timestamp":"2019-08-05 16:07:09"}
{"level":"info","message":"启动打印机检测！间隔240000","timestamp":"2019-08-05 16:09:09"}
{"level":"info","message":"启动离线订单检测！间隔180000","timestamp":"2019-08-05 16:10:09"}
{"level":"info","message":"没有需要同步的订单！","timestamp":"2019-08-05 16:10:09"}
{"level":"info","message":"启动打印机检测！间隔240000","timestamp":"2019-08-05 16:13:09"}
{"level":"info","message":"启动离线订单检测！间隔180000","timestamp":"2019-08-05 16:13:09"}
{"level":"info","message":"没有需要同步的订单！","timestamp":"2019-08-05 16:13:09"}
{"level":"info","message":"启动离线订单检测！间隔180000","timestamp":"2019-08-05 16:16:09"}
{"level":"info","message":"没有需要同步的订单！","timestamp":"2019-08-05 16:16:09"}
{"level":"info","message":"启动打印机检测！间隔240000","timestamp":"2019-08-05 16:17:09"}
{"level":"info","message":"启动离线订单检测！间隔180000","timestamp":"2019-08-05 16:19:09"}
{"level":"info","message":"没有需要同步的订单！","timestamp":"2019-08-05 16:19:09"}
{"level":"info","message":"启动打印机检测！间隔240000","timestamp":"2019-08-05 16:21:09"}
{"level":"info","message":"启动离线订单检测！间隔180000","timestamp":"2019-08-05 16:22:09"}
{"level":"info","message":"没有需要同步的订单！","timestamp":"2019-08-05 16:22:09"}
{"level":"info","message":"启动打印机检测！间隔240000","timestamp":"2019-08-05 16:25:09"}
{"level":"info","message":"启动离线订单检测！间隔180000","timestamp":"2019-08-05 16:25:09"}
{"level":"info","message":"没有需要同步的订单！","timestamp":"2019-08-05 16:25:09"}
{"level":"info","message":"启动离线订单检测！间隔180000","timestamp":"2019-08-05 16:28:09"}
{"level":"info","message":"没有需要同步的订单！","timestamp":"2019-08-05 16:28:09"}
{"level":"info","message":"启动打印机检测！间隔240000","timestamp":"2019-08-05 16:29:09"}
{"level":"info","message":"启动离线订单检测！间隔180000","timestamp":"2019-08-05 16:31:09"}
{"level":"info","message":"没有需要同步的订单！","timestamp":"2019-08-05 16:31:09"}
{"level":"info","message":"启动打印机检测！间隔240000","timestamp":"2019-08-05 16:33:09"}
{"level":"info","message":"启动离线订单检测！间隔180000","timestamp":"2019-08-05 16:34:09"}
{"level":"info","message":"没有需要同步的订单！","timestamp":"2019-08-05 16:34:09"}
{"level":"info","message":"启动打印机检测！间隔240000","timestamp":"2019-08-05 16:37:09"}
{"level":"info","message":"启动离线订单检测！间隔180000","timestamp":"2019-08-05 16:37:09"}
{"level":"info","message":"没有需要同步的订单！","timestamp":"2019-08-05 16:37:09"}
{"level":"info","message":"启动离线订单检测！间隔180000","timestamp":"2019-08-05 16:40:09"}
{"level":"info","message":"没有需要同步的订单！","timestamp":"2019-08-05 16:40:09"}
{"level":"info","message":"启动打印机检测！间隔240000","timestamp":"2019-08-05 16:41:09"}
{"level":"info","message":"启动离线订单检测！间隔180000","timestamp":"2019-08-05 16:43:09"}
{"level":"info","message":"没有需要同步的订单！","timestamp":"2019-08-05 16:43:09"}
{"level":"info","message":"启动打印机检测！间隔240000","timestamp":"2019-08-05 16:45:09"}
{"level":"info","message":"启动离线订单检测！间隔180000","timestamp":"2019-08-05 16:46:09"}
{"level":"info","message":"没有需要同步的订单！","timestamp":"2019-08-05 16:46:09"}
{"level":"info","message":"启动打印机检测！间隔240000","timestamp":"2019-08-05 16:49:09"}
{"level":"info","message":"启动离线订单检测！间隔180000","timestamp":"2019-08-05 16:49:09"}
{"level":"info","message":"没有需要同步的订单！","timestamp":"2019-08-05 16:49:09"}
{"level":"info","message":"启动离线订单检测！间隔180000","timestamp":"2019-08-05 16:52:09"}
{"level":"info","message":"没有需要同步的订单！","timestamp":"2019-08-05 16:52:09"}
{"level":"info","message":"启动打印机检测！间隔240000","timestamp":"2019-08-05 16:53:09"}
{"level":"info","message":"启动离线订单检测！间隔180000","timestamp":"2019-08-05 16:55:09"}
{"level":"info","message":"没有需要同步的订单！","timestamp":"2019-08-05 16:55:09"}
{"level":"info","message":"启动打印机检测！间隔240000","timestamp":"2019-08-05 16:57:09"}
{"level":"info","message":"启动离线订单检测！间隔180000","timestamp":"2019-08-05 16:58:09"}
{"level":"info","message":"没有需要同步的订单！","timestamp":"2019-08-05 16:58:09"}
{"level":"info","message":"启动打印机检测！间隔240000","timestamp":"2019-08-05 17:01:09"}
{"level":"info","message":"启动离线订单检测！间隔180000","timestamp":"2019-08-05 17:01:09"}
{"level":"info","message":"没有需要同步的订单！","timestamp":"2019-08-05 17:01:09"}
{"level":"info","message":"启动离线订单检测！间隔180000","timestamp":"2019-08-05 17:04:09"}
{"level":"info","message":"没有需要同步的订单！","timestamp":"2019-08-05 17:04:09"}
{"level":"info","message":"启动打印机检测！间隔240000","timestamp":"2019-08-05 17:05:09"}
{"level":"info","message":"启动离线订单检测！间隔180000","timestamp":"2019-08-05 17:07:09"}
{"level":"info","message":"没有需要同步的订单！","timestamp":"2019-08-05 17:07:09"}
{"level":"info","message":"启动打印机检测！间隔240000","timestamp":"2019-08-05 17:09:09"}
{"level":"info","message":"启动离线订单检测！间隔180000","timestamp":"2019-08-05 17:10:09"}
{"level":"info","message":"没有需要同步的订单！","timestamp":"2019-08-05 17:10:09"}
{"level":"info","message":"启动打印机检测！间隔240000","timestamp":"2019-08-05 17:13:10"}
{"level":"info","message":"启动离线订单检测！间隔180000","timestamp":"2019-08-05 17:13:10"}
{"level":"info","message":"没有需要同步的订单！","timestamp":"2019-08-05 17:13:10"}
{"level":"info","message":"启动离线订单检测！间隔180000","timestamp":"2019-08-05 17:16:10"}
{"level":"info","message":"没有需要同步的订单！","timestamp":"2019-08-05 17:16:10"}
{"level":"info","message":"启动打印机检测！间隔240000","timestamp":"2019-08-05 17:17:10"}
{"level":"info","message":"启动离线订单检测！间隔180000","timestamp":"2019-08-05 17:19:10"}
{"level":"info","message":"没有需要同步的订单！","timestamp":"2019-08-05 17:19:10"}
{"level":"info","message":"启动打印机检测！间隔240000","timestamp":"2019-08-05 17:21:10"}
{"level":"info","message":"启动离线订单检测！间隔180000","timestamp":"2019-08-05 17:22:10"}
{"level":"info","message":"没有需要同步的订单！","timestamp":"2019-08-05 17:22:10"}
{"level":"info","message":"启动打印机检测！间隔240000","timestamp":"2019-08-05 17:25:10"}
{"level":"info","message":"启动离线订单检测！间隔180000","timestamp":"2019-08-05 17:25:10"}
{"level":"info","message":"没有需要同步的订单！","timestamp":"2019-08-05 17:25:10"}
{"level":"info","message":"启动离线订单检测！间隔180000","timestamp":"2019-08-05 17:28:10"}
{"level":"info","message":"没有需要同步的订单！","timestamp":"2019-08-05 17:28:10"}
{"level":"info","message":"启动打印机检测！间隔240000","timestamp":"2019-08-05 17:29:10"}
{"level":"info","message":"启动离线订单检测！间隔180000","timestamp":"2019-08-05 17:31:10"}
{"level":"info","message":"没有需要同步的订单！","timestamp":"2019-08-05 17:31:10"}
{"level":"info","message":"启动打印机检测！间隔240000","timestamp":"2019-08-05 17:33:10"}
{"level":"info","message":"启动离线订单检测！间隔180000","timestamp":"2019-08-05 17:34:10"}
{"level":"info","message":"没有需要同步的订单！","timestamp":"2019-08-05 17:34:10"}
{"level":"info","message":"启动打印机检测！间隔240000","timestamp":"2019-08-05 17:37:10"}
{"level":"info","message":"启动离线订单检测！间隔180000","timestamp":"2019-08-05 17:37:10"}
{"level":"info","message":"没有需要同步的订单！","timestamp":"2019-08-05 17:37:10"}
{"level":"info","message":"启动离线订单检测！间隔180000","timestamp":"2019-08-05 17:40:10"}
{"level":"info","message":"没有需要同步的订单！","timestamp":"2019-08-05 17:40:10"}
{"level":"info","message":"启动打印机检测！间隔240000","timestamp":"2019-08-05 17:41:10"}
{"level":"info","message":"启动离线订单检测！间隔180000","timestamp":"2019-08-05 17:43:10"}
{"level":"info","message":"没有需要同步的订单！","timestamp":"2019-08-05 17:43:10"}
{"level":"info","message":"启动打印机检测！间隔240000","timestamp":"2019-08-05 17:45:10"}
{"level":"info","message":"启动离线订单检测！间隔180000","timestamp":"2019-08-05 17:46:10"}
{"level":"info","message":"没有需要同步的订单！","timestamp":"2019-08-05 17:46:10"}
{"level":"info","message":"GET /order/order_state_count 43 2019-08-05 17:47:56","timestamp":"2019-08-05 17:47:56"}
{"level":"info","message":"GET /area 51 2019-08-05 17:47:56","timestamp":"2019-08-05 17:47:56"}
{"level":"info","message":"GET /table/list 53 2019-08-05 17:47:56","timestamp":"2019-08-05 17:47:56"}
{"level":"info","message":"GET /order/get_order_test 30 2019-08-05 17:47:56","timestamp":"2019-08-05 17:47:56"}
{"level":"info","message":"GET /order/detail 67 2019-08-05 17:47:56","timestamp":"2019-08-05 17:47:56"}
{"level":"info","message":"GET /order/get_order_test 3 2019-08-05 17:47:56","timestamp":"2019-08-05 17:47:56"}
{"level":"info","message":"GET /order/discount_info 4 2019-08-05 17:47:58","timestamp":"2019-08-05 17:47:58"}
{"level":"info","message":"GET /order/order_items 19 2019-08-05 17:47:58","timestamp":"2019-08-05 17:47:58"}
{"level":"info","message":"GET /order/detail 18 2019-08-05 17:47:58","timestamp":"2019-08-05 17:47:58"}
{"level":"info","message":"GET /order/detail 13 2019-08-05 17:47:58","timestamp":"2019-08-05 17:47:58"}
{"level":"info","message":"POST /order/discount 160 2019-08-05 17:48:15","timestamp":"2019-08-05 17:48:15"}
{"level":"info","message":"GET /order/discount_info 10 2019-08-05 17:48:15","timestamp":"2019-08-05 17:48:15"}
{"level":"info","message":"GET /order/detail 22 2019-08-05 17:48:15","timestamp":"2019-08-05 17:48:15"}
{"level":"info","message":"GET /order/detail 11 2019-08-05 17:48:15","timestamp":"2019-08-05 17:48:15"}
{"level":"info","message":"【/v1/newpos/order/discount】==> 折扣成功！","timestamp":"2019-08-05 17:48:15"}
{"level":"info","message":"启动打印机检测！间隔240000","timestamp":"2019-08-05 17:49:10"}
{"level":"info","message":"启动离线订单检测！间隔180000","timestamp":"2019-08-05 17:49:10"}
{"level":"info","message":"没有需要同步的订单！","timestamp":"2019-08-05 17:49:10"}
{"level":"info","message":"启动离线订单检测！间隔180000","timestamp":"2019-08-05 17:52:10"}
{"level":"info","message":"没有需要同步的订单！","timestamp":"2019-08-05 17:52:10"}
{"level":"info","message":"启动打印机检测！间隔240000","timestamp":"2019-08-05 17:53:10"}
{"level":"info","message":"启动离线订单检测！间隔180000","timestamp":"2019-08-05 17:55:10"}
{"level":"info","message":"没有需要同步的订单！","timestamp":"2019-08-05 17:55:10"}
{"level":"info","message":"启动打印机检测！间隔240000","timestamp":"2019-08-05 17:57:10"}
{"level":"info","message":"启动离线订单检测！间隔180000","timestamp":"2019-08-05 17:58:10"}
{"level":"info","message":"没有需要同步的订单！","timestamp":"2019-08-05 17:58:10"}
{"level":"info","message":"启动打印机检测！间隔240000","timestamp":"2019-08-05 18:01:10"}
{"level":"info","message":"启动离线订单检测！间隔180000","timestamp":"2019-08-05 18:01:10"}
{"level":"info","message":"没有需要同步的订单！","timestamp":"2019-08-05 18:01:10"}
{"level":"info","message":"启动离线订单检测！间隔180000","timestamp":"2019-08-05 18:04:10"}
{"level":"info","message":"没有需要同步的订单！","timestamp":"2019-08-05 18:04:10"}
{"level":"info","message":"启动打印机检测！间隔240000","timestamp":"2019-08-05 18:05:10"}
{"level":"info","message":"启动离线订单检测！间隔180000","timestamp":"2019-08-05 18:07:10"}
{"level":"info","message":"没有需要同步的订单！","timestamp":"2019-08-05 18:07:10"}
{"level":"info","message":"启动打印机检测！间隔240000","timestamp":"2019-08-05 18:09:10"}
{"level":"info","message":"启动离线订单检测！间隔180000","timestamp":"2019-08-05 18:10:10"}
{"level":"info","message":"没有需要同步的订单！","timestamp":"2019-08-05 18:10:10"}
{"level":"info","message":"启动打印机检测！间隔240000","timestamp":"2019-08-05 18:13:10"}
{"level":"info","message":"启动离线订单检测！间隔180000","timestamp":"2019-08-05 18:13:10"}
{"level":"info","message":"没有需要同步的订单！","timestamp":"2019-08-05 18:13:10"}
{"level":"info","message":"启动离线订单检测！间隔180000","timestamp":"2019-08-05 18:16:10"}
{"level":"info","message":"没有需要同步的订单！","timestamp":"2019-08-05 18:16:10"}
{"level":"info","message":"启动打印机检测！间隔240000","timestamp":"2019-08-05 18:17:10"}
{"level":"info","message":"启动离线订单检测！间隔180000","timestamp":"2019-08-05 18:19:10"}
{"level":"info","message":"没有需要同步的订单！","timestamp":"2019-08-05 18:19:10"}
{"level":"info","message":"启动打印机检测！间隔240000","timestamp":"2019-08-05 18:21:10"}
{"level":"info","message":"启动离线订单检测！间隔180000","timestamp":"2019-08-05 18:22:10"}
{"level":"info","message":"没有需要同步的订单！","timestamp":"2019-08-05 18:22:10"}
{"level":"info","message":"启动打印机检测！间隔240000","timestamp":"2019-08-05 18:25:10"}
{"level":"info","message":"启动离线订单检测！间隔180000","timestamp":"2019-08-05 18:25:10"}
{"level":"info","message":"没有需要同步的订单！","timestamp":"2019-08-05 18:25:10"}
{"level":"info","message":"启动离线订单检测！间隔180000","timestamp":"2019-08-05 18:28:10"}
{"level":"info","message":"没有需要同步的订单！","timestamp":"2019-08-05 18:28:10"}
{"level":"info","message":"启动打印机检测！间隔240000","timestamp":"2019-08-05 18:29:10"}
{"level":"info","message":"启动离线订单检测！间隔180000","timestamp":"2019-08-05 18:31:10"}
{"level":"info","message":"没有需要同步的订单！","timestamp":"2019-08-05 18:31:10"}
{"level":"info","message":"启动打印机检测！间隔240000","timestamp":"2019-08-05 18:33:10"}
{"level":"info","message":"启动离线订单检测！间隔180000","timestamp":"2019-08-05 18:34:10"}
{"level":"info","message":"没有需要同步的订单！","timestamp":"2019-08-05 18:34:10"}
{"level":"info","message":"启动打印机检测！间隔240000","timestamp":"2019-08-05 18:37:10"}
{"level":"info","message":"启动离线订单检测！间隔180000","timestamp":"2019-08-05 18:37:10"}
{"level":"info","message":"没有需要同步的订单！","timestamp":"2019-08-05 18:37:10"}
{"level":"info","message":"启动离线订单检测！间隔180000","timestamp":"2019-08-05 18:40:10"}
{"level":"info","message":"没有需要同步的订单！","timestamp":"2019-08-05 18:40:10"}
{"level":"info","message":"启动打印机检测！间隔240000","timestamp":"2019-08-05 18:41:10"}
{"level":"info","message":"启动离线订单检测！间隔180000","timestamp":"2019-08-05 18:43:10"}
{"level":"info","message":"没有需要同步的订单！","timestamp":"2019-08-05 18:43:10"}
{"level":"info","message":"启动打印机检测！间隔240000","timestamp":"2019-08-05 18:45:10"}
{"level":"info","message":"启动离线订单检测！间隔180000","timestamp":"2019-08-05 18:46:10"}
{"level":"info","message":"没有需要同步的订单！","timestamp":"2019-08-05 18:46:10"}
{"level":"info","message":"启动打印机检测！间隔240000","timestamp":"2019-08-05 18:49:10"}
{"level":"info","message":"启动离线订单检测！间隔180000","timestamp":"2019-08-05 18:49:10"}
{"level":"info","message":"没有需要同步的订单！","timestamp":"2019-08-05 18:49:10"}
{"level":"info","message":"启动离线订单检测！间隔180000","timestamp":"2019-08-05 18:52:10"}
{"level":"info","message":"没有需要同步的订单！","timestamp":"2019-08-05 18:52:10"}
{"level":"info","message":"启动打印机检测！间隔240000","timestamp":"2019-08-05 18:53:10"}
{"level":"info","message":"启动离线订单检测！间隔180000","timestamp":"2019-08-05 18:55:10"}
{"level":"info","message":"没有需要同步的订单！","timestamp":"2019-08-05 18:55:10"}
{"level":"info","message":"启动打印机检测！间隔240000","timestamp":"2019-08-05 18:57:10"}
