{"level":"info","message":"mqtt成功连接到：ws://test.emq.restoplus.cn:8083/mqtt","timestamp":"2019-04-15 09:43:23"}
{"level":"info","message":"GET /system/info 159 2019-04-15 10:11:58","timestamp":"2019-04-15 10:11:58"}
{"level":"info","message":"GET /area 17 2019-04-15 10:11:58","timestamp":"2019-04-15 10:11:58"}
{"level":"info","message":"GET /table/list 14 2019-04-15 10:11:58","timestamp":"2019-04-15 10:11:58"}
{"level":"error","message":"==mqtt==close==你已断开连接,异常退出","timestamp":"2019-04-15 11:05:04"}
{"level":"info","message":"==mqtt==reconnect==正在尝试重新连接","timestamp":"2019-04-15 11:05:19"}
{"level":"info","message":"mqtt成功连接到：ws://test.emq.restoplus.cn:8083/mqtt","timestamp":"2019-04-15 11:05:19"}
{"level":"error","message":"==mqtt==close==你已断开连接,异常退出","timestamp":"2019-04-15 13:48:53"}
{"level":"info","message":"==mqtt==reconnect==正在尝试重新连接","timestamp":"2019-04-15 13:49:08"}
{"level":"info","message":"mqtt成功连接到：ws://test.emq.restoplus.cn:8083/mqtt","timestamp":"2019-04-15 13:49:08"}
{"level":"info","message":"GET /article/family_list 21 2019-04-15 14:09:39","timestamp":"2019-04-15 14:09:39"}
{"level":"info","message":"GET /article/article_list 67 2019-04-15 14:09:40","timestamp":"2019-04-15 14:09:40"}
{"level":"info","message":"GET /area 3 2019-04-15 14:09:45","timestamp":"2019-04-15 14:09:45"}
{"level":"info","message":"GET /table/list 6 2019-04-15 14:09:45","timestamp":"2019-04-15 14:09:45"}
{"level":"info","message":"GET /area 3 2019-04-15 14:09:47","timestamp":"2019-04-15 14:09:47"}
{"level":"info","message":"GET /table/list 4 2019-04-15 14:09:47","timestamp":"2019-04-15 14:09:47"}
{"level":"info","message":"GET /area 5 2019-04-15 14:09:48","timestamp":"2019-04-15 14:09:48"}
{"level":"info","message":"GET /table/list 8 2019-04-15 14:09:48","timestamp":"2019-04-15 14:09:48"}
{"level":"info","message":"GET /article/family_list 1 2019-04-15 14:09:50","timestamp":"2019-04-15 14:09:50"}
{"level":"info","message":"GET /article/article_list 8 2019-04-15 14:09:50","timestamp":"2019-04-15 14:09:50"}
{"level":"info","message":"GET /area 3 2019-04-15 14:09:59","timestamp":"2019-04-15 14:09:59"}
{"level":"info","message":"GET /table/list 6 2019-04-15 14:09:59","timestamp":"2019-04-15 14:09:59"}
{"level":"info","message":"GET /article/family_list 1 2019-04-15 14:10:20","timestamp":"2019-04-15 14:10:20"}
{"level":"info","message":"GET /article/article_list 10 2019-04-15 14:10:20","timestamp":"2019-04-15 14:10:20"}
{"level":"info","message":"GET /article/article_list 27 2019-04-15 14:10:21","timestamp":"2019-04-15 14:10:21"}
{"level":"info","message":"GET /area 1 2019-04-15 14:10:44","timestamp":"2019-04-15 14:10:44"}
{"level":"info","message":"GET /table/list 6 2019-04-15 14:10:44","timestamp":"2019-04-15 14:10:44"}
{"level":"info","message":"GET /article/family_list 1 2019-04-15 14:10:46","timestamp":"2019-04-15 14:10:46"}
{"level":"info","message":"GET /article/article_list 16 2019-04-15 14:10:46","timestamp":"2019-04-15 14:10:46"}
{"level":"info","message":"GET /area 1 2019-04-15 14:10:48","timestamp":"2019-04-15 14:10:48"}
{"level":"info","message":"GET /table/list 5 2019-04-15 14:10:48","timestamp":"2019-04-15 14:10:48"}
{"level":"info","message":"GET /area 9 2019-04-15 14:17:42","timestamp":"2019-04-15 14:17:42"}
{"level":"info","message":"GET /table/list 21 2019-04-15 14:17:42","timestamp":"2019-04-15 14:17:42"}
{"level":"info","message":"GET /system/info 7 2019-04-15 14:17:44","timestamp":"2019-04-15 14:17:44"}
{"level":"info","message":"GET /area 2 2019-04-15 14:17:44","timestamp":"2019-04-15 14:17:44"}
{"level":"info","message":"GET /table/list 4 2019-04-15 14:17:44","timestamp":"2019-04-15 14:17:44"}
{"level":"info","message":"GET /article/family_list 1 2019-04-15 14:18:12","timestamp":"2019-04-15 14:18:12"}
{"level":"info","message":"GET /order/detail 114 2019-04-15 14:18:12","timestamp":"2019-04-15 14:18:12"}
{"level":"info","message":"GET /article/article_list 74 2019-04-15 14:18:12","timestamp":"2019-04-15 14:18:12"}
{"level":"info","message":"GET /area 1 2019-04-15 14:18:46","timestamp":"2019-04-15 14:18:46"}
{"level":"info","message":"GET /table/list 3 2019-04-15 14:18:46","timestamp":"2019-04-15 14:18:46"}
{"level":"info","message":"GET /system/info 12 2019-04-15 14:18:49","timestamp":"2019-04-15 14:18:49"}
{"level":"info","message":"GET /area 1 2019-04-15 14:18:49","timestamp":"2019-04-15 14:18:49"}
{"level":"info","message":"GET /table/list 3 2019-04-15 14:18:49","timestamp":"2019-04-15 14:18:49"}
{"level":"info","message":"GET /article/family_list 2 2019-04-15 14:18:52","timestamp":"2019-04-15 14:18:52"}
{"level":"info","message":"GET /order/detail 2 2019-04-15 14:18:52","timestamp":"2019-04-15 14:18:52"}
{"level":"info","message":"GET /article/article_list 10 2019-04-15 14:18:52","timestamp":"2019-04-15 14:18:52"}
{"level":"info","message":"GET /area 2 2019-04-15 14:18:55","timestamp":"2019-04-15 14:18:55"}
{"level":"info","message":"GET /table/list 4 2019-04-15 14:18:55","timestamp":"2019-04-15 14:18:55"}
{"level":"info","message":"GET /system/info 8 2019-04-15 14:19:07","timestamp":"2019-04-15 14:19:07"}
{"level":"info","message":"GET /area 2 2019-04-15 14:19:08","timestamp":"2019-04-15 14:19:08"}
{"level":"info","message":"GET /table/list 6 2019-04-15 14:19:08","timestamp":"2019-04-15 14:19:08"}
{"level":"info","message":"GET /article/family_list 2 2019-04-15 14:19:10","timestamp":"2019-04-15 14:19:10"}
{"level":"info","message":"GET /article/article_list 10 2019-04-15 14:19:10","timestamp":"2019-04-15 14:19:10"}
{"level":"info","message":"GET /system/info 7 2019-04-15 14:20:13","timestamp":"2019-04-15 14:20:13"}
{"level":"info","message":"GET /article/family_list 2 2019-04-15 14:20:13","timestamp":"2019-04-15 14:20:13"}
{"level":"info","message":"GET /article/article_list 14 2019-04-15 14:20:13","timestamp":"2019-04-15 14:20:13"}
{"level":"info","message":"GET /system/info 4 2019-04-15 14:20:32","timestamp":"2019-04-15 14:20:32"}
{"level":"info","message":"GET /article/family_list 2 2019-04-15 14:20:32","timestamp":"2019-04-15 14:20:32"}
{"level":"info","message":"GET /order/detail 2 2019-04-15 14:20:32","timestamp":"2019-04-15 14:20:32"}
{"level":"info","message":"GET /article/article_list 12 2019-04-15 14:20:32","timestamp":"2019-04-15 14:20:32"}
{"level":"info","message":"GET /article/family_list 4 2019-04-15 14:21:00","timestamp":"2019-04-15 14:21:00"}
{"level":"info","message":"GET /article/article_list 15 2019-04-15 14:21:00","timestamp":"2019-04-15 14:21:00"}
{"level":"info","message":"GET /system/info 6 2019-04-15 14:21:01","timestamp":"2019-04-15 14:21:01"}
{"level":"info","message":"GET /article/family_list 2 2019-04-15 14:21:01","timestamp":"2019-04-15 14:21:01"}
{"level":"info","message":"GET /article/article_list 11 2019-04-15 14:21:01","timestamp":"2019-04-15 14:21:01"}
{"level":"info","message":"GET /area 2 2019-04-15 14:21:08","timestamp":"2019-04-15 14:21:08"}
{"level":"info","message":"GET /table/list 5 2019-04-15 14:21:08","timestamp":"2019-04-15 14:21:08"}
{"level":"info","message":"GET /system/info 2 2019-04-15 14:21:15","timestamp":"2019-04-15 14:21:15"}
{"level":"info","message":"GET /area 1 2019-04-15 14:21:15","timestamp":"2019-04-15 14:21:15"}
{"level":"info","message":"GET /table/list 6 2019-04-15 14:21:15","timestamp":"2019-04-15 14:21:15"}
{"level":"info","message":"GET /area 2 2019-04-15 14:21:20","timestamp":"2019-04-15 14:21:20"}
{"level":"info","message":"GET /table/list 3 2019-04-15 14:21:20","timestamp":"2019-04-15 14:21:20"}
{"level":"info","message":"POST /bindTable 19 2019-04-15 14:21:22","timestamp":"2019-04-15 14:21:22"}
{"level":"info","message":"GET /area 2 2019-04-15 14:21:24","timestamp":"2019-04-15 14:21:24"}
{"level":"info","message":"GET /table/list 3 2019-04-15 14:21:24","timestamp":"2019-04-15 14:21:24"}
{"level":"info","message":"GET /area 1 2019-04-15 14:21:25","timestamp":"2019-04-15 14:21:25"}
{"level":"info","message":"GET /table/list 4 2019-04-15 14:21:25","timestamp":"2019-04-15 14:21:25"}
{"level":"info","message":"POST /bindTable 206 2019-04-15 14:21:28","timestamp":"2019-04-15 14:21:28"}
{"level":"info","message":"GET /article/family_list 2 2019-04-15 14:21:28","timestamp":"2019-04-15 14:21:28"}
{"level":"info","message":"GET /article/article_list 7 2019-04-15 14:21:28","timestamp":"2019-04-15 14:21:28"}
{"level":"info","message":"GET /article/family_list 4 2019-04-15 14:23:16","timestamp":"2019-04-15 14:23:16"}
{"level":"info","message":"GET /article/article_list 14 2019-04-15 14:23:16","timestamp":"2019-04-15 14:23:16"}
{"level":"info","message":"GET /article/family_list 3 2019-04-15 14:23:38","timestamp":"2019-04-15 14:23:38"}
{"level":"info","message":"GET /article/article_list 256 2019-04-15 14:23:38","timestamp":"2019-04-15 14:23:38"}
{"level":"info","message":"GET /order/detail 309 2019-04-15 14:23:38","timestamp":"2019-04-15 14:23:38"}
{"level":"info","message":"GET /system/info 7 2019-04-15 14:24:52","timestamp":"2019-04-15 14:24:52"}
{"level":"info","message":"GET /article/family_list 2 2019-04-15 14:24:52","timestamp":"2019-04-15 14:24:52"}
{"level":"info","message":"GET /order/detail 7 2019-04-15 14:24:52","timestamp":"2019-04-15 14:24:52"}
{"level":"info","message":"GET /article/article_list 10 2019-04-15 14:24:52","timestamp":"2019-04-15 14:24:52"}
{"level":"info","message":"GET /article/article_list 16 2019-04-15 14:25:05","timestamp":"2019-04-15 14:25:05"}
{"level":"info","message":"GET /area 2 2019-04-15 14:25:17","timestamp":"2019-04-15 14:25:17"}
{"level":"info","message":"GET /table/list 4 2019-04-15 14:25:17","timestamp":"2019-04-15 14:25:17"}
{"level":"info","message":"GET /order/detail 6 2019-04-15 14:25:18","timestamp":"2019-04-15 14:25:18"}
{"level":"info","message":"GET /area 3 2019-04-15 14:25:18","timestamp":"2019-04-15 14:25:18"}
{"level":"info","message":"GET /table/list 6 2019-04-15 14:25:18","timestamp":"2019-04-15 14:25:18"}
{"level":"info","message":"GET /article/family_list 2 2019-04-15 14:25:19","timestamp":"2019-04-15 14:25:19"}
{"level":"info","message":"GET /order/detail 8 2019-04-15 14:25:19","timestamp":"2019-04-15 14:25:19"}
{"level":"info","message":"GET /article/article_list 12 2019-04-15 14:25:19","timestamp":"2019-04-15 14:25:19"}
{"level":"info","message":"GET /area 2 2019-04-15 14:25:21","timestamp":"2019-04-15 14:25:21"}
{"level":"info","message":"GET /table/list 5 2019-04-15 14:25:21","timestamp":"2019-04-15 14:25:21"}
{"level":"info","message":"GET /order/detail 14 2019-04-15 14:25:21","timestamp":"2019-04-15 14:25:21"}
{"level":"info","message":"GET /area 3 2019-04-15 14:25:23","timestamp":"2019-04-15 14:25:23"}
{"level":"info","message":"GET /table/list 5 2019-04-15 14:25:23","timestamp":"2019-04-15 14:25:23"}
{"level":"info","message":"GET /area 2 2019-04-15 14:25:24","timestamp":"2019-04-15 14:25:24"}
{"level":"info","message":"GET /table/list 5 2019-04-15 14:25:24","timestamp":"2019-04-15 14:25:24"}
{"level":"info","message":"GET /order/detail 18 2019-04-15 14:25:24","timestamp":"2019-04-15 14:25:24"}
{"level":"info","message":"GET /area 2 2019-04-15 14:25:24","timestamp":"2019-04-15 14:25:24"}
{"level":"info","message":"GET /table/list 3 2019-04-15 14:25:24","timestamp":"2019-04-15 14:25:24"}
{"level":"info","message":"GET /area 2 2019-04-15 14:25:25","timestamp":"2019-04-15 14:25:25"}
{"level":"info","message":"GET /table/list 5 2019-04-15 14:25:25","timestamp":"2019-04-15 14:25:25"}
{"level":"info","message":"GET /order/detail 15 2019-04-15 14:25:25","timestamp":"2019-04-15 14:25:25"}
{"level":"info","message":"GET /article/family_list 2 2019-04-15 14:25:27","timestamp":"2019-04-15 14:25:27"}
{"level":"info","message":"GET /order/detail 7 2019-04-15 14:25:27","timestamp":"2019-04-15 14:25:27"}
{"level":"info","message":"GET /article/article_list 7 2019-04-15 14:25:27","timestamp":"2019-04-15 14:25:27"}
{"level":"info","message":"GET /article/article_list 15 2019-04-15 14:28:07","timestamp":"2019-04-15 14:28:07"}
{"level":"info","message":"GET /article/family_list 2 2019-04-15 14:28:07","timestamp":"2019-04-15 14:28:07"}
{"level":"info","message":"GET /order/detail 6 2019-04-15 14:28:07","timestamp":"2019-04-15 14:28:07"}
{"level":"info","message":"GET /article/article_list 13 2019-04-15 14:28:07","timestamp":"2019-04-15 14:28:07"}
{"level":"info","message":"GET /article/article_list 9 2019-04-15 14:28:08","timestamp":"2019-04-15 14:28:08"}
{"level":"info","message":"GET /area 2 2019-04-15 14:28:31","timestamp":"2019-04-15 14:28:31"}
{"level":"info","message":"GET /order/detail 10 2019-04-15 14:28:31","timestamp":"2019-04-15 14:28:31"}
{"level":"info","message":"GET /table/list 4 2019-04-15 14:28:31","timestamp":"2019-04-15 14:28:31"}
{"level":"info","message":"GET /article/family_list 2 2019-04-15 14:28:33","timestamp":"2019-04-15 14:28:33"}
{"level":"info","message":"GET /order/detail 6 2019-04-15 14:28:33","timestamp":"2019-04-15 14:28:33"}
{"level":"info","message":"GET /article/article_list 11 2019-04-15 14:28:33","timestamp":"2019-04-15 14:28:33"}
{"level":"info","message":"GET /article/article_list 10 2019-04-15 14:28:34","timestamp":"2019-04-15 14:28:34"}
{"level":"info","message":"GET /system/info 9 2019-04-15 14:28:49","timestamp":"2019-04-15 14:28:49"}
{"level":"info","message":"GET /article/family_list 2 2019-04-15 14:28:49","timestamp":"2019-04-15 14:28:49"}
{"level":"info","message":"GET /order/detail 7 2019-04-15 14:28:49","timestamp":"2019-04-15 14:28:49"}
{"level":"info","message":"GET /article/article_list 9 2019-04-15 14:28:49","timestamp":"2019-04-15 14:28:49"}
{"level":"info","message":"GET /article/article_list 7 2019-04-15 14:28:59","timestamp":"2019-04-15 14:28:59"}
{"level":"info","message":"GET /article/family_list 7 2019-04-15 14:30:54","timestamp":"2019-04-15 14:30:54"}
{"level":"info","message":"GET /order/detail 26 2019-04-15 14:30:54","timestamp":"2019-04-15 14:30:54"}
{"level":"info","message":"GET /article/article_list 16 2019-04-15 14:30:54","timestamp":"2019-04-15 14:30:54"}
{"level":"info","message":"GET /article/family_list 5 2019-04-15 14:36:05","timestamp":"2019-04-15 14:36:05"}
{"level":"info","message":"GET /order/detail 12 2019-04-15 14:36:05","timestamp":"2019-04-15 14:36:05"}
{"level":"info","message":"GET /article/article_list 9 2019-04-15 14:36:05","timestamp":"2019-04-15 14:36:05"}
{"level":"info","message":"GET /system/info 17 2019-04-15 14:44:27","timestamp":"2019-04-15 14:44:27"}
{"level":"info","message":"GET /article/family_list 3 2019-04-15 14:44:27","timestamp":"2019-04-15 14:44:27"}
{"level":"info","message":"GET /order/detail 7 2019-04-15 14:44:27","timestamp":"2019-04-15 14:44:27"}
{"level":"info","message":"GET /article/article_list 20 2019-04-15 14:44:27","timestamp":"2019-04-15 14:44:27"}
{"level":"info","message":"GET /article/article_list 16 2019-04-15 14:46:45","timestamp":"2019-04-15 14:46:45"}
{"level":"info","message":"POST /pushOrder 236 2019-04-15 14:46:48","timestamp":"2019-04-15 14:46:48"}
{"level":"info","message":"GET /article/family_list 5 2019-04-15 14:47:19","timestamp":"2019-04-15 14:47:19"}
{"level":"info","message":"GET /order/detail 25 2019-04-15 14:47:19","timestamp":"2019-04-15 14:47:19"}
{"level":"info","message":"GET /article/article_list 23 2019-04-15 14:47:19","timestamp":"2019-04-15 14:47:19"}
{"level":"info","message":"GET /article/article_list 13 2019-04-15 14:47:24","timestamp":"2019-04-15 14:47:24"}
{"level":"info","message":"POST /pushOrder 107 2019-04-15 14:47:26","timestamp":"2019-04-15 14:47:26"}
{"level":"info","message":"GET /area 6 2019-04-15 14:48:44","timestamp":"2019-04-15 14:48:44"}
{"level":"info","message":"GET /table/list 8 2019-04-15 14:48:44","timestamp":"2019-04-15 14:48:44"}
{"level":"info","message":"GET /order/detail 28 2019-04-15 14:48:44","timestamp":"2019-04-15 14:48:44"}
{"level":"info","message":"GET /article/family_list 3 2019-04-15 14:48:48","timestamp":"2019-04-15 14:48:48"}
{"level":"info","message":"GET /order/detail 7 2019-04-15 14:48:48","timestamp":"2019-04-15 14:48:48"}
{"level":"info","message":"GET /article/article_list 11 2019-04-15 14:48:48","timestamp":"2019-04-15 14:48:48"}
{"level":"info","message":"GET /article/article_list 16 2019-04-15 14:48:50","timestamp":"2019-04-15 14:48:50"}
{"level":"info","message":"GET /article/family_list 4 2019-04-15 14:49:44","timestamp":"2019-04-15 14:49:44"}
{"level":"info","message":"GET /order/detail 19 2019-04-15 14:49:44","timestamp":"2019-04-15 14:49:44"}
{"level":"info","message":"GET /article/article_list 16 2019-04-15 14:49:44","timestamp":"2019-04-15 14:49:44"}
{"level":"info","message":"GET /article/family_list 5 2019-04-15 14:50:00","timestamp":"2019-04-15 14:50:00"}
{"level":"info","message":"GET /order/detail 31 2019-04-15 14:50:00","timestamp":"2019-04-15 14:50:00"}
{"level":"info","message":"GET /article/article_list 12 2019-04-15 14:50:00","timestamp":"2019-04-15 14:50:00"}
{"level":"info","message":"GET /article/article_list 12 2019-04-15 14:50:02","timestamp":"2019-04-15 14:50:02"}
{"level":"info","message":"POST /pushOrder 514 2019-04-15 14:50:07","timestamp":"2019-04-15 14:50:07"}
{"level":"info","message":"GET /article/family_list 5 2019-04-15 14:50:52","timestamp":"2019-04-15 14:50:52"}
{"level":"info","message":"GET /order/detail 19 2019-04-15 14:50:52","timestamp":"2019-04-15 14:50:52"}
{"level":"info","message":"GET /article/article_list 17 2019-04-15 14:50:52","timestamp":"2019-04-15 14:50:52"}
{"level":"info","message":"GET /article/article_list 13 2019-04-15 14:50:56","timestamp":"2019-04-15 14:50:56"}
{"level":"info","message":"POST /pushOrder 294 2019-04-15 14:51:01","timestamp":"2019-04-15 14:51:01"}
{"level":"info","message":"GET /article/family_list 13 2019-04-15 14:57:36","timestamp":"2019-04-15 14:57:36"}
{"level":"info","message":"GET /order/detail 12 2019-04-15 14:57:36","timestamp":"2019-04-15 14:57:36"}
{"level":"info","message":"GET /article/article_list 16 2019-04-15 14:57:36","timestamp":"2019-04-15 14:57:36"}
{"level":"info","message":"GET /system/info 6 2019-04-15 14:57:38","timestamp":"2019-04-15 14:57:38"}
{"level":"info","message":"GET /article/family_list 2 2019-04-15 14:57:38","timestamp":"2019-04-15 14:57:38"}
{"level":"info","message":"GET /order/detail 7 2019-04-15 14:57:38","timestamp":"2019-04-15 14:57:38"}
{"level":"info","message":"GET /article/article_list 14 2019-04-15 14:57:38","timestamp":"2019-04-15 14:57:38"}
{"level":"info","message":"GET /article/article_list 18 2019-04-15 14:59:17","timestamp":"2019-04-15 14:59:17"}
{"level":"info","message":"POST /pushOrder 109 2019-04-15 14:59:21","timestamp":"2019-04-15 14:59:21"}
{"level":"info","message":"GET /article/family_list 5 2019-04-15 15:02:18","timestamp":"2019-04-15 15:02:18"}
{"level":"info","message":"GET /order/detail 11 2019-04-15 15:02:18","timestamp":"2019-04-15 15:02:18"}
{"level":"info","message":"GET /article/article_list 23 2019-04-15 15:02:18","timestamp":"2019-04-15 15:02:18"}
{"level":"info","message":"GET /system/info 4 2019-04-15 15:11:03","timestamp":"2019-04-15 15:11:03"}
{"level":"info","message":"GET /article/family_list 2 2019-04-15 15:11:03","timestamp":"2019-04-15 15:11:03"}
{"level":"info","message":"GET /order/detail 8 2019-04-15 15:11:03","timestamp":"2019-04-15 15:11:03"}
{"level":"info","message":"GET /article/article_list 11 2019-04-15 15:11:04","timestamp":"2019-04-15 15:11:04"}
{"level":"info","message":"GET /area 2 2019-04-15 15:11:10","timestamp":"2019-04-15 15:11:10"}
{"level":"info","message":"GET /order/detail 9 2019-04-15 15:11:10","timestamp":"2019-04-15 15:11:10"}
{"level":"info","message":"GET /table/list 4 2019-04-15 15:11:10","timestamp":"2019-04-15 15:11:10"}
{"level":"info","message":"GET /area 1 2019-04-15 15:11:13","timestamp":"2019-04-15 15:11:13"}
{"level":"info","message":"GET /table/list 4 2019-04-15 15:11:13","timestamp":"2019-04-15 15:11:13"}
{"level":"info","message":"GET /area 4 2019-04-15 15:11:14","timestamp":"2019-04-15 15:11:14"}
{"level":"info","message":"GET /table/list 6 2019-04-15 15:11:14","timestamp":"2019-04-15 15:11:14"}
{"level":"info","message":"GET /order/detail 15 2019-04-15 15:11:14","timestamp":"2019-04-15 15:11:14"}
{"level":"info","message":"GET /area 2 2019-04-15 15:11:17","timestamp":"2019-04-15 15:11:17"}
{"level":"info","message":"GET /table/list 3 2019-04-15 15:11:17","timestamp":"2019-04-15 15:11:17"}
{"level":"info","message":"GET /area 4 2019-04-15 15:11:18","timestamp":"2019-04-15 15:11:18"}
{"level":"info","message":"GET /table/list 5 2019-04-15 15:11:18","timestamp":"2019-04-15 15:11:18"}
{"level":"info","message":"GET /order/detail 14 2019-04-15 15:11:18","timestamp":"2019-04-15 15:11:18"}
{"level":"info","message":"GET /area 2 2019-04-15 15:11:20","timestamp":"2019-04-15 15:11:20"}
{"level":"info","message":"GET /table/list 5 2019-04-15 15:11:20","timestamp":"2019-04-15 15:11:20"}
{"level":"info","message":"GET /area 3 2019-04-15 15:11:21","timestamp":"2019-04-15 15:11:21"}
{"level":"info","message":"GET /table/list 6 2019-04-15 15:11:21","timestamp":"2019-04-15 15:11:21"}
{"level":"info","message":"GET /order/detail 15 2019-04-15 15:11:21","timestamp":"2019-04-15 15:11:21"}
{"level":"info","message":"GET /article/family_list 1 2019-04-15 15:11:27","timestamp":"2019-04-15 15:11:27"}
{"level":"info","message":"GET /order/detail 5 2019-04-15 15:11:27","timestamp":"2019-04-15 15:11:27"}
{"level":"info","message":"GET /article/article_list 15 2019-04-15 15:11:27","timestamp":"2019-04-15 15:11:27"}
{"level":"info","message":"GET /article/article_list 11 2019-04-15 15:11:30","timestamp":"2019-04-15 15:11:30"}
{"level":"info","message":"POST /pushOrder 80 2019-04-15 15:11:35","timestamp":"2019-04-15 15:11:35"}
{"level":"info","message":"GET /area 4 2019-04-15 15:11:35","timestamp":"2019-04-15 15:11:35"}
{"level":"info","message":"GET /table/list 7 2019-04-15 15:11:35","timestamp":"2019-04-15 15:11:35"}
{"level":"info","message":"GET /order/detail 20 2019-04-15 15:11:35","timestamp":"2019-04-15 15:11:35"}
{"level":"info","message":"GET /system/info 303 2019-04-15 15:16:24","timestamp":"2019-04-15 15:16:24"}
{"level":"info","message":"GET /area 5 2019-04-15 15:16:25","timestamp":"2019-04-15 15:16:25"}
{"level":"info","message":"GET /table/list 7 2019-04-15 15:16:25","timestamp":"2019-04-15 15:16:25"}
{"level":"info","message":"GET /order/detail 19 2019-04-15 15:16:25","timestamp":"2019-04-15 15:16:25"}
{"level":"info","message":"GET /article/family_list 2 2019-04-15 15:16:27","timestamp":"2019-04-15 15:16:27"}
{"level":"info","message":"GET /order/detail 6 2019-04-15 15:16:27","timestamp":"2019-04-15 15:16:27"}
{"level":"info","message":"GET /article/article_list 18 2019-04-15 15:16:27","timestamp":"2019-04-15 15:16:27"}
{"level":"info","message":"GET /article/article_list 10 2019-04-15 15:16:28","timestamp":"2019-04-15 15:16:28"}
{"level":"info","message":"POST /pushOrder 52 2019-04-15 15:16:32","timestamp":"2019-04-15 15:16:32"}
{"level":"info","message":"GET /area 2 2019-04-15 15:16:33","timestamp":"2019-04-15 15:16:33"}
{"level":"info","message":"GET /table/list 5 2019-04-15 15:16:33","timestamp":"2019-04-15 15:16:33"}
{"level":"info","message":"GET /order/detail 13 2019-04-15 15:16:33","timestamp":"2019-04-15 15:16:33"}
{"level":"info","message":"GET /area 4 2019-04-15 15:19:54","timestamp":"2019-04-15 15:19:54"}
{"level":"info","message":"GET /table/list 5 2019-04-15 15:19:54","timestamp":"2019-04-15 15:19:54"}
{"level":"info","message":"GET /area 4 2019-04-15 15:19:55","timestamp":"2019-04-15 15:19:55"}
{"level":"info","message":"GET /table/list 6 2019-04-15 15:19:55","timestamp":"2019-04-15 15:19:55"}
{"level":"info","message":"GET /order/detail 17 2019-04-15 15:19:55","timestamp":"2019-04-15 15:19:55"}
{"level":"info","message":"GET /system/info 7 2019-04-15 15:28:53","timestamp":"2019-04-15 15:28:53"}
{"level":"info","message":"GET /area 2 2019-04-15 15:28:54","timestamp":"2019-04-15 15:28:54"}
{"level":"info","message":"GET /order/detail 17 2019-04-15 15:28:54","timestamp":"2019-04-15 15:28:54"}
{"level":"info","message":"GET /table/list 5 2019-04-15 15:28:54","timestamp":"2019-04-15 15:28:54"}
{"level":"info","message":"GET /system/info 8 2019-04-15 15:39:35","timestamp":"2019-04-15 15:39:35"}
{"level":"info","message":"GET /order/detail 7 2019-04-15 15:39:36","timestamp":"2019-04-15 15:39:36"}
{"level":"info","message":"GET /area 1 2019-04-15 15:39:36","timestamp":"2019-04-15 15:39:36"}
{"level":"info","message":"GET /table/list 5 2019-04-15 15:39:36","timestamp":"2019-04-15 15:39:36"}
{"level":"info","message":"GET /area 2 2019-04-15 15:42:15","timestamp":"2019-04-15 15:42:15"}
{"level":"info","message":"GET /table/list 4 2019-04-15 15:42:15","timestamp":"2019-04-15 15:42:15"}
{"level":"info","message":"GET /article/family_list 1 2019-04-15 15:42:19","timestamp":"2019-04-15 15:42:19"}
{"level":"info","message":"GET /order/detail 2 2019-04-15 15:42:19","timestamp":"2019-04-15 15:42:19"}
{"level":"info","message":"GET /article/article_list 13 2019-04-15 15:42:19","timestamp":"2019-04-15 15:42:19"}
{"level":"info","message":"GET /article/article_list 9 2019-04-15 15:42:20","timestamp":"2019-04-15 15:42:20"}
{"level":"info","message":"GET /system/info 7 2019-04-15 15:42:32","timestamp":"2019-04-15 15:42:32"}
{"level":"info","message":"GET /article/family_list 2 2019-04-15 15:42:32","timestamp":"2019-04-15 15:42:32"}
{"level":"info","message":"GET /order/detail 3 2019-04-15 15:42:32","timestamp":"2019-04-15 15:42:32"}
{"level":"info","message":"GET /article/article_list 8 2019-04-15 15:42:32","timestamp":"2019-04-15 15:42:32"}
{"level":"info","message":"GET /article/article_list 15 2019-04-15 15:42:33","timestamp":"2019-04-15 15:42:33"}
{"level":"info","message":"GET /area 2 2019-04-15 15:42:43","timestamp":"2019-04-15 15:42:43"}
{"level":"info","message":"GET /table/list 4 2019-04-15 15:42:43","timestamp":"2019-04-15 15:42:43"}
{"level":"info","message":"GET /area 1 2019-04-15 15:42:43","timestamp":"2019-04-15 15:42:43"}
{"level":"info","message":"GET /table/list 4 2019-04-15 15:42:43","timestamp":"2019-04-15 15:42:43"}
{"level":"info","message":"GET /area 4 2019-04-15 15:42:44","timestamp":"2019-04-15 15:42:44"}
{"level":"info","message":"GET /table/list 6 2019-04-15 15:42:44","timestamp":"2019-04-15 15:42:44"}
{"level":"info","message":"GET /order/detail 14 2019-04-15 15:42:44","timestamp":"2019-04-15 15:42:44"}
{"level":"info","message":"GET /article/family_list 3 2019-04-15 15:42:49","timestamp":"2019-04-15 15:42:49"}
{"level":"info","message":"GET /order/detail 7 2019-04-15 15:42:49","timestamp":"2019-04-15 15:42:49"}
{"level":"info","message":"GET /article/article_list 15 2019-04-15 15:42:49","timestamp":"2019-04-15 15:42:49"}
{"level":"info","message":"GET /article/article_list 9 2019-04-15 15:42:50","timestamp":"2019-04-15 15:42:50"}
{"level":"info","message":"POST /pushOrder 35 2019-04-15 15:42:53","timestamp":"2019-04-15 15:42:53"}
{"level":"info","message":"GET /area 2 2019-04-15 15:42:53","timestamp":"2019-04-15 15:42:53"}
{"level":"info","message":"GET /table/list 8 2019-04-15 15:42:53","timestamp":"2019-04-15 15:42:53"}
{"level":"info","message":"GET /order/detail 22 2019-04-15 15:42:53","timestamp":"2019-04-15 15:42:53"}
{"level":"info","message":"GET /area 4 2019-04-15 15:43:03","timestamp":"2019-04-15 15:43:03"}
{"level":"info","message":"GET /table/list 5 2019-04-15 15:43:03","timestamp":"2019-04-15 15:43:03"}
{"level":"info","message":"GET /area 2 2019-04-15 15:43:03","timestamp":"2019-04-15 15:43:03"}
{"level":"info","message":"GET /table/list 4 2019-04-15 15:43:03","timestamp":"2019-04-15 15:43:03"}
{"level":"info","message":"GET /area 1 2019-04-15 15:43:04","timestamp":"2019-04-15 15:43:04"}
{"level":"info","message":"GET /table/list 3 2019-04-15 15:43:04","timestamp":"2019-04-15 15:43:04"}
{"level":"info","message":"GET /system/info 4 2019-04-15 15:43:15","timestamp":"2019-04-15 15:43:15"}
{"level":"info","message":"GET /area 2 2019-04-15 15:43:15","timestamp":"2019-04-15 15:43:15"}
{"level":"info","message":"GET /table/list 9 2019-04-15 15:43:15","timestamp":"2019-04-15 15:43:15"}
{"level":"info","message":"GET /area 3 2019-04-15 15:43:16","timestamp":"2019-04-15 15:43:16"}
{"level":"info","message":"GET /table/list 3 2019-04-15 15:43:16","timestamp":"2019-04-15 15:43:16"}
{"level":"info","message":"GET /user/normal/list 3 2019-04-15 15:43:30","timestamp":"2019-04-15 15:43:30"}
{"level":"info","message":"POST /user/login 43 2019-04-15 15:43:35","timestamp":"2019-04-15 15:43:35"}
{"level":"info","message":"GET /system/shop_detail 12 2019-04-15 15:43:35","timestamp":"2019-04-15 15:43:35"}
{"level":"info","message":"GET /system/info 9 2019-04-15 15:43:35","timestamp":"2019-04-15 15:43:35"}
{"level":"info","message":"GET /area 6 2019-04-15 15:43:35","timestamp":"2019-04-15 15:43:35"}
{"level":"info","message":"GET /table/list 7 2019-04-15 15:43:35","timestamp":"2019-04-15 15:43:35"}
{"level":"info","message":"GET /area 2 2019-04-15 15:43:35","timestamp":"2019-04-15 15:43:35"}
{"level":"info","message":"GET /table/list 4 2019-04-15 15:43:35","timestamp":"2019-04-15 15:43:35"}
{"level":"info","message":"GET /area 2 2019-04-15 15:43:38","timestamp":"2019-04-15 15:43:38"}
{"level":"info","message":"GET /table/list 4 2019-04-15 15:43:38","timestamp":"2019-04-15 15:43:38"}
{"level":"info","message":"GET /system/info 8 2019-04-15 15:46:11","timestamp":"2019-04-15 15:46:11"}
{"level":"info","message":"GET /area 2 2019-04-15 15:46:12","timestamp":"2019-04-15 15:46:12"}
{"level":"info","message":"GET /table/list 6 2019-04-15 15:46:12","timestamp":"2019-04-15 15:46:12"}
{"level":"info","message":"POST /bindTable 111 2019-04-15 15:46:14","timestamp":"2019-04-15 15:46:14"}
{"level":"info","message":"GET /article/family_list 4 2019-04-15 15:46:14","timestamp":"2019-04-15 15:46:14"}
{"level":"info","message":"GET /order/detail 11 2019-04-15 15:46:14","timestamp":"2019-04-15 15:46:14"}
{"level":"info","message":"GET /article/article_list 10 2019-04-15 15:46:14","timestamp":"2019-04-15 15:46:14"}
{"level":"info","message":"GET /article/article_list 11 2019-04-15 15:46:18","timestamp":"2019-04-15 15:46:18"}
{"level":"info","message":"POST /pushOrder 68 2019-04-15 15:46:22","timestamp":"2019-04-15 15:46:22"}
{"level":"info","message":"GET /area 2 2019-04-15 15:46:22","timestamp":"2019-04-15 15:46:22"}
{"level":"info","message":"GET /table/list 6 2019-04-15 15:46:22","timestamp":"2019-04-15 15:46:22"}
{"level":"info","message":"GET /order/detail 18 2019-04-15 15:46:22","timestamp":"2019-04-15 15:46:22"}
{"level":"info","message":"GET /area 26 2019-04-15 15:57:36","timestamp":"2019-04-15 15:57:36"}
{"level":"info","message":"GET /table/list 36 2019-04-15 15:57:36","timestamp":"2019-04-15 15:57:36"}
{"level":"info","message":"GET /order/detail 56 2019-04-15 15:57:36","timestamp":"2019-04-15 15:57:36"}
{"level":"info","message":"GET /area 2 2019-04-15 15:57:37","timestamp":"2019-04-15 15:57:37"}
{"level":"info","message":"GET /table/list 5 2019-04-15 15:57:37","timestamp":"2019-04-15 15:57:37"}
{"level":"info","message":"GET /order/detail 19 2019-04-15 15:57:37","timestamp":"2019-04-15 15:57:37"}
{"level":"info","message":"GET /system/info 8 2019-04-15 16:29:02","timestamp":"2019-04-15 16:29:02"}
{"level":"info","message":"GET /area 2 2019-04-15 16:29:02","timestamp":"2019-04-15 16:29:02"}
{"level":"info","message":"GET /order/detail 13 2019-04-15 16:29:02","timestamp":"2019-04-15 16:29:02"}
{"level":"info","message":"GET /table/list 5 2019-04-15 16:29:02","timestamp":"2019-04-15 16:29:02"}
{"level":"info","message":"GET /system/info 8 2019-04-15 16:29:43","timestamp":"2019-04-15 16:29:43"}
{"level":"info","message":"GET /area 4 2019-04-15 16:29:44","timestamp":"2019-04-15 16:29:44"}
{"level":"info","message":"GET /table/list 5 2019-04-15 16:29:44","timestamp":"2019-04-15 16:29:44"}
{"level":"info","message":"GET /order/detail 19 2019-04-15 16:29:44","timestamp":"2019-04-15 16:29:44"}
{"level":"info","message":"GET /area 2 2019-04-15 16:29:45","timestamp":"2019-04-15 16:29:45"}
{"level":"info","message":"GET /table/list 4 2019-04-15 16:29:45","timestamp":"2019-04-15 16:29:45"}
{"level":"info","message":"GET /area 4 2019-04-15 16:29:46","timestamp":"2019-04-15 16:29:46"}
{"level":"info","message":"GET /table/list 7 2019-04-15 16:29:46","timestamp":"2019-04-15 16:29:46"}
{"level":"info","message":"GET /order/detail 16 2019-04-15 16:29:46","timestamp":"2019-04-15 16:29:46"}
{"level":"info","message":"GET /system/info 5 2019-04-15 16:30:24","timestamp":"2019-04-15 16:30:24"}
{"level":"info","message":"GET /system/info 9 2019-04-15 16:33:03","timestamp":"2019-04-15 16:33:03"}
{"level":"info","message":"GET /system/info 4 2019-04-15 16:33:21","timestamp":"2019-04-15 16:33:21"}
{"level":"info","message":"GET /system/info 56 2019-04-15 16:35:25","timestamp":"2019-04-15 16:35:25"}
{"level":"info","message":"GET /system/info 6 2019-04-15 16:36:14","timestamp":"2019-04-15 16:36:14"}
{"level":"info","message":"mqtt成功连接到：ws://test.emq.restoplus.cn:8083/mqtt","timestamp":"2019-04-15 16:39:53"}
{"level":"error","message":"resource \"GET:/eb0fd7e381229fbe07e1.hot-update.json\" not found","timestamp":"2019-04-15 16:40:45"}
{"level":"info","message":"GET /eb0fd7e381229fbe07e1.hot-update.json 4 2019-04-15 16:40:45","timestamp":"2019-04-15 16:40:45"}
{"level":"error","message":"resource \"GET:/js/13.js\" not found","timestamp":"2019-04-15 16:45:34"}
{"level":"info","message":"GET /js/13.js 2 2019-04-15 16:45:34","timestamp":"2019-04-15 16:45:34"}
{"level":"error","message":"resource \"GET:/js/19.js\" not found","timestamp":"2019-04-15 16:45:34"}
{"level":"info","message":"GET /js/19.js 1 2019-04-15 16:45:34","timestamp":"2019-04-15 16:45:34"}
{"level":"info","message":"GET /system/info 152 2019-04-15 16:45:50","timestamp":"2019-04-15 16:45:50"}
{"level":"info","message":"GET /area 18 2019-04-15 16:45:52","timestamp":"2019-04-15 16:45:52"}
{"level":"info","message":"GET /table/list 22 2019-04-15 16:45:52","timestamp":"2019-04-15 16:45:52"}
{"level":"info","message":"GET /area 1 2019-04-15 16:45:53","timestamp":"2019-04-15 16:45:53"}
{"level":"info","message":"GET /table/list 5 2019-04-15 16:45:53","timestamp":"2019-04-15 16:45:53"}
{"level":"info","message":"GET /area 10 2019-04-15 16:45:55","timestamp":"2019-04-15 16:45:55"}
{"level":"info","message":"GET /table/list 13 2019-04-15 16:45:55","timestamp":"2019-04-15 16:45:55"}
{"level":"info","message":"GET /order/detail 51 2019-04-15 16:45:55","timestamp":"2019-04-15 16:45:55"}
{"level":"info","message":"GET /area 7 2019-04-15 16:45:57","timestamp":"2019-04-15 16:45:57"}
{"level":"info","message":"GET /table/list 8 2019-04-15 16:45:57","timestamp":"2019-04-15 16:45:57"}
{"level":"info","message":"GET /order/detail 20 2019-04-15 16:45:57","timestamp":"2019-04-15 16:45:57"}
{"level":"info","message":"GET /area 5 2019-04-15 16:45:59","timestamp":"2019-04-15 16:45:59"}
{"level":"info","message":"GET /table/list 7 2019-04-15 16:45:59","timestamp":"2019-04-15 16:45:59"}
{"level":"info","message":"GET /order/detail 18 2019-04-15 16:45:59","timestamp":"2019-04-15 16:45:59"}
{"level":"info","message":"GET /area 4 2019-04-15 16:46:00","timestamp":"2019-04-15 16:46:00"}
{"level":"info","message":"GET /table/list 5 2019-04-15 16:46:00","timestamp":"2019-04-15 16:46:00"}
{"level":"info","message":"GET /order/detail 16 2019-04-15 16:46:00","timestamp":"2019-04-15 16:46:00"}
{"level":"info","message":"GET /area 2 2019-04-15 16:46:20","timestamp":"2019-04-15 16:46:20"}
{"level":"info","message":"GET /table/list 3 2019-04-15 16:46:20","timestamp":"2019-04-15 16:46:20"}
{"level":"info","message":"GET /article/family_list 38 2019-04-15 16:46:24","timestamp":"2019-04-15 16:46:24"}
{"level":"info","message":"GET /order/detail 39 2019-04-15 16:46:24","timestamp":"2019-04-15 16:46:24"}
{"level":"info","message":"GET /article/article_list 36 2019-04-15 16:46:24","timestamp":"2019-04-15 16:46:24"}
{"level":"info","message":"GET /article/article_list 46 2019-04-15 16:46:26","timestamp":"2019-04-15 16:46:26"}
{"level":"info","message":"GET /area 6 2019-04-15 16:47:51","timestamp":"2019-04-15 16:47:51"}
{"level":"info","message":"GET /table/list 7 2019-04-15 16:47:51","timestamp":"2019-04-15 16:47:51"}
{"level":"info","message":"POST /bindTable 176 2019-04-15 16:47:58","timestamp":"2019-04-15 16:47:58"}
{"level":"info","message":"GET /article/family_list 5 2019-04-15 16:47:58","timestamp":"2019-04-15 16:47:58"}
{"level":"info","message":"GET /order/detail 12 2019-04-15 16:47:58","timestamp":"2019-04-15 16:47:58"}
{"level":"info","message":"GET /article/article_list 17 2019-04-15 16:47:58","timestamp":"2019-04-15 16:47:58"}
{"level":"info","message":"GET /article/article_list 12 2019-04-15 16:48:00","timestamp":"2019-04-15 16:48:00"}
{"level":"info","message":"POST /pushOrder 329 2019-04-15 16:48:07","timestamp":"2019-04-15 16:48:07"}
{"level":"info","message":"GET /area 4 2019-04-15 16:48:07","timestamp":"2019-04-15 16:48:07"}
{"level":"info","message":"GET /table/list 7 2019-04-15 16:48:07","timestamp":"2019-04-15 16:48:07"}
{"level":"info","message":"GET /order/detail 20 2019-04-15 16:48:07","timestamp":"2019-04-15 16:48:07"}
{"level":"info","message":"GET /area 3 2019-04-15 16:48:15","timestamp":"2019-04-15 16:48:15"}
{"level":"info","message":"GET /table/list 8 2019-04-15 16:48:15","timestamp":"2019-04-15 16:48:15"}
{"level":"info","message":"GET /order/detail 22 2019-04-15 16:48:15","timestamp":"2019-04-15 16:48:15"}
{"level":"info","message":"GET /area 5 2019-04-15 16:48:16","timestamp":"2019-04-15 16:48:16"}
{"level":"info","message":"GET /table/list 7 2019-04-15 16:48:16","timestamp":"2019-04-15 16:48:16"}
{"level":"info","message":"GET /order/detail 18 2019-04-15 16:48:16","timestamp":"2019-04-15 16:48:16"}
{"level":"info","message":"GET /order/detail 5 2019-04-15 16:50:10","timestamp":"2019-04-15 16:50:10"}
{"level":"info","message":"GET /system/info 20 2019-04-15 17:06:03","timestamp":"2019-04-15 17:06:03"}
{"level":"info","message":"GET /area 5 2019-04-15 17:06:03","timestamp":"2019-04-15 17:06:03"}
{"level":"info","message":"GET /table/list 10 2019-04-15 17:06:03","timestamp":"2019-04-15 17:06:03"}
{"level":"info","message":"GET /order/detail 22 2019-04-15 17:06:03","timestamp":"2019-04-15 17:06:03"}
{"level":"info","message":"GET /system/info 14 2019-04-15 17:30:24","timestamp":"2019-04-15 17:30:24"}
{"level":"info","message":"GET /system/info 7 2019-04-15 17:47:21","timestamp":"2019-04-15 17:47:21"}
{"level":"info","message":"GET /area 2 2019-04-15 17:47:33","timestamp":"2019-04-15 17:47:33"}
{"level":"info","message":"GET /table/list 5 2019-04-15 17:47:33","timestamp":"2019-04-15 17:47:33"}
{"level":"info","message":"GET /area 1 2019-04-15 17:47:33","timestamp":"2019-04-15 17:47:33"}
{"level":"info","message":"GET /table/list 3 2019-04-15 17:47:33","timestamp":"2019-04-15 17:47:33"}
{"level":"info","message":"GET /area 3 2019-04-15 17:49:51","timestamp":"2019-04-15 17:49:51"}
{"level":"info","message":"GET /table/list 6 2019-04-15 17:49:51","timestamp":"2019-04-15 17:49:51"}
{"level":"info","message":"GET /order/detail 19 2019-04-15 17:49:51","timestamp":"2019-04-15 17:49:51"}
{"level":"info","message":"GET /system/info 7 2019-04-15 17:53:16","timestamp":"2019-04-15 17:53:16"}
{"level":"info","message":"GET /system/info 14 2019-04-15 17:56:12","timestamp":"2019-04-15 17:56:12"}
{"level":"info","message":"GET /order/detail 10 2019-04-15 17:56:12","timestamp":"2019-04-15 17:56:12"}
{"level":"info","message":"GET /order/detail 6 2019-04-15 17:56:12","timestamp":"2019-04-15 17:56:12"}
{"level":"info","message":"GET /system/info 3 2019-04-15 17:56:27","timestamp":"2019-04-15 17:56:27"}
{"level":"info","message":"GET /order/detail 8 2019-04-15 17:56:27","timestamp":"2019-04-15 17:56:27"}
{"level":"info","message":"GET /order/detail 40 2019-04-15 17:56:27","timestamp":"2019-04-15 17:56:27"}
{"level":"info","message":"GET /area 2 2019-04-15 17:56:48","timestamp":"2019-04-15 17:56:48"}
{"level":"info","message":"GET /table/list 6 2019-04-15 17:56:48","timestamp":"2019-04-15 17:56:48"}
{"level":"info","message":"GET /area 1 2019-04-15 17:56:48","timestamp":"2019-04-15 17:56:48"}
{"level":"info","message":"GET /table/list 4 2019-04-15 17:56:48","timestamp":"2019-04-15 17:56:48"}
{"level":"info","message":"GET /area 3 2019-04-15 17:56:49","timestamp":"2019-04-15 17:56:49"}
{"level":"info","message":"GET /table/list 7 2019-04-15 17:56:49","timestamp":"2019-04-15 17:56:49"}
{"level":"info","message":"GET /order/detail 29 2019-04-15 17:56:49","timestamp":"2019-04-15 17:56:49"}
{"level":"info","message":"GET /order/detail 6 2019-04-15 17:56:50","timestamp":"2019-04-15 17:56:50"}
{"level":"info","message":"GET /order/detail 6 2019-04-15 17:56:50","timestamp":"2019-04-15 17:56:50"}
{"level":"info","message":"GET /system/info 6 2019-04-15 17:58:42","timestamp":"2019-04-15 17:58:42"}
{"level":"info","message":"GET /order/detail 7 2019-04-15 17:58:42","timestamp":"2019-04-15 17:58:42"}
{"level":"info","message":"GET /order/detail 10 2019-04-15 17:58:42","timestamp":"2019-04-15 17:58:42"}
{"level":"info","message":"GET /system/info 5 2019-04-15 17:59:14","timestamp":"2019-04-15 17:59:14"}
{"level":"info","message":"GET /order/detail 9 2019-04-15 17:59:15","timestamp":"2019-04-15 17:59:15"}
{"level":"info","message":"GET /system/info 5 2019-04-15 17:59:27","timestamp":"2019-04-15 17:59:27"}
{"level":"info","message":"GET /order/detail 8 2019-04-15 17:59:27","timestamp":"2019-04-15 17:59:27"}
{"level":"info","message":"GET /order/detail 8 2019-04-15 17:59:27","timestamp":"2019-04-15 17:59:27"}
