{"level":"info","message":"mqtt成功连接到：ws://test.emq.restoplus.cn:8083/mqtt","timestamp":"2019-06-21 09:54:30"}
{"level":"info","message":"订阅成功--$queue/winPos/+/2f83afee7a0e4822a6729145dd53af33/43be0afc2b544cec87568b7247841107/+/+/+","timestamp":"2019-06-21 09:54:30"}
{"level":"info","message":"允许接收的平台=>posAdmin-dev,resto-dev","timestamp":"2019-06-21 09:54:30"}
{"level":"error","message":"==mqtt==close==你已断开连接,正常退出","timestamp":"2019-06-21 09:55:16"}
{"level":"error","message":"==mqtt==reconnect==正在尝试重新连接","timestamp":"2019-06-21 09:55:31"}
{"level":"info","message":"mqtt成功连接到：ws://test.emq.restoplus.cn:8083/mqtt","timestamp":"2019-06-21 09:55:32"}
{"level":"info","message":"订阅成功--$queue/winPos/+/2f83afee7a0e4822a6729145dd53af33/43be0afc2b544cec87568b7247841107/+/+/+","timestamp":"2019-06-21 09:55:32"}
{"level":"info","message":"允许接收的平台=>posAdmin-dev,resto-dev","timestamp":"2019-06-21 09:55:32"}
{"level":"error","message":"==mqtt==close==你已断开连接,异常退出","timestamp":"2019-06-21 09:55:54"}
{"level":"error","message":"==mqtt==reconnect==正在尝试重新连接","timestamp":"2019-06-21 09:56:09"}
{"level":"info","message":"mqtt成功连接到：ws://test.emq.restoplus.cn:8083/mqtt","timestamp":"2019-06-21 09:56:09"}
{"level":"info","message":"订阅成功--$queue/winPos/+/2f83afee7a0e4822a6729145dd53af33/43be0afc2b544cec87568b7247841107/+/+/+","timestamp":"2019-06-21 09:56:09"}
{"level":"info","message":"允许接收的平台=>posAdmin-dev,resto-dev","timestamp":"2019-06-21 09:56:09"}
{"level":"info","message":"启动离线订单检测！间隔180000","timestamp":"2019-06-21 09:57:13"}
{"level":"info","message":"没有需要同步的订单！","timestamp":"2019-06-21 09:57:14"}
{"level":"info","message":"启动离线订单检测！间隔180000","timestamp":"2019-06-21 10:00:13"}
{"level":"info","message":"没有需要同步的订单！","timestamp":"2019-06-21 10:00:13"}
{"level":"info","message":"启动离线订单检测！间隔180000","timestamp":"2019-06-21 10:03:13"}
{"level":"info","message":"没有需要同步的订单！","timestamp":"2019-06-21 10:03:13"}
{"level":"info","message":"启动离线订单检测！间隔180000","timestamp":"2019-06-21 10:06:13"}
{"level":"info","message":"没有需要同步的订单！","timestamp":"2019-06-21 10:06:13"}
{"level":"info","message":"启动离线订单检测！间隔180000","timestamp":"2019-06-21 10:09:13"}
{"level":"info","message":"没有需要同步的订单！","timestamp":"2019-06-21 10:09:13"}
{"level":"info","message":"启动离线订单检测！间隔180000","timestamp":"2019-06-21 10:12:13"}
{"level":"info","message":"没有需要同步的订单！","timestamp":"2019-06-21 10:12:13"}
{"level":"info","message":"启动离线订单检测！间隔180000","timestamp":"2019-06-21 10:15:13"}
{"level":"info","message":"没有需要同步的订单！","timestamp":"2019-06-21 10:15:13"}
{"level":"info","message":"启动离线订单检测！间隔180000","timestamp":"2019-06-21 10:18:13"}
{"level":"info","message":"没有需要同步的订单！","timestamp":"2019-06-21 10:18:13"}
{"level":"info","message":"启动离线订单检测！间隔180000","timestamp":"2019-06-21 10:21:13"}
{"level":"info","message":"没有需要同步的订单！","timestamp":"2019-06-21 10:21:13"}
{"level":"info","message":"启动离线订单检测！间隔180000","timestamp":"2019-06-21 10:24:13"}
{"level":"info","message":"没有需要同步的订单！","timestamp":"2019-06-21 10:24:13"}
{"level":"info","message":"启动离线订单检测！间隔180000","timestamp":"2019-06-21 10:27:13"}
{"level":"info","message":"没有需要同步的订单！","timestamp":"2019-06-21 10:27:13"}
{"level":"info","message":"启动离线订单检测！间隔180000","timestamp":"2019-06-21 10:30:14"}
{"level":"info","message":"没有需要同步的订单！","timestamp":"2019-06-21 10:30:14"}
{"level":"info","message":"启动离线订单检测！间隔180000","timestamp":"2019-06-21 10:33:14"}
{"level":"info","message":"没有需要同步的订单！","timestamp":"2019-06-21 10:33:14"}
{"level":"info","message":"启动离线订单检测！间隔180000","timestamp":"2019-06-21 10:36:14"}
{"level":"info","message":"没有需要同步的订单！","timestamp":"2019-06-21 10:36:14"}
{"level":"info","message":"启动离线订单检测！间隔180000","timestamp":"2019-06-21 10:39:14"}
{"level":"info","message":"没有需要同步的订单！","timestamp":"2019-06-21 10:39:14"}
{"level":"info","message":"GET /system/info 47 2019-06-21 10:39:18","timestamp":"2019-06-21 10:39:18"}
{"level":"info","message":"GET /on/line/state 2 2019-06-21 10:39:19","timestamp":"2019-06-21 10:39:19"}
{"level":"info","message":"GET /business/report 70 2019-06-21 10:39:19","timestamp":"2019-06-21 10:39:19"}
{"level":"info","message":"GET /order/order_state_count 15 2019-06-21 10:39:26","timestamp":"2019-06-21 10:39:26"}
{"level":"info","message":"GET /area 20 2019-06-21 10:39:26","timestamp":"2019-06-21 10:39:26"}
{"level":"info","message":"GET /table/list 45 2019-06-21 10:39:26","timestamp":"2019-06-21 10:39:26"}
{"level":"error","message":"==mqtt==close==你已断开连接,异常退出","timestamp":"2019-06-21 10:41:01"}
{"level":"error","message":"==mqtt==reconnect==正在尝试重新连接","timestamp":"2019-06-21 10:41:16"}
{"level":"info","message":"mqtt成功连接到：ws://test.emq.restoplus.cn:8083/mqtt","timestamp":"2019-06-21 10:41:18"}
{"level":"info","message":"订阅成功--$queue/winPos/+/2f83afee7a0e4822a6729145dd53af33/43be0afc2b544cec87568b7247841107/+/+/+","timestamp":"2019-06-21 10:41:18"}
{"level":"info","message":"允许接收的平台=>posAdmin-dev,resto-dev","timestamp":"2019-06-21 10:41:18"}
{"level":"info","message":"启动离线订单检测！间隔180000","timestamp":"2019-06-21 10:42:14"}
{"level":"info","message":"没有需要同步的订单！","timestamp":"2019-06-21 10:42:14"}
{"level":"info","message":"启动离线订单检测！间隔180000","timestamp":"2019-06-21 10:45:14"}
{"level":"info","message":"没有需要同步的订单！","timestamp":"2019-06-21 10:45:14"}
{"level":"info","message":"启动离线订单检测！间隔180000","timestamp":"2019-06-21 10:48:14"}
{"level":"info","message":"没有需要同步的订单！","timestamp":"2019-06-21 10:48:14"}
{"level":"info","message":"启动离线订单检测！间隔180000","timestamp":"2019-06-21 10:51:14"}
{"level":"info","message":"没有需要同步的订单！","timestamp":"2019-06-21 10:51:14"}
{"level":"error","message":"==mqtt==close==你已断开连接,异常退出","timestamp":"2019-06-21 10:53:41"}
{"level":"error","message":"==mqtt==reconnect==正在尝试重新连接","timestamp":"2019-06-21 10:53:56"}
{"level":"info","message":"mqtt成功连接到：ws://test.emq.restoplus.cn:8083/mqtt","timestamp":"2019-06-21 10:53:56"}
{"level":"info","message":"订阅成功--$queue/winPos/+/2f83afee7a0e4822a6729145dd53af33/43be0afc2b544cec87568b7247841107/+/+/+","timestamp":"2019-06-21 10:53:56"}
{"level":"info","message":"允许接收的平台=>posAdmin-dev,resto-dev","timestamp":"2019-06-21 10:53:56"}
{"level":"info","message":"启动离线订单检测！间隔180000","timestamp":"2019-06-21 10:54:36"}
{"level":"info","message":"没有需要同步的订单！","timestamp":"2019-06-21 10:54:36"}
{"level":"info","message":"启动离线订单检测！间隔180000","timestamp":"2019-06-21 10:57:36"}
{"level":"info","message":"没有需要同步的订单！","timestamp":"2019-06-21 10:57:36"}
{"level":"info","message":"启动离线订单检测！间隔180000","timestamp":"2019-06-21 11:00:36"}
{"level":"info","message":"没有需要同步的订单！","timestamp":"2019-06-21 11:00:36"}
{"level":"info","message":"启动离线订单检测！间隔180000","timestamp":"2019-06-21 11:03:36"}
{"level":"info","message":"没有需要同步的订单！","timestamp":"2019-06-21 11:03:36"}
{"level":"info","message":"启动离线订单检测！间隔180000","timestamp":"2019-06-21 11:06:36"}
{"level":"info","message":"没有需要同步的订单！","timestamp":"2019-06-21 11:06:36"}
{"level":"info","message":"启动离线订单检测！间隔180000","timestamp":"2019-06-21 11:09:36"}
{"level":"info","message":"没有需要同步的订单！","timestamp":"2019-06-21 11:09:36"}
{"level":"info","message":"启动离线订单检测！间隔180000","timestamp":"2019-06-21 11:12:36"}
{"level":"info","message":"没有需要同步的订单！","timestamp":"2019-06-21 11:12:36"}
{"level":"info","message":"启动离线订单检测！间隔180000","timestamp":"2019-06-21 11:15:36"}
{"level":"info","message":"没有需要同步的订单！","timestamp":"2019-06-21 11:15:36"}
{"level":"info","message":"启动离线订单检测！间隔180000","timestamp":"2019-06-21 11:18:36"}
{"level":"info","message":"没有需要同步的订单！","timestamp":"2019-06-21 11:18:36"}
{"level":"info","message":"启动离线订单检测！间隔180000","timestamp":"2019-06-21 11:21:36"}
{"level":"info","message":"没有需要同步的订单！","timestamp":"2019-06-21 11:21:36"}
{"level":"info","message":"启动离线订单检测！间隔180000","timestamp":"2019-06-21 11:24:36"}
{"level":"info","message":"没有需要同步的订单！","timestamp":"2019-06-21 11:24:36"}
{"level":"info","message":"启动离线订单检测！间隔180000","timestamp":"2019-06-21 11:27:36"}
{"level":"info","message":"没有需要同步的订单！","timestamp":"2019-06-21 11:27:36"}
{"level":"info","message":"启动离线订单检测！间隔180000","timestamp":"2019-06-21 11:30:36"}
{"level":"info","message":"没有需要同步的订单！","timestamp":"2019-06-21 11:30:36"}
{"level":"info","message":"启动离线订单检测！间隔180000","timestamp":"2019-06-21 11:33:36"}
{"level":"info","message":"没有需要同步的订单！","timestamp":"2019-06-21 11:33:36"}
{"level":"info","message":"启动离线订单检测！间隔180000","timestamp":"2019-06-21 11:36:36"}
{"level":"info","message":"没有需要同步的订单！","timestamp":"2019-06-21 11:36:36"}
{"level":"info","message":"启动离线订单检测！间隔180000","timestamp":"2019-06-21 11:39:36"}
{"level":"info","message":"没有需要同步的订单！","timestamp":"2019-06-21 11:39:36"}
{"level":"info","message":"启动离线订单检测！间隔180000","timestamp":"2019-06-21 11:42:36"}
{"level":"info","message":"没有需要同步的订单！","timestamp":"2019-06-21 11:42:36"}
{"level":"info","message":"启动离线订单检测！间隔180000","timestamp":"2019-06-21 11:45:36"}
{"level":"info","message":"没有需要同步的订单！","timestamp":"2019-06-21 11:45:36"}
{"level":"info","message":"启动离线订单检测！间隔180000","timestamp":"2019-06-21 11:48:36"}
{"level":"info","message":"没有需要同步的订单！","timestamp":"2019-06-21 11:48:36"}
{"level":"info","message":"启动离线订单检测！间隔180000","timestamp":"2019-06-21 11:51:36"}
{"level":"info","message":"没有需要同步的订单！","timestamp":"2019-06-21 11:51:36"}
{"level":"info","message":"启动离线订单检测！间隔180000","timestamp":"2019-06-21 11:54:36"}
{"level":"info","message":"没有需要同步的订单！","timestamp":"2019-06-21 11:54:36"}
{"level":"error","message":"==mqtt==close==你已断开连接,异常退出","timestamp":"2019-06-21 13:46:25"}
{"level":"error","message":"==mqtt==reconnect==正在尝试重新连接","timestamp":"2019-06-21 13:46:40"}
{"level":"info","message":"mqtt成功连接到：ws://test.emq.restoplus.cn:8083/mqtt","timestamp":"2019-06-21 13:46:40"}
{"level":"info","message":"订阅成功--$queue/winPos/+/2f83afee7a0e4822a6729145dd53af33/43be0afc2b544cec87568b7247841107/+/+/+","timestamp":"2019-06-21 13:46:40"}
{"level":"info","message":"允许接收的平台=>posAdmin-dev,resto-dev","timestamp":"2019-06-21 13:46:40"}
{"level":"info","message":"启动离线订单检测！间隔180000","timestamp":"2019-06-21 13:47:14"}
{"level":"info","message":"没有需要同步的订单！","timestamp":"2019-06-21 13:47:14"}
{"level":"info","message":"启动离线订单检测！间隔180000","timestamp":"2019-06-21 13:50:14"}
{"level":"info","message":"没有需要同步的订单！","timestamp":"2019-06-21 13:50:14"}
{"level":"info","message":"启动离线订单检测！间隔180000","timestamp":"2019-06-21 13:53:14"}
{"level":"info","message":"没有需要同步的订单！","timestamp":"2019-06-21 13:53:14"}
{"level":"info","message":"启动离线订单检测！间隔180000","timestamp":"2019-06-21 13:56:14"}
{"level":"info","message":"没有需要同步的订单！","timestamp":"2019-06-21 13:56:14"}
{"level":"info","message":"启动离线订单检测！间隔180000","timestamp":"2019-06-21 13:59:14"}
{"level":"info","message":"没有需要同步的订单！","timestamp":"2019-06-21 13:59:14"}
{"level":"info","message":"启动离线订单检测！间隔180000","timestamp":"2019-06-21 14:02:14"}
{"level":"info","message":"没有需要同步的订单！","timestamp":"2019-06-21 14:02:14"}
{"level":"info","message":"启动离线订单检测！间隔180000","timestamp":"2019-06-21 14:05:14"}
{"level":"info","message":"没有需要同步的订单！","timestamp":"2019-06-21 14:05:14"}
{"level":"info","message":"启动离线订单检测！间隔180000","timestamp":"2019-06-21 14:08:14"}
{"level":"info","message":"没有需要同步的订单！","timestamp":"2019-06-21 14:08:14"}
{"level":"info","message":"启动离线订单检测！间隔180000","timestamp":"2019-06-21 14:11:14"}
{"level":"info","message":"没有需要同步的订单！","timestamp":"2019-06-21 14:11:14"}
{"level":"info","message":"启动离线订单检测！间隔180000","timestamp":"2019-06-21 14:14:14"}
{"level":"info","message":"没有需要同步的订单！","timestamp":"2019-06-21 14:14:14"}
{"level":"info","message":"启动离线订单检测！间隔180000","timestamp":"2019-06-21 14:17:14"}
{"level":"info","message":"没有需要同步的订单！","timestamp":"2019-06-21 14:17:14"}
{"level":"info","message":"启动离线订单检测！间隔180000","timestamp":"2019-06-21 14:20:14"}
{"level":"info","message":"没有需要同步的订单！","timestamp":"2019-06-21 14:20:14"}
{"level":"info","message":"启动离线订单检测！间隔180000","timestamp":"2019-06-21 14:23:14"}
{"level":"info","message":"没有需要同步的订单！","timestamp":"2019-06-21 14:23:14"}
{"level":"info","message":"GET /order/order_state_count 5 2019-06-21 14:24:32","timestamp":"2019-06-21 14:24:32"}
{"level":"info","message":"GET /order/no_pay 6 2019-06-21 14:24:32","timestamp":"2019-06-21 14:24:32"}
{"level":"info","message":"GET /order/get_order_test 65 2019-06-21 14:24:32","timestamp":"2019-06-21 14:24:32"}
{"level":"info","message":"GET /order/detail 69 2019-06-21 14:24:32","timestamp":"2019-06-21 14:24:32"}
{"level":"info","message":"GET /order/detail 9 2019-06-21 14:24:34","timestamp":"2019-06-21 14:24:34"}
{"level":"info","message":"GET /order/discount_info 5 2019-06-21 14:24:34","timestamp":"2019-06-21 14:24:34"}
{"level":"info","message":"GET /order/detail 15 2019-06-21 14:24:34","timestamp":"2019-06-21 14:24:34"}
{"level":"info","message":"GET /order/order_items 8 2019-06-21 14:24:34","timestamp":"2019-06-21 14:24:34"}
{"level":"info","message":"GET /order/order_state_count 6 2019-06-21 14:25:40","timestamp":"2019-06-21 14:25:40"}
{"level":"info","message":"GET /area 7 2019-06-21 14:25:40","timestamp":"2019-06-21 14:25:40"}
{"level":"info","message":"GET /table/list 12 2019-06-21 14:25:40","timestamp":"2019-06-21 14:25:40"}
{"level":"info","message":"GET /order/no_pay 8 2019-06-21 14:25:57","timestamp":"2019-06-21 14:25:57"}
{"level":"info","message":"GET /order/order_state_count 9 2019-06-21 14:25:57","timestamp":"2019-06-21 14:25:57"}
{"level":"info","message":"GET /order/get_order_test 9 2019-06-21 14:25:57","timestamp":"2019-06-21 14:25:57"}
{"level":"info","message":"GET /order/detail 18 2019-06-21 14:25:57","timestamp":"2019-06-21 14:25:57"}
{"level":"info","message":"GET /order/discount_info 12 2019-06-21 14:25:58","timestamp":"2019-06-21 14:25:58"}
{"level":"info","message":"GET /order/order_items 24 2019-06-21 14:25:58","timestamp":"2019-06-21 14:25:58"}
{"level":"info","message":"GET /order/detail 24 2019-06-21 14:25:58","timestamp":"2019-06-21 14:25:58"}
{"level":"info","message":"GET /order/detail 7 2019-06-21 14:25:58","timestamp":"2019-06-21 14:25:58"}
{"level":"info","message":"GET /order/order_state_count 6 2019-06-21 14:26:08","timestamp":"2019-06-21 14:26:08"}
{"level":"info","message":"GET /area 7 2019-06-21 14:26:08","timestamp":"2019-06-21 14:26:08"}
{"level":"info","message":"GET /table/list 6 2019-06-21 14:26:08","timestamp":"2019-06-21 14:26:08"}
{"level":"info","message":"启动离线订单检测！间隔180000","timestamp":"2019-06-21 14:26:14"}
{"level":"info","message":"没有需要同步的订单！","timestamp":"2019-06-21 14:26:14"}
{"level":"info","message":"GET /order/no_pay 7 2019-06-21 14:26:46","timestamp":"2019-06-21 14:26:46"}
{"level":"info","message":"GET /order/order_state_count 7 2019-06-21 14:26:46","timestamp":"2019-06-21 14:26:46"}
{"level":"info","message":"GET /order/detail 26 2019-06-21 14:26:46","timestamp":"2019-06-21 14:26:46"}
{"level":"info","message":"GET /order/get_order_test 6 2019-06-21 14:26:46","timestamp":"2019-06-21 14:26:46"}
{"level":"info","message":"GET /table/list 9 2019-06-21 14:26:48","timestamp":"2019-06-21 14:26:48"}
{"level":"info","message":"GET /order/order_state_count 7 2019-06-21 14:26:48","timestamp":"2019-06-21 14:26:48"}
{"level":"info","message":"POST /bind/table 132 2019-06-21 14:26:50","timestamp":"2019-06-21 14:26:50"}
{"level":"info","message":"GET /order/detail 9 2019-06-21 14:26:50","timestamp":"2019-06-21 14:26:50"}
{"level":"info","message":"GET /article/family_list 16 2019-06-21 14:26:51","timestamp":"2019-06-21 14:26:51"}
{"level":"info","message":"GET /article/article_list 113 2019-06-21 14:26:51","timestamp":"2019-06-21 14:26:51"}
{"level":"info","message":"POST /push/order 107 2019-06-21 14:26:52","timestamp":"2019-06-21 14:26:52"}
{"level":"info","message":"GET /order/order_state_count 35 2019-06-21 14:26:52","timestamp":"2019-06-21 14:26:52"}
{"level":"info","message":"GET /area 30 2019-06-21 14:26:52","timestamp":"2019-06-21 14:26:52"}
{"level":"info","message":"GET /table/list 31 2019-06-21 14:26:52","timestamp":"2019-06-21 14:26:52"}
{"level":"info","message":"【/v1/newpos/order/push】==> 下单成功！","timestamp":"2019-06-21 14:26:53"}
{"level":"info","message":"GET /order/detail 244 2019-06-21 14:26:53","timestamp":"2019-06-21 14:26:53"}
{"level":"info","message":"GET /order/get_order_test 4 2019-06-21 14:26:53","timestamp":"2019-06-21 14:26:53"}
{"level":"info","message":"POST /bind/table 96 2019-06-21 14:26:55","timestamp":"2019-06-21 14:26:55"}
{"level":"info","message":"GET /article/family_list 2 2019-06-21 14:26:55","timestamp":"2019-06-21 14:26:55"}
{"level":"info","message":"GET /order/detail 5 2019-06-21 14:26:55","timestamp":"2019-06-21 14:26:55"}
{"level":"info","message":"GET /article/article_list 206 2019-06-21 14:26:56","timestamp":"2019-06-21 14:26:56"}
{"level":"info","message":"GET /article/article_list 7 2019-06-21 14:26:59","timestamp":"2019-06-21 14:26:59"}
{"level":"info","message":"GET /article/unit_list 27 2019-06-21 14:27:00","timestamp":"2019-06-21 14:27:00"}
{"level":"info","message":"GET /article/unit_list 3 2019-06-21 14:27:03","timestamp":"2019-06-21 14:27:03"}
{"level":"info","message":"GET /article/article_list 19 2019-06-21 14:27:05","timestamp":"2019-06-21 14:27:05"}
{"level":"info","message":"GET /article/article_list 21 2019-06-21 14:27:05","timestamp":"2019-06-21 14:27:05"}
{"level":"info","message":"POST /push/order 121 2019-06-21 14:27:07","timestamp":"2019-06-21 14:27:07"}
{"level":"info","message":"【/v1/newpos/order/push】==> 下单成功！","timestamp":"2019-06-21 14:27:07"}
{"level":"info","message":"GET /order/order_state_count 19 2019-06-21 14:27:07","timestamp":"2019-06-21 14:27:07"}
{"level":"info","message":"GET /area 15 2019-06-21 14:27:07","timestamp":"2019-06-21 14:27:07"}
{"level":"info","message":"GET /table/list 12 2019-06-21 14:27:07","timestamp":"2019-06-21 14:27:07"}
{"level":"info","message":"GET /order/detail 38 2019-06-21 14:27:07","timestamp":"2019-06-21 14:27:07"}
{"level":"info","message":"GET /order/get_order_test 4 2019-06-21 14:27:08","timestamp":"2019-06-21 14:27:08"}
{"level":"info","message":"GET /order/get_order_test 7 2019-06-21 14:27:09","timestamp":"2019-06-21 14:27:09"}
{"level":"info","message":"GET /order/detail 16 2019-06-21 14:27:09","timestamp":"2019-06-21 14:27:09"}
{"level":"info","message":"GET /order/get_order_test 10 2019-06-21 14:27:11","timestamp":"2019-06-21 14:27:11"}
{"level":"info","message":"GET /order/detail 19 2019-06-21 14:27:11","timestamp":"2019-06-21 14:27:11"}
{"level":"info","message":"GET /order/get_order_test 9 2019-06-21 14:27:13","timestamp":"2019-06-21 14:27:13"}
{"level":"info","message":"GET /order/detail 16 2019-06-21 14:27:13","timestamp":"2019-06-21 14:27:13"}
{"level":"info","message":"GET /order/get_order_test 11 2019-06-21 14:27:15","timestamp":"2019-06-21 14:27:15"}
{"level":"info","message":"GET /order/detail 16 2019-06-21 14:27:15","timestamp":"2019-06-21 14:27:15"}
{"level":"info","message":"GET /order/detail 19 2019-06-21 14:27:16","timestamp":"2019-06-21 14:27:16"}
{"level":"info","message":"GET /order/get_order_test 14 2019-06-21 14:27:16","timestamp":"2019-06-21 14:27:16"}
{"level":"info","message":"GET /order/get_order_test 12 2019-06-21 14:27:17","timestamp":"2019-06-21 14:27:17"}
{"level":"info","message":"GET /order/detail 15 2019-06-21 14:27:17","timestamp":"2019-06-21 14:27:17"}
{"level":"info","message":"GET /order/order_items 10 2019-06-21 14:27:21","timestamp":"2019-06-21 14:27:21"}
{"level":"info","message":"GET /order/discount_info 2 2019-06-21 14:27:21","timestamp":"2019-06-21 14:27:21"}
{"level":"info","message":"GET /order/detail 11 2019-06-21 14:27:21","timestamp":"2019-06-21 14:27:21"}
{"level":"info","message":"GET /order/detail 7 2019-06-21 14:27:21","timestamp":"2019-06-21 14:27:21"}
{"level":"info","message":"GET /order/order_state_count 11 2019-06-21 14:27:49","timestamp":"2019-06-21 14:27:49"}
{"level":"info","message":"GET /area 10 2019-06-21 14:27:49","timestamp":"2019-06-21 14:27:49"}
{"level":"info","message":"GET /table/list 10 2019-06-21 14:27:49","timestamp":"2019-06-21 14:27:49"}
{"level":"info","message":"GET /order/get_order_test 8 2019-06-21 14:27:49","timestamp":"2019-06-21 14:27:49"}
{"level":"info","message":"GET /order/detail 19 2019-06-21 14:27:49","timestamp":"2019-06-21 14:27:49"}
{"level":"info","message":"GET /order/get_order_test 3 2019-06-21 14:27:50","timestamp":"2019-06-21 14:27:50"}
{"level":"info","message":"GET /order/discount_info 6 2019-06-21 14:27:51","timestamp":"2019-06-21 14:27:51"}
{"level":"info","message":"GET /order/order_items 19 2019-06-21 14:27:51","timestamp":"2019-06-21 14:27:51"}
{"level":"info","message":"GET /order/detail 18 2019-06-21 14:27:51","timestamp":"2019-06-21 14:27:51"}
{"level":"info","message":"GET /order/detail 7 2019-06-21 14:27:51","timestamp":"2019-06-21 14:27:51"}
{"level":"info","message":"POST /order/pay 93 2019-06-21 14:27:54","timestamp":"2019-06-21 14:27:54"}
{"level":"info","message":"GET /order/order_state_count 16 2019-06-21 14:27:54","timestamp":"2019-06-21 14:27:54"}
{"level":"info","message":"GET /area 12 2019-06-21 14:27:54","timestamp":"2019-06-21 14:27:54"}
{"level":"info","message":"GET /table/list 16 2019-06-21 14:27:54","timestamp":"2019-06-21 14:27:54"}
{"level":"info","message":"【/v1/newpos/order/payment】==> 买单成功！","timestamp":"2019-06-21 14:27:54"}
{"level":"info","message":"GET /order/order_state_count 3 2019-06-21 14:27:57","timestamp":"2019-06-21 14:27:57"}
{"level":"info","message":"GET /order/pay 2 2019-06-21 14:27:57","timestamp":"2019-06-21 14:27:57"}
{"level":"info","message":"GET /order/get_order_test 13 2019-06-21 14:27:57","timestamp":"2019-06-21 14:27:57"}
{"level":"info","message":"GET /order/detail 17 2019-06-21 14:27:57","timestamp":"2019-06-21 14:27:57"}
{"level":"info","message":"GET /order/pay 4 2019-06-21 14:28:03","timestamp":"2019-06-21 14:28:03"}
{"level":"info","message":"GET /order/order_state_count 7 2019-06-21 14:28:03","timestamp":"2019-06-21 14:28:03"}
{"level":"info","message":"GET /order/get_order_test 12 2019-06-21 14:28:03","timestamp":"2019-06-21 14:28:03"}
{"level":"info","message":"GET /order/detail 18 2019-06-21 14:28:03","timestamp":"2019-06-21 14:28:03"}
{"level":"info","message":"GET /table/list 9 2019-06-21 14:28:03","timestamp":"2019-06-21 14:28:03"}
{"level":"info","message":"GET /order/order_state_count 7 2019-06-21 14:28:03","timestamp":"2019-06-21 14:28:03"}
{"level":"info","message":"GET /order/detail 10 2019-06-21 14:28:05","timestamp":"2019-06-21 14:28:05"}
{"level":"info","message":"GET /order/get_order_test 5 2019-06-21 14:28:05","timestamp":"2019-06-21 14:28:05"}
{"level":"info","message":"GET /article/family_list 3 2019-06-21 14:28:06","timestamp":"2019-06-21 14:28:06"}
{"level":"info","message":"GET /order/detail 7 2019-06-21 14:28:06","timestamp":"2019-06-21 14:28:06"}
{"level":"info","message":"GET /article/article_list 6 2019-06-21 14:28:06","timestamp":"2019-06-21 14:28:06"}
{"level":"info","message":"GET /order/order_state_count 10 2019-06-21 14:28:09","timestamp":"2019-06-21 14:28:09"}
{"level":"info","message":"GET /area 7 2019-06-21 14:28:09","timestamp":"2019-06-21 14:28:09"}
{"level":"info","message":"GET /table/list 10 2019-06-21 14:28:09","timestamp":"2019-06-21 14:28:09"}
{"level":"info","message":"GET /order/detail 26 2019-06-21 14:28:09","timestamp":"2019-06-21 14:28:09"}
{"level":"info","message":"GET /order/get_order_test 3 2019-06-21 14:28:09","timestamp":"2019-06-21 14:28:09"}
{"level":"info","message":"GET /order/discount_info 3 2019-06-21 14:28:10","timestamp":"2019-06-21 14:28:10"}
{"level":"info","message":"GET /order/order_items 16 2019-06-21 14:28:10","timestamp":"2019-06-21 14:28:10"}
{"level":"info","message":"GET /order/detail 17 2019-06-21 14:28:10","timestamp":"2019-06-21 14:28:10"}
{"level":"info","message":"GET /order/detail 8 2019-06-21 14:28:10","timestamp":"2019-06-21 14:28:10"}
{"level":"info","message":"GET /order/order_state_count 9 2019-06-21 14:28:18","timestamp":"2019-06-21 14:28:18"}
{"level":"info","message":"GET /area 8 2019-06-21 14:28:18","timestamp":"2019-06-21 14:28:18"}
{"level":"info","message":"GET /table/list 11 2019-06-21 14:28:18","timestamp":"2019-06-21 14:28:18"}
{"level":"info","message":"GET /order/detail 12 2019-06-21 14:28:22","timestamp":"2019-06-21 14:28:22"}
{"level":"info","message":"GET /order/get_order_test 9 2019-06-21 14:28:22","timestamp":"2019-06-21 14:28:22"}
{"level":"info","message":"GET /order/order_state_count 9 2019-06-21 14:29:06","timestamp":"2019-06-21 14:29:06"}
{"level":"info","message":"GET /area 8 2019-06-21 14:29:06","timestamp":"2019-06-21 14:29:06"}
{"level":"info","message":"GET /table/list 10 2019-06-21 14:29:06","timestamp":"2019-06-21 14:29:06"}
{"level":"info","message":"启动离线订单检测！间隔180000","timestamp":"2019-06-21 14:29:14"}
{"level":"info","message":"没有需要同步的订单！","timestamp":"2019-06-21 14:29:14"}
{"level":"info","message":"GET /order/detail 13 2019-06-21 14:29:21","timestamp":"2019-06-21 14:29:21"}
{"level":"info","message":"GET /order/get_order_test 8 2019-06-21 14:29:21","timestamp":"2019-06-21 14:29:21"}
{"level":"info","message":"GET /order/order_state_count 8 2019-06-21 14:29:28","timestamp":"2019-06-21 14:29:28"}
{"level":"info","message":"GET /area 7 2019-06-21 14:29:28","timestamp":"2019-06-21 14:29:28"}
{"level":"info","message":"GET /on/line/state 1 2019-06-21 14:29:28","timestamp":"2019-06-21 14:29:28"}
{"level":"info","message":"GET /table/list 8 2019-06-21 14:29:28","timestamp":"2019-06-21 14:29:28"}
{"level":"info","message":"GET /order/detail 22 2019-06-21 14:29:28","timestamp":"2019-06-21 14:29:28"}
{"level":"info","message":"GET /order/get_order_test 3 2019-06-21 14:29:29","timestamp":"2019-06-21 14:29:29"}
{"level":"info","message":"启动离线订单检测！间隔180000","timestamp":"2019-06-21 14:32:14"}
{"level":"info","message":"没有需要同步的订单！","timestamp":"2019-06-21 14:32:14"}
{"level":"info","message":"启动离线订单检测！间隔180000","timestamp":"2019-06-21 14:35:14"}
{"level":"info","message":"没有需要同步的订单！","timestamp":"2019-06-21 14:35:14"}
{"level":"info","message":"启动离线订单检测！间隔180000","timestamp":"2019-06-21 14:38:14"}
{"level":"info","message":"没有需要同步的订单！","timestamp":"2019-06-21 14:38:14"}
{"level":"info","message":"启动离线订单检测！间隔180000","timestamp":"2019-06-21 14:41:15"}
{"level":"info","message":"没有需要同步的订单！","timestamp":"2019-06-21 14:41:15"}
{"level":"info","message":"启动离线订单检测！间隔180000","timestamp":"2019-06-21 14:44:15"}
{"level":"info","message":"没有需要同步的订单！","timestamp":"2019-06-21 14:44:15"}
{"level":"error","message":"==mqtt==close==你已断开连接,正常退出","timestamp":"2019-06-21 14:47:08"}
{"level":"info","message":"启动离线订单检测！间隔180000","timestamp":"2019-06-21 14:47:15"}
{"level":"info","message":"没有需要同步的订单！","timestamp":"2019-06-21 14:47:15"}
{"level":"error","message":"==mqtt==reconnect==正在尝试重新连接","timestamp":"2019-06-21 14:47:23"}
{"level":"info","message":"mqtt成功连接到：ws://test.emq.restoplus.cn:8083/mqtt","timestamp":"2019-06-21 14:47:23"}
{"level":"info","message":"订阅成功--$queue/winPos/+/2f83afee7a0e4822a6729145dd53af33/43be0afc2b544cec87568b7247841107/+/+/+","timestamp":"2019-06-21 14:47:23"}
{"level":"info","message":"允许接收的平台=>posAdmin-dev,resto-dev","timestamp":"2019-06-21 14:47:23"}
{"level":"info","message":"启动离线订单检测！间隔180000","timestamp":"2019-06-21 14:50:15"}
{"level":"info","message":"没有需要同步的订单！","timestamp":"2019-06-21 14:50:15"}
{"level":"info","message":"启动离线订单检测！间隔180000","timestamp":"2019-06-21 14:53:15"}
{"level":"info","message":"没有需要同步的订单！","timestamp":"2019-06-21 14:53:15"}
{"level":"info","message":"GET /table/list 11 2019-06-21 14:54:07","timestamp":"2019-06-21 14:54:07"}
{"level":"info","message":"GET /order/order_state_count 7 2019-06-21 14:54:07","timestamp":"2019-06-21 14:54:07"}
{"level":"info","message":"GET /order/pay 12 2019-06-21 14:54:12","timestamp":"2019-06-21 14:54:12"}
{"level":"info","message":"GET /order/order_state_count 22 2019-06-21 14:54:12","timestamp":"2019-06-21 14:54:12"}
{"level":"info","message":"GET /order/get_order_test 11 2019-06-21 14:54:12","timestamp":"2019-06-21 14:54:12"}
{"level":"info","message":"GET /order/detail 22 2019-06-21 14:54:12","timestamp":"2019-06-21 14:54:12"}
{"level":"info","message":"GET /table/list 6 2019-06-21 14:54:13","timestamp":"2019-06-21 14:54:13"}
{"level":"info","message":"GET /order/order_state_count 10 2019-06-21 14:54:13","timestamp":"2019-06-21 14:54:13"}
{"level":"info","message":"启动离线订单检测！间隔180000","timestamp":"2019-06-21 14:56:15"}
{"level":"info","message":"没有需要同步的订单！","timestamp":"2019-06-21 14:56:15"}
{"level":"info","message":"启动离线订单检测！间隔180000","timestamp":"2019-06-21 14:59:15"}
{"level":"info","message":"没有需要同步的订单！","timestamp":"2019-06-21 14:59:15"}
{"level":"info","message":"启动离线订单检测！间隔180000","timestamp":"2019-06-21 15:02:15"}
{"level":"info","message":"没有需要同步的订单！","timestamp":"2019-06-21 15:02:15"}
{"level":"info","message":"启动离线订单检测！间隔180000","timestamp":"2019-06-21 15:05:15"}
{"level":"info","message":"没有需要同步的订单！","timestamp":"2019-06-21 15:05:15"}
{"level":"info","message":"启动离线订单检测！间隔180000","timestamp":"2019-06-21 15:08:15"}
{"level":"info","message":"没有需要同步的订单！","timestamp":"2019-06-21 15:08:15"}
{"level":"info","message":"启动离线订单检测！间隔180000","timestamp":"2019-06-21 15:11:15"}
{"level":"info","message":"没有需要同步的订单！","timestamp":"2019-06-21 15:11:15"}
{"level":"error","message":"==mqtt==close==你已断开连接,异常退出","timestamp":"2019-06-21 15:18:28"}
{"level":"error","message":"==mqtt==reconnect==正在尝试重新连接","timestamp":"2019-06-21 15:18:43"}
{"level":"info","message":"mqtt成功连接到：ws://test.emq.restoplus.cn:8083/mqtt","timestamp":"2019-06-21 15:18:43"}
{"level":"info","message":"订阅成功--$queue/winPos/+/2f83afee7a0e4822a6729145dd53af33/43be0afc2b544cec87568b7247841107/+/+/+","timestamp":"2019-06-21 15:18:43"}
{"level":"info","message":"允许接收的平台=>posAdmin-dev,resto-dev","timestamp":"2019-06-21 15:18:43"}
{"level":"info","message":"启动离线订单检测！间隔180000","timestamp":"2019-06-21 15:18:59"}
{"level":"info","message":"没有需要同步的订单！","timestamp":"2019-06-21 15:18:59"}
{"level":"info","message":"mqtt成功连接到：ws://test.emq.restoplus.cn:8083/mqtt","timestamp":"2019-06-21 15:21:24"}
{"level":"info","message":"订阅成功--$queue/winPos/+/2f83afee7a0e4822a6729145dd53af33/43be0afc2b544cec87568b7247841107/+/+/+","timestamp":"2019-06-21 15:21:29"}
{"level":"info","message":"允许接收的平台=>posAdmin-dev,resto-dev","timestamp":"2019-06-21 15:21:29"}
{"level":"error","message":"==mqtt==close==你已断开连接,正常退出","timestamp":"2019-06-21 15:22:06"}
{"level":"error","message":"==mqtt==reconnect==正在尝试重新连接","timestamp":"2019-06-21 15:22:21"}
{"level":"info","message":"mqtt成功连接到：ws://test.emq.restoplus.cn:8083/mqtt","timestamp":"2019-06-21 15:22:21"}
{"level":"info","message":"订阅成功--$queue/winPos/+/2f83afee7a0e4822a6729145dd53af33/43be0afc2b544cec87568b7247841107/+/+/+","timestamp":"2019-06-21 15:22:21"}
{"level":"info","message":"允许接收的平台=>posAdmin-dev,resto-dev","timestamp":"2019-06-21 15:22:21"}
{"level":"error","message":"resource \"GET:/555428c475af5a94e3ac.hot-update.json\" not found","timestamp":"2019-06-21 15:22:36"}
{"level":"info","message":"GET /555428c475af5a94e3ac.hot-update.json 6 2019-06-21 15:22:36","timestamp":"2019-06-21 15:22:36"}
{"level":"info","message":"启动离线订单检测！间隔180000","timestamp":"2019-06-21 15:24:06"}
{"level":"info","message":"没有需要同步的订单！","timestamp":"2019-06-21 15:24:06"}
{"level":"info","message":"启动离线订单检测！间隔180000","timestamp":"2019-06-21 15:27:06"}
{"level":"info","message":"没有需要同步的订单！","timestamp":"2019-06-21 15:27:06"}
{"level":"info","message":"启动离线订单检测！间隔180000","timestamp":"2019-06-21 15:30:06"}
{"level":"info","message":"没有需要同步的订单！","timestamp":"2019-06-21 15:30:06"}
{"level":"info","message":"启动离线订单检测！间隔180000","timestamp":"2019-06-21 15:33:06"}
{"level":"info","message":"没有需要同步的订单！","timestamp":"2019-06-21 15:33:06"}
{"level":"info","message":"GET /system/info 94 2019-06-21 15:33:40","timestamp":"2019-06-21 15:33:40"}
{"level":"info","message":"GET /on/line/state 1 2019-06-21 15:33:40","timestamp":"2019-06-21 15:33:40"}
{"level":"info","message":"GET /order/order_state_count 19 2019-06-21 15:33:40","timestamp":"2019-06-21 15:33:40"}
{"level":"info","message":"GET /area 15 2019-06-21 15:33:40","timestamp":"2019-06-21 15:33:40"}
{"level":"info","message":"GET /table/list 16 2019-06-21 15:33:40","timestamp":"2019-06-21 15:33:40"}
{"level":"info","message":"DELETE /user/logout 1 2019-06-21 15:33:42","timestamp":"2019-06-21 15:33:42"}
{"level":"info","message":"GET /on/line/state 1 2019-06-21 15:33:42","timestamp":"2019-06-21 15:33:42"}
{"level":"info","message":"GET /user/normal/list 7 2019-06-21 15:33:42","timestamp":"2019-06-21 15:33:42"}
{"level":"info","message":"开始同步库存数据","timestamp":"2019-06-21 15:34:00"}
{"level":"info","message":"POST /user/login 76 2019-06-21 15:34:00","timestamp":"2019-06-21 15:34:00"}
{"level":"info","message":"GET /on/line/state 0 2019-06-21 15:34:00","timestamp":"2019-06-21 15:34:00"}
{"level":"info","message":"GET /order/order_state_count 13 2019-06-21 15:34:00","timestamp":"2019-06-21 15:34:00"}
{"level":"info","message":"GET /area 10 2019-06-21 15:34:00","timestamp":"2019-06-21 15:34:00"}
{"level":"info","message":"同步库存数据开始!","timestamp":"2019-06-21 15:34:00"}
{"level":"info","message":"GET /table/list 45 2019-06-21 15:34:00","timestamp":"2019-06-21 15:34:00"}
{"level":"info","message":"同步库存数据完成!","timestamp":"2019-06-21 15:34:00"}
{"level":"info","message":"开始更新数据","timestamp":"2019-06-21 15:34:03"}
{"level":"info","message":"更新数据完成","timestamp":"2019-06-21 15:34:07"}
{"level":"info","message":"GET /user/normal/list 2 2019-06-21 15:34:07","timestamp":"2019-06-21 15:34:07"}
{"level":"info","message":"GET /on/line/state 0 2019-06-21 15:34:07","timestamp":"2019-06-21 15:34:07"}
{"level":"info","message":"开始同步库存数据","timestamp":"2019-06-21 15:34:11"}
{"level":"info","message":"POST /user/login 11 2019-06-21 15:34:11","timestamp":"2019-06-21 15:34:11"}
{"level":"info","message":"GET /order/order_state_count 8 2019-06-21 15:34:11","timestamp":"2019-06-21 15:34:11"}
{"level":"info","message":"GET /on/line/state 0 2019-06-21 15:34:11","timestamp":"2019-06-21 15:34:11"}
{"level":"info","message":"GET /area 9 2019-06-21 15:34:11","timestamp":"2019-06-21 15:34:11"}
{"level":"info","message":"GET /table/list 9 2019-06-21 15:34:11","timestamp":"2019-06-21 15:34:11"}
{"level":"info","message":"同步库存数据开始!","timestamp":"2019-06-21 15:34:11"}
{"level":"info","message":"同步库存数据完成!","timestamp":"2019-06-21 15:34:11"}
{"level":"info","message":"GET /order/no_pay 5 2019-06-21 15:34:59","timestamp":"2019-06-21 15:34:59"}
{"level":"info","message":"GET /order/order_state_count 5 2019-06-21 15:34:59","timestamp":"2019-06-21 15:34:59"}
{"level":"info","message":"GET /order/get_order_test 48 2019-06-21 15:34:59","timestamp":"2019-06-21 15:34:59"}
{"level":"info","message":"GET /order/detail 54 2019-06-21 15:34:59","timestamp":"2019-06-21 15:34:59"}
{"level":"info","message":"推送EMQ:resto-dev/2f83afee7a0e4822a6729145dd53af33/43be0afc2b544cec87568b7247841107/order/callback/d35b1eb018124bb1a75e3bbcc8b1bad8 \n {\"ok\":true,\"msg\":\"微信订单下单成功！\",\"type\":\"creator\",\"data\":{\"id\":\"d35b1eb018124bb1a75e3bbcc8b1bad8\",\"production_status\":2}}","timestamp":"2019-06-21 15:35:14"}
{"level":"info","message":"GET /order/pay 14 2019-06-21 15:35:25","timestamp":"2019-06-21 15:35:25"}
{"level":"info","message":"GET /order/order_state_count 12 2019-06-21 15:35:25","timestamp":"2019-06-21 15:35:25"}
{"level":"info","message":"GET /order/get_order_test 10 2019-06-21 15:35:25","timestamp":"2019-06-21 15:35:25"}
{"level":"info","message":"GET /order/detail 17 2019-06-21 15:35:25","timestamp":"2019-06-21 15:35:25"}
{"level":"info","message":"GET /table/list 10 2019-06-21 15:35:34","timestamp":"2019-06-21 15:35:34"}
{"level":"info","message":"GET /order/order_state_count 9 2019-06-21 15:35:34","timestamp":"2019-06-21 15:35:34"}
{"level":"info","message":"启动离线订单检测！间隔180000","timestamp":"2019-06-21 15:36:06"}
{"level":"info","message":"没有需要同步的订单！","timestamp":"2019-06-21 15:36:06"}
{"level":"info","message":"GET /order/pay 4 2019-06-21 15:36:24","timestamp":"2019-06-21 15:36:24"}
{"level":"info","message":"GET /order/order_state_count 7 2019-06-21 15:36:24","timestamp":"2019-06-21 15:36:24"}
{"level":"info","message":"GET /order/get_order_test 12 2019-06-21 15:36:24","timestamp":"2019-06-21 15:36:24"}
{"level":"info","message":"GET /order/detail 19 2019-06-21 15:36:24","timestamp":"2019-06-21 15:36:24"}
{"level":"info","message":"GET /table/list 7 2019-06-21 15:36:25","timestamp":"2019-06-21 15:36:25"}
{"level":"info","message":"GET /order/order_state_count 8 2019-06-21 15:36:25","timestamp":"2019-06-21 15:36:25"}
{"level":"info","message":"开始更新数据","timestamp":"2019-06-21 15:39:02"}
{"level":"info","message":"更新数据完成","timestamp":"2019-06-21 15:39:05"}
{"level":"info","message":"GET /on/line/state 1 2019-06-21 15:39:05","timestamp":"2019-06-21 15:39:05"}
{"level":"info","message":"GET /user/normal/list 6 2019-06-21 15:39:05","timestamp":"2019-06-21 15:39:05"}
{"level":"info","message":"启动离线订单检测！间隔180000","timestamp":"2019-06-21 15:39:06"}
{"level":"info","message":"没有需要同步的订单！","timestamp":"2019-06-21 15:39:06"}
{"level":"info","message":"开始同步库存数据","timestamp":"2019-06-21 15:39:11"}
{"level":"info","message":"POST /user/login 10 2019-06-21 15:39:11","timestamp":"2019-06-21 15:39:11"}
{"level":"info","message":"同步库存数据开始!","timestamp":"2019-06-21 15:39:11"}
{"level":"info","message":"GET /order/order_state_count 12 2019-06-21 15:39:11","timestamp":"2019-06-21 15:39:11"}
{"level":"info","message":"GET /area 12 2019-06-21 15:39:11","timestamp":"2019-06-21 15:39:11"}
{"level":"info","message":"GET /table/list 14 2019-06-21 15:39:11","timestamp":"2019-06-21 15:39:11"}
{"level":"info","message":"GET /on/line/state 1 2019-06-21 15:39:11","timestamp":"2019-06-21 15:39:11"}
{"level":"info","message":"同步库存数据完成!","timestamp":"2019-06-21 15:39:11"}
{"level":"info","message":"GET /order/get_order_test 8 2019-06-21 15:40:39","timestamp":"2019-06-21 15:40:39"}
{"level":"info","message":"GET /order/detail 15 2019-06-21 15:40:39","timestamp":"2019-06-21 15:40:39"}
{"level":"info","message":"GET /order/discount_info 3 2019-06-21 15:40:40","timestamp":"2019-06-21 15:40:40"}
{"level":"info","message":"GET /order/detail 13 2019-06-21 15:40:40","timestamp":"2019-06-21 15:40:40"}
{"level":"info","message":"GET /order/detail 9 2019-06-21 15:40:40","timestamp":"2019-06-21 15:40:40"}
{"level":"info","message":"GET /order/order_items 8 2019-06-21 15:40:40","timestamp":"2019-06-21 15:40:40"}
{"level":"info","message":"POST /order/discount 87 2019-06-21 15:40:45","timestamp":"2019-06-21 15:40:45"}
{"level":"info","message":"GET /order/discount_info 3 2019-06-21 15:40:45","timestamp":"2019-06-21 15:40:45"}
{"level":"info","message":"GET /order/detail 20 2019-06-21 15:40:45","timestamp":"2019-06-21 15:40:45"}
{"level":"info","message":"【/v1/newpos/order/discount】==> 折扣成功！","timestamp":"2019-06-21 15:40:45"}
{"level":"info","message":"GET /order/detail 15 2019-06-21 15:40:45","timestamp":"2019-06-21 15:40:45"}
{"level":"info","message":"GET /order/order_state_count 12 2019-06-21 15:40:48","timestamp":"2019-06-21 15:40:48"}
{"level":"info","message":"GET /area 11 2019-06-21 15:40:48","timestamp":"2019-06-21 15:40:48"}
{"level":"info","message":"GET /table/list 9 2019-06-21 15:40:48","timestamp":"2019-06-21 15:40:48"}
{"level":"info","message":"GET /order/get_order_test 8 2019-06-21 15:40:50","timestamp":"2019-06-21 15:40:50"}
{"level":"info","message":"GET /order/detail 16 2019-06-21 15:40:50","timestamp":"2019-06-21 15:40:50"}
{"level":"info","message":"GET /order/discount_info 1 2019-06-21 15:40:53","timestamp":"2019-06-21 15:40:53"}
{"level":"info","message":"GET /remark/order/refund 6 2019-06-21 15:40:53","timestamp":"2019-06-21 15:40:53"}
{"level":"info","message":"启动离线订单检测！间隔180000","timestamp":"2019-06-21 15:42:06"}
{"level":"info","message":"没有需要同步的订单！","timestamp":"2019-06-21 15:42:06"}
{"level":"info","message":"GET /order/get_order_test 3 2019-06-21 15:42:13","timestamp":"2019-06-21 15:42:13"}
{"level":"info","message":"启动离线订单检测！间隔180000","timestamp":"2019-06-21 15:45:06"}
{"level":"info","message":"没有需要同步的订单！","timestamp":"2019-06-21 15:45:07"}
{"level":"info","message":"GET /order/discount_info 3 2019-06-21 15:47:11","timestamp":"2019-06-21 15:47:11"}
{"level":"info","message":"GET /order/order_items 18 2019-06-21 15:47:11","timestamp":"2019-06-21 15:47:11"}
{"level":"info","message":"GET /order/detail 20 2019-06-21 15:47:11","timestamp":"2019-06-21 15:47:11"}
{"level":"info","message":"GET /order/detail 8 2019-06-21 15:47:11","timestamp":"2019-06-21 15:47:11"}
{"level":"info","message":"GET /order/order_state_count 5 2019-06-21 15:47:12","timestamp":"2019-06-21 15:47:12"}
{"level":"info","message":"GET /area 6 2019-06-21 15:47:12","timestamp":"2019-06-21 15:47:12"}
{"level":"info","message":"GET /table/list 4 2019-06-21 15:47:12","timestamp":"2019-06-21 15:47:12"}
{"level":"info","message":"启动离线订单检测！间隔180000","timestamp":"2019-06-21 15:48:07"}
{"level":"info","message":"没有需要同步的订单！","timestamp":"2019-06-21 15:48:07"}
{"level":"info","message":"启动离线订单检测！间隔180000","timestamp":"2019-06-21 15:51:07"}
{"level":"info","message":"没有需要同步的订单！","timestamp":"2019-06-21 15:51:07"}
{"level":"info","message":"启动离线订单检测！间隔180000","timestamp":"2019-06-21 15:54:07"}
{"level":"info","message":"没有需要同步的订单！","timestamp":"2019-06-21 15:54:07"}
{"level":"info","message":"启动离线订单检测！间隔180000","timestamp":"2019-06-21 15:57:07"}
{"level":"info","message":"没有需要同步的订单！","timestamp":"2019-06-21 15:57:07"}
{"level":"info","message":"启动离线订单检测！间隔180000","timestamp":"2019-06-21 16:00:07"}
{"level":"info","message":"没有需要同步的订单！","timestamp":"2019-06-21 16:00:07"}
{"level":"info","message":"启动离线订单检测！间隔180000","timestamp":"2019-06-21 16:03:07"}
{"level":"info","message":"没有需要同步的订单！","timestamp":"2019-06-21 16:03:07"}
{"level":"info","message":"启动离线订单检测！间隔180000","timestamp":"2019-06-21 16:06:07"}
{"level":"info","message":"没有需要同步的订单！","timestamp":"2019-06-21 16:06:07"}
{"level":"info","message":"启动离线订单检测！间隔180000","timestamp":"2019-06-21 16:09:07"}
{"level":"info","message":"没有需要同步的订单！","timestamp":"2019-06-21 16:09:07"}
{"level":"info","message":"启动离线订单检测！间隔180000","timestamp":"2019-06-21 16:12:07"}
{"level":"info","message":"没有需要同步的订单！","timestamp":"2019-06-21 16:12:07"}
{"level":"info","message":"启动离线订单检测！间隔180000","timestamp":"2019-06-21 16:15:07"}
{"level":"info","message":"没有需要同步的订单！","timestamp":"2019-06-21 16:15:07"}
{"level":"info","message":"启动离线订单检测！间隔180000","timestamp":"2019-06-21 16:18:07"}
{"level":"info","message":"没有需要同步的订单！","timestamp":"2019-06-21 16:18:07"}
{"level":"info","message":"启动离线订单检测！间隔180000","timestamp":"2019-06-21 16:21:07"}
{"level":"info","message":"没有需要同步的订单！","timestamp":"2019-06-21 16:21:07"}
{"level":"info","message":"启动离线订单检测！间隔180000","timestamp":"2019-06-21 16:24:07"}
{"level":"info","message":"没有需要同步的订单！","timestamp":"2019-06-21 16:24:07"}
{"level":"info","message":"启动离线订单检测！间隔180000","timestamp":"2019-06-21 16:27:07"}
{"level":"info","message":"没有需要同步的订单！","timestamp":"2019-06-21 16:27:07"}
{"level":"info","message":"启动离线订单检测！间隔180000","timestamp":"2019-06-21 16:30:07"}
{"level":"info","message":"没有需要同步的订单！","timestamp":"2019-06-21 16:30:07"}
{"level":"info","message":"启动离线订单检测！间隔180000","timestamp":"2019-06-21 16:33:07"}
{"level":"info","message":"没有需要同步的订单！","timestamp":"2019-06-21 16:33:07"}
{"level":"info","message":"启动离线订单检测！间隔180000","timestamp":"2019-06-21 16:36:07"}
{"level":"info","message":"没有需要同步的订单！","timestamp":"2019-06-21 16:36:07"}
{"level":"info","message":"启动离线订单检测！间隔180000","timestamp":"2019-06-21 16:39:07"}
{"level":"info","message":"没有需要同步的订单！","timestamp":"2019-06-21 16:39:07"}
{"level":"info","message":"启动离线订单检测！间隔180000","timestamp":"2019-06-21 16:42:07"}
{"level":"info","message":"没有需要同步的订单！","timestamp":"2019-06-21 16:42:07"}
{"level":"info","message":"启动离线订单检测！间隔180000","timestamp":"2019-06-21 16:45:07"}
{"level":"info","message":"没有需要同步的订单！","timestamp":"2019-06-21 16:45:07"}
{"level":"info","message":"启动离线订单检测！间隔180000","timestamp":"2019-06-21 16:48:07"}
{"level":"info","message":"没有需要同步的订单！","timestamp":"2019-06-21 16:48:07"}
{"level":"info","message":"启动离线订单检测！间隔180000","timestamp":"2019-06-21 16:51:07"}
{"level":"info","message":"没有需要同步的订单！","timestamp":"2019-06-21 16:51:07"}
{"level":"info","message":"启动离线订单检测！间隔180000","timestamp":"2019-06-21 16:54:07"}
{"level":"info","message":"没有需要同步的订单！","timestamp":"2019-06-21 16:54:07"}
{"level":"info","message":"启动离线订单检测！间隔180000","timestamp":"2019-06-21 16:57:07"}
{"level":"info","message":"没有需要同步的订单！","timestamp":"2019-06-21 16:57:07"}
{"level":"info","message":"启动离线订单检测！间隔180000","timestamp":"2019-06-21 17:00:07"}
{"level":"info","message":"没有需要同步的订单！","timestamp":"2019-06-21 17:00:07"}
{"level":"info","message":"启动离线订单检测！间隔180000","timestamp":"2019-06-21 17:03:07"}
{"level":"info","message":"没有需要同步的订单！","timestamp":"2019-06-21 17:03:07"}
{"level":"info","message":"启动离线订单检测！间隔180000","timestamp":"2019-06-21 17:06:07"}
{"level":"info","message":"没有需要同步的订单！","timestamp":"2019-06-21 17:06:07"}
{"level":"info","message":"启动离线订单检测！间隔180000","timestamp":"2019-06-21 17:09:07"}
{"level":"info","message":"没有需要同步的订单！","timestamp":"2019-06-21 17:09:07"}
{"level":"info","message":"启动离线订单检测！间隔180000","timestamp":"2019-06-21 17:12:07"}
{"level":"info","message":"没有需要同步的订单！","timestamp":"2019-06-21 17:12:07"}
{"level":"info","message":"启动离线订单检测！间隔180000","timestamp":"2019-06-21 17:15:07"}
{"level":"info","message":"没有需要同步的订单！","timestamp":"2019-06-21 17:15:07"}
{"level":"info","message":"启动离线订单检测！间隔180000","timestamp":"2019-06-21 17:18:07"}
{"level":"info","message":"没有需要同步的订单！","timestamp":"2019-06-21 17:18:07"}
{"level":"info","message":"启动离线订单检测！间隔180000","timestamp":"2019-06-21 17:21:07"}
{"level":"info","message":"没有需要同步的订单！","timestamp":"2019-06-21 17:21:07"}
{"level":"info","message":"启动离线订单检测！间隔180000","timestamp":"2019-06-21 17:24:07"}
{"level":"info","message":"没有需要同步的订单！","timestamp":"2019-06-21 17:24:07"}
{"level":"info","message":"启动离线订单检测！间隔180000","timestamp":"2019-06-21 17:27:07"}
{"level":"info","message":"没有需要同步的订单！","timestamp":"2019-06-21 17:27:07"}
{"level":"info","message":"启动离线订单检测！间隔180000","timestamp":"2019-06-21 17:30:07"}
{"level":"info","message":"没有需要同步的订单！","timestamp":"2019-06-21 17:30:07"}
{"level":"info","message":"启动离线订单检测！间隔180000","timestamp":"2019-06-21 17:33:07"}
{"level":"info","message":"没有需要同步的订单！","timestamp":"2019-06-21 17:33:07"}
{"level":"info","message":"启动离线订单检测！间隔180000","timestamp":"2019-06-21 17:36:07"}
{"level":"info","message":"没有需要同步的订单！","timestamp":"2019-06-21 17:36:07"}
{"level":"info","message":"启动离线订单检测！间隔180000","timestamp":"2019-06-21 17:39:07"}
{"level":"info","message":"没有需要同步的订单！","timestamp":"2019-06-21 17:39:07"}
{"level":"error","message":"==mqtt==close==你已断开连接,正常退出","timestamp":"2019-06-21 17:40:25"}
{"level":"error","message":"==mqtt==reconnect==正在尝试重新连接","timestamp":"2019-06-21 17:40:40"}
{"level":"info","message":"mqtt成功连接到：ws://test.emq.restoplus.cn:8083/mqtt","timestamp":"2019-06-21 17:40:40"}
{"level":"info","message":"订阅成功--$queue/winPos/+/2f83afee7a0e4822a6729145dd53af33/43be0afc2b544cec87568b7247841107/+/+/+","timestamp":"2019-06-21 17:40:40"}
{"level":"info","message":"允许接收的平台=>posAdmin-dev,resto-dev","timestamp":"2019-06-21 17:40:40"}
{"level":"error","message":"==mqtt==close==你已断开连接,正常退出","timestamp":"2019-06-21 17:40:55"}
{"level":"error","message":"==mqtt==reconnect==正在尝试重新连接","timestamp":"2019-06-21 17:41:10"}
{"level":"info","message":"mqtt成功连接到：ws://test.emq.restoplus.cn:8083/mqtt","timestamp":"2019-06-21 17:41:10"}
{"level":"info","message":"订阅成功--$queue/winPos/+/2f83afee7a0e4822a6729145dd53af33/43be0afc2b544cec87568b7247841107/+/+/+","timestamp":"2019-06-21 17:41:10"}
{"level":"info","message":"允许接收的平台=>posAdmin-dev,resto-dev","timestamp":"2019-06-21 17:41:10"}
{"level":"info","message":"启动离线订单检测！间隔180000","timestamp":"2019-06-21 17:42:07"}
{"level":"info","message":"没有需要同步的订单！","timestamp":"2019-06-21 17:42:07"}
{"level":"error","message":"==mqtt==close==你已断开连接,正常退出","timestamp":"2019-06-21 17:42:16"}
{"level":"error","message":"==mqtt==reconnect==正在尝试重新连接","timestamp":"2019-06-21 17:42:31"}
{"level":"info","message":"mqtt成功连接到：ws://test.emq.restoplus.cn:8083/mqtt","timestamp":"2019-06-21 17:42:31"}
{"level":"info","message":"订阅成功--$queue/winPos/+/2f83afee7a0e4822a6729145dd53af33/43be0afc2b544cec87568b7247841107/+/+/+","timestamp":"2019-06-21 17:42:31"}
{"level":"info","message":"允许接收的平台=>posAdmin-dev,resto-dev","timestamp":"2019-06-21 17:42:31"}
{"level":"error","message":"==mqtt==close==你已断开连接,正常退出","timestamp":"2019-06-21 17:42:47"}
{"level":"error","message":"==mqtt==reconnect==正在尝试重新连接","timestamp":"2019-06-21 17:43:02"}
{"level":"info","message":"mqtt成功连接到：ws://test.emq.restoplus.cn:8083/mqtt","timestamp":"2019-06-21 17:43:02"}
{"level":"info","message":"订阅成功--$queue/winPos/+/2f83afee7a0e4822a6729145dd53af33/43be0afc2b544cec87568b7247841107/+/+/+","timestamp":"2019-06-21 17:43:02"}
{"level":"info","message":"允许接收的平台=>posAdmin-dev,resto-dev","timestamp":"2019-06-21 17:43:02"}
{"level":"error","message":"==mqtt==close==你已断开连接,正常退出","timestamp":"2019-06-21 17:43:17"}
{"level":"error","message":"==mqtt==reconnect==正在尝试重新连接","timestamp":"2019-06-21 17:43:32"}
{"level":"info","message":"mqtt成功连接到：ws://test.emq.restoplus.cn:8083/mqtt","timestamp":"2019-06-21 17:43:32"}
{"level":"info","message":"订阅成功--$queue/winPos/+/2f83afee7a0e4822a6729145dd53af33/43be0afc2b544cec87568b7247841107/+/+/+","timestamp":"2019-06-21 17:43:32"}
{"level":"info","message":"允许接收的平台=>posAdmin-dev,resto-dev","timestamp":"2019-06-21 17:43:32"}
{"level":"error","message":"==mqtt==close==你已断开连接,正常退出","timestamp":"2019-06-21 17:43:47"}
{"level":"error","message":"==mqtt==reconnect==正在尝试重新连接","timestamp":"2019-06-21 17:44:02"}
{"level":"info","message":"mqtt成功连接到：ws://test.emq.restoplus.cn:8083/mqtt","timestamp":"2019-06-21 17:44:02"}
{"level":"info","message":"订阅成功--$queue/winPos/+/2f83afee7a0e4822a6729145dd53af33/43be0afc2b544cec87568b7247841107/+/+/+","timestamp":"2019-06-21 17:44:02"}
{"level":"info","message":"允许接收的平台=>posAdmin-dev,resto-dev","timestamp":"2019-06-21 17:44:02"}
{"level":"error","message":"==mqtt==close==你已断开连接,正常退出","timestamp":"2019-06-21 17:44:17"}
{"level":"error","message":"==mqtt==reconnect==正在尝试重新连接","timestamp":"2019-06-21 17:44:32"}
{"level":"info","message":"mqtt成功连接到：ws://test.emq.restoplus.cn:8083/mqtt","timestamp":"2019-06-21 17:44:32"}
{"level":"info","message":"订阅成功--$queue/winPos/+/2f83afee7a0e4822a6729145dd53af33/43be0afc2b544cec87568b7247841107/+/+/+","timestamp":"2019-06-21 17:44:32"}
{"level":"info","message":"允许接收的平台=>posAdmin-dev,resto-dev","timestamp":"2019-06-21 17:44:32"}
{"level":"error","message":"==mqtt==close==你已断开连接,正常退出","timestamp":"2019-06-21 17:44:47"}
{"level":"error","message":"==mqtt==reconnect==正在尝试重新连接","timestamp":"2019-06-21 17:45:02"}
{"level":"info","message":"mqtt成功连接到：ws://test.emq.restoplus.cn:8083/mqtt","timestamp":"2019-06-21 17:45:02"}
{"level":"info","message":"订阅成功--$queue/winPos/+/2f83afee7a0e4822a6729145dd53af33/43be0afc2b544cec87568b7247841107/+/+/+","timestamp":"2019-06-21 17:45:02"}
{"level":"info","message":"允许接收的平台=>posAdmin-dev,resto-dev","timestamp":"2019-06-21 17:45:02"}
{"level":"info","message":"启动离线订单检测！间隔180000","timestamp":"2019-06-21 17:45:07"}
{"level":"info","message":"没有需要同步的订单！","timestamp":"2019-06-21 17:45:07"}
{"level":"error","message":"==mqtt==close==你已断开连接,正常退出","timestamp":"2019-06-21 17:45:17"}
{"level":"error","message":"==mqtt==reconnect==正在尝试重新连接","timestamp":"2019-06-21 17:45:32"}
{"level":"info","message":"mqtt成功连接到：ws://test.emq.restoplus.cn:8083/mqtt","timestamp":"2019-06-21 17:45:32"}
{"level":"info","message":"订阅成功--$queue/winPos/+/2f83afee7a0e4822a6729145dd53af33/43be0afc2b544cec87568b7247841107/+/+/+","timestamp":"2019-06-21 17:45:32"}
{"level":"info","message":"允许接收的平台=>posAdmin-dev,resto-dev","timestamp":"2019-06-21 17:45:32"}
{"level":"error","message":"==mqtt==close==你已断开连接,正常退出","timestamp":"2019-06-21 17:45:47"}
{"level":"error","message":"==mqtt==reconnect==正在尝试重新连接","timestamp":"2019-06-21 17:46:02"}
{"level":"info","message":"mqtt成功连接到：ws://test.emq.restoplus.cn:8083/mqtt","timestamp":"2019-06-21 17:46:02"}
{"level":"info","message":"订阅成功--$queue/winPos/+/2f83afee7a0e4822a6729145dd53af33/43be0afc2b544cec87568b7247841107/+/+/+","timestamp":"2019-06-21 17:46:02"}
{"level":"info","message":"允许接收的平台=>posAdmin-dev,resto-dev","timestamp":"2019-06-21 17:46:02"}
{"level":"error","message":"==mqtt==close==你已断开连接,正常退出","timestamp":"2019-06-21 17:46:17"}
{"level":"error","message":"==mqtt==reconnect==正在尝试重新连接","timestamp":"2019-06-21 17:46:32"}
{"level":"info","message":"mqtt成功连接到：ws://test.emq.restoplus.cn:8083/mqtt","timestamp":"2019-06-21 17:46:32"}
{"level":"info","message":"订阅成功--$queue/winPos/+/2f83afee7a0e4822a6729145dd53af33/43be0afc2b544cec87568b7247841107/+/+/+","timestamp":"2019-06-21 17:46:32"}
{"level":"info","message":"允许接收的平台=>posAdmin-dev,resto-dev","timestamp":"2019-06-21 17:46:32"}
{"level":"error","message":"==mqtt==close==你已断开连接,正常退出","timestamp":"2019-06-21 17:46:48"}
{"level":"error","message":"==mqtt==reconnect==正在尝试重新连接","timestamp":"2019-06-21 17:47:03"}
{"level":"info","message":"mqtt成功连接到：ws://test.emq.restoplus.cn:8083/mqtt","timestamp":"2019-06-21 17:47:03"}
{"level":"info","message":"订阅成功--$queue/winPos/+/2f83afee7a0e4822a6729145dd53af33/43be0afc2b544cec87568b7247841107/+/+/+","timestamp":"2019-06-21 17:47:03"}
{"level":"info","message":"允许接收的平台=>posAdmin-dev,resto-dev","timestamp":"2019-06-21 17:47:03"}
{"level":"error","message":"==mqtt==close==你已断开连接,正常退出","timestamp":"2019-06-21 17:47:18"}
{"level":"error","message":"==mqtt==reconnect==正在尝试重新连接","timestamp":"2019-06-21 17:47:33"}
{"level":"info","message":"mqtt成功连接到：ws://test.emq.restoplus.cn:8083/mqtt","timestamp":"2019-06-21 17:47:33"}
{"level":"info","message":"订阅成功--$queue/winPos/+/2f83afee7a0e4822a6729145dd53af33/43be0afc2b544cec87568b7247841107/+/+/+","timestamp":"2019-06-21 17:47:33"}
{"level":"info","message":"允许接收的平台=>posAdmin-dev,resto-dev","timestamp":"2019-06-21 17:47:33"}
{"level":"error","message":"==mqtt==close==你已断开连接,正常退出","timestamp":"2019-06-21 17:47:48"}
{"level":"error","message":"==mqtt==reconnect==正在尝试重新连接","timestamp":"2019-06-21 17:48:03"}
{"level":"info","message":"mqtt成功连接到：ws://test.emq.restoplus.cn:8083/mqtt","timestamp":"2019-06-21 17:48:03"}
{"level":"info","message":"订阅成功--$queue/winPos/+/2f83afee7a0e4822a6729145dd53af33/43be0afc2b544cec87568b7247841107/+/+/+","timestamp":"2019-06-21 17:48:03"}
{"level":"info","message":"允许接收的平台=>posAdmin-dev,resto-dev","timestamp":"2019-06-21 17:48:03"}
{"level":"info","message":"启动离线订单检测！间隔180000","timestamp":"2019-06-21 17:48:07"}
{"level":"info","message":"没有需要同步的订单！","timestamp":"2019-06-21 17:48:07"}
{"level":"error","message":"==mqtt==close==你已断开连接,正常退出","timestamp":"2019-06-21 17:48:18"}
{"level":"error","message":"==mqtt==reconnect==正在尝试重新连接","timestamp":"2019-06-21 17:48:33"}
{"level":"info","message":"mqtt成功连接到：ws://test.emq.restoplus.cn:8083/mqtt","timestamp":"2019-06-21 17:48:33"}
{"level":"info","message":"订阅成功--$queue/winPos/+/2f83afee7a0e4822a6729145dd53af33/43be0afc2b544cec87568b7247841107/+/+/+","timestamp":"2019-06-21 17:48:33"}
{"level":"info","message":"允许接收的平台=>posAdmin-dev,resto-dev","timestamp":"2019-06-21 17:48:33"}
{"level":"error","message":"==mqtt==close==你已断开连接,正常退出","timestamp":"2019-06-21 17:48:48"}
{"level":"error","message":"==mqtt==reconnect==正在尝试重新连接","timestamp":"2019-06-21 17:49:03"}
{"level":"info","message":"mqtt成功连接到：ws://test.emq.restoplus.cn:8083/mqtt","timestamp":"2019-06-21 17:49:03"}
{"level":"info","message":"订阅成功--$queue/winPos/+/2f83afee7a0e4822a6729145dd53af33/43be0afc2b544cec87568b7247841107/+/+/+","timestamp":"2019-06-21 17:49:03"}
{"level":"info","message":"允许接收的平台=>posAdmin-dev,resto-dev","timestamp":"2019-06-21 17:49:03"}
{"level":"error","message":"==mqtt==close==你已断开连接,正常退出","timestamp":"2019-06-21 17:49:18"}
{"level":"error","message":"==mqtt==reconnect==正在尝试重新连接","timestamp":"2019-06-21 17:49:33"}
{"level":"info","message":"mqtt成功连接到：ws://test.emq.restoplus.cn:8083/mqtt","timestamp":"2019-06-21 17:49:33"}
{"level":"info","message":"订阅成功--$queue/winPos/+/2f83afee7a0e4822a6729145dd53af33/43be0afc2b544cec87568b7247841107/+/+/+","timestamp":"2019-06-21 17:49:33"}
{"level":"info","message":"允许接收的平台=>posAdmin-dev,resto-dev","timestamp":"2019-06-21 17:49:33"}
{"level":"error","message":"==mqtt==close==你已断开连接,正常退出","timestamp":"2019-06-21 17:49:48"}
{"level":"error","message":"==mqtt==reconnect==正在尝试重新连接","timestamp":"2019-06-21 17:50:03"}
{"level":"info","message":"mqtt成功连接到：ws://test.emq.restoplus.cn:8083/mqtt","timestamp":"2019-06-21 17:50:04"}
{"level":"info","message":"订阅成功--$queue/winPos/+/2f83afee7a0e4822a6729145dd53af33/43be0afc2b544cec87568b7247841107/+/+/+","timestamp":"2019-06-21 17:50:04"}
{"level":"info","message":"允许接收的平台=>posAdmin-dev,resto-dev","timestamp":"2019-06-21 17:50:04"}
{"level":"error","message":"==mqtt==close==你已断开连接,正常退出","timestamp":"2019-06-21 17:50:19"}
{"level":"error","message":"==mqtt==reconnect==正在尝试重新连接","timestamp":"2019-06-21 17:50:34"}
{"level":"info","message":"mqtt成功连接到：ws://test.emq.restoplus.cn:8083/mqtt","timestamp":"2019-06-21 17:50:34"}
{"level":"info","message":"订阅成功--$queue/winPos/+/2f83afee7a0e4822a6729145dd53af33/43be0afc2b544cec87568b7247841107/+/+/+","timestamp":"2019-06-21 17:50:34"}
{"level":"info","message":"允许接收的平台=>posAdmin-dev,resto-dev","timestamp":"2019-06-21 17:50:34"}
{"level":"error","message":"==mqtt==close==你已断开连接,正常退出","timestamp":"2019-06-21 17:50:49"}
{"level":"error","message":"==mqtt==reconnect==正在尝试重新连接","timestamp":"2019-06-21 17:51:04"}
{"level":"info","message":"mqtt成功连接到：ws://test.emq.restoplus.cn:8083/mqtt","timestamp":"2019-06-21 17:51:04"}
{"level":"info","message":"订阅成功--$queue/winPos/+/2f83afee7a0e4822a6729145dd53af33/43be0afc2b544cec87568b7247841107/+/+/+","timestamp":"2019-06-21 17:51:04"}
{"level":"info","message":"允许接收的平台=>posAdmin-dev,resto-dev","timestamp":"2019-06-21 17:51:04"}
{"level":"info","message":"启动离线订单检测！间隔180000","timestamp":"2019-06-21 17:51:07"}
{"level":"info","message":"没有需要同步的订单！","timestamp":"2019-06-21 17:51:07"}
{"level":"error","message":"==mqtt==close==你已断开连接,正常退出","timestamp":"2019-06-21 17:51:19"}
{"level":"error","message":"==mqtt==reconnect==正在尝试重新连接","timestamp":"2019-06-21 17:51:34"}
{"level":"info","message":"mqtt成功连接到：ws://test.emq.restoplus.cn:8083/mqtt","timestamp":"2019-06-21 17:51:34"}
{"level":"info","message":"订阅成功--$queue/winPos/+/2f83afee7a0e4822a6729145dd53af33/43be0afc2b544cec87568b7247841107/+/+/+","timestamp":"2019-06-21 17:51:34"}
{"level":"info","message":"允许接收的平台=>posAdmin-dev,resto-dev","timestamp":"2019-06-21 17:51:34"}
{"level":"error","message":"==mqtt==close==你已断开连接,正常退出","timestamp":"2019-06-21 17:51:49"}
{"level":"error","message":"==mqtt==reconnect==正在尝试重新连接","timestamp":"2019-06-21 17:52:04"}
{"level":"info","message":"mqtt成功连接到：ws://test.emq.restoplus.cn:8083/mqtt","timestamp":"2019-06-21 17:52:04"}
{"level":"info","message":"订阅成功--$queue/winPos/+/2f83afee7a0e4822a6729145dd53af33/43be0afc2b544cec87568b7247841107/+/+/+","timestamp":"2019-06-21 17:52:04"}
{"level":"info","message":"允许接收的平台=>posAdmin-dev,resto-dev","timestamp":"2019-06-21 17:52:04"}
{"level":"error","message":"==mqtt==close==你已断开连接,正常退出","timestamp":"2019-06-21 17:52:19"}
{"level":"error","message":"==mqtt==reconnect==正在尝试重新连接","timestamp":"2019-06-21 17:52:34"}
{"level":"info","message":"mqtt成功连接到：ws://test.emq.restoplus.cn:8083/mqtt","timestamp":"2019-06-21 17:52:34"}
{"level":"info","message":"订阅成功--$queue/winPos/+/2f83afee7a0e4822a6729145dd53af33/43be0afc2b544cec87568b7247841107/+/+/+","timestamp":"2019-06-21 17:52:34"}
{"level":"info","message":"允许接收的平台=>posAdmin-dev,resto-dev","timestamp":"2019-06-21 17:52:34"}
{"level":"error","message":"==mqtt==close==你已断开连接,正常退出","timestamp":"2019-06-21 17:52:49"}
{"level":"error","message":"==mqtt==reconnect==正在尝试重新连接","timestamp":"2019-06-21 17:53:04"}
{"level":"info","message":"mqtt成功连接到：ws://test.emq.restoplus.cn:8083/mqtt","timestamp":"2019-06-21 17:53:04"}
{"level":"info","message":"订阅成功--$queue/winPos/+/2f83afee7a0e4822a6729145dd53af33/43be0afc2b544cec87568b7247841107/+/+/+","timestamp":"2019-06-21 17:53:04"}
{"level":"info","message":"允许接收的平台=>posAdmin-dev,resto-dev","timestamp":"2019-06-21 17:53:04"}
{"level":"error","message":"==mqtt==close==你已断开连接,正常退出","timestamp":"2019-06-21 17:53:19"}
{"level":"error","message":"==mqtt==reconnect==正在尝试重新连接","timestamp":"2019-06-21 17:53:34"}
{"level":"info","message":"mqtt成功连接到：ws://test.emq.restoplus.cn:8083/mqtt","timestamp":"2019-06-21 17:53:34"}
{"level":"info","message":"订阅成功--$queue/winPos/+/2f83afee7a0e4822a6729145dd53af33/43be0afc2b544cec87568b7247841107/+/+/+","timestamp":"2019-06-21 17:53:34"}
{"level":"info","message":"允许接收的平台=>posAdmin-dev,resto-dev","timestamp":"2019-06-21 17:53:34"}
{"level":"error","message":"==mqtt==close==你已断开连接,正常退出","timestamp":"2019-06-21 17:53:49"}
{"level":"error","message":"==mqtt==reconnect==正在尝试重新连接","timestamp":"2019-06-21 17:54:04"}
{"level":"info","message":"mqtt成功连接到：ws://test.emq.restoplus.cn:8083/mqtt","timestamp":"2019-06-21 17:54:04"}
{"level":"info","message":"订阅成功--$queue/winPos/+/2f83afee7a0e4822a6729145dd53af33/43be0afc2b544cec87568b7247841107/+/+/+","timestamp":"2019-06-21 17:54:04"}
{"level":"info","message":"允许接收的平台=>posAdmin-dev,resto-dev","timestamp":"2019-06-21 17:54:04"}
{"level":"info","message":"启动离线订单检测！间隔180000","timestamp":"2019-06-21 17:54:07"}
{"level":"info","message":"没有需要同步的订单！","timestamp":"2019-06-21 17:54:07"}
{"level":"error","message":"==mqtt==close==你已断开连接,正常退出","timestamp":"2019-06-21 17:54:19"}
{"level":"error","message":"==mqtt==reconnect==正在尝试重新连接","timestamp":"2019-06-21 17:54:34"}
{"level":"info","message":"mqtt成功连接到：ws://test.emq.restoplus.cn:8083/mqtt","timestamp":"2019-06-21 17:54:34"}
{"level":"info","message":"订阅成功--$queue/winPos/+/2f83afee7a0e4822a6729145dd53af33/43be0afc2b544cec87568b7247841107/+/+/+","timestamp":"2019-06-21 17:54:34"}
{"level":"info","message":"允许接收的平台=>posAdmin-dev,resto-dev","timestamp":"2019-06-21 17:54:34"}
{"level":"error","message":"==mqtt==close==你已断开连接,正常退出","timestamp":"2019-06-21 17:54:49"}
{"level":"error","message":"==mqtt==reconnect==正在尝试重新连接","timestamp":"2019-06-21 17:55:04"}
{"level":"info","message":"mqtt成功连接到：ws://test.emq.restoplus.cn:8083/mqtt","timestamp":"2019-06-21 17:55:04"}
{"level":"info","message":"订阅成功--$queue/winPos/+/2f83afee7a0e4822a6729145dd53af33/43be0afc2b544cec87568b7247841107/+/+/+","timestamp":"2019-06-21 17:55:04"}
{"level":"info","message":"允许接收的平台=>posAdmin-dev,resto-dev","timestamp":"2019-06-21 17:55:04"}
{"level":"error","message":"==mqtt==close==你已断开连接,正常退出","timestamp":"2019-06-21 17:55:19"}
{"level":"error","message":"==mqtt==reconnect==正在尝试重新连接","timestamp":"2019-06-21 17:55:34"}
{"level":"info","message":"mqtt成功连接到：ws://test.emq.restoplus.cn:8083/mqtt","timestamp":"2019-06-21 17:55:35"}
{"level":"info","message":"订阅成功--$queue/winPos/+/2f83afee7a0e4822a6729145dd53af33/43be0afc2b544cec87568b7247841107/+/+/+","timestamp":"2019-06-21 17:55:35"}
{"level":"info","message":"允许接收的平台=>posAdmin-dev,resto-dev","timestamp":"2019-06-21 17:55:35"}
{"level":"error","message":"==mqtt==close==你已断开连接,正常退出","timestamp":"2019-06-21 17:55:50"}
{"level":"error","message":"==mqtt==reconnect==正在尝试重新连接","timestamp":"2019-06-21 17:56:05"}
{"level":"info","message":"mqtt成功连接到：ws://test.emq.restoplus.cn:8083/mqtt","timestamp":"2019-06-21 17:56:05"}
{"level":"info","message":"订阅成功--$queue/winPos/+/2f83afee7a0e4822a6729145dd53af33/43be0afc2b544cec87568b7247841107/+/+/+","timestamp":"2019-06-21 17:56:05"}
{"level":"info","message":"允许接收的平台=>posAdmin-dev,resto-dev","timestamp":"2019-06-21 17:56:05"}
{"level":"info","message":"启动离线订单检测！间隔180000","timestamp":"2019-06-21 17:57:07"}
{"level":"info","message":"没有需要同步的订单！","timestamp":"2019-06-21 17:57:07"}
{"level":"info","message":"启动离线订单检测！间隔180000","timestamp":"2019-06-21 18:00:07"}
{"level":"info","message":"没有需要同步的订单！","timestamp":"2019-06-21 18:00:07"}
{"level":"info","message":"启动离线订单检测！间隔180000","timestamp":"2019-06-21 18:03:07"}
{"level":"info","message":"没有需要同步的订单！","timestamp":"2019-06-21 18:03:07"}
{"level":"info","message":"启动离线订单检测！间隔180000","timestamp":"2019-06-21 18:06:07"}
{"level":"info","message":"没有需要同步的订单！","timestamp":"2019-06-21 18:06:07"}
{"level":"info","message":"启动离线订单检测！间隔180000","timestamp":"2019-06-21 18:09:07"}
{"level":"info","message":"没有需要同步的订单！","timestamp":"2019-06-21 18:09:07"}
{"level":"info","message":"启动离线订单检测！间隔180000","timestamp":"2019-06-21 18:12:07"}
{"level":"info","message":"没有需要同步的订单！","timestamp":"2019-06-21 18:12:07"}
{"level":"info","message":"启动离线订单检测！间隔180000","timestamp":"2019-06-21 18:15:07"}
{"level":"info","message":"没有需要同步的订单！","timestamp":"2019-06-21 18:15:07"}
{"level":"info","message":"启动离线订单检测！间隔180000","timestamp":"2019-06-21 18:18:07"}
{"level":"info","message":"没有需要同步的订单！","timestamp":"2019-06-21 18:18:07"}
{"level":"info","message":"启动离线订单检测！间隔180000","timestamp":"2019-06-21 18:21:07"}
{"level":"info","message":"没有需要同步的订单！","timestamp":"2019-06-21 18:21:07"}
{"level":"info","message":"启动离线订单检测！间隔180000","timestamp":"2019-06-21 18:24:07"}
{"level":"info","message":"没有需要同步的订单！","timestamp":"2019-06-21 18:24:07"}
{"level":"info","message":"启动离线订单检测！间隔180000","timestamp":"2019-06-21 18:27:07"}
{"level":"info","message":"没有需要同步的订单！","timestamp":"2019-06-21 18:27:07"}
{"level":"info","message":"启动离线订单检测！间隔180000","timestamp":"2019-06-21 18:30:08"}
{"level":"info","message":"没有需要同步的订单！","timestamp":"2019-06-21 18:30:08"}
{"level":"info","message":"启动离线订单检测！间隔180000","timestamp":"2019-06-21 18:33:08"}
{"level":"info","message":"没有需要同步的订单！","timestamp":"2019-06-21 18:33:08"}
{"level":"info","message":"启动离线订单检测！间隔180000","timestamp":"2019-06-21 18:36:08"}
{"level":"info","message":"没有需要同步的订单！","timestamp":"2019-06-21 18:36:08"}
{"level":"info","message":"启动离线订单检测！间隔180000","timestamp":"2019-06-21 18:39:08"}
{"level":"info","message":"没有需要同步的订单！","timestamp":"2019-06-21 18:39:08"}
{"level":"info","message":"启动离线订单检测！间隔180000","timestamp":"2019-06-21 18:42:08"}
{"level":"info","message":"没有需要同步的订单！","timestamp":"2019-06-21 18:42:08"}
{"level":"info","message":"启动离线订单检测！间隔180000","timestamp":"2019-06-21 18:45:08"}
{"level":"info","message":"没有需要同步的订单！","timestamp":"2019-06-21 18:45:08"}
{"level":"info","message":"启动离线订单检测！间隔180000","timestamp":"2019-06-21 18:48:08"}
{"level":"info","message":"没有需要同步的订单！","timestamp":"2019-06-21 18:48:08"}
{"level":"info","message":"启动离线订单检测！间隔180000","timestamp":"2019-06-21 18:51:08"}
{"level":"info","message":"没有需要同步的订单！","timestamp":"2019-06-21 18:51:08"}
