{"level":"info","message":"mqtt成功连接到：ws://test.emq.restoplus.cn:8083/mqtt","timestamp":"2019-04-24 10:19:02"}
{"level":"info","message":"订阅成功--$queue/winPos/+/2f83afee7a0e4822a6729145dd53af33/63325014c50b4b16a81e50b3623f8d96/+/+/+","timestamp":"2019-04-24 10:19:02"}
{"level":"info","message":"允许接收的平台=>posAdmin-dev,resto-dev","timestamp":"2019-04-24 10:19:02"}
{"level":"info","message":"GET /system/info 166 2019-04-24 10:28:55","timestamp":"2019-04-24 10:28:55"}
{"level":"info","message":"GET /article/family_list 40 2019-04-24 10:28:56","timestamp":"2019-04-24 10:28:56"}
{"level":"info","message":"GET /order/detail 125 2019-04-24 10:28:56","timestamp":"2019-04-24 10:28:56"}
{"level":"info","message":"GET /article/article_list 77 2019-04-24 10:28:56","timestamp":"2019-04-24 10:28:56"}
{"level":"info","message":"未找到订单281283f403204f0ba8f4db3063fb446a不执行打印只做插入！","timestamp":"2019-04-24 10:54:55"}
{"level":"info","message":"未找到订单f413d0c526784cee99195aadaac8bcdd不执行打印只做插入！","timestamp":"2019-04-24 11:16:47"}
{"level":"info","message":"mqtt成功连接到：ws://test.emq.restoplus.cn:8083/mqtt","timestamp":"2019-04-24 11:21:29"}
{"level":"info","message":"订阅成功--$queue/winPos/+/2f83afee7a0e4822a6729145dd53af33/d2ff1bbb8c6f4fd8adb3949f76f8c1b6/+/+/+","timestamp":"2019-04-24 11:21:29"}
{"level":"info","message":"允许接收的平台=>posAdmin-dev,resto-dev","timestamp":"2019-04-24 11:21:29"}
{"level":"error","message":"==mqtt==close==你已断开连接,异常退出","timestamp":"2019-04-24 11:21:56"}
{"level":"info","message":"==mqtt==reconnect==正在尝试重新连接","timestamp":"2019-04-24 11:22:12"}
{"level":"info","message":"mqtt成功连接到：ws://test.emq.restoplus.cn:8083/mqtt","timestamp":"2019-04-24 11:22:13"}
{"level":"info","message":"订阅成功--$queue/winPos/+/2f83afee7a0e4822a6729145dd53af33/d2ff1bbb8c6f4fd8adb3949f76f8c1b6/+/+/+","timestamp":"2019-04-24 11:22:13"}
{"level":"info","message":"允许接收的平台=>posAdmin-dev,resto-dev","timestamp":"2019-04-24 11:22:13"}
{"level":"info","message":"GET /system/info 144 2019-04-24 11:22:23","timestamp":"2019-04-24 11:22:23"}
{"level":"info","message":"GET /article/family_list 7 2019-04-24 11:22:23","timestamp":"2019-04-24 11:22:23"}
{"level":"info","message":"GET /order/detail 10 2019-04-24 11:22:23","timestamp":"2019-04-24 11:22:23"}
{"level":"info","message":"GET /article/article_list 66 2019-04-24 11:22:23","timestamp":"2019-04-24 11:22:23"}
{"level":"info","message":"GET /user/normal/list 2 2019-04-24 11:22:24","timestamp":"2019-04-24 11:22:24"}
{"level":"info","message":"GET /user/normal/list 1 2019-04-24 11:22:25","timestamp":"2019-04-24 11:22:25"}
{"level":"info","message":"POST /user/login 27 2019-04-24 11:22:29","timestamp":"2019-04-24 11:22:29"}
{"level":"info","message":"GET /system/info 4 2019-04-24 11:22:29","timestamp":"2019-04-24 11:22:29"}
{"level":"info","message":"GET /area 31 2019-04-24 11:22:29","timestamp":"2019-04-24 11:22:29"}
{"level":"info","message":"GET /table/list 37 2019-04-24 11:22:29","timestamp":"2019-04-24 11:22:29"}
{"level":"info","message":"GET /order/order_state_count 22 2019-04-24 11:22:29","timestamp":"2019-04-24 11:22:29"}
{"level":"info","message":"GET /table/list_by_id 6 2019-04-24 11:22:47","timestamp":"2019-04-24 11:22:47"}
{"level":"info","message":"GET /table/list_by_id 2 2019-04-24 11:22:48","timestamp":"2019-04-24 11:22:48"}
{"level":"info","message":"GET /table/list 6 2019-04-24 11:22:49","timestamp":"2019-04-24 11:22:49"}
{"level":"info","message":"GET /order/no_pay 5 2019-04-24 11:22:54","timestamp":"2019-04-24 11:22:54"}
{"level":"info","message":"GET /table/list 5 2019-04-24 11:22:55","timestamp":"2019-04-24 11:22:55"}
{"level":"info","message":"GET /order/no_pay 8 2019-04-24 11:22:58","timestamp":"2019-04-24 11:22:58"}
{"level":"info","message":"GET /table/list 3 2019-04-24 11:22:59","timestamp":"2019-04-24 11:22:59"}
{"level":"info","message":"GET /order/no_pay 3 2019-04-24 11:23:00","timestamp":"2019-04-24 11:23:00"}
{"level":"info","message":"GET /table/list 4 2019-04-24 11:23:01","timestamp":"2019-04-24 11:23:01"}
{"level":"error","message":"==mqtt==close==你已断开连接,异常退出","timestamp":"2019-04-24 13:53:32"}
{"level":"info","message":"==mqtt==reconnect==正在尝试重新连接","timestamp":"2019-04-24 13:53:47"}
{"level":"info","message":"mqtt成功连接到：ws://test.emq.restoplus.cn:8083/mqtt","timestamp":"2019-04-24 13:53:47"}
{"level":"info","message":"订阅成功--$queue/winPos/+/2f83afee7a0e4822a6729145dd53af33/d2ff1bbb8c6f4fd8adb3949f76f8c1b6/+/+/+","timestamp":"2019-04-24 13:53:47"}
{"level":"info","message":"允许接收的平台=>posAdmin-dev,resto-dev","timestamp":"2019-04-24 13:53:47"}
{"level":"info","message":"POST /bindTable 203 2019-04-24 15:03:22","timestamp":"2019-04-24 15:03:22"}
{"level":"info","message":"GET /article/family_list 6 2019-04-24 15:03:22","timestamp":"2019-04-24 15:03:22"}
{"level":"info","message":"GET /article/article_list 19 2019-04-24 15:03:22","timestamp":"2019-04-24 15:03:22"}
{"level":"info","message":"GET /order/detail 76 2019-04-24 15:03:22","timestamp":"2019-04-24 15:03:22"}
{"level":"info","message":"POST /pushOrder 146 2019-04-24 15:03:25","timestamp":"2019-04-24 15:03:25"}
{"level":"info","message":"GET /order/order_state_count 6 2019-04-24 15:03:26","timestamp":"2019-04-24 15:03:26"}
{"level":"info","message":"GET /area 11 2019-04-24 15:03:26","timestamp":"2019-04-24 15:03:26"}
{"level":"info","message":"GET /table/list 13 2019-04-24 15:03:26","timestamp":"2019-04-24 15:03:26"}
{"level":"info","message":"GET /order/detail 25 2019-04-24 15:03:26","timestamp":"2019-04-24 15:03:26"}
{"level":"info","message":"GET /order/get_order_test 24 2019-04-24 15:03:27","timestamp":"2019-04-24 15:03:27"}
{"level":"info","message":"GET /order/detail 8 2019-04-24 15:03:30","timestamp":"2019-04-24 15:03:30"}
{"level":"info","message":"GET /order/discount_info 4 2019-04-24 15:03:30","timestamp":"2019-04-24 15:03:30"}
{"level":"info","message":"GET /order/detail 8 2019-04-24 15:03:30","timestamp":"2019-04-24 15:03:30"}
{"level":"info","message":"GET /order/order_items 13 2019-04-24 15:03:30","timestamp":"2019-04-24 15:03:30"}
{"level":"info","message":"POST /order/discount 374 2019-04-24 15:03:45","timestamp":"2019-04-24 15:03:45"}
{"level":"info","message":"GET /order/discount_info 4 2019-04-24 15:03:45","timestamp":"2019-04-24 15:03:45"}
{"level":"info","message":"GET /order/detail 13 2019-04-24 15:03:45","timestamp":"2019-04-24 15:03:45"}
{"level":"info","message":"GET /order/order_state_count 8 2019-04-24 15:04:04","timestamp":"2019-04-24 15:04:04"}
{"level":"info","message":"GET /area 6 2019-04-24 15:04:04","timestamp":"2019-04-24 15:04:04"}
{"level":"info","message":"GET /table/list 9 2019-04-24 15:04:04","timestamp":"2019-04-24 15:04:04"}
{"level":"info","message":"GET /order/detail 11 2019-04-24 15:04:04","timestamp":"2019-04-24 15:04:04"}
{"level":"info","message":"GET /order/get_order_test 4 2019-04-24 15:04:04","timestamp":"2019-04-24 15:04:04"}
{"level":"info","message":"GET /order/get_order_test 3 2019-04-24 15:04:04","timestamp":"2019-04-24 15:04:04"}
{"level":"info","message":"POST /bindTable 29 2019-04-24 15:04:12","timestamp":"2019-04-24 15:04:12"}
{"level":"info","message":"GET /article/family_list 4 2019-04-24 15:04:12","timestamp":"2019-04-24 15:04:12"}
{"level":"info","message":"GET /order/detail 11 2019-04-24 15:04:12","timestamp":"2019-04-24 15:04:12"}
{"level":"info","message":"GET /article/article_list 12 2019-04-24 15:04:12","timestamp":"2019-04-24 15:04:12"}
{"level":"info","message":"GET /order/order_state_count 4 2019-04-24 15:04:25","timestamp":"2019-04-24 15:04:25"}
{"level":"info","message":"GET /area 1 2019-04-24 15:04:25","timestamp":"2019-04-24 15:04:25"}
{"level":"info","message":"GET /table/list 5 2019-04-24 15:04:25","timestamp":"2019-04-24 15:04:25"}
{"level":"info","message":"GET /order/detail 5 2019-04-24 15:04:25","timestamp":"2019-04-24 15:04:25"}
{"level":"info","message":"GET /order/get_order_test 3 2019-04-24 15:04:25","timestamp":"2019-04-24 15:04:25"}
{"level":"info","message":"GET /order/get_order_test 4 2019-04-24 15:04:25","timestamp":"2019-04-24 15:04:25"}
{"level":"info","message":"GET /article/family_list 3 2019-04-24 15:04:28","timestamp":"2019-04-24 15:04:28"}
{"level":"info","message":"GET /order/detail 10 2019-04-24 15:04:28","timestamp":"2019-04-24 15:04:28"}
{"level":"info","message":"GET /article/article_list 15 2019-04-24 15:04:28","timestamp":"2019-04-24 15:04:28"}
{"level":"info","message":"GET /article/family_list 3 2019-04-24 15:06:43","timestamp":"2019-04-24 15:06:43"}
{"level":"info","message":"GET /order/detail 38 2019-04-24 15:06:43","timestamp":"2019-04-24 15:06:43"}
{"level":"info","message":"GET /article/article_list 18 2019-04-24 15:06:43","timestamp":"2019-04-24 15:06:43"}
{"level":"info","message":"POST /pushOrder 93 2019-04-24 15:07:31","timestamp":"2019-04-24 15:07:31"}
{"level":"info","message":"GET /order/order_state_count 17 2019-04-24 15:07:31","timestamp":"2019-04-24 15:07:31"}
{"level":"info","message":"GET /area 20 2019-04-24 15:07:31","timestamp":"2019-04-24 15:07:31"}
{"level":"info","message":"GET /table/list 19 2019-04-24 15:07:31","timestamp":"2019-04-24 15:07:31"}
{"level":"info","message":"GET /order/detail 35 2019-04-24 15:07:31","timestamp":"2019-04-24 15:07:31"}
{"level":"info","message":"GET /order/get_order_test 3 2019-04-24 15:07:32","timestamp":"2019-04-24 15:07:32"}
{"level":"info","message":"GET /system/info 17 2019-04-24 15:07:41","timestamp":"2019-04-24 15:07:41"}
{"level":"info","message":"GET /order/order_state_count 8 2019-04-24 15:07:41","timestamp":"2019-04-24 15:07:41"}
{"level":"info","message":"GET /area 7 2019-04-24 15:07:41","timestamp":"2019-04-24 15:07:41"}
{"level":"info","message":"GET /table/list 8 2019-04-24 15:07:41","timestamp":"2019-04-24 15:07:41"}
{"level":"info","message":"GET /order/detail 24 2019-04-24 15:07:41","timestamp":"2019-04-24 15:07:41"}
{"level":"info","message":"GET /order/get_order_test 3 2019-04-24 15:07:42","timestamp":"2019-04-24 15:07:42"}
{"level":"info","message":"GET /order/detail 7 2019-04-24 15:07:47","timestamp":"2019-04-24 15:07:47"}
{"level":"info","message":"GET /order/discount_info 5 2019-04-24 15:07:47","timestamp":"2019-04-24 15:07:47"}
{"level":"info","message":"GET /order/detail 12 2019-04-24 15:07:47","timestamp":"2019-04-24 15:07:47"}
{"level":"info","message":"GET /order/order_items 6 2019-04-24 15:07:47","timestamp":"2019-04-24 15:07:47"}
{"level":"info","message":"GET /order/order_state_count 14 2019-04-24 15:07:52","timestamp":"2019-04-24 15:07:52"}
{"level":"info","message":"GET /area 10 2019-04-24 15:07:52","timestamp":"2019-04-24 15:07:52"}
{"level":"info","message":"GET /table/list 11 2019-04-24 15:07:52","timestamp":"2019-04-24 15:07:52"}
{"level":"info","message":"GET /order/detail 7 2019-04-24 15:07:53","timestamp":"2019-04-24 15:07:53"}
{"level":"info","message":"GET /order/get_order_test 3 2019-04-24 15:07:53","timestamp":"2019-04-24 15:07:53"}
{"level":"info","message":"GET /order/get_order_test 5 2019-04-24 15:07:53","timestamp":"2019-04-24 15:07:53"}
{"level":"info","message":"GET /order/detail 12 2019-04-24 15:07:54","timestamp":"2019-04-24 15:07:54"}
{"level":"info","message":"GET /order/get_order_test 4 2019-04-24 15:07:55","timestamp":"2019-04-24 15:07:55"}
{"level":"info","message":"GET /order/detail 8 2019-04-24 15:07:55","timestamp":"2019-04-24 15:07:55"}
{"level":"info","message":"GET /order/get_order_test 5 2019-04-24 15:07:56","timestamp":"2019-04-24 15:07:56"}
{"level":"info","message":"GET /order/detail 11 2019-04-24 15:07:57","timestamp":"2019-04-24 15:07:57"}
{"level":"info","message":"GET /order/get_order_test 4 2019-04-24 15:07:57","timestamp":"2019-04-24 15:07:57"}
{"level":"info","message":"GET /order/detail 10 2019-04-24 15:07:58","timestamp":"2019-04-24 15:07:58"}
{"level":"info","message":"GET /order/get_order_test 4 2019-04-24 15:07:58","timestamp":"2019-04-24 15:07:58"}
{"level":"info","message":"GET /order/detail 10 2019-04-24 15:07:59","timestamp":"2019-04-24 15:07:59"}
{"level":"info","message":"GET /order/get_order_test 5 2019-04-24 15:07:59","timestamp":"2019-04-24 15:07:59"}
{"level":"info","message":"GET /article/family_list 2 2019-04-24 15:08:00","timestamp":"2019-04-24 15:08:00"}
{"level":"info","message":"GET /order/detail 5 2019-04-24 15:08:00","timestamp":"2019-04-24 15:08:00"}
{"level":"info","message":"GET /article/article_list 16 2019-04-24 15:08:00","timestamp":"2019-04-24 15:08:00"}
{"level":"info","message":"GET /order/order_state_count 19 2019-04-24 15:11:19","timestamp":"2019-04-24 15:11:19"}
{"level":"info","message":"GET /order/detail 20 2019-04-24 15:11:19","timestamp":"2019-04-24 15:11:19"}
{"level":"info","message":"GET /area 3 2019-04-24 15:11:19","timestamp":"2019-04-24 15:11:19"}
{"level":"info","message":"GET /table/list 14 2019-04-24 15:11:19","timestamp":"2019-04-24 15:11:19"}
{"level":"info","message":"GET /order/get_order_test 3 2019-04-24 15:11:20","timestamp":"2019-04-24 15:11:20"}
{"level":"info","message":"GET /order/discount_info 3 2019-04-24 15:11:24","timestamp":"2019-04-24 15:11:24"}
{"level":"info","message":"GET /order/order_items 18 2019-04-24 15:11:24","timestamp":"2019-04-24 15:11:24"}
{"level":"info","message":"GET /order/detail 16 2019-04-24 15:11:25","timestamp":"2019-04-24 15:11:25"}
{"level":"info","message":"GET /order/detail 13 2019-04-24 15:11:25","timestamp":"2019-04-24 15:11:25"}
{"level":"info","message":"GET /order/order_state_count 4 2019-04-24 15:11:29","timestamp":"2019-04-24 15:11:29"}
{"level":"info","message":"GET /area 5 2019-04-24 15:11:29","timestamp":"2019-04-24 15:11:29"}
{"level":"info","message":"GET /table/list 5 2019-04-24 15:11:29","timestamp":"2019-04-24 15:11:29"}
{"level":"info","message":"GET /order/detail 5 2019-04-24 15:11:29","timestamp":"2019-04-24 15:11:29"}
{"level":"info","message":"GET /order/get_order_test 4 2019-04-24 15:11:29","timestamp":"2019-04-24 15:11:29"}
{"level":"info","message":"GET /order/get_order_test 4 2019-04-24 15:11:29","timestamp":"2019-04-24 15:11:29"}
{"level":"info","message":"GET /order/order_items 12 2019-04-24 15:11:31","timestamp":"2019-04-24 15:11:31"}
{"level":"info","message":"GET /order/discount_info 5 2019-04-24 15:11:31","timestamp":"2019-04-24 15:11:31"}
{"level":"info","message":"GET /order/detail 15 2019-04-24 15:11:31","timestamp":"2019-04-24 15:11:31"}
{"level":"info","message":"GET /order/detail 10 2019-04-24 15:11:31","timestamp":"2019-04-24 15:11:31"}
{"level":"info","message":"mqtt成功连接到：ws://test.emq.restoplus.cn:8083/mqtt","timestamp":"2019-04-24 15:30:13"}
{"level":"info","message":"订阅成功--$queue/winPos/+/2f83afee7a0e4822a6729145dd53af33/d2ff1bbb8c6f4fd8adb3949f76f8c1b6/+/+/+","timestamp":"2019-04-24 15:30:13"}
{"level":"info","message":"允许接收的平台=>posAdmin-dev,resto-dev","timestamp":"2019-04-24 15:30:13"}
{"level":"info","message":"mqtt成功连接到：ws://test.emq.restoplus.cn:8083/mqtt","timestamp":"2019-04-24 15:30:42"}
{"level":"info","message":"订阅成功--$queue/winPos/+/2f83afee7a0e4822a6729145dd53af33/d2ff1bbb8c6f4fd8adb3949f76f8c1b6/+/+/+","timestamp":"2019-04-24 15:30:45"}
{"level":"info","message":"允许接收的平台=>posAdmin-dev,resto-dev","timestamp":"2019-04-24 15:30:45"}
{"level":"error","message":"resource \"GET:/b2ade43925aa57404ca7.hot-update.json\" not found","timestamp":"2019-04-24 15:31:23"}
{"level":"info","message":"GET /b2ade43925aa57404ca7.hot-update.json 3 2019-04-24 15:31:23","timestamp":"2019-04-24 15:31:23"}
{"level":"info","message":"GET /system/info 166 2019-04-24 16:14:49","timestamp":"2019-04-24 16:14:49"}
{"level":"info","message":"GET /order/discount_info 6 2019-04-24 16:14:49","timestamp":"2019-04-24 16:14:49"}
{"level":"info","message":"GET /order/detail 18 2019-04-24 16:14:49","timestamp":"2019-04-24 16:14:49"}
{"level":"info","message":"GET /order/detail 9 2019-04-24 16:14:49","timestamp":"2019-04-24 16:14:49"}
{"level":"info","message":"GET /order/order_items 11 2019-04-24 16:14:49","timestamp":"2019-04-24 16:14:49"}
{"level":"info","message":"GET /order/order_state_count 17 2019-04-24 16:14:50","timestamp":"2019-04-24 16:14:50"}
{"level":"info","message":"GET /area 33 2019-04-24 16:14:50","timestamp":"2019-04-24 16:14:50"}
{"level":"info","message":"GET /table/list 41 2019-04-24 16:14:50","timestamp":"2019-04-24 16:14:50"}
{"level":"info","message":"GET /order/detail 11 2019-04-24 16:14:50","timestamp":"2019-04-24 16:14:50"}
{"level":"info","message":"GET /order/get_order_test 37 2019-04-24 16:14:50","timestamp":"2019-04-24 16:14:50"}
{"level":"info","message":"GET /order/get_order_test 5 2019-04-24 16:14:51","timestamp":"2019-04-24 16:14:51"}
{"level":"info","message":"POST /bindTable 77 2019-04-24 16:14:54","timestamp":"2019-04-24 16:14:54"}
{"level":"info","message":"GET /article/family_list 3 2019-04-24 16:14:54","timestamp":"2019-04-24 16:14:54"}
{"level":"info","message":"GET /order/detail 11 2019-04-24 16:14:54","timestamp":"2019-04-24 16:14:54"}
{"level":"info","message":"GET /article/article_list 34 2019-04-24 16:14:54","timestamp":"2019-04-24 16:14:54"}
{"level":"info","message":"POST /pushOrder 113 2019-04-24 16:14:57","timestamp":"2019-04-24 16:14:57"}
{"level":"info","message":"推送EMQ:resto-dev/2f83afee7a0e4822a6729145dd53af33/d2ff1bbb8c6f4fd8adb3949f76f8c1b6/order/creator/80d5a108a0a3403c9e53c20b64295c9f \n {\"master_order_id\":\"80d5a108a0a3403c9e53c20b64295c9f\",\"order_arr\":[{\"id\":\"80d5a108a0a3403c9e53c20b64295c9f\",\"table_number\":\"3\",\"customer_count\":1,\"accounting_time\":\"2019-04-24\",\"order_state\":1,\"production_status\":1,\"original_amount\":7,\"order_money\":7,\"origin_money\":null,\"article_count\":1,\"serial_number\":\"201904241614544440\",\"allow_cancel\":0,\"closed\":0,\"create_time\":\"1556093694445\",\"push_order_time\":null,\"print_order_time\":\"1556093697268\",\"remark\":\"\",\"distribution_mode_id\":1,\"amount_with_children\":0,\"parent_order_id\":null,\"service_price\":6,\"is_pos_pay\":0,\"pay_type\":1,\"count_with_child\":0,\"allow_continue_order\":0,\"payment_amount\":7,\"customer_id\":\"0\",\"customer_address_id\":null,\"ver_code\":\"82302\",\"pay_mode\":0,\"meal_fee_price\":0,\"meal_all_number\":0,\"order_mode\":6,\"allow_appraise\":0,\"confirm_time\":null,\"order_number\":3,\"call_number_time\":null,\"call_times\":0,\"shop_detail_id\":null,\"data_origin\":\"0\",\"sync_state\":1,\"last_sync_time\":\"1556093697243\",\"order_pos_discount_money\":\"0\",\"member_discount_money\":\"0\",\"erase_money\":\"0\",\"reduce_money\":\"0\",\"real_erase_money\":\"0\",\"pos_discount\":\"100\",\"no_discount_money\":\"0\",\"exemption_money\":\"0\",\"need_confirm_order_item\":0,\"sauce_fee_count\":\"1\",\"sauce_fee_price\":null,\"towel_fee_count\":\"1\",\"towel_fee_price\":0,\"tableware_fee_count\":\"1\",\"tableware_fee_price\":0,\"is_use_new_service\":0,\"grant_money\":0}],\"order_item\":[{\"id\":\"d602c9fd3b1a450fa8705b8cc667bc7b\",\"order_id\":\"80d5a108a0a3403c9e53c20b64295c9f\",\"article_id\":\"22d09d78c4ef4244b375de91acfa587a\",\"article_name\":\"蜜糖鸡翅(2件)\",\"count\":1,\"original_price\":1,\"no_discount_price\":null,\"unit_price\":1,\"final_price\":1,\"remark\":\"100%\",\"sort\":0,\"status\":1,\"type\":1,\"parent_id\":null,\"create_time\":\"1556093697308\",\"meal_item_id\":\"0\",\"kitchen_id\":\"\",\"recommend_id\":\"\",\"orgin_count\":1,\"refund_count\":0,\"grant_count\":0,\"meal_fee_number\":0,\"change_count\":0,\"print_fail_flag\":0,\"pos_discount\":100,\"weight\":0,\"need_remind\":0}]}","timestamp":"2019-04-24 16:14:57"}
{"level":"info","message":"GET /order/order_state_count 19 2019-04-24 16:14:57","timestamp":"2019-04-24 16:14:57"}
{"level":"info","message":"GET /area 18 2019-04-24 16:14:57","timestamp":"2019-04-24 16:14:57"}
{"level":"info","message":"GET /table/list 29 2019-04-24 16:14:57","timestamp":"2019-04-24 16:14:57"}
{"level":"info","message":"GET /order/detail 50 2019-04-24 16:14:57","timestamp":"2019-04-24 16:14:57"}
{"level":"info","message":"GET /order/get_order_test 4 2019-04-24 16:14:57","timestamp":"2019-04-24 16:14:57"}
{"level":"info","message":"GET /article/family_list 2 2019-04-24 16:14:59","timestamp":"2019-04-24 16:14:59"}
{"level":"info","message":"GET /order/detail 8 2019-04-24 16:14:59","timestamp":"2019-04-24 16:14:59"}
{"level":"info","message":"GET /article/article_list 17 2019-04-24 16:14:59","timestamp":"2019-04-24 16:14:59"}
{"level":"info","message":"GET /order/detail 5 2019-04-24 16:15:06","timestamp":"2019-04-24 16:15:06"}
{"level":"info","message":"POST /bindTable 25 2019-04-24 16:15:06","timestamp":"2019-04-24 16:15:06"}
{"level":"info","message":"POST /pushOrder 61 2019-04-24 16:15:06","timestamp":"2019-04-24 16:15:06"}
{"level":"info","message":"推送EMQ:resto-dev/2f83afee7a0e4822a6729145dd53af33/d2ff1bbb8c6f4fd8adb3949f76f8c1b6/order/creator/80d5a108a0a3403c9e53c20b64295c9f \n {\"master_order_id\":\"80d5a108a0a3403c9e53c20b64295c9f\",\"order_arr\":[{\"id\":\"80d5a108a0a3403c9e53c20b64295c9f\",\"table_number\":\"3\",\"customer_count\":1,\"accounting_time\":\"2019-04-24\",\"order_state\":1,\"production_status\":1,\"original_amount\":7,\"order_money\":7,\"origin_money\":null,\"article_count\":1,\"serial_number\":\"201904241614544440\",\"allow_cancel\":0,\"closed\":0,\"create_time\":\"1556093694445\",\"push_order_time\":null,\"print_order_time\":\"1556093697268\",\"remark\":\"\",\"distribution_mode_id\":1,\"amount_with_children\":8,\"parent_order_id\":null,\"service_price\":6,\"is_pos_pay\":0,\"pay_type\":1,\"count_with_child\":2,\"allow_continue_order\":0,\"payment_amount\":7,\"customer_id\":\"0\",\"customer_address_id\":null,\"ver_code\":\"82302\",\"pay_mode\":0,\"meal_fee_price\":0,\"meal_all_number\":0,\"order_mode\":6,\"allow_appraise\":0,\"confirm_time\":null,\"order_number\":3,\"call_number_time\":null,\"call_times\":0,\"shop_detail_id\":null,\"data_origin\":\"0\",\"sync_state\":1,\"last_sync_time\":\"1556093706548\",\"order_pos_discount_money\":\"0\",\"member_discount_money\":\"0\",\"erase_money\":\"0\",\"reduce_money\":\"0\",\"real_erase_money\":\"0\",\"pos_discount\":\"100\",\"no_discount_money\":\"0\",\"exemption_money\":\"0\",\"need_confirm_order_item\":0,\"sauce_fee_count\":\"1\",\"sauce_fee_price\":null,\"towel_fee_count\":\"1\",\"towel_fee_price\":0,\"tableware_fee_count\":\"1\",\"tableware_fee_price\":0,\"is_use_new_service\":0,\"grant_money\":0},{\"id\":\"c750d81c7b934bf5aa49ed38b22d95b3\",\"table_number\":\"3\",\"customer_count\":1,\"accounting_time\":\"2019-04-24\",\"order_state\":1,\"production_status\":1,\"original_amount\":1,\"order_money\":1,\"origin_money\":null,\"article_count\":1,\"serial_number\":\"201904241615065190\",\"allow_cancel\":0,\"closed\":0,\"create_time\":\"1556093706519\",\"push_order_time\":null,\"print_order_time\":\"1556093706565\",\"remark\":\"加菜\",\"distribution_mode_id\":1,\"amount_with_children\":0,\"parent_order_id\":\"80d5a108a0a3403c9e53c20b64295c9f\",\"service_price\":6,\"is_pos_pay\":0,\"pay_type\":1,\"count_with_child\":0,\"allow_continue_order\":0,\"payment_amount\":1,\"customer_id\":\"0\",\"customer_address_id\":null,\"ver_code\":\"99828\",\"pay_mode\":0,\"meal_fee_price\":0,\"meal_all_number\":0,\"order_mode\":6,\"allow_appraise\":0,\"confirm_time\":null,\"order_number\":4,\"call_number_time\":null,\"call_times\":0,\"shop_detail_id\":null,\"data_origin\":\"0\",\"sync_state\":1,\"last_sync_time\":\"1556093706548\",\"order_pos_discount_money\":\"0\",\"member_discount_money\":\"0\",\"erase_money\":\"0\",\"reduce_money\":\"0\",\"real_erase_money\":\"0\",\"pos_discount\":\"100\",\"no_discount_money\":\"0\",\"exemption_money\":\"0\",\"need_confirm_order_item\":0,\"sauce_fee_count\":\"1\",\"sauce_fee_price\":null,\"towel_fee_count\":\"1\",\"towel_fee_price\":0,\"tableware_fee_count\":\"1\",\"tableware_fee_price\":0,\"is_use_new_service\":0,\"grant_money\":0}],\"order_item\":[{\"id\":\"d602c9fd3b1a450fa8705b8cc667bc7b\",\"order_id\":\"80d5a108a0a3403c9e53c20b64295c9f\",\"article_id\":\"22d09d78c4ef4244b375de91acfa587a\",\"article_name\":\"蜜糖鸡翅(2件)\",\"count\":1,\"original_price\":1,\"no_discount_price\":null,\"unit_price\":1,\"final_price\":1,\"remark\":\"100%\",\"sort\":0,\"status\":1,\"type\":1,\"parent_id\":null,\"create_time\":\"1556093697308\",\"meal_item_id\":\"0\",\"kitchen_id\":\"\",\"recommend_id\":\"\",\"orgin_count\":1,\"refund_count\":0,\"grant_count\":0,\"meal_fee_number\":0,\"change_count\":0,\"print_fail_flag\":0,\"pos_discount\":100,\"weight\":0,\"need_remind\":0},{\"id\":\"c2a66f58cde44389a2f90bf60b05b869\",\"order_id\":\"c750d81c7b934bf5aa49ed38b22d95b3\",\"article_id\":\"22ec4f4ec9034e018747809015dea060\",\"article_name\":\"不想吃\",\"count\":1,\"original_price\":1,\"no_discount_price\":null,\"unit_price\":1,\"final_price\":1,\"remark\":\"100%\",\"sort\":0,\"status\":1,\"type\":1,\"parent_id\":null,\"create_time\":\"1556093706584\",\"meal_item_id\":\"0\",\"kitchen_id\":\"\",\"recommend_id\":\"\",\"orgin_count\":1,\"refund_count\":0,\"grant_count\":0,\"meal_fee_number\":0,\"change_count\":0,\"print_fail_flag\":0,\"pos_discount\":100,\"weight\":0,\"need_remind\":0}]}","timestamp":"2019-04-24 16:15:06"}
{"level":"info","message":"GET /order/order_state_count 25 2019-04-24 16:15:06","timestamp":"2019-04-24 16:15:06"}
{"level":"info","message":"GET /area 23 2019-04-24 16:15:06","timestamp":"2019-04-24 16:15:06"}
{"level":"info","message":"GET /table/list 32 2019-04-24 16:15:06","timestamp":"2019-04-24 16:15:06"}
{"level":"info","message":"GET /order/detail 49 2019-04-24 16:15:06","timestamp":"2019-04-24 16:15:06"}
{"level":"info","message":"GET /order/get_order_test 3 2019-04-24 16:15:07","timestamp":"2019-04-24 16:15:07"}
{"level":"info","message":"GET /order/order_state_count 6 2019-04-24 16:15:37","timestamp":"2019-04-24 16:15:37"}
{"level":"info","message":"GET /area 2 2019-04-24 16:15:37","timestamp":"2019-04-24 16:15:37"}
{"level":"info","message":"GET /table/list 4 2019-04-24 16:15:37","timestamp":"2019-04-24 16:15:37"}
{"level":"info","message":"GET /order/detail 16 2019-04-24 16:15:37","timestamp":"2019-04-24 16:15:37"}
{"level":"info","message":"GET /order/get_order_test 3 2019-04-24 16:15:37","timestamp":"2019-04-24 16:15:37"}
{"level":"info","message":"GET /order/order_state_count 16 2019-04-24 16:15:39","timestamp":"2019-04-24 16:15:39"}
{"level":"info","message":"GET /area 28 2019-04-24 16:15:39","timestamp":"2019-04-24 16:15:39"}
{"level":"info","message":"GET /table/list 31 2019-04-24 16:15:39","timestamp":"2019-04-24 16:15:39"}
{"level":"info","message":"GET /order/detail 54 2019-04-24 16:15:39","timestamp":"2019-04-24 16:15:39"}
{"level":"info","message":"GET /order/get_order_test 4 2019-04-24 16:15:40","timestamp":"2019-04-24 16:15:40"}
{"level":"info","message":"GET /order/order_state_count 11 2019-04-24 16:15:42","timestamp":"2019-04-24 16:15:42"}
{"level":"info","message":"GET /area 8 2019-04-24 16:15:42","timestamp":"2019-04-24 16:15:42"}
{"level":"info","message":"GET /table/list 9 2019-04-24 16:15:42","timestamp":"2019-04-24 16:15:42"}
{"level":"info","message":"GET /order/detail 22 2019-04-24 16:15:42","timestamp":"2019-04-24 16:15:42"}
{"level":"info","message":"GET /order/get_order_test 4 2019-04-24 16:15:42","timestamp":"2019-04-24 16:15:42"}
{"level":"info","message":"GET /order/order_state_count 12 2019-04-24 16:15:44","timestamp":"2019-04-24 16:15:44"}
{"level":"info","message":"GET /area 3 2019-04-24 16:15:44","timestamp":"2019-04-24 16:15:44"}
{"level":"info","message":"GET /table/list 7 2019-04-24 16:15:44","timestamp":"2019-04-24 16:15:44"}
{"level":"info","message":"GET /order/detail 23 2019-04-24 16:15:44","timestamp":"2019-04-24 16:15:44"}
{"level":"info","message":"GET /order/get_order_test 4 2019-04-24 16:15:44","timestamp":"2019-04-24 16:15:44"}
{"level":"info","message":"GET /order/order_state_count 27 2019-04-24 16:30:28","timestamp":"2019-04-24 16:30:28"}
{"level":"info","message":"GET /area 40 2019-04-24 16:30:28","timestamp":"2019-04-24 16:30:28"}
{"level":"info","message":"GET /table/list 47 2019-04-24 16:30:28","timestamp":"2019-04-24 16:30:28"}
{"level":"info","message":"GET /order/detail 62 2019-04-24 16:30:28","timestamp":"2019-04-24 16:30:28"}
{"level":"info","message":"GET /order/get_order_test 6 2019-04-24 16:30:28","timestamp":"2019-04-24 16:30:28"}
{"level":"info","message":"GET /order/detail 5 2019-04-24 16:30:55","timestamp":"2019-04-24 16:30:55"}
{"level":"info","message":"GET /system/info 8 2019-04-24 16:30:56","timestamp":"2019-04-24 16:30:56"}
{"level":"info","message":"GET /order/order_state_count 22 2019-04-24 16:30:57","timestamp":"2019-04-24 16:30:57"}
{"level":"info","message":"GET /area 12 2019-04-24 16:30:57","timestamp":"2019-04-24 16:30:57"}
{"level":"info","message":"GET /table/list 19 2019-04-24 16:30:57","timestamp":"2019-04-24 16:30:57"}
{"level":"info","message":"GET /order/detail 31 2019-04-24 16:30:57","timestamp":"2019-04-24 16:30:57"}
{"level":"info","message":"GET /order/detail 7 2019-04-24 16:30:57","timestamp":"2019-04-24 16:30:57"}
{"level":"info","message":"GET /order/get_order_test 4 2019-04-24 16:30:57","timestamp":"2019-04-24 16:30:57"}
{"level":"info","message":"GET /order/get_order_test 5 2019-04-24 16:30:57","timestamp":"2019-04-24 16:30:57"}
{"level":"info","message":"GET /system/info 7 2019-04-24 16:37:41","timestamp":"2019-04-24 16:37:41"}
{"level":"info","message":"GET /order/order_state_count 12 2019-04-24 16:37:41","timestamp":"2019-04-24 16:37:41"}
{"level":"info","message":"GET /area 8 2019-04-24 16:37:41","timestamp":"2019-04-24 16:37:41"}
{"level":"info","message":"GET /table/list 10 2019-04-24 16:37:41","timestamp":"2019-04-24 16:37:41"}
{"level":"info","message":"GET /order/detail 24 2019-04-24 16:37:41","timestamp":"2019-04-24 16:37:41"}
{"level":"info","message":"GET /order/get_order_test 3 2019-04-24 16:37:42","timestamp":"2019-04-24 16:37:42"}
{"level":"info","message":"GET /system/info 3 2019-04-24 16:37:59","timestamp":"2019-04-24 16:37:59"}
{"level":"info","message":"GET /order/order_state_count 6 2019-04-24 16:38:02","timestamp":"2019-04-24 16:38:02"}
{"level":"info","message":"GET /area 12 2019-04-24 16:38:02","timestamp":"2019-04-24 16:38:02"}
{"level":"info","message":"GET /table/list 12 2019-04-24 16:38:02","timestamp":"2019-04-24 16:38:02"}
{"level":"info","message":"GET /order/detail 6 2019-04-24 16:38:03","timestamp":"2019-04-24 16:38:03"}
{"level":"info","message":"GET /order/get_order_test 6 2019-04-24 16:38:03","timestamp":"2019-04-24 16:38:03"}
{"level":"info","message":"GET /order/get_order_test 3 2019-04-24 16:38:03","timestamp":"2019-04-24 16:38:03"}
{"level":"info","message":"GET /system/info 11 2019-04-24 16:42:31","timestamp":"2019-04-24 16:42:31"}
{"level":"info","message":"GET /order/order_state_count 7 2019-04-24 16:42:33","timestamp":"2019-04-24 16:42:33"}
{"level":"info","message":"GET /area 6 2019-04-24 16:42:33","timestamp":"2019-04-24 16:42:33"}
{"level":"info","message":"GET /table/list 7 2019-04-24 16:42:33","timestamp":"2019-04-24 16:42:33"}
{"level":"info","message":"GET /order/detail 9 2019-04-24 16:42:33","timestamp":"2019-04-24 16:42:33"}
{"level":"info","message":"GET /order/get_order_test 3 2019-04-24 16:42:33","timestamp":"2019-04-24 16:42:33"}
{"level":"info","message":"GET /order/get_order_test 4 2019-04-24 16:42:34","timestamp":"2019-04-24 16:42:34"}
{"level":"info","message":"GET /system/info 5 2019-04-24 16:42:34","timestamp":"2019-04-24 16:42:34"}
{"level":"info","message":"GET /order/order_state_count 6 2019-04-24 16:42:35","timestamp":"2019-04-24 16:42:35"}
{"level":"info","message":"GET /area 3 2019-04-24 16:42:35","timestamp":"2019-04-24 16:42:35"}
{"level":"info","message":"GET /table/list 7 2019-04-24 16:42:35","timestamp":"2019-04-24 16:42:35"}
{"level":"info","message":"GET /order/detail 23 2019-04-24 16:42:35","timestamp":"2019-04-24 16:42:35"}
{"level":"info","message":"GET /order/get_order_test 4 2019-04-24 16:42:35","timestamp":"2019-04-24 16:42:35"}
{"level":"info","message":"GET /system/info 11 2019-04-24 16:49:00","timestamp":"2019-04-24 16:49:00"}
{"level":"info","message":"GET /order/order_state_count 11 2019-04-24 16:49:00","timestamp":"2019-04-24 16:49:00"}
{"level":"info","message":"GET /area 11 2019-04-24 16:49:00","timestamp":"2019-04-24 16:49:00"}
{"level":"info","message":"GET /table/list 7 2019-04-24 16:49:00","timestamp":"2019-04-24 16:49:00"}
{"level":"info","message":"GET /order/detail 27 2019-04-24 16:49:00","timestamp":"2019-04-24 16:49:00"}
{"level":"info","message":"GET /order/get_order_test 3 2019-04-24 16:49:01","timestamp":"2019-04-24 16:49:01"}
{"level":"info","message":"GET /business/report 19 2019-04-24 16:49:56","timestamp":"2019-04-24 16:49:56"}
{"level":"info","message":"GET /business/report 33 2019-04-24 16:51:03","timestamp":"2019-04-24 16:51:03"}
{"level":"info","message":"GET /system/info 13 2019-04-24 16:51:08","timestamp":"2019-04-24 16:51:08"}
{"level":"info","message":"GET /business/report 6 2019-04-24 16:51:08","timestamp":"2019-04-24 16:51:08"}
{"level":"info","message":"GET /order/order_state_count 7 2019-04-24 16:51:16","timestamp":"2019-04-24 16:51:16"}
{"level":"info","message":"GET /area 7 2019-04-24 16:51:16","timestamp":"2019-04-24 16:51:16"}
{"level":"info","message":"GET /table/list 11 2019-04-24 16:51:16","timestamp":"2019-04-24 16:51:16"}
{"level":"info","message":"GET /order/detail 9 2019-04-24 16:51:16","timestamp":"2019-04-24 16:51:16"}
{"level":"info","message":"GET /order/get_order_test 3 2019-04-24 16:51:17","timestamp":"2019-04-24 16:51:17"}
{"level":"info","message":"GET /order/get_order_test 4 2019-04-24 16:51:17","timestamp":"2019-04-24 16:51:17"}
{"level":"info","message":"GET /order/detail 7 2019-04-24 16:51:20","timestamp":"2019-04-24 16:51:20"}
{"level":"info","message":"GET /order/discount_info 3 2019-04-24 16:51:20","timestamp":"2019-04-24 16:51:20"}
{"level":"info","message":"GET /order/detail 7 2019-04-24 16:51:20","timestamp":"2019-04-24 16:51:20"}
{"level":"info","message":"GET /order/order_items 11 2019-04-24 16:51:20","timestamp":"2019-04-24 16:51:20"}
{"level":"info","message":"POST /orderPay 106 2019-04-24 16:51:27","timestamp":"2019-04-24 16:51:27"}
{"level":"info","message":"GET /order/order_state_count 7 2019-04-24 16:51:27","timestamp":"2019-04-24 16:51:27"}
{"level":"info","message":"GET /area 3 2019-04-24 16:51:27","timestamp":"2019-04-24 16:51:27"}
{"level":"info","message":"GET /table/list 7 2019-04-24 16:51:27","timestamp":"2019-04-24 16:51:27"}
{"level":"info","message":"GET /business/report 31 2019-04-24 16:51:29","timestamp":"2019-04-24 16:51:29"}
{"level":"info","message":"GET /business/report 31 2019-04-24 16:55:21","timestamp":"2019-04-24 16:55:21"}
{"level":"info","message":"GET /system/info 8 2019-04-24 16:55:22","timestamp":"2019-04-24 16:55:22"}
{"level":"info","message":"GET /business/report 31 2019-04-24 16:55:22","timestamp":"2019-04-24 16:55:22"}
{"level":"info","message":"GET /order/order_state_count 6 2019-04-24 16:56:23","timestamp":"2019-04-24 16:56:23"}
{"level":"info","message":"GET /area 3 2019-04-24 16:56:23","timestamp":"2019-04-24 16:56:23"}
{"level":"info","message":"GET /table/list 5 2019-04-24 16:56:23","timestamp":"2019-04-24 16:56:23"}
{"level":"info","message":"GET /order/pay 4 2019-04-24 16:56:38","timestamp":"2019-04-24 16:56:38"}
{"level":"info","message":"GET /order/detail 10 2019-04-24 16:56:38","timestamp":"2019-04-24 16:56:38"}
{"level":"info","message":"GET /order/get_order_test 4 2019-04-24 16:56:39","timestamp":"2019-04-24 16:56:39"}
{"level":"info","message":"GET /table/list 5 2019-04-24 16:56:40","timestamp":"2019-04-24 16:56:40"}
{"level":"info","message":"GET /order/detail 7 2019-04-24 16:56:59","timestamp":"2019-04-24 16:56:59"}
{"level":"info","message":"GET /order/get_order_test 3 2019-04-24 16:56:59","timestamp":"2019-04-24 16:56:59"}
{"level":"info","message":"GET /order/detail 12 2019-04-24 16:57:03","timestamp":"2019-04-24 16:57:03"}
{"level":"info","message":"GET /order/get_order_test 2 2019-04-24 16:57:03","timestamp":"2019-04-24 16:57:03"}
{"level":"info","message":"GET /system/info 6 2019-04-24 16:57:25","timestamp":"2019-04-24 16:57:25"}
{"level":"info","message":"GET /order/order_state_count 5 2019-04-24 16:57:26","timestamp":"2019-04-24 16:57:26"}
{"level":"info","message":"GET /area 6 2019-04-24 16:57:26","timestamp":"2019-04-24 16:57:26"}
{"level":"info","message":"GET /table/list 5 2019-04-24 16:57:26","timestamp":"2019-04-24 16:57:26"}
{"level":"info","message":"POST /bindTable 124 2019-04-24 16:57:29","timestamp":"2019-04-24 16:57:29"}
{"level":"info","message":"GET /article/family_list 2 2019-04-24 16:57:30","timestamp":"2019-04-24 16:57:30"}
{"level":"info","message":"GET /order/detail 9 2019-04-24 16:57:30","timestamp":"2019-04-24 16:57:30"}
{"level":"info","message":"GET /article/article_list 15 2019-04-24 16:57:30","timestamp":"2019-04-24 16:57:30"}
{"level":"info","message":"POST /pushOrder 52 2019-04-24 16:57:32","timestamp":"2019-04-24 16:57:32"}
{"level":"info","message":"推送EMQ:resto-dev/2f83afee7a0e4822a6729145dd53af33/d2ff1bbb8c6f4fd8adb3949f76f8c1b6/order/creator/ec58aa2113fe45f7b48a0b599433692a \n {\"master_order_id\":\"ec58aa2113fe45f7b48a0b599433692a\",\"order_arr\":[{\"id\":\"ec58aa2113fe45f7b48a0b599433692a\",\"table_number\":\"4\",\"customer_count\":1,\"accounting_time\":\"2019-04-24\",\"order_state\":1,\"production_status\":1,\"original_amount\":8,\"order_money\":8,\"origin_money\":null,\"article_count\":2,\"serial_number\":\"201904241657297100\",\"allow_cancel\":0,\"closed\":0,\"create_time\":\"1556096249710\",\"push_order_time\":null,\"print_order_time\":\"1556096252744\",\"remark\":\"\",\"distribution_mode_id\":1,\"amount_with_children\":0,\"parent_order_id\":null,\"service_price\":6,\"is_pos_pay\":0,\"pay_type\":1,\"count_with_child\":0,\"allow_continue_order\":0,\"payment_amount\":8,\"customer_id\":\"0\",\"customer_address_id\":null,\"ver_code\":\"40060\",\"pay_mode\":0,\"meal_fee_price\":0,\"meal_all_number\":0,\"order_mode\":6,\"allow_appraise\":0,\"confirm_time\":null,\"order_number\":4,\"call_number_time\":null,\"call_times\":0,\"shop_detail_id\":null,\"data_origin\":\"0\",\"sync_state\":1,\"last_sync_time\":\"1556096252730\",\"order_pos_discount_money\":\"0\",\"member_discount_money\":\"0\",\"erase_money\":\"0\",\"reduce_money\":\"0\",\"real_erase_money\":\"0\",\"pos_discount\":\"100\",\"no_discount_money\":\"0\",\"exemption_money\":\"0\",\"need_confirm_order_item\":0,\"sauce_fee_count\":\"1\",\"sauce_fee_price\":null,\"towel_fee_count\":\"1\",\"towel_fee_price\":0,\"tableware_fee_count\":\"1\",\"tableware_fee_price\":0,\"is_use_new_service\":0,\"grant_money\":0}],\"order_item\":[{\"id\":\"428158641af64c3b9fe8d7ce45be593e\",\"order_id\":\"ec58aa2113fe45f7b48a0b599433692a\",\"article_id\":\"22d09d78c4ef4244b375de91acfa587a\",\"article_name\":\"蜜糖鸡翅(2件)\",\"count\":1,\"original_price\":1,\"no_discount_price\":null,\"unit_price\":1,\"final_price\":1,\"remark\":\"100%\",\"sort\":0,\"status\":1,\"type\":1,\"parent_id\":null,\"create_time\":\"1556096252757\",\"meal_item_id\":\"0\",\"kitchen_id\":\"\",\"recommend_id\":\"\",\"orgin_count\":1,\"refund_count\":0,\"grant_count\":0,\"meal_fee_number\":0,\"change_count\":0,\"print_fail_flag\":0,\"pos_discount\":100,\"weight\":0,\"need_remind\":0},{\"id\":\"0486cc1faca74023869f55144e687054\",\"order_id\":\"ec58aa2113fe45f7b48a0b599433692a\",\"article_id\":\"22ec4f4ec9034e018747809015dea060\",\"article_name\":\"不想吃\",\"count\":1,\"original_price\":1,\"no_discount_price\":null,\"unit_price\":1,\"final_price\":1,\"remark\":\"100%\",\"sort\":0,\"status\":1,\"type\":1,\"parent_id\":null,\"create_time\":\"1556096252763\",\"meal_item_id\":\"0\",\"kitchen_id\":\"\",\"recommend_id\":\"\",\"orgin_count\":1,\"refund_count\":0,\"grant_count\":0,\"meal_fee_number\":0,\"change_count\":0,\"print_fail_flag\":0,\"pos_discount\":100,\"weight\":0,\"need_remind\":0}]}","timestamp":"2019-04-24 16:57:32"}
{"level":"info","message":"GET /order/order_state_count 8 2019-04-24 16:57:32","timestamp":"2019-04-24 16:57:32"}
{"level":"info","message":"GET /area 6 2019-04-24 16:57:32","timestamp":"2019-04-24 16:57:32"}
{"level":"info","message":"GET /table/list 7 2019-04-24 16:57:32","timestamp":"2019-04-24 16:57:32"}
{"level":"info","message":"GET /order/detail 22 2019-04-24 16:57:32","timestamp":"2019-04-24 16:57:32"}
{"level":"info","message":"GET /order/get_order_test 4 2019-04-24 16:57:33","timestamp":"2019-04-24 16:57:33"}
{"level":"info","message":"GET /order/detail 8 2019-04-24 16:57:42","timestamp":"2019-04-24 16:57:42"}
{"level":"info","message":"GET /order/get_order_test 5 2019-04-24 16:57:42","timestamp":"2019-04-24 16:57:42"}
{"level":"info","message":"GET /order/detail 9 2019-04-24 16:57:42","timestamp":"2019-04-24 16:57:42"}
{"level":"info","message":"GET /order/get_order_test 3 2019-04-24 16:57:43","timestamp":"2019-04-24 16:57:43"}
{"level":"info","message":"GET /order/detail 8 2019-04-24 16:57:43","timestamp":"2019-04-24 16:57:43"}
{"level":"info","message":"GET /order/get_order_test 4 2019-04-24 16:57:44","timestamp":"2019-04-24 16:57:44"}
{"level":"info","message":"GET /system/info 3 2019-04-24 16:59:24","timestamp":"2019-04-24 16:59:24"}
{"level":"info","message":"GET /order/order_state_count 7 2019-04-24 16:59:25","timestamp":"2019-04-24 16:59:25"}
{"level":"info","message":"GET /area 3 2019-04-24 16:59:25","timestamp":"2019-04-24 16:59:25"}
{"level":"info","message":"GET /table/list 6 2019-04-24 16:59:25","timestamp":"2019-04-24 16:59:25"}
{"level":"info","message":"GET /order/detail 34 2019-04-24 16:59:25","timestamp":"2019-04-24 16:59:25"}
{"level":"info","message":"GET /order/get_order_test 3 2019-04-24 16:59:25","timestamp":"2019-04-24 16:59:25"}
{"level":"info","message":"GET /order/discount_info 2 2019-04-24 17:00:34","timestamp":"2019-04-24 17:00:34"}
{"level":"info","message":"GET /order/detail 15 2019-04-24 17:00:34","timestamp":"2019-04-24 17:00:34"}
{"level":"info","message":"GET /order/detail 15 2019-04-24 17:00:34","timestamp":"2019-04-24 17:00:34"}
{"level":"info","message":"GET /order/order_items 4 2019-04-24 17:00:35","timestamp":"2019-04-24 17:00:35"}
{"level":"info","message":"GET /system/info 6 2019-04-24 17:00:40","timestamp":"2019-04-24 17:00:40"}
{"level":"info","message":"GET /order/discount_info 3 2019-04-24 17:00:41","timestamp":"2019-04-24 17:00:41"}
{"level":"info","message":"GET /order/detail 20 2019-04-24 17:00:41","timestamp":"2019-04-24 17:00:41"}
{"level":"info","message":"GET /order/detail 17 2019-04-24 17:00:41","timestamp":"2019-04-24 17:00:41"}
{"level":"info","message":"GET /order/order_items 8 2019-04-24 17:00:41","timestamp":"2019-04-24 17:00:41"}
{"level":"info","message":"GET /system/info 4 2019-04-24 17:01:13","timestamp":"2019-04-24 17:01:13"}
{"level":"info","message":"GET /order/detail 7 2019-04-24 17:01:13","timestamp":"2019-04-24 17:01:13"}
{"level":"info","message":"GET /order/discount_info 2 2019-04-24 17:01:13","timestamp":"2019-04-24 17:01:13"}
{"level":"info","message":"GET /order/detail 9 2019-04-24 17:01:13","timestamp":"2019-04-24 17:01:13"}
{"level":"info","message":"GET /order/order_items 5 2019-04-24 17:01:13","timestamp":"2019-04-24 17:01:13"}
{"level":"info","message":"POST /order/discount 86 2019-04-24 17:04:24","timestamp":"2019-04-24 17:04:24"}
{"level":"info","message":"GET /order/discount_info 2 2019-04-24 17:04:24","timestamp":"2019-04-24 17:04:24"}
{"level":"info","message":"GET /order/detail 13 2019-04-24 17:04:24","timestamp":"2019-04-24 17:04:24"}
{"level":"info","message":"GET /system/info 3 2019-04-24 17:04:40","timestamp":"2019-04-24 17:04:40"}
{"level":"info","message":"GET /order/discount_info 1 2019-04-24 17:04:41","timestamp":"2019-04-24 17:04:41"}
{"level":"info","message":"GET /order/detail 15 2019-04-24 17:04:41","timestamp":"2019-04-24 17:04:41"}
{"level":"info","message":"GET /order/detail 6 2019-04-24 17:04:41","timestamp":"2019-04-24 17:04:41"}
{"level":"info","message":"GET /order/order_items 6 2019-04-24 17:04:41","timestamp":"2019-04-24 17:04:41"}
{"level":"info","message":"GET /system/info 4 2019-04-24 17:05:02","timestamp":"2019-04-24 17:05:02"}
{"level":"info","message":"GET /order/discount_info 1 2019-04-24 17:05:02","timestamp":"2019-04-24 17:05:02"}
{"level":"info","message":"GET /order/detail 14 2019-04-24 17:05:02","timestamp":"2019-04-24 17:05:02"}
{"level":"info","message":"GET /order/detail 5 2019-04-24 17:05:02","timestamp":"2019-04-24 17:05:02"}
{"level":"info","message":"GET /order/order_items 4 2019-04-24 17:05:03","timestamp":"2019-04-24 17:05:03"}
{"level":"info","message":"GET /order/order_state_count 6 2019-04-24 17:05:05","timestamp":"2019-04-24 17:05:05"}
{"level":"info","message":"GET /area 11 2019-04-24 17:05:05","timestamp":"2019-04-24 17:05:05"}
{"level":"info","message":"GET /table/list 15 2019-04-24 17:05:05","timestamp":"2019-04-24 17:05:05"}
{"level":"info","message":"GET /order/detail 7 2019-04-24 17:05:06","timestamp":"2019-04-24 17:05:06"}
{"level":"info","message":"GET /order/get_order_test 8 2019-04-24 17:05:06","timestamp":"2019-04-24 17:05:06"}
{"level":"info","message":"GET /order/discount_info 3 2019-04-24 17:05:08","timestamp":"2019-04-24 17:05:08"}
{"level":"info","message":"GET /order/order_items 13 2019-04-24 17:05:08","timestamp":"2019-04-24 17:05:08"}
{"level":"info","message":"GET /order/detail 14 2019-04-24 17:05:08","timestamp":"2019-04-24 17:05:08"}
{"level":"info","message":"GET /order/detail 8 2019-04-24 17:05:08","timestamp":"2019-04-24 17:05:08"}
{"level":"info","message":"POST /order/discount 142 2019-04-24 17:05:16","timestamp":"2019-04-24 17:05:16"}
{"level":"info","message":"GET /order/discount_info 2 2019-04-24 17:05:16","timestamp":"2019-04-24 17:05:16"}
{"level":"info","message":"GET /order/detail 12 2019-04-24 17:05:16","timestamp":"2019-04-24 17:05:16"}
{"level":"info","message":"GET /system/info 3 2019-04-24 17:05:34","timestamp":"2019-04-24 17:05:34"}
{"level":"info","message":"GET /order/discount_info 2 2019-04-24 17:05:35","timestamp":"2019-04-24 17:05:35"}
{"level":"info","message":"GET /order/detail 13 2019-04-24 17:05:35","timestamp":"2019-04-24 17:05:35"}
{"level":"info","message":"GET /order/detail 9 2019-04-24 17:05:35","timestamp":"2019-04-24 17:05:35"}
{"level":"info","message":"GET /order/order_items 6 2019-04-24 17:05:35","timestamp":"2019-04-24 17:05:35"}
{"level":"info","message":"GET /system/info 4 2019-04-24 17:05:41","timestamp":"2019-04-24 17:05:41"}
{"level":"info","message":"GET /order/discount_info 3 2019-04-24 17:05:42","timestamp":"2019-04-24 17:05:42"}
{"level":"info","message":"GET /order/detail 11 2019-04-24 17:05:42","timestamp":"2019-04-24 17:05:42"}
{"level":"info","message":"GET /order/detail 5 2019-04-24 17:05:42","timestamp":"2019-04-24 17:05:42"}
{"level":"info","message":"GET /order/order_items 5 2019-04-24 17:05:42","timestamp":"2019-04-24 17:05:42"}
{"level":"info","message":"GET /order/order_state_count 9 2019-04-24 17:05:49","timestamp":"2019-04-24 17:05:49"}
{"level":"info","message":"GET /area 6 2019-04-24 17:05:49","timestamp":"2019-04-24 17:05:49"}
{"level":"info","message":"GET /table/list 8 2019-04-24 17:05:49","timestamp":"2019-04-24 17:05:49"}
{"level":"info","message":"GET /order/detail 12 2019-04-24 17:05:50","timestamp":"2019-04-24 17:05:50"}
{"level":"info","message":"GET /order/get_order_test 3 2019-04-24 17:05:51","timestamp":"2019-04-24 17:05:51"}
{"level":"info","message":"GET /order/discount_info 2 2019-04-24 17:05:52","timestamp":"2019-04-24 17:05:52"}
{"level":"info","message":"GET /order/order_items 14 2019-04-24 17:05:52","timestamp":"2019-04-24 17:05:52"}
{"level":"info","message":"GET /order/detail 14 2019-04-24 17:05:52","timestamp":"2019-04-24 17:05:52"}
{"level":"info","message":"GET /order/detail 7 2019-04-24 17:05:52","timestamp":"2019-04-24 17:05:52"}
{"level":"info","message":"GET /order/order_state_count 9 2019-04-24 17:05:59","timestamp":"2019-04-24 17:05:59"}
{"level":"info","message":"GET /area 6 2019-04-24 17:05:59","timestamp":"2019-04-24 17:05:59"}
{"level":"info","message":"GET /table/list 8 2019-04-24 17:05:59","timestamp":"2019-04-24 17:05:59"}
{"level":"info","message":"GET /order/detail 8 2019-04-24 17:06:01","timestamp":"2019-04-24 17:06:01"}
{"level":"info","message":"GET /order/get_order_test 3 2019-04-24 17:06:01","timestamp":"2019-04-24 17:06:01"}
{"level":"info","message":"GET /order/detail 9 2019-04-24 17:06:01","timestamp":"2019-04-24 17:06:01"}
{"level":"info","message":"GET /order/get_order_test 3 2019-04-24 17:06:02","timestamp":"2019-04-24 17:06:02"}
{"level":"info","message":"GET /order/discount_info 2 2019-04-24 17:06:04","timestamp":"2019-04-24 17:06:04"}
{"level":"info","message":"GET /order/order_items 15 2019-04-24 17:06:04","timestamp":"2019-04-24 17:06:04"}
{"level":"info","message":"GET /order/detail 16 2019-04-24 17:06:04","timestamp":"2019-04-24 17:06:04"}
{"level":"info","message":"GET /order/detail 8 2019-04-24 17:06:04","timestamp":"2019-04-24 17:06:04"}
{"level":"info","message":"POST /order/discount 213 2019-04-24 17:06:17","timestamp":"2019-04-24 17:06:17"}
{"level":"info","message":"GET /order/discount_info 2 2019-04-24 17:06:17","timestamp":"2019-04-24 17:06:17"}
{"level":"info","message":"GET /order/detail 17 2019-04-24 17:06:17","timestamp":"2019-04-24 17:06:17"}
{"level":"info","message":"GET /system/info 3 2019-04-24 17:06:27","timestamp":"2019-04-24 17:06:27"}
{"level":"info","message":"GET /order/discount_info 1 2019-04-24 17:06:27","timestamp":"2019-04-24 17:06:27"}
{"level":"info","message":"GET /order/detail 11 2019-04-24 17:06:27","timestamp":"2019-04-24 17:06:27"}
{"level":"info","message":"GET /order/detail 7 2019-04-24 17:06:27","timestamp":"2019-04-24 17:06:27"}
{"level":"info","message":"GET /order/order_items 5 2019-04-24 17:06:27","timestamp":"2019-04-24 17:06:27"}
{"level":"info","message":"GET /system/info 3 2019-04-24 17:06:31","timestamp":"2019-04-24 17:06:31"}
{"level":"info","message":"GET /order/detail 10 2019-04-24 17:06:31","timestamp":"2019-04-24 17:06:31"}
{"level":"info","message":"GET /order/discount_info 3 2019-04-24 17:06:31","timestamp":"2019-04-24 17:06:31"}
{"level":"info","message":"GET /order/detail 9 2019-04-24 17:06:31","timestamp":"2019-04-24 17:06:31"}
{"level":"info","message":"GET /order/order_items 8 2019-04-24 17:06:31","timestamp":"2019-04-24 17:06:31"}
{"level":"info","message":"POST /order/discount 79 2019-04-24 17:06:40","timestamp":"2019-04-24 17:06:40"}
{"level":"info","message":"GET /order/discount_info 2 2019-04-24 17:06:40","timestamp":"2019-04-24 17:06:40"}
{"level":"info","message":"GET /order/detail 10 2019-04-24 17:06:40","timestamp":"2019-04-24 17:06:40"}
{"level":"info","message":"mqtt成功连接到：ws://test.emq.restoplus.cn:8083/mqtt","timestamp":"2019-04-24 17:15:13"}
{"level":"info","message":"订阅成功--$queue/winPos/+/2f83afee7a0e4822a6729145dd53af33/d2ff1bbb8c6f4fd8adb3949f76f8c1b6/+/+/+","timestamp":"2019-04-24 17:15:13"}
{"level":"info","message":"允许接收的平台=>posAdmin-dev,resto-dev","timestamp":"2019-04-24 17:15:13"}
{"level":"error","message":"ServiceUnavailableError: Response timeout\n    at IncomingMessage.<anonymous> (/Users/chintec/Documents/node/resto-newpos/node_modules/connect-timeout/index.js:84:8)\n    at emitOne (events.js:116:13)\n    at IncomingMessage.emit (events.js:211:7)\n    at Timeout._onTimeout (/Users/chintec/Documents/node/resto-newpos/node_modules/connect-timeout/index.js:49:11)\n    at ontimeout (timers.js:475:11)\n    at tryOnTimeout (timers.js:310:5)\n    at Timer.listOnTimeout (timers.js:270:5)","timestamp":"2019-04-24 17:15:53"}
{"level":"error","message":"resource \"GET:/8407005e4ecc048d7766.hot-update.json\" not found","timestamp":"2019-04-24 17:16:14"}
{"level":"info","message":"GET /8407005e4ecc048d7766.hot-update.json 1 2019-04-24 17:16:14","timestamp":"2019-04-24 17:16:14"}
{"level":"info","message":"GET /system/info 178 2019-04-24 17:17:14","timestamp":"2019-04-24 17:17:14"}
{"level":"info","message":"GET /order/discount_info 4 2019-04-24 17:17:14","timestamp":"2019-04-24 17:17:14"}
{"level":"info","message":"GET /order/detail 28 2019-04-24 17:17:14","timestamp":"2019-04-24 17:17:14"}
{"level":"info","message":"GET /order/detail 8 2019-04-24 17:17:14","timestamp":"2019-04-24 17:17:14"}
{"level":"info","message":"GET /order/order_items 15 2019-04-24 17:17:14","timestamp":"2019-04-24 17:17:14"}
{"level":"info","message":"GET /order/order_state_count 21 2019-04-24 17:17:18","timestamp":"2019-04-24 17:17:18"}
{"level":"info","message":"GET /area 25 2019-04-24 17:17:18","timestamp":"2019-04-24 17:17:18"}
{"level":"info","message":"GET /table/list 33 2019-04-24 17:17:18","timestamp":"2019-04-24 17:17:18"}
{"level":"info","message":"GET /system/info 68 2019-04-24 17:25:17","timestamp":"2019-04-24 17:25:17"}
{"level":"info","message":"GET /order/order_state_count 12 2019-04-24 17:25:17","timestamp":"2019-04-24 17:25:17"}
{"level":"info","message":"GET /area 15 2019-04-24 17:25:17","timestamp":"2019-04-24 17:25:17"}
{"level":"info","message":"GET /table/list 10 2019-04-24 17:25:17","timestamp":"2019-04-24 17:25:17"}
{"level":"info","message":"GET /order/detail 8 2019-04-24 17:25:28","timestamp":"2019-04-24 17:25:28"}
{"level":"info","message":"GET /order/get_order_test 33 2019-04-24 17:25:29","timestamp":"2019-04-24 17:25:29"}
{"level":"info","message":"GET /table/list 3 2019-04-24 17:25:41","timestamp":"2019-04-24 17:25:41"}
{"level":"info","message":"GET /table/list 5 2019-04-24 17:25:43","timestamp":"2019-04-24 17:25:43"}
{"level":"info","message":"GET /order/pay 6 2019-04-24 17:26:11","timestamp":"2019-04-24 17:26:11"}
{"level":"info","message":"GET /order/detail 7 2019-04-24 17:26:11","timestamp":"2019-04-24 17:26:11"}
{"level":"info","message":"GET /order/get_order_test 6 2019-04-24 17:26:11","timestamp":"2019-04-24 17:26:11"}
{"level":"info","message":"GET /table/list 5 2019-04-24 17:26:12","timestamp":"2019-04-24 17:26:12"}
