{"level":"info","message":"mqtt成功连接到：ws://test.emq.restoplus.cn:8083/mqtt","timestamp":"2019-05-07 10:32:25"}
{"level":"info","message":"订阅成功--$queue/winPos/+/2f83afee7a0e4822a6729145dd53af33/d2ff1bbb8c6f4fd8adb3949f76f8c1b6/+/+/+","timestamp":"2019-05-07 10:32:25"}
{"level":"info","message":"允许接收的平台=>posAdmin-dev,resto-dev","timestamp":"2019-05-07 10:32:25"}
{"level":"info","message":"GET /system/info 196 2019-05-07 10:34:34","timestamp":"2019-05-07 10:34:34"}
{"level":"info","message":"GET /order/order_state_count 71 2019-05-07 10:34:35","timestamp":"2019-05-07 10:34:35"}
{"level":"info","message":"GET /table/list 101 2019-05-07 10:34:35","timestamp":"2019-05-07 10:34:35"}
{"level":"info","message":"GET /area 91 2019-05-07 10:34:35","timestamp":"2019-05-07 10:34:35"}
{"level":"info","message":"GET /order/detail 123 2019-05-07 10:34:35","timestamp":"2019-05-07 10:34:35"}
{"level":"info","message":"GET /order/get_order_test 27 2019-05-07 10:34:35","timestamp":"2019-05-07 10:34:35"}
{"level":"error","message":"==mqtt==close==你已断开连接,异常退出","timestamp":"2019-05-07 13:44:55"}
{"level":"error","message":"==mqtt==reconnect==正在尝试重新连接","timestamp":"2019-05-07 13:45:10"}
{"level":"info","message":"mqtt成功连接到：ws://test.emq.restoplus.cn:8083/mqtt","timestamp":"2019-05-07 13:45:10"}
{"level":"info","message":"订阅成功--$queue/winPos/+/2f83afee7a0e4822a6729145dd53af33/d2ff1bbb8c6f4fd8adb3949f76f8c1b6/+/+/+","timestamp":"2019-05-07 13:45:10"}
{"level":"info","message":"允许接收的平台=>posAdmin-dev,resto-dev","timestamp":"2019-05-07 13:45:10"}
{"level":"info","message":"GET /system/info 18 2019-05-07 14:11:45","timestamp":"2019-05-07 14:11:45"}
{"level":"info","message":"GET /order/order_state_count 8 2019-05-07 14:11:46","timestamp":"2019-05-07 14:11:46"}
{"level":"info","message":"GET /area 7 2019-05-07 14:11:46","timestamp":"2019-05-07 14:11:46"}
{"level":"info","message":"GET /table/list 10 2019-05-07 14:11:46","timestamp":"2019-05-07 14:11:46"}
{"level":"info","message":"GET /order/wait_order 5 2019-05-07 14:11:49","timestamp":"2019-05-07 14:11:49"}
{"level":"info","message":"GET /order/detail 7 2019-05-07 14:11:49","timestamp":"2019-05-07 14:11:49"}
{"level":"info","message":"GET /order/get_order_test 3 2019-05-07 14:11:49","timestamp":"2019-05-07 14:11:49"}
{"level":"info","message":"GET /order/detail 4 2019-05-07 14:11:50","timestamp":"2019-05-07 14:11:50"}
{"level":"info","message":"GET /article/family_list 20 2019-05-07 14:11:50","timestamp":"2019-05-07 14:11:50"}
{"level":"info","message":"GET /article/article_list 88 2019-05-07 14:11:50","timestamp":"2019-05-07 14:11:50"}
{"level":"info","message":"GET /article/article_list 9 2019-05-07 14:11:53","timestamp":"2019-05-07 14:11:53"}
{"level":"info","message":"GET /article/weight_package 0 2019-05-07 14:11:54","timestamp":"2019-05-07 14:11:54"}
{"level":"info","message":"GET /article/weight_package 1 2019-05-07 14:12:05","timestamp":"2019-05-07 14:12:05"}
{"level":"info","message":"GET /article/weight_package 0 2019-05-07 14:13:29","timestamp":"2019-05-07 14:13:29"}
{"level":"info","message":"GET /order/order_state_count 6 2019-05-07 14:13:55","timestamp":"2019-05-07 14:13:55"}
{"level":"info","message":"GET /area 7 2019-05-07 14:13:55","timestamp":"2019-05-07 14:13:55"}
{"level":"info","message":"GET /table/list 10 2019-05-07 14:13:55","timestamp":"2019-05-07 14:13:55"}
{"level":"info","message":"POST /bindTable 120 2019-05-07 14:14:01","timestamp":"2019-05-07 14:14:01"}
{"level":"info","message":"GET /article/family_list 4 2019-05-07 14:14:01","timestamp":"2019-05-07 14:14:01"}
{"level":"info","message":"GET /order/detail 9 2019-05-07 14:14:01","timestamp":"2019-05-07 14:14:01"}
{"level":"info","message":"GET /article/article_list 20 2019-05-07 14:14:01","timestamp":"2019-05-07 14:14:01"}
{"level":"info","message":"POST /pushOrder 172 2019-05-07 14:14:04","timestamp":"2019-05-07 14:14:04"}
{"level":"info","message":"推送EMQ:resto-dev/2f83afee7a0e4822a6729145dd53af33/d2ff1bbb8c6f4fd8adb3949f76f8c1b6/order/creator/1a0b51c96e8b4257bceb082922a70bd9 \n {\"master_order_id\":\"1a0b51c96e8b4257bceb082922a70bd9\",\"order_arr\":[{\"id\":\"1a0b51c96e8b4257bceb082922a70bd9\",\"table_number\":\"1\",\"customer_count\":1,\"accounting_time\":\"2019-05-07\",\"order_state\":1,\"production_status\":1,\"original_amount\":2,\"order_money\":2,\"origin_money\":null,\"article_count\":2,\"serial_number\":\"201905071414011700\",\"allow_cancel\":0,\"closed\":0,\"create_time\":\"1557209641170\",\"push_order_time\":null,\"print_order_time\":\"1557209643952\",\"remark\":\"\",\"distribution_mode_id\":1,\"amount_with_children\":0,\"parent_order_id\":null,\"service_price\":0,\"is_pos_pay\":0,\"pay_type\":1,\"count_with_child\":0,\"allow_continue_order\":0,\"payment_amount\":2,\"customer_id\":\"0\",\"customer_address_id\":null,\"ver_code\":\"13050\",\"pay_mode\":0,\"meal_fee_price\":0,\"meal_all_number\":0,\"order_mode\":6,\"allow_appraise\":0,\"confirm_time\":null,\"order_number\":1,\"call_number_time\":null,\"call_times\":0,\"shop_detail_id\":\"d2ff1bbb8c6f4fd8adb3949f76f8c1b6\",\"data_origin\":\"0\",\"sync_state\":1,\"last_sync_time\":\"1557209643926\",\"order_pos_discount_money\":\"0\",\"member_discount_money\":\"0\",\"erase_money\":\"0\",\"reduce_money\":\"0\",\"real_erase_money\":\"0\",\"pos_discount\":\"100\",\"no_discount_money\":\"0\",\"exemption_money\":\"0\",\"need_confirm_order_item\":0,\"sauce_fee_count\":\"1\",\"sauce_fee_price\":null,\"towel_fee_count\":\"1\",\"towel_fee_price\":0,\"tableware_fee_count\":\"1\",\"tableware_fee_price\":0,\"is_use_new_service\":0,\"grant_money\":0}],\"order_item\":[{\"id\":\"a2fe83c75cad4135aac66a457126feba\",\"order_id\":\"1a0b51c96e8b4257bceb082922a70bd9\",\"article_id\":\"22d09d78c4ef4244b375de91acfa587a\",\"article_name\":\"蜜糖鸡翅(2件)\",\"count\":1,\"original_price\":1,\"no_discount_price\":null,\"unit_price\":1,\"final_price\":1,\"remark\":\"100%\",\"sort\":0,\"status\":1,\"type\":1,\"parent_id\":null,\"create_time\":\"1557209644029\",\"meal_item_id\":\"0\",\"kitchen_id\":\"\",\"recommend_id\":\"\",\"orgin_count\":1,\"refund_count\":0,\"grant_count\":0,\"meal_fee_number\":0,\"change_count\":0,\"print_fail_flag\":0,\"pos_discount\":100,\"weight\":0,\"need_remind\":0},{\"id\":\"0451c03e6dab48418087b0481d786366\",\"order_id\":\"1a0b51c96e8b4257bceb082922a70bd9\",\"article_id\":\"22ec4f4ec9034e018747809015dea060\",\"article_name\":\"不想吃\",\"count\":1,\"original_price\":1,\"no_discount_price\":null,\"unit_price\":1,\"final_price\":1,\"remark\":\"100%\",\"sort\":0,\"status\":1,\"type\":1,\"parent_id\":null,\"create_time\":\"1557209644074\",\"meal_item_id\":\"0\",\"kitchen_id\":\"\",\"recommend_id\":\"\",\"orgin_count\":1,\"refund_count\":0,\"grant_count\":0,\"meal_fee_number\":0,\"change_count\":0,\"print_fail_flag\":0,\"pos_discount\":100,\"weight\":0,\"need_remind\":0}]}","timestamp":"2019-05-07 14:14:04"}
{"level":"info","message":"GET /order/order_state_count 11 2019-05-07 14:14:04","timestamp":"2019-05-07 14:14:04"}
{"level":"info","message":"GET /area 8 2019-05-07 14:14:04","timestamp":"2019-05-07 14:14:04"}
{"level":"info","message":"GET /table/list 9 2019-05-07 14:14:04","timestamp":"2019-05-07 14:14:04"}
{"level":"info","message":"GET /order/detail 25 2019-05-07 14:14:04","timestamp":"2019-05-07 14:14:04"}
{"level":"info","message":"GET /order/get_order_test 4 2019-05-07 14:14:04","timestamp":"2019-05-07 14:14:04"}
{"level":"info","message":"GET /remark/order/refund 11 2019-05-07 14:14:10","timestamp":"2019-05-07 14:14:10"}
{"level":"error","message":"resource \"POST:/order/grant\" not found","timestamp":"2019-05-07 14:14:16"}
{"level":"info","message":"POST /order/grant 2 2019-05-07 14:14:16","timestamp":"2019-05-07 14:14:16"}
{"level":"info","message":"GET /article/family_list 4 2019-05-07 14:23:25","timestamp":"2019-05-07 14:23:25"}
{"level":"info","message":"GET /order/detail 12 2019-05-07 14:23:25","timestamp":"2019-05-07 14:23:25"}
{"level":"info","message":"GET /article/article_list 14 2019-05-07 14:23:25","timestamp":"2019-05-07 14:23:25"}
{"level":"info","message":"GET /article/article_list 10 2019-05-07 14:23:28","timestamp":"2019-05-07 14:23:28"}
{"level":"info","message":"GET /article/weight_package 0 2019-05-07 14:23:35","timestamp":"2019-05-07 14:23:35"}
{"level":"info","message":"mqtt成功连接到：ws://test.emq.restoplus.cn:8083/mqtt","timestamp":"2019-05-07 14:24:39"}
{"level":"info","message":"订阅成功--$queue/winPos/+/2f83afee7a0e4822a6729145dd53af33/d2ff1bbb8c6f4fd8adb3949f76f8c1b6/+/+/+","timestamp":"2019-05-07 14:24:47"}
{"level":"info","message":"允许接收的平台=>posAdmin-dev,resto-dev","timestamp":"2019-05-07 14:24:47"}
{"level":"error","message":"ServiceUnavailableError: Response timeout\n    at IncomingMessage.<anonymous> (/Users/chintec/Documents/node/resto-newpos/node_modules/connect-timeout/index.js:84:8)\n    at emitOne (events.js:116:13)\n    at IncomingMessage.emit (events.js:211:7)\n    at Timeout._onTimeout (/Users/chintec/Documents/node/resto-newpos/node_modules/connect-timeout/index.js:49:11)\n    at ontimeout (timers.js:475:11)\n    at tryOnTimeout (timers.js:310:5)\n    at Timer.listOnTimeout (timers.js:270:5)","timestamp":"2019-05-07 14:25:18"}
{"level":"error","message":"resource \"GET:/59337ca4b731721a6c56.hot-update.json\" not found","timestamp":"2019-05-07 14:25:38"}
{"level":"info","message":"GET /59337ca4b731721a6c56.hot-update.json 2 2019-05-07 14:25:38","timestamp":"2019-05-07 14:25:38"}
{"level":"info","message":"GET /system/info 157 2019-05-07 14:32:27","timestamp":"2019-05-07 14:32:27"}
{"level":"info","message":"GET /article/family_list 8 2019-05-07 14:32:27","timestamp":"2019-05-07 14:32:27"}
{"level":"info","message":"GET /order/detail 17 2019-05-07 14:32:27","timestamp":"2019-05-07 14:32:27"}
{"level":"info","message":"GET /article/article_list 73 2019-05-07 14:32:27","timestamp":"2019-05-07 14:32:27"}
{"level":"info","message":"GET /article/article_list 13 2019-05-07 14:32:30","timestamp":"2019-05-07 14:32:30"}
{"level":"info","message":"GET /article/weight_package 37 2019-05-07 14:32:30","timestamp":"2019-05-07 14:32:30"}
{"level":"info","message":"GET /article/family_list 9 2019-05-07 14:34:14","timestamp":"2019-05-07 14:34:14"}
{"level":"info","message":"GET /order/detail 18 2019-05-07 14:34:14","timestamp":"2019-05-07 14:34:14"}
{"level":"info","message":"GET /article/article_list 28 2019-05-07 14:34:14","timestamp":"2019-05-07 14:34:14"}
{"level":"info","message":"GET /article/article_list 10 2019-05-07 14:34:16","timestamp":"2019-05-07 14:34:16"}
{"level":"info","message":"GET /article/weight_package 3 2019-05-07 14:34:17","timestamp":"2019-05-07 14:34:17"}
{"level":"info","message":"GET /article/weight_package 2 2019-05-07 14:34:19","timestamp":"2019-05-07 14:34:19"}
{"level":"info","message":"GET /order/detail 4 2019-05-07 14:34:32","timestamp":"2019-05-07 14:34:32"}
{"level":"info","message":"POST /bindTable 112 2019-05-07 14:34:32","timestamp":"2019-05-07 14:34:32"}
{"level":"info","message":"POST /pushOrder 69 2019-05-07 14:34:33","timestamp":"2019-05-07 14:34:33"}
{"level":"info","message":"推送EMQ:resto-dev/2f83afee7a0e4822a6729145dd53af33/d2ff1bbb8c6f4fd8adb3949f76f8c1b6/order/creator/1a0b51c96e8b4257bceb082922a70bd9 \n {\"master_order_id\":\"1a0b51c96e8b4257bceb082922a70bd9\",\"order_arr\":[{\"id\":\"1a0b51c96e8b4257bceb082922a70bd9\",\"table_number\":\"1\",\"customer_count\":1,\"accounting_time\":\"2019-05-07\",\"order_state\":1,\"production_status\":1,\"original_amount\":2,\"order_money\":2,\"origin_money\":null,\"article_count\":2,\"serial_number\":\"201905071414011700\",\"allow_cancel\":0,\"closed\":0,\"create_time\":\"1557209641170\",\"push_order_time\":null,\"print_order_time\":\"1557209643952\",\"remark\":\"\",\"distribution_mode_id\":1,\"amount_with_children\":14,\"parent_order_id\":null,\"service_price\":0,\"is_pos_pay\":0,\"pay_type\":1,\"count_with_child\":3,\"allow_continue_order\":0,\"payment_amount\":2,\"customer_id\":\"0\",\"customer_address_id\":null,\"ver_code\":\"13050\",\"pay_mode\":0,\"meal_fee_price\":0,\"meal_all_number\":0,\"order_mode\":6,\"allow_appraise\":0,\"confirm_time\":null,\"order_number\":1,\"call_number_time\":null,\"call_times\":0,\"shop_detail_id\":\"d2ff1bbb8c6f4fd8adb3949f76f8c1b6\",\"data_origin\":\"0\",\"sync_state\":1,\"last_sync_time\":\"1557210872970\",\"order_pos_discount_money\":\"0\",\"member_discount_money\":\"0\",\"erase_money\":\"0\",\"reduce_money\":\"0\",\"real_erase_money\":\"0\",\"pos_discount\":\"100\",\"no_discount_money\":\"0\",\"exemption_money\":\"0\",\"need_confirm_order_item\":1,\"sauce_fee_count\":\"1\",\"sauce_fee_price\":null,\"towel_fee_count\":\"1\",\"towel_fee_price\":0,\"tableware_fee_count\":\"1\",\"tableware_fee_price\":0,\"is_use_new_service\":0,\"grant_money\":0},{\"id\":\"efbaf056074644b6b44ceda811348c71\",\"table_number\":\"1\",\"customer_count\":1,\"accounting_time\":\"2019-05-07\",\"order_state\":1,\"production_status\":1,\"original_amount\":1,\"order_money\":12,\"origin_money\":null,\"article_count\":1,\"serial_number\":\"201905071434328690\",\"allow_cancel\":0,\"closed\":0,\"create_time\":\"1557210872870\",\"push_order_time\":null,\"print_order_time\":\"1557210872998\",\"remark\":\"加菜\",\"distribution_mode_id\":1,\"amount_with_children\":0,\"parent_order_id\":\"1a0b51c96e8b4257bceb082922a70bd9\",\"service_price\":0,\"is_pos_pay\":0,\"pay_type\":1,\"count_with_child\":0,\"allow_continue_order\":0,\"payment_amount\":12,\"customer_id\":\"0\",\"customer_address_id\":null,\"ver_code\":\"19374\",\"pay_mode\":0,\"meal_fee_price\":0,\"meal_all_number\":0,\"order_mode\":6,\"allow_appraise\":0,\"confirm_time\":null,\"order_number\":1,\"call_number_time\":null,\"call_times\":0,\"shop_detail_id\":\"d2ff1bbb8c6f4fd8adb3949f76f8c1b6\",\"data_origin\":\"0\",\"sync_state\":1,\"last_sync_time\":\"1557210872970\",\"order_pos_discount_money\":\"0\",\"member_discount_money\":\"0\",\"erase_money\":\"0\",\"reduce_money\":\"0\",\"real_erase_money\":\"0\",\"pos_discount\":\"100\",\"no_discount_money\":\"0\",\"exemption_money\":\"0\",\"need_confirm_order_item\":1,\"sauce_fee_count\":\"1\",\"sauce_fee_price\":null,\"towel_fee_count\":\"1\",\"towel_fee_price\":0,\"tableware_fee_count\":\"1\",\"tableware_fee_price\":0,\"is_use_new_service\":0,\"grant_money\":0}],\"order_item\":[{\"id\":\"a2fe83c75cad4135aac66a457126feba\",\"order_id\":\"1a0b51c96e8b4257bceb082922a70bd9\",\"article_id\":\"22d09d78c4ef4244b375de91acfa587a\",\"article_name\":\"蜜糖鸡翅(2件)\",\"count\":1,\"original_price\":1,\"no_discount_price\":null,\"unit_price\":1,\"final_price\":1,\"remark\":\"100%\",\"sort\":0,\"status\":1,\"type\":1,\"parent_id\":null,\"create_time\":\"1557209644029\",\"meal_item_id\":\"0\",\"kitchen_id\":\"\",\"recommend_id\":\"\",\"orgin_count\":1,\"refund_count\":0,\"grant_count\":0,\"meal_fee_number\":0,\"change_count\":0,\"print_fail_flag\":0,\"pos_discount\":100,\"weight\":0,\"need_remind\":0},{\"id\":\"0451c03e6dab48418087b0481d786366\",\"order_id\":\"1a0b51c96e8b4257bceb082922a70bd9\",\"article_id\":\"22ec4f4ec9034e018747809015dea060\",\"article_name\":\"不想吃\",\"count\":1,\"original_price\":1,\"no_discount_price\":null,\"unit_price\":1,\"final_price\":1,\"remark\":\"100%\",\"sort\":0,\"status\":1,\"type\":1,\"parent_id\":null,\"create_time\":\"1557209644074\",\"meal_item_id\":\"0\",\"kitchen_id\":\"\",\"recommend_id\":\"\",\"orgin_count\":1,\"refund_count\":0,\"grant_count\":0,\"meal_fee_number\":0,\"change_count\":0,\"print_fail_flag\":0,\"pos_discount\":100,\"weight\":0,\"need_remind\":0},{\"id\":\"be10a27c28ef4a77b16dce961b5a13f9\",\"order_id\":\"efbaf056074644b6b44ceda811348c71\",\"article_id\":\"d9a01131ca1b46719c182ff1a26587f4\",\"article_name\":\"江团(1.5斤)\",\"count\":1,\"original_price\":12,\"no_discount_price\":null,\"unit_price\":12,\"final_price\":12,\"remark\":\"100%\",\"sort\":0,\"status\":1,\"type\":8,\"parent_id\":null,\"create_time\":\"1557210873011\",\"meal_item_id\":\"0\",\"kitchen_id\":\"\",\"recommend_id\":\"\",\"orgin_count\":1,\"refund_count\":0,\"grant_count\":0,\"meal_fee_number\":0,\"change_count\":0,\"print_fail_flag\":0,\"pos_discount\":100,\"weight\":1.5,\"need_remind\":1}]}","timestamp":"2019-05-07 14:34:33"}
{"level":"info","message":"GET /order/order_state_count 9 2019-05-07 14:34:33","timestamp":"2019-05-07 14:34:33"}
{"level":"info","message":"GET /area 33 2019-05-07 14:34:33","timestamp":"2019-05-07 14:34:33"}
{"level":"info","message":"GET /table/list 64 2019-05-07 14:34:33","timestamp":"2019-05-07 14:34:33"}
{"level":"info","message":"GET /order/detail 82 2019-05-07 14:34:33","timestamp":"2019-05-07 14:34:33"}
{"level":"info","message":"GET /order/get_order_test 34 2019-05-07 14:34:33","timestamp":"2019-05-07 14:34:33"}
{"level":"info","message":"GET /remark/order/refund 33 2019-05-07 14:34:37","timestamp":"2019-05-07 14:34:37"}
{"level":"info","message":"POST /order/grant 252 2019-05-07 14:34:43","timestamp":"2019-05-07 14:34:43"}
{"level":"info","message":"GET /order/detail 9 2019-05-07 14:34:43","timestamp":"2019-05-07 14:34:43"}
{"level":"error","message":"==mqtt==close==你已断开连接,异常退出","timestamp":"2019-05-07 15:08:10"}
{"level":"error","message":"==mqtt==reconnect==正在尝试重新连接","timestamp":"2019-05-07 15:08:25"}
{"level":"info","message":"mqtt成功连接到：ws://test.emq.restoplus.cn:8083/mqtt","timestamp":"2019-05-07 15:08:25"}
{"level":"info","message":"订阅成功--$queue/winPos/+/2f83afee7a0e4822a6729145dd53af33/d2ff1bbb8c6f4fd8adb3949f76f8c1b6/+/+/+","timestamp":"2019-05-07 15:08:25"}
{"level":"info","message":"允许接收的平台=>posAdmin-dev,resto-dev","timestamp":"2019-05-07 15:08:25"}
{"level":"info","message":"GET /article/family_list 5 2019-05-07 15:09:03","timestamp":"2019-05-07 15:09:03"}
{"level":"info","message":"GET /order/detail 12 2019-05-07 15:09:03","timestamp":"2019-05-07 15:09:03"}
{"level":"info","message":"GET /article/article_list 17 2019-05-07 15:09:03","timestamp":"2019-05-07 15:09:03"}
{"level":"info","message":"GET /article/article_list 17 2019-05-07 15:09:12","timestamp":"2019-05-07 15:09:12"}
{"level":"info","message":"GET /article/article_list 17 2019-05-07 15:09:13","timestamp":"2019-05-07 15:09:13"}
{"level":"info","message":"GET /article/article_list 11 2019-05-07 15:09:14","timestamp":"2019-05-07 15:09:14"}
{"level":"info","message":"GET /article/article_list 10 2019-05-07 15:09:15","timestamp":"2019-05-07 15:09:15"}
{"level":"info","message":"GET /article/article_list 8 2019-05-07 15:09:16","timestamp":"2019-05-07 15:09:16"}
{"level":"info","message":"GET /article/family_list 4 2019-05-07 15:09:24","timestamp":"2019-05-07 15:09:24"}
{"level":"info","message":"GET /article/article_list 11 2019-05-07 15:09:24","timestamp":"2019-05-07 15:09:24"}
{"level":"info","message":"GET /order/order_state_count 8 2019-05-07 15:09:26","timestamp":"2019-05-07 15:09:26"}
{"level":"info","message":"GET /area 7 2019-05-07 15:09:26","timestamp":"2019-05-07 15:09:26"}
{"level":"info","message":"GET /table/list 11 2019-05-07 15:09:26","timestamp":"2019-05-07 15:09:26"}
{"level":"info","message":"GET /order/detail 7 2019-05-07 15:09:26","timestamp":"2019-05-07 15:09:26"}
{"level":"info","message":"GET /order/get_order_test 4 2019-05-07 15:09:27","timestamp":"2019-05-07 15:09:27"}
{"level":"info","message":"GET /order/get_order_test 4 2019-05-07 15:09:27","timestamp":"2019-05-07 15:09:27"}
{"level":"info","message":"GET /article/family_list 1 2019-05-07 15:09:28","timestamp":"2019-05-07 15:09:28"}
{"level":"info","message":"GET /article/article_list 13 2019-05-07 15:09:28","timestamp":"2019-05-07 15:09:28"}
{"level":"info","message":"GET /order/order_state_count 8 2019-05-07 15:09:32","timestamp":"2019-05-07 15:09:32"}
{"level":"info","message":"GET /area 8 2019-05-07 15:09:32","timestamp":"2019-05-07 15:09:32"}
{"level":"info","message":"GET /table/list 7 2019-05-07 15:09:32","timestamp":"2019-05-07 15:09:32"}
{"level":"info","message":"GET /order/detail 6 2019-05-07 15:09:33","timestamp":"2019-05-07 15:09:33"}
{"level":"info","message":"GET /order/get_order_test 3 2019-05-07 15:09:33","timestamp":"2019-05-07 15:09:33"}
{"level":"info","message":"GET /order/get_order_test 4 2019-05-07 15:09:33","timestamp":"2019-05-07 15:09:33"}
{"level":"info","message":"GET /article/family_list 1 2019-05-07 15:09:36","timestamp":"2019-05-07 15:09:36"}
{"level":"info","message":"GET /article/article_list 10 2019-05-07 15:09:36","timestamp":"2019-05-07 15:09:36"}
{"level":"info","message":"GET /business/report 19 2019-05-07 15:09:37","timestamp":"2019-05-07 15:09:37"}
{"level":"info","message":"GET /article/family_list 1 2019-05-07 15:09:48","timestamp":"2019-05-07 15:09:48"}
{"level":"info","message":"GET /article/article_list 11 2019-05-07 15:09:48","timestamp":"2019-05-07 15:09:48"}
{"level":"info","message":"GET /order/order_state_count 8 2019-05-07 15:09:50","timestamp":"2019-05-07 15:09:50"}
{"level":"info","message":"GET /area 7 2019-05-07 15:09:50","timestamp":"2019-05-07 15:09:50"}
{"level":"info","message":"GET /table/list 8 2019-05-07 15:09:50","timestamp":"2019-05-07 15:09:50"}
{"level":"info","message":"GET /order/detail 7 2019-05-07 15:09:50","timestamp":"2019-05-07 15:09:50"}
{"level":"info","message":"GET /order/get_order_test 4 2019-05-07 15:09:50","timestamp":"2019-05-07 15:09:50"}
{"level":"info","message":"GET /order/get_order_test 5 2019-05-07 15:09:50","timestamp":"2019-05-07 15:09:50"}
{"level":"info","message":"GET /remark/order/refund 6 2019-05-07 15:10:11","timestamp":"2019-05-07 15:10:11"}
{"level":"info","message":"GET /remark/order/refund 4 2019-05-07 15:11:29","timestamp":"2019-05-07 15:11:29"}
{"level":"info","message":"GET /remark/order/refund 4 2019-05-07 15:11:46","timestamp":"2019-05-07 15:11:46"}
{"level":"info","message":"GET /order/detail 10 2019-05-07 15:12:14","timestamp":"2019-05-07 15:12:14"}
{"level":"info","message":"GET /order/discount_info 4 2019-05-07 15:12:14","timestamp":"2019-05-07 15:12:14"}
{"level":"info","message":"GET /order/detail 21 2019-05-07 15:12:14","timestamp":"2019-05-07 15:12:14"}
{"level":"info","message":"GET /order/order_items 6 2019-05-07 15:12:14","timestamp":"2019-05-07 15:12:14"}
{"level":"info","message":"GET /order/order_state_count 8 2019-05-07 15:13:15","timestamp":"2019-05-07 15:13:15"}
{"level":"info","message":"GET /area 6 2019-05-07 15:13:15","timestamp":"2019-05-07 15:13:15"}
{"level":"info","message":"GET /table/list 7 2019-05-07 15:13:15","timestamp":"2019-05-07 15:13:15"}
{"level":"info","message":"GET /order/detail 14 2019-05-07 15:13:15","timestamp":"2019-05-07 15:13:15"}
{"level":"info","message":"GET /order/get_order_test 5 2019-05-07 15:13:15","timestamp":"2019-05-07 15:13:15"}
{"level":"info","message":"GET /order/get_order_test 5 2019-05-07 15:13:15","timestamp":"2019-05-07 15:13:15"}
{"level":"info","message":"GET /order/discount_info 4 2019-05-07 15:13:17","timestamp":"2019-05-07 15:13:17"}
{"level":"info","message":"GET /order/order_items 15 2019-05-07 15:13:17","timestamp":"2019-05-07 15:13:17"}
{"level":"info","message":"GET /order/detail 16 2019-05-07 15:13:17","timestamp":"2019-05-07 15:13:17"}
{"level":"info","message":"GET /order/detail 7 2019-05-07 15:13:17","timestamp":"2019-05-07 15:13:17"}
{"level":"info","message":"GET /order/order_state_count 8 2019-05-07 15:13:40","timestamp":"2019-05-07 15:13:40"}
{"level":"info","message":"GET /area 7 2019-05-07 15:13:40","timestamp":"2019-05-07 15:13:40"}
{"level":"info","message":"GET /table/list 8 2019-05-07 15:13:40","timestamp":"2019-05-07 15:13:40"}
{"level":"info","message":"GET /order/detail 11 2019-05-07 15:13:40","timestamp":"2019-05-07 15:13:40"}
{"level":"info","message":"GET /order/get_order_test 3 2019-05-07 15:13:41","timestamp":"2019-05-07 15:13:41"}
{"level":"info","message":"GET /order/get_order_test 4 2019-05-07 15:13:41","timestamp":"2019-05-07 15:13:41"}
{"level":"info","message":"GET /order/no_pay 5 2019-05-07 15:13:45","timestamp":"2019-05-07 15:13:45"}
{"level":"info","message":"GET /order/detail 6 2019-05-07 15:13:45","timestamp":"2019-05-07 15:13:45"}
{"level":"info","message":"GET /order/get_order_test 4 2019-05-07 15:13:46","timestamp":"2019-05-07 15:13:46"}
{"level":"info","message":"GET /order/discount_info 3 2019-05-07 15:13:49","timestamp":"2019-05-07 15:13:49"}
{"level":"info","message":"GET /order/order_items 17 2019-05-07 15:13:49","timestamp":"2019-05-07 15:13:49"}
{"level":"info","message":"GET /order/detail 17 2019-05-07 15:13:49","timestamp":"2019-05-07 15:13:49"}
{"level":"info","message":"GET /order/detail 11 2019-05-07 15:13:49","timestamp":"2019-05-07 15:13:49"}
{"level":"info","message":"GET /order/order_state_count 7 2019-05-07 15:13:54","timestamp":"2019-05-07 15:13:54"}
{"level":"info","message":"GET /area 6 2019-05-07 15:13:54","timestamp":"2019-05-07 15:13:54"}
{"level":"info","message":"GET /table/list 7 2019-05-07 15:13:54","timestamp":"2019-05-07 15:13:54"}
{"level":"info","message":"GET /order/detail 7 2019-05-07 15:13:55","timestamp":"2019-05-07 15:13:55"}
{"level":"info","message":"GET /order/get_order_test 3 2019-05-07 15:13:55","timestamp":"2019-05-07 15:13:55"}
{"level":"info","message":"GET /order/get_order_test 3 2019-05-07 15:13:55","timestamp":"2019-05-07 15:13:55"}
{"level":"info","message":"GET /order/discount_info 3 2019-05-07 15:14:00","timestamp":"2019-05-07 15:14:00"}
{"level":"info","message":"GET /order/order_items 18 2019-05-07 15:14:00","timestamp":"2019-05-07 15:14:00"}
{"level":"info","message":"GET /order/detail 18 2019-05-07 15:14:00","timestamp":"2019-05-07 15:14:00"}
{"level":"info","message":"GET /order/detail 10 2019-05-07 15:14:00","timestamp":"2019-05-07 15:14:00"}
{"level":"info","message":"GET /article/family_list 1 2019-05-07 15:14:14","timestamp":"2019-05-07 15:14:14"}
{"level":"info","message":"GET /article/article_list 12 2019-05-07 15:14:14","timestamp":"2019-05-07 15:14:14"}
{"level":"info","message":"GET /article/article_list 7 2019-05-07 15:14:23","timestamp":"2019-05-07 15:14:23"}
{"level":"info","message":"GET /article/article_list 6 2019-05-07 15:14:24","timestamp":"2019-05-07 15:14:24"}
{"level":"info","message":"GET /article/article_list 8 2019-05-07 15:14:24","timestamp":"2019-05-07 15:14:24"}
{"level":"info","message":"GET /article/article_list 8 2019-05-07 15:14:27","timestamp":"2019-05-07 15:14:27"}
{"level":"info","message":"GET /article/article_list 19 2019-05-07 15:14:27","timestamp":"2019-05-07 15:14:27"}
{"level":"info","message":"GET /article/article_list 7 2019-05-07 15:14:28","timestamp":"2019-05-07 15:14:28"}
{"level":"info","message":"GET /article/article_list 12 2019-05-07 15:14:29","timestamp":"2019-05-07 15:14:29"}
{"level":"info","message":"GET /order/order_state_count 10 2019-05-07 15:14:36","timestamp":"2019-05-07 15:14:36"}
{"level":"info","message":"GET /area 8 2019-05-07 15:14:36","timestamp":"2019-05-07 15:14:36"}
{"level":"info","message":"GET /table/list 8 2019-05-07 15:14:36","timestamp":"2019-05-07 15:14:36"}
{"level":"info","message":"GET /order/detail 7 2019-05-07 15:14:36","timestamp":"2019-05-07 15:14:36"}
{"level":"info","message":"GET /order/get_order_test 5 2019-05-07 15:14:36","timestamp":"2019-05-07 15:14:36"}
{"level":"info","message":"GET /order/get_order_test 4 2019-05-07 15:14:36","timestamp":"2019-05-07 15:14:36"}
{"level":"info","message":"GET /system/info 5 2019-05-07 15:23:06","timestamp":"2019-05-07 15:23:06"}
{"level":"info","message":"GET /order/order_state_count 6 2019-05-07 15:23:06","timestamp":"2019-05-07 15:23:06"}
{"level":"info","message":"GET /area 7 2019-05-07 15:23:06","timestamp":"2019-05-07 15:23:06"}
{"level":"info","message":"GET /table/list 6 2019-05-07 15:23:06","timestamp":"2019-05-07 15:23:06"}
{"level":"info","message":"GET /order/detail 26 2019-05-07 15:23:06","timestamp":"2019-05-07 15:23:06"}
{"level":"info","message":"GET /order/get_order_test 4 2019-05-07 15:23:07","timestamp":"2019-05-07 15:23:07"}
{"level":"info","message":"GET /system/info 4 2019-05-07 15:23:47","timestamp":"2019-05-07 15:23:47"}
{"level":"info","message":"GET /order/order_state_count 7 2019-05-07 15:23:47","timestamp":"2019-05-07 15:23:47"}
{"level":"info","message":"GET /area 8 2019-05-07 15:23:47","timestamp":"2019-05-07 15:23:47"}
{"level":"info","message":"GET /table/list 10 2019-05-07 15:23:47","timestamp":"2019-05-07 15:23:47"}
{"level":"info","message":"GET /order/detail 25 2019-05-07 15:23:47","timestamp":"2019-05-07 15:23:47"}
{"level":"info","message":"GET /order/get_order_test 5 2019-05-07 15:23:48","timestamp":"2019-05-07 15:23:48"}
{"level":"info","message":"GET /system/info 4 2019-05-07 15:24:17","timestamp":"2019-05-07 15:24:17"}
{"level":"info","message":"GET /order/order_state_count 6 2019-05-07 15:24:18","timestamp":"2019-05-07 15:24:18"}
{"level":"info","message":"GET /order/detail 8 2019-05-07 15:24:18","timestamp":"2019-05-07 15:24:18"}
{"level":"info","message":"GET /area 4 2019-05-07 15:24:18","timestamp":"2019-05-07 15:24:18"}
{"level":"info","message":"GET /table/list 4 2019-05-07 15:24:18","timestamp":"2019-05-07 15:24:18"}
{"level":"info","message":"GET /order/get_order_test 8 2019-05-07 15:24:18","timestamp":"2019-05-07 15:24:18"}
{"level":"info","message":"GET /system/info 16 2019-05-07 15:24:45","timestamp":"2019-05-07 15:24:45"}
{"level":"info","message":"GET /order/order_state_count 7 2019-05-07 15:24:46","timestamp":"2019-05-07 15:24:46"}
{"level":"info","message":"GET /area 3 2019-05-07 15:24:46","timestamp":"2019-05-07 15:24:46"}
{"level":"info","message":"GET /order/detail 14 2019-05-07 15:24:46","timestamp":"2019-05-07 15:24:46"}
{"level":"info","message":"GET /table/list 4 2019-05-07 15:24:46","timestamp":"2019-05-07 15:24:46"}
{"level":"info","message":"GET /order/get_order_test 4 2019-05-07 15:24:46","timestamp":"2019-05-07 15:24:46"}
{"level":"info","message":"DELETE /user/logout 2 2019-05-07 15:24:49","timestamp":"2019-05-07 15:24:49"}
{"level":"info","message":"GET /user/normal/list 3 2019-05-07 15:24:49","timestamp":"2019-05-07 15:24:49"}
{"level":"info","message":"POST /user/login 36 2019-05-07 15:24:55","timestamp":"2019-05-07 15:24:55"}
{"level":"info","message":"GET /order/order_state_count 9 2019-05-07 15:24:55","timestamp":"2019-05-07 15:24:55"}
{"level":"info","message":"GET /area 5 2019-05-07 15:24:55","timestamp":"2019-05-07 15:24:55"}
{"level":"info","message":"GET /table/list 5 2019-05-07 15:24:55","timestamp":"2019-05-07 15:24:55"}
{"level":"info","message":"GET /order/detail 8 2019-05-07 15:24:55","timestamp":"2019-05-07 15:24:55"}
{"level":"info","message":"GET /order/get_order_test 4 2019-05-07 15:24:55","timestamp":"2019-05-07 15:24:55"}
{"level":"info","message":"GET /order/get_order_test 4 2019-05-07 15:24:56","timestamp":"2019-05-07 15:24:56"}
{"level":"info","message":"GET /system/info 8 2019-05-07 15:33:25","timestamp":"2019-05-07 15:33:25"}
{"level":"info","message":"GET /order/order_state_count 7 2019-05-07 15:33:26","timestamp":"2019-05-07 15:33:26"}
{"level":"info","message":"GET /area 6 2019-05-07 15:33:26","timestamp":"2019-05-07 15:33:26"}
{"level":"info","message":"GET /table/list 7 2019-05-07 15:33:26","timestamp":"2019-05-07 15:33:26"}
{"level":"info","message":"GET /order/detail 19 2019-05-07 15:33:26","timestamp":"2019-05-07 15:33:26"}
{"level":"info","message":"GET /order/get_order_test 3 2019-05-07 15:33:26","timestamp":"2019-05-07 15:33:26"}
{"level":"info","message":"开始更新数据","timestamp":"2019-05-07 15:33:30"}
{"level":"info","message":"GET /order/detail 12 2019-05-07 15:33:30","timestamp":"2019-05-07 15:33:30"}
{"level":"info","message":"GET /order/get_order_test 60 2019-05-07 15:33:30","timestamp":"2019-05-07 15:33:30"}
{"level":"info","message":"更新数据完成","timestamp":"2019-05-07 15:33:36"}
{"level":"info","message":"GET /system/info 4 2019-05-07 17:24:54","timestamp":"2019-05-07 17:24:54"}
{"level":"info","message":"GET /user/normal/list 2 2019-05-07 17:24:55","timestamp":"2019-05-07 17:24:55"}
{"level":"info","message":"GET /user/normal/list 2 2019-05-07 17:25:01","timestamp":"2019-05-07 17:25:01"}
{"level":"info","message":"POST /user/login 57 2019-05-07 17:25:05","timestamp":"2019-05-07 17:25:05"}
{"level":"info","message":"GET /system/info 3 2019-05-07 17:25:05","timestamp":"2019-05-07 17:25:05"}
{"level":"info","message":"GET /order/order_state_count 6 2019-05-07 17:25:05","timestamp":"2019-05-07 17:25:05"}
{"level":"info","message":"GET /area 3 2019-05-07 17:25:05","timestamp":"2019-05-07 17:25:05"}
{"level":"info","message":"GET /table/list 5 2019-05-07 17:25:05","timestamp":"2019-05-07 17:25:05"}
{"level":"info","message":"GET /order/detail 6 2019-05-07 17:25:06","timestamp":"2019-05-07 17:25:06"}
{"level":"info","message":"GET /order/get_order_test 4 2019-05-07 17:25:06","timestamp":"2019-05-07 17:25:06"}
{"level":"info","message":"GET /order/get_order_test 3 2019-05-07 17:25:06","timestamp":"2019-05-07 17:25:06"}
{"level":"info","message":"GET /system/info 3 2019-05-07 17:25:19","timestamp":"2019-05-07 17:25:19"}
{"level":"info","message":"GET /order/order_state_count 7 2019-05-07 17:25:19","timestamp":"2019-05-07 17:25:19"}
{"level":"info","message":"GET /area 1 2019-05-07 17:25:19","timestamp":"2019-05-07 17:25:19"}
{"level":"info","message":"GET /order/detail 13 2019-05-07 17:25:19","timestamp":"2019-05-07 17:25:19"}
{"level":"info","message":"GET /table/list 5 2019-05-07 17:25:19","timestamp":"2019-05-07 17:25:19"}
{"level":"info","message":"GET /order/get_order_test 6 2019-05-07 17:25:20","timestamp":"2019-05-07 17:25:20"}
{"level":"info","message":"GET /system/info 4 2019-05-07 17:25:38","timestamp":"2019-05-07 17:25:38"}
{"level":"info","message":"GET /order/order_state_count 5 2019-05-07 17:25:38","timestamp":"2019-05-07 17:25:38"}
{"level":"info","message":"GET /area 2 2019-05-07 17:25:38","timestamp":"2019-05-07 17:25:38"}
{"level":"info","message":"GET /order/detail 11 2019-05-07 17:25:38","timestamp":"2019-05-07 17:25:38"}
{"level":"info","message":"GET /table/list 6 2019-05-07 17:25:38","timestamp":"2019-05-07 17:25:38"}
{"level":"info","message":"GET /order/get_order_test 3 2019-05-07 17:25:39","timestamp":"2019-05-07 17:25:39"}
{"level":"info","message":"GET /system/info 6 2019-05-07 17:26:03","timestamp":"2019-05-07 17:26:03"}
{"level":"info","message":"GET /order/order_state_count 5 2019-05-07 17:26:03","timestamp":"2019-05-07 17:26:03"}
{"level":"info","message":"GET /area 2 2019-05-07 17:26:03","timestamp":"2019-05-07 17:26:03"}
{"level":"info","message":"GET /order/detail 13 2019-05-07 17:26:03","timestamp":"2019-05-07 17:26:03"}
{"level":"info","message":"GET /table/list 5 2019-05-07 17:26:03","timestamp":"2019-05-07 17:26:03"}
{"level":"info","message":"GET /order/get_order_test 4 2019-05-07 17:26:04","timestamp":"2019-05-07 17:26:04"}
{"level":"info","message":"GET /order/order_state_count 19 2019-05-07 17:29:25","timestamp":"2019-05-07 17:29:25"}
{"level":"info","message":"GET /area 17 2019-05-07 17:29:25","timestamp":"2019-05-07 17:29:25"}
{"level":"info","message":"GET /table/list 14 2019-05-07 17:29:25","timestamp":"2019-05-07 17:29:25"}
{"level":"info","message":"GET /order/detail 33 2019-05-07 17:29:25","timestamp":"2019-05-07 17:29:25"}
{"level":"info","message":"GET /order/get_order_test 3 2019-05-07 17:29:26","timestamp":"2019-05-07 17:29:26"}
{"level":"info","message":"GET /system/info 4 2019-05-07 17:29:29","timestamp":"2019-05-07 17:29:29"}
{"level":"info","message":"GET /order/order_state_count 7 2019-05-07 17:29:30","timestamp":"2019-05-07 17:29:30"}
{"level":"info","message":"GET /area 3 2019-05-07 17:29:30","timestamp":"2019-05-07 17:29:30"}
{"level":"info","message":"GET /order/detail 11 2019-05-07 17:29:30","timestamp":"2019-05-07 17:29:30"}
{"level":"info","message":"GET /table/list 4 2019-05-07 17:29:30","timestamp":"2019-05-07 17:29:30"}
{"level":"info","message":"GET /order/get_order_test 4 2019-05-07 17:29:30","timestamp":"2019-05-07 17:29:30"}
{"level":"info","message":"GET /system/info 6 2019-05-07 17:31:03","timestamp":"2019-05-07 17:31:03"}
{"level":"info","message":"GET /order/order_state_count 6 2019-05-07 17:31:04","timestamp":"2019-05-07 17:31:04"}
{"level":"info","message":"GET /area 1 2019-05-07 17:31:04","timestamp":"2019-05-07 17:31:04"}
{"level":"info","message":"GET /order/detail 14 2019-05-07 17:31:04","timestamp":"2019-05-07 17:31:04"}
{"level":"info","message":"GET /table/list 5 2019-05-07 17:31:04","timestamp":"2019-05-07 17:31:04"}
{"level":"info","message":"GET /order/get_order_test 5 2019-05-07 17:31:04","timestamp":"2019-05-07 17:31:04"}
{"level":"info","message":"DELETE /user/logout 1 2019-05-07 17:31:05","timestamp":"2019-05-07 17:31:05"}
{"level":"info","message":"GET /user/normal/list 2 2019-05-07 17:31:05","timestamp":"2019-05-07 17:31:05"}
{"level":"info","message":"GET /user/normal/list 2 2019-05-07 17:31:54","timestamp":"2019-05-07 17:31:54"}
{"level":"info","message":"GET /user/normal/list 7 2019-05-07 17:32:14","timestamp":"2019-05-07 17:32:14"}
{"level":"info","message":"GET /user/normal/list 3 2019-05-07 17:35:56","timestamp":"2019-05-07 17:35:56"}
{"level":"info","message":"POST /user/login 83 2019-05-07 17:36:00","timestamp":"2019-05-07 17:36:00"}
{"level":"info","message":"GET /system/info 6 2019-05-07 17:36:00","timestamp":"2019-05-07 17:36:00"}
{"level":"info","message":"GET /order/order_state_count 5 2019-05-07 17:36:00","timestamp":"2019-05-07 17:36:00"}
{"level":"info","message":"GET /area 1 2019-05-07 17:36:00","timestamp":"2019-05-07 17:36:00"}
{"level":"info","message":"GET /table/list 5 2019-05-07 17:36:00","timestamp":"2019-05-07 17:36:00"}
{"level":"info","message":"GET /order/detail 8 2019-05-07 17:36:01","timestamp":"2019-05-07 17:36:01"}
{"level":"info","message":"GET /order/get_order_test 6 2019-05-07 17:36:01","timestamp":"2019-05-07 17:36:01"}
{"level":"info","message":"GET /order/get_order_test 5 2019-05-07 17:36:01","timestamp":"2019-05-07 17:36:01"}
{"level":"info","message":"开始更新数据","timestamp":"2019-05-07 17:36:15"}
{"level":"info","message":"GET /order/detail 7 2019-05-07 17:36:15","timestamp":"2019-05-07 17:36:15"}
{"level":"info","message":"GET /order/get_order_test 19 2019-05-07 17:36:15","timestamp":"2019-05-07 17:36:15"}
{"level":"info","message":"更新数据完成","timestamp":"2019-05-07 17:36:20"}
{"level":"info","message":"开始更新数据","timestamp":"2019-05-07 17:42:41"}
{"level":"info","message":"更新数据完成","timestamp":"2019-05-07 17:42:45"}
{"level":"info","message":"开始更新数据","timestamp":"2019-05-07 17:43:03"}
{"level":"info","message":"更新数据完成","timestamp":"2019-05-07 17:43:07"}
{"level":"info","message":"GET /system/info 4 2019-05-07 17:43:11","timestamp":"2019-05-07 17:43:11"}
{"level":"info","message":"GET /user/normal/list 1 2019-05-07 17:43:12","timestamp":"2019-05-07 17:43:12"}
{"level":"info","message":"GET /user/normal/list 1 2019-05-07 17:43:14","timestamp":"2019-05-07 17:43:14"}
{"level":"info","message":"POST /user/login 7 2019-05-07 17:43:18","timestamp":"2019-05-07 17:43:18"}
{"level":"info","message":"GET /system/info 3 2019-05-07 17:43:18","timestamp":"2019-05-07 17:43:18"}
{"level":"info","message":"GET /order/order_state_count 5 2019-05-07 17:43:18","timestamp":"2019-05-07 17:43:18"}
{"level":"info","message":"GET /area 4 2019-05-07 17:43:18","timestamp":"2019-05-07 17:43:18"}
{"level":"info","message":"GET /table/list 5 2019-05-07 17:43:18","timestamp":"2019-05-07 17:43:18"}
{"level":"info","message":"GET /order/detail 7 2019-05-07 17:43:18","timestamp":"2019-05-07 17:43:18"}
{"level":"info","message":"GET /order/get_order_test 3 2019-05-07 17:43:18","timestamp":"2019-05-07 17:43:18"}
{"level":"info","message":"GET /order/get_order_test 3 2019-05-07 17:43:19","timestamp":"2019-05-07 17:43:19"}
{"level":"info","message":"开始更新数据","timestamp":"2019-05-07 17:43:20"}
{"level":"info","message":"GET /order/detail 9 2019-05-07 17:43:20","timestamp":"2019-05-07 17:43:20"}
{"level":"info","message":"GET /order/get_order_test 109 2019-05-07 17:43:20","timestamp":"2019-05-07 17:43:20"}
{"level":"info","message":"更新数据完成","timestamp":"2019-05-07 17:43:24"}
{"level":"info","message":"GET /system/info 6 2019-05-07 17:44:03","timestamp":"2019-05-07 17:44:03"}
{"level":"info","message":"GET /user/normal/list 3 2019-05-07 17:44:03","timestamp":"2019-05-07 17:44:03"}
{"level":"info","message":"GET /user/normal/list 1 2019-05-07 17:44:05","timestamp":"2019-05-07 17:44:05"}
{"level":"info","message":"POST /user/login 47 2019-05-07 17:44:10","timestamp":"2019-05-07 17:44:10"}
{"level":"info","message":"GET /system/info 3 2019-05-07 17:44:10","timestamp":"2019-05-07 17:44:10"}
{"level":"info","message":"GET /order/order_state_count 6 2019-05-07 17:44:10","timestamp":"2019-05-07 17:44:10"}
{"level":"info","message":"GET /area 7 2019-05-07 17:44:10","timestamp":"2019-05-07 17:44:10"}
{"level":"info","message":"GET /table/list 6 2019-05-07 17:44:10","timestamp":"2019-05-07 17:44:10"}
{"level":"info","message":"GET /order/detail 6 2019-05-07 17:44:10","timestamp":"2019-05-07 17:44:10"}
{"level":"info","message":"GET /order/get_order_test 3 2019-05-07 17:44:11","timestamp":"2019-05-07 17:44:11"}
{"level":"info","message":"GET /order/get_order_test 4 2019-05-07 17:44:11","timestamp":"2019-05-07 17:44:11"}
{"level":"info","message":"开始更新数据","timestamp":"2019-05-07 17:44:11"}
{"level":"info","message":"GET /order/detail 6 2019-05-07 17:44:11","timestamp":"2019-05-07 17:44:11"}
{"level":"info","message":"GET /order/get_order_test 209 2019-05-07 17:44:12","timestamp":"2019-05-07 17:44:12"}
{"level":"info","message":"更新数据完成","timestamp":"2019-05-07 17:44:16"}
{"level":"info","message":"GET /system/info 3 2019-05-07 17:45:04","timestamp":"2019-05-07 17:45:04"}
{"level":"info","message":"GET /user/normal/list 2 2019-05-07 17:45:04","timestamp":"2019-05-07 17:45:04"}
{"level":"info","message":"GET /user/normal/list 1 2019-05-07 17:45:06","timestamp":"2019-05-07 17:45:06"}
{"level":"info","message":"POST /user/login 149 2019-05-07 17:45:10","timestamp":"2019-05-07 17:45:10"}
{"level":"info","message":"GET /system/info 4 2019-05-07 17:45:10","timestamp":"2019-05-07 17:45:10"}
{"level":"info","message":"GET /order/order_state_count 5 2019-05-07 17:45:10","timestamp":"2019-05-07 17:45:10"}
{"level":"info","message":"GET /area 6 2019-05-07 17:45:10","timestamp":"2019-05-07 17:45:10"}
{"level":"info","message":"GET /table/list 8 2019-05-07 17:45:10","timestamp":"2019-05-07 17:45:10"}
{"level":"info","message":"GET /order/detail 7 2019-05-07 17:45:10","timestamp":"2019-05-07 17:45:10"}
{"level":"info","message":"GET /order/get_order_test 3 2019-05-07 17:45:11","timestamp":"2019-05-07 17:45:11"}
{"level":"info","message":"GET /order/get_order_test 5 2019-05-07 17:45:11","timestamp":"2019-05-07 17:45:11"}
{"level":"info","message":"开始更新数据","timestamp":"2019-05-07 17:45:13"}
{"level":"info","message":"GET /order/detail 7 2019-05-07 17:45:13","timestamp":"2019-05-07 17:45:13"}
{"level":"info","message":"GET /order/get_order_test 17 2019-05-07 17:45:14","timestamp":"2019-05-07 17:45:14"}
{"level":"info","message":"更新数据完成","timestamp":"2019-05-07 17:45:17"}
{"level":"info","message":"开始更新数据","timestamp":"2019-05-07 17:46:03"}
{"level":"info","message":"GET /system/info 8 2019-05-07 17:46:07","timestamp":"2019-05-07 17:46:07"}
{"level":"info","message":"更新数据完成","timestamp":"2019-05-07 17:46:07"}
{"level":"info","message":"GET /order/order_state_count 5 2019-05-07 17:46:07","timestamp":"2019-05-07 17:46:07"}
{"level":"info","message":"GET /area 2 2019-05-07 17:46:07","timestamp":"2019-05-07 17:46:07"}
{"level":"info","message":"GET /order/detail 12 2019-05-07 17:46:07","timestamp":"2019-05-07 17:46:07"}
{"level":"info","message":"GET /table/list 29 2019-05-07 17:46:07","timestamp":"2019-05-07 17:46:07"}
{"level":"info","message":"GET /order/get_order_test 5 2019-05-07 17:46:07","timestamp":"2019-05-07 17:46:07"}
{"level":"info","message":"GET /user/normal/list 2 2019-05-07 17:46:08","timestamp":"2019-05-07 17:46:08"}
{"level":"info","message":"GET /user/normal/list 1 2019-05-07 17:46:10","timestamp":"2019-05-07 17:46:10"}
{"level":"info","message":"POST /user/login 6 2019-05-07 17:46:13","timestamp":"2019-05-07 17:46:13"}
{"level":"info","message":"GET /system/info 6 2019-05-07 17:46:13","timestamp":"2019-05-07 17:46:13"}
{"level":"info","message":"GET /order/order_state_count 6 2019-05-07 17:46:13","timestamp":"2019-05-07 17:46:13"}
{"level":"info","message":"GET /area 6 2019-05-07 17:46:13","timestamp":"2019-05-07 17:46:13"}
{"level":"info","message":"GET /table/list 6 2019-05-07 17:46:13","timestamp":"2019-05-07 17:46:13"}
{"level":"info","message":"GET /order/detail 5 2019-05-07 17:46:13","timestamp":"2019-05-07 17:46:13"}
{"level":"info","message":"GET /order/get_order_test 3 2019-05-07 17:46:14","timestamp":"2019-05-07 17:46:14"}
{"level":"info","message":"GET /order/get_order_test 4 2019-05-07 17:46:14","timestamp":"2019-05-07 17:46:14"}
{"level":"info","message":"开始更新数据","timestamp":"2019-05-07 17:46:14"}
{"level":"info","message":"GET /order/detail 5 2019-05-07 17:46:14","timestamp":"2019-05-07 17:46:14"}
{"level":"info","message":"GET /order/get_order_test 18 2019-05-07 17:46:15","timestamp":"2019-05-07 17:46:15"}
{"level":"info","message":"更新数据完成","timestamp":"2019-05-07 17:46:18"}
{"level":"info","message":"GET /system/info 109 2019-05-07 17:49:54","timestamp":"2019-05-07 17:49:54"}
{"level":"info","message":"GET /order/order_state_count 16 2019-05-07 17:49:54","timestamp":"2019-05-07 17:49:54"}
{"level":"info","message":"GET /area 10 2019-05-07 17:49:54","timestamp":"2019-05-07 17:49:54"}
{"level":"info","message":"GET /table/list 12 2019-05-07 17:49:54","timestamp":"2019-05-07 17:49:54"}
{"level":"info","message":"GET /order/detail 22 2019-05-07 17:49:54","timestamp":"2019-05-07 17:49:54"}
{"level":"info","message":"GET /user/normal/list 1 2019-05-07 17:49:55","timestamp":"2019-05-07 17:49:55"}
{"level":"info","message":"GET /user/normal/list 2 2019-05-07 17:50:12","timestamp":"2019-05-07 17:50:12"}
{"level":"info","message":"GET /user/normal/list 2 2019-05-07 17:51:11","timestamp":"2019-05-07 17:51:11"}
{"level":"info","message":"GET /user/normal/list 2 2019-05-07 17:52:04","timestamp":"2019-05-07 17:52:04"}
{"level":"info","message":"GET /user/normal/list 2 2019-05-07 17:52:49","timestamp":"2019-05-07 17:52:49"}
{"level":"info","message":"GET /user/normal/list 4 2019-05-07 17:53:35","timestamp":"2019-05-07 17:53:35"}
{"level":"info","message":"GET /user/normal/list 4 2019-05-07 17:55:11","timestamp":"2019-05-07 17:55:11"}
{"level":"info","message":"GET /user/normal/list 2 2019-05-07 17:56:49","timestamp":"2019-05-07 17:56:49"}
{"level":"info","message":"POST /user/login 10 2019-05-07 17:59:14","timestamp":"2019-05-07 17:59:14"}
{"level":"info","message":"GET /system/info 6 2019-05-07 17:59:14","timestamp":"2019-05-07 17:59:14"}
{"level":"info","message":"GET /order/order_state_count 6 2019-05-07 17:59:14","timestamp":"2019-05-07 17:59:14"}
{"level":"info","message":"GET /area 4 2019-05-07 17:59:14","timestamp":"2019-05-07 17:59:14"}
{"level":"info","message":"GET /table/list 5 2019-05-07 17:59:14","timestamp":"2019-05-07 17:59:14"}
{"level":"info","message":"GET /order/detail 7 2019-05-07 17:59:14","timestamp":"2019-05-07 17:59:14"}
{"level":"info","message":"GET /order/get_order_test 4 2019-05-07 17:59:14","timestamp":"2019-05-07 17:59:14"}
{"level":"info","message":"GET /order/get_order_test 3 2019-05-07 17:59:15","timestamp":"2019-05-07 17:59:15"}
{"level":"info","message":"开始更新数据","timestamp":"2019-05-07 17:59:17"}
{"level":"info","message":"GET /order/detail 12 2019-05-07 17:59:17","timestamp":"2019-05-07 17:59:17"}
{"level":"info","message":"GET /order/get_order_test 23 2019-05-07 17:59:17","timestamp":"2019-05-07 17:59:17"}
{"level":"info","message":"更新数据完成","timestamp":"2019-05-07 17:59:21"}
{"level":"info","message":"GET /system/info 4 2019-05-07 17:59:59","timestamp":"2019-05-07 17:59:59"}
{"level":"info","message":"GET /user/normal/list 1 2019-05-07 17:59:59","timestamp":"2019-05-07 17:59:59"}
{"level":"info","message":"GET /user/normal/list 3 2019-05-07 18:07:11","timestamp":"2019-05-07 18:07:11"}
{"level":"info","message":"POST /user/login 91 2019-05-07 18:07:29","timestamp":"2019-05-07 18:07:29"}
{"level":"info","message":"GET /system/info 5 2019-05-07 18:07:29","timestamp":"2019-05-07 18:07:29"}
{"level":"info","message":"GET /order/order_state_count 6 2019-05-07 18:07:29","timestamp":"2019-05-07 18:07:29"}
{"level":"info","message":"GET /area 4 2019-05-07 18:07:29","timestamp":"2019-05-07 18:07:29"}
{"level":"info","message":"GET /table/list 5 2019-05-07 18:07:30","timestamp":"2019-05-07 18:07:30"}
{"level":"info","message":"GET /order/detail 7 2019-05-07 18:07:30","timestamp":"2019-05-07 18:07:30"}
{"level":"info","message":"GET /order/get_order_test 11 2019-05-07 18:07:31","timestamp":"2019-05-07 18:07:31"}
{"level":"info","message":"开始更新数据","timestamp":"2019-05-07 18:07:34"}
{"level":"info","message":"GET /order/detail 11 2019-05-07 18:07:34","timestamp":"2019-05-07 18:07:34"}
{"level":"info","message":"GET /order/get_order_test 23 2019-05-07 18:07:35","timestamp":"2019-05-07 18:07:35"}
{"level":"info","message":"更新数据完成","timestamp":"2019-05-07 18:07:38"}
{"level":"info","message":"GET /system/info 3 2019-05-07 18:08:13","timestamp":"2019-05-07 18:08:13"}
{"level":"info","message":"GET /user/normal/list 2 2019-05-07 18:08:18","timestamp":"2019-05-07 18:08:18"}
{"level":"info","message":"POST /user/login 98 2019-05-07 18:08:22","timestamp":"2019-05-07 18:08:22"}
{"level":"info","message":"GET /system/info 4 2019-05-07 18:08:22","timestamp":"2019-05-07 18:08:22"}
{"level":"info","message":"GET /order/order_state_count 5 2019-05-07 18:08:22","timestamp":"2019-05-07 18:08:22"}
{"level":"info","message":"GET /area 6 2019-05-07 18:08:22","timestamp":"2019-05-07 18:08:22"}
{"level":"info","message":"GET /table/list 6 2019-05-07 18:08:22","timestamp":"2019-05-07 18:08:22"}
{"level":"info","message":"GET /order/detail 5 2019-05-07 18:08:23","timestamp":"2019-05-07 18:08:23"}
{"level":"info","message":"GET /order/get_order_test 3 2019-05-07 18:08:23","timestamp":"2019-05-07 18:08:23"}
{"level":"info","message":"GET /order/get_order_test 4 2019-05-07 18:08:23","timestamp":"2019-05-07 18:08:23"}
{"level":"info","message":"开始更新数据","timestamp":"2019-05-07 18:08:24"}
{"level":"info","message":"GET /order/detail 7 2019-05-07 18:08:24","timestamp":"2019-05-07 18:08:24"}
{"level":"info","message":"GET /order/get_order_test 20 2019-05-07 18:08:25","timestamp":"2019-05-07 18:08:25"}
{"level":"info","message":"更新数据完成","timestamp":"2019-05-07 18:08:28"}
{"level":"info","message":"GET /system/info 7 2019-05-07 18:09:59","timestamp":"2019-05-07 18:09:59"}
{"level":"info","message":"GET /user/normal/list 3 2019-05-07 18:10:01","timestamp":"2019-05-07 18:10:01"}
{"level":"info","message":"POST /user/login 6 2019-05-07 18:10:05","timestamp":"2019-05-07 18:10:05"}
{"level":"info","message":"GET /system/info 5 2019-05-07 18:10:05","timestamp":"2019-05-07 18:10:05"}
{"level":"info","message":"GET /order/order_state_count 4 2019-05-07 18:10:06","timestamp":"2019-05-07 18:10:06"}
{"level":"info","message":"GET /area 3 2019-05-07 18:10:06","timestamp":"2019-05-07 18:10:06"}
{"level":"info","message":"GET /table/list 4 2019-05-07 18:10:06","timestamp":"2019-05-07 18:10:06"}
{"level":"info","message":"GET /order/detail 5 2019-05-07 18:10:06","timestamp":"2019-05-07 18:10:06"}
{"level":"info","message":"GET /order/get_order_test 3 2019-05-07 18:10:06","timestamp":"2019-05-07 18:10:06"}
{"level":"info","message":"GET /order/get_order_test 4 2019-05-07 18:10:06","timestamp":"2019-05-07 18:10:06"}
{"level":"info","message":"开始更新数据","timestamp":"2019-05-07 18:10:07"}
{"level":"info","message":"GET /order/detail 6 2019-05-07 18:10:07","timestamp":"2019-05-07 18:10:07"}
{"level":"info","message":"GET /order/get_order_test 18 2019-05-07 18:10:08","timestamp":"2019-05-07 18:10:08"}
{"level":"info","message":"更新数据完成","timestamp":"2019-05-07 18:10:12"}
{"level":"info","message":"GET /user/normal/list 1 2019-05-07 18:10:13","timestamp":"2019-05-07 18:10:13"}
{"level":"info","message":"POST /user/login 1 2019-05-07 18:10:20","timestamp":"2019-05-07 18:10:20"}
{"level":"info","message":"POST /user/login 10 2019-05-07 18:10:21","timestamp":"2019-05-07 18:10:21"}
{"level":"info","message":"GET /area 1 2019-05-07 18:10:21","timestamp":"2019-05-07 18:10:21"}
{"level":"info","message":"GET /table/list 5 2019-05-07 18:10:21","timestamp":"2019-05-07 18:10:21"}
{"level":"info","message":"GET /order/detail 4 2019-05-07 18:10:21","timestamp":"2019-05-07 18:10:21"}
{"level":"info","message":"GET /order/get_order_test 2 2019-05-07 18:10:22","timestamp":"2019-05-07 18:10:22"}
{"level":"info","message":"GET /order/detail 8 2019-05-07 18:10:35","timestamp":"2019-05-07 18:10:35"}
{"level":"info","message":"GET /order/get_order_test 3 2019-05-07 18:10:36","timestamp":"2019-05-07 18:10:36"}
{"level":"info","message":"GET /system/info 3 2019-05-07 18:10:37","timestamp":"2019-05-07 18:10:37"}
{"level":"info","message":"GET /area 2 2019-05-07 18:10:38","timestamp":"2019-05-07 18:10:38"}
{"level":"info","message":"GET /table/list 4 2019-05-07 18:10:38","timestamp":"2019-05-07 18:10:38"}
{"level":"info","message":"GET /order/detail 15 2019-05-07 18:10:38","timestamp":"2019-05-07 18:10:38"}
{"level":"info","message":"GET /system/info 2 2019-05-07 18:10:53","timestamp":"2019-05-07 18:10:53"}
{"level":"info","message":"GET /area 2 2019-05-07 18:10:54","timestamp":"2019-05-07 18:10:54"}
{"level":"info","message":"GET /table/list 5 2019-05-07 18:10:54","timestamp":"2019-05-07 18:10:54"}
{"level":"info","message":"GET /order/detail 15 2019-05-07 18:10:54","timestamp":"2019-05-07 18:10:54"}
{"level":"info","message":"DELETE /user/logout 0 2019-05-07 18:12:38","timestamp":"2019-05-07 18:12:38"}
{"level":"info","message":"GET /user/normal/list 1 2019-05-07 18:12:38","timestamp":"2019-05-07 18:12:38"}
{"level":"info","message":"POST /user/login 7 2019-05-07 18:12:42","timestamp":"2019-05-07 18:12:42"}
{"level":"info","message":"GET /order/order_state_count 5 2019-05-07 18:12:42","timestamp":"2019-05-07 18:12:42"}
{"level":"info","message":"GET /area 7 2019-05-07 18:12:42","timestamp":"2019-05-07 18:12:42"}
{"level":"info","message":"GET /table/list 11 2019-05-07 18:12:42","timestamp":"2019-05-07 18:12:42"}
{"level":"info","message":"GET /order/detail 10 2019-05-07 18:12:42","timestamp":"2019-05-07 18:12:42"}
{"level":"info","message":"GET /order/get_order_test 3 2019-05-07 18:12:43","timestamp":"2019-05-07 18:12:43"}
{"level":"info","message":"GET /order/get_order_test 2 2019-05-07 18:12:43","timestamp":"2019-05-07 18:12:43"}
{"level":"info","message":"GET /system/info 87 2019-05-07 18:13:45","timestamp":"2019-05-07 18:13:45"}
{"level":"info","message":"GET /order/order_state_count 6 2019-05-07 18:13:45","timestamp":"2019-05-07 18:13:45"}
{"level":"info","message":"GET /area 2 2019-05-07 18:13:45","timestamp":"2019-05-07 18:13:45"}
{"level":"info","message":"GET /order/detail 18 2019-05-07 18:13:45","timestamp":"2019-05-07 18:13:45"}
{"level":"info","message":"GET /table/list 8 2019-05-07 18:13:45","timestamp":"2019-05-07 18:13:45"}
{"level":"info","message":"GET /order/get_order_test 3 2019-05-07 18:13:46","timestamp":"2019-05-07 18:13:46"}
{"level":"info","message":"GET /order/detail 5 2019-05-07 18:13:47","timestamp":"2019-05-07 18:13:47"}
{"level":"info","message":"GET /order/get_order_test 4 2019-05-07 18:13:47","timestamp":"2019-05-07 18:13:47"}
{"level":"info","message":"GET /system/info 4 2019-05-07 18:18:34","timestamp":"2019-05-07 18:18:34"}
{"level":"info","message":"GET /order/order_state_count 7 2019-05-07 18:18:34","timestamp":"2019-05-07 18:18:34"}
{"level":"info","message":"GET /order/detail 11 2019-05-07 18:18:34","timestamp":"2019-05-07 18:18:34"}
{"level":"info","message":"GET /area 1 2019-05-07 18:18:34","timestamp":"2019-05-07 18:18:34"}
{"level":"info","message":"GET /table/list 4 2019-05-07 18:18:34","timestamp":"2019-05-07 18:18:34"}
{"level":"info","message":"GET /order/detail 8 2019-05-07 18:18:35","timestamp":"2019-05-07 18:18:35"}
{"level":"info","message":"GET /order/get_order_test 6 2019-05-07 18:18:35","timestamp":"2019-05-07 18:18:35"}
{"level":"info","message":"GET /order/get_order_test 4 2019-05-07 18:18:35","timestamp":"2019-05-07 18:18:35"}
{"level":"info","message":"GET /order/detail 8 2019-05-07 18:18:39","timestamp":"2019-05-07 18:18:39"}
{"level":"info","message":"GET /order/get_order_test 4 2019-05-07 18:18:40","timestamp":"2019-05-07 18:18:40"}
{"level":"info","message":"开始更新数据","timestamp":"2019-05-07 18:18:41"}
{"level":"info","message":"更新数据完成","timestamp":"2019-05-07 18:18:45"}
{"level":"info","message":"GET /user/normal/list 2 2019-05-07 18:18:56","timestamp":"2019-05-07 18:18:56"}
{"level":"info","message":"POST /user/login 7 2019-05-07 18:19:31","timestamp":"2019-05-07 18:19:31"}
{"level":"info","message":"GET /order/order_state_count 5 2019-05-07 18:19:31","timestamp":"2019-05-07 18:19:31"}
{"level":"info","message":"GET /area 6 2019-05-07 18:19:31","timestamp":"2019-05-07 18:19:31"}
{"level":"info","message":"GET /table/list 4 2019-05-07 18:19:31","timestamp":"2019-05-07 18:19:31"}
{"level":"info","message":"GET /order/detail 5 2019-05-07 18:19:31","timestamp":"2019-05-07 18:19:31"}
{"level":"info","message":"GET /order/get_order_test 2 2019-05-07 18:19:32","timestamp":"2019-05-07 18:19:32"}
{"level":"info","message":"GET /order/get_order_test 4 2019-05-07 18:19:32","timestamp":"2019-05-07 18:19:32"}
{"level":"info","message":"GET /order/detail 4 2019-05-07 18:19:37","timestamp":"2019-05-07 18:19:37"}
{"level":"info","message":"GET /order/get_order_test 3 2019-05-07 18:19:37","timestamp":"2019-05-07 18:19:37"}
{"level":"info","message":"开始更新数据","timestamp":"2019-05-07 18:19:46"}
{"level":"info","message":"更新数据完成","timestamp":"2019-05-07 18:19:49"}
{"level":"info","message":"GET /user/normal/list 2 2019-05-07 18:19:52","timestamp":"2019-05-07 18:19:52"}
{"level":"info","message":"GET /user/normal/list 3 2019-05-07 18:21:39","timestamp":"2019-05-07 18:21:39"}
{"level":"info","message":"POST /user/login 8 2019-05-07 18:21:45","timestamp":"2019-05-07 18:21:45"}
{"level":"info","message":"GET /system/info 3 2019-05-07 18:21:45","timestamp":"2019-05-07 18:21:45"}
{"level":"info","message":"GET /order/order_state_count 7 2019-05-07 18:21:46","timestamp":"2019-05-07 18:21:46"}
{"level":"info","message":"GET /area 7 2019-05-07 18:21:46","timestamp":"2019-05-07 18:21:46"}
{"level":"info","message":"GET /table/list 8 2019-05-07 18:21:46","timestamp":"2019-05-07 18:21:46"}
{"level":"info","message":"GET /order/detail 6 2019-05-07 18:21:46","timestamp":"2019-05-07 18:21:46"}
{"level":"info","message":"GET /order/get_order_test 4 2019-05-07 18:21:46","timestamp":"2019-05-07 18:21:46"}
{"level":"info","message":"GET /order/get_order_test 5 2019-05-07 18:21:46","timestamp":"2019-05-07 18:21:46"}
{"level":"info","message":"GET /order/detail 7 2019-05-07 18:21:47","timestamp":"2019-05-07 18:21:47"}
{"level":"info","message":"GET /order/get_order_test 5 2019-05-07 18:21:48","timestamp":"2019-05-07 18:21:48"}
{"level":"info","message":"开始更新数据","timestamp":"2019-05-07 18:21:49"}
{"level":"info","message":"更新数据完成","timestamp":"2019-05-07 18:21:54"}
