{"level":"info","message":"mqtt成功连接到：ws://test.emq.restoplus.cn:8083/mqtt","timestamp":"2019-06-06 09:55:02"}
{"level":"info","message":"订阅成功--$queue/winPos/+/2f83afee7a0e4822a6729145dd53af33/43be0afc2b544cec87568b7247841107/+/+/+","timestamp":"2019-06-06 09:55:02"}
{"level":"info","message":"允许接收的平台=>posAdmin-dev,resto-dev","timestamp":"2019-06-06 09:55:02"}
{"level":"error","message":"==mqtt==close==你已断开连接,异常退出","timestamp":"2019-06-06 09:55:40"}
{"level":"error","message":"==mqtt==reconnect==正在尝试重新连接","timestamp":"2019-06-06 09:55:56"}
{"level":"info","message":"mqtt成功连接到：ws://test.emq.restoplus.cn:8083/mqtt","timestamp":"2019-06-06 09:55:56"}
{"level":"info","message":"订阅成功--$queue/winPos/+/2f83afee7a0e4822a6729145dd53af33/43be0afc2b544cec87568b7247841107/+/+/+","timestamp":"2019-06-06 09:55:56"}
{"level":"info","message":"允许接收的平台=>posAdmin-dev,resto-dev","timestamp":"2019-06-06 09:55:56"}
{"level":"info","message":"GET /system/info 135 2019-06-06 10:00:29","timestamp":"2019-06-06 10:00:29"}
{"level":"info","message":"GET /on/line/state 2 2019-06-06 10:00:31","timestamp":"2019-06-06 10:00:31"}
{"level":"info","message":"GET /table/list 90 2019-06-06 10:00:31","timestamp":"2019-06-06 10:00:31"}
{"level":"info","message":"GET /order/order_state_count 100 2019-06-06 10:00:31","timestamp":"2019-06-06 10:00:31"}
{"level":"info","message":"GET /area 97 2019-06-06 10:00:31","timestamp":"2019-06-06 10:00:31"}
{"level":"info","message":"GET /system/info 4 2019-06-06 10:34:02","timestamp":"2019-06-06 10:34:02"}
{"level":"info","message":"GET /order/order_state_count 8 2019-06-06 10:34:02","timestamp":"2019-06-06 10:34:02"}
{"level":"info","message":"GET /area 7 2019-06-06 10:34:02","timestamp":"2019-06-06 10:34:02"}
{"level":"info","message":"GET /on/line/state 1 2019-06-06 10:34:02","timestamp":"2019-06-06 10:34:02"}
{"level":"info","message":"GET /table/list 7 2019-06-06 10:34:02","timestamp":"2019-06-06 10:34:02"}
{"level":"error","message":"==mqtt==close==你已断开连接,异常退出","timestamp":"2019-06-06 13:02:59"}
{"level":"error","message":"==mqtt==reconnect==正在尝试重新连接","timestamp":"2019-06-06 13:03:14"}
{"level":"info","message":"mqtt成功连接到：ws://test.emq.restoplus.cn:8083/mqtt","timestamp":"2019-06-06 13:03:14"}
{"level":"info","message":"订阅成功--$queue/winPos/+/2f83afee7a0e4822a6729145dd53af33/43be0afc2b544cec87568b7247841107/+/+/+","timestamp":"2019-06-06 13:03:14"}
{"level":"info","message":"允许接收的平台=>posAdmin-dev,resto-dev","timestamp":"2019-06-06 13:03:14"}
{"level":"error","message":"==mqtt==close==你已断开连接,异常退出","timestamp":"2019-06-06 13:39:54"}
{"level":"error","message":"==mqtt==reconnect==正在尝试重新连接","timestamp":"2019-06-06 13:40:09"}
{"level":"info","message":"mqtt成功连接到：ws://test.emq.restoplus.cn:8083/mqtt","timestamp":"2019-06-06 13:40:09"}
{"level":"info","message":"订阅成功--$queue/winPos/+/2f83afee7a0e4822a6729145dd53af33/43be0afc2b544cec87568b7247841107/+/+/+","timestamp":"2019-06-06 13:40:09"}
{"level":"info","message":"允许接收的平台=>posAdmin-dev,resto-dev","timestamp":"2019-06-06 13:40:09"}
{"level":"info","message":"GET /order/order_state_count 6 2019-06-06 14:38:39","timestamp":"2019-06-06 14:38:39"}
{"level":"info","message":"GET /order/order_state_count 3 2019-06-06 14:39:38","timestamp":"2019-06-06 14:39:38"}
{"level":"info","message":"GET /table/list 11 2019-06-06 14:39:41","timestamp":"2019-06-06 14:39:41"}
{"level":"info","message":"GET /order/order_state_count 7 2019-06-06 14:39:41","timestamp":"2019-06-06 14:39:41"}
{"level":"info","message":"GET /table/list 8 2019-06-06 14:39:41","timestamp":"2019-06-06 14:39:41"}
{"level":"info","message":"GET /order/order_state_count 13 2019-06-06 14:39:41","timestamp":"2019-06-06 14:39:41"}
{"level":"info","message":"GET /table/list 4 2019-06-06 14:39:46","timestamp":"2019-06-06 14:39:46"}
{"level":"info","message":"GET /order/order_state_count 6 2019-06-06 14:39:46","timestamp":"2019-06-06 14:39:46"}
{"level":"info","message":"GET /table/list 8 2019-06-06 14:39:46","timestamp":"2019-06-06 14:39:46"}
{"level":"info","message":"GET /order/order_state_count 8 2019-06-06 14:39:46","timestamp":"2019-06-06 14:39:46"}
{"level":"info","message":"GET /table/list 7 2019-06-06 14:39:56","timestamp":"2019-06-06 14:39:56"}
{"level":"info","message":"GET /order/order_state_count 7 2019-06-06 14:39:56","timestamp":"2019-06-06 14:39:56"}
{"level":"info","message":"GET /table/list 5 2019-06-06 14:39:56","timestamp":"2019-06-06 14:39:56"}
{"level":"info","message":"GET /order/order_state_count 6 2019-06-06 14:39:56","timestamp":"2019-06-06 14:39:56"}
{"level":"info","message":"GET /table/list 7 2019-06-06 14:40:10","timestamp":"2019-06-06 14:40:10"}
{"level":"info","message":"GET /order/order_state_count 7 2019-06-06 14:40:10","timestamp":"2019-06-06 14:40:10"}
{"level":"info","message":"GET /table/list 8 2019-06-06 14:40:10","timestamp":"2019-06-06 14:40:10"}
{"level":"info","message":"GET /order/order_state_count 11 2019-06-06 14:40:10","timestamp":"2019-06-06 14:40:10"}
{"level":"info","message":"GET /table/list 6 2019-06-06 14:40:10","timestamp":"2019-06-06 14:40:10"}
{"level":"info","message":"GET /order/order_state_count 5 2019-06-06 14:40:10","timestamp":"2019-06-06 14:40:10"}
{"level":"info","message":"GET /table/list 8 2019-06-06 14:40:10","timestamp":"2019-06-06 14:40:10"}
{"level":"info","message":"GET /order/order_state_count 9 2019-06-06 14:40:10","timestamp":"2019-06-06 14:40:10"}
{"level":"info","message":"GET /order/order_state_count 40 2019-06-06 14:41:53","timestamp":"2019-06-06 14:41:53"}
{"level":"info","message":"GET /system/info 11 2019-06-06 14:41:57","timestamp":"2019-06-06 14:41:57"}
{"level":"info","message":"GET /order/order_state_count 14 2019-06-06 14:41:57","timestamp":"2019-06-06 14:41:57"}
{"level":"info","message":"GET /on/line/state 0 2019-06-06 14:41:57","timestamp":"2019-06-06 14:41:57"}
{"level":"info","message":"GET /area 25 2019-06-06 14:41:57","timestamp":"2019-06-06 14:41:57"}
{"level":"info","message":"GET /table/list 26 2019-06-06 14:41:57","timestamp":"2019-06-06 14:41:57"}
{"level":"info","message":"GET /table/list 9 2019-06-06 14:42:05","timestamp":"2019-06-06 14:42:05"}
{"level":"info","message":"GET /order/order_state_count 9 2019-06-06 14:42:05","timestamp":"2019-06-06 14:42:05"}
{"level":"info","message":"GET /table/list 9 2019-06-06 14:42:05","timestamp":"2019-06-06 14:42:05"}
{"level":"info","message":"GET /order/order_state_count 9 2019-06-06 14:42:05","timestamp":"2019-06-06 14:42:05"}
{"level":"info","message":"GET /system/info 9 2019-06-06 14:46:50","timestamp":"2019-06-06 14:46:50"}
{"level":"info","message":"GET /order/order_state_count 7 2019-06-06 14:46:51","timestamp":"2019-06-06 14:46:51"}
{"level":"info","message":"GET /area 4 2019-06-06 14:46:51","timestamp":"2019-06-06 14:46:51"}
{"level":"info","message":"GET /table/list 5 2019-06-06 14:46:51","timestamp":"2019-06-06 14:46:51"}
{"level":"info","message":"GET /on/line/state 1 2019-06-06 14:46:51","timestamp":"2019-06-06 14:46:51"}
{"level":"info","message":"GET /order/order_state_count 10 2019-06-06 14:47:29","timestamp":"2019-06-06 14:47:29"}
{"level":"info","message":"GET /system/info 8 2019-06-06 14:47:34","timestamp":"2019-06-06 14:47:34"}
{"level":"info","message":"GET /on/line/state 0 2019-06-06 14:47:34","timestamp":"2019-06-06 14:47:34"}
{"level":"info","message":"GET /order/order_state_count 19 2019-06-06 14:47:34","timestamp":"2019-06-06 14:47:34"}
{"level":"info","message":"GET /area 11 2019-06-06 14:47:34","timestamp":"2019-06-06 14:47:34"}
{"level":"info","message":"GET /table/list 13 2019-06-06 14:47:34","timestamp":"2019-06-06 14:47:34"}
{"level":"info","message":"GET /order/order_state_count 11 2019-06-06 14:48:18","timestamp":"2019-06-06 14:48:18"}
{"level":"info","message":"GET /order/order_state_count 19 2019-06-06 14:48:56","timestamp":"2019-06-06 14:48:56"}
{"level":"info","message":"GET /system/info 14 2019-06-06 14:48:58","timestamp":"2019-06-06 14:48:58"}
{"level":"info","message":"GET /order/order_state_count 10 2019-06-06 14:48:58","timestamp":"2019-06-06 14:48:58"}
{"level":"info","message":"GET /area 10 2019-06-06 14:48:58","timestamp":"2019-06-06 14:48:58"}
{"level":"info","message":"GET /on/line/state 1 2019-06-06 14:48:58","timestamp":"2019-06-06 14:48:58"}
{"level":"info","message":"GET /table/list 11 2019-06-06 14:48:58","timestamp":"2019-06-06 14:48:58"}
{"level":"info","message":"GET /table/list 8 2019-06-06 14:49:02","timestamp":"2019-06-06 14:49:02"}
{"level":"info","message":"GET /order/order_state_count 10 2019-06-06 14:49:02","timestamp":"2019-06-06 14:49:02"}
{"level":"info","message":"GET /table/list 9 2019-06-06 14:49:02","timestamp":"2019-06-06 14:49:02"}
{"level":"info","message":"GET /order/order_state_count 7 2019-06-06 14:49:02","timestamp":"2019-06-06 14:49:02"}
{"level":"info","message":"GET /order/wait_order 9 2019-06-06 14:49:19","timestamp":"2019-06-06 14:49:19"}
{"level":"info","message":"GET /order/order_state_count 8 2019-06-06 14:49:19","timestamp":"2019-06-06 14:49:19"}
{"level":"info","message":"GET /order/wait_order 5 2019-06-06 14:49:21","timestamp":"2019-06-06 14:49:21"}
{"level":"info","message":"GET /order/order_state_count 5 2019-06-06 14:49:21","timestamp":"2019-06-06 14:49:21"}
{"level":"info","message":"GET /order/wait_order 4 2019-06-06 14:49:25","timestamp":"2019-06-06 14:49:25"}
{"level":"info","message":"GET /order/order_state_count 4 2019-06-06 14:49:25","timestamp":"2019-06-06 14:49:25"}
{"level":"info","message":"GET /order/order_state_count 4 2019-06-06 14:49:30","timestamp":"2019-06-06 14:49:30"}
{"level":"info","message":"GET /order/wait_order 5 2019-06-06 14:49:30","timestamp":"2019-06-06 14:49:30"}
{"level":"info","message":"GET /order/get_order_test 22 2019-06-06 14:49:31","timestamp":"2019-06-06 14:49:31"}
{"level":"info","message":"GET /order/detail 91 2019-06-06 14:49:31","timestamp":"2019-06-06 14:49:31"}
{"level":"info","message":"GET /order/wait_order 15 2019-06-06 14:49:33","timestamp":"2019-06-06 14:49:33"}
{"level":"info","message":"GET /order/order_state_count 10 2019-06-06 14:49:33","timestamp":"2019-06-06 14:49:33"}
{"level":"info","message":"GET /order/get_order_test 6 2019-06-06 14:49:33","timestamp":"2019-06-06 14:49:33"}
{"level":"info","message":"GET /order/detail 11 2019-06-06 14:49:33","timestamp":"2019-06-06 14:49:33"}
{"level":"info","message":"GET /order/wait_order 2 2019-06-06 14:49:33","timestamp":"2019-06-06 14:49:33"}
{"level":"info","message":"GET /order/order_state_count 4 2019-06-06 14:49:33","timestamp":"2019-06-06 14:49:33"}
{"level":"info","message":"GET /order/get_order_test 12 2019-06-06 14:49:33","timestamp":"2019-06-06 14:49:33"}
{"level":"info","message":"GET /order/detail 16 2019-06-06 14:49:33","timestamp":"2019-06-06 14:49:33"}
{"level":"info","message":"GET /order/wait_order 5 2019-06-06 14:49:35","timestamp":"2019-06-06 14:49:35"}
{"level":"info","message":"GET /order/order_state_count 5 2019-06-06 14:49:35","timestamp":"2019-06-06 14:49:35"}
{"level":"info","message":"GET /order/get_order_test 6 2019-06-06 14:49:35","timestamp":"2019-06-06 14:49:35"}
{"level":"info","message":"GET /order/detail 12 2019-06-06 14:49:35","timestamp":"2019-06-06 14:49:35"}
{"level":"info","message":"GET /order/wait_order 12 2019-06-06 14:49:37","timestamp":"2019-06-06 14:49:37"}
{"level":"info","message":"GET /order/order_state_count 10 2019-06-06 14:49:37","timestamp":"2019-06-06 14:49:37"}
{"level":"info","message":"GET /order/get_order_test 8 2019-06-06 14:49:37","timestamp":"2019-06-06 14:49:37"}
{"level":"info","message":"GET /order/detail 13 2019-06-06 14:49:37","timestamp":"2019-06-06 14:49:37"}
{"level":"info","message":"GET /order/wait_order 3 2019-06-06 14:50:07","timestamp":"2019-06-06 14:50:07"}
{"level":"info","message":"GET /order/order_state_count 7 2019-06-06 14:50:07","timestamp":"2019-06-06 14:50:07"}
{"level":"info","message":"GET /order/detail 5 2019-06-06 14:50:07","timestamp":"2019-06-06 14:50:07"}
{"level":"info","message":"GET /order/get_order_test 6 2019-06-06 14:50:07","timestamp":"2019-06-06 14:50:07"}
{"level":"info","message":"GET /order/wait_order 4 2019-06-06 14:50:10","timestamp":"2019-06-06 14:50:10"}
{"level":"info","message":"GET /order/order_state_count 5 2019-06-06 14:50:10","timestamp":"2019-06-06 14:50:10"}
{"level":"info","message":"GET /order/wait_order 3 2019-06-06 14:50:13","timestamp":"2019-06-06 14:50:13"}
{"level":"info","message":"GET /order/order_state_count 12 2019-06-06 14:50:13","timestamp":"2019-06-06 14:50:13"}
{"level":"info","message":"GET /order/detail 26 2019-06-06 14:50:13","timestamp":"2019-06-06 14:50:13"}
{"level":"info","message":"GET /order/get_order_test 23 2019-06-06 14:50:13","timestamp":"2019-06-06 14:50:13"}
{"level":"info","message":"GET /order/wait_order 7 2019-06-06 14:50:14","timestamp":"2019-06-06 14:50:14"}
{"level":"info","message":"GET /order/order_state_count 10 2019-06-06 14:50:14","timestamp":"2019-06-06 14:50:14"}
{"level":"info","message":"GET /order/detail 10 2019-06-06 14:50:14","timestamp":"2019-06-06 14:50:14"}
{"level":"info","message":"GET /order/get_order_test 6 2019-06-06 14:50:14","timestamp":"2019-06-06 14:50:14"}
{"level":"info","message":"GET /order/wait_order 4 2019-06-06 14:50:18","timestamp":"2019-06-06 14:50:18"}
{"level":"info","message":"GET /order/order_state_count 5 2019-06-06 14:50:18","timestamp":"2019-06-06 14:50:18"}
{"level":"info","message":"GET /order/wait_order 6 2019-06-06 14:50:18","timestamp":"2019-06-06 14:50:18"}
{"level":"info","message":"GET /order/order_state_count 6 2019-06-06 14:50:18","timestamp":"2019-06-06 14:50:18"}
{"level":"info","message":"GET /order/wait_order 3 2019-06-06 14:50:19","timestamp":"2019-06-06 14:50:19"}
{"level":"info","message":"GET /order/order_state_count 7 2019-06-06 14:50:19","timestamp":"2019-06-06 14:50:19"}
{"level":"info","message":"GET /order/get_order_test 6 2019-06-06 14:50:19","timestamp":"2019-06-06 14:50:19"}
{"level":"info","message":"GET /order/detail 13 2019-06-06 14:50:19","timestamp":"2019-06-06 14:50:19"}
{"level":"info","message":"GET /table/list 11 2019-06-06 14:50:23","timestamp":"2019-06-06 14:50:23"}
{"level":"info","message":"GET /order/order_state_count 21 2019-06-06 14:50:23","timestamp":"2019-06-06 14:50:23"}
{"level":"info","message":"GET /article/family_list 40 2019-06-06 14:54:22","timestamp":"2019-06-06 14:54:22"}
{"level":"info","message":"GET /article/article_list 80 2019-06-06 14:54:22","timestamp":"2019-06-06 14:54:22"}
{"level":"info","message":"mqtt成功连接到：ws://test.emq.restoplus.cn:8083/mqtt","timestamp":"2019-06-06 15:01:39"}
{"level":"info","message":"订阅成功--$queue/winPos/+/2f83afee7a0e4822a6729145dd53af33/43be0afc2b544cec87568b7247841107/+/+/+","timestamp":"2019-06-06 15:01:39"}
{"level":"info","message":"允许接收的平台=>posAdmin-dev,resto-dev","timestamp":"2019-06-06 15:01:39"}
{"level":"error","message":"==mqtt==close==你已断开连接,异常退出","timestamp":"2019-06-06 15:02:09"}
{"level":"error","message":"==mqtt==reconnect==正在尝试重新连接","timestamp":"2019-06-06 15:02:24"}
{"level":"info","message":"mqtt成功连接到：ws://test.emq.restoplus.cn:8083/mqtt","timestamp":"2019-06-06 15:02:26"}
{"level":"info","message":"订阅成功--$queue/winPos/+/2f83afee7a0e4822a6729145dd53af33/43be0afc2b544cec87568b7247841107/+/+/+","timestamp":"2019-06-06 15:02:26"}
{"level":"info","message":"允许接收的平台=>posAdmin-dev,resto-dev","timestamp":"2019-06-06 15:02:26"}
{"level":"error","message":"resource \"GET:/3325586cd60d1edf1811.hot-update.json\" not found","timestamp":"2019-06-06 15:02:44"}
{"level":"info","message":"GET /3325586cd60d1edf1811.hot-update.json 30 2019-06-06 15:02:44","timestamp":"2019-06-06 15:02:44"}
{"level":"info","message":"mqtt成功连接到：ws://test.emq.restoplus.cn:8083/mqtt","timestamp":"2019-06-06 15:05:58"}
{"level":"info","message":"订阅成功--$queue/winPos/+/2f83afee7a0e4822a6729145dd53af33/d2ff1bbb8c6f4fd8adb3949f76f8c1b6/+/+/+","timestamp":"2019-06-06 15:05:58"}
{"level":"info","message":"允许接收的平台=>posAdmin-dev,resto-dev","timestamp":"2019-06-06 15:05:58"}
{"level":"error","message":"==mqtt==close==你已断开连接,异常退出","timestamp":"2019-06-06 15:06:25"}
{"level":"error","message":"==mqtt==reconnect==正在尝试重新连接","timestamp":"2019-06-06 15:06:42"}
{"level":"info","message":"mqtt成功连接到：ws://test.emq.restoplus.cn:8083/mqtt","timestamp":"2019-06-06 15:06:42"}
{"level":"info","message":"订阅成功--$queue/winPos/+/2f83afee7a0e4822a6729145dd53af33/d2ff1bbb8c6f4fd8adb3949f76f8c1b6/+/+/+","timestamp":"2019-06-06 15:06:42"}
{"level":"info","message":"允许接收的平台=>posAdmin-dev,resto-dev","timestamp":"2019-06-06 15:06:42"}
{"level":"info","message":"GET /on/line/state 3 2019-06-06 15:08:00","timestamp":"2019-06-06 15:08:00"}
{"level":"info","message":"GET /article/family_list 157 2019-06-06 15:08:00","timestamp":"2019-06-06 15:08:00"}
{"level":"info","message":"GET /system/info 485 2019-06-06 15:08:00","timestamp":"2019-06-06 15:08:00"}
{"level":"info","message":"GET /article/article_list 129 2019-06-06 15:08:00","timestamp":"2019-06-06 15:08:00"}
{"level":"info","message":"GET /on/line/state 1 2019-06-06 15:08:01","timestamp":"2019-06-06 15:08:01"}
{"level":"info","message":"GET /user/normal/list 5 2019-06-06 15:08:01","timestamp":"2019-06-06 15:08:01"}
{"level":"info","message":"GET /user/normal/list 3 2019-06-06 15:08:03","timestamp":"2019-06-06 15:08:03"}
{"level":"info","message":"GET /on/line/state 0 2019-06-06 15:08:03","timestamp":"2019-06-06 15:08:03"}
{"level":"info","message":"开始同步库存数据","timestamp":"2019-06-06 15:08:08"}
{"level":"info","message":"POST /user/login 51 2019-06-06 15:08:08","timestamp":"2019-06-06 15:08:08"}
{"level":"info","message":"GET /system/info 14 2019-06-06 15:08:08","timestamp":"2019-06-06 15:08:08"}
{"level":"info","message":"同步库存数据开始!","timestamp":"2019-06-06 15:08:09"}
{"level":"info","message":"GET /on/line/state 1 2019-06-06 15:08:09","timestamp":"2019-06-06 15:08:09"}
{"level":"info","message":"GET /order/order_state_count 27 2019-06-06 15:08:09","timestamp":"2019-06-06 15:08:09"}
{"level":"info","message":"GET /area 24 2019-06-06 15:08:09","timestamp":"2019-06-06 15:08:09"}
{"level":"info","message":"GET /table/list 28 2019-06-06 15:08:09","timestamp":"2019-06-06 15:08:09"}
{"level":"info","message":"同步库存数据完成!","timestamp":"2019-06-06 15:08:09"}
{"level":"info","message":"POST /bind/table 88 2019-06-06 15:08:17","timestamp":"2019-06-06 15:08:17"}
{"level":"info","message":"GET /article/family_list 2 2019-06-06 15:08:17","timestamp":"2019-06-06 15:08:17"}
{"level":"info","message":"GET /order/detail 22 2019-06-06 15:08:17","timestamp":"2019-06-06 15:08:17"}
{"level":"info","message":"GET /article/article_list 28 2019-06-06 15:08:17","timestamp":"2019-06-06 15:08:17"}
{"level":"info","message":"POST /push/order 101 2019-06-06 15:08:19","timestamp":"2019-06-06 15:08:19"}
{"level":"info","message":"【/v1/newpos/order/push】==> 下单成功！","timestamp":"2019-06-06 15:08:20"}
{"level":"info","message":"GET /order/detail 5 2019-06-06 15:08:20","timestamp":"2019-06-06 15:08:20"}
{"level":"info","message":"GET /order/discount_info 21 2019-06-06 15:08:20","timestamp":"2019-06-06 15:08:20"}
{"level":"info","message":"GET /order/detail 28 2019-06-06 15:08:20","timestamp":"2019-06-06 15:08:20"}
{"level":"info","message":"GET /order/order_items 5 2019-06-06 15:08:20","timestamp":"2019-06-06 15:08:20"}
{"level":"info","message":"POST /order/pay 132 2019-06-06 15:08:25","timestamp":"2019-06-06 15:08:25"}
{"level":"info","message":"GET /order/order_state_count 17 2019-06-06 15:08:25","timestamp":"2019-06-06 15:08:25"}
{"level":"info","message":"GET /table/list 14 2019-06-06 15:08:25","timestamp":"2019-06-06 15:08:25"}
{"level":"info","message":"GET /area 15 2019-06-06 15:08:25","timestamp":"2019-06-06 15:08:25"}
{"level":"info","message":"【/v1/newpos/order/payment】==> 买单成功！","timestamp":"2019-06-06 15:08:25"}
{"level":"info","message":"GET /order/order_state_count 2 2019-06-06 15:08:27","timestamp":"2019-06-06 15:08:27"}
{"level":"info","message":"GET /order/pay 6 2019-06-06 15:08:27","timestamp":"2019-06-06 15:08:27"}
{"level":"info","message":"GET /order/get_order_test 8 2019-06-06 15:08:27","timestamp":"2019-06-06 15:08:27"}
{"level":"info","message":"GET /order/detail 15 2019-06-06 15:08:27","timestamp":"2019-06-06 15:08:27"}
{"level":"info","message":"GET /article/family_list 3 2019-06-06 15:08:29","timestamp":"2019-06-06 15:08:29"}
{"level":"info","message":"GET /order/detail 11 2019-06-06 15:08:29","timestamp":"2019-06-06 15:08:29"}
{"level":"info","message":"GET /article/article_list 22 2019-06-06 15:08:29","timestamp":"2019-06-06 15:08:29"}
{"level":"info","message":"GET /order/detail 14 2019-06-06 15:08:33","timestamp":"2019-06-06 15:08:33"}
{"level":"info","message":"POST /bind/table 36 2019-06-06 15:08:34","timestamp":"2019-06-06 15:08:34"}
{"level":"info","message":"POST /push/order 17 2019-06-06 15:08:34","timestamp":"2019-06-06 15:08:34"}
{"level":"info","message":"GET /order/discount_info 5 2019-06-06 15:08:34","timestamp":"2019-06-06 15:08:34"}
{"level":"info","message":"GET /order/order_items 21 2019-06-06 15:08:34","timestamp":"2019-06-06 15:08:34"}
{"level":"info","message":"GET /order/detail 30 2019-06-06 15:08:34","timestamp":"2019-06-06 15:08:34"}
{"level":"info","message":"GET /order/detail 12 2019-06-06 15:08:34","timestamp":"2019-06-06 15:08:34"}
{"level":"info","message":"GET /article/family_list 3 2019-06-06 15:08:41","timestamp":"2019-06-06 15:08:41"}
{"level":"info","message":"GET /order/detail 9 2019-06-06 15:08:41","timestamp":"2019-06-06 15:08:41"}
{"level":"info","message":"GET /article/article_list 26 2019-06-06 15:08:41","timestamp":"2019-06-06 15:08:41"}
{"level":"info","message":"GET /system/info 5 2019-06-06 15:10:28","timestamp":"2019-06-06 15:10:28"}
{"level":"info","message":"GET /article/family_list 1 2019-06-06 15:10:29","timestamp":"2019-06-06 15:10:29"}
{"level":"info","message":"GET /on/line/state 0 2019-06-06 15:10:29","timestamp":"2019-06-06 15:10:29"}
{"level":"info","message":"GET /order/detail 8 2019-06-06 15:10:29","timestamp":"2019-06-06 15:10:29"}
{"level":"info","message":"GET /article/article_list 24 2019-06-06 15:10:29","timestamp":"2019-06-06 15:10:29"}
{"level":"info","message":"GET /order/detail 7 2019-06-06 15:11:33","timestamp":"2019-06-06 15:11:33"}
{"level":"info","message":"POST /bind/table 536 2019-06-06 15:11:34","timestamp":"2019-06-06 15:11:34"}
{"level":"info","message":"POST /push/order 19 2019-06-06 15:11:34","timestamp":"2019-06-06 15:11:34"}
{"level":"info","message":"GET /order/detail 10 2019-06-06 15:11:34","timestamp":"2019-06-06 15:11:34"}
{"level":"info","message":"GET /order/discount_info 4 2019-06-06 15:11:34","timestamp":"2019-06-06 15:11:34"}
{"level":"info","message":"GET /order/detail 10 2019-06-06 15:11:34","timestamp":"2019-06-06 15:11:34"}
{"level":"info","message":"GET /order/order_items 14 2019-06-06 15:11:34","timestamp":"2019-06-06 15:11:34"}
{"level":"info","message":"GET /article/family_list 4 2019-06-06 15:12:58","timestamp":"2019-06-06 15:12:58"}
{"level":"info","message":"GET /order/detail 16 2019-06-06 15:12:58","timestamp":"2019-06-06 15:12:58"}
{"level":"info","message":"GET /article/article_list 24 2019-06-06 15:12:58","timestamp":"2019-06-06 15:12:58"}
{"level":"error","message":"==mqtt==close==你已断开连接,正常退出","timestamp":"2019-06-06 15:23:29"}
{"level":"error","message":"==mqtt==reconnect==正在尝试重新连接","timestamp":"2019-06-06 15:23:44"}
{"level":"info","message":"mqtt成功连接到：ws://test.emq.restoplus.cn:8083/mqtt","timestamp":"2019-06-06 15:23:44"}
{"level":"info","message":"订阅成功--$queue/winPos/+/2f83afee7a0e4822a6729145dd53af33/d2ff1bbb8c6f4fd8adb3949f76f8c1b6/+/+/+","timestamp":"2019-06-06 15:23:44"}
{"level":"info","message":"允许接收的平台=>posAdmin-dev,resto-dev","timestamp":"2019-06-06 15:23:44"}
{"level":"error","message":"==mqtt==close==你已断开连接,正常退出","timestamp":"2019-06-06 15:24:00"}
{"level":"error","message":"==mqtt==reconnect==正在尝试重新连接","timestamp":"2019-06-06 15:24:15"}
{"level":"info","message":"mqtt成功连接到：ws://test.emq.restoplus.cn:8083/mqtt","timestamp":"2019-06-06 15:24:15"}
{"level":"info","message":"订阅成功--$queue/winPos/+/2f83afee7a0e4822a6729145dd53af33/d2ff1bbb8c6f4fd8adb3949f76f8c1b6/+/+/+","timestamp":"2019-06-06 15:24:15"}
{"level":"info","message":"允许接收的平台=>posAdmin-dev,resto-dev","timestamp":"2019-06-06 15:24:15"}
{"level":"error","message":"==mqtt==close==你已断开连接,正常退出","timestamp":"2019-06-06 15:24:30"}
{"level":"error","message":"==mqtt==reconnect==正在尝试重新连接","timestamp":"2019-06-06 15:24:45"}
{"level":"info","message":"mqtt成功连接到：ws://test.emq.restoplus.cn:8083/mqtt","timestamp":"2019-06-06 15:24:45"}
{"level":"info","message":"订阅成功--$queue/winPos/+/2f83afee7a0e4822a6729145dd53af33/d2ff1bbb8c6f4fd8adb3949f76f8c1b6/+/+/+","timestamp":"2019-06-06 15:24:45"}
{"level":"info","message":"允许接收的平台=>posAdmin-dev,resto-dev","timestamp":"2019-06-06 15:24:45"}
{"level":"error","message":"==mqtt==close==你已断开连接,正常退出","timestamp":"2019-06-06 15:25:00"}
{"level":"error","message":"==mqtt==reconnect==正在尝试重新连接","timestamp":"2019-06-06 15:25:15"}
{"level":"info","message":"mqtt成功连接到：ws://test.emq.restoplus.cn:8083/mqtt","timestamp":"2019-06-06 15:25:15"}
{"level":"info","message":"订阅成功--$queue/winPos/+/2f83afee7a0e4822a6729145dd53af33/d2ff1bbb8c6f4fd8adb3949f76f8c1b6/+/+/+","timestamp":"2019-06-06 15:25:15"}
{"level":"info","message":"允许接收的平台=>posAdmin-dev,resto-dev","timestamp":"2019-06-06 15:25:15"}
{"level":"error","message":"==mqtt==close==你已断开连接,正常退出","timestamp":"2019-06-06 15:25:17"}
{"level":"error","message":"==mqtt==reconnect==正在尝试重新连接","timestamp":"2019-06-06 15:25:32"}
{"level":"info","message":"mqtt成功连接到：ws://test.emq.restoplus.cn:8083/mqtt","timestamp":"2019-06-06 15:25:32"}
{"level":"info","message":"订阅成功--$queue/winPos/+/2f83afee7a0e4822a6729145dd53af33/d2ff1bbb8c6f4fd8adb3949f76f8c1b6/+/+/+","timestamp":"2019-06-06 15:25:32"}
{"level":"info","message":"允许接收的平台=>posAdmin-dev,resto-dev","timestamp":"2019-06-06 15:25:32"}
{"level":"error","message":"==mqtt==close==你已断开连接,正常退出","timestamp":"2019-06-06 15:25:47"}
{"level":"error","message":"==mqtt==reconnect==正在尝试重新连接","timestamp":"2019-06-06 15:26:02"}
{"level":"info","message":"mqtt成功连接到：ws://test.emq.restoplus.cn:8083/mqtt","timestamp":"2019-06-06 15:26:02"}
{"level":"info","message":"订阅成功--$queue/winPos/+/2f83afee7a0e4822a6729145dd53af33/d2ff1bbb8c6f4fd8adb3949f76f8c1b6/+/+/+","timestamp":"2019-06-06 15:26:02"}
{"level":"info","message":"允许接收的平台=>posAdmin-dev,resto-dev","timestamp":"2019-06-06 15:26:02"}
{"level":"error","message":"==mqtt==close==你已断开连接,正常退出","timestamp":"2019-06-06 15:26:11"}
{"level":"error","message":"==mqtt==reconnect==正在尝试重新连接","timestamp":"2019-06-06 15:26:26"}
{"level":"info","message":"mqtt成功连接到：ws://test.emq.restoplus.cn:8083/mqtt","timestamp":"2019-06-06 15:26:26"}
{"level":"info","message":"订阅成功--$queue/winPos/+/2f83afee7a0e4822a6729145dd53af33/d2ff1bbb8c6f4fd8adb3949f76f8c1b6/+/+/+","timestamp":"2019-06-06 15:26:26"}
{"level":"info","message":"允许接收的平台=>posAdmin-dev,resto-dev","timestamp":"2019-06-06 15:26:26"}
{"level":"error","message":"==mqtt==close==你已断开连接,正常退出","timestamp":"2019-06-06 15:26:41"}
{"level":"error","message":"==mqtt==reconnect==正在尝试重新连接","timestamp":"2019-06-06 15:26:56"}
{"level":"info","message":"mqtt成功连接到：ws://test.emq.restoplus.cn:8083/mqtt","timestamp":"2019-06-06 15:26:57"}
{"level":"info","message":"订阅成功--$queue/winPos/+/2f83afee7a0e4822a6729145dd53af33/d2ff1bbb8c6f4fd8adb3949f76f8c1b6/+/+/+","timestamp":"2019-06-06 15:26:57"}
{"level":"info","message":"允许接收的平台=>posAdmin-dev,resto-dev","timestamp":"2019-06-06 15:26:57"}
{"level":"error","message":"==mqtt==close==你已断开连接,正常退出","timestamp":"2019-06-06 15:27:12"}
{"level":"error","message":"==mqtt==reconnect==正在尝试重新连接","timestamp":"2019-06-06 15:27:27"}
{"level":"info","message":"mqtt成功连接到：ws://test.emq.restoplus.cn:8083/mqtt","timestamp":"2019-06-06 15:27:27"}
{"level":"info","message":"订阅成功--$queue/winPos/+/2f83afee7a0e4822a6729145dd53af33/d2ff1bbb8c6f4fd8adb3949f76f8c1b6/+/+/+","timestamp":"2019-06-06 15:27:27"}
{"level":"info","message":"允许接收的平台=>posAdmin-dev,resto-dev","timestamp":"2019-06-06 15:27:27"}
{"level":"error","message":"==mqtt==close==你已断开连接,正常退出","timestamp":"2019-06-06 15:27:38"}
{"level":"error","message":"==mqtt==reconnect==正在尝试重新连接","timestamp":"2019-06-06 15:27:53"}
{"level":"info","message":"mqtt成功连接到：ws://test.emq.restoplus.cn:8083/mqtt","timestamp":"2019-06-06 15:27:53"}
{"level":"info","message":"订阅成功--$queue/winPos/+/2f83afee7a0e4822a6729145dd53af33/d2ff1bbb8c6f4fd8adb3949f76f8c1b6/+/+/+","timestamp":"2019-06-06 15:27:53"}
{"level":"info","message":"允许接收的平台=>posAdmin-dev,resto-dev","timestamp":"2019-06-06 15:27:53"}
{"level":"error","message":"==mqtt==close==你已断开连接,正常退出","timestamp":"2019-06-06 15:28:08"}
{"level":"error","message":"==mqtt==reconnect==正在尝试重新连接","timestamp":"2019-06-06 15:28:23"}
{"level":"info","message":"mqtt成功连接到：ws://test.emq.restoplus.cn:8083/mqtt","timestamp":"2019-06-06 15:28:23"}
{"level":"info","message":"订阅成功--$queue/winPos/+/2f83afee7a0e4822a6729145dd53af33/d2ff1bbb8c6f4fd8adb3949f76f8c1b6/+/+/+","timestamp":"2019-06-06 15:28:23"}
{"level":"info","message":"允许接收的平台=>posAdmin-dev,resto-dev","timestamp":"2019-06-06 15:28:23"}
{"level":"error","message":"==mqtt==close==你已断开连接,正常退出","timestamp":"2019-06-06 15:28:39"}
{"level":"error","message":"==mqtt==reconnect==正在尝试重新连接","timestamp":"2019-06-06 15:28:54"}
{"level":"info","message":"mqtt成功连接到：ws://test.emq.restoplus.cn:8083/mqtt","timestamp":"2019-06-06 15:28:54"}
{"level":"info","message":"订阅成功--$queue/winPos/+/2f83afee7a0e4822a6729145dd53af33/d2ff1bbb8c6f4fd8adb3949f76f8c1b6/+/+/+","timestamp":"2019-06-06 15:28:54"}
{"level":"info","message":"允许接收的平台=>posAdmin-dev,resto-dev","timestamp":"2019-06-06 15:28:54"}
{"level":"info","message":"mqtt成功连接到：ws://test.emq.restoplus.cn:8083/mqtt","timestamp":"2019-06-06 15:37:02"}
{"level":"info","message":"订阅成功--$queue/winPos/+/2f83afee7a0e4822a6729145dd53af33/d2ff1bbb8c6f4fd8adb3949f76f8c1b6/+/+/+","timestamp":"2019-06-06 15:37:03"}
{"level":"info","message":"允许接收的平台=>posAdmin-dev,resto-dev","timestamp":"2019-06-06 15:37:03"}
{"level":"error","message":"ServiceUnavailableError: Response timeout\n    at IncomingMessage.<anonymous> (/Users/chintec/Documents/node/resto-newpos/node_modules/connect-timeout/index.js:84:8)\n    at emitOne (events.js:116:13)\n    at IncomingMessage.emit (events.js:211:7)\n    at Timeout._onTimeout (/Users/chintec/Documents/node/resto-newpos/node_modules/connect-timeout/index.js:49:11)\n    at ontimeout (timers.js:475:11)\n    at tryOnTimeout (timers.js:310:5)\n    at Timer.listOnTimeout (timers.js:270:5)","timestamp":"2019-06-06 15:37:39"}
{"level":"error","message":"==mqtt==close==你已断开连接,正常退出","timestamp":"2019-06-06 15:39:35"}
{"level":"error","message":"==mqtt==reconnect==正在尝试重新连接","timestamp":"2019-06-06 15:39:50"}
{"level":"info","message":"mqtt成功连接到：ws://test.emq.restoplus.cn:8083/mqtt","timestamp":"2019-06-06 15:39:50"}
{"level":"info","message":"订阅成功--$queue/winPos/+/2f83afee7a0e4822a6729145dd53af33/d2ff1bbb8c6f4fd8adb3949f76f8c1b6/+/+/+","timestamp":"2019-06-06 15:39:50"}
{"level":"info","message":"允许接收的平台=>posAdmin-dev,resto-dev","timestamp":"2019-06-06 15:39:50"}
{"level":"error","message":"==mqtt==close==你已断开连接,正常退出","timestamp":"2019-06-06 15:40:05"}
{"level":"info","message":"GET /system/info 77 2019-06-06 15:40:14","timestamp":"2019-06-06 15:40:14"}
{"level":"info","message":"GET /on/line/state 0 2019-06-06 15:40:14","timestamp":"2019-06-06 15:40:14"}
{"level":"info","message":"GET /article/family_list 20 2019-06-06 15:40:14","timestamp":"2019-06-06 15:40:14"}
{"level":"info","message":"GET /order/detail 25 2019-06-06 15:40:14","timestamp":"2019-06-06 15:40:14"}
{"level":"info","message":"GET /article/article_list 60 2019-06-06 15:40:14","timestamp":"2019-06-06 15:40:14"}
{"level":"error","message":"==mqtt==reconnect==正在尝试重新连接","timestamp":"2019-06-06 15:40:20"}
{"level":"info","message":"mqtt成功连接到：ws://test.emq.restoplus.cn:8083/mqtt","timestamp":"2019-06-06 15:40:20"}
{"level":"info","message":"订阅成功--$queue/winPos/+/2f83afee7a0e4822a6729145dd53af33/d2ff1bbb8c6f4fd8adb3949f76f8c1b6/+/+/+","timestamp":"2019-06-06 15:40:20"}
{"level":"info","message":"允许接收的平台=>posAdmin-dev,resto-dev","timestamp":"2019-06-06 15:40:20"}
{"level":"info","message":"GET /order/detail 9 2019-06-06 15:40:22","timestamp":"2019-06-06 15:40:22"}
{"level":"info","message":"POST /bind/table 131 2019-06-06 15:40:22","timestamp":"2019-06-06 15:40:22"}
{"level":"info","message":"POST /push/order 93 2019-06-06 15:40:22","timestamp":"2019-06-06 15:40:22"}
{"level":"info","message":"【/v1/newpos/order/push】==> 加菜成功！","timestamp":"2019-06-06 15:40:22"}
{"level":"info","message":"GET /order/discount_info 3 2019-06-06 15:40:23","timestamp":"2019-06-06 15:40:23"}
{"level":"info","message":"GET /order/detail 12 2019-06-06 15:40:23","timestamp":"2019-06-06 15:40:23"}
{"level":"info","message":"GET /order/detail 8 2019-06-06 15:40:23","timestamp":"2019-06-06 15:40:23"}
{"level":"info","message":"GET /order/order_items 12 2019-06-06 15:40:23","timestamp":"2019-06-06 15:40:23"}
{"level":"error","message":"==mqtt==close==你已断开连接,正常退出","timestamp":"2019-06-06 15:40:35"}
{"level":"info","message":"POST /order/pay 87 2019-06-06 15:40:41","timestamp":"2019-06-06 15:40:41"}
{"level":"info","message":"【/v1/newpos/order/payment】==> 买单成功！","timestamp":"2019-06-06 15:40:41"}
{"level":"info","message":"GET /order/order_state_count 37 2019-06-06 15:40:41","timestamp":"2019-06-06 15:40:41"}
{"level":"info","message":"GET /area 34 2019-06-06 15:40:41","timestamp":"2019-06-06 15:40:41"}
{"level":"info","message":"GET /table/list 51 2019-06-06 15:40:41","timestamp":"2019-06-06 15:40:41"}
{"level":"info","message":"GET /order/get_order_test 11 2019-06-06 15:40:42","timestamp":"2019-06-06 15:40:42"}
{"level":"info","message":"GET /order/detail 29 2019-06-06 15:40:42","timestamp":"2019-06-06 15:40:42"}
{"level":"info","message":"GET /order/get_order_test 7 2019-06-06 15:40:42","timestamp":"2019-06-06 15:40:42"}
{"level":"info","message":"GET /table/list 7 2019-06-06 15:40:43","timestamp":"2019-06-06 15:40:43"}
{"level":"info","message":"GET /order/order_state_count 9 2019-06-06 15:40:43","timestamp":"2019-06-06 15:40:43"}
{"level":"info","message":"GET /order/get_order_test 7 2019-06-06 15:40:43","timestamp":"2019-06-06 15:40:43"}
{"level":"info","message":"GET /order/detail 13 2019-06-06 15:40:43","timestamp":"2019-06-06 15:40:43"}
{"level":"error","message":"==mqtt==reconnect==正在尝试重新连接","timestamp":"2019-06-06 15:40:50"}
{"level":"info","message":"mqtt成功连接到：ws://test.emq.restoplus.cn:8083/mqtt","timestamp":"2019-06-06 15:40:50"}
{"level":"info","message":"订阅成功--$queue/winPos/+/2f83afee7a0e4822a6729145dd53af33/d2ff1bbb8c6f4fd8adb3949f76f8c1b6/+/+/+","timestamp":"2019-06-06 15:40:50"}
{"level":"info","message":"允许接收的平台=>posAdmin-dev,resto-dev","timestamp":"2019-06-06 15:40:50"}
{"level":"error","message":"==mqtt==close==你已断开连接,正常退出","timestamp":"2019-06-06 15:41:05"}
{"level":"error","message":"==mqtt==reconnect==正在尝试重新连接","timestamp":"2019-06-06 15:41:20"}
{"level":"info","message":"mqtt成功连接到：ws://test.emq.restoplus.cn:8083/mqtt","timestamp":"2019-06-06 15:41:21"}
{"level":"info","message":"订阅成功--$queue/winPos/+/2f83afee7a0e4822a6729145dd53af33/d2ff1bbb8c6f4fd8adb3949f76f8c1b6/+/+/+","timestamp":"2019-06-06 15:41:21"}
{"level":"info","message":"允许接收的平台=>posAdmin-dev,resto-dev","timestamp":"2019-06-06 15:41:21"}
{"level":"error","message":"==mqtt==close==你已断开连接,正常退出","timestamp":"2019-06-06 15:41:36"}
{"level":"error","message":"==mqtt==reconnect==正在尝试重新连接","timestamp":"2019-06-06 15:41:51"}
{"level":"info","message":"mqtt成功连接到：ws://test.emq.restoplus.cn:8083/mqtt","timestamp":"2019-06-06 15:41:51"}
{"level":"info","message":"订阅成功--$queue/winPos/+/2f83afee7a0e4822a6729145dd53af33/d2ff1bbb8c6f4fd8adb3949f76f8c1b6/+/+/+","timestamp":"2019-06-06 15:41:51"}
{"level":"info","message":"允许接收的平台=>posAdmin-dev,resto-dev","timestamp":"2019-06-06 15:41:51"}
{"level":"error","message":"==mqtt==close==你已断开连接,正常退出","timestamp":"2019-06-06 15:42:06"}
{"level":"error","message":"==mqtt==reconnect==正在尝试重新连接","timestamp":"2019-06-06 15:42:21"}
{"level":"info","message":"mqtt成功连接到：ws://test.emq.restoplus.cn:8083/mqtt","timestamp":"2019-06-06 15:42:21"}
{"level":"info","message":"订阅成功--$queue/winPos/+/2f83afee7a0e4822a6729145dd53af33/d2ff1bbb8c6f4fd8adb3949f76f8c1b6/+/+/+","timestamp":"2019-06-06 15:42:21"}
{"level":"info","message":"允许接收的平台=>posAdmin-dev,resto-dev","timestamp":"2019-06-06 15:42:21"}
{"level":"error","message":"==mqtt==close==你已断开连接,正常退出","timestamp":"2019-06-06 15:42:36"}
{"level":"error","message":"==mqtt==reconnect==正在尝试重新连接","timestamp":"2019-06-06 15:42:51"}
{"level":"info","message":"mqtt成功连接到：ws://test.emq.restoplus.cn:8083/mqtt","timestamp":"2019-06-06 15:42:51"}
{"level":"info","message":"订阅成功--$queue/winPos/+/2f83afee7a0e4822a6729145dd53af33/d2ff1bbb8c6f4fd8adb3949f76f8c1b6/+/+/+","timestamp":"2019-06-06 15:42:51"}
{"level":"info","message":"允许接收的平台=>posAdmin-dev,resto-dev","timestamp":"2019-06-06 15:42:51"}
{"level":"error","message":"==mqtt==close==你已断开连接,正常退出","timestamp":"2019-06-06 15:43:07"}
{"level":"error","message":"==mqtt==reconnect==正在尝试重新连接","timestamp":"2019-06-06 15:43:22"}
{"level":"info","message":"mqtt成功连接到：ws://test.emq.restoplus.cn:8083/mqtt","timestamp":"2019-06-06 15:43:22"}
{"level":"info","message":"订阅成功--$queue/winPos/+/2f83afee7a0e4822a6729145dd53af33/d2ff1bbb8c6f4fd8adb3949f76f8c1b6/+/+/+","timestamp":"2019-06-06 15:43:22"}
{"level":"info","message":"允许接收的平台=>posAdmin-dev,resto-dev","timestamp":"2019-06-06 15:43:22"}
{"level":"info","message":"GET /order/pay 11 2019-06-06 15:43:50","timestamp":"2019-06-06 15:43:50"}
{"level":"info","message":"GET /order/order_state_count 11 2019-06-06 15:43:50","timestamp":"2019-06-06 15:43:50"}
{"level":"info","message":"GET /order/detail 12 2019-06-06 15:43:50","timestamp":"2019-06-06 15:43:50"}
{"level":"info","message":"GET /order/get_order_test 12 2019-06-06 15:43:50","timestamp":"2019-06-06 15:43:50"}
{"level":"info","message":"GET /order/wait_order 9 2019-06-06 15:43:51","timestamp":"2019-06-06 15:43:51"}
{"level":"info","message":"GET /order/order_state_count 8 2019-06-06 15:43:51","timestamp":"2019-06-06 15:43:51"}
{"level":"info","message":"GET /order/get_order_test 9 2019-06-06 15:43:51","timestamp":"2019-06-06 15:43:51"}
{"level":"info","message":"GET /order/detail 15 2019-06-06 15:43:51","timestamp":"2019-06-06 15:43:51"}
{"level":"info","message":"GET /order/pay 6 2019-06-06 15:43:51","timestamp":"2019-06-06 15:43:51"}
{"level":"info","message":"GET /order/order_state_count 9 2019-06-06 15:43:51","timestamp":"2019-06-06 15:43:51"}
{"level":"info","message":"GET /order/get_order_test 9 2019-06-06 15:43:51","timestamp":"2019-06-06 15:43:51"}
{"level":"info","message":"GET /order/detail 17 2019-06-06 15:43:51","timestamp":"2019-06-06 15:43:51"}
{"level":"info","message":"GET /remark/order/refund 17 2019-06-06 15:43:54","timestamp":"2019-06-06 15:43:54"}
{"level":"info","message":"POST /order/refund 66 2019-06-06 15:44:05","timestamp":"2019-06-06 15:44:05"}
{"level":"info","message":"【/v1/newpos/order/return/article】==> 改单成功！","timestamp":"2019-06-06 15:44:05"}
{"level":"info","message":"GET /order/detail 117 2019-06-06 15:44:05","timestamp":"2019-06-06 15:44:05"}
{"level":"info","message":"POST /print/kitchen 10173 2019-06-06 15:44:16","timestamp":"2019-06-06 15:44:16"}
{"level":"error","message":"ServiceUnavailableError: Response timeout\n    at IncomingMessage.<anonymous> (/Users/chintec/Documents/node/resto-newpos/node_modules/connect-timeout/index.js:84:8)\n    at emitOne (events.js:116:13)\n    at IncomingMessage.emit (events.js:211:7)\n    at Timeout._onTimeout (/Users/chintec/Documents/node/resto-newpos/node_modules/connect-timeout/index.js:49:11)\n    at ontimeout (timers.js:475:11)\n    at tryOnTimeout (timers.js:310:5)\n    at Timer.listOnTimeout (timers.js:270:5)","timestamp":"2019-06-06 15:44:35"}
{"level":"info","message":"POST /print/total 30001 2019-06-06 15:44:35","timestamp":"2019-06-06 15:44:35"}
{"level":"error","message":"==mqtt==close==你已断开连接,正常退出","timestamp":"2019-06-06 15:45:02"}
{"level":"error","message":"==mqtt==reconnect==正在尝试重新连接","timestamp":"2019-06-06 15:45:17"}
{"level":"info","message":"mqtt成功连接到：ws://test.emq.restoplus.cn:8083/mqtt","timestamp":"2019-06-06 15:45:17"}
{"level":"info","message":"订阅成功--$queue/winPos/+/2f83afee7a0e4822a6729145dd53af33/d2ff1bbb8c6f4fd8adb3949f76f8c1b6/+/+/+","timestamp":"2019-06-06 15:45:17"}
{"level":"info","message":"允许接收的平台=>posAdmin-dev,resto-dev","timestamp":"2019-06-06 15:45:17"}
{"level":"error","message":"==mqtt==close==你已断开连接,正常退出","timestamp":"2019-06-06 15:45:32"}
{"level":"error","message":"==mqtt==reconnect==正在尝试重新连接","timestamp":"2019-06-06 15:45:47"}
{"level":"info","message":"mqtt成功连接到：ws://test.emq.restoplus.cn:8083/mqtt","timestamp":"2019-06-06 15:45:47"}
{"level":"info","message":"订阅成功--$queue/winPos/+/2f83afee7a0e4822a6729145dd53af33/d2ff1bbb8c6f4fd8adb3949f76f8c1b6/+/+/+","timestamp":"2019-06-06 15:45:47"}
{"level":"info","message":"允许接收的平台=>posAdmin-dev,resto-dev","timestamp":"2019-06-06 15:45:47"}
{"level":"error","message":"==mqtt==close==你已断开连接,正常退出","timestamp":"2019-06-06 15:46:02"}
{"level":"error","message":"==mqtt==reconnect==正在尝试重新连接","timestamp":"2019-06-06 15:46:17"}
{"level":"info","message":"mqtt成功连接到：ws://test.emq.restoplus.cn:8083/mqtt","timestamp":"2019-06-06 15:46:17"}
{"level":"info","message":"订阅成功--$queue/winPos/+/2f83afee7a0e4822a6729145dd53af33/d2ff1bbb8c6f4fd8adb3949f76f8c1b6/+/+/+","timestamp":"2019-06-06 15:46:17"}
{"level":"info","message":"允许接收的平台=>posAdmin-dev,resto-dev","timestamp":"2019-06-06 15:46:17"}
{"level":"error","message":"==mqtt==close==你已断开连接,正常退出","timestamp":"2019-06-06 15:46:32"}
{"level":"error","message":"==mqtt==reconnect==正在尝试重新连接","timestamp":"2019-06-06 15:46:47"}
{"level":"info","message":"mqtt成功连接到：ws://test.emq.restoplus.cn:8083/mqtt","timestamp":"2019-06-06 15:46:47"}
{"level":"info","message":"订阅成功--$queue/winPos/+/2f83afee7a0e4822a6729145dd53af33/d2ff1bbb8c6f4fd8adb3949f76f8c1b6/+/+/+","timestamp":"2019-06-06 15:46:47"}
{"level":"info","message":"允许接收的平台=>posAdmin-dev,resto-dev","timestamp":"2019-06-06 15:46:47"}
{"level":"error","message":"==mqtt==close==你已断开连接,正常退出","timestamp":"2019-06-06 15:47:02"}
{"level":"error","message":"==mqtt==reconnect==正在尝试重新连接","timestamp":"2019-06-06 15:47:17"}
{"level":"info","message":"mqtt成功连接到：ws://test.emq.restoplus.cn:8083/mqtt","timestamp":"2019-06-06 15:47:17"}
{"level":"info","message":"订阅成功--$queue/winPos/+/2f83afee7a0e4822a6729145dd53af33/d2ff1bbb8c6f4fd8adb3949f76f8c1b6/+/+/+","timestamp":"2019-06-06 15:47:17"}
{"level":"info","message":"允许接收的平台=>posAdmin-dev,resto-dev","timestamp":"2019-06-06 15:47:17"}
{"level":"error","message":"==mqtt==close==你已断开连接,正常退出","timestamp":"2019-06-06 15:47:32"}
{"level":"error","message":"==mqtt==reconnect==正在尝试重新连接","timestamp":"2019-06-06 15:47:47"}
{"level":"info","message":"mqtt成功连接到：ws://test.emq.restoplus.cn:8083/mqtt","timestamp":"2019-06-06 15:47:48"}
{"level":"info","message":"订阅成功--$queue/winPos/+/2f83afee7a0e4822a6729145dd53af33/d2ff1bbb8c6f4fd8adb3949f76f8c1b6/+/+/+","timestamp":"2019-06-06 15:47:48"}
{"level":"info","message":"允许接收的平台=>posAdmin-dev,resto-dev","timestamp":"2019-06-06 15:47:48"}
{"level":"error","message":"==mqtt==close==你已断开连接,正常退出","timestamp":"2019-06-06 15:48:03"}
{"level":"error","message":"==mqtt==reconnect==正在尝试重新连接","timestamp":"2019-06-06 15:48:18"}
{"level":"info","message":"mqtt成功连接到：ws://test.emq.restoplus.cn:8083/mqtt","timestamp":"2019-06-06 15:48:18"}
{"level":"info","message":"订阅成功--$queue/winPos/+/2f83afee7a0e4822a6729145dd53af33/d2ff1bbb8c6f4fd8adb3949f76f8c1b6/+/+/+","timestamp":"2019-06-06 15:48:18"}
{"level":"info","message":"允许接收的平台=>posAdmin-dev,resto-dev","timestamp":"2019-06-06 15:48:18"}
{"level":"error","message":"==mqtt==close==你已断开连接,正常退出","timestamp":"2019-06-06 15:48:33"}
{"level":"error","message":"==mqtt==reconnect==正在尝试重新连接","timestamp":"2019-06-06 15:48:48"}
{"level":"info","message":"mqtt成功连接到：ws://test.emq.restoplus.cn:8083/mqtt","timestamp":"2019-06-06 15:48:48"}
{"level":"info","message":"订阅成功--$queue/winPos/+/2f83afee7a0e4822a6729145dd53af33/d2ff1bbb8c6f4fd8adb3949f76f8c1b6/+/+/+","timestamp":"2019-06-06 15:48:48"}
{"level":"info","message":"允许接收的平台=>posAdmin-dev,resto-dev","timestamp":"2019-06-06 15:48:48"}
{"level":"error","message":"==mqtt==close==你已断开连接,正常退出","timestamp":"2019-06-06 15:49:03"}
{"level":"error","message":"==mqtt==reconnect==正在尝试重新连接","timestamp":"2019-06-06 15:49:18"}
{"level":"info","message":"mqtt成功连接到：ws://test.emq.restoplus.cn:8083/mqtt","timestamp":"2019-06-06 15:49:18"}
{"level":"info","message":"订阅成功--$queue/winPos/+/2f83afee7a0e4822a6729145dd53af33/d2ff1bbb8c6f4fd8adb3949f76f8c1b6/+/+/+","timestamp":"2019-06-06 15:49:18"}
{"level":"info","message":"允许接收的平台=>posAdmin-dev,resto-dev","timestamp":"2019-06-06 15:49:18"}
{"level":"error","message":"==mqtt==close==你已断开连接,正常退出","timestamp":"2019-06-06 15:49:33"}
{"level":"error","message":"==mqtt==reconnect==正在尝试重新连接","timestamp":"2019-06-06 15:49:48"}
{"level":"info","message":"mqtt成功连接到：ws://test.emq.restoplus.cn:8083/mqtt","timestamp":"2019-06-06 15:49:48"}
{"level":"info","message":"订阅成功--$queue/winPos/+/2f83afee7a0e4822a6729145dd53af33/d2ff1bbb8c6f4fd8adb3949f76f8c1b6/+/+/+","timestamp":"2019-06-06 15:49:48"}
{"level":"info","message":"允许接收的平台=>posAdmin-dev,resto-dev","timestamp":"2019-06-06 15:49:48"}
{"level":"error","message":"==mqtt==close==你已断开连接,正常退出","timestamp":"2019-06-06 15:50:03"}
{"level":"error","message":"==mqtt==reconnect==正在尝试重新连接","timestamp":"2019-06-06 15:50:18"}
{"level":"info","message":"mqtt成功连接到：ws://test.emq.restoplus.cn:8083/mqtt","timestamp":"2019-06-06 15:50:18"}
{"level":"info","message":"订阅成功--$queue/winPos/+/2f83afee7a0e4822a6729145dd53af33/d2ff1bbb8c6f4fd8adb3949f76f8c1b6/+/+/+","timestamp":"2019-06-06 15:50:18"}
{"level":"info","message":"允许接收的平台=>posAdmin-dev,resto-dev","timestamp":"2019-06-06 15:50:18"}
{"level":"error","message":"==mqtt==close==你已断开连接,正常退出","timestamp":"2019-06-06 15:50:33"}
{"level":"error","message":"==mqtt==reconnect==正在尝试重新连接","timestamp":"2019-06-06 15:50:48"}
{"level":"info","message":"mqtt成功连接到：ws://test.emq.restoplus.cn:8083/mqtt","timestamp":"2019-06-06 15:50:48"}
{"level":"info","message":"订阅成功--$queue/winPos/+/2f83afee7a0e4822a6729145dd53af33/d2ff1bbb8c6f4fd8adb3949f76f8c1b6/+/+/+","timestamp":"2019-06-06 15:50:48"}
{"level":"info","message":"允许接收的平台=>posAdmin-dev,resto-dev","timestamp":"2019-06-06 15:50:48"}
{"level":"error","message":"==mqtt==close==你已断开连接,正常退出","timestamp":"2019-06-06 15:51:03"}
{"level":"error","message":"==mqtt==reconnect==正在尝试重新连接","timestamp":"2019-06-06 15:51:18"}
{"level":"info","message":"mqtt成功连接到：ws://test.emq.restoplus.cn:8083/mqtt","timestamp":"2019-06-06 15:51:18"}
{"level":"info","message":"订阅成功--$queue/winPos/+/2f83afee7a0e4822a6729145dd53af33/d2ff1bbb8c6f4fd8adb3949f76f8c1b6/+/+/+","timestamp":"2019-06-06 15:51:18"}
{"level":"info","message":"允许接收的平台=>posAdmin-dev,resto-dev","timestamp":"2019-06-06 15:51:18"}
{"level":"error","message":"==mqtt==close==你已断开连接,正常退出","timestamp":"2019-06-06 15:52:27"}
{"level":"error","message":"==mqtt==reconnect==正在尝试重新连接","timestamp":"2019-06-06 15:52:42"}
{"level":"info","message":"mqtt成功连接到：ws://test.emq.restoplus.cn:8083/mqtt","timestamp":"2019-06-06 15:52:42"}
{"level":"info","message":"订阅成功--$queue/winPos/+/2f83afee7a0e4822a6729145dd53af33/d2ff1bbb8c6f4fd8adb3949f76f8c1b6/+/+/+","timestamp":"2019-06-06 15:52:42"}
{"level":"info","message":"允许接收的平台=>posAdmin-dev,resto-dev","timestamp":"2019-06-06 15:52:42"}
{"level":"error","message":"==mqtt==close==你已断开连接,正常退出","timestamp":"2019-06-06 15:52:58"}
{"level":"error","message":"==mqtt==reconnect==正在尝试重新连接","timestamp":"2019-06-06 15:53:13"}
{"level":"info","message":"mqtt成功连接到：ws://test.emq.restoplus.cn:8083/mqtt","timestamp":"2019-06-06 15:53:13"}
{"level":"info","message":"订阅成功--$queue/winPos/+/2f83afee7a0e4822a6729145dd53af33/d2ff1bbb8c6f4fd8adb3949f76f8c1b6/+/+/+","timestamp":"2019-06-06 15:53:13"}
{"level":"info","message":"允许接收的平台=>posAdmin-dev,resto-dev","timestamp":"2019-06-06 15:53:13"}
{"level":"error","message":"==mqtt==close==你已断开连接,正常退出","timestamp":"2019-06-06 15:53:28"}
{"level":"error","message":"==mqtt==reconnect==正在尝试重新连接","timestamp":"2019-06-06 15:53:43"}
{"level":"info","message":"mqtt成功连接到：ws://test.emq.restoplus.cn:8083/mqtt","timestamp":"2019-06-06 15:53:43"}
{"level":"info","message":"订阅成功--$queue/winPos/+/2f83afee7a0e4822a6729145dd53af33/d2ff1bbb8c6f4fd8adb3949f76f8c1b6/+/+/+","timestamp":"2019-06-06 15:53:43"}
{"level":"info","message":"允许接收的平台=>posAdmin-dev,resto-dev","timestamp":"2019-06-06 15:53:43"}
{"level":"error","message":"==mqtt==close==你已断开连接,正常退出","timestamp":"2019-06-06 15:53:58"}
{"level":"error","message":"==mqtt==reconnect==正在尝试重新连接","timestamp":"2019-06-06 15:54:13"}
{"level":"info","message":"mqtt成功连接到：ws://test.emq.restoplus.cn:8083/mqtt","timestamp":"2019-06-06 15:54:13"}
{"level":"info","message":"订阅成功--$queue/winPos/+/2f83afee7a0e4822a6729145dd53af33/d2ff1bbb8c6f4fd8adb3949f76f8c1b6/+/+/+","timestamp":"2019-06-06 15:54:13"}
{"level":"info","message":"允许接收的平台=>posAdmin-dev,resto-dev","timestamp":"2019-06-06 15:54:13"}
{"level":"error","message":"==mqtt==close==你已断开连接,正常退出","timestamp":"2019-06-06 15:54:28"}
{"level":"error","message":"==mqtt==reconnect==正在尝试重新连接","timestamp":"2019-06-06 15:54:43"}
{"level":"info","message":"mqtt成功连接到：ws://test.emq.restoplus.cn:8083/mqtt","timestamp":"2019-06-06 15:54:43"}
{"level":"info","message":"订阅成功--$queue/winPos/+/2f83afee7a0e4822a6729145dd53af33/d2ff1bbb8c6f4fd8adb3949f76f8c1b6/+/+/+","timestamp":"2019-06-06 15:54:43"}
{"level":"info","message":"允许接收的平台=>posAdmin-dev,resto-dev","timestamp":"2019-06-06 15:54:43"}
{"level":"error","message":"==mqtt==close==你已断开连接,正常退出","timestamp":"2019-06-06 15:54:58"}
{"level":"error","message":"==mqtt==reconnect==正在尝试重新连接","timestamp":"2019-06-06 15:55:13"}
{"level":"error","message":"==mqtt==close==你已断开连接,异常退出","timestamp":"2019-06-06 15:56:26"}
{"level":"error","message":"==mqtt==reconnect==正在尝试重新连接","timestamp":"2019-06-06 15:56:41"}
{"level":"info","message":"mqtt成功连接到：ws://test.emq.restoplus.cn:8083/mqtt","timestamp":"2019-06-06 15:56:41"}
{"level":"info","message":"订阅成功--$queue/winPos/+/2f83afee7a0e4822a6729145dd53af33/d2ff1bbb8c6f4fd8adb3949f76f8c1b6/+/+/+","timestamp":"2019-06-06 15:56:41"}
{"level":"info","message":"允许接收的平台=>posAdmin-dev,resto-dev","timestamp":"2019-06-06 15:56:41"}
{"level":"error","message":"==mqtt==close==你已断开连接,正常退出","timestamp":"2019-06-06 15:56:56"}
{"level":"error","message":"==mqtt==reconnect==正在尝试重新连接","timestamp":"2019-06-06 15:57:11"}
{"level":"info","message":"mqtt成功连接到：ws://test.emq.restoplus.cn:8083/mqtt","timestamp":"2019-06-06 15:57:11"}
{"level":"info","message":"订阅成功--$queue/winPos/+/2f83afee7a0e4822a6729145dd53af33/d2ff1bbb8c6f4fd8adb3949f76f8c1b6/+/+/+","timestamp":"2019-06-06 15:57:11"}
{"level":"info","message":"允许接收的平台=>posAdmin-dev,resto-dev","timestamp":"2019-06-06 15:57:11"}
{"level":"error","message":"==mqtt==close==你已断开连接,正常退出","timestamp":"2019-06-06 15:57:26"}
{"level":"error","message":"==mqtt==reconnect==正在尝试重新连接","timestamp":"2019-06-06 15:57:41"}
{"level":"info","message":"mqtt成功连接到：ws://test.emq.restoplus.cn:8083/mqtt","timestamp":"2019-06-06 15:57:41"}
{"level":"info","message":"订阅成功--$queue/winPos/+/2f83afee7a0e4822a6729145dd53af33/d2ff1bbb8c6f4fd8adb3949f76f8c1b6/+/+/+","timestamp":"2019-06-06 15:57:41"}
{"level":"info","message":"允许接收的平台=>posAdmin-dev,resto-dev","timestamp":"2019-06-06 15:57:41"}
{"level":"error","message":"==mqtt==close==你已断开连接,正常退出","timestamp":"2019-06-06 15:57:56"}
{"level":"error","message":"==mqtt==reconnect==正在尝试重新连接","timestamp":"2019-06-06 15:58:11"}
{"level":"info","message":"mqtt成功连接到：ws://test.emq.restoplus.cn:8083/mqtt","timestamp":"2019-06-06 15:58:11"}
{"level":"info","message":"订阅成功--$queue/winPos/+/2f83afee7a0e4822a6729145dd53af33/d2ff1bbb8c6f4fd8adb3949f76f8c1b6/+/+/+","timestamp":"2019-06-06 15:58:11"}
{"level":"info","message":"允许接收的平台=>posAdmin-dev,resto-dev","timestamp":"2019-06-06 15:58:11"}
{"level":"error","message":"==mqtt==close==你已断开连接,正常退出","timestamp":"2019-06-06 15:58:26"}
{"level":"error","message":"==mqtt==reconnect==正在尝试重新连接","timestamp":"2019-06-06 15:58:41"}
{"level":"info","message":"mqtt成功连接到：ws://test.emq.restoplus.cn:8083/mqtt","timestamp":"2019-06-06 15:58:41"}
{"level":"info","message":"订阅成功--$queue/winPos/+/2f83afee7a0e4822a6729145dd53af33/d2ff1bbb8c6f4fd8adb3949f76f8c1b6/+/+/+","timestamp":"2019-06-06 15:58:41"}
{"level":"info","message":"允许接收的平台=>posAdmin-dev,resto-dev","timestamp":"2019-06-06 15:58:41"}
{"level":"error","message":"==mqtt==close==你已断开连接,正常退出","timestamp":"2019-06-06 15:58:56"}
{"level":"error","message":"==mqtt==reconnect==正在尝试重新连接","timestamp":"2019-06-06 15:59:11"}
{"level":"info","message":"mqtt成功连接到：ws://test.emq.restoplus.cn:8083/mqtt","timestamp":"2019-06-06 15:59:11"}
{"level":"info","message":"订阅成功--$queue/winPos/+/2f83afee7a0e4822a6729145dd53af33/d2ff1bbb8c6f4fd8adb3949f76f8c1b6/+/+/+","timestamp":"2019-06-06 15:59:11"}
{"level":"info","message":"允许接收的平台=>posAdmin-dev,resto-dev","timestamp":"2019-06-06 15:59:11"}
{"level":"error","message":"==mqtt==close==你已断开连接,正常退出","timestamp":"2019-06-06 15:59:26"}
{"level":"error","message":"==mqtt==reconnect==正在尝试重新连接","timestamp":"2019-06-06 15:59:41"}
{"level":"info","message":"mqtt成功连接到：ws://test.emq.restoplus.cn:8083/mqtt","timestamp":"2019-06-06 15:59:41"}
{"level":"info","message":"订阅成功--$queue/winPos/+/2f83afee7a0e4822a6729145dd53af33/d2ff1bbb8c6f4fd8adb3949f76f8c1b6/+/+/+","timestamp":"2019-06-06 15:59:41"}
{"level":"info","message":"允许接收的平台=>posAdmin-dev,resto-dev","timestamp":"2019-06-06 15:59:41"}
{"level":"error","message":"==mqtt==close==你已断开连接,正常退出","timestamp":"2019-06-06 15:59:57"}
{"level":"error","message":"==mqtt==reconnect==正在尝试重新连接","timestamp":"2019-06-06 16:00:12"}
{"level":"info","message":"mqtt成功连接到：ws://test.emq.restoplus.cn:8083/mqtt","timestamp":"2019-06-06 16:00:12"}
{"level":"info","message":"订阅成功--$queue/winPos/+/2f83afee7a0e4822a6729145dd53af33/d2ff1bbb8c6f4fd8adb3949f76f8c1b6/+/+/+","timestamp":"2019-06-06 16:00:12"}
{"level":"info","message":"允许接收的平台=>posAdmin-dev,resto-dev","timestamp":"2019-06-06 16:00:12"}
{"level":"error","message":"==mqtt==close==你已断开连接,正常退出","timestamp":"2019-06-06 16:00:27"}
{"level":"error","message":"==mqtt==reconnect==正在尝试重新连接","timestamp":"2019-06-06 16:00:42"}
{"level":"info","message":"mqtt成功连接到：ws://test.emq.restoplus.cn:8083/mqtt","timestamp":"2019-06-06 16:00:42"}
{"level":"info","message":"订阅成功--$queue/winPos/+/2f83afee7a0e4822a6729145dd53af33/d2ff1bbb8c6f4fd8adb3949f76f8c1b6/+/+/+","timestamp":"2019-06-06 16:00:42"}
{"level":"info","message":"允许接收的平台=>posAdmin-dev,resto-dev","timestamp":"2019-06-06 16:00:42"}
