{"level":"info","message":"mqtt成功连接到：ws://test.emq.restoplus.cn:8083/mqtt","timestamp":"2019-04-29 10:03:12"}
{"level":"info","message":"订阅成功--$queue/winPos/+/2f83afee7a0e4822a6729145dd53af33/d2ff1bbb8c6f4fd8adb3949f76f8c1b6/+/+/+","timestamp":"2019-04-29 10:03:12"}
{"level":"info","message":"允许接收的平台=>posAdmin-dev,resto-dev","timestamp":"2019-04-29 10:03:12"}
{"level":"error","message":"==mqtt==close==你已断开连接,正常退出","timestamp":"2019-04-29 10:03:55"}
{"level":"error","message":"==mqtt==reconnect==正在尝试重新连接","timestamp":"2019-04-29 10:04:11"}
{"level":"info","message":"mqtt成功连接到：ws://test.emq.restoplus.cn:8083/mqtt","timestamp":"2019-04-29 10:04:12"}
{"level":"info","message":"订阅成功--$queue/winPos/+/2f83afee7a0e4822a6729145dd53af33/d2ff1bbb8c6f4fd8adb3949f76f8c1b6/+/+/+","timestamp":"2019-04-29 10:04:12"}
{"level":"info","message":"允许接收的平台=>posAdmin-dev,resto-dev","timestamp":"2019-04-29 10:04:12"}
{"level":"info","message":"GET /system/info 301 2019-04-29 10:37:59","timestamp":"2019-04-29 10:37:59"}
{"level":"info","message":"GET /article/family_list 37 2019-04-29 10:38:00","timestamp":"2019-04-29 10:38:00"}
{"level":"info","message":"GET /article/article_list 84 2019-04-29 10:38:00","timestamp":"2019-04-29 10:38:00"}
{"level":"info","message":"GET /article/article_list 14 2019-04-29 10:38:31","timestamp":"2019-04-29 10:38:31"}
{"level":"info","message":"GET /system/info 8 2019-04-29 10:39:52","timestamp":"2019-04-29 10:39:52"}
{"level":"info","message":"GET /article/family_list 2 2019-04-29 10:39:52","timestamp":"2019-04-29 10:39:52"}
{"level":"info","message":"GET /article/article_list 17 2019-04-29 10:39:52","timestamp":"2019-04-29 10:39:52"}
{"level":"info","message":"GET /area 18 2019-04-29 10:40:01","timestamp":"2019-04-29 10:40:01"}
{"level":"info","message":"GET /order/order_state_count 117 2019-04-29 10:40:01","timestamp":"2019-04-29 10:40:01"}
{"level":"info","message":"GET /table/list 137 2019-04-29 10:40:01","timestamp":"2019-04-29 10:40:01"}
{"level":"info","message":"GET /order/get_order_test 79 2019-04-29 10:40:02","timestamp":"2019-04-29 10:40:02"}
{"level":"info","message":"GET /order/detail 81 2019-04-29 10:40:02","timestamp":"2019-04-29 10:40:02"}
{"level":"info","message":"GET /order/get_order_test 4 2019-04-29 10:40:02","timestamp":"2019-04-29 10:40:02"}
{"level":"info","message":"GET /article/family_list 1 2019-04-29 10:40:03","timestamp":"2019-04-29 10:40:03"}
{"level":"info","message":"GET /article/article_list 12 2019-04-29 10:40:04","timestamp":"2019-04-29 10:40:04"}
{"level":"info","message":"GET /order/order_state_count 6 2019-04-29 10:40:05","timestamp":"2019-04-29 10:40:05"}
{"level":"info","message":"GET /area 7 2019-04-29 10:40:05","timestamp":"2019-04-29 10:40:05"}
{"level":"info","message":"GET /table/list 7 2019-04-29 10:40:05","timestamp":"2019-04-29 10:40:05"}
{"level":"info","message":"GET /order/detail 6 2019-04-29 10:40:05","timestamp":"2019-04-29 10:40:05"}
{"level":"info","message":"GET /order/get_order_test 3 2019-04-29 10:40:05","timestamp":"2019-04-29 10:40:05"}
{"level":"info","message":"GET /order/get_order_test 3 2019-04-29 10:40:05","timestamp":"2019-04-29 10:40:05"}
{"level":"info","message":"GET /article/family_list 2 2019-04-29 10:40:06","timestamp":"2019-04-29 10:40:06"}
{"level":"info","message":"GET /article/article_list 14 2019-04-29 10:40:06","timestamp":"2019-04-29 10:40:06"}
{"level":"info","message":"GET /order/order_state_count 7 2019-04-29 10:40:07","timestamp":"2019-04-29 10:40:07"}
{"level":"info","message":"GET /area 8 2019-04-29 10:40:08","timestamp":"2019-04-29 10:40:08"}
{"level":"info","message":"GET /table/list 7 2019-04-29 10:40:08","timestamp":"2019-04-29 10:40:08"}
{"level":"info","message":"GET /order/detail 8 2019-04-29 10:40:08","timestamp":"2019-04-29 10:40:08"}
{"level":"info","message":"GET /order/get_order_test 3 2019-04-29 10:40:08","timestamp":"2019-04-29 10:40:08"}
{"level":"info","message":"GET /order/get_order_test 4 2019-04-29 10:40:08","timestamp":"2019-04-29 10:40:08"}
{"level":"info","message":"GET /article/family_list 1 2019-04-29 10:40:09","timestamp":"2019-04-29 10:40:09"}
{"level":"info","message":"GET /article/article_list 14 2019-04-29 10:40:09","timestamp":"2019-04-29 10:40:09"}
{"level":"info","message":"GET /article/family_list 2 2019-04-29 10:45:22","timestamp":"2019-04-29 10:45:22"}
{"level":"info","message":"GET /article/article_list 12 2019-04-29 10:45:22","timestamp":"2019-04-29 10:45:22"}
{"level":"info","message":"GET /system/info 4 2019-04-29 10:45:43","timestamp":"2019-04-29 10:45:43"}
{"level":"info","message":"GET /article/family_list 2 2019-04-29 10:45:44","timestamp":"2019-04-29 10:45:44"}
{"level":"info","message":"GET /article/article_list 12 2019-04-29 10:45:44","timestamp":"2019-04-29 10:45:44"}
{"level":"info","message":"GET /article/article_list 17 2019-04-29 10:45:49","timestamp":"2019-04-29 10:45:49"}
{"level":"info","message":"GET /article/article_list 11 2019-04-29 10:46:15","timestamp":"2019-04-29 10:46:15"}
{"level":"info","message":"GET /article/article_list 13 2019-04-29 10:46:17","timestamp":"2019-04-29 10:46:17"}
{"level":"info","message":"GET /system/info 8 2019-04-29 10:48:08","timestamp":"2019-04-29 10:48:08"}
{"level":"info","message":"GET /article/family_list 3 2019-04-29 10:48:09","timestamp":"2019-04-29 10:48:09"}
{"level":"info","message":"GET /article/article_list 12 2019-04-29 10:48:09","timestamp":"2019-04-29 10:48:09"}
{"level":"info","message":"GET /article/article_list 13 2019-04-29 10:48:12","timestamp":"2019-04-29 10:48:12"}
{"level":"info","message":"GET /system/info 3 2019-04-29 10:48:28","timestamp":"2019-04-29 10:48:28"}
{"level":"info","message":"GET /article/family_list 2 2019-04-29 10:48:29","timestamp":"2019-04-29 10:48:29"}
{"level":"info","message":"GET /article/article_list 11 2019-04-29 10:48:29","timestamp":"2019-04-29 10:48:29"}
{"level":"info","message":"GET /article/article_list 22 2019-04-29 10:49:57","timestamp":"2019-04-29 10:49:57"}
{"level":"info","message":"GET /system/info 8 2019-04-29 10:53:09","timestamp":"2019-04-29 10:53:09"}
{"level":"info","message":"GET /article/family_list 2 2019-04-29 10:53:09","timestamp":"2019-04-29 10:53:09"}
{"level":"info","message":"GET /article/article_list 15 2019-04-29 10:53:10","timestamp":"2019-04-29 10:53:10"}
{"level":"info","message":"GET /system/info 8 2019-04-29 10:54:59","timestamp":"2019-04-29 10:54:59"}
{"level":"info","message":"GET /article/family_list 3 2019-04-29 10:54:59","timestamp":"2019-04-29 10:54:59"}
{"level":"info","message":"GET /article/article_list 15 2019-04-29 10:54:59","timestamp":"2019-04-29 10:54:59"}
{"level":"info","message":"GET /system/info 8 2019-04-29 10:56:20","timestamp":"2019-04-29 10:56:20"}
{"level":"info","message":"GET /article/family_list 3 2019-04-29 10:56:21","timestamp":"2019-04-29 10:56:21"}
{"level":"info","message":"GET /article/article_list 15 2019-04-29 10:56:21","timestamp":"2019-04-29 10:56:21"}
{"level":"info","message":"GET /system/info 7 2019-04-29 10:59:48","timestamp":"2019-04-29 10:59:48"}
{"level":"info","message":"GET /article/family_list 2 2019-04-29 10:59:49","timestamp":"2019-04-29 10:59:49"}
{"level":"info","message":"GET /article/article_list 14 2019-04-29 10:59:49","timestamp":"2019-04-29 10:59:49"}
{"level":"info","message":"GET /system/info 8 2019-04-29 11:00:30","timestamp":"2019-04-29 11:00:30"}
{"level":"info","message":"GET /article/family_list 3 2019-04-29 11:00:31","timestamp":"2019-04-29 11:00:31"}
{"level":"info","message":"GET /article/article_list 14 2019-04-29 11:00:31","timestamp":"2019-04-29 11:00:31"}
{"level":"info","message":"GET /system/info 4 2019-04-29 11:01:27","timestamp":"2019-04-29 11:01:27"}
{"level":"info","message":"GET /article/family_list 5 2019-04-29 11:01:28","timestamp":"2019-04-29 11:01:28"}
{"level":"info","message":"GET /article/article_list 16 2019-04-29 11:01:28","timestamp":"2019-04-29 11:01:28"}
{"level":"info","message":"GET /system/info 10 2019-04-29 11:03:18","timestamp":"2019-04-29 11:03:19"}
{"level":"info","message":"GET /article/family_list 2 2019-04-29 11:03:19","timestamp":"2019-04-29 11:03:19"}
{"level":"info","message":"GET /article/article_list 20 2019-04-29 11:03:19","timestamp":"2019-04-29 11:03:19"}
{"level":"info","message":"GET /system/info 7 2019-04-29 11:06:10","timestamp":"2019-04-29 11:06:10"}
{"level":"info","message":"GET /article/family_list 2 2019-04-29 11:06:10","timestamp":"2019-04-29 11:06:10"}
{"level":"info","message":"GET /article/article_list 16 2019-04-29 11:06:11","timestamp":"2019-04-29 11:06:11"}
{"level":"info","message":"GET /article/family_list 2 2019-04-29 11:06:40","timestamp":"2019-04-29 11:06:40"}
{"level":"info","message":"GET /article/article_list 25 2019-04-29 11:06:40","timestamp":"2019-04-29 11:06:40"}
{"level":"info","message":"GET /article/family_list 4 2019-04-29 11:07:12","timestamp":"2019-04-29 11:07:12"}
{"level":"info","message":"GET /article/article_list 16 2019-04-29 11:07:12","timestamp":"2019-04-29 11:07:12"}
{"level":"info","message":"GET /system/info 5 2019-04-29 11:07:14","timestamp":"2019-04-29 11:07:14"}
{"level":"info","message":"GET /article/family_list 1 2019-04-29 11:07:15","timestamp":"2019-04-29 11:07:15"}
{"level":"info","message":"GET /article/article_list 12 2019-04-29 11:07:15","timestamp":"2019-04-29 11:07:15"}
{"level":"info","message":"GET /article/family_list 2 2019-04-29 11:07:43","timestamp":"2019-04-29 11:07:43"}
{"level":"info","message":"GET /article/article_list 14 2019-04-29 11:07:43","timestamp":"2019-04-29 11:07:43"}
{"level":"info","message":"GET /article/article_list 14 2019-04-29 11:08:01","timestamp":"2019-04-29 11:08:01"}
{"level":"info","message":"GET /article/article_list 11 2019-04-29 11:08:02","timestamp":"2019-04-29 11:08:02"}
{"level":"info","message":"GET /article/article_list 12 2019-04-29 11:08:03","timestamp":"2019-04-29 11:08:03"}
{"level":"info","message":"GET /article/article_list 8 2019-04-29 11:08:03","timestamp":"2019-04-29 11:08:03"}
{"level":"info","message":"GET /article/article_list 9 2019-04-29 11:08:04","timestamp":"2019-04-29 11:08:04"}
{"level":"info","message":"GET /article/article_list 10 2019-04-29 11:08:05","timestamp":"2019-04-29 11:08:05"}
{"level":"info","message":"GET /article/article_list 46 2019-04-29 11:08:05","timestamp":"2019-04-29 11:08:05"}
{"level":"info","message":"GET /article/article_list 10 2019-04-29 11:08:06","timestamp":"2019-04-29 11:08:06"}
{"level":"info","message":"GET /article/article_list 17 2019-04-29 11:08:08","timestamp":"2019-04-29 11:08:08"}
{"level":"info","message":"GET /article/article_list 11 2019-04-29 11:08:09","timestamp":"2019-04-29 11:08:09"}
{"level":"info","message":"GET /system/info 4 2019-04-29 11:08:28","timestamp":"2019-04-29 11:08:28"}
{"level":"info","message":"GET /article/family_list 2 2019-04-29 11:08:29","timestamp":"2019-04-29 11:08:29"}
{"level":"info","message":"GET /article/article_list 10 2019-04-29 11:08:29","timestamp":"2019-04-29 11:08:29"}
{"level":"info","message":"GET /article/family_list 3 2019-04-29 11:10:48","timestamp":"2019-04-29 11:10:48"}
{"level":"info","message":"GET /article/article_list 23 2019-04-29 11:10:49","timestamp":"2019-04-29 11:10:49"}
{"level":"info","message":"GET /article/family_list 3 2019-04-29 11:11:32","timestamp":"2019-04-29 11:11:32"}
{"level":"info","message":"GET /article/article_list 17 2019-04-29 11:11:32","timestamp":"2019-04-29 11:11:32"}
{"level":"info","message":"GET /system/info 5 2019-04-29 11:11:39","timestamp":"2019-04-29 11:11:39"}
{"level":"info","message":"GET /article/family_list 1 2019-04-29 11:11:39","timestamp":"2019-04-29 11:11:39"}
{"level":"info","message":"GET /article/article_list 14 2019-04-29 11:11:40","timestamp":"2019-04-29 11:11:40"}
{"level":"info","message":"GET /article/article_list 14 2019-04-29 11:11:41","timestamp":"2019-04-29 11:11:41"}
{"level":"info","message":"GET /article/article_list 12 2019-04-29 11:11:41","timestamp":"2019-04-29 11:11:41"}
{"level":"info","message":"GET /article/article_list 15 2019-04-29 11:11:46","timestamp":"2019-04-29 11:11:46"}
{"level":"info","message":"GET /article/family_list 4 2019-04-29 11:12:18","timestamp":"2019-04-29 11:12:18"}
{"level":"info","message":"GET /article/article_list 17 2019-04-29 11:12:18","timestamp":"2019-04-29 11:12:18"}
{"level":"info","message":"GET /system/info 6 2019-04-29 11:12:39","timestamp":"2019-04-29 11:12:39"}
{"level":"info","message":"GET /article/family_list 1 2019-04-29 11:12:40","timestamp":"2019-04-29 11:12:40"}
{"level":"info","message":"GET /article/article_list 11 2019-04-29 11:12:40","timestamp":"2019-04-29 11:12:40"}
{"level":"info","message":"GET /article/family_list 3 2019-04-29 11:13:38","timestamp":"2019-04-29 11:13:38"}
{"level":"info","message":"GET /article/article_list 13 2019-04-29 11:13:38","timestamp":"2019-04-29 11:13:38"}
{"level":"info","message":"GET /system/info 4 2019-04-29 11:14:09","timestamp":"2019-04-29 11:14:09"}
{"level":"info","message":"GET /article/family_list 1 2019-04-29 11:14:09","timestamp":"2019-04-29 11:14:09"}
{"level":"info","message":"GET /article/article_list 19 2019-04-29 11:14:09","timestamp":"2019-04-29 11:14:09"}
{"level":"info","message":"GET /article/family_list 2 2019-04-29 11:14:19","timestamp":"2019-04-29 11:14:19"}
{"level":"info","message":"GET /article/article_list 43 2019-04-29 11:14:19","timestamp":"2019-04-29 11:14:19"}
{"level":"info","message":"GET /system/info 5 2019-04-29 11:14:22","timestamp":"2019-04-29 11:14:22"}
{"level":"info","message":"GET /article/family_list 2 2019-04-29 11:14:23","timestamp":"2019-04-29 11:14:23"}
{"level":"info","message":"GET /article/article_list 13 2019-04-29 11:14:23","timestamp":"2019-04-29 11:14:23"}
{"level":"info","message":"GET /system/info 4 2019-04-29 11:14:55","timestamp":"2019-04-29 11:14:55"}
{"level":"info","message":"GET /article/family_list 2 2019-04-29 11:14:55","timestamp":"2019-04-29 11:14:55"}
{"level":"info","message":"GET /article/article_list 11 2019-04-29 11:14:56","timestamp":"2019-04-29 11:14:56"}
{"level":"info","message":"GET /system/info 6 2019-04-29 11:15:14","timestamp":"2019-04-29 11:15:14"}
{"level":"info","message":"GET /article/family_list 2 2019-04-29 11:15:15","timestamp":"2019-04-29 11:15:15"}
{"level":"info","message":"GET /article/article_list 13 2019-04-29 11:15:15","timestamp":"2019-04-29 11:15:15"}
{"level":"info","message":"GET /article/article_list 11 2019-04-29 11:15:27","timestamp":"2019-04-29 11:15:27"}
{"level":"info","message":"GET /article/article_list 17 2019-04-29 11:15:31","timestamp":"2019-04-29 11:15:31"}
{"level":"info","message":"GET /article/article_list 8 2019-04-29 11:15:33","timestamp":"2019-04-29 11:15:33"}
{"level":"info","message":"GET /article/article_list 11 2019-04-29 11:15:35","timestamp":"2019-04-29 11:15:35"}
{"level":"info","message":"GET /system/info 8 2019-04-29 11:17:50","timestamp":"2019-04-29 11:17:50"}
{"level":"info","message":"GET /article/family_list 3 2019-04-29 11:17:50","timestamp":"2019-04-29 11:17:50"}
{"level":"info","message":"GET /article/article_list 19 2019-04-29 11:17:51","timestamp":"2019-04-29 11:17:51"}
{"level":"info","message":"GET /article/family_list 3 2019-04-29 11:21:18","timestamp":"2019-04-29 11:21:18"}
{"level":"info","message":"GET /article/article_list 14 2019-04-29 11:21:18","timestamp":"2019-04-29 11:21:18"}
{"level":"info","message":"GET /article/family_list 2 2019-04-29 11:22:42","timestamp":"2019-04-29 11:22:42"}
{"level":"info","message":"GET /article/article_list 11 2019-04-29 11:22:42","timestamp":"2019-04-29 11:22:42"}
{"level":"info","message":"GET /article/article_list 11 2019-04-29 11:22:55","timestamp":"2019-04-29 11:22:55"}
{"level":"info","message":"GET /article/article_list 6 2019-04-29 11:22:58","timestamp":"2019-04-29 11:22:58"}
{"level":"info","message":"GET /article/article_list 11 2019-04-29 11:23:00","timestamp":"2019-04-29 11:23:00"}
{"level":"info","message":"GET /system/info 5 2019-04-29 11:23:05","timestamp":"2019-04-29 11:23:05"}
{"level":"info","message":"GET /article/family_list 1 2019-04-29 11:23:05","timestamp":"2019-04-29 11:23:05"}
{"level":"info","message":"GET /article/article_list 14 2019-04-29 11:23:05","timestamp":"2019-04-29 11:23:05"}
{"level":"info","message":"GET /article/family_list 3 2019-04-29 11:24:03","timestamp":"2019-04-29 11:24:03"}
{"level":"info","message":"GET /article/article_list 12 2019-04-29 11:24:03","timestamp":"2019-04-29 11:24:03"}
{"level":"info","message":"GET /article/article_list 28 2019-04-29 11:24:27","timestamp":"2019-04-29 11:24:27"}
{"level":"info","message":"GET /article/article_list 10 2019-04-29 11:24:41","timestamp":"2019-04-29 11:24:41"}
{"level":"info","message":"GET /article/article_list 10 2019-04-29 11:35:05","timestamp":"2019-04-29 11:35:05"}
{"level":"info","message":"GET /article/article_list 9 2019-04-29 11:36:15","timestamp":"2019-04-29 11:36:15"}
{"level":"info","message":"GET /article/article_list 10 2019-04-29 11:37:38","timestamp":"2019-04-29 11:37:38"}
{"level":"info","message":"GET /article/article_list 10 2019-04-29 11:37:40","timestamp":"2019-04-29 11:37:40"}
{"level":"info","message":"GET /article/article_list 10 2019-04-29 11:37:42","timestamp":"2019-04-29 11:37:42"}
{"level":"info","message":"GET /article/article_list 10 2019-04-29 11:37:43","timestamp":"2019-04-29 11:37:43"}
{"level":"info","message":"GET /article/article_list 10 2019-04-29 11:39:33","timestamp":"2019-04-29 11:39:33"}
{"level":"info","message":"GET /article/article_list 9 2019-04-29 11:39:35","timestamp":"2019-04-29 11:39:35"}
{"level":"info","message":"GET /article/article_list 9 2019-04-29 11:39:38","timestamp":"2019-04-29 11:39:38"}
{"level":"info","message":"GET /article/article_list 10 2019-04-29 11:40:39","timestamp":"2019-04-29 11:40:39"}
{"level":"info","message":"GET /article/article_list 7 2019-04-29 11:40:41","timestamp":"2019-04-29 11:40:41"}
{"level":"info","message":"GET /article/article_list 17 2019-04-29 11:40:42","timestamp":"2019-04-29 11:40:42"}
{"level":"info","message":"GET /article/article_list 9 2019-04-29 11:40:43","timestamp":"2019-04-29 11:40:43"}
{"level":"info","message":"GET /article/article_list 11 2019-04-29 11:40:45","timestamp":"2019-04-29 11:40:45"}
{"level":"info","message":"GET /article/article_list 8 2019-04-29 11:40:46","timestamp":"2019-04-29 11:40:46"}
{"level":"error","message":"==mqtt==close==你已断开连接,异常退出","timestamp":"2019-04-29 12:49:16"}
{"level":"error","message":"==mqtt==reconnect==正在尝试重新连接","timestamp":"2019-04-29 12:49:31"}
{"level":"info","message":"mqtt成功连接到：ws://test.emq.restoplus.cn:8083/mqtt","timestamp":"2019-04-29 12:49:31"}
{"level":"info","message":"订阅成功--$queue/winPos/+/2f83afee7a0e4822a6729145dd53af33/d2ff1bbb8c6f4fd8adb3949f76f8c1b6/+/+/+","timestamp":"2019-04-29 12:49:31"}
{"level":"info","message":"允许接收的平台=>posAdmin-dev,resto-dev","timestamp":"2019-04-29 12:49:31"}
{"level":"error","message":"==mqtt==close==你已断开连接,异常退出","timestamp":"2019-04-29 13:40:22"}
{"level":"error","message":"==mqtt==reconnect==正在尝试重新连接","timestamp":"2019-04-29 13:40:37"}
{"level":"info","message":"mqtt成功连接到：ws://test.emq.restoplus.cn:8083/mqtt","timestamp":"2019-04-29 13:40:37"}
{"level":"info","message":"订阅成功--$queue/winPos/+/2f83afee7a0e4822a6729145dd53af33/d2ff1bbb8c6f4fd8adb3949f76f8c1b6/+/+/+","timestamp":"2019-04-29 13:40:37"}
{"level":"info","message":"允许接收的平台=>posAdmin-dev,resto-dev","timestamp":"2019-04-29 13:40:37"}
{"level":"info","message":"GET /article/article_list 12 2019-04-29 14:47:10","timestamp":"2019-04-29 14:47:10"}
{"level":"info","message":"GET /article/article_list 7 2019-04-29 14:47:11","timestamp":"2019-04-29 14:47:11"}
{"level":"info","message":"GET /article/article_list 8 2019-04-29 14:47:13","timestamp":"2019-04-29 14:47:13"}
{"level":"info","message":"GET /article/article_list 6 2019-04-29 14:47:19","timestamp":"2019-04-29 14:47:19"}
{"level":"info","message":"GET /article/article_list 6 2019-04-29 14:47:20","timestamp":"2019-04-29 14:47:20"}
{"level":"info","message":"GET /article/article_list 11 2019-04-29 14:47:22","timestamp":"2019-04-29 14:47:22"}
{"level":"info","message":"GET /system/info 20 2019-04-29 14:51:59","timestamp":"2019-04-29 14:51:59"}
{"level":"info","message":"GET /article/family_list 8 2019-04-29 14:52:00","timestamp":"2019-04-29 14:52:00"}
{"level":"info","message":"GET /article/article_list 12 2019-04-29 14:52:00","timestamp":"2019-04-29 14:52:00"}
{"level":"info","message":"GET /system/info 8 2019-04-29 14:54:24","timestamp":"2019-04-29 14:54:24"}
{"level":"info","message":"GET /article/family_list 3 2019-04-29 14:54:24","timestamp":"2019-04-29 14:54:24"}
{"level":"info","message":"GET /article/article_list 11 2019-04-29 14:54:25","timestamp":"2019-04-29 14:54:25"}
{"level":"info","message":"GET /system/info 8 2019-04-29 14:55:21","timestamp":"2019-04-29 14:55:21"}
{"level":"info","message":"GET /article/family_list 3 2019-04-29 14:55:21","timestamp":"2019-04-29 14:55:21"}
{"level":"info","message":"GET /article/article_list 18 2019-04-29 14:55:21","timestamp":"2019-04-29 14:55:21"}
{"level":"info","message":"GET /system/info 4 2019-04-29 14:55:30","timestamp":"2019-04-29 14:55:30"}
{"level":"info","message":"GET /article/family_list 1 2019-04-29 14:55:31","timestamp":"2019-04-29 14:55:31"}
{"level":"info","message":"GET /article/article_list 10 2019-04-29 14:55:31","timestamp":"2019-04-29 14:55:31"}
{"level":"info","message":"GET /system/info 4 2019-04-29 14:55:57","timestamp":"2019-04-29 14:55:57"}
{"level":"info","message":"GET /article/family_list 6 2019-04-29 14:55:58","timestamp":"2019-04-29 14:55:58"}
{"level":"info","message":"GET /article/article_list 12 2019-04-29 14:55:58","timestamp":"2019-04-29 14:55:58"}
{"level":"info","message":"GET /system/info 4 2019-04-29 14:57:01","timestamp":"2019-04-29 14:57:01"}
{"level":"info","message":"GET /article/family_list 2 2019-04-29 14:57:01","timestamp":"2019-04-29 14:57:01"}
{"level":"info","message":"GET /article/article_list 12 2019-04-29 14:57:01","timestamp":"2019-04-29 14:57:01"}
{"level":"info","message":"GET /system/info 7 2019-04-29 14:58:11","timestamp":"2019-04-29 14:58:11"}
{"level":"info","message":"GET /article/family_list 2 2019-04-29 14:58:12","timestamp":"2019-04-29 14:58:12"}
{"level":"info","message":"GET /article/article_list 19 2019-04-29 14:58:12","timestamp":"2019-04-29 14:58:12"}
{"level":"info","message":"GET /system/info 4 2019-04-29 14:58:18","timestamp":"2019-04-29 14:58:18"}
{"level":"info","message":"GET /article/family_list 1 2019-04-29 14:58:19","timestamp":"2019-04-29 14:58:19"}
{"level":"info","message":"GET /article/article_list 12 2019-04-29 14:58:19","timestamp":"2019-04-29 14:58:19"}
{"level":"info","message":"GET /system/info 4 2019-04-29 14:58:52","timestamp":"2019-04-29 14:58:52"}
{"level":"info","message":"GET /article/family_list 2 2019-04-29 14:58:53","timestamp":"2019-04-29 14:58:53"}
{"level":"info","message":"GET /article/article_list 25 2019-04-29 14:58:53","timestamp":"2019-04-29 14:58:53"}
{"level":"info","message":"GET /system/info 261 2019-04-29 14:59:01","timestamp":"2019-04-29 14:59:01"}
{"level":"info","message":"GET /article/family_list 3 2019-04-29 14:59:01","timestamp":"2019-04-29 14:59:01"}
{"level":"info","message":"GET /article/article_list 18 2019-04-29 14:59:02","timestamp":"2019-04-29 14:59:02"}
{"level":"info","message":"GET /system/info 4 2019-04-29 15:01:00","timestamp":"2019-04-29 15:01:00"}
{"level":"info","message":"GET /article/family_list 2 2019-04-29 15:01:00","timestamp":"2019-04-29 15:01:00"}
{"level":"info","message":"GET /article/article_list 15 2019-04-29 15:01:01","timestamp":"2019-04-29 15:01:01"}
{"level":"info","message":"GET /system/info 7 2019-04-29 15:01:33","timestamp":"2019-04-29 15:01:33"}
{"level":"info","message":"GET /article/family_list 2 2019-04-29 15:01:34","timestamp":"2019-04-29 15:01:34"}
{"level":"info","message":"GET /article/article_list 14 2019-04-29 15:01:34","timestamp":"2019-04-29 15:01:34"}
{"level":"info","message":"GET /system/info 4 2019-04-29 15:02:06","timestamp":"2019-04-29 15:02:06"}
{"level":"info","message":"GET /article/family_list 3 2019-04-29 15:02:07","timestamp":"2019-04-29 15:02:07"}
{"level":"info","message":"GET /article/article_list 15 2019-04-29 15:02:07","timestamp":"2019-04-29 15:02:07"}
{"level":"info","message":"GET /article/family_list 3 2019-04-29 15:03:23","timestamp":"2019-04-29 15:03:23"}
{"level":"info","message":"GET /article/article_list 13 2019-04-29 15:03:23","timestamp":"2019-04-29 15:03:23"}
{"level":"info","message":"GET /article/family_list 4 2019-04-29 15:03:37","timestamp":"2019-04-29 15:03:37"}
{"level":"info","message":"GET /article/article_list 18 2019-04-29 15:03:37","timestamp":"2019-04-29 15:03:37"}
{"level":"info","message":"GET /article/family_list 2 2019-04-29 15:03:43","timestamp":"2019-04-29 15:03:43"}
{"level":"info","message":"GET /article/article_list 29 2019-04-29 15:03:44","timestamp":"2019-04-29 15:03:44"}
{"level":"info","message":"GET /system/info 6 2019-04-29 15:05:55","timestamp":"2019-04-29 15:05:55"}
{"level":"info","message":"GET /article/family_list 3 2019-04-29 15:05:55","timestamp":"2019-04-29 15:05:55"}
{"level":"info","message":"GET /article/article_list 16 2019-04-29 15:05:55","timestamp":"2019-04-29 15:05:55"}
{"level":"info","message":"GET /system/info 3 2019-04-29 15:06:16","timestamp":"2019-04-29 15:06:16"}
{"level":"info","message":"GET /article/family_list 1 2019-04-29 15:06:16","timestamp":"2019-04-29 15:06:16"}
{"level":"info","message":"GET /article/article_list 11 2019-04-29 15:06:17","timestamp":"2019-04-29 15:06:17"}
{"level":"info","message":"GET /system/info 3 2019-04-29 15:06:23","timestamp":"2019-04-29 15:06:23"}
{"level":"info","message":"GET /article/family_list 2 2019-04-29 15:06:23","timestamp":"2019-04-29 15:06:23"}
{"level":"info","message":"GET /article/article_list 12 2019-04-29 15:06:23","timestamp":"2019-04-29 15:06:23"}
{"level":"info","message":"GET /article/family_list 4 2019-04-29 15:07:36","timestamp":"2019-04-29 15:07:36"}
{"level":"info","message":"GET /article/article_list 20 2019-04-29 15:07:36","timestamp":"2019-04-29 15:07:36"}
{"level":"info","message":"GET /system/info 6 2019-04-29 15:07:38","timestamp":"2019-04-29 15:07:38"}
{"level":"info","message":"GET /article/family_list 2 2019-04-29 15:07:38","timestamp":"2019-04-29 15:07:38"}
{"level":"info","message":"GET /article/article_list 11 2019-04-29 15:07:38","timestamp":"2019-04-29 15:07:38"}
{"level":"info","message":"GET /system/info 6 2019-04-29 15:07:47","timestamp":"2019-04-29 15:07:47"}
{"level":"info","message":"GET /article/family_list 2 2019-04-29 15:07:48","timestamp":"2019-04-29 15:07:48"}
{"level":"info","message":"GET /article/article_list 11 2019-04-29 15:07:48","timestamp":"2019-04-29 15:07:48"}
{"level":"info","message":"GET /system/info 5 2019-04-29 15:08:34","timestamp":"2019-04-29 15:08:34"}
{"level":"info","message":"GET /article/family_list 2 2019-04-29 15:08:34","timestamp":"2019-04-29 15:08:34"}
{"level":"info","message":"GET /article/article_list 16 2019-04-29 15:08:34","timestamp":"2019-04-29 15:08:34"}
{"level":"info","message":"GET /system/info 7 2019-04-29 15:09:32","timestamp":"2019-04-29 15:09:32"}
{"level":"info","message":"GET /article/family_list 2 2019-04-29 15:09:33","timestamp":"2019-04-29 15:09:33"}
{"level":"info","message":"GET /article/article_list 14 2019-04-29 15:09:33","timestamp":"2019-04-29 15:09:33"}
{"level":"info","message":"GET /system/info 5 2019-04-29 15:10:27","timestamp":"2019-04-29 15:10:27"}
{"level":"info","message":"GET /article/family_list 2 2019-04-29 15:10:27","timestamp":"2019-04-29 15:10:27"}
{"level":"info","message":"GET /article/article_list 11 2019-04-29 15:10:27","timestamp":"2019-04-29 15:10:27"}
{"level":"info","message":"GET /system/info 4 2019-04-29 15:10:33","timestamp":"2019-04-29 15:10:33"}
{"level":"info","message":"GET /article/family_list 2 2019-04-29 15:10:33","timestamp":"2019-04-29 15:10:33"}
{"level":"info","message":"GET /article/article_list 12 2019-04-29 15:10:34","timestamp":"2019-04-29 15:10:34"}
{"level":"info","message":"GET /article/article_list 14 2019-04-29 15:11:00","timestamp":"2019-04-29 15:11:00"}
{"level":"info","message":"GET /order/order_state_count 42 2019-04-29 15:16:41","timestamp":"2019-04-29 15:16:41"}
{"level":"info","message":"GET /area 27 2019-04-29 15:16:41","timestamp":"2019-04-29 15:16:41"}
{"level":"info","message":"GET /table/list 26 2019-04-29 15:16:41","timestamp":"2019-04-29 15:16:41"}
{"level":"info","message":"GET /order/detail 8 2019-04-29 15:16:41","timestamp":"2019-04-29 15:16:41"}
{"level":"info","message":"GET /order/get_order_test 3 2019-04-29 15:16:41","timestamp":"2019-04-29 15:16:41"}
{"level":"info","message":"GET /article/family_list 2 2019-04-29 15:16:41","timestamp":"2019-04-29 15:16:41"}
{"level":"info","message":"GET /article/article_list 27 2019-04-29 15:16:41","timestamp":"2019-04-29 15:16:41"}
{"level":"info","message":"GET /order/get_order_test 17 2019-04-29 15:16:41","timestamp":"2019-04-29 15:16:41"}
{"level":"info","message":"GET /order/order_state_count 6 2019-04-29 15:16:44","timestamp":"2019-04-29 15:16:44"}
{"level":"info","message":"GET /area 7 2019-04-29 15:16:44","timestamp":"2019-04-29 15:16:44"}
{"level":"info","message":"GET /table/list 6 2019-04-29 15:16:44","timestamp":"2019-04-29 15:16:44"}
{"level":"info","message":"GET /order/detail 6 2019-04-29 15:16:44","timestamp":"2019-04-29 15:16:44"}
{"level":"info","message":"GET /order/get_order_test 2 2019-04-29 15:16:44","timestamp":"2019-04-29 15:16:44"}
{"level":"info","message":"GET /order/get_order_test 4 2019-04-29 15:16:45","timestamp":"2019-04-29 15:16:45"}
{"level":"info","message":"GET /article/family_list 3 2019-04-29 15:16:49","timestamp":"2019-04-29 15:16:49"}
{"level":"info","message":"GET /order/detail 9 2019-04-29 15:16:49","timestamp":"2019-04-29 15:16:49"}
{"level":"info","message":"GET /article/article_list 13 2019-04-29 15:16:49","timestamp":"2019-04-29 15:16:49"}
{"level":"info","message":"GET /article/family_list 1 2019-04-29 15:17:00","timestamp":"2019-04-29 15:17:00"}
{"level":"info","message":"GET /article/article_list 14 2019-04-29 15:17:00","timestamp":"2019-04-29 15:17:00"}
{"level":"info","message":"GET /business/report 52 2019-04-29 15:18:43","timestamp":"2019-04-29 15:18:43"}
{"level":"info","message":"GET /article/family_list 1 2019-04-29 15:19:13","timestamp":"2019-04-29 15:19:13"}
{"level":"info","message":"GET /article/article_list 16 2019-04-29 15:19:13","timestamp":"2019-04-29 15:19:13"}
{"level":"info","message":"GET /order/order_state_count 7 2019-04-29 15:19:15","timestamp":"2019-04-29 15:19:15"}
{"level":"info","message":"GET /area 6 2019-04-29 15:19:15","timestamp":"2019-04-29 15:19:15"}
{"level":"info","message":"GET /table/list 7 2019-04-29 15:19:15","timestamp":"2019-04-29 15:19:15"}
{"level":"info","message":"GET /order/detail 8 2019-04-29 15:19:15","timestamp":"2019-04-29 15:19:15"}
{"level":"info","message":"GET /order/get_order_test 3 2019-04-29 15:19:15","timestamp":"2019-04-29 15:19:15"}
{"level":"info","message":"GET /order/get_order_test 3 2019-04-29 15:19:15","timestamp":"2019-04-29 15:19:15"}
{"level":"info","message":"GET /business/report 9 2019-04-29 15:19:23","timestamp":"2019-04-29 15:19:23"}
{"level":"info","message":"GET /article/family_list 1 2019-04-29 15:19:24","timestamp":"2019-04-29 15:19:24"}
{"level":"info","message":"GET /article/article_list 12 2019-04-29 15:19:24","timestamp":"2019-04-29 15:19:24"}
{"level":"error","message":"==mqtt==close==你已断开连接,异常退出","timestamp":"2019-04-29 15:35:54"}
{"level":"error","message":"==mqtt==reconnect==正在尝试重新连接","timestamp":"2019-04-29 15:36:09"}
{"level":"error","message":"==mqtt==close==你已断开连接,异常退出","timestamp":"2019-04-29 15:36:09"}
{"level":"error","message":"==mqtt==reconnect==正在尝试重新连接","timestamp":"2019-04-29 15:36:24"}
{"level":"info","message":"mqtt成功连接到：ws://test.emq.restoplus.cn:8083/mqtt","timestamp":"2019-04-29 15:36:24"}
{"level":"info","message":"订阅成功--$queue/winPos/+/2f83afee7a0e4822a6729145dd53af33/d2ff1bbb8c6f4fd8adb3949f76f8c1b6/+/+/+","timestamp":"2019-04-29 15:36:24"}
{"level":"info","message":"允许接收的平台=>posAdmin-dev,resto-dev","timestamp":"2019-04-29 15:36:24"}
{"level":"info","message":"GET /system/info 155 2019-04-29 15:40:14","timestamp":"2019-04-29 15:40:14"}
{"level":"info","message":"GET /article/family_list 2 2019-04-29 15:40:14","timestamp":"2019-04-29 15:40:14"}
{"level":"info","message":"GET /article/article_list 20 2019-04-29 15:40:14","timestamp":"2019-04-29 15:40:14"}
{"level":"info","message":"GET /order/order_state_count 8 2019-04-29 15:40:22","timestamp":"2019-04-29 15:40:22"}
{"level":"info","message":"GET /area 6 2019-04-29 15:40:22","timestamp":"2019-04-29 15:40:22"}
{"level":"info","message":"GET /table/list 8 2019-04-29 15:40:22","timestamp":"2019-04-29 15:40:22"}
{"level":"info","message":"GET /order/detail 9 2019-04-29 15:40:22","timestamp":"2019-04-29 15:40:22"}
{"level":"info","message":"GET /order/get_order_test 6 2019-04-29 15:40:22","timestamp":"2019-04-29 15:40:22"}
{"level":"info","message":"GET /order/get_order_test 4 2019-04-29 15:40:22","timestamp":"2019-04-29 15:40:22"}
{"level":"info","message":"GET /article/family_list 2 2019-04-29 15:40:33","timestamp":"2019-04-29 15:40:33"}
{"level":"info","message":"GET /order/detail 7 2019-04-29 15:40:33","timestamp":"2019-04-29 15:40:33"}
{"level":"info","message":"GET /article/article_list 10 2019-04-29 15:40:33","timestamp":"2019-04-29 15:40:33"}
{"level":"info","message":"GET /order/order_state_count 7 2019-04-29 15:40:38","timestamp":"2019-04-29 15:40:38"}
{"level":"info","message":"GET /area 5 2019-04-29 15:40:38","timestamp":"2019-04-29 15:40:38"}
{"level":"info","message":"GET /table/list 9 2019-04-29 15:40:38","timestamp":"2019-04-29 15:40:38"}
{"level":"info","message":"GET /order/detail 6 2019-04-29 15:40:38","timestamp":"2019-04-29 15:40:38"}
{"level":"info","message":"GET /order/get_order_test 3 2019-04-29 15:40:39","timestamp":"2019-04-29 15:40:39"}
{"level":"info","message":"GET /order/get_order_test 4 2019-04-29 15:40:39","timestamp":"2019-04-29 15:40:39"}
{"level":"info","message":"GET /system/info 99 2019-04-29 15:41:31","timestamp":"2019-04-29 15:41:31"}
{"level":"info","message":"GET /area 74 2019-04-29 15:41:31","timestamp":"2019-04-29 15:41:31"}
{"level":"info","message":"GET /order/order_state_count 80 2019-04-29 15:41:31","timestamp":"2019-04-29 15:41:31"}
{"level":"info","message":"GET /table/list 78 2019-04-29 15:41:31","timestamp":"2019-04-29 15:41:31"}
{"level":"info","message":"GET /order/detail 116 2019-04-29 15:41:31","timestamp":"2019-04-29 15:41:31"}
{"level":"info","message":"GET /order/get_order_test 13 2019-04-29 15:41:32","timestamp":"2019-04-29 15:41:32"}
{"level":"info","message":"GET /article/family_list 1 2019-04-29 15:41:42","timestamp":"2019-04-29 15:41:42"}
{"level":"info","message":"GET /article/article_list 13 2019-04-29 15:41:42","timestamp":"2019-04-29 15:41:42"}
{"level":"info","message":"GET /order/order_state_count 4 2019-04-29 15:41:44","timestamp":"2019-04-29 15:41:44"}
{"level":"info","message":"GET /area 2 2019-04-29 15:41:44","timestamp":"2019-04-29 15:41:44"}
{"level":"info","message":"GET /table/list 4 2019-04-29 15:41:44","timestamp":"2019-04-29 15:41:45"}
{"level":"info","message":"GET /order/detail 7 2019-04-29 15:41:45","timestamp":"2019-04-29 15:41:45"}
{"level":"info","message":"GET /order/get_order_test 4 2019-04-29 15:41:45","timestamp":"2019-04-29 15:41:45"}
{"level":"info","message":"GET /order/get_order_test 4 2019-04-29 15:41:45","timestamp":"2019-04-29 15:41:45"}
{"level":"info","message":"GET /article/family_list 1 2019-04-29 15:41:48","timestamp":"2019-04-29 15:41:48"}
{"level":"info","message":"GET /article/article_list 8 2019-04-29 15:41:49","timestamp":"2019-04-29 15:41:49"}
{"level":"info","message":"GET /system/info 3 2019-04-29 15:41:55","timestamp":"2019-04-29 15:41:55"}
{"level":"info","message":"GET /article/family_list 2 2019-04-29 15:41:55","timestamp":"2019-04-29 15:41:55"}
{"level":"info","message":"GET /article/article_list 10 2019-04-29 15:41:56","timestamp":"2019-04-29 15:41:56"}
{"level":"error","message":"==mqtt==close==你已断开连接,异常退出","timestamp":"2019-04-29 16:19:45"}
{"level":"error","message":"==mqtt==reconnect==正在尝试重新连接","timestamp":"2019-04-29 16:20:00"}
{"level":"error","message":"==mqtt==close==你已断开连接,异常退出","timestamp":"2019-04-29 16:20:30"}
{"level":"error","message":"==mqtt==reconnect==正在尝试重新连接","timestamp":"2019-04-29 16:20:45"}
{"level":"info","message":"mqtt成功连接到：ws://test.emq.restoplus.cn:8083/mqtt","timestamp":"2019-04-29 16:20:45"}
{"level":"info","message":"订阅成功--$queue/winPos/+/2f83afee7a0e4822a6729145dd53af33/d2ff1bbb8c6f4fd8adb3949f76f8c1b6/+/+/+","timestamp":"2019-04-29 16:20:45"}
{"level":"info","message":"允许接收的平台=>posAdmin-dev,resto-dev","timestamp":"2019-04-29 16:20:45"}
{"level":"info","message":"GET /article/article_list 27 2019-04-29 17:27:40","timestamp":"2019-04-29 17:27:40"}
{"level":"info","message":"GET /article/article_list 7 2019-04-29 17:27:41","timestamp":"2019-04-29 17:27:41"}
{"level":"info","message":"GET /article/article_list 11 2019-04-29 17:27:42","timestamp":"2019-04-29 17:27:42"}
{"level":"info","message":"GET /article/article_list 11 2019-04-29 17:27:43","timestamp":"2019-04-29 17:27:43"}
{"level":"info","message":"GET /article/article_list 8 2019-04-29 17:27:43","timestamp":"2019-04-29 17:27:43"}
{"level":"info","message":"GET /article/article_list 7 2019-04-29 17:27:44","timestamp":"2019-04-29 17:27:44"}
{"level":"info","message":"GET /article/article_list 9 2019-04-29 17:27:45","timestamp":"2019-04-29 17:27:45"}
{"level":"info","message":"GET /article/article_list 7 2019-04-29 17:27:46","timestamp":"2019-04-29 17:27:46"}
{"level":"info","message":"GET /article/article_list 6 2019-04-29 17:27:47","timestamp":"2019-04-29 17:27:47"}
{"level":"info","message":"GET /article/article_list 9 2019-04-29 17:27:48","timestamp":"2019-04-29 17:27:48"}
{"level":"info","message":"GET /article/article_list 6 2019-04-29 17:27:49","timestamp":"2019-04-29 17:27:49"}
{"level":"info","message":"GET /article/article_list 8 2019-04-29 17:27:50","timestamp":"2019-04-29 17:27:50"}
{"level":"info","message":"GET /article/article_list 6 2019-04-29 17:27:51","timestamp":"2019-04-29 17:27:51"}
{"level":"info","message":"GET /article/article_list 9 2019-04-29 17:27:52","timestamp":"2019-04-29 17:27:52"}
{"level":"info","message":"GET /article/article_list 9 2019-04-29 17:27:52","timestamp":"2019-04-29 17:27:52"}
{"level":"info","message":"GET /article/article_list 9 2019-04-29 17:27:52","timestamp":"2019-04-29 17:27:52"}
{"level":"info","message":"GET /article/article_list 16 2019-04-29 17:27:53","timestamp":"2019-04-29 17:27:53"}
{"level":"info","message":"GET /article/article_list 9 2019-04-29 17:27:58","timestamp":"2019-04-29 17:27:58"}
{"level":"info","message":"GET /article/article_list 13 2019-04-29 17:27:59","timestamp":"2019-04-29 17:27:59"}
