{"level":"info","message":"mqtt成功连接到：ws://test.emq.restoplus.cn:8083/mqtt","timestamp":"2019-05-28 09:54:48"}
{"level":"info","message":"订阅成功--$queue/winPos/+/2f83afee7a0e4822a6729145dd53af33/63325014c50b4b16a81e50b3623f8d96/+/+/+","timestamp":"2019-05-28 09:54:48"}
{"level":"info","message":"允许接收的平台=>posAdmin-dev,resto-dev","timestamp":"2019-05-28 09:54:48"}
{"level":"error","message":"==mqtt==close==你已断开连接,正常退出","timestamp":"2019-05-28 09:55:20"}
{"level":"error","message":"==mqtt==reconnect==正在尝试重新连接","timestamp":"2019-05-28 09:55:37"}
{"level":"info","message":"mqtt成功连接到：ws://test.emq.restoplus.cn:8083/mqtt","timestamp":"2019-05-28 09:55:37"}
{"level":"info","message":"订阅成功--$queue/winPos/+/2f83afee7a0e4822a6729145dd53af33/63325014c50b4b16a81e50b3623f8d96/+/+/+","timestamp":"2019-05-28 09:55:37"}
{"level":"info","message":"允许接收的平台=>posAdmin-dev,resto-dev","timestamp":"2019-05-28 09:55:37"}
{"level":"error","message":"==mqtt==close==你已断开连接,正常退出","timestamp":"2019-05-28 09:55:52"}
{"level":"error","message":"==mqtt==reconnect==正在尝试重新连接","timestamp":"2019-05-28 09:56:07"}
{"level":"info","message":"mqtt成功连接到：ws://test.emq.restoplus.cn:8083/mqtt","timestamp":"2019-05-28 09:56:07"}
{"level":"info","message":"订阅成功--$queue/winPos/+/2f83afee7a0e4822a6729145dd53af33/63325014c50b4b16a81e50b3623f8d96/+/+/+","timestamp":"2019-05-28 09:56:07"}
{"level":"info","message":"允许接收的平台=>posAdmin-dev,resto-dev","timestamp":"2019-05-28 09:56:07"}
{"level":"error","message":"==mqtt==close==你已断开连接,正常退出","timestamp":"2019-05-28 09:56:22"}
{"level":"error","message":"==mqtt==reconnect==正在尝试重新连接","timestamp":"2019-05-28 09:56:37"}
{"level":"info","message":"mqtt成功连接到：ws://test.emq.restoplus.cn:8083/mqtt","timestamp":"2019-05-28 09:56:37"}
{"level":"info","message":"订阅成功--$queue/winPos/+/2f83afee7a0e4822a6729145dd53af33/63325014c50b4b16a81e50b3623f8d96/+/+/+","timestamp":"2019-05-28 09:56:37"}
{"level":"info","message":"允许接收的平台=>posAdmin-dev,resto-dev","timestamp":"2019-05-28 09:56:37"}
{"level":"error","message":"==mqtt==close==你已断开连接,正常退出","timestamp":"2019-05-28 09:56:53"}
{"level":"error","message":"==mqtt==reconnect==正在尝试重新连接","timestamp":"2019-05-28 09:57:08"}
{"level":"info","message":"mqtt成功连接到：ws://test.emq.restoplus.cn:8083/mqtt","timestamp":"2019-05-28 09:57:08"}
{"level":"info","message":"订阅成功--$queue/winPos/+/2f83afee7a0e4822a6729145dd53af33/63325014c50b4b16a81e50b3623f8d96/+/+/+","timestamp":"2019-05-28 09:57:08"}
{"level":"info","message":"允许接收的平台=>posAdmin-dev,resto-dev","timestamp":"2019-05-28 09:57:08"}
{"level":"error","message":"==mqtt==close==你已断开连接,正常退出","timestamp":"2019-05-28 09:57:23"}
{"level":"error","message":"==mqtt==reconnect==正在尝试重新连接","timestamp":"2019-05-28 09:57:38"}
{"level":"info","message":"mqtt成功连接到：ws://test.emq.restoplus.cn:8083/mqtt","timestamp":"2019-05-28 09:57:38"}
{"level":"info","message":"订阅成功--$queue/winPos/+/2f83afee7a0e4822a6729145dd53af33/63325014c50b4b16a81e50b3623f8d96/+/+/+","timestamp":"2019-05-28 09:57:38"}
{"level":"info","message":"允许接收的平台=>posAdmin-dev,resto-dev","timestamp":"2019-05-28 09:57:38"}
{"level":"error","message":"==mqtt==close==你已断开连接,正常退出","timestamp":"2019-05-28 09:57:53"}
{"level":"error","message":"==mqtt==reconnect==正在尝试重新连接","timestamp":"2019-05-28 09:58:08"}
{"level":"info","message":"mqtt成功连接到：ws://test.emq.restoplus.cn:8083/mqtt","timestamp":"2019-05-28 09:58:08"}
{"level":"info","message":"订阅成功--$queue/winPos/+/2f83afee7a0e4822a6729145dd53af33/63325014c50b4b16a81e50b3623f8d96/+/+/+","timestamp":"2019-05-28 09:58:08"}
{"level":"info","message":"允许接收的平台=>posAdmin-dev,resto-dev","timestamp":"2019-05-28 09:58:08"}
{"level":"error","message":"==mqtt==close==你已断开连接,正常退出","timestamp":"2019-05-28 09:58:24"}
{"level":"error","message":"==mqtt==reconnect==正在尝试重新连接","timestamp":"2019-05-28 09:58:39"}
{"level":"info","message":"mqtt成功连接到：ws://test.emq.restoplus.cn:8083/mqtt","timestamp":"2019-05-28 09:58:39"}
{"level":"info","message":"订阅成功--$queue/winPos/+/2f83afee7a0e4822a6729145dd53af33/63325014c50b4b16a81e50b3623f8d96/+/+/+","timestamp":"2019-05-28 09:58:39"}
{"level":"info","message":"允许接收的平台=>posAdmin-dev,resto-dev","timestamp":"2019-05-28 09:58:39"}
{"level":"error","message":"==mqtt==close==你已断开连接,正常退出","timestamp":"2019-05-28 09:58:54"}
{"level":"error","message":"==mqtt==reconnect==正在尝试重新连接","timestamp":"2019-05-28 09:59:09"}
{"level":"info","message":"mqtt成功连接到：ws://test.emq.restoplus.cn:8083/mqtt","timestamp":"2019-05-28 09:59:09"}
{"level":"info","message":"订阅成功--$queue/winPos/+/2f83afee7a0e4822a6729145dd53af33/63325014c50b4b16a81e50b3623f8d96/+/+/+","timestamp":"2019-05-28 09:59:09"}
{"level":"info","message":"允许接收的平台=>posAdmin-dev,resto-dev","timestamp":"2019-05-28 09:59:09"}
{"level":"error","message":"==mqtt==close==你已断开连接,正常退出","timestamp":"2019-05-28 09:59:27"}
{"level":"error","message":"==mqtt==reconnect==正在尝试重新连接","timestamp":"2019-05-28 09:59:42"}
{"level":"info","message":"mqtt成功连接到：ws://test.emq.restoplus.cn:8083/mqtt","timestamp":"2019-05-28 09:59:43"}
{"level":"info","message":"订阅成功--$queue/winPos/+/2f83afee7a0e4822a6729145dd53af33/63325014c50b4b16a81e50b3623f8d96/+/+/+","timestamp":"2019-05-28 09:59:43"}
{"level":"info","message":"允许接收的平台=>posAdmin-dev,resto-dev","timestamp":"2019-05-28 09:59:43"}
{"level":"info","message":"GET /system/info 139 2019-05-28 09:59:56","timestamp":"2019-05-28 09:59:56"}
{"level":"info","message":"GET /order/order_state_count 54 2019-05-28 09:59:57","timestamp":"2019-05-28 09:59:57"}
{"level":"info","message":"GET /area 50 2019-05-28 09:59:57","timestamp":"2019-05-28 09:59:57"}
{"level":"info","message":"GET /table/list 52 2019-05-28 09:59:57","timestamp":"2019-05-28 09:59:57"}
{"level":"info","message":"GET /order/detail 68 2019-05-28 09:59:57","timestamp":"2019-05-28 09:59:57"}
{"level":"info","message":"GET /order/get_order_test 22 2019-05-28 09:59:57","timestamp":"2019-05-28 09:59:57"}
{"level":"error","message":"==mqtt==close==你已断开连接,正常退出","timestamp":"2019-05-28 09:59:58"}
{"level":"error","message":"==mqtt==reconnect==正在尝试重新连接","timestamp":"2019-05-28 10:00:13"}
{"level":"info","message":"mqtt成功连接到：ws://test.emq.restoplus.cn:8083/mqtt","timestamp":"2019-05-28 10:00:13"}
{"level":"info","message":"订阅成功--$queue/winPos/+/2f83afee7a0e4822a6729145dd53af33/63325014c50b4b16a81e50b3623f8d96/+/+/+","timestamp":"2019-05-28 10:00:13"}
{"level":"info","message":"允许接收的平台=>posAdmin-dev,resto-dev","timestamp":"2019-05-28 10:00:13"}
{"level":"error","message":"==mqtt==close==你已断开连接,正常退出","timestamp":"2019-05-28 10:00:28"}
{"level":"error","message":"==mqtt==reconnect==正在尝试重新连接","timestamp":"2019-05-28 10:00:43"}
{"level":"info","message":"mqtt成功连接到：ws://test.emq.restoplus.cn:8083/mqtt","timestamp":"2019-05-28 10:00:43"}
{"level":"info","message":"订阅成功--$queue/winPos/+/2f83afee7a0e4822a6729145dd53af33/63325014c50b4b16a81e50b3623f8d96/+/+/+","timestamp":"2019-05-28 10:00:43"}
{"level":"info","message":"允许接收的平台=>posAdmin-dev,resto-dev","timestamp":"2019-05-28 10:00:43"}
{"level":"error","message":"==mqtt==close==你已断开连接,正常退出","timestamp":"2019-05-28 10:00:59"}
{"level":"error","message":"==mqtt==reconnect==正在尝试重新连接","timestamp":"2019-05-28 10:01:14"}
{"level":"info","message":"mqtt成功连接到：ws://test.emq.restoplus.cn:8083/mqtt","timestamp":"2019-05-28 10:01:14"}
{"level":"info","message":"订阅成功--$queue/winPos/+/2f83afee7a0e4822a6729145dd53af33/63325014c50b4b16a81e50b3623f8d96/+/+/+","timestamp":"2019-05-28 10:01:14"}
{"level":"info","message":"允许接收的平台=>posAdmin-dev,resto-dev","timestamp":"2019-05-28 10:01:14"}
{"level":"error","message":"==mqtt==close==你已断开连接,正常退出","timestamp":"2019-05-28 10:01:29"}
{"level":"error","message":"==mqtt==reconnect==正在尝试重新连接","timestamp":"2019-05-28 10:01:44"}
{"level":"info","message":"mqtt成功连接到：ws://test.emq.restoplus.cn:8083/mqtt","timestamp":"2019-05-28 10:01:44"}
{"level":"info","message":"订阅成功--$queue/winPos/+/2f83afee7a0e4822a6729145dd53af33/63325014c50b4b16a81e50b3623f8d96/+/+/+","timestamp":"2019-05-28 10:01:44"}
{"level":"info","message":"允许接收的平台=>posAdmin-dev,resto-dev","timestamp":"2019-05-28 10:01:44"}
{"level":"error","message":"==mqtt==close==你已断开连接,正常退出","timestamp":"2019-05-28 10:01:59"}
{"level":"error","message":"==mqtt==reconnect==正在尝试重新连接","timestamp":"2019-05-28 10:02:14"}
{"level":"info","message":"mqtt成功连接到：ws://test.emq.restoplus.cn:8083/mqtt","timestamp":"2019-05-28 10:02:14"}
{"level":"info","message":"订阅成功--$queue/winPos/+/2f83afee7a0e4822a6729145dd53af33/63325014c50b4b16a81e50b3623f8d96/+/+/+","timestamp":"2019-05-28 10:02:14"}
{"level":"info","message":"允许接收的平台=>posAdmin-dev,resto-dev","timestamp":"2019-05-28 10:02:14"}
{"level":"error","message":"==mqtt==close==你已断开连接,正常退出","timestamp":"2019-05-28 10:02:29"}
{"level":"error","message":"==mqtt==reconnect==正在尝试重新连接","timestamp":"2019-05-28 10:02:44"}
{"level":"info","message":"mqtt成功连接到：ws://test.emq.restoplus.cn:8083/mqtt","timestamp":"2019-05-28 10:02:44"}
{"level":"info","message":"订阅成功--$queue/winPos/+/2f83afee7a0e4822a6729145dd53af33/63325014c50b4b16a81e50b3623f8d96/+/+/+","timestamp":"2019-05-28 10:02:44"}
{"level":"info","message":"允许接收的平台=>posAdmin-dev,resto-dev","timestamp":"2019-05-28 10:02:44"}
{"level":"error","message":"==mqtt==close==你已断开连接,正常退出","timestamp":"2019-05-28 10:02:59"}
{"level":"error","message":"==mqtt==reconnect==正在尝试重新连接","timestamp":"2019-05-28 10:03:14"}
{"level":"info","message":"mqtt成功连接到：ws://test.emq.restoplus.cn:8083/mqtt","timestamp":"2019-05-28 10:03:14"}
{"level":"info","message":"订阅成功--$queue/winPos/+/2f83afee7a0e4822a6729145dd53af33/63325014c50b4b16a81e50b3623f8d96/+/+/+","timestamp":"2019-05-28 10:03:14"}
{"level":"info","message":"允许接收的平台=>posAdmin-dev,resto-dev","timestamp":"2019-05-28 10:03:14"}
{"level":"error","message":"==mqtt==close==你已断开连接,正常退出","timestamp":"2019-05-28 10:03:30"}
{"level":"error","message":"==mqtt==reconnect==正在尝试重新连接","timestamp":"2019-05-28 10:03:45"}
{"level":"info","message":"mqtt成功连接到：ws://test.emq.restoplus.cn:8083/mqtt","timestamp":"2019-05-28 10:03:45"}
{"level":"info","message":"订阅成功--$queue/winPos/+/2f83afee7a0e4822a6729145dd53af33/63325014c50b4b16a81e50b3623f8d96/+/+/+","timestamp":"2019-05-28 10:03:45"}
{"level":"info","message":"允许接收的平台=>posAdmin-dev,resto-dev","timestamp":"2019-05-28 10:03:45"}
{"level":"error","message":"==mqtt==close==你已断开连接,正常退出","timestamp":"2019-05-28 10:04:00"}
{"level":"error","message":"==mqtt==reconnect==正在尝试重新连接","timestamp":"2019-05-28 10:04:15"}
{"level":"info","message":"mqtt成功连接到：ws://test.emq.restoplus.cn:8083/mqtt","timestamp":"2019-05-28 10:04:15"}
{"level":"info","message":"订阅成功--$queue/winPos/+/2f83afee7a0e4822a6729145dd53af33/63325014c50b4b16a81e50b3623f8d96/+/+/+","timestamp":"2019-05-28 10:04:15"}
{"level":"info","message":"允许接收的平台=>posAdmin-dev,resto-dev","timestamp":"2019-05-28 10:04:15"}
{"level":"error","message":"==mqtt==close==你已断开连接,正常退出","timestamp":"2019-05-28 10:04:30"}
{"level":"error","message":"==mqtt==reconnect==正在尝试重新连接","timestamp":"2019-05-28 10:04:45"}
{"level":"info","message":"mqtt成功连接到：ws://test.emq.restoplus.cn:8083/mqtt","timestamp":"2019-05-28 10:04:45"}
{"level":"info","message":"订阅成功--$queue/winPos/+/2f83afee7a0e4822a6729145dd53af33/63325014c50b4b16a81e50b3623f8d96/+/+/+","timestamp":"2019-05-28 10:04:45"}
{"level":"info","message":"允许接收的平台=>posAdmin-dev,resto-dev","timestamp":"2019-05-28 10:04:45"}
{"level":"error","message":"==mqtt==close==你已断开连接,正常退出","timestamp":"2019-05-28 10:05:00"}
{"level":"error","message":"==mqtt==reconnect==正在尝试重新连接","timestamp":"2019-05-28 10:05:15"}
{"level":"info","message":"mqtt成功连接到：ws://test.emq.restoplus.cn:8083/mqtt","timestamp":"2019-05-28 10:05:15"}
{"level":"info","message":"订阅成功--$queue/winPos/+/2f83afee7a0e4822a6729145dd53af33/63325014c50b4b16a81e50b3623f8d96/+/+/+","timestamp":"2019-05-28 10:05:15"}
{"level":"info","message":"允许接收的平台=>posAdmin-dev,resto-dev","timestamp":"2019-05-28 10:05:15"}
{"level":"error","message":"==mqtt==close==你已断开连接,正常退出","timestamp":"2019-05-28 10:05:30"}
{"level":"error","message":"==mqtt==reconnect==正在尝试重新连接","timestamp":"2019-05-28 10:05:45"}
{"level":"info","message":"mqtt成功连接到：ws://test.emq.restoplus.cn:8083/mqtt","timestamp":"2019-05-28 10:05:46"}
{"level":"info","message":"订阅成功--$queue/winPos/+/2f83afee7a0e4822a6729145dd53af33/63325014c50b4b16a81e50b3623f8d96/+/+/+","timestamp":"2019-05-28 10:05:46"}
{"level":"info","message":"允许接收的平台=>posAdmin-dev,resto-dev","timestamp":"2019-05-28 10:05:46"}
{"level":"error","message":"==mqtt==close==你已断开连接,正常退出","timestamp":"2019-05-28 10:06:01"}
{"level":"error","message":"==mqtt==reconnect==正在尝试重新连接","timestamp":"2019-05-28 10:06:16"}
{"level":"info","message":"mqtt成功连接到：ws://test.emq.restoplus.cn:8083/mqtt","timestamp":"2019-05-28 10:06:16"}
{"level":"info","message":"订阅成功--$queue/winPos/+/2f83afee7a0e4822a6729145dd53af33/63325014c50b4b16a81e50b3623f8d96/+/+/+","timestamp":"2019-05-28 10:06:16"}
{"level":"info","message":"允许接收的平台=>posAdmin-dev,resto-dev","timestamp":"2019-05-28 10:06:16"}
{"level":"error","message":"==mqtt==close==你已断开连接,正常退出","timestamp":"2019-05-28 10:06:31"}
{"level":"error","message":"==mqtt==reconnect==正在尝试重新连接","timestamp":"2019-05-28 10:06:46"}
{"level":"info","message":"mqtt成功连接到：ws://test.emq.restoplus.cn:8083/mqtt","timestamp":"2019-05-28 10:06:46"}
{"level":"info","message":"订阅成功--$queue/winPos/+/2f83afee7a0e4822a6729145dd53af33/63325014c50b4b16a81e50b3623f8d96/+/+/+","timestamp":"2019-05-28 10:06:46"}
{"level":"info","message":"允许接收的平台=>posAdmin-dev,resto-dev","timestamp":"2019-05-28 10:06:46"}
{"level":"error","message":"==mqtt==close==你已断开连接,正常退出","timestamp":"2019-05-28 10:07:01"}
{"level":"error","message":"==mqtt==reconnect==正在尝试重新连接","timestamp":"2019-05-28 10:07:16"}
{"level":"info","message":"mqtt成功连接到：ws://test.emq.restoplus.cn:8083/mqtt","timestamp":"2019-05-28 10:07:16"}
{"level":"info","message":"订阅成功--$queue/winPos/+/2f83afee7a0e4822a6729145dd53af33/63325014c50b4b16a81e50b3623f8d96/+/+/+","timestamp":"2019-05-28 10:07:16"}
{"level":"info","message":"允许接收的平台=>posAdmin-dev,resto-dev","timestamp":"2019-05-28 10:07:16"}
{"level":"error","message":"==mqtt==close==你已断开连接,正常退出","timestamp":"2019-05-28 10:07:29"}
{"level":"error","message":"==mqtt==reconnect==正在尝试重新连接","timestamp":"2019-05-28 10:07:44"}
{"level":"info","message":"mqtt成功连接到：ws://test.emq.restoplus.cn:8083/mqtt","timestamp":"2019-05-28 10:07:44"}
{"level":"info","message":"订阅成功--$queue/winPos/+/2f83afee7a0e4822a6729145dd53af33/63325014c50b4b16a81e50b3623f8d96/+/+/+","timestamp":"2019-05-28 10:07:44"}
{"level":"info","message":"允许接收的平台=>posAdmin-dev,resto-dev","timestamp":"2019-05-28 10:07:44"}
{"level":"error","message":"==mqtt==close==你已断开连接,正常退出","timestamp":"2019-05-28 10:07:46"}
{"level":"error","message":"==mqtt==reconnect==正在尝试重新连接","timestamp":"2019-05-28 10:08:01"}
{"level":"info","message":"mqtt成功连接到：ws://test.emq.restoplus.cn:8083/mqtt","timestamp":"2019-05-28 10:08:01"}
{"level":"info","message":"订阅成功--$queue/winPos/+/2f83afee7a0e4822a6729145dd53af33/63325014c50b4b16a81e50b3623f8d96/+/+/+","timestamp":"2019-05-28 10:08:01"}
{"level":"info","message":"允许接收的平台=>posAdmin-dev,resto-dev","timestamp":"2019-05-28 10:08:01"}
{"level":"error","message":"==mqtt==close==你已断开连接,正常退出","timestamp":"2019-05-28 10:08:14"}
{"level":"error","message":"==mqtt==reconnect==正在尝试重新连接","timestamp":"2019-05-28 10:08:29"}
{"level":"info","message":"mqtt成功连接到：ws://test.emq.restoplus.cn:8083/mqtt","timestamp":"2019-05-28 10:08:30"}
{"level":"info","message":"订阅成功--$queue/winPos/+/2f83afee7a0e4822a6729145dd53af33/63325014c50b4b16a81e50b3623f8d96/+/+/+","timestamp":"2019-05-28 10:08:30"}
{"level":"info","message":"允许接收的平台=>posAdmin-dev,resto-dev","timestamp":"2019-05-28 10:08:30"}
{"level":"error","message":"==mqtt==close==你已断开连接,正常退出","timestamp":"2019-05-28 10:08:32"}
{"level":"error","message":"==mqtt==reconnect==正在尝试重新连接","timestamp":"2019-05-28 10:08:47"}
{"level":"info","message":"mqtt成功连接到：ws://test.emq.restoplus.cn:8083/mqtt","timestamp":"2019-05-28 10:08:47"}
{"level":"info","message":"订阅成功--$queue/winPos/+/2f83afee7a0e4822a6729145dd53af33/63325014c50b4b16a81e50b3623f8d96/+/+/+","timestamp":"2019-05-28 10:08:47"}
{"level":"info","message":"允许接收的平台=>posAdmin-dev,resto-dev","timestamp":"2019-05-28 10:08:47"}
{"level":"error","message":"==mqtt==close==你已断开连接,正常退出","timestamp":"2019-05-28 10:09:00"}
{"level":"error","message":"==mqtt==reconnect==正在尝试重新连接","timestamp":"2019-05-28 10:09:15"}
{"level":"info","message":"mqtt成功连接到：ws://test.emq.restoplus.cn:8083/mqtt","timestamp":"2019-05-28 10:09:15"}
{"level":"info","message":"订阅成功--$queue/winPos/+/2f83afee7a0e4822a6729145dd53af33/63325014c50b4b16a81e50b3623f8d96/+/+/+","timestamp":"2019-05-28 10:09:15"}
{"level":"info","message":"允许接收的平台=>posAdmin-dev,resto-dev","timestamp":"2019-05-28 10:09:15"}
{"level":"error","message":"==mqtt==close==你已断开连接,正常退出","timestamp":"2019-05-28 10:09:17"}
{"level":"error","message":"==mqtt==reconnect==正在尝试重新连接","timestamp":"2019-05-28 10:09:32"}
{"level":"info","message":"mqtt成功连接到：ws://test.emq.restoplus.cn:8083/mqtt","timestamp":"2019-05-28 10:09:32"}
{"level":"info","message":"订阅成功--$queue/winPos/+/2f83afee7a0e4822a6729145dd53af33/63325014c50b4b16a81e50b3623f8d96/+/+/+","timestamp":"2019-05-28 10:09:32"}
{"level":"info","message":"允许接收的平台=>posAdmin-dev,resto-dev","timestamp":"2019-05-28 10:09:32"}
{"level":"error","message":"==mqtt==close==你已断开连接,正常退出","timestamp":"2019-05-28 10:09:45"}
{"level":"info","message":"GET /system/info 6 2019-05-28 10:09:53","timestamp":"2019-05-28 10:09:53"}
{"level":"info","message":"GET /order/order_state_count 23 2019-05-28 10:09:53","timestamp":"2019-05-28 10:09:53"}
{"level":"info","message":"GET /area 20 2019-05-28 10:09:53","timestamp":"2019-05-28 10:09:53"}
{"level":"info","message":"GET /table/list 26 2019-05-28 10:09:53","timestamp":"2019-05-28 10:09:53"}
{"level":"info","message":"GET /order/detail 58 2019-05-28 10:09:53","timestamp":"2019-05-28 10:09:53"}
{"level":"info","message":"GET /order/get_order_test 3 2019-05-28 10:09:53","timestamp":"2019-05-28 10:09:53"}
{"level":"error","message":"==mqtt==reconnect==正在尝试重新连接","timestamp":"2019-05-28 10:10:00"}
{"level":"info","message":"mqtt成功连接到：ws://test.emq.restoplus.cn:8083/mqtt","timestamp":"2019-05-28 10:10:00"}
{"level":"info","message":"订阅成功--$queue/winPos/+/2f83afee7a0e4822a6729145dd53af33/63325014c50b4b16a81e50b3623f8d96/+/+/+","timestamp":"2019-05-28 10:10:00"}
{"level":"info","message":"允许接收的平台=>posAdmin-dev,resto-dev","timestamp":"2019-05-28 10:10:00"}
{"level":"error","message":"==mqtt==close==你已断开连接,正常退出","timestamp":"2019-05-28 10:10:02"}
{"level":"error","message":"==mqtt==reconnect==正在尝试重新连接","timestamp":"2019-05-28 10:10:17"}
{"level":"info","message":"mqtt成功连接到：ws://test.emq.restoplus.cn:8083/mqtt","timestamp":"2019-05-28 10:10:18"}
{"level":"info","message":"订阅成功--$queue/winPos/+/2f83afee7a0e4822a6729145dd53af33/63325014c50b4b16a81e50b3623f8d96/+/+/+","timestamp":"2019-05-28 10:10:18"}
{"level":"info","message":"允许接收的平台=>posAdmin-dev,resto-dev","timestamp":"2019-05-28 10:10:18"}
{"level":"error","message":"==mqtt==close==你已断开连接,正常退出","timestamp":"2019-05-28 10:10:30"}
{"level":"error","message":"==mqtt==reconnect==正在尝试重新连接","timestamp":"2019-05-28 10:10:45"}
{"level":"info","message":"mqtt成功连接到：ws://test.emq.restoplus.cn:8083/mqtt","timestamp":"2019-05-28 10:10:45"}
{"level":"info","message":"订阅成功--$queue/winPos/+/2f83afee7a0e4822a6729145dd53af33/63325014c50b4b16a81e50b3623f8d96/+/+/+","timestamp":"2019-05-28 10:10:45"}
{"level":"info","message":"允许接收的平台=>posAdmin-dev,resto-dev","timestamp":"2019-05-28 10:10:45"}
{"level":"error","message":"==mqtt==close==你已断开连接,正常退出","timestamp":"2019-05-28 10:10:48"}
{"level":"error","message":"==mqtt==reconnect==正在尝试重新连接","timestamp":"2019-05-28 10:11:03"}
{"level":"info","message":"mqtt成功连接到：ws://test.emq.restoplus.cn:8083/mqtt","timestamp":"2019-05-28 10:11:03"}
{"level":"info","message":"订阅成功--$queue/winPos/+/2f83afee7a0e4822a6729145dd53af33/63325014c50b4b16a81e50b3623f8d96/+/+/+","timestamp":"2019-05-28 10:11:03"}
{"level":"info","message":"允许接收的平台=>posAdmin-dev,resto-dev","timestamp":"2019-05-28 10:11:03"}
{"level":"error","message":"==mqtt==close==你已断开连接,正常退出","timestamp":"2019-05-28 10:11:18"}
{"level":"error","message":"==mqtt==reconnect==正在尝试重新连接","timestamp":"2019-05-28 10:11:33"}
{"level":"info","message":"mqtt成功连接到：ws://test.emq.restoplus.cn:8083/mqtt","timestamp":"2019-05-28 10:11:33"}
{"level":"info","message":"订阅成功--$queue/winPos/+/2f83afee7a0e4822a6729145dd53af33/63325014c50b4b16a81e50b3623f8d96/+/+/+","timestamp":"2019-05-28 10:11:33"}
{"level":"info","message":"允许接收的平台=>posAdmin-dev,resto-dev","timestamp":"2019-05-28 10:11:33"}
{"level":"error","message":"==mqtt==close==你已断开连接,正常退出","timestamp":"2019-05-28 10:11:48"}
{"level":"error","message":"==mqtt==reconnect==正在尝试重新连接","timestamp":"2019-05-28 10:12:03"}
{"level":"info","message":"mqtt成功连接到：ws://test.emq.restoplus.cn:8083/mqtt","timestamp":"2019-05-28 10:12:03"}
{"level":"info","message":"订阅成功--$queue/winPos/+/2f83afee7a0e4822a6729145dd53af33/63325014c50b4b16a81e50b3623f8d96/+/+/+","timestamp":"2019-05-28 10:12:03"}
{"level":"info","message":"允许接收的平台=>posAdmin-dev,resto-dev","timestamp":"2019-05-28 10:12:03"}
{"level":"error","message":"==mqtt==close==你已断开连接,正常退出","timestamp":"2019-05-28 10:12:18"}
{"level":"error","message":"==mqtt==reconnect==正在尝试重新连接","timestamp":"2019-05-28 10:12:33"}
{"level":"info","message":"mqtt成功连接到：ws://test.emq.restoplus.cn:8083/mqtt","timestamp":"2019-05-28 10:12:33"}
{"level":"info","message":"订阅成功--$queue/winPos/+/2f83afee7a0e4822a6729145dd53af33/63325014c50b4b16a81e50b3623f8d96/+/+/+","timestamp":"2019-05-28 10:12:33"}
{"level":"info","message":"允许接收的平台=>posAdmin-dev,resto-dev","timestamp":"2019-05-28 10:12:33"}
{"level":"error","message":"==mqtt==close==你已断开连接,正常退出","timestamp":"2019-05-28 10:12:34"}
{"level":"error","message":"==mqtt==reconnect==正在尝试重新连接","timestamp":"2019-05-28 10:12:49"}
{"level":"info","message":"mqtt成功连接到：ws://test.emq.restoplus.cn:8083/mqtt","timestamp":"2019-05-28 10:12:49"}
{"level":"info","message":"订阅成功--$queue/winPos/+/2f83afee7a0e4822a6729145dd53af33/63325014c50b4b16a81e50b3623f8d96/+/+/+","timestamp":"2019-05-28 10:12:49"}
{"level":"info","message":"允许接收的平台=>posAdmin-dev,resto-dev","timestamp":"2019-05-28 10:12:49"}
{"level":"error","message":"==mqtt==close==你已断开连接,正常退出","timestamp":"2019-05-28 10:12:50"}
{"level":"error","message":"==mqtt==reconnect==正在尝试重新连接","timestamp":"2019-05-28 10:13:05"}
{"level":"info","message":"mqtt成功连接到：ws://test.emq.restoplus.cn:8083/mqtt","timestamp":"2019-05-28 10:13:05"}
{"level":"info","message":"订阅成功--$queue/winPos/+/2f83afee7a0e4822a6729145dd53af33/63325014c50b4b16a81e50b3623f8d96/+/+/+","timestamp":"2019-05-28 10:13:05"}
{"level":"info","message":"允许接收的平台=>posAdmin-dev,resto-dev","timestamp":"2019-05-28 10:13:05"}
{"level":"error","message":"==mqtt==close==你已断开连接,正常退出","timestamp":"2019-05-28 10:13:20"}
{"level":"error","message":"==mqtt==reconnect==正在尝试重新连接","timestamp":"2019-05-28 10:13:35"}
{"level":"info","message":"mqtt成功连接到：ws://test.emq.restoplus.cn:8083/mqtt","timestamp":"2019-05-28 10:13:35"}
{"level":"info","message":"订阅成功--$queue/winPos/+/2f83afee7a0e4822a6729145dd53af33/63325014c50b4b16a81e50b3623f8d96/+/+/+","timestamp":"2019-05-28 10:13:35"}
{"level":"info","message":"允许接收的平台=>posAdmin-dev,resto-dev","timestamp":"2019-05-28 10:13:35"}
{"level":"info","message":"GET /system/info 10 2019-05-28 10:24:46","timestamp":"2019-05-28 10:24:46"}
{"level":"info","message":"GET /order/order_state_count 11 2019-05-28 10:24:46","timestamp":"2019-05-28 10:24:46"}
{"level":"info","message":"GET /area 11 2019-05-28 10:24:46","timestamp":"2019-05-28 10:24:46"}
{"level":"info","message":"GET /table/list 13 2019-05-28 10:24:46","timestamp":"2019-05-28 10:24:46"}
{"level":"info","message":"GET /order/detail 27 2019-05-28 10:24:46","timestamp":"2019-05-28 10:24:46"}
{"level":"info","message":"GET /order/get_order_test 4 2019-05-28 10:24:47","timestamp":"2019-05-28 10:24:47"}
{"level":"info","message":"GET /order/detail 7 2019-05-28 10:24:47","timestamp":"2019-05-28 10:24:47"}
{"level":"info","message":"GET /order/get_order_test 7 2019-05-28 10:24:47","timestamp":"2019-05-28 10:24:47"}
{"level":"info","message":"GET /system/info 71 2019-05-28 10:26:10","timestamp":"2019-05-28 10:26:10"}
{"level":"info","message":"GET /order/order_state_count 15 2019-05-28 10:26:10","timestamp":"2019-05-28 10:26:10"}
{"level":"info","message":"GET /area 16 2019-05-28 10:26:11","timestamp":"2019-05-28 10:26:11"}
{"level":"info","message":"GET /table/list 10 2019-05-28 10:26:11","timestamp":"2019-05-28 10:26:11"}
{"level":"info","message":"GET /order/detail 37 2019-05-28 10:26:11","timestamp":"2019-05-28 10:26:11"}
{"level":"info","message":"GET /order/get_order_test 3 2019-05-28 10:26:11","timestamp":"2019-05-28 10:26:11"}
{"level":"info","message":"GET /system/info 19 2019-05-28 10:34:36","timestamp":"2019-05-28 10:34:36"}
{"level":"info","message":"GET /order/order_state_count 24 2019-05-28 10:34:36","timestamp":"2019-05-28 10:34:36"}
{"level":"info","message":"GET /area 22 2019-05-28 10:34:36","timestamp":"2019-05-28 10:34:36"}
{"level":"info","message":"GET /table/list 26 2019-05-28 10:34:36","timestamp":"2019-05-28 10:34:36"}
{"level":"info","message":"GET /order/detail 35 2019-05-28 10:34:36","timestamp":"2019-05-28 10:34:36"}
{"level":"info","message":"GET /order/get_order_test 5 2019-05-28 10:34:38","timestamp":"2019-05-28 10:34:38"}
{"level":"info","message":"GET /system/info 77 2019-05-28 10:35:46","timestamp":"2019-05-28 10:35:46"}
{"level":"info","message":"GET /order/order_state_count 10 2019-05-28 10:35:46","timestamp":"2019-05-28 10:35:46"}
{"level":"info","message":"GET /area 11 2019-05-28 10:35:46","timestamp":"2019-05-28 10:35:46"}
{"level":"info","message":"GET /table/list 11 2019-05-28 10:35:46","timestamp":"2019-05-28 10:35:46"}
{"level":"info","message":"GET /order/detail 22 2019-05-28 10:35:46","timestamp":"2019-05-28 10:35:46"}
{"level":"info","message":"GET /order/get_order_test 3 2019-05-28 10:35:47","timestamp":"2019-05-28 10:35:47"}
{"level":"info","message":"GET /system/info 12 2019-05-28 10:38:27","timestamp":"2019-05-28 10:38:27"}
{"level":"info","message":"GET /order/order_state_count 12 2019-05-28 10:38:27","timestamp":"2019-05-28 10:38:27"}
{"level":"info","message":"GET /area 10 2019-05-28 10:38:27","timestamp":"2019-05-28 10:38:27"}
{"level":"info","message":"GET /table/list 14 2019-05-28 10:38:27","timestamp":"2019-05-28 10:38:27"}
{"level":"info","message":"GET /order/detail 23 2019-05-28 10:38:27","timestamp":"2019-05-28 10:38:27"}
{"level":"info","message":"GET /order/get_order_test 4 2019-05-28 10:38:27","timestamp":"2019-05-28 10:38:27"}
{"level":"info","message":"GET /system/info 8 2019-05-28 10:39:24","timestamp":"2019-05-28 10:39:24"}
{"level":"info","message":"GET /order/order_state_count 19 2019-05-28 10:39:24","timestamp":"2019-05-28 10:39:24"}
{"level":"info","message":"GET /area 16 2019-05-28 10:39:24","timestamp":"2019-05-28 10:39:24"}
{"level":"info","message":"GET /table/list 21 2019-05-28 10:39:24","timestamp":"2019-05-28 10:39:24"}
{"level":"info","message":"GET /order/detail 34 2019-05-28 10:39:24","timestamp":"2019-05-28 10:39:24"}
{"level":"info","message":"GET /order/get_order_test 5 2019-05-28 10:39:24","timestamp":"2019-05-28 10:39:24"}
{"level":"info","message":"GET /system/info 7 2019-05-28 10:40:39","timestamp":"2019-05-28 10:40:39"}
{"level":"info","message":"GET /order/order_state_count 12 2019-05-28 10:40:39","timestamp":"2019-05-28 10:40:39"}
{"level":"info","message":"GET /area 9 2019-05-28 10:40:39","timestamp":"2019-05-28 10:40:39"}
{"level":"info","message":"GET /table/list 16 2019-05-28 10:40:39","timestamp":"2019-05-28 10:40:39"}
{"level":"info","message":"GET /order/detail 30 2019-05-28 10:40:39","timestamp":"2019-05-28 10:40:39"}
{"level":"info","message":"GET /order/get_order_test 3 2019-05-28 10:40:40","timestamp":"2019-05-28 10:40:40"}
{"level":"info","message":"GET /system/info 6 2019-05-28 10:40:45","timestamp":"2019-05-28 10:40:45"}
{"level":"info","message":"GET /order/order_state_count 14 2019-05-28 10:40:45","timestamp":"2019-05-28 10:40:45"}
{"level":"info","message":"GET /area 9 2019-05-28 10:40:45","timestamp":"2019-05-28 10:40:45"}
{"level":"info","message":"GET /table/list 18 2019-05-28 10:40:45","timestamp":"2019-05-28 10:40:45"}
{"level":"info","message":"GET /order/detail 29 2019-05-28 10:40:45","timestamp":"2019-05-28 10:40:45"}
{"level":"info","message":"GET /order/get_order_test 3 2019-05-28 10:40:45","timestamp":"2019-05-28 10:40:45"}
{"level":"info","message":"GET /system/info 3 2019-05-28 10:41:06","timestamp":"2019-05-28 10:41:06"}
{"level":"info","message":"GET /order/order_state_count 13 2019-05-28 10:41:07","timestamp":"2019-05-28 10:41:07"}
{"level":"info","message":"GET /area 11 2019-05-28 10:41:07","timestamp":"2019-05-28 10:41:07"}
{"level":"info","message":"GET /table/list 15 2019-05-28 10:41:07","timestamp":"2019-05-28 10:41:07"}
{"level":"info","message":"GET /order/detail 29 2019-05-28 10:41:07","timestamp":"2019-05-28 10:41:07"}
{"level":"info","message":"GET /order/get_order_test 4 2019-05-28 10:41:07","timestamp":"2019-05-28 10:41:07"}
{"level":"info","message":"GET /system/info 5 2019-05-28 10:42:01","timestamp":"2019-05-28 10:42:01"}
{"level":"info","message":"GET /order/order_state_count 17 2019-05-28 10:42:01","timestamp":"2019-05-28 10:42:01"}
{"level":"info","message":"GET /area 12 2019-05-28 10:42:01","timestamp":"2019-05-28 10:42:01"}
{"level":"info","message":"GET /table/list 15 2019-05-28 10:42:01","timestamp":"2019-05-28 10:42:01"}
{"level":"info","message":"GET /order/detail 28 2019-05-28 10:42:01","timestamp":"2019-05-28 10:42:01"}
{"level":"info","message":"GET /order/get_order_test 2 2019-05-28 10:42:02","timestamp":"2019-05-28 10:42:02"}
{"level":"info","message":"POST /bind/table 15 2019-05-28 10:42:10","timestamp":"2019-05-28 10:42:10"}
{"level":"info","message":"POST /bind/table 7 2019-05-28 10:42:12","timestamp":"2019-05-28 10:42:12"}
{"level":"info","message":"POST /bind/table 174 2019-05-28 10:42:15","timestamp":"2019-05-28 10:42:15"}
{"level":"info","message":"GET /article/family_list 20 2019-05-28 10:42:15","timestamp":"2019-05-28 10:42:15"}
{"level":"info","message":"GET /order/detail 31 2019-05-28 10:42:15","timestamp":"2019-05-28 10:42:15"}
{"level":"info","message":"GET /article/article_list 94 2019-05-28 10:42:16","timestamp":"2019-05-28 10:42:16"}
{"level":"info","message":"GET /order/order_state_count 6 2019-05-28 10:42:18","timestamp":"2019-05-28 10:42:18"}
{"level":"info","message":"GET /area 5 2019-05-28 10:42:18","timestamp":"2019-05-28 10:42:18"}
{"level":"info","message":"GET /table/list 5 2019-05-28 10:42:18","timestamp":"2019-05-28 10:42:18"}
{"level":"info","message":"GET /order/detail 14 2019-05-28 10:42:18","timestamp":"2019-05-28 10:42:18"}
{"level":"info","message":"GET /order/get_order_test 10 2019-05-28 10:42:18","timestamp":"2019-05-28 10:42:18"}
{"level":"info","message":"GET /order/get_order_test 4 2019-05-28 10:42:18","timestamp":"2019-05-28 10:42:18"}
{"level":"info","message":"GET /order/wait_order 7 2019-05-28 10:42:22","timestamp":"2019-05-28 10:42:22"}
{"level":"info","message":"GET /order/order_state_count 5 2019-05-28 10:42:22","timestamp":"2019-05-28 10:42:22"}
{"level":"info","message":"GET /order/get_order_test 12 2019-05-28 10:42:22","timestamp":"2019-05-28 10:42:22"}
{"level":"info","message":"GET /order/detail 22 2019-05-28 10:42:22","timestamp":"2019-05-28 10:42:22"}
{"level":"info","message":"GET /order/no_pay 9 2019-05-28 10:42:23","timestamp":"2019-05-28 10:42:23"}
{"level":"info","message":"GET /order/order_state_count 10 2019-05-28 10:42:23","timestamp":"2019-05-28 10:42:23"}
{"level":"info","message":"GET /order/get_order_test 23 2019-05-28 10:42:23","timestamp":"2019-05-28 10:42:23"}
{"level":"info","message":"GET /order/detail 28 2019-05-28 10:42:23","timestamp":"2019-05-28 10:42:23"}
{"level":"info","message":"GET /order/wait_order 9 2019-05-28 10:42:24","timestamp":"2019-05-28 10:42:24"}
{"level":"info","message":"GET /order/order_state_count 8 2019-05-28 10:42:24","timestamp":"2019-05-28 10:42:24"}
{"level":"info","message":"GET /order/get_order_test 4 2019-05-28 10:42:24","timestamp":"2019-05-28 10:42:24"}
{"level":"info","message":"GET /order/detail 9 2019-05-28 10:42:24","timestamp":"2019-05-28 10:42:24"}
{"level":"info","message":"GET /table/list 9 2019-05-28 10:42:25","timestamp":"2019-05-28 10:42:25"}
{"level":"info","message":"GET /order/order_state_count 9 2019-05-28 10:42:25","timestamp":"2019-05-28 10:42:25"}
{"level":"info","message":"GET /order/get_order_test 8 2019-05-28 10:42:25","timestamp":"2019-05-28 10:42:25"}
{"level":"info","message":"GET /order/detail 17 2019-05-28 10:42:25","timestamp":"2019-05-28 10:42:25"}
{"level":"info","message":"GET /order/order_state_count 5 2019-05-28 10:42:39","timestamp":"2019-05-28 10:42:39"}
{"level":"info","message":"GET /order/wait_and_nopay 5 2019-05-28 10:42:39","timestamp":"2019-05-28 10:42:39"}
{"level":"info","message":"GET /order/order_state_count 5 2019-05-28 10:42:45","timestamp":"2019-05-28 10:42:45"}
{"level":"info","message":"GET /area 2 2019-05-28 10:42:45","timestamp":"2019-05-28 10:42:45"}
{"level":"info","message":"GET /table/list 5 2019-05-28 10:42:45","timestamp":"2019-05-28 10:42:45"}
{"level":"info","message":"GET /order/detail 14 2019-05-28 10:42:45","timestamp":"2019-05-28 10:42:45"}
{"level":"info","message":"GET /order/get_order_test 11 2019-05-28 10:42:45","timestamp":"2019-05-28 10:42:45"}
{"level":"info","message":"GET /order/get_order_test 4 2019-05-28 10:42:45","timestamp":"2019-05-28 10:42:45"}
{"level":"info","message":"GET /table/list 5 2019-05-28 10:42:50","timestamp":"2019-05-28 10:42:50"}
{"level":"info","message":"GET /order/order_state_count 5 2019-05-28 10:42:50","timestamp":"2019-05-28 10:42:50"}
{"level":"info","message":"GET /order/get_order_test 6 2019-05-28 10:42:50","timestamp":"2019-05-28 10:42:50"}
{"level":"info","message":"GET /order/detail 12 2019-05-28 10:42:50","timestamp":"2019-05-28 10:42:50"}
{"level":"info","message":"POST /bind/table 22 2019-05-28 10:43:01","timestamp":"2019-05-28 10:43:01"}
{"level":"info","message":"GET /article/family_list 2 2019-05-28 10:43:01","timestamp":"2019-05-28 10:43:01"}
{"level":"info","message":"GET /order/detail 8 2019-05-28 10:43:01","timestamp":"2019-05-28 10:43:01"}
{"level":"info","message":"GET /article/article_list 14 2019-05-28 10:43:01","timestamp":"2019-05-28 10:43:02"}
{"level":"info","message":"GET /order/order_state_count 5 2019-05-28 10:43:03","timestamp":"2019-05-28 10:43:03"}
{"level":"info","message":"GET /area 7 2019-05-28 10:43:03","timestamp":"2019-05-28 10:43:03"}
{"level":"info","message":"GET /table/list 5 2019-05-28 10:43:03","timestamp":"2019-05-28 10:43:03"}
{"level":"info","message":"GET /order/get_order_test 22 2019-05-28 10:43:03","timestamp":"2019-05-28 10:43:03"}
{"level":"info","message":"GET /order/detail 35 2019-05-28 10:43:03","timestamp":"2019-05-28 10:43:03"}
{"level":"info","message":"GET /order/get_order_test 4 2019-05-28 10:43:04","timestamp":"2019-05-28 10:43:04"}
{"level":"info","message":"GET /order/order_state_count 5 2019-05-28 10:43:05","timestamp":"2019-05-28 10:43:05"}
{"level":"info","message":"GET /order/wait_and_nopay 4 2019-05-28 10:43:05","timestamp":"2019-05-28 10:43:05"}
{"level":"info","message":"GET /order/order_state_count 10 2019-05-28 10:43:07","timestamp":"2019-05-28 10:43:07"}
{"level":"info","message":"GET /area 7 2019-05-28 10:43:07","timestamp":"2019-05-28 10:43:07"}
{"level":"info","message":"GET /table/list 8 2019-05-28 10:43:07","timestamp":"2019-05-28 10:43:07"}
{"level":"info","message":"GET /order/detail 17 2019-05-28 10:43:07","timestamp":"2019-05-28 10:43:07"}
{"level":"info","message":"GET /order/get_order_test 11 2019-05-28 10:43:07","timestamp":"2019-05-28 10:43:07"}
{"level":"info","message":"GET /order/get_order_test 3 2019-05-28 10:43:07","timestamp":"2019-05-28 10:43:07"}
{"level":"info","message":"GET /order/get_order_test 5 2019-05-28 10:43:13","timestamp":"2019-05-28 10:43:13"}
{"level":"info","message":"GET /order/detail 9 2019-05-28 10:43:13","timestamp":"2019-05-28 10:43:13"}
{"level":"info","message":"GET /article/family_list 4 2019-05-28 10:43:16","timestamp":"2019-05-28 10:43:16"}
{"level":"info","message":"GET /order/detail 8 2019-05-28 10:43:16","timestamp":"2019-05-28 10:43:16"}
{"level":"info","message":"GET /article/article_list 15 2019-05-28 10:43:17","timestamp":"2019-05-28 10:43:17"}
{"level":"info","message":"POST /push/order 129 2019-05-28 10:43:18","timestamp":"2019-05-28 10:43:18"}
{"level":"info","message":"GET /order/order_state_count 55 2019-05-28 10:43:18","timestamp":"2019-05-28 10:43:18"}
{"level":"info","message":"GET /area 50 2019-05-28 10:43:18","timestamp":"2019-05-28 10:43:18"}
{"level":"info","message":"GET /table/list 48 2019-05-28 10:43:18","timestamp":"2019-05-28 10:43:18"}
{"level":"info","message":"推送EMQ:resto-dev/2f83afee7a0e4822a6729145dd53af33/63325014c50b4b16a81e50b3623f8d96/order/creator/90471dca96b64d55a050d255d79e8bc7 \n {\"master_order_id\":\"90471dca96b64d55a050d255d79e8bc7\",\"order_arr\":[{\"id\":\"90471dca96b64d55a050d255d79e8bc7\",\"table_number\":\"10\",\"customer_count\":2,\"accounting_time\":\"2019-05-28\",\"order_state\":1,\"production_status\":2,\"original_amount\":2,\"order_money\":2,\"origin_money\":null,\"article_count\":2,\"serial_number\":\"201905281043018180\",\"allow_cancel\":0,\"closed\":0,\"create_time\":\"1559011381818\",\"push_order_time\":null,\"print_order_time\":\"1559011398848\",\"remark\":\"\",\"distribution_mode_id\":1,\"amount_with_children\":0,\"parent_order_id\":null,\"service_price\":0,\"is_pos_pay\":0,\"pay_type\":1,\"count_with_child\":0,\"allow_continue_order\":0,\"payment_amount\":2,\"customer_id\":\"0\",\"customer_address_id\":null,\"ver_code\":\"05907\",\"pay_mode\":0,\"meal_fee_price\":0,\"meal_all_number\":0,\"order_mode\":6,\"allow_appraise\":0,\"confirm_time\":null,\"order_number\":2,\"call_number_time\":null,\"call_times\":0,\"shop_detail_id\":\"d2ff1bbb8c6f4fd8adb3949f76f8c1b6\",\"data_origin\":\"0\",\"sync_state\":1,\"last_sync_time\":\"1559011398691\",\"order_pos_discount_money\":\"0\",\"member_discount_money\":\"0\",\"erase_money\":\"0\",\"reduce_money\":\"0\",\"real_erase_money\":\"0\",\"pos_discount\":\"100\",\"no_discount_money\":\"0\",\"exemption_money\":\"0\",\"need_confirm_order_item\":0,\"sauce_fee_count\":\"2\",\"sauce_fee_price\":0,\"towel_fee_count\":\"2\",\"towel_fee_price\":0,\"tableware_fee_count\":\"2\",\"tableware_fee_price\":0,\"is_use_new_service\":0,\"grant_money\":0}],\"order_item\":[{\"id\":\"2dcbc7a852d54c18a0e365e820e3228f\",\"order_id\":\"90471dca96b64d55a050d255d79e8bc7\",\"article_id\":\"22d09d78c4ef4244b375de91acfa587a\",\"article_name\":\"蜜糖鸡翅(2件)\",\"count\":1,\"original_price\":1,\"no_discount_price\":null,\"unit_price\":1,\"final_price\":1,\"remark\":\"100%\",\"sort\":0,\"status\":1,\"type\":1,\"parent_id\":null,\"create_time\":\"1559011398749\",\"meal_item_id\":\"0\",\"kitchen_id\":\"\",\"recommend_id\":\"\",\"orgin_count\":1,\"refund_count\":0,\"grant_count\":0,\"meal_fee_number\":0,\"change_count\":0,\"print_fail_flag\":0,\"pos_discount\":100,\"weight\":0,\"need_remind\":0},{\"id\":\"c81718148848457ab33b3eb2c471152f\",\"order_id\":\"90471dca96b64d55a050d255d79e8bc7\",\"article_id\":\"22ec4f4ec9034e018747809015dea060\",\"article_name\":\"不想吃\",\"count\":1,\"original_price\":1,\"no_discount_price\":null,\"unit_price\":1,\"final_price\":1,\"remark\":\"100%\",\"sort\":0,\"status\":1,\"type\":1,\"parent_id\":null,\"create_time\":\"1559011398786\",\"meal_item_id\":\"0\",\"kitchen_id\":\"\",\"recommend_id\":\"\",\"orgin_count\":1,\"refund_count\":0,\"grant_count\":0,\"meal_fee_number\":0,\"change_count\":0,\"print_fail_flag\":0,\"pos_discount\":100,\"weight\":0,\"need_remind\":0}]}","timestamp":"2019-05-28 10:43:19"}
{"level":"info","message":"GET /order/detail 212 2019-05-28 10:43:19","timestamp":"2019-05-28 10:43:19"}
{"level":"info","message":"GET /order/get_order_test 3 2019-05-28 10:43:19","timestamp":"2019-05-28 10:43:19"}
{"level":"info","message":"GET /order/order_state_count 5 2019-05-28 10:43:22","timestamp":"2019-05-28 10:43:22"}
{"level":"info","message":"GET /order/wait_and_nopay 6 2019-05-28 10:43:22","timestamp":"2019-05-28 10:43:22"}
{"level":"info","message":"GET /order/order_state_count 5 2019-05-28 10:43:23","timestamp":"2019-05-28 10:43:23"}
{"level":"info","message":"GET /area 3 2019-05-28 10:43:24","timestamp":"2019-05-28 10:43:24"}
{"level":"info","message":"GET /table/list 6 2019-05-28 10:43:24","timestamp":"2019-05-28 10:43:24"}
{"level":"info","message":"GET /order/get_order_test 12 2019-05-28 10:43:24","timestamp":"2019-05-28 10:43:24"}
{"level":"info","message":"GET /order/detail 19 2019-05-28 10:43:24","timestamp":"2019-05-28 10:43:24"}
{"level":"info","message":"GET /order/get_order_test 4 2019-05-28 10:43:24","timestamp":"2019-05-28 10:43:24"}
{"level":"info","message":"GET /order/get_order_test 8 2019-05-28 10:43:25","timestamp":"2019-05-28 10:43:25"}
{"level":"info","message":"GET /order/detail 10 2019-05-28 10:43:25","timestamp":"2019-05-28 10:43:25"}
{"level":"info","message":"POST /bind/table 29 2019-05-28 10:43:32","timestamp":"2019-05-28 10:43:32"}
{"level":"info","message":"GET /article/family_list 2 2019-05-28 10:43:33","timestamp":"2019-05-28 10:43:33"}
{"level":"info","message":"GET /order/detail 7 2019-05-28 10:43:33","timestamp":"2019-05-28 10:43:33"}
{"level":"info","message":"GET /article/article_list 12 2019-05-28 10:43:33","timestamp":"2019-05-28 10:43:33"}
{"level":"info","message":"POST /push/order 48 2019-05-28 10:43:35","timestamp":"2019-05-28 10:43:35"}
{"level":"info","message":"推送EMQ:resto-dev/2f83afee7a0e4822a6729145dd53af33/63325014c50b4b16a81e50b3623f8d96/order/creator/e73f5879128a421d944dc2aa3763c826 \n {\"master_order_id\":\"e73f5879128a421d944dc2aa3763c826\",\"order_arr\":[{\"id\":\"e73f5879128a421d944dc2aa3763c826\",\"table_number\":\"11\",\"customer_count\":2,\"accounting_time\":\"2019-05-28\",\"order_state\":1,\"production_status\":2,\"original_amount\":2,\"order_money\":2,\"origin_money\":null,\"article_count\":2,\"serial_number\":\"201905281043328880\",\"allow_cancel\":0,\"closed\":0,\"create_time\":\"1559011412888\",\"push_order_time\":null,\"print_order_time\":\"1559011415750\",\"remark\":\"\",\"distribution_mode_id\":1,\"amount_with_children\":0,\"parent_order_id\":null,\"service_price\":0,\"is_pos_pay\":0,\"pay_type\":1,\"count_with_child\":0,\"allow_continue_order\":0,\"payment_amount\":2,\"customer_id\":\"0\",\"customer_address_id\":null,\"ver_code\":\"82624\",\"pay_mode\":0,\"meal_fee_price\":0,\"meal_all_number\":0,\"order_mode\":6,\"allow_appraise\":0,\"confirm_time\":null,\"order_number\":3,\"call_number_time\":null,\"call_times\":0,\"shop_detail_id\":\"d2ff1bbb8c6f4fd8adb3949f76f8c1b6\",\"data_origin\":\"0\",\"sync_state\":1,\"last_sync_time\":\"1559011415735\",\"order_pos_discount_money\":\"0\",\"member_discount_money\":\"0\",\"erase_money\":\"0\",\"reduce_money\":\"0\",\"real_erase_money\":\"0\",\"pos_discount\":\"100\",\"no_discount_money\":\"0\",\"exemption_money\":\"0\",\"need_confirm_order_item\":0,\"sauce_fee_count\":\"2\",\"sauce_fee_price\":0,\"towel_fee_count\":\"2\",\"towel_fee_price\":0,\"tableware_fee_count\":\"2\",\"tableware_fee_price\":0,\"is_use_new_service\":0,\"grant_money\":0}],\"order_item\":[{\"id\":\"bad75f842b6b4c04b1e9a7c824b1238f\",\"order_id\":\"e73f5879128a421d944dc2aa3763c826\",\"article_id\":\"22d09d78c4ef4244b375de91acfa587a\",\"article_name\":\"蜜糖鸡翅(2件)\",\"count\":1,\"original_price\":1,\"no_discount_price\":null,\"unit_price\":1,\"final_price\":1,\"remark\":\"100%\",\"sort\":0,\"status\":1,\"type\":1,\"parent_id\":null,\"create_time\":\"1559011415757\",\"meal_item_id\":\"0\",\"kitchen_id\":\"\",\"recommend_id\":\"\",\"orgin_count\":1,\"refund_count\":0,\"grant_count\":0,\"meal_fee_number\":0,\"change_count\":0,\"print_fail_flag\":0,\"pos_discount\":100,\"weight\":0,\"need_remind\":0},{\"id\":\"4bbe11a58d5048059fe8ff347aee3895\",\"order_id\":\"e73f5879128a421d944dc2aa3763c826\",\"article_id\":\"22ec4f4ec9034e018747809015dea060\",\"article_name\":\"不想吃\",\"count\":1,\"original_price\":1,\"no_discount_price\":null,\"unit_price\":1,\"final_price\":1,\"remark\":\"100%\",\"sort\":0,\"status\":1,\"type\":1,\"parent_id\":null,\"create_time\":\"1559011415766\",\"meal_item_id\":\"0\",\"kitchen_id\":\"\",\"recommend_id\":\"\",\"orgin_count\":1,\"refund_count\":0,\"grant_count\":0,\"meal_fee_number\":0,\"change_count\":0,\"print_fail_flag\":0,\"pos_discount\":100,\"weight\":0,\"need_remind\":0}]}","timestamp":"2019-05-28 10:43:35"}
{"level":"info","message":"GET /order/order_state_count 13 2019-05-28 10:43:35","timestamp":"2019-05-28 10:43:35"}
{"level":"info","message":"GET /area 10 2019-05-28 10:43:35","timestamp":"2019-05-28 10:43:35"}
{"level":"info","message":"GET /table/list 10 2019-05-28 10:43:35","timestamp":"2019-05-28 10:43:35"}
{"level":"info","message":"GET /order/detail 26 2019-05-28 10:43:35","timestamp":"2019-05-28 10:43:35"}
{"level":"info","message":"GET /order/get_order_test 3 2019-05-28 10:43:36","timestamp":"2019-05-28 10:43:36"}
{"level":"info","message":"GET /order/order_state_count 6 2019-05-28 10:43:39","timestamp":"2019-05-28 10:43:39"}
{"level":"info","message":"GET /order/wait_and_nopay 4 2019-05-28 10:43:39","timestamp":"2019-05-28 10:43:39"}
{"level":"info","message":"GET /order/order_state_count 5 2019-05-28 10:43:41","timestamp":"2019-05-28 10:43:41"}
{"level":"info","message":"GET /area 4 2019-05-28 10:43:41","timestamp":"2019-05-28 10:43:41"}
{"level":"info","message":"GET /table/list 5 2019-05-28 10:43:41","timestamp":"2019-05-28 10:43:41"}
{"level":"info","message":"GET /order/get_order_test 6 2019-05-28 10:43:41","timestamp":"2019-05-28 10:43:41"}
{"level":"info","message":"GET /order/detail 10 2019-05-28 10:43:41","timestamp":"2019-05-28 10:43:41"}
{"level":"info","message":"GET /order/get_order_test 4 2019-05-28 10:43:41","timestamp":"2019-05-28 10:43:41"}
{"level":"info","message":"GET /order/order_state_count 7 2019-05-28 10:43:42","timestamp":"2019-05-28 10:43:42"}
{"level":"info","message":"GET /order/wait_and_nopay 5 2019-05-28 10:43:42","timestamp":"2019-05-28 10:43:42"}
{"level":"info","message":"GET /order/order_state_count 5 2019-05-28 10:43:42","timestamp":"2019-05-28 10:43:42"}
{"level":"info","message":"GET /area 4 2019-05-28 10:43:42","timestamp":"2019-05-28 10:43:42"}
{"level":"info","message":"GET /table/list 4 2019-05-28 10:43:42","timestamp":"2019-05-28 10:43:42"}
{"level":"info","message":"GET /order/get_order_test 30 2019-05-28 10:43:42","timestamp":"2019-05-28 10:43:42"}
{"level":"info","message":"GET /order/detail 35 2019-05-28 10:43:42","timestamp":"2019-05-28 10:43:42"}
{"level":"info","message":"GET /order/get_order_test 4 2019-05-28 10:43:43","timestamp":"2019-05-28 10:43:43"}
{"level":"info","message":"GET /order/order_state_count 5 2019-05-28 10:43:43","timestamp":"2019-05-28 10:43:43"}
{"level":"info","message":"GET /order/wait_and_nopay 4 2019-05-28 10:43:43","timestamp":"2019-05-28 10:43:43"}
{"level":"info","message":"GET /order/order_state_count 6 2019-05-28 10:43:44","timestamp":"2019-05-28 10:43:44"}
{"level":"info","message":"GET /area 3 2019-05-28 10:43:44","timestamp":"2019-05-28 10:43:44"}
{"level":"info","message":"GET /table/list 6 2019-05-28 10:43:44","timestamp":"2019-05-28 10:43:44"}
{"level":"info","message":"GET /order/get_order_test 13 2019-05-28 10:43:44","timestamp":"2019-05-28 10:43:44"}
{"level":"info","message":"GET /order/detail 25 2019-05-28 10:43:44","timestamp":"2019-05-28 10:43:44"}
{"level":"info","message":"GET /order/get_order_test 3 2019-05-28 10:43:44","timestamp":"2019-05-28 10:43:44"}
{"level":"info","message":"GET /article/family_list 2 2019-05-28 10:43:46","timestamp":"2019-05-28 10:43:46"}
{"level":"info","message":"GET /order/detail 10 2019-05-28 10:43:46","timestamp":"2019-05-28 10:43:46"}
{"level":"info","message":"GET /article/article_list 13 2019-05-28 10:43:46","timestamp":"2019-05-28 10:43:46"}
{"level":"error","message":"==mqtt==close==你已断开连接,异常退出","timestamp":"2019-05-28 13:45:12"}
{"level":"error","message":"==mqtt==reconnect==正在尝试重新连接","timestamp":"2019-05-28 13:45:27"}
{"level":"info","message":"mqtt成功连接到：ws://test.emq.restoplus.cn:8083/mqtt","timestamp":"2019-05-28 13:45:27"}
{"level":"info","message":"订阅成功--$queue/winPos/+/2f83afee7a0e4822a6729145dd53af33/63325014c50b4b16a81e50b3623f8d96/+/+/+","timestamp":"2019-05-28 13:45:27"}
{"level":"info","message":"允许接收的平台=>posAdmin-dev,resto-dev","timestamp":"2019-05-28 13:45:27"}
{"level":"error","message":"==mqtt==close==你已断开连接,正常退出","timestamp":"2019-05-28 14:42:46"}
{"level":"error","message":"==mqtt==reconnect==正在尝试重新连接","timestamp":"2019-05-28 14:43:01"}
{"level":"info","message":"mqtt成功连接到：ws://test.emq.restoplus.cn:8083/mqtt","timestamp":"2019-05-28 14:43:01"}
{"level":"info","message":"订阅成功--$queue/winPos/+/2f83afee7a0e4822a6729145dd53af33/63325014c50b4b16a81e50b3623f8d96/+/+/+","timestamp":"2019-05-28 14:43:01"}
{"level":"info","message":"允许接收的平台=>posAdmin-dev,resto-dev","timestamp":"2019-05-28 14:43:01"}
{"level":"error","message":"==mqtt==close==你已断开连接,正常退出","timestamp":"2019-05-28 14:43:11"}
{"level":"error","message":"==mqtt==reconnect==正在尝试重新连接","timestamp":"2019-05-28 14:43:26"}
{"level":"info","message":"mqtt成功连接到：ws://test.emq.restoplus.cn:8083/mqtt","timestamp":"2019-05-28 14:43:26"}
{"level":"info","message":"订阅成功--$queue/winPos/+/2f83afee7a0e4822a6729145dd53af33/63325014c50b4b16a81e50b3623f8d96/+/+/+","timestamp":"2019-05-28 14:43:26"}
{"level":"info","message":"允许接收的平台=>posAdmin-dev,resto-dev","timestamp":"2019-05-28 14:43:26"}
{"level":"info","message":"GET /article/family_list 4 2019-05-28 16:03:06","timestamp":"2019-05-28 16:03:06"}
{"level":"info","message":"GET /article/article_list 16 2019-05-28 16:03:06","timestamp":"2019-05-28 16:03:06"}
{"level":"info","message":"GET /article/meal_item 752 2019-05-28 16:03:26","timestamp":"2019-05-28 16:03:26"}
{"level":"info","message":"GET /article/meal_item 14 2019-05-28 16:03:35","timestamp":"2019-05-28 16:03:35"}
{"level":"info","message":"GET /order/order_state_count 6 2019-05-28 16:04:51","timestamp":"2019-05-28 16:04:51"}
{"level":"info","message":"GET /area 8 2019-05-28 16:04:51","timestamp":"2019-05-28 16:04:51"}
{"level":"info","message":"GET /table/list 6 2019-05-28 16:04:51","timestamp":"2019-05-28 16:04:51"}
{"level":"info","message":"GET /order/get_order_test 7 2019-05-28 16:04:51","timestamp":"2019-05-28 16:04:51"}
{"level":"info","message":"GET /order/detail 12 2019-05-28 16:04:51","timestamp":"2019-05-28 16:04:51"}
{"level":"info","message":"GET /order/get_order_test 4 2019-05-28 16:04:51","timestamp":"2019-05-28 16:04:51"}
{"level":"info","message":"GET /article/family_list 4 2019-05-28 16:05:44","timestamp":"2019-05-28 16:05:44"}
{"level":"info","message":"GET /order/detail 11 2019-05-28 16:05:44","timestamp":"2019-05-28 16:05:44"}
{"level":"info","message":"GET /article/article_list 17 2019-05-28 16:05:44","timestamp":"2019-05-28 16:05:44"}
{"level":"error","message":"==mqtt==close==你已断开连接,异常退出","timestamp":"2019-05-28 17:27:17"}
{"level":"error","message":"==mqtt==reconnect==正在尝试重新连接","timestamp":"2019-05-28 17:27:32"}
{"level":"info","message":"mqtt成功连接到：ws://test.emq.restoplus.cn:8083/mqtt","timestamp":"2019-05-28 17:27:32"}
{"level":"info","message":"订阅成功--$queue/winPos/+/2f83afee7a0e4822a6729145dd53af33/63325014c50b4b16a81e50b3623f8d96/+/+/+","timestamp":"2019-05-28 17:27:32"}
{"level":"info","message":"允许接收的平台=>posAdmin-dev,resto-dev","timestamp":"2019-05-28 17:27:32"}
{"level":"info","message":"GET /system/info 7 2019-05-28 17:50:05","timestamp":"2019-05-28 17:50:05"}
{"level":"info","message":"GET /article/family_list 4 2019-05-28 17:50:05","timestamp":"2019-05-28 17:50:05"}
{"level":"info","message":"GET /order/detail 10 2019-05-28 17:50:05","timestamp":"2019-05-28 17:50:05"}
{"level":"info","message":"GET /article/article_list 12 2019-05-28 17:50:05","timestamp":"2019-05-28 17:50:05"}
{"level":"info","message":"GET /system/info 5 2019-05-28 17:52:29","timestamp":"2019-05-28 17:52:29"}
{"level":"info","message":"GET /article/family_list 3 2019-05-28 17:52:30","timestamp":"2019-05-28 17:52:30"}
{"level":"info","message":"GET /order/detail 14 2019-05-28 17:52:30","timestamp":"2019-05-28 17:52:30"}
{"level":"info","message":"GET /article/article_list 13 2019-05-28 17:52:30","timestamp":"2019-05-28 17:52:30"}
{"level":"info","message":"GET /system/info 2 2019-05-28 17:52:57","timestamp":"2019-05-28 17:52:57"}
{"level":"info","message":"GET /article/family_list 1 2019-05-28 17:52:58","timestamp":"2019-05-28 17:52:58"}
{"level":"info","message":"GET /order/detail 6 2019-05-28 17:52:58","timestamp":"2019-05-28 17:52:58"}
{"level":"info","message":"GET /article/article_list 12 2019-05-28 17:52:58","timestamp":"2019-05-28 17:52:58"}
{"level":"info","message":"GET /system/info 8 2019-05-28 17:56:29","timestamp":"2019-05-28 17:56:29"}
{"level":"info","message":"GET /article/family_list 3 2019-05-28 17:56:30","timestamp":"2019-05-28 17:56:30"}
{"level":"info","message":"GET /order/detail 11 2019-05-28 17:56:30","timestamp":"2019-05-28 17:56:30"}
{"level":"info","message":"GET /article/article_list 12 2019-05-28 17:56:30","timestamp":"2019-05-28 17:56:30"}
{"level":"info","message":"GET /system/info 5 2019-05-28 17:57:47","timestamp":"2019-05-28 17:57:47"}
{"level":"info","message":"GET /article/family_list 2 2019-05-28 17:57:48","timestamp":"2019-05-28 17:57:48"}
{"level":"info","message":"GET /order/detail 9 2019-05-28 17:57:48","timestamp":"2019-05-28 17:57:48"}
{"level":"info","message":"GET /article/article_list 15 2019-05-28 17:57:48","timestamp":"2019-05-28 17:57:48"}
{"level":"info","message":"GET /system/info 5 2019-05-28 18:01:45","timestamp":"2019-05-28 18:01:45"}
{"level":"info","message":"GET /article/family_list 3 2019-05-28 18:01:45","timestamp":"2019-05-28 18:01:45"}
{"level":"info","message":"GET /order/detail 10 2019-05-28 18:01:45","timestamp":"2019-05-28 18:01:45"}
{"level":"info","message":"GET /article/article_list 13 2019-05-28 18:01:46","timestamp":"2019-05-28 18:01:46"}
{"level":"info","message":"GET /system/info 6 2019-05-28 18:02:24","timestamp":"2019-05-28 18:02:24"}
{"level":"info","message":"GET /article/family_list 3 2019-05-28 18:02:24","timestamp":"2019-05-28 18:02:24"}
{"level":"info","message":"GET /order/detail 8 2019-05-28 18:02:24","timestamp":"2019-05-28 18:02:24"}
{"level":"info","message":"GET /article/article_list 13 2019-05-28 18:02:24","timestamp":"2019-05-28 18:02:24"}
{"level":"info","message":"GET /system/info 6 2019-05-28 18:06:01","timestamp":"2019-05-28 18:06:01"}
{"level":"info","message":"GET /article/family_list 5 2019-05-28 18:06:02","timestamp":"2019-05-28 18:06:02"}
{"level":"info","message":"GET /order/detail 9 2019-05-28 18:06:02","timestamp":"2019-05-28 18:06:02"}
{"level":"info","message":"GET /article/article_list 14 2019-05-28 18:06:02","timestamp":"2019-05-28 18:06:02"}
{"level":"info","message":"GET /system/info 7 2019-05-28 18:06:43","timestamp":"2019-05-28 18:06:43"}
{"level":"info","message":"GET /article/family_list 3 2019-05-28 18:06:43","timestamp":"2019-05-28 18:06:43"}
{"level":"info","message":"GET /order/detail 6 2019-05-28 18:06:43","timestamp":"2019-05-28 18:06:43"}
{"level":"info","message":"GET /article/article_list 15 2019-05-28 18:06:43","timestamp":"2019-05-28 18:06:43"}
{"level":"info","message":"GET /system/info 6 2019-05-28 18:12:58","timestamp":"2019-05-28 18:12:58"}
{"level":"info","message":"GET /article/family_list 2 2019-05-28 18:12:58","timestamp":"2019-05-28 18:12:58"}
{"level":"info","message":"GET /order/detail 7 2019-05-28 18:12:58","timestamp":"2019-05-28 18:12:58"}
{"level":"info","message":"GET /article/article_list 14 2019-05-28 18:12:59","timestamp":"2019-05-28 18:12:59"}
{"level":"info","message":"GET /system/info 5 2019-05-28 18:17:28","timestamp":"2019-05-28 18:17:28"}
{"level":"info","message":"GET /article/family_list 4 2019-05-28 18:17:29","timestamp":"2019-05-28 18:17:29"}
{"level":"info","message":"GET /order/detail 9 2019-05-28 18:17:29","timestamp":"2019-05-28 18:17:29"}
{"level":"info","message":"GET /article/article_list 16 2019-05-28 18:17:29","timestamp":"2019-05-28 18:17:29"}
{"level":"info","message":"GET /system/info 7 2019-05-28 18:18:41","timestamp":"2019-05-28 18:18:41"}
{"level":"info","message":"GET /article/family_list 2 2019-05-28 18:18:42","timestamp":"2019-05-28 18:18:42"}
{"level":"info","message":"GET /order/detail 8 2019-05-28 18:18:42","timestamp":"2019-05-28 18:18:42"}
{"level":"info","message":"GET /article/article_list 18 2019-05-28 18:18:42","timestamp":"2019-05-28 18:18:42"}
{"level":"info","message":"GET /order/order_state_count 6 2019-05-28 18:18:57","timestamp":"2019-05-28 18:18:57"}
{"level":"info","message":"GET /area 2 2019-05-28 18:18:57","timestamp":"2019-05-28 18:18:57"}
{"level":"info","message":"GET /order/detail 10 2019-05-28 18:18:57","timestamp":"2019-05-28 18:18:57"}
{"level":"info","message":"GET /table/list 5 2019-05-28 18:18:57","timestamp":"2019-05-28 18:18:57"}
{"level":"info","message":"GET /order/get_order_test 3 2019-05-28 18:18:57","timestamp":"2019-05-28 18:18:57"}
{"level":"info","message":"GET /article/family_list 3 2019-05-28 18:19:03","timestamp":"2019-05-28 18:19:03"}
{"level":"info","message":"GET /order/detail 7 2019-05-28 18:19:03","timestamp":"2019-05-28 18:19:03"}
{"level":"info","message":"GET /article/article_list 13 2019-05-28 18:19:03","timestamp":"2019-05-28 18:19:03"}
{"level":"info","message":"GET /order/order_state_count 6 2019-05-28 18:19:13","timestamp":"2019-05-28 18:19:13"}
{"level":"info","message":"GET /area 7 2019-05-28 18:19:13","timestamp":"2019-05-28 18:19:13"}
{"level":"info","message":"GET /table/list 6 2019-05-28 18:19:13","timestamp":"2019-05-28 18:19:13"}
{"level":"info","message":"GET /order/detail 7 2019-05-28 18:19:13","timestamp":"2019-05-28 18:19:13"}
{"level":"info","message":"GET /order/get_order_test 4 2019-05-28 18:19:13","timestamp":"2019-05-28 18:19:13"}
{"level":"info","message":"GET /order/get_order_test 3 2019-05-28 18:19:14","timestamp":"2019-05-28 18:19:14"}
{"level":"info","message":"GET /order/detail 8 2019-05-28 18:19:15","timestamp":"2019-05-28 18:19:15"}
{"level":"info","message":"GET /order/discount_info 3 2019-05-28 18:19:15","timestamp":"2019-05-28 18:19:15"}
{"level":"info","message":"GET /order/detail 7 2019-05-28 18:19:15","timestamp":"2019-05-28 18:19:15"}
{"level":"info","message":"GET /order/order_items 9 2019-05-28 18:19:15","timestamp":"2019-05-28 18:19:15"}
{"level":"info","message":"GET /article/family_list 2 2019-05-28 18:31:09","timestamp":"2019-05-28 18:31:09"}
{"level":"info","message":"GET /article/article_list 13 2019-05-28 18:31:09","timestamp":"2019-05-28 18:31:09"}
{"level":"info","message":"GET /business/report 21 2019-05-28 18:31:11","timestamp":"2019-05-28 18:31:11"}
{"level":"info","message":"GET /order/order_state_count 4 2019-05-28 18:31:14","timestamp":"2019-05-28 18:31:14"}
{"level":"info","message":"GET /area 4 2019-05-28 18:31:14","timestamp":"2019-05-28 18:31:14"}
{"level":"info","message":"GET /table/list 4 2019-05-28 18:31:14","timestamp":"2019-05-28 18:31:14"}
{"level":"info","message":"GET /order/get_order_test 30 2019-05-28 18:31:14","timestamp":"2019-05-28 18:31:14"}
{"level":"info","message":"GET /order/detail 35 2019-05-28 18:31:14","timestamp":"2019-05-28 18:31:14"}
{"level":"info","message":"GET /order/get_order_test 3 2019-05-28 18:31:15","timestamp":"2019-05-28 18:31:15"}
{"level":"info","message":"GET /order/discount_info 3 2019-05-28 18:31:16","timestamp":"2019-05-28 18:31:16"}
{"level":"info","message":"GET /order/order_items 13 2019-05-28 18:31:16","timestamp":"2019-05-28 18:31:16"}
{"level":"info","message":"GET /order/detail 12 2019-05-28 18:31:16","timestamp":"2019-05-28 18:31:16"}
{"level":"info","message":"GET /order/detail 9 2019-05-28 18:31:16","timestamp":"2019-05-28 18:31:16"}
{"level":"info","message":"mqtt成功连接到：ws://test.emq.restoplus.cn:8083/mqtt","timestamp":"2019-05-28 18:32:43"}
{"level":"info","message":"订阅成功--$queue/winPos/+/2f83afee7a0e4822a6729145dd53af33/63325014c50b4b16a81e50b3623f8d96/+/+/+","timestamp":"2019-05-28 18:32:50"}
{"level":"info","message":"允许接收的平台=>posAdmin-dev,resto-dev","timestamp":"2019-05-28 18:32:50"}
{"level":"error","message":"ServiceUnavailableError: Response timeout\n    at IncomingMessage.<anonymous> (/Users/chintec/Documents/node/resto-newpos/node_modules/connect-timeout/index.js:84:8)\n    at emitOne (events.js:116:13)\n    at IncomingMessage.emit (events.js:211:7)\n    at Timeout._onTimeout (/Users/chintec/Documents/node/resto-newpos/node_modules/connect-timeout/index.js:49:11)\n    at ontimeout (timers.js:475:11)\n    at tryOnTimeout (timers.js:310:5)\n    at Timer.listOnTimeout (timers.js:270:5)","timestamp":"2019-05-28 18:33:22"}
{"level":"error","message":"resource \"GET:/ac24b80847a5ef691595.hot-update.json\" not found","timestamp":"2019-05-28 18:33:46"}
{"level":"info","message":"GET /ac24b80847a5ef691595.hot-update.json 1 2019-05-28 18:33:46","timestamp":"2019-05-28 18:33:46"}
