{"level":"info","message":"mqtt成功连接到：ws://test.emq.restoplus.cn:8083/mqtt","timestamp":"2019-04-16 09:51:37"}
{"level":"error","message":"==mqtt==close==你已断开连接,异常退出","timestamp":"2019-04-16 09:52:12"}
{"level":"info","message":"==mqtt==reconnect==正在尝试重新连接","timestamp":"2019-04-16 09:52:34"}
{"level":"info","message":"mqtt成功连接到：ws://test.emq.restoplus.cn:8083/mqtt","timestamp":"2019-04-16 09:52:34"}
{"level":"info","message":"GET /system/info 144 2019-04-16 09:56:41","timestamp":"2019-04-16 09:56:41"}
{"level":"info","message":"GET /order/detail 56 2019-04-16 09:56:42","timestamp":"2019-04-16 09:56:42"}
{"level":"info","message":"GET /order/detail 10 2019-04-16 09:56:42","timestamp":"2019-04-16 09:56:42"}
{"level":"error","message":"==mqtt==close==你已断开连接,异常退出","timestamp":"2019-04-16 10:24:17"}
{"level":"info","message":"==mqtt==reconnect==正在尝试重新连接","timestamp":"2019-04-16 10:24:32"}
{"level":"info","message":"mqtt成功连接到：ws://test.emq.restoplus.cn:8083/mqtt","timestamp":"2019-04-16 10:24:32"}
{"level":"info","message":"GET /system/info 6 2019-04-16 11:00:19","timestamp":"2019-04-16 11:00:19"}
{"level":"info","message":"GET /system/info 5 2019-04-16 11:01:05","timestamp":"2019-04-16 11:01:05"}
{"level":"info","message":"GET /order/detail 8 2019-04-16 11:01:06","timestamp":"2019-04-16 11:01:06"}
{"level":"info","message":"GET /order/detail 7 2019-04-16 11:01:06","timestamp":"2019-04-16 11:01:06"}
{"level":"info","message":"GET /system/info 8 2019-04-16 11:02:20","timestamp":"2019-04-16 11:02:20"}
{"level":"info","message":"GET /order/detail 9 2019-04-16 11:02:20","timestamp":"2019-04-16 11:02:20"}
{"level":"info","message":"GET /order/detail 6 2019-04-16 11:02:20","timestamp":"2019-04-16 11:02:20"}
{"level":"info","message":"GET /system/info 7 2019-04-16 11:02:43","timestamp":"2019-04-16 11:02:43"}
{"level":"info","message":"GET /order/detail 8 2019-04-16 11:02:43","timestamp":"2019-04-16 11:02:43"}
{"level":"info","message":"GET /order/detail 7 2019-04-16 11:02:43","timestamp":"2019-04-16 11:02:43"}
{"level":"info","message":"GET /system/info 5 2019-04-16 11:04:17","timestamp":"2019-04-16 11:04:17"}
{"level":"info","message":"GET /order/detail 6 2019-04-16 11:04:18","timestamp":"2019-04-16 11:04:18"}
{"level":"info","message":"GET /order/detail 8 2019-04-16 11:04:18","timestamp":"2019-04-16 11:04:18"}
{"level":"info","message":"GET /system/info 3 2019-04-16 11:04:21","timestamp":"2019-04-16 11:04:21"}
{"level":"info","message":"GET /order/detail 9 2019-04-16 11:04:21","timestamp":"2019-04-16 11:04:21"}
{"level":"info","message":"GET /order/detail 19 2019-04-16 11:04:21","timestamp":"2019-04-16 11:04:21"}
{"level":"info","message":"GET /system/info 5 2019-04-16 11:05:38","timestamp":"2019-04-16 11:05:38"}
{"level":"info","message":"GET /order/detail 8 2019-04-16 11:05:39","timestamp":"2019-04-16 11:05:39"}
{"level":"info","message":"GET /order/detail 8 2019-04-16 11:05:39","timestamp":"2019-04-16 11:05:39"}
{"level":"info","message":"GET /system/info 4 2019-04-16 11:06:08","timestamp":"2019-04-16 11:06:08"}
{"level":"info","message":"GET /order/detail 7 2019-04-16 11:06:08","timestamp":"2019-04-16 11:06:08"}
{"level":"info","message":"GET /order/detail 6 2019-04-16 11:06:08","timestamp":"2019-04-16 11:06:08"}
{"level":"info","message":"GET /area 25 2019-04-16 11:06:30","timestamp":"2019-04-16 11:06:30"}
{"level":"info","message":"GET /table/list 70 2019-04-16 11:06:30","timestamp":"2019-04-16 11:06:30"}
{"level":"info","message":"GET /area 2 2019-04-16 11:06:30","timestamp":"2019-04-16 11:06:30"}
{"level":"info","message":"GET /table/list 4 2019-04-16 11:06:30","timestamp":"2019-04-16 11:06:30"}
{"level":"info","message":"GET /area 2 2019-04-16 11:06:32","timestamp":"2019-04-16 11:06:32"}
{"level":"info","message":"GET /table/list 6 2019-04-16 11:06:32","timestamp":"2019-04-16 11:06:32"}
{"level":"info","message":"GET /order/detail 19 2019-04-16 11:06:32","timestamp":"2019-04-16 11:06:32"}
{"level":"info","message":"GET /order/detail 8 2019-04-16 11:06:33","timestamp":"2019-04-16 11:06:33"}
{"level":"info","message":"GET /order/detail 7 2019-04-16 11:06:33","timestamp":"2019-04-16 11:06:33"}
{"level":"info","message":"GET /area 6 2019-04-16 11:15:44","timestamp":"2019-04-16 11:15:44"}
{"level":"info","message":"GET /table/list 9 2019-04-16 11:15:44","timestamp":"2019-04-16 11:15:44"}
{"level":"info","message":"GET /area 2 2019-04-16 11:15:45","timestamp":"2019-04-16 11:15:45"}
{"level":"info","message":"GET /table/list 4 2019-04-16 11:15:45","timestamp":"2019-04-16 11:15:45"}
{"level":"info","message":"GET /area 3 2019-04-16 11:16:16","timestamp":"2019-04-16 11:16:16"}
{"level":"info","message":"GET /table/list 7 2019-04-16 11:16:16","timestamp":"2019-04-16 11:16:16"}
{"level":"info","message":"GET /order/detail 27 2019-04-16 11:16:16","timestamp":"2019-04-16 11:16:16"}
{"level":"info","message":"GET /order/detail 7 2019-04-16 11:16:17","timestamp":"2019-04-16 11:16:17"}
{"level":"info","message":"GET /order/detail 13 2019-04-16 11:16:17","timestamp":"2019-04-16 11:16:17"}
{"level":"error","message":"==mqtt==close==你已断开连接,异常退出","timestamp":"2019-04-16 13:50:21"}
{"level":"info","message":"==mqtt==reconnect==正在尝试重新连接","timestamp":"2019-04-16 13:50:36"}
{"level":"info","message":"mqtt成功连接到：ws://test.emq.restoplus.cn:8083/mqtt","timestamp":"2019-04-16 13:50:36"}
{"level":"error","message":"==mqtt==close==你已断开连接,异常退出","timestamp":"2019-04-16 15:49:16"}
{"level":"info","message":"==mqtt==reconnect==正在尝试重新连接","timestamp":"2019-04-16 15:49:31"}
{"level":"info","message":"mqtt成功连接到：ws://test.emq.restoplus.cn:8083/mqtt","timestamp":"2019-04-16 15:49:31"}
{"level":"info","message":"GET /system/info 54 2019-04-16 16:06:25","timestamp":"2019-04-16 16:06:25"}
{"level":"info","message":"GET /order/detail 14 2019-04-16 16:06:25","timestamp":"2019-04-16 16:06:25"}
{"level":"info","message":"GET /order/detail 13 2019-04-16 16:06:25","timestamp":"2019-04-16 16:06:25"}
{"level":"info","message":"mqtt成功连接到：ws://test.emq.restoplus.cn:8083/mqtt","timestamp":"2019-04-16 16:09:24"}
{"level":"error","message":"resource \"GET:/a463d9b7a0d650cbbf6b.hot-update.json\" not found","timestamp":"2019-04-16 16:10:09"}
{"level":"info","message":"GET /a463d9b7a0d650cbbf6b.hot-update.json 4 2019-04-16 16:10:09","timestamp":"2019-04-16 16:10:09"}
{"level":"error","message":"==mqtt==close==你已断开连接,异常退出","timestamp":"2019-04-16 16:27:51"}
{"level":"info","message":"==mqtt==reconnect==正在尝试重新连接","timestamp":"2019-04-16 16:28:06"}
{"level":"info","message":"mqtt成功连接到：ws://test.emq.restoplus.cn:8083/mqtt","timestamp":"2019-04-16 16:28:06"}
{"level":"info","message":"GET /system/info 198 2019-04-16 17:07:44","timestamp":"2019-04-16 17:07:44"}
{"level":"info","message":"GET /order/detail 27 2019-04-16 17:07:45","timestamp":"2019-04-16 17:07:45"}
{"level":"info","message":"GET /order/detail 9 2019-04-16 17:07:45","timestamp":"2019-04-16 17:07:45"}
{"level":"info","message":"GET /area 13 2019-04-16 17:07:50","timestamp":"2019-04-16 17:07:50"}
{"level":"info","message":"GET /table/list 16 2019-04-16 17:07:50","timestamp":"2019-04-16 17:07:50"}
{"level":"info","message":"GET /area 1 2019-04-16 17:07:51","timestamp":"2019-04-16 17:07:51"}
{"level":"info","message":"GET /table/list 4 2019-04-16 17:07:51","timestamp":"2019-04-16 17:07:51"}
{"level":"info","message":"GET /area 8 2019-04-16 17:07:54","timestamp":"2019-04-16 17:07:54"}
{"level":"info","message":"GET /table/list 12 2019-04-16 17:07:54","timestamp":"2019-04-16 17:07:54"}
{"level":"info","message":"GET /order/detail 21 2019-04-16 17:07:54","timestamp":"2019-04-16 17:07:54"}
{"level":"info","message":"GET /order/detail 6 2019-04-16 17:08:27","timestamp":"2019-04-16 17:08:27"}
{"level":"info","message":"GET /order/detail 10 2019-04-16 17:08:27","timestamp":"2019-04-16 17:08:27"}
{"level":"info","message":"GET /order/detail 8 2019-04-16 17:31:51","timestamp":"2019-04-16 17:31:51"}
{"level":"info","message":"GET /order/detail 6 2019-04-16 17:31:51","timestamp":"2019-04-16 17:31:51"}
{"level":"info","message":"GET /system/info 10 2019-04-16 17:55:36","timestamp":"2019-04-16 17:55:36"}
{"level":"info","message":"GET /order/detail 8 2019-04-16 17:55:37","timestamp":"2019-04-16 17:55:37"}
{"level":"info","message":"GET /order/detail 13 2019-04-16 17:55:37","timestamp":"2019-04-16 17:55:37"}
{"level":"info","message":"GET /order/detail 11 2019-04-16 17:59:04","timestamp":"2019-04-16 17:59:04"}
{"level":"info","message":"GET /order/detail 14 2019-04-16 17:59:04","timestamp":"2019-04-16 17:59:04"}
{"level":"info","message":"GET /system/info 6 2019-04-16 17:59:07","timestamp":"2019-04-16 17:59:07"}
{"level":"info","message":"GET /order/detail 7 2019-04-16 17:59:07","timestamp":"2019-04-16 17:59:07"}
{"level":"info","message":"GET /order/detail 8 2019-04-16 17:59:07","timestamp":"2019-04-16 17:59:07"}
{"level":"info","message":"GET /system/info 8 2019-04-16 18:09:11","timestamp":"2019-04-16 18:09:11"}
{"level":"info","message":"GET /order/detail 11 2019-04-16 18:09:12","timestamp":"2019-04-16 18:09:12"}
{"level":"info","message":"GET /order/detail 6 2019-04-16 18:09:12","timestamp":"2019-04-16 18:09:12"}
{"level":"info","message":"mqtt成功连接到：ws://test.emq.restoplus.cn:8083/mqtt","timestamp":"2019-04-16 18:17:28"}
{"level":"error","message":"==mqtt==close==你已断开连接,异常退出","timestamp":"2019-04-16 18:18:00"}
{"level":"info","message":"==mqtt==reconnect==正在尝试重新连接","timestamp":"2019-04-16 18:18:15"}
{"level":"info","message":"mqtt成功连接到：ws://test.emq.restoplus.cn:8083/mqtt","timestamp":"2019-04-16 18:18:15"}
{"level":"error","message":"resource \"GET:/3b16c548802cfa686229.hot-update.json\" not found","timestamp":"2019-04-16 18:18:30"}
{"level":"info","message":"GET /3b16c548802cfa686229.hot-update.json 12 2019-04-16 18:18:30","timestamp":"2019-04-16 18:18:30"}
{"level":"info","message":"GET /system/info 227 2019-04-16 18:18:32","timestamp":"2019-04-16 18:18:32"}
{"level":"info","message":"GET /order/detail 14 2019-04-16 18:18:32","timestamp":"2019-04-16 18:18:32"}
{"level":"info","message":"GET /order/detail 18 2019-04-16 18:18:32","timestamp":"2019-04-16 18:18:32"}
{"level":"info","message":"GET /user/normal/list 8 2019-04-16 18:23:14","timestamp":"2019-04-16 18:23:14"}
{"level":"info","message":"POST /user/login 49 2019-04-16 18:23:44","timestamp":"2019-04-16 18:23:44"}
{"level":"info","message":"GET /system/shop_detail 31 2019-04-16 18:23:44","timestamp":"2019-04-16 18:23:44"}
{"level":"info","message":"GET /system/info 14 2019-04-16 18:23:44","timestamp":"2019-04-16 18:23:44"}
{"level":"info","message":"GET /area 26 2019-04-16 18:23:44","timestamp":"2019-04-16 18:23:44"}
{"level":"info","message":"GET /table/list 77 2019-04-16 18:23:44","timestamp":"2019-04-16 18:23:44"}
{"level":"info","message":"GET /area 2 2019-04-16 18:23:44","timestamp":"2019-04-16 18:23:44"}
{"level":"info","message":"GET /table/list 3 2019-04-16 18:23:44","timestamp":"2019-04-16 18:23:44"}
{"level":"info","message":"GET /user/normal/list 3 2019-04-16 18:25:00","timestamp":"2019-04-16 18:25:00"}
{"level":"info","message":"POST /user/login 4 2019-04-16 18:25:11","timestamp":"2019-04-16 18:25:11"}
{"level":"info","message":"GET /system/shop_detail 15 2019-04-16 18:25:11","timestamp":"2019-04-16 18:25:11"}
{"level":"info","message":"GET /system/info 10 2019-04-16 18:25:11","timestamp":"2019-04-16 18:25:11"}
{"level":"info","message":"GET /area 2 2019-04-16 18:25:12","timestamp":"2019-04-16 18:25:12"}
{"level":"info","message":"GET /table/list 5 2019-04-16 18:25:12","timestamp":"2019-04-16 18:25:12"}
{"level":"info","message":"GET /area 2 2019-04-16 18:25:12","timestamp":"2019-04-16 18:25:12"}
{"level":"info","message":"GET /table/list 4 2019-04-16 18:25:12","timestamp":"2019-04-16 18:25:12"}
{"level":"info","message":"GET /area 9 2019-04-16 18:32:54","timestamp":"2019-04-16 18:32:54"}
{"level":"info","message":"GET /table/list 14 2019-04-16 18:32:54","timestamp":"2019-04-16 18:32:54"}
{"level":"info","message":"GET /order/detail 28 2019-04-16 18:32:54","timestamp":"2019-04-16 18:32:54"}
{"level":"info","message":"GET /order/detail 9 2019-04-16 18:32:55","timestamp":"2019-04-16 18:32:55"}
{"level":"info","message":"GET /order/detail 10 2019-04-16 18:32:55","timestamp":"2019-04-16 18:32:55"}
{"level":"info","message":"GET /order/detail 33 2019-04-16 18:39:08","timestamp":"2019-04-16 18:39:08"}
{"level":"info","message":"GET /order/detail 5 2019-04-16 18:39:08","timestamp":"2019-04-16 18:39:08"}
{"level":"info","message":"GET /system/info 8 2019-04-16 18:39:14","timestamp":"2019-04-16 18:39:14"}
{"level":"info","message":"GET /order/detail 7 2019-04-16 18:39:14","timestamp":"2019-04-16 18:39:14"}
{"level":"info","message":"GET /order/detail 7 2019-04-16 18:39:14","timestamp":"2019-04-16 18:39:14"}
{"level":"info","message":"GET /system/info 4 2019-04-16 18:39:27","timestamp":"2019-04-16 18:39:27"}
{"level":"info","message":"GET /order/detail 6 2019-04-16 18:39:28","timestamp":"2019-04-16 18:39:28"}
{"level":"info","message":"GET /order/detail 7 2019-04-16 18:39:28","timestamp":"2019-04-16 18:39:28"}
{"level":"info","message":"GET /system/info 6 2019-04-16 18:42:17","timestamp":"2019-04-16 18:42:17"}
{"level":"info","message":"GET /order/detail 8 2019-04-16 18:42:17","timestamp":"2019-04-16 18:42:17"}
{"level":"info","message":"GET /order/detail 8 2019-04-16 18:42:17","timestamp":"2019-04-16 18:42:17"}
{"level":"info","message":"GET /system/info 6 2019-04-16 18:43:24","timestamp":"2019-04-16 18:43:24"}
{"level":"info","message":"GET /order/detail 10 2019-04-16 18:43:25","timestamp":"2019-04-16 18:43:25"}
{"level":"info","message":"GET /order/detail 11 2019-04-16 18:43:25","timestamp":"2019-04-16 18:43:25"}
{"level":"info","message":"GET /system/info 13 2019-04-16 18:48:41","timestamp":"2019-04-16 18:48:41"}
{"level":"info","message":"GET /order/detail 12 2019-04-16 18:48:41","timestamp":"2019-04-16 18:48:41"}
{"level":"info","message":"GET /order/detail 10 2019-04-16 18:48:41","timestamp":"2019-04-16 18:48:41"}
{"level":"info","message":"GET /area 2 2019-04-16 18:48:55","timestamp":"2019-04-16 18:48:55"}
{"level":"info","message":"GET /table/list 8 2019-04-16 18:48:55","timestamp":"2019-04-16 18:48:55"}
{"level":"info","message":"GET /area 1 2019-04-16 18:48:55","timestamp":"2019-04-16 18:48:55"}
{"level":"info","message":"GET /table/list 4 2019-04-16 18:48:55","timestamp":"2019-04-16 18:48:55"}
{"level":"info","message":"GET /area 3 2019-04-16 18:48:56","timestamp":"2019-04-16 18:48:56"}
{"level":"info","message":"GET /table/list 4 2019-04-16 18:48:56","timestamp":"2019-04-16 18:48:56"}
{"level":"info","message":"GET /order/detail 13 2019-04-16 18:48:56","timestamp":"2019-04-16 18:48:56"}
{"level":"info","message":"GET /order/detail 19 2019-04-16 18:48:57","timestamp":"2019-04-16 18:48:57"}
{"level":"info","message":"GET /order/detail 6 2019-04-16 18:48:57","timestamp":"2019-04-16 18:48:57"}
{"level":"info","message":"GET /system/info 4 2019-04-16 18:49:16","timestamp":"2019-04-16 18:49:16"}
{"level":"info","message":"GET /order/detail 10 2019-04-16 18:49:16","timestamp":"2019-04-16 18:49:16"}
{"level":"info","message":"GET /order/detail 7 2019-04-16 18:49:16","timestamp":"2019-04-16 18:49:16"}
{"level":"info","message":"GET /system/info 3 2019-04-16 18:49:19","timestamp":"2019-04-16 18:49:19"}
{"level":"info","message":"GET /order/detail 6 2019-04-16 18:49:19","timestamp":"2019-04-16 18:49:19"}
{"level":"info","message":"GET /order/detail 6 2019-04-16 18:49:19","timestamp":"2019-04-16 18:49:19"}
{"level":"info","message":"GET /area 2 2019-04-16 18:49:33","timestamp":"2019-04-16 18:49:33"}
{"level":"info","message":"GET /table/list 5 2019-04-16 18:49:33","timestamp":"2019-04-16 18:49:33"}
{"level":"info","message":"GET /area 2 2019-04-16 18:49:34","timestamp":"2019-04-16 18:49:34"}
{"level":"info","message":"GET /table/list 4 2019-04-16 18:49:34","timestamp":"2019-04-16 18:49:34"}
{"level":"info","message":"GET /area 5 2019-04-16 18:49:35","timestamp":"2019-04-16 18:49:35"}
{"level":"info","message":"GET /table/list 6 2019-04-16 18:49:35","timestamp":"2019-04-16 18:49:35"}
{"level":"info","message":"GET /order/detail 20 2019-04-16 18:49:35","timestamp":"2019-04-16 18:49:35"}
{"level":"info","message":"GET /order/detail 5 2019-04-16 18:49:36","timestamp":"2019-04-16 18:49:36"}
{"level":"info","message":"GET /order/detail 7 2019-04-16 18:49:36","timestamp":"2019-04-16 18:49:36"}
{"level":"info","message":"GET /system/info 5 2019-04-16 18:50:24","timestamp":"2019-04-16 18:50:24"}
{"level":"info","message":"GET /order/detail 6 2019-04-16 18:50:24","timestamp":"2019-04-16 18:50:24"}
{"level":"info","message":"GET /order/detail 14 2019-04-16 18:50:24","timestamp":"2019-04-16 18:50:24"}
{"level":"info","message":"GET /system/info 4 2019-04-16 18:50:50","timestamp":"2019-04-16 18:50:50"}
{"level":"info","message":"GET /order/detail 8 2019-04-16 18:50:50","timestamp":"2019-04-16 18:50:50"}
{"level":"info","message":"GET /order/detail 7 2019-04-16 18:50:50","timestamp":"2019-04-16 18:50:50"}
{"level":"info","message":"GET /system/info 5 2019-04-16 18:50:53","timestamp":"2019-04-16 18:50:53"}
{"level":"info","message":"GET /order/detail 8 2019-04-16 18:50:53","timestamp":"2019-04-16 18:50:53"}
{"level":"info","message":"GET /order/detail 7 2019-04-16 18:50:53","timestamp":"2019-04-16 18:50:53"}
{"level":"error","message":"==mqtt==close==你已断开连接,正常退出","timestamp":"2019-04-16 18:52:46"}
{"level":"info","message":"==mqtt==reconnect==正在尝试重新连接","timestamp":"2019-04-16 18:53:01"}
{"level":"info","message":"mqtt成功连接到：ws://test.emq.restoplus.cn:8083/mqtt","timestamp":"2019-04-16 18:53:01"}
{"level":"info","message":"GET /system/info 8 2019-04-16 18:53:12","timestamp":"2019-04-16 18:53:12"}
{"level":"info","message":"GET /order/detail 9 2019-04-16 18:53:12","timestamp":"2019-04-16 18:53:12"}
{"level":"info","message":"GET /order/detail 11 2019-04-16 18:53:12","timestamp":"2019-04-16 18:53:12"}
{"level":"error","message":"==mqtt==close==你已断开连接,正常退出","timestamp":"2019-04-16 18:53:16"}
