{"level":"error","message":"==mqtt==close==你已断开连接,异常退出","timestamp":"2019-04-09 10:24:31"}
{"level":"info","message":"==mqtt==reconnect==正在尝试重新连接","timestamp":"2019-04-09 10:24:58"}
{"level":"error","message":"==mqtt==close==你已断开连接,异常退出","timestamp":"2019-04-09 10:24:59"}
{"level":"info","message":"==mqtt==reconnect==正在尝试重新连接","timestamp":"2019-04-09 10:25:15"}
{"level":"error","message":"==mqtt==close==你已断开连接,异常退出","timestamp":"2019-04-09 10:25:15"}
{"level":"info","message":"==mqtt==reconnect==正在尝试重新连接","timestamp":"2019-04-09 10:25:30"}
{"level":"error","message":"==mqtt==close==你已断开连接,异常退出","timestamp":"2019-04-09 10:25:30"}
{"level":"info","message":"GET /system/info 147 2019-04-09 10:25:40","timestamp":"2019-04-09 10:25:40"}
{"level":"info","message":"GET /area 20 2019-04-09 10:25:42","timestamp":"2019-04-09 10:25:42"}
{"level":"info","message":"GET /table/list 355 2019-04-09 10:25:42","timestamp":"2019-04-09 10:25:42"}
{"level":"info","message":"==mqtt==reconnect==正在尝试重新连接","timestamp":"2019-04-09 10:25:45"}
{"level":"error","message":"==mqtt==close==你已断开连接,异常退出","timestamp":"2019-04-09 10:25:45"}
{"level":"info","message":"==mqtt==reconnect==正在尝试重新连接","timestamp":"2019-04-09 10:26:00"}
{"level":"error","message":"==mqtt==close==你已断开连接,异常退出","timestamp":"2019-04-09 10:26:00"}
{"level":"info","message":"==mqtt==reconnect==正在尝试重新连接","timestamp":"2019-04-09 10:26:15"}
{"level":"error","message":"==mqtt==close==你已断开连接,异常退出","timestamp":"2019-04-09 10:26:15"}
{"level":"info","message":"==mqtt==reconnect==正在尝试重新连接","timestamp":"2019-04-09 10:26:30"}
{"level":"error","message":"==mqtt==close==你已断开连接,异常退出","timestamp":"2019-04-09 10:26:30"}
{"level":"info","message":"==mqtt==reconnect==正在尝试重新连接","timestamp":"2019-04-09 10:26:45"}
{"level":"error","message":"==mqtt==close==你已断开连接,异常退出","timestamp":"2019-04-09 10:26:45"}
{"level":"info","message":"==mqtt==reconnect==正在尝试重新连接","timestamp":"2019-04-09 10:27:00"}
{"level":"error","message":"==mqtt==close==你已断开连接,异常退出","timestamp":"2019-04-09 10:27:00"}
{"level":"info","message":"mqtt成功连接到：ws://test.emq.restoplus.cn:8083/mqtt","timestamp":"2019-04-09 10:27:30"}
{"level":"info","message":"GET /user/normal/list 69 2019-04-09 10:47:57","timestamp":"2019-04-09 10:47:57"}
{"level":"info","message":"mqtt成功连接到：ws://test.emq.restoplus.cn:8083/mqtt","timestamp":"2019-04-09 10:54:02"}
{"level":"error","message":"==mqtt==close==你已断开连接,正常退出","timestamp":"2019-04-09 10:54:36"}
{"level":"error","message":"ServiceUnavailableError: Response timeout\n    at IncomingMessage.<anonymous> (/Users/chintec/Documents/node/resto-newpos/node_modules/connect-timeout/index.js:84:8)\n    at emitOne (events.js:116:13)\n    at IncomingMessage.emit (events.js:211:7)\n    at Timeout._onTimeout (/Users/chintec/Documents/node/resto-newpos/node_modules/connect-timeout/index.js:49:11)\n    at ontimeout (timers.js:475:11)\n    at tryOnTimeout (timers.js:310:5)\n    at Timer.listOnTimeout (timers.js:270:5)","timestamp":"2019-04-09 10:54:39"}
{"level":"info","message":"==mqtt==reconnect==正在尝试重新连接","timestamp":"2019-04-09 10:54:53"}
{"level":"info","message":"mqtt成功连接到：ws://test.emq.restoplus.cn:8083/mqtt","timestamp":"2019-04-09 10:54:53"}
{"level":"info","message":"GET /area 73 2019-04-09 10:55:01","timestamp":"2019-04-09 10:55:01"}
{"level":"info","message":"GET /table/list 76 2019-04-09 10:55:01","timestamp":"2019-04-09 10:55:01"}
{"level":"info","message":"GET /system/info 340 2019-04-09 10:55:01","timestamp":"2019-04-09 10:55:01"}
{"level":"info","message":"GET /area 2 2019-04-09 10:55:13","timestamp":"2019-04-09 10:55:13"}
{"level":"info","message":"GET /table/list 3 2019-04-09 10:55:13","timestamp":"2019-04-09 10:55:13"}
{"level":"info","message":"GET /area 2 2019-04-09 10:55:14","timestamp":"2019-04-09 10:55:14"}
{"level":"info","message":"GET /table/list 4 2019-04-09 10:55:14","timestamp":"2019-04-09 10:55:14"}
{"level":"info","message":"GET /area 1 2019-04-09 10:55:17","timestamp":"2019-04-09 10:55:17"}
{"level":"info","message":"GET /table/list 4 2019-04-09 10:55:17","timestamp":"2019-04-09 10:55:17"}
{"level":"info","message":"GET /area 2 2019-04-09 10:55:18","timestamp":"2019-04-09 10:55:18"}
{"level":"info","message":"GET /table/list 5 2019-04-09 10:55:18","timestamp":"2019-04-09 10:55:18"}
{"level":"info","message":"GET /area 7 2019-04-09 11:10:29","timestamp":"2019-04-09 11:10:29"}
{"level":"info","message":"GET /table/list 9 2019-04-09 11:10:29","timestamp":"2019-04-09 11:10:29"}
{"level":"info","message":"GET /area 2 2019-04-09 11:12:26","timestamp":"2019-04-09 11:12:26"}
{"level":"info","message":"GET /table/list 7 2019-04-09 11:12:26","timestamp":"2019-04-09 11:12:26"}
{"level":"info","message":"GET /area 1 2019-04-09 11:12:37","timestamp":"2019-04-09 11:12:37"}
{"level":"info","message":"GET /table/list 5 2019-04-09 11:12:37","timestamp":"2019-04-09 11:12:37"}
{"level":"error","message":"==mqtt==close==你已断开连接,异常退出","timestamp":"2019-04-09 13:39:58"}
{"level":"info","message":"==mqtt==reconnect==正在尝试重新连接","timestamp":"2019-04-09 13:40:13"}
{"level":"info","message":"mqtt成功连接到：ws://test.emq.restoplus.cn:8083/mqtt","timestamp":"2019-04-09 13:40:13"}
{"level":"info","message":"GET /area 18 2019-04-09 14:36:37","timestamp":"2019-04-09 14:36:37"}
{"level":"info","message":"GET /table/list 35 2019-04-09 14:36:37","timestamp":"2019-04-09 14:36:37"}
{"level":"info","message":"GET /system/info 10 2019-04-09 14:42:52","timestamp":"2019-04-09 14:42:52"}
{"level":"info","message":"GET /area 6 2019-04-09 14:42:52","timestamp":"2019-04-09 14:42:52"}
{"level":"info","message":"GET /table/list 7 2019-04-09 14:42:52","timestamp":"2019-04-09 14:42:52"}
{"level":"info","message":"GET /area 2 2019-04-09 14:44:03","timestamp":"2019-04-09 14:44:03"}
{"level":"info","message":"GET /table/list 4 2019-04-09 14:44:03","timestamp":"2019-04-09 14:44:03"}
{"level":"info","message":"GET /area 2 2019-04-09 14:44:04","timestamp":"2019-04-09 14:44:04"}
{"level":"info","message":"GET /table/list 5 2019-04-09 14:44:04","timestamp":"2019-04-09 14:44:04"}
{"level":"info","message":"GET /area 1 2019-04-09 14:44:05","timestamp":"2019-04-09 14:44:05"}
{"level":"info","message":"GET /table/list 4 2019-04-09 14:44:05","timestamp":"2019-04-09 14:44:05"}
{"level":"info","message":"GET /system/info 10 2019-04-09 14:59:53","timestamp":"2019-04-09 14:59:53"}
{"level":"info","message":"GET /area 3 2019-04-09 14:59:54","timestamp":"2019-04-09 14:59:54"}
{"level":"info","message":"GET /table/list 7 2019-04-09 14:59:54","timestamp":"2019-04-09 14:59:54"}
{"level":"info","message":"GET /system/info 15 2019-04-09 15:01:11","timestamp":"2019-04-09 15:01:11"}
{"level":"info","message":"GET /area 12 2019-04-09 15:01:11","timestamp":"2019-04-09 15:01:11"}
{"level":"info","message":"GET /table/list 14 2019-04-09 15:01:11","timestamp":"2019-04-09 15:01:11"}
{"level":"info","message":"GET /area 1 2019-04-09 15:01:14","timestamp":"2019-04-09 15:01:14"}
{"level":"info","message":"GET /table/list 6 2019-04-09 15:01:14","timestamp":"2019-04-09 15:01:14"}
{"level":"info","message":"GET /area 1 2019-04-09 15:01:15","timestamp":"2019-04-09 15:01:15"}
{"level":"info","message":"GET /table/list 11 2019-04-09 15:01:15","timestamp":"2019-04-09 15:01:15"}
{"level":"info","message":"GET /area 3 2019-04-09 15:01:16","timestamp":"2019-04-09 15:01:16"}
{"level":"info","message":"GET /table/list 5 2019-04-09 15:01:16","timestamp":"2019-04-09 15:01:16"}
{"level":"info","message":"GET /system/info 9 2019-04-09 15:03:04","timestamp":"2019-04-09 15:03:04"}
{"level":"info","message":"GET /area 3 2019-04-09 15:03:05","timestamp":"2019-04-09 15:03:05"}
{"level":"info","message":"GET /table/list 5 2019-04-09 15:03:05","timestamp":"2019-04-09 15:03:05"}
{"level":"info","message":"GET /system/info 15 2019-04-09 15:06:01","timestamp":"2019-04-09 15:06:01"}
{"level":"info","message":"GET /area 7 2019-04-09 15:06:02","timestamp":"2019-04-09 15:06:02"}
{"level":"info","message":"GET /table/list 10 2019-04-09 15:06:02","timestamp":"2019-04-09 15:06:02"}
{"level":"info","message":"GET /system/info 21 2019-04-09 15:07:30","timestamp":"2019-04-09 15:07:30"}
{"level":"info","message":"GET /area 1 2019-04-09 15:07:30","timestamp":"2019-04-09 15:07:30"}
{"level":"info","message":"GET /table/list 3 2019-04-09 15:07:30","timestamp":"2019-04-09 15:07:30"}
{"level":"info","message":"GET /area 2 2019-04-09 15:08:32","timestamp":"2019-04-09 15:08:32"}
{"level":"info","message":"GET /table/list 4 2019-04-09 15:08:32","timestamp":"2019-04-09 15:08:32"}
{"level":"info","message":"GET /area 1 2019-04-09 15:08:33","timestamp":"2019-04-09 15:08:33"}
{"level":"info","message":"GET /table/list 4 2019-04-09 15:08:33","timestamp":"2019-04-09 15:08:33"}
{"level":"info","message":"GET /system/info 4 2019-04-09 15:08:35","timestamp":"2019-04-09 15:08:35"}
{"level":"info","message":"GET /area 5 2019-04-09 15:08:35","timestamp":"2019-04-09 15:08:35"}
{"level":"info","message":"GET /table/list 9 2019-04-09 15:08:35","timestamp":"2019-04-09 15:08:35"}
{"level":"info","message":"GET /area 1 2019-04-09 15:08:38","timestamp":"2019-04-09 15:08:38"}
{"level":"info","message":"GET /table/list 5 2019-04-09 15:08:38","timestamp":"2019-04-09 15:08:38"}
{"level":"info","message":"GET /area 2 2019-04-09 15:08:38","timestamp":"2019-04-09 15:08:38"}
{"level":"info","message":"GET /table/list 5 2019-04-09 15:08:38","timestamp":"2019-04-09 15:08:38"}
{"level":"info","message":"GET /area 2 2019-04-09 15:08:39","timestamp":"2019-04-09 15:08:39"}
{"level":"info","message":"GET /table/list 7 2019-04-09 15:08:39","timestamp":"2019-04-09 15:08:39"}
{"level":"info","message":"GET /area 2 2019-04-09 15:08:40","timestamp":"2019-04-09 15:08:40"}
{"level":"info","message":"GET /table/list 3 2019-04-09 15:08:40","timestamp":"2019-04-09 15:08:40"}
{"level":"info","message":"mqtt成功连接到：ws://test.emq.restoplus.cn:8083/mqtt","timestamp":"2019-04-09 15:13:37"}
{"level":"error","message":"==mqtt==close==你已断开连接,正常退出","timestamp":"2019-04-09 15:14:13"}
{"level":"error","message":"ServiceUnavailableError: Response timeout\n    at IncomingMessage.<anonymous> (/Users/chintec/Documents/node/resto-newpos/node_modules/connect-timeout/index.js:84:8)\n    at emitOne (events.js:116:13)\n    at IncomingMessage.emit (events.js:211:7)\n    at Timeout._onTimeout (/Users/chintec/Documents/node/resto-newpos/node_modules/connect-timeout/index.js:49:11)\n    at ontimeout (timers.js:475:11)\n    at tryOnTimeout (timers.js:310:5)\n    at Timer.listOnTimeout (timers.js:270:5)","timestamp":"2019-04-09 15:14:13"}
{"level":"info","message":"==mqtt==reconnect==正在尝试重新连接","timestamp":"2019-04-09 15:14:34"}
{"level":"info","message":"mqtt成功连接到：ws://test.emq.restoplus.cn:8083/mqtt","timestamp":"2019-04-09 15:14:34"}
{"level":"error","message":"resource \"GET:/d0df343e642d7f9b60c3.hot-update.json\" not found","timestamp":"2019-04-09 15:14:47"}
{"level":"info","message":"GET /d0df343e642d7f9b60c3.hot-update.json 2 2019-04-09 15:14:47","timestamp":"2019-04-09 15:14:47"}
{"level":"info","message":"GET /system/info 127 2019-04-09 15:24:00","timestamp":"2019-04-09 15:24:00"}
{"level":"info","message":"GET /area 92 2019-04-09 15:24:01","timestamp":"2019-04-09 15:24:01"}
{"level":"info","message":"GET /table/list 96 2019-04-09 15:24:01","timestamp":"2019-04-09 15:24:01"}
{"level":"info","message":"GET /order/detail 122 2019-04-09 15:24:01","timestamp":"2019-04-09 15:24:01"}
{"level":"info","message":"GET /order/detail 9 2019-04-09 15:25:17","timestamp":"2019-04-09 15:25:17"}
{"level":"info","message":"GET /system/info 8 2019-04-09 15:25:35","timestamp":"2019-04-09 15:25:35"}
{"level":"info","message":"GET /area 4 2019-04-09 15:25:35","timestamp":"2019-04-09 15:25:35"}
{"level":"info","message":"GET /table/list 8 2019-04-09 15:25:35","timestamp":"2019-04-09 15:25:35"}
{"level":"info","message":"GET /order/detail 19 2019-04-09 15:25:35","timestamp":"2019-04-09 15:25:35"}
{"level":"info","message":"GET /area 3 2019-04-09 15:25:54","timestamp":"2019-04-09 15:25:54"}
{"level":"info","message":"GET /order/detail 13 2019-04-09 15:25:54","timestamp":"2019-04-09 15:25:54"}
{"level":"info","message":"GET /table/list 6 2019-04-09 15:25:54","timestamp":"2019-04-09 15:25:54"}
{"level":"info","message":"GET /area 2 2019-04-09 15:25:55","timestamp":"2019-04-09 15:25:55"}
{"level":"info","message":"GET /table/list 5 2019-04-09 15:25:55","timestamp":"2019-04-09 15:25:55"}
{"level":"info","message":"GET /order/detail 15 2019-04-09 15:25:55","timestamp":"2019-04-09 15:25:55"}
{"level":"info","message":"GET /area 2 2019-04-09 15:25:56","timestamp":"2019-04-09 15:25:56"}
{"level":"info","message":"GET /table/list 4 2019-04-09 15:25:56","timestamp":"2019-04-09 15:25:56"}
{"level":"info","message":"GET /area 4 2019-04-09 15:25:57","timestamp":"2019-04-09 15:25:57"}
{"level":"info","message":"GET /table/list 6 2019-04-09 15:25:57","timestamp":"2019-04-09 15:25:57"}
{"level":"info","message":"GET /order/detail 14 2019-04-09 15:25:57","timestamp":"2019-04-09 15:25:57"}
{"level":"info","message":"GET /area 3 2019-04-09 15:26:53","timestamp":"2019-04-09 15:26:53"}
{"level":"info","message":"GET /order/detail 17 2019-04-09 15:26:53","timestamp":"2019-04-09 15:26:53"}
{"level":"info","message":"GET /table/list 10 2019-04-09 15:26:53","timestamp":"2019-04-09 15:26:53"}
{"level":"info","message":"GET /area 2 2019-04-09 15:26:54","timestamp":"2019-04-09 15:26:54"}
{"level":"info","message":"GET /table/list 5 2019-04-09 15:26:54","timestamp":"2019-04-09 15:26:54"}
{"level":"info","message":"GET /order/detail 15 2019-04-09 15:26:54","timestamp":"2019-04-09 15:26:54"}
{"level":"info","message":"GET /area 22 2019-04-09 15:29:03","timestamp":"2019-04-09 15:29:03"}
{"level":"info","message":"GET /table/list 19 2019-04-09 15:29:03","timestamp":"2019-04-09 15:29:03"}
{"level":"info","message":"GET /order/detail 64 2019-04-09 15:29:03","timestamp":"2019-04-09 15:29:03"}
{"level":"info","message":"GET /area 2 2019-04-09 15:29:08","timestamp":"2019-04-09 15:29:08"}
{"level":"info","message":"GET /table/list 10 2019-04-09 15:29:08","timestamp":"2019-04-09 15:29:08"}
{"level":"info","message":"GET /area 4 2019-04-09 15:29:08","timestamp":"2019-04-09 15:29:08"}
{"level":"info","message":"GET /table/list 6 2019-04-09 15:29:08","timestamp":"2019-04-09 15:29:08"}
{"level":"info","message":"GET /order/detail 16 2019-04-09 15:29:08","timestamp":"2019-04-09 15:29:08"}
{"level":"info","message":"GET /system/info 7 2019-04-09 15:29:29","timestamp":"2019-04-09 15:29:29"}
{"level":"info","message":"GET /area 3 2019-04-09 15:29:29","timestamp":"2019-04-09 15:29:29"}
{"level":"info","message":"GET /order/detail 11 2019-04-09 15:29:29","timestamp":"2019-04-09 15:29:29"}
{"level":"info","message":"GET /table/list 6 2019-04-09 15:29:29","timestamp":"2019-04-09 15:29:29"}
{"level":"info","message":"GET /system/info 8 2019-04-09 15:30:06","timestamp":"2019-04-09 15:30:06"}
{"level":"info","message":"GET /area 11 2019-04-09 15:30:06","timestamp":"2019-04-09 15:30:06"}
{"level":"info","message":"GET /table/list 10 2019-04-09 15:30:06","timestamp":"2019-04-09 15:30:06"}
{"level":"info","message":"GET /order/detail 29 2019-04-09 15:30:06","timestamp":"2019-04-09 15:30:06"}
{"level":"info","message":"GET /order/detail 12 2019-04-09 15:36:26","timestamp":"2019-04-09 15:36:26"}
{"level":"info","message":"GET /area 12 2019-04-09 15:36:26","timestamp":"2019-04-09 15:36:26"}
{"level":"info","message":"GET /table/list 13 2019-04-09 15:36:26","timestamp":"2019-04-09 15:36:26"}
{"level":"info","message":"GET /area 15 2019-04-09 16:00:24","timestamp":"2019-04-09 16:00:24"}
{"level":"info","message":"GET /table/list 15 2019-04-09 16:00:24","timestamp":"2019-04-09 16:00:24"}
{"level":"info","message":"GET /area 19 2019-04-09 16:00:25","timestamp":"2019-04-09 16:00:25"}
{"level":"info","message":"GET /table/list 8 2019-04-09 16:00:25","timestamp":"2019-04-09 16:00:25"}
{"level":"info","message":"GET /order/detail 35 2019-04-09 16:00:25","timestamp":"2019-04-09 16:00:25"}
{"level":"info","message":"GET /area 3 2019-04-09 16:00:26","timestamp":"2019-04-09 16:00:26"}
{"level":"info","message":"GET /table/list 6 2019-04-09 16:00:26","timestamp":"2019-04-09 16:00:26"}
{"level":"info","message":"GET /area 2 2019-04-09 16:00:27","timestamp":"2019-04-09 16:00:27"}
{"level":"info","message":"GET /table/list 6 2019-04-09 16:00:27","timestamp":"2019-04-09 16:00:27"}
{"level":"info","message":"GET /order/detail 16 2019-04-09 16:00:27","timestamp":"2019-04-09 16:00:27"}
{"level":"info","message":"GET /area 2 2019-04-09 16:00:28","timestamp":"2019-04-09 16:00:28"}
{"level":"info","message":"GET /table/list 7 2019-04-09 16:00:28","timestamp":"2019-04-09 16:00:28"}
{"level":"info","message":"GET /area 2 2019-04-09 16:00:29","timestamp":"2019-04-09 16:00:29"}
{"level":"info","message":"GET /table/list 7 2019-04-09 16:00:29","timestamp":"2019-04-09 16:00:29"}
{"level":"info","message":"GET /order/detail 21 2019-04-09 16:00:29","timestamp":"2019-04-09 16:00:29"}
{"level":"info","message":"GET /area 1 2019-04-09 16:02:58","timestamp":"2019-04-09 16:02:58"}
{"level":"info","message":"GET /table/list 4 2019-04-09 16:02:58","timestamp":"2019-04-09 16:02:58"}
{"level":"info","message":"GET /area 4 2019-04-09 16:03:00","timestamp":"2019-04-09 16:03:00"}
{"level":"info","message":"GET /table/list 6 2019-04-09 16:03:00","timestamp":"2019-04-09 16:03:00"}
{"level":"info","message":"GET /order/detail 22 2019-04-09 16:03:00","timestamp":"2019-04-09 16:03:00"}
{"level":"info","message":"GET /area 6 2019-04-09 16:03:03","timestamp":"2019-04-09 16:03:03"}
{"level":"info","message":"GET /table/list 10 2019-04-09 16:03:03","timestamp":"2019-04-09 16:03:03"}
{"level":"info","message":"GET /order/detail 21 2019-04-09 16:03:03","timestamp":"2019-04-09 16:03:03"}
{"level":"info","message":"GET /system/info 12 2019-04-09 16:03:34","timestamp":"2019-04-09 16:03:34"}
{"level":"info","message":"GET /area 2 2019-04-09 16:03:34","timestamp":"2019-04-09 16:03:34"}
{"level":"info","message":"GET /order/detail 9 2019-04-09 16:03:34","timestamp":"2019-04-09 16:03:34"}
{"level":"info","message":"GET /table/list 5 2019-04-09 16:03:34","timestamp":"2019-04-09 16:03:34"}
{"level":"info","message":"GET /system/info 7 2019-04-09 16:03:50","timestamp":"2019-04-09 16:03:50"}
{"level":"info","message":"GET /area 7 2019-04-09 16:03:51","timestamp":"2019-04-09 16:03:51"}
{"level":"info","message":"GET /table/list 9 2019-04-09 16:03:51","timestamp":"2019-04-09 16:03:51"}
{"level":"info","message":"GET /order/detail 22 2019-04-09 16:03:51","timestamp":"2019-04-09 16:03:51"}
{"level":"info","message":"GET /system/info 8 2019-04-09 16:09:56","timestamp":"2019-04-09 16:09:56"}
{"level":"info","message":"GET /area 2 2019-04-09 16:09:57","timestamp":"2019-04-09 16:09:57"}
{"level":"info","message":"GET /table/list 9 2019-04-09 16:09:57","timestamp":"2019-04-09 16:09:57"}
{"level":"info","message":"GET /order/detail 24 2019-04-09 16:09:57","timestamp":"2019-04-09 16:09:57"}
{"level":"info","message":"GET /system/info 8 2019-04-09 16:14:40","timestamp":"2019-04-09 16:14:40"}
{"level":"info","message":"GET /area 2 2019-04-09 16:14:41","timestamp":"2019-04-09 16:14:41"}
{"level":"info","message":"GET /table/list 5 2019-04-09 16:14:41","timestamp":"2019-04-09 16:14:41"}
{"level":"info","message":"GET /area 2 2019-04-09 16:14:42","timestamp":"2019-04-09 16:14:42"}
{"level":"info","message":"GET /table/list 4 2019-04-09 16:14:42","timestamp":"2019-04-09 16:14:42"}
{"level":"info","message":"GET /system/info 6 2019-04-09 16:14:55","timestamp":"2019-04-09 16:14:55"}
{"level":"info","message":"GET /area 2 2019-04-09 16:14:55","timestamp":"2019-04-09 16:14:55"}
{"level":"info","message":"GET /table/list 4 2019-04-09 16:14:55","timestamp":"2019-04-09 16:14:55"}
{"level":"info","message":"GET /area 2 2019-04-09 16:15:00","timestamp":"2019-04-09 16:15:00"}
{"level":"info","message":"GET /table/list 26 2019-04-09 16:15:00","timestamp":"2019-04-09 16:15:00"}
{"level":"info","message":"GET /area 1 2019-04-09 16:15:00","timestamp":"2019-04-09 16:15:00"}
{"level":"info","message":"GET /table/list 3 2019-04-09 16:15:00","timestamp":"2019-04-09 16:15:00"}
{"level":"info","message":"GET /area 9 2019-04-09 16:15:08","timestamp":"2019-04-09 16:15:08"}
{"level":"info","message":"GET /table/list 10 2019-04-09 16:15:08","timestamp":"2019-04-09 16:15:08"}
{"level":"info","message":"GET /area 5 2019-04-09 16:15:09","timestamp":"2019-04-09 16:15:09"}
{"level":"info","message":"GET /table/list 7 2019-04-09 16:15:09","timestamp":"2019-04-09 16:15:09"}
{"level":"info","message":"GET /area 1 2019-04-09 16:15:09","timestamp":"2019-04-09 16:15:09"}
{"level":"info","message":"GET /table/list 5 2019-04-09 16:15:09","timestamp":"2019-04-09 16:15:09"}
{"level":"info","message":"GET /area 13 2019-04-09 16:58:48","timestamp":"2019-04-09 16:58:48"}
{"level":"info","message":"GET /table/list 22 2019-04-09 16:58:48","timestamp":"2019-04-09 16:58:48"}
{"level":"info","message":"GET /area 8 2019-04-09 16:58:52","timestamp":"2019-04-09 16:58:52"}
{"level":"info","message":"GET /table/list 11 2019-04-09 16:58:52","timestamp":"2019-04-09 16:58:52"}
{"level":"info","message":"GET /order/detail 23 2019-04-09 16:58:52","timestamp":"2019-04-09 16:58:52"}
{"level":"info","message":"GET /area 2 2019-04-09 16:58:53","timestamp":"2019-04-09 16:58:53"}
{"level":"info","message":"GET /table/list 4 2019-04-09 16:58:53","timestamp":"2019-04-09 16:58:53"}
{"level":"info","message":"GET /area 4 2019-04-09 16:58:55","timestamp":"2019-04-09 16:58:55"}
{"level":"info","message":"GET /table/list 8 2019-04-09 16:58:55","timestamp":"2019-04-09 16:58:55"}
{"level":"info","message":"GET /order/detail 17 2019-04-09 16:58:55","timestamp":"2019-04-09 16:58:55"}
{"level":"info","message":"GET /area 3 2019-04-09 16:58:59","timestamp":"2019-04-09 16:58:59"}
{"level":"info","message":"GET /table/list 6 2019-04-09 16:58:59","timestamp":"2019-04-09 16:58:59"}
{"level":"info","message":"GET /order/detail 18 2019-04-09 16:58:59","timestamp":"2019-04-09 16:58:59"}
{"level":"info","message":"GET /area 2 2019-04-09 16:59:00","timestamp":"2019-04-09 16:59:00"}
{"level":"info","message":"GET /table/list 3 2019-04-09 16:59:00","timestamp":"2019-04-09 16:59:00"}
{"level":"info","message":"GET /area 3 2019-04-09 16:59:01","timestamp":"2019-04-09 16:59:01"}
{"level":"info","message":"GET /table/list 8 2019-04-09 16:59:01","timestamp":"2019-04-09 16:59:01"}
{"level":"info","message":"GET /order/detail 18 2019-04-09 16:59:01","timestamp":"2019-04-09 16:59:01"}
{"level":"info","message":"GET /area 4 2019-04-09 17:07:23","timestamp":"2019-04-09 17:07:23"}
{"level":"info","message":"GET /table/list 7 2019-04-09 17:07:23","timestamp":"2019-04-09 17:07:23"}
{"level":"info","message":"GET /area 4 2019-04-09 17:07:23","timestamp":"2019-04-09 17:07:23"}
{"level":"info","message":"GET /table/list 7 2019-04-09 17:07:23","timestamp":"2019-04-09 17:07:23"}
{"level":"info","message":"GET /order/detail 23 2019-04-09 17:07:23","timestamp":"2019-04-09 17:07:23"}
{"level":"info","message":"GET /area 1 2019-04-09 17:07:24","timestamp":"2019-04-09 17:07:24"}
{"level":"info","message":"GET /table/list 3 2019-04-09 17:07:24","timestamp":"2019-04-09 17:07:24"}
{"level":"info","message":"GET /area 3 2019-04-09 17:07:25","timestamp":"2019-04-09 17:07:25"}
{"level":"info","message":"GET /table/list 5 2019-04-09 17:07:25","timestamp":"2019-04-09 17:07:25"}
{"level":"info","message":"GET /order/detail 17 2019-04-09 17:07:25","timestamp":"2019-04-09 17:07:25"}
{"level":"info","message":"GET /area 2 2019-04-09 17:07:26","timestamp":"2019-04-09 17:07:26"}
{"level":"info","message":"GET /table/list 4 2019-04-09 17:07:26","timestamp":"2019-04-09 17:07:26"}
{"level":"info","message":"GET /area 2 2019-04-09 17:07:26","timestamp":"2019-04-09 17:07:26"}
{"level":"info","message":"GET /table/list 6 2019-04-09 17:07:26","timestamp":"2019-04-09 17:07:26"}
{"level":"info","message":"GET /order/detail 16 2019-04-09 17:07:26","timestamp":"2019-04-09 17:07:26"}
{"level":"info","message":"GET /area 1 2019-04-09 17:07:27","timestamp":"2019-04-09 17:07:27"}
{"level":"info","message":"GET /table/list 5 2019-04-09 17:07:27","timestamp":"2019-04-09 17:07:27"}
{"level":"info","message":"GET /area 5 2019-04-09 17:07:28","timestamp":"2019-04-09 17:07:28"}
{"level":"info","message":"GET /table/list 6 2019-04-09 17:07:28","timestamp":"2019-04-09 17:07:28"}
{"level":"info","message":"GET /order/detail 17 2019-04-09 17:07:28","timestamp":"2019-04-09 17:07:28"}
{"level":"info","message":"GET /area 3 2019-04-09 17:07:29","timestamp":"2019-04-09 17:07:29"}
{"level":"info","message":"GET /table/list 9 2019-04-09 17:07:29","timestamp":"2019-04-09 17:07:29"}
{"level":"info","message":"GET /area 4 2019-04-09 17:07:29","timestamp":"2019-04-09 17:07:29"}
{"level":"info","message":"GET /table/list 6 2019-04-09 17:07:29","timestamp":"2019-04-09 17:07:29"}
{"level":"info","message":"GET /order/detail 14 2019-04-09 17:07:29","timestamp":"2019-04-09 17:07:29"}
{"level":"info","message":"GET /system/info 8 2019-04-09 17:09:51","timestamp":"2019-04-09 17:09:51"}
{"level":"info","message":"GET /system/info 7 2019-04-09 17:12:29","timestamp":"2019-04-09 17:12:29"}
{"level":"info","message":"GET /system/info 134 2019-04-09 17:19:05","timestamp":"2019-04-09 17:19:05"}
{"level":"info","message":"GET /system/info 8 2019-04-09 17:21:04","timestamp":"2019-04-09 17:21:04"}
{"level":"info","message":"GET /area 7 2019-04-09 17:21:05","timestamp":"2019-04-09 17:21:05"}
{"level":"info","message":"GET /table/list 8 2019-04-09 17:21:05","timestamp":"2019-04-09 17:21:05"}
{"level":"info","message":"GET /area 2 2019-04-09 17:21:06","timestamp":"2019-04-09 17:21:06"}
{"level":"info","message":"GET /table/list 5 2019-04-09 17:21:06","timestamp":"2019-04-09 17:21:06"}
{"level":"info","message":"GET /area 7 2019-04-09 17:21:07","timestamp":"2019-04-09 17:21:07"}
{"level":"info","message":"GET /table/list 6 2019-04-09 17:21:07","timestamp":"2019-04-09 17:21:07"}
{"level":"info","message":"GET /order/detail 18 2019-04-09 17:21:07","timestamp":"2019-04-09 17:21:07"}
{"level":"info","message":"GET /system/info 6 2019-04-09 17:21:55","timestamp":"2019-04-09 17:21:55"}
{"level":"info","message":"GET /area 2 2019-04-09 17:21:56","timestamp":"2019-04-09 17:21:56"}
{"level":"info","message":"GET /order/detail 14 2019-04-09 17:21:56","timestamp":"2019-04-09 17:21:56"}
{"level":"info","message":"GET /table/list 5 2019-04-09 17:21:56","timestamp":"2019-04-09 17:21:56"}
{"level":"info","message":"GET /order/detail 15 2019-04-09 17:22:25","timestamp":"2019-04-09 17:22:25"}
{"level":"info","message":"GET /system/info 6 2019-04-09 17:22:26","timestamp":"2019-04-09 17:22:26"}
{"level":"info","message":"GET /order/detail 9 2019-04-09 17:22:27","timestamp":"2019-04-09 17:22:27"}
{"level":"info","message":"GET /area 12 2019-04-09 17:22:27","timestamp":"2019-04-09 17:22:27"}
{"level":"info","message":"GET /table/list 7 2019-04-09 17:22:27","timestamp":"2019-04-09 17:22:27"}
{"level":"info","message":"GET /system/info 4 2019-04-09 17:25:34","timestamp":"2019-04-09 17:25:34"}
{"level":"info","message":"GET /area 4 2019-04-09 17:25:34","timestamp":"2019-04-09 17:25:34"}
{"level":"info","message":"GET /table/list 12 2019-04-09 17:25:34","timestamp":"2019-04-09 17:25:34"}
{"level":"info","message":"GET /order/detail 31 2019-04-09 17:25:34","timestamp":"2019-04-09 17:25:34"}
{"level":"info","message":"GET /system/info 4 2019-04-09 17:25:58","timestamp":"2019-04-09 17:25:58"}
{"level":"info","message":"GET /article/family_list 21 2019-04-09 17:25:58","timestamp":"2019-04-09 17:25:58"}
{"level":"info","message":"GET /system/info 72 2019-04-09 17:27:05","timestamp":"2019-04-09 17:27:05"}
{"level":"info","message":"GET /article/family_list 4 2019-04-09 17:27:05","timestamp":"2019-04-09 17:27:05"}
{"level":"info","message":"GET /order/detail 6 2019-04-09 17:27:05","timestamp":"2019-04-09 17:27:05"}
{"level":"info","message":"GET /system/info 12 2019-04-09 17:28:34","timestamp":"2019-04-09 17:28:34"}
{"level":"info","message":"GET /article/family_list 22 2019-04-09 17:28:35","timestamp":"2019-04-09 17:28:35"}
{"level":"info","message":"GET /order/detail 4 2019-04-09 17:28:35","timestamp":"2019-04-09 17:28:35"}
{"level":"info","message":"GET /system/info 4 2019-04-09 17:29:48","timestamp":"2019-04-09 17:29:48"}
{"level":"info","message":"GET /article/family_list 1 2019-04-09 17:29:49","timestamp":"2019-04-09 17:29:49"}
{"level":"info","message":"GET /order/detail 3 2019-04-09 17:29:49","timestamp":"2019-04-09 17:29:49"}
{"level":"info","message":"GET /system/info 78 2019-04-09 17:30:35","timestamp":"2019-04-09 17:30:35"}
{"level":"info","message":"GET /article/family_list 4 2019-04-09 17:30:36","timestamp":"2019-04-09 17:30:36"}
{"level":"info","message":"GET /order/detail 4 2019-04-09 17:30:36","timestamp":"2019-04-09 17:30:36"}
{"level":"info","message":"GET /system/info 67 2019-04-09 17:30:45","timestamp":"2019-04-09 17:30:45"}
{"level":"info","message":"GET /article/family_list 3 2019-04-09 17:30:45","timestamp":"2019-04-09 17:30:45"}
{"level":"info","message":"GET /order/detail 2 2019-04-09 17:30:45","timestamp":"2019-04-09 17:30:45"}
{"level":"info","message":"GET /order/detail 2 2019-04-09 17:31:05","timestamp":"2019-04-09 17:31:05"}
{"level":"info","message":"GET /order/detail 2 2019-04-09 17:31:07","timestamp":"2019-04-09 17:31:07"}
{"level":"info","message":"GET /order/detail 3 2019-04-09 17:31:08","timestamp":"2019-04-09 17:31:08"}
{"level":"info","message":"GET /order/detail 2 2019-04-09 17:31:11","timestamp":"2019-04-09 17:31:11"}
{"level":"info","message":"GET /order/detail 2 2019-04-09 17:31:14","timestamp":"2019-04-09 17:31:14"}
{"level":"info","message":"GET /system/info 6 2019-04-09 17:32:02","timestamp":"2019-04-09 17:32:02"}
{"level":"info","message":"GET /article/family_list 3 2019-04-09 17:32:02","timestamp":"2019-04-09 17:32:02"}
{"level":"info","message":"GET /order/detail 3 2019-04-09 17:32:02","timestamp":"2019-04-09 17:32:02"}
{"level":"info","message":"GET /system/info 11 2019-04-09 17:32:13","timestamp":"2019-04-09 17:32:13"}
{"level":"info","message":"GET /article/family_list 2 2019-04-09 17:32:13","timestamp":"2019-04-09 17:32:13"}
{"level":"info","message":"GET /order/detail 12 2019-04-09 17:32:13","timestamp":"2019-04-09 17:32:13"}
{"level":"info","message":"GET /system/info 3 2019-04-09 17:32:22","timestamp":"2019-04-09 17:32:22"}
{"level":"info","message":"GET /article/family_list 2 2019-04-09 17:32:22","timestamp":"2019-04-09 17:32:22"}
{"level":"info","message":"GET /order/detail 2 2019-04-09 17:32:22","timestamp":"2019-04-09 17:32:22"}
{"level":"info","message":"GET /order/detail 2 2019-04-09 17:32:24","timestamp":"2019-04-09 17:32:24"}
{"level":"info","message":"GET /order/detail 2 2019-04-09 17:32:25","timestamp":"2019-04-09 17:32:25"}
{"level":"info","message":"GET /order/detail 5 2019-04-09 17:32:26","timestamp":"2019-04-09 17:32:26"}
{"level":"info","message":"GET /order/detail 2 2019-04-09 17:32:27","timestamp":"2019-04-09 17:32:27"}
{"level":"info","message":"GET /order/detail 2 2019-04-09 17:32:27","timestamp":"2019-04-09 17:32:27"}
{"level":"info","message":"GET /order/detail 2 2019-04-09 17:32:27","timestamp":"2019-04-09 17:32:27"}
{"level":"info","message":"GET /order/detail 2 2019-04-09 17:32:28","timestamp":"2019-04-09 17:32:28"}
{"level":"info","message":"GET /order/detail 2 2019-04-09 17:32:28","timestamp":"2019-04-09 17:32:28"}
{"level":"info","message":"GET /order/detail 2 2019-04-09 17:32:29","timestamp":"2019-04-09 17:32:29"}
{"level":"info","message":"GET /order/detail 2 2019-04-09 17:32:29","timestamp":"2019-04-09 17:32:29"}
{"level":"info","message":"GET /order/detail 2 2019-04-09 17:32:30","timestamp":"2019-04-09 17:32:30"}
{"level":"info","message":"GET /area 23 2019-04-09 18:41:46","timestamp":"2019-04-09 18:41:46"}
{"level":"info","message":"GET /table/list 16 2019-04-09 18:41:46","timestamp":"2019-04-09 18:41:46"}
{"level":"info","message":"GET /area 5 2019-04-09 18:41:47","timestamp":"2019-04-09 18:41:47"}
{"level":"info","message":"GET /table/list 8 2019-04-09 18:41:47","timestamp":"2019-04-09 18:41:47"}
{"level":"info","message":"GET /area 6 2019-04-09 18:47:09","timestamp":"2019-04-09 18:47:09"}
{"level":"info","message":"GET /table/list 11 2019-04-09 18:47:09","timestamp":"2019-04-09 18:47:09"}
{"level":"info","message":"GET /order/detail 37 2019-04-09 18:47:09","timestamp":"2019-04-09 18:47:09"}
{"level":"info","message":"GET /area 8 2019-04-09 18:52:04","timestamp":"2019-04-09 18:52:04"}
{"level":"info","message":"GET /table/list 15 2019-04-09 18:52:04","timestamp":"2019-04-09 18:52:04"}
{"level":"info","message":"GET /order/detail 54 2019-04-09 18:52:04","timestamp":"2019-04-09 18:52:04"}
{"level":"info","message":"GET /order/detail 24 2019-04-09 18:55:39","timestamp":"2019-04-09 18:55:39"}
{"level":"info","message":"GET /system/info 15 2019-04-09 18:56:47","timestamp":"2019-04-09 18:56:47"}
{"level":"info","message":"GET /area 9 2019-04-09 18:56:47","timestamp":"2019-04-09 18:56:47"}
{"level":"info","message":"GET /table/list 13 2019-04-09 18:56:47","timestamp":"2019-04-09 18:56:47"}
{"level":"info","message":"GET /order/detail 35 2019-04-09 18:56:47","timestamp":"2019-04-09 18:56:47"}
