{"level":"info","message":"mqtt成功连接到：ws://test.emq.restoplus.cn:8083/mqtt","timestamp":"2019-05-05 10:14:39"}
{"level":"info","message":"订阅成功--$queue/winPos/+/2f83afee7a0e4822a6729145dd53af33/d2ff1bbb8c6f4fd8adb3949f76f8c1b6/+/+/+","timestamp":"2019-05-05 10:14:40"}
{"level":"info","message":"允许接收的平台=>posAdmin-dev,resto-dev","timestamp":"2019-05-05 10:14:40"}
{"level":"info","message":"GET /system/info 1462 2019-05-05 10:16:21","timestamp":"2019-05-05 10:16:21"}
{"level":"info","message":"GET /table/list 91 2019-05-05 10:16:22","timestamp":"2019-05-05 10:16:22"}
{"level":"info","message":"GET /order/order_state_count 78 2019-05-05 10:16:22","timestamp":"2019-05-05 10:16:22"}
{"level":"info","message":"GET /area 61 2019-05-05 10:16:22","timestamp":"2019-05-05 10:16:22"}
{"level":"info","message":"GET /order/detail 121 2019-05-05 10:16:22","timestamp":"2019-05-05 10:16:22"}
{"level":"info","message":"GET /order/get_order_test 27 2019-05-05 10:16:23","timestamp":"2019-05-05 10:16:23"}
{"level":"error","message":"==mqtt==close==你已断开连接,异常退出","timestamp":"2019-05-05 10:29:43"}
{"level":"error","message":"==mqtt==reconnect==正在尝试重新连接","timestamp":"2019-05-05 10:29:58"}
{"level":"error","message":"==mqtt==close==你已断开连接,异常退出","timestamp":"2019-05-05 10:30:28"}
{"level":"error","message":"==mqtt==reconnect==正在尝试重新连接","timestamp":"2019-05-05 10:30:44"}
{"level":"info","message":"mqtt成功连接到：ws://test.emq.restoplus.cn:8083/mqtt","timestamp":"2019-05-05 10:30:44"}
{"level":"info","message":"订阅成功--$queue/winPos/+/2f83afee7a0e4822a6729145dd53af33/d2ff1bbb8c6f4fd8adb3949f76f8c1b6/+/+/+","timestamp":"2019-05-05 10:30:44"}
{"level":"info","message":"允许接收的平台=>posAdmin-dev,resto-dev","timestamp":"2019-05-05 10:30:44"}
{"level":"error","message":"==mqtt==close==你已断开连接,异常退出","timestamp":"2019-05-05 13:24:54"}
{"level":"error","message":"==mqtt==reconnect==正在尝试重新连接","timestamp":"2019-05-05 13:25:09"}
{"level":"error","message":"==mqtt==close==你已断开连接,异常退出","timestamp":"2019-05-05 13:25:39"}
{"level":"error","message":"==mqtt==reconnect==正在尝试重新连接","timestamp":"2019-05-05 13:25:54"}
{"level":"error","message":"==mqtt==close==你已断开连接,异常退出","timestamp":"2019-05-05 13:26:24"}
{"level":"error","message":"==mqtt==reconnect==正在尝试重新连接","timestamp":"2019-05-05 13:26:39"}
{"level":"error","message":"==mqtt==close==你已断开连接,异常退出","timestamp":"2019-05-05 13:27:09"}
{"level":"error","message":"==mqtt==reconnect==正在尝试重新连接","timestamp":"2019-05-05 13:27:24"}
{"level":"error","message":"==mqtt==close==你已断开连接,异常退出","timestamp":"2019-05-05 13:27:54"}
{"level":"error","message":"==mqtt==reconnect==正在尝试重新连接","timestamp":"2019-05-05 13:28:09"}
{"level":"error","message":"==mqtt==close==你已断开连接,异常退出","timestamp":"2019-05-05 13:28:39"}
{"level":"error","message":"==mqtt==reconnect==正在尝试重新连接","timestamp":"2019-05-05 13:28:54"}
{"level":"error","message":"==mqtt==close==你已断开连接,异常退出","timestamp":"2019-05-05 13:29:24"}
{"level":"error","message":"==mqtt==reconnect==正在尝试重新连接","timestamp":"2019-05-05 13:29:39"}
{"level":"error","message":"==mqtt==close==你已断开连接,异常退出","timestamp":"2019-05-05 13:30:09"}
{"level":"error","message":"==mqtt==reconnect==正在尝试重新连接","timestamp":"2019-05-05 13:30:24"}
{"level":"error","message":"==mqtt==close==你已断开连接,异常退出","timestamp":"2019-05-05 13:30:54"}
{"level":"error","message":"==mqtt==reconnect==正在尝试重新连接","timestamp":"2019-05-05 13:31:09"}
{"level":"error","message":"==mqtt==close==你已断开连接,异常退出","timestamp":"2019-05-05 13:31:39"}
{"level":"error","message":"==mqtt==reconnect==正在尝试重新连接","timestamp":"2019-05-05 13:31:54"}
{"level":"error","message":"==mqtt==close==你已断开连接,异常退出","timestamp":"2019-05-05 13:32:24"}
{"level":"error","message":"==mqtt==reconnect==正在尝试重新连接","timestamp":"2019-05-05 13:32:39"}
{"level":"error","message":"==mqtt==close==你已断开连接,异常退出","timestamp":"2019-05-05 13:33:09"}
{"level":"error","message":"==mqtt==reconnect==正在尝试重新连接","timestamp":"2019-05-05 13:33:24"}
{"level":"error","message":"==mqtt==close==你已断开连接,异常退出","timestamp":"2019-05-05 13:33:54"}
{"level":"error","message":"==mqtt==reconnect==正在尝试重新连接","timestamp":"2019-05-05 13:34:09"}
{"level":"error","message":"==mqtt==close==你已断开连接,异常退出","timestamp":"2019-05-05 13:34:39"}
{"level":"error","message":"==mqtt==reconnect==正在尝试重新连接","timestamp":"2019-05-05 13:34:54"}
{"level":"error","message":"==mqtt==close==你已断开连接,异常退出","timestamp":"2019-05-05 13:41:49"}
{"level":"error","message":"==mqtt==reconnect==正在尝试重新连接","timestamp":"2019-05-05 13:42:04"}
{"level":"error","message":"==mqtt==close==你已断开连接,异常退出","timestamp":"2019-05-05 13:42:34"}
{"level":"error","message":"==mqtt==reconnect==正在尝试重新连接","timestamp":"2019-05-05 13:42:49"}
{"level":"error","message":"==mqtt==close==你已断开连接,异常退出","timestamp":"2019-05-05 13:43:19"}
{"level":"error","message":"==mqtt==reconnect==正在尝试重新连接","timestamp":"2019-05-05 13:43:34"}
{"level":"error","message":"==mqtt==close==你已断开连接,异常退出","timestamp":"2019-05-05 13:44:04"}
{"level":"error","message":"==mqtt==reconnect==正在尝试重新连接","timestamp":"2019-05-05 13:44:19"}
{"level":"error","message":"==mqtt==close==你已断开连接,异常退出","timestamp":"2019-05-05 13:44:49"}
{"level":"error","message":"==mqtt==reconnect==正在尝试重新连接","timestamp":"2019-05-05 13:45:04"}
{"level":"error","message":"==mqtt==close==你已断开连接,异常退出","timestamp":"2019-05-05 13:45:34"}
{"level":"error","message":"==mqtt==reconnect==正在尝试重新连接","timestamp":"2019-05-05 13:45:49"}
{"level":"error","message":"==mqtt==close==你已断开连接,异常退出","timestamp":"2019-05-05 13:46:19"}
{"level":"error","message":"==mqtt==reconnect==正在尝试重新连接","timestamp":"2019-05-05 13:46:34"}
{"level":"error","message":"==mqtt==close==你已断开连接,异常退出","timestamp":"2019-05-05 13:47:04"}
{"level":"error","message":"==mqtt==reconnect==正在尝试重新连接","timestamp":"2019-05-05 13:47:19"}
{"level":"error","message":"==mqtt==close==你已断开连接,异常退出","timestamp":"2019-05-05 13:47:49"}
{"level":"error","message":"==mqtt==reconnect==正在尝试重新连接","timestamp":"2019-05-05 13:48:04"}
{"level":"error","message":"==mqtt==close==你已断开连接,异常退出","timestamp":"2019-05-05 13:48:34"}
{"level":"error","message":"==mqtt==reconnect==正在尝试重新连接","timestamp":"2019-05-05 13:48:49"}
{"level":"error","message":"==mqtt==close==你已断开连接,异常退出","timestamp":"2019-05-05 13:49:19"}
{"level":"error","message":"==mqtt==reconnect==正在尝试重新连接","timestamp":"2019-05-05 13:49:34"}
{"level":"error","message":"==mqtt==close==你已断开连接,异常退出","timestamp":"2019-05-05 13:50:04"}
{"level":"error","message":"==mqtt==reconnect==正在尝试重新连接","timestamp":"2019-05-05 13:50:19"}
{"level":"error","message":"==mqtt==close==你已断开连接,异常退出","timestamp":"2019-05-05 13:50:49"}
{"level":"error","message":"==mqtt==reconnect==正在尝试重新连接","timestamp":"2019-05-05 13:51:04"}
{"level":"error","message":"==mqtt==close==你已断开连接,异常退出","timestamp":"2019-05-05 13:51:34"}
{"level":"error","message":"==mqtt==reconnect==正在尝试重新连接","timestamp":"2019-05-05 13:51:49"}
{"level":"error","message":"==mqtt==close==你已断开连接,异常退出","timestamp":"2019-05-05 13:51:57"}
{"level":"error","message":"==mqtt==reconnect==正在尝试重新连接","timestamp":"2019-05-05 13:52:12"}
{"level":"error","message":"==mqtt==close==你已断开连接,异常退出","timestamp":"2019-05-05 13:52:19"}
{"level":"error","message":"==mqtt==reconnect==正在尝试重新连接","timestamp":"2019-05-05 13:52:34"}
{"level":"error","message":"==mqtt==close==你已断开连接,异常退出","timestamp":"2019-05-05 13:52:42"}
{"level":"error","message":"==mqtt==reconnect==正在尝试重新连接","timestamp":"2019-05-05 13:52:57"}
{"level":"info","message":"mqtt成功连接到：ws://test.emq.restoplus.cn:8083/mqtt","timestamp":"2019-05-05 13:52:57"}
{"level":"info","message":"订阅成功--$queue/winPos/+/2f83afee7a0e4822a6729145dd53af33/d2ff1bbb8c6f4fd8adb3949f76f8c1b6/+/+/+","timestamp":"2019-05-05 13:52:57"}
{"level":"info","message":"允许接收的平台=>posAdmin-dev,resto-dev","timestamp":"2019-05-05 13:52:57"}
{"level":"info","message":"POST /bindTable 272 2019-05-05 14:08:16","timestamp":"2019-05-05 14:08:16"}
{"level":"info","message":"GET /article/family_list 14 2019-05-05 14:08:16","timestamp":"2019-05-05 14:08:16"}
{"level":"info","message":"GET /order/detail 24 2019-05-05 14:08:16","timestamp":"2019-05-05 14:08:16"}
{"level":"info","message":"GET /article/article_list 18 2019-05-05 14:08:16","timestamp":"2019-05-05 14:08:16"}
{"level":"info","message":"POST /pushOrder 104 2019-05-05 14:08:21","timestamp":"2019-05-05 14:08:21"}
{"level":"info","message":"推送EMQ:resto-dev/2f83afee7a0e4822a6729145dd53af33/d2ff1bbb8c6f4fd8adb3949f76f8c1b6/order/creator/8db9d6642a01469ab4347d928f2b5a4e \n {\"master_order_id\":\"8db9d6642a01469ab4347d928f2b5a4e\",\"order_arr\":[{\"id\":\"8db9d6642a01469ab4347d928f2b5a4e\",\"table_number\":\"13\",\"customer_count\":2,\"accounting_time\":\"2019-05-05\",\"order_state\":1,\"production_status\":1,\"original_amount\":7,\"order_money\":7,\"origin_money\":null,\"article_count\":1,\"serial_number\":\"201905051408159870\",\"allow_cancel\":0,\"closed\":0,\"create_time\":\"1557036495987\",\"push_order_time\":null,\"print_order_time\":\"1557036501512\",\"remark\":\"\",\"distribution_mode_id\":1,\"amount_with_children\":0,\"parent_order_id\":null,\"service_price\":6,\"is_pos_pay\":0,\"pay_type\":1,\"count_with_child\":0,\"allow_continue_order\":0,\"payment_amount\":7,\"customer_id\":\"0\",\"customer_address_id\":null,\"ver_code\":\"20396\",\"pay_mode\":0,\"meal_fee_price\":0,\"meal_all_number\":0,\"order_mode\":6,\"allow_appraise\":0,\"confirm_time\":null,\"order_number\":1,\"call_number_time\":null,\"call_times\":0,\"shop_detail_id\":null,\"data_origin\":\"0\",\"sync_state\":1,\"last_sync_time\":\"1557036501462\",\"order_pos_discount_money\":\"0\",\"member_discount_money\":\"0\",\"erase_money\":\"0\",\"reduce_money\":\"0\",\"real_erase_money\":\"0\",\"pos_discount\":\"100\",\"no_discount_money\":\"0\",\"exemption_money\":\"0\",\"need_confirm_order_item\":0,\"sauce_fee_count\":\"2\",\"sauce_fee_price\":null,\"towel_fee_count\":\"2\",\"towel_fee_price\":0,\"tableware_fee_count\":\"2\",\"tableware_fee_price\":0,\"is_use_new_service\":0,\"grant_money\":0}],\"order_item\":[{\"id\":\"63f84aa12a174e29ae20e0b9b75daee2\",\"order_id\":\"8db9d6642a01469ab4347d928f2b5a4e\",\"article_id\":\"22ec4f4ec9034e018747809015dea060\",\"article_name\":\"不想吃\",\"count\":1,\"original_price\":1,\"no_discount_price\":null,\"unit_price\":1,\"final_price\":1,\"remark\":\"100%\",\"sort\":0,\"status\":1,\"type\":1,\"parent_id\":null,\"create_time\":\"1557036501520\",\"meal_item_id\":\"0\",\"kitchen_id\":\"\",\"recommend_id\":\"\",\"orgin_count\":1,\"refund_count\":0,\"grant_count\":0,\"meal_fee_number\":0,\"change_count\":0,\"print_fail_flag\":0,\"pos_discount\":100,\"weight\":0,\"need_remind\":0}]}","timestamp":"2019-05-05 14:08:21"}
{"level":"info","message":"GET /order/order_state_count 11 2019-05-05 14:08:21","timestamp":"2019-05-05 14:08:21"}
{"level":"info","message":"GET /area 8 2019-05-05 14:08:21","timestamp":"2019-05-05 14:08:21"}
{"level":"info","message":"GET /table/list 12 2019-05-05 14:08:21","timestamp":"2019-05-05 14:08:21"}
{"level":"info","message":"GET /order/detail 25 2019-05-05 14:08:21","timestamp":"2019-05-05 14:08:21"}
{"level":"info","message":"GET /order/get_order_test 23 2019-05-05 14:08:22","timestamp":"2019-05-05 14:08:22"}
{"level":"info","message":"GET /article/family_list 4 2019-05-05 14:08:24","timestamp":"2019-05-05 14:08:24"}
{"level":"info","message":"GET /order/detail 11 2019-05-05 14:08:24","timestamp":"2019-05-05 14:08:24"}
{"level":"info","message":"GET /article/article_list 12 2019-05-05 14:08:24","timestamp":"2019-05-05 14:08:24"}
{"level":"info","message":"GET /order/order_state_count 9 2019-05-05 14:08:31","timestamp":"2019-05-05 14:08:31"}
{"level":"info","message":"GET /area 7 2019-05-05 14:08:31","timestamp":"2019-05-05 14:08:31"}
{"level":"info","message":"GET /table/list 9 2019-05-05 14:08:31","timestamp":"2019-05-05 14:08:31"}
{"level":"info","message":"GET /order/detail 20 2019-05-05 14:08:31","timestamp":"2019-05-05 14:08:31"}
{"level":"info","message":"GET /order/get_order_test 4 2019-05-05 14:08:32","timestamp":"2019-05-05 14:08:32"}
{"level":"info","message":"GET /article/family_list 2 2019-05-05 14:09:22","timestamp":"2019-05-05 14:09:22"}
{"level":"info","message":"GET /order/detail 6 2019-05-05 14:09:22","timestamp":"2019-05-05 14:09:22"}
{"level":"info","message":"GET /article/article_list 15 2019-05-05 14:09:22","timestamp":"2019-05-05 14:09:22"}
{"level":"info","message":"GET /order/order_state_count 11 2019-05-05 14:11:26","timestamp":"2019-05-05 14:11:26"}
{"level":"info","message":"GET /area 9 2019-05-05 14:11:26","timestamp":"2019-05-05 14:11:26"}
{"level":"info","message":"GET /table/list 13 2019-05-05 14:11:26","timestamp":"2019-05-05 14:11:26"}
{"level":"info","message":"GET /order/detail 13 2019-05-05 14:11:29","timestamp":"2019-05-05 14:11:29"}
{"level":"info","message":"GET /order/get_order_test 4 2019-05-05 14:11:29","timestamp":"2019-05-05 14:11:29"}
{"level":"info","message":"GET /order/detail 8 2019-05-05 14:11:30","timestamp":"2019-05-05 14:11:30"}
{"level":"info","message":"GET /order/discount_info 3 2019-05-05 14:11:30","timestamp":"2019-05-05 14:11:30"}
{"level":"info","message":"GET /order/detail 7 2019-05-05 14:11:30","timestamp":"2019-05-05 14:11:30"}
{"level":"info","message":"GET /order/order_items 14 2019-05-05 14:11:30","timestamp":"2019-05-05 14:11:30"}
{"level":"info","message":"POST /orderPay 127 2019-05-05 14:11:36","timestamp":"2019-05-05 14:11:36"}
{"level":"info","message":"推送EMQ:resto-dev/2f83afee7a0e4822a6729145dd53af33/d2ff1bbb8c6f4fd8adb3949f76f8c1b6/order/payment/8db9d6642a01469ab4347d928f2b5a4e \n {\"order_id\":\"8db9d6642a01469ab4347d928f2b5a4e\",\"order_payment_item\":[{\"id\":\"77de431601cc428085d78882c1354b46\",\"order_id\":\"8db9d6642a01469ab4347d928f2b5a4e\",\"payment_mode_id\":12,\"pay_value\":7,\"pay_time\":\"1557036695943\",\"remark\":\"现金支付：7\",\"result_data\":null,\"is_use_bonus\":null,\"to_pay_id\":null,\"refund_source_id\":null}]}","timestamp":"2019-05-05 14:11:36"}
{"level":"info","message":"GET /order/order_state_count 16 2019-05-05 14:11:36","timestamp":"2019-05-05 14:11:36"}
{"level":"info","message":"GET /area 13 2019-05-05 14:11:36","timestamp":"2019-05-05 14:11:36"}
{"level":"info","message":"GET /table/list 22 2019-05-05 14:11:36","timestamp":"2019-05-05 14:11:36"}
{"level":"info","message":"POST /bindTable 7 2019-05-05 14:11:43","timestamp":"2019-05-05 14:11:43"}
{"level":"info","message":"POST /bindTable 26 2019-05-05 14:11:46","timestamp":"2019-05-05 14:11:46"}
{"level":"info","message":"GET /article/family_list 1 2019-05-05 14:11:46","timestamp":"2019-05-05 14:11:46"}
{"level":"info","message":"GET /order/detail 7 2019-05-05 14:11:46","timestamp":"2019-05-05 14:11:46"}
{"level":"info","message":"GET /article/article_list 14 2019-05-05 14:11:46","timestamp":"2019-05-05 14:11:46"}
{"level":"info","message":"POST /pushOrder 33 2019-05-05 14:11:48","timestamp":"2019-05-05 14:11:48"}
{"level":"info","message":"推送EMQ:resto-dev/2f83afee7a0e4822a6729145dd53af33/d2ff1bbb8c6f4fd8adb3949f76f8c1b6/order/creator/a9f17906d1e84979a8c3aa743745357b \n {\"master_order_id\":\"a9f17906d1e84979a8c3aa743745357b\",\"order_arr\":[{\"id\":\"a9f17906d1e84979a8c3aa743745357b\",\"table_number\":\"14\",\"customer_count\":2,\"accounting_time\":\"2019-05-05\",\"order_state\":1,\"production_status\":1,\"original_amount\":7,\"order_money\":7,\"origin_money\":null,\"article_count\":1,\"serial_number\":\"201905051411461150\",\"allow_cancel\":0,\"closed\":0,\"create_time\":\"1557036706115\",\"push_order_time\":null,\"print_order_time\":\"1557036708402\",\"remark\":\"\",\"distribution_mode_id\":1,\"amount_with_children\":0,\"parent_order_id\":null,\"service_price\":6,\"is_pos_pay\":0,\"pay_type\":1,\"count_with_child\":0,\"allow_continue_order\":0,\"payment_amount\":7,\"customer_id\":\"0\",\"customer_address_id\":null,\"ver_code\":\"85567\",\"pay_mode\":0,\"meal_fee_price\":0,\"meal_all_number\":0,\"order_mode\":6,\"allow_appraise\":0,\"confirm_time\":null,\"order_number\":2,\"call_number_time\":null,\"call_times\":0,\"shop_detail_id\":null,\"data_origin\":\"0\",\"sync_state\":1,\"last_sync_time\":\"1557036708392\",\"order_pos_discount_money\":\"0\",\"member_discount_money\":\"0\",\"erase_money\":\"0\",\"reduce_money\":\"0\",\"real_erase_money\":\"0\",\"pos_discount\":\"100\",\"no_discount_money\":\"0\",\"exemption_money\":\"0\",\"need_confirm_order_item\":0,\"sauce_fee_count\":\"2\",\"sauce_fee_price\":null,\"towel_fee_count\":\"2\",\"towel_fee_price\":0,\"tableware_fee_count\":\"2\",\"tableware_fee_price\":0,\"is_use_new_service\":0,\"grant_money\":0}],\"order_item\":[{\"id\":\"bf359cd3c2544ec0b7cf88b1aca096b8\",\"order_id\":\"a9f17906d1e84979a8c3aa743745357b\",\"article_id\":\"22ec4f4ec9034e018747809015dea060\",\"article_name\":\"不想吃\",\"count\":1,\"original_price\":1,\"no_discount_price\":null,\"unit_price\":1,\"final_price\":1,\"remark\":\"100%\",\"sort\":0,\"status\":1,\"type\":1,\"parent_id\":null,\"create_time\":\"1557036708409\",\"meal_item_id\":\"0\",\"kitchen_id\":\"\",\"recommend_id\":\"\",\"orgin_count\":1,\"refund_count\":0,\"grant_count\":0,\"meal_fee_number\":0,\"change_count\":0,\"print_fail_flag\":0,\"pos_discount\":100,\"weight\":0,\"need_remind\":0}]}","timestamp":"2019-05-05 14:11:48"}
{"level":"info","message":"GET /order/order_state_count 8 2019-05-05 14:11:48","timestamp":"2019-05-05 14:11:48"}
{"level":"info","message":"GET /area 10 2019-05-05 14:11:48","timestamp":"2019-05-05 14:11:48"}
{"level":"info","message":"GET /table/list 16 2019-05-05 14:11:48","timestamp":"2019-05-05 14:11:48"}
{"level":"info","message":"GET /order/detail 41 2019-05-05 14:11:48","timestamp":"2019-05-05 14:11:48"}
{"level":"info","message":"GET /order/get_order_test 3 2019-05-05 14:11:49","timestamp":"2019-05-05 14:11:49"}
{"level":"info","message":"GET /order/discount_info 3 2019-05-05 14:11:49","timestamp":"2019-05-05 14:11:49"}
{"level":"info","message":"GET /order/order_items 15 2019-05-05 14:11:49","timestamp":"2019-05-05 14:11:49"}
{"level":"info","message":"GET /order/detail 16 2019-05-05 14:11:49","timestamp":"2019-05-05 14:11:49"}
{"level":"info","message":"GET /order/detail 8 2019-05-05 14:11:49","timestamp":"2019-05-05 14:11:49"}
{"level":"info","message":"GET /order/order_state_count 6 2019-05-05 14:14:13","timestamp":"2019-05-05 14:14:13"}
{"level":"info","message":"GET /area 15 2019-05-05 14:14:13","timestamp":"2019-05-05 14:14:13"}
{"level":"info","message":"GET /table/list 11 2019-05-05 14:14:13","timestamp":"2019-05-05 14:14:13"}
{"level":"info","message":"GET /order/detail 8 2019-05-05 14:14:17","timestamp":"2019-05-05 14:14:17"}
{"level":"info","message":"GET /order/get_order_test 3 2019-05-05 14:14:17","timestamp":"2019-05-05 14:14:17"}
{"level":"info","message":"GET /article/family_list 2 2019-05-05 14:14:18","timestamp":"2019-05-05 14:14:18"}
{"level":"info","message":"GET /order/detail 6 2019-05-05 14:14:18","timestamp":"2019-05-05 14:14:18"}
{"level":"info","message":"GET /article/article_list 10 2019-05-05 14:14:18","timestamp":"2019-05-05 14:14:18"}
{"level":"info","message":"GET /article/article_list 7 2019-05-05 14:14:19","timestamp":"2019-05-05 14:14:19"}
{"level":"info","message":"GET /article/article_list 7 2019-05-05 14:14:21","timestamp":"2019-05-05 14:14:21"}
{"level":"info","message":"GET /article/article_list 10 2019-05-05 14:14:21","timestamp":"2019-05-05 14:14:21"}
{"level":"info","message":"GET /article/price 35 2019-05-05 14:14:22","timestamp":"2019-05-05 14:14:22"}
{"level":"info","message":"GET /article/article_list 8 2019-05-05 14:14:23","timestamp":"2019-05-05 14:14:23"}
{"level":"info","message":"GET /article/unit_list 19 2019-05-05 14:14:24","timestamp":"2019-05-05 14:14:24"}
{"level":"info","message":"GET /article/unit_list 1 2019-05-05 14:14:31","timestamp":"2019-05-05 14:14:31"}
{"level":"info","message":"GET /order/order_state_count 10 2019-05-05 14:16:01","timestamp":"2019-05-05 14:16:01"}
{"level":"info","message":"GET /area 9 2019-05-05 14:16:01","timestamp":"2019-05-05 14:16:01"}
{"level":"info","message":"GET /table/list 9 2019-05-05 14:16:01","timestamp":"2019-05-05 14:16:01"}
{"level":"info","message":"POST /bindTable 66 2019-05-05 14:16:12","timestamp":"2019-05-05 14:16:12"}
{"level":"info","message":"GET /article/family_list 2 2019-05-05 14:16:12","timestamp":"2019-05-05 14:16:12"}
{"level":"info","message":"GET /order/detail 8 2019-05-05 14:16:12","timestamp":"2019-05-05 14:16:12"}
{"level":"info","message":"GET /article/article_list 14 2019-05-05 14:16:12","timestamp":"2019-05-05 14:16:12"}
{"level":"info","message":"GET /system/info 10 2019-05-05 14:18:22","timestamp":"2019-05-05 14:18:22"}
{"level":"info","message":"GET /article/family_list 3 2019-05-05 14:18:22","timestamp":"2019-05-05 14:18:22"}
{"level":"info","message":"GET /order/detail 7 2019-05-05 14:18:22","timestamp":"2019-05-05 14:18:22"}
{"level":"info","message":"GET /article/article_list 14 2019-05-05 14:18:23","timestamp":"2019-05-05 14:18:23"}
{"level":"info","message":"GET /order/order_state_count 5 2019-05-05 14:18:31","timestamp":"2019-05-05 14:18:31"}
{"level":"info","message":"GET /area 2 2019-05-05 14:18:31","timestamp":"2019-05-05 14:18:31"}
{"level":"info","message":"GET /table/list 6 2019-05-05 14:18:31","timestamp":"2019-05-05 14:18:31"}
{"level":"info","message":"GET /order/detail 5 2019-05-05 14:18:31","timestamp":"2019-05-05 14:18:31"}
{"level":"info","message":"GET /order/get_order_test 3 2019-05-05 14:18:32","timestamp":"2019-05-05 14:18:32"}
{"level":"info","message":"GET /order/get_order_test 3 2019-05-05 14:18:32","timestamp":"2019-05-05 14:18:32"}
{"level":"info","message":"GET /order/detail 5 2019-05-05 14:18:36","timestamp":"2019-05-05 14:18:36"}
{"level":"info","message":"GET /order/get_order_test 3 2019-05-05 14:18:37","timestamp":"2019-05-05 14:18:37"}
{"level":"info","message":"GET /article/family_list 2 2019-05-05 14:18:42","timestamp":"2019-05-05 14:18:42"}
{"level":"info","message":"GET /order/detail 18 2019-05-05 14:18:42","timestamp":"2019-05-05 14:18:42"}
{"level":"info","message":"GET /article/article_list 14 2019-05-05 14:18:42","timestamp":"2019-05-05 14:18:42"}
{"level":"info","message":"GET /order/order_state_count 4 2019-05-05 14:18:51","timestamp":"2019-05-05 14:18:51"}
{"level":"info","message":"GET /area 3 2019-05-05 14:18:51","timestamp":"2019-05-05 14:18:51"}
{"level":"info","message":"GET /table/list 4 2019-05-05 14:18:51","timestamp":"2019-05-05 14:18:51"}
{"level":"info","message":"GET /order/detail 9 2019-05-05 14:18:53","timestamp":"2019-05-05 14:18:53"}
{"level":"info","message":"GET /order/get_order_test 3 2019-05-05 14:18:54","timestamp":"2019-05-05 14:18:54"}
{"level":"info","message":"GET /order/detail 8 2019-05-05 14:26:43","timestamp":"2019-05-05 14:26:43"}
{"level":"info","message":"GET /order/detail 12 2019-05-05 14:27:32","timestamp":"2019-05-05 14:27:32"}
{"level":"info","message":"GET /article/family_list 3 2019-05-05 14:27:46","timestamp":"2019-05-05 14:27:46"}
{"level":"info","message":"GET /order/detail 7 2019-05-05 14:27:46","timestamp":"2019-05-05 14:27:46"}
{"level":"info","message":"GET /article/article_list 29 2019-05-05 14:27:46","timestamp":"2019-05-05 14:27:46"}
{"level":"error","message":"==mqtt==close==你已断开连接,异常退出","timestamp":"2019-05-05 14:49:07"}
{"level":"info","message":"mqtt成功连接到：ws://test.emq.restoplus.cn:8083/mqtt","timestamp":"2019-05-05 14:50:06"}
{"level":"info","message":"订阅成功--$queue/winPos/+/2f83afee7a0e4822a6729145dd53af33/d2ff1bbb8c6f4fd8adb3949f76f8c1b6/+/+/+","timestamp":"2019-05-05 14:50:17"}
{"level":"info","message":"允许接收的平台=>posAdmin-dev,resto-dev","timestamp":"2019-05-05 14:50:17"}
{"level":"error","message":"==mqtt==close==你已断开连接,正常退出","timestamp":"2019-05-05 14:50:52"}
{"level":"error","message":"==mqtt==reconnect==正在尝试重新连接","timestamp":"2019-05-05 14:51:07"}
{"level":"info","message":"mqtt成功连接到：ws://test.emq.restoplus.cn:8083/mqtt","timestamp":"2019-05-05 14:51:07"}
{"level":"info","message":"订阅成功--$queue/winPos/+/2f83afee7a0e4822a6729145dd53af33/d2ff1bbb8c6f4fd8adb3949f76f8c1b6/+/+/+","timestamp":"2019-05-05 14:51:07"}
{"level":"info","message":"允许接收的平台=>posAdmin-dev,resto-dev","timestamp":"2019-05-05 14:51:07"}
{"level":"info","message":"GET /system/info 340 2019-05-05 14:51:31","timestamp":"2019-05-05 14:51:31"}
{"level":"info","message":"GET /article/family_list 8 2019-05-05 14:51:31","timestamp":"2019-05-05 14:51:31"}
{"level":"info","message":"GET /order/detail 24 2019-05-05 14:51:31","timestamp":"2019-05-05 14:51:31"}
{"level":"info","message":"GET /article/article_list 43 2019-05-05 14:51:31","timestamp":"2019-05-05 14:51:31"}
{"level":"info","message":"GET /article/article_list 9 2019-05-05 14:51:35","timestamp":"2019-05-05 14:51:35"}
{"level":"info","message":"GET /article/unit_list 77 2019-05-05 14:51:36","timestamp":"2019-05-05 14:51:36"}
{"level":"info","message":"GET /article/unit_list 2 2019-05-05 14:51:38","timestamp":"2019-05-05 14:51:38"}
{"level":"info","message":"GET /order/order_state_count 13 2019-05-05 14:51:42","timestamp":"2019-05-05 14:51:42"}
{"level":"info","message":"GET /area 32 2019-05-05 14:51:42","timestamp":"2019-05-05 14:51:42"}
{"level":"info","message":"GET /table/list 56 2019-05-05 14:51:42","timestamp":"2019-05-05 14:51:42"}
{"level":"info","message":"GET /order/detail 37 2019-05-05 14:51:44","timestamp":"2019-05-05 14:51:44"}
{"level":"info","message":"GET /order/get_order_test 4 2019-05-05 14:51:45","timestamp":"2019-05-05 14:51:45"}
{"level":"info","message":"GET /order/discount_info 2 2019-05-05 14:51:46","timestamp":"2019-05-05 14:51:46"}
{"level":"info","message":"GET /order/detail 9 2019-05-05 14:51:46","timestamp":"2019-05-05 14:51:46"}
{"level":"info","message":"GET /order/detail 6 2019-05-05 14:51:46","timestamp":"2019-05-05 14:51:46"}
{"level":"info","message":"GET /order/order_items 8 2019-05-05 14:51:46","timestamp":"2019-05-05 14:51:46"}
{"level":"info","message":"GET /order/order_state_count 7 2019-05-05 14:51:49","timestamp":"2019-05-05 14:51:49"}
{"level":"info","message":"GET /area 6 2019-05-05 14:51:49","timestamp":"2019-05-05 14:51:49"}
{"level":"info","message":"GET /table/list 7 2019-05-05 14:51:49","timestamp":"2019-05-05 14:51:49"}
{"level":"info","message":"GET /order/detail 7 2019-05-05 14:51:51","timestamp":"2019-05-05 14:51:51"}
{"level":"info","message":"GET /order/get_order_test 3 2019-05-05 14:51:52","timestamp":"2019-05-05 14:51:52"}
{"level":"info","message":"GET /order/discount_info 3 2019-05-05 14:51:52","timestamp":"2019-05-05 14:51:52"}
{"level":"info","message":"GET /order/order_items 19 2019-05-05 14:51:52","timestamp":"2019-05-05 14:51:52"}
{"level":"info","message":"GET /order/detail 20 2019-05-05 14:51:52","timestamp":"2019-05-05 14:51:52"}
{"level":"info","message":"GET /order/detail 6 2019-05-05 14:51:52","timestamp":"2019-05-05 14:51:52"}
{"level":"info","message":"GET /order/order_state_count 7 2019-05-05 14:52:00","timestamp":"2019-05-05 14:52:00"}
{"level":"info","message":"GET /area 6 2019-05-05 14:52:00","timestamp":"2019-05-05 14:52:00"}
{"level":"info","message":"GET /table/list 7 2019-05-05 14:52:00","timestamp":"2019-05-05 14:52:00"}
{"level":"info","message":"GET /order/detail 7 2019-05-05 14:52:02","timestamp":"2019-05-05 14:52:02"}
{"level":"info","message":"GET /order/get_order_test 3 2019-05-05 14:52:02","timestamp":"2019-05-05 14:52:02"}
{"level":"info","message":"GET /order/discount_info 3 2019-05-05 14:52:04","timestamp":"2019-05-05 14:52:04"}
{"level":"info","message":"GET /order/order_items 14 2019-05-05 14:52:04","timestamp":"2019-05-05 14:52:04"}
{"level":"info","message":"GET /order/detail 14 2019-05-05 14:52:04","timestamp":"2019-05-05 14:52:04"}
{"level":"info","message":"GET /order/detail 6 2019-05-05 14:52:04","timestamp":"2019-05-05 14:52:04"}
{"level":"info","message":"GET /system/info 7 2019-05-05 14:57:44","timestamp":"2019-05-05 14:57:44"}
{"level":"info","message":"GET /order/discount_info 3 2019-05-05 14:57:45","timestamp":"2019-05-05 14:57:45"}
{"level":"info","message":"GET /order/detail 12 2019-05-05 14:57:45","timestamp":"2019-05-05 14:57:45"}
{"level":"info","message":"GET /order/detail 7 2019-05-05 14:57:45","timestamp":"2019-05-05 14:57:45"}
{"level":"info","message":"GET /order/order_items 6 2019-05-05 14:57:45","timestamp":"2019-05-05 14:57:45"}
{"level":"info","message":"GET /order/order_state_count 5 2019-05-05 14:57:47","timestamp":"2019-05-05 14:57:47"}
{"level":"info","message":"GET /area 6 2019-05-05 14:57:47","timestamp":"2019-05-05 14:57:47"}
{"level":"info","message":"GET /table/list 6 2019-05-05 14:57:47","timestamp":"2019-05-05 14:57:47"}
{"level":"info","message":"GET /order/detail 6 2019-05-05 14:57:48","timestamp":"2019-05-05 14:57:48"}
{"level":"info","message":"GET /order/get_order_test 4 2019-05-05 14:57:49","timestamp":"2019-05-05 14:57:49"}
{"level":"info","message":"GET /order/discount_info 2 2019-05-05 14:57:50","timestamp":"2019-05-05 14:57:50"}
{"level":"info","message":"GET /order/order_items 14 2019-05-05 14:57:50","timestamp":"2019-05-05 14:57:50"}
{"level":"info","message":"GET /order/detail 13 2019-05-05 14:57:50","timestamp":"2019-05-05 14:57:50"}
{"level":"info","message":"GET /order/detail 6 2019-05-05 14:57:50","timestamp":"2019-05-05 14:57:50"}
{"level":"info","message":"GET /order/order_state_count 9 2019-05-05 14:57:54","timestamp":"2019-05-05 14:57:54"}
{"level":"info","message":"GET /area 7 2019-05-05 14:57:54","timestamp":"2019-05-05 14:57:54"}
{"level":"info","message":"GET /table/list 7 2019-05-05 14:57:54","timestamp":"2019-05-05 14:57:54"}
{"level":"info","message":"GET /order/detail 7 2019-05-05 14:57:55","timestamp":"2019-05-05 14:57:55"}
{"level":"info","message":"GET /order/get_order_test 3 2019-05-05 14:57:55","timestamp":"2019-05-05 14:57:55"}
{"level":"info","message":"GET /order/order_items 10 2019-05-05 14:57:56","timestamp":"2019-05-05 14:57:56"}
{"level":"info","message":"GET /order/discount_info 2 2019-05-05 14:57:56","timestamp":"2019-05-05 14:57:56"}
{"level":"info","message":"GET /order/detail 12 2019-05-05 14:57:56","timestamp":"2019-05-05 14:57:56"}
{"level":"info","message":"GET /order/detail 6 2019-05-05 14:57:56","timestamp":"2019-05-05 14:57:56"}
{"level":"info","message":"GET /order/order_items 8 2019-05-05 15:22:30","timestamp":"2019-05-05 15:22:30"}
{"level":"info","message":"GET /order/detail 6 2019-05-05 15:22:30","timestamp":"2019-05-05 15:22:30"}
{"level":"info","message":"GET /order/detail 6 2019-05-05 15:22:30","timestamp":"2019-05-05 15:22:30"}
{"level":"info","message":"GET /order/discount_info 1 2019-05-05 15:22:30","timestamp":"2019-05-05 15:22:30"}
{"level":"info","message":"GET /system/info 4 2019-05-05 15:22:31","timestamp":"2019-05-05 15:22:31"}
{"level":"info","message":"GET /order/discount_info 2 2019-05-05 15:22:31","timestamp":"2019-05-05 15:22:31"}
{"level":"info","message":"GET /order/detail 11 2019-05-05 15:22:31","timestamp":"2019-05-05 15:22:31"}
{"level":"info","message":"GET /order/detail 8 2019-05-05 15:22:31","timestamp":"2019-05-05 15:22:31"}
{"level":"info","message":"GET /order/order_items 5 2019-05-05 15:22:32","timestamp":"2019-05-05 15:22:32"}
{"level":"info","message":"mqtt成功连接到：ws://test.emq.restoplus.cn:8083/mqtt","timestamp":"2019-05-05 15:23:43"}
{"level":"info","message":"订阅成功--$queue/winPos/+/2f83afee7a0e4822a6729145dd53af33/d2ff1bbb8c6f4fd8adb3949f76f8c1b6/+/+/+","timestamp":"2019-05-05 15:23:44"}
{"level":"info","message":"允许接收的平台=>posAdmin-dev,resto-dev","timestamp":"2019-05-05 15:23:44"}
{"level":"error","message":"resource \"GET:/b26b06d6fed1f205917e.hot-update.json\" not found","timestamp":"2019-05-05 15:24:25"}
{"level":"info","message":"GET /b26b06d6fed1f205917e.hot-update.json 6 2019-05-05 15:24:25","timestamp":"2019-05-05 15:24:25"}
{"level":"info","message":"GET /system/info 86 2019-05-05 15:24:49","timestamp":"2019-05-05 15:24:49"}
{"level":"info","message":"GET /order/discount_info 19 2019-05-05 15:24:50","timestamp":"2019-05-05 15:24:50"}
{"level":"info","message":"GET /order/detail 34 2019-05-05 15:24:50","timestamp":"2019-05-05 15:24:50"}
{"level":"info","message":"GET /order/detail 7 2019-05-05 15:24:50","timestamp":"2019-05-05 15:24:50"}
{"level":"info","message":"GET /order/order_items 10 2019-05-05 15:24:50","timestamp":"2019-05-05 15:24:50"}
{"level":"info","message":"GET /order/order_state_count 37 2019-05-05 15:24:53","timestamp":"2019-05-05 15:24:53"}
{"level":"info","message":"GET /area 585 2019-05-05 15:24:53","timestamp":"2019-05-05 15:24:53"}
{"level":"info","message":"GET /table/list 596 2019-05-05 15:24:53","timestamp":"2019-05-05 15:24:53"}
{"level":"info","message":"GET /order/detail 8 2019-05-05 15:24:55","timestamp":"2019-05-05 15:24:55"}
{"level":"info","message":"GET /order/get_order_test 45 2019-05-05 15:24:56","timestamp":"2019-05-05 15:24:56"}
{"level":"info","message":"GET /order/detail 10 2019-05-05 15:25:54","timestamp":"2019-05-05 15:25:54"}
{"level":"error","message":"TypeError: Class constructor BadRequestError cannot be invoked without 'new'\n    at /Users/chintec/Documents/node/resto-newpos/controller/web/order.js:899:40\n    at /Users/chintec/Documents/node/resto-newpos/model/web/customSql.js:31:16\n    at tryCatcher (/Users/chintec/Documents/node/resto-newpos/node_modules/bluebird/js/release/util.js:16:23)\n    at Promise._settlePromiseFromHandler (/Users/chintec/Documents/node/resto-newpos/node_modules/bluebird/js/release/promise.js:512:31)\n    at Promise._settlePromise (/Users/chintec/Documents/node/resto-newpos/node_modules/bluebird/js/release/promise.js:569:18)\n    at Promise._settlePromise0 (/Users/chintec/Documents/node/resto-newpos/node_modules/bluebird/js/release/promise.js:614:10)\n    at Promise._settlePromises (/Users/chintec/Documents/node/resto-newpos/node_modules/bluebird/js/release/promise.js:694:18)\n    at _drainQueueStep (/Users/chintec/Documents/node/resto-newpos/node_modules/bluebird/js/release/async.js:138:12)\n    at _drainQueue (/Users/chintec/Documents/node/resto-newpos/node_modules/bluebird/js/release/async.js:131:9)\n    at Async._drainQueues (/Users/chintec/Documents/node/resto-newpos/node_modules/bluebird/js/release/async.js:147:5)\n    at Immediate.Async.drainQueues (/Users/chintec/Documents/node/resto-newpos/node_modules/bluebird/js/release/async.js:17:14)\n    at runCallback (timers.js:789:20)\n    at tryOnImmediate (timers.js:751:5)\n    at processImmediate [as _immediateCallback] (timers.js:722:5)","timestamp":"2019-05-05 15:25:57"}
{"level":"info","message":"GET /order/cancel 6 2019-05-05 15:25:57","timestamp":"2019-05-05 15:25:57"}
{"level":"info","message":"GET /system/info 6 2019-05-05 15:26:18","timestamp":"2019-05-05 15:26:18"}
{"level":"info","message":"GET /order/order_state_count 11 2019-05-05 15:26:18","timestamp":"2019-05-05 15:26:18"}
{"level":"info","message":"GET /area 8 2019-05-05 15:26:18","timestamp":"2019-05-05 15:26:18"}
{"level":"info","message":"GET /table/list 11 2019-05-05 15:26:18","timestamp":"2019-05-05 15:26:18"}
{"level":"info","message":"GET /order/detail 25 2019-05-05 15:26:18","timestamp":"2019-05-05 15:26:18"}
{"level":"info","message":"GET /order/get_order_test 6 2019-05-05 15:26:19","timestamp":"2019-05-05 15:26:19"}
{"level":"info","message":"GET /remark/order/refund 24 2019-05-05 15:26:22","timestamp":"2019-05-05 15:26:22"}
{"level":"info","message":"GET /order/pay 4 2019-05-05 15:30:47","timestamp":"2019-05-05 15:30:47"}
{"level":"info","message":"GET /order/detail 8 2019-05-05 15:30:47","timestamp":"2019-05-05 15:30:47"}
{"level":"info","message":"GET /order/get_order_test 3 2019-05-05 15:30:48","timestamp":"2019-05-05 15:30:48"}
{"level":"info","message":"GET /table/list 5 2019-05-05 15:30:49","timestamp":"2019-05-05 15:30:49"}
{"level":"info","message":"GET /order/detail 7 2019-05-05 15:30:52","timestamp":"2019-05-05 15:30:52"}
{"level":"info","message":"GET /order/get_order_test 3 2019-05-05 15:30:53","timestamp":"2019-05-05 15:30:53"}
{"level":"info","message":"GET /order/wait_order 5 2019-05-05 15:31:00","timestamp":"2019-05-05 15:31:00"}
{"level":"info","message":"GET /order/detail 5 2019-05-05 15:31:00","timestamp":"2019-05-05 15:31:00"}
{"level":"info","message":"GET /order/get_order_test 4 2019-05-05 15:31:01","timestamp":"2019-05-05 15:31:01"}
{"level":"info","message":"GET /order/no_pay 3 2019-05-05 15:31:03","timestamp":"2019-05-05 15:31:03"}
{"level":"info","message":"GET /order/detail 21 2019-05-05 15:31:04","timestamp":"2019-05-05 15:31:04"}
{"level":"info","message":"GET /order/get_order_test 3 2019-05-05 15:31:04","timestamp":"2019-05-05 15:31:04"}
{"level":"info","message":"GET /order/pay 4 2019-05-05 15:31:06","timestamp":"2019-05-05 15:31:06"}
{"level":"info","message":"GET /order/detail 9 2019-05-05 15:31:06","timestamp":"2019-05-05 15:31:06"}
{"level":"info","message":"GET /order/get_order_test 5 2019-05-05 15:31:06","timestamp":"2019-05-05 15:31:06"}
{"level":"info","message":"mqtt成功连接到：ws://test.emq.restoplus.cn:8083/mqtt","timestamp":"2019-05-05 15:31:59"}
{"level":"info","message":"订阅成功--$queue/winPos/+/2f83afee7a0e4822a6729145dd53af33/d2ff1bbb8c6f4fd8adb3949f76f8c1b6/+/+/+","timestamp":"2019-05-05 15:31:59"}
{"level":"info","message":"允许接收的平台=>posAdmin-dev,resto-dev","timestamp":"2019-05-05 15:31:59"}
{"level":"error","message":"resource \"GET:/083d67681e3f18abedc3.hot-update.json\" not found","timestamp":"2019-05-05 15:32:37"}
{"level":"info","message":"GET /083d67681e3f18abedc3.hot-update.json 4 2019-05-05 15:32:37","timestamp":"2019-05-05 15:32:37"}
{"level":"info","message":"mqtt成功连接到：ws://test.emq.restoplus.cn:8083/mqtt","timestamp":"2019-05-05 15:59:42"}
{"level":"info","message":"订阅成功--$queue/winPos/+/2f83afee7a0e4822a6729145dd53af33/d2ff1bbb8c6f4fd8adb3949f76f8c1b6/+/+/+","timestamp":"2019-05-05 15:59:42"}
{"level":"info","message":"允许接收的平台=>posAdmin-dev,resto-dev","timestamp":"2019-05-05 15:59:42"}
{"level":"info","message":"GET /system/info 95 2019-05-05 16:10:01","timestamp":"2019-05-05 16:10:01"}
{"level":"info","message":"GET /order/order_state_count 42 2019-05-05 16:10:02","timestamp":"2019-05-05 16:10:02"}
{"level":"info","message":"GET /area 41 2019-05-05 16:10:02","timestamp":"2019-05-05 16:10:02"}
{"level":"info","message":"GET /table/list 45 2019-05-05 16:10:02","timestamp":"2019-05-05 16:10:02"}
{"level":"info","message":"GET /order/pay 5 2019-05-05 16:14:52","timestamp":"2019-05-05 16:14:52"}
{"level":"info","message":"GET /order/detail 359 2019-05-05 16:14:52","timestamp":"2019-05-05 16:14:52"}
{"level":"info","message":"GET /order/get_order_test 21 2019-05-05 16:14:52","timestamp":"2019-05-05 16:14:52"}
{"level":"info","message":"GET /table/list 6 2019-05-05 16:16:28","timestamp":"2019-05-05 16:16:28"}
{"level":"info","message":"GET /order/pay 4 2019-05-05 16:16:31","timestamp":"2019-05-05 16:16:31"}
{"level":"info","message":"GET /order/detail 10 2019-05-05 16:16:32","timestamp":"2019-05-05 16:16:32"}
{"level":"info","message":"GET /order/get_order_test 4 2019-05-05 16:16:32","timestamp":"2019-05-05 16:16:32"}
{"level":"info","message":"GET /table/list 5 2019-05-05 16:16:35","timestamp":"2019-05-05 16:16:35"}
{"level":"info","message":"GET /order/pay 3 2019-05-05 16:16:39","timestamp":"2019-05-05 16:16:39"}
{"level":"info","message":"GET /order/detail 7 2019-05-05 16:16:39","timestamp":"2019-05-05 16:16:39"}
{"level":"info","message":"GET /order/get_order_test 5 2019-05-05 16:16:39","timestamp":"2019-05-05 16:16:39"}
{"level":"info","message":"GET /order/wait_order 6 2019-05-05 16:16:41","timestamp":"2019-05-05 16:16:41"}
{"level":"info","message":"GET /order/detail 7 2019-05-05 16:16:41","timestamp":"2019-05-05 16:16:41"}
{"level":"info","message":"GET /order/get_order_test 3 2019-05-05 16:16:42","timestamp":"2019-05-05 16:16:42"}
{"level":"info","message":"GET /order/no_pay 5 2019-05-05 16:16:43","timestamp":"2019-05-05 16:16:43"}
{"level":"info","message":"GET /order/detail 7 2019-05-05 16:16:43","timestamp":"2019-05-05 16:16:43"}
{"level":"info","message":"GET /order/get_order_test 4 2019-05-05 16:16:44","timestamp":"2019-05-05 16:16:44"}
{"level":"info","message":"GET /order/pay 5 2019-05-05 16:16:44","timestamp":"2019-05-05 16:16:44"}
{"level":"info","message":"GET /order/detail 9 2019-05-05 16:16:44","timestamp":"2019-05-05 16:16:44"}
{"level":"info","message":"GET /order/get_order_test 3 2019-05-05 16:16:45","timestamp":"2019-05-05 16:16:45"}
{"level":"error","message":"==mqtt==close==你已断开连接,异常退出","timestamp":"2019-05-05 17:01:53"}
{"level":"error","message":"==mqtt==reconnect==正在尝试重新连接","timestamp":"2019-05-05 17:02:08"}
{"level":"info","message":"mqtt成功连接到：ws://test.emq.restoplus.cn:8083/mqtt","timestamp":"2019-05-05 17:02:08"}
{"level":"info","message":"订阅成功--$queue/winPos/+/2f83afee7a0e4822a6729145dd53af33/d2ff1bbb8c6f4fd8adb3949f76f8c1b6/+/+/+","timestamp":"2019-05-05 17:02:08"}
{"level":"info","message":"允许接收的平台=>posAdmin-dev,resto-dev","timestamp":"2019-05-05 17:02:08"}
{"level":"info","message":"mqtt成功连接到：ws://test.emq.restoplus.cn:8083/mqtt","timestamp":"2019-05-05 18:39:52"}
{"level":"info","message":"订阅成功--$queue/winPos/+/2f83afee7a0e4822a6729145dd53af33/d2ff1bbb8c6f4fd8adb3949f76f8c1b6/+/+/+","timestamp":"2019-05-05 18:39:52"}
{"level":"info","message":"允许接收的平台=>posAdmin-dev,resto-dev","timestamp":"2019-05-05 18:39:52"}
{"level":"info","message":"GET /system/info 260 2019-05-05 18:40:56","timestamp":"2019-05-05 18:40:56"}
{"level":"info","message":"GET /order/order_state_count 52 2019-05-05 18:40:59","timestamp":"2019-05-05 18:40:59"}
{"level":"info","message":"GET /area 28 2019-05-05 18:40:59","timestamp":"2019-05-05 18:40:59"}
{"level":"info","message":"GET /table/list 44 2019-05-05 18:40:59","timestamp":"2019-05-05 18:40:59"}
{"level":"info","message":"GET /order/detail 58 2019-05-05 18:40:59","timestamp":"2019-05-05 18:40:59"}
{"level":"info","message":"GET /order/pay 6 2019-05-05 18:41:03","timestamp":"2019-05-05 18:41:03"}
{"level":"info","message":"GET /order/detail 8 2019-05-05 18:41:03","timestamp":"2019-05-05 18:41:03"}
{"level":"info","message":"GET /order/get_order_test 65 2019-05-05 18:41:03","timestamp":"2019-05-05 18:41:03"}
{"level":"info","message":"GET /table/list 7 2019-05-05 18:41:05","timestamp":"2019-05-05 18:41:05"}
{"level":"info","message":"GET /order/pay 3 2019-05-05 18:41:05","timestamp":"2019-05-05 18:41:05"}
{"level":"info","message":"GET /order/detail 7 2019-05-05 18:41:05","timestamp":"2019-05-05 18:41:05"}
{"level":"info","message":"GET /order/get_order_test 4 2019-05-05 18:41:06","timestamp":"2019-05-05 18:41:06"}
{"level":"info","message":"GET /remark/order/refund 96 2019-05-05 18:41:11","timestamp":"2019-05-05 18:41:11"}
