{"level":"info","message":"mqtt成功连接到：ws://test.emq.restoplus.cn:8083/mqtt","timestamp":"2019-05-24 10:22:10"}
{"level":"info","message":"订阅成功--$queue/winPos/+/2f83afee7a0e4822a6729145dd53af33/63325014c50b4b16a81e50b3623f8d96/+/+/+","timestamp":"2019-05-24 10:22:11"}
{"level":"info","message":"允许接收的平台=>posAdmin-dev,resto-dev","timestamp":"2019-05-24 10:22:11"}
{"level":"info","message":"GET /system/info 123 2019-05-24 10:25:12","timestamp":"2019-05-24 10:25:12"}
{"level":"info","message":"GET /order/order_state_count 58 2019-05-24 10:25:14","timestamp":"2019-05-24 10:25:14"}
{"level":"info","message":"GET /table/list 129 2019-05-24 10:25:14","timestamp":"2019-05-24 10:25:14"}
{"level":"info","message":"GET /area 130 2019-05-24 10:25:14","timestamp":"2019-05-24 10:25:14"}
{"level":"info","message":"GET /system/info 11 2019-05-24 11:11:46","timestamp":"2019-05-24 11:11:46"}
{"level":"info","message":"GET /order/order_state_count 9 2019-05-24 11:11:46","timestamp":"2019-05-24 11:11:46"}
{"level":"info","message":"GET /area 10 2019-05-24 11:11:46","timestamp":"2019-05-24 11:11:46"}
{"level":"info","message":"GET /table/list 12 2019-05-24 11:11:46","timestamp":"2019-05-24 11:11:46"}
{"level":"info","message":"GET /system/info 5 2019-05-24 11:15:38","timestamp":"2019-05-24 11:15:38"}
{"level":"error","message":"==mqtt==close==你已断开连接,异常退出","timestamp":"2019-05-24 13:53:49"}
{"level":"error","message":"==mqtt==reconnect==正在尝试重新连接","timestamp":"2019-05-24 13:54:04"}
{"level":"info","message":"mqtt成功连接到：ws://test.emq.restoplus.cn:8083/mqtt","timestamp":"2019-05-24 13:54:04"}
{"level":"info","message":"订阅成功--$queue/winPos/+/2f83afee7a0e4822a6729145dd53af33/63325014c50b4b16a81e50b3623f8d96/+/+/+","timestamp":"2019-05-24 13:54:04"}
{"level":"info","message":"允许接收的平台=>posAdmin-dev,resto-dev","timestamp":"2019-05-24 13:54:04"}
{"level":"info","message":"GET /system/info 268 2019-05-24 14:00:09","timestamp":"2019-05-24 14:00:09"}
{"level":"info","message":"GET /system/info 7 2019-05-24 14:01:04","timestamp":"2019-05-24 14:01:04"}
{"level":"info","message":"GET /system/info 2 2019-05-24 14:01:31","timestamp":"2019-05-24 14:01:31"}
{"level":"info","message":"GET /system/info 12 2019-05-24 14:02:27","timestamp":"2019-05-24 14:02:27"}
{"level":"info","message":"GET /system/info 5 2019-05-24 14:24:54","timestamp":"2019-05-24 14:24:54"}
{"level":"info","message":"GET /system/info 4 2019-05-24 14:26:03","timestamp":"2019-05-24 14:26:03"}
{"level":"info","message":"GET /system/info 6 2019-05-24 14:29:24","timestamp":"2019-05-24 14:29:24"}
{"level":"info","message":"GET /system/info 3 2019-05-24 14:29:34","timestamp":"2019-05-24 14:29:34"}
{"level":"info","message":"GET /system/info 6 2019-05-24 14:33:29","timestamp":"2019-05-24 14:33:29"}
{"level":"info","message":"GET /system/info 6 2019-05-24 14:34:21","timestamp":"2019-05-24 14:34:21"}
{"level":"info","message":"GET /system/info 2 2019-05-24 14:34:44","timestamp":"2019-05-24 14:34:44"}
{"level":"info","message":"GET /system/info 4 2019-05-24 14:35:42","timestamp":"2019-05-24 14:35:42"}
{"level":"info","message":"GET /system/info 9 2019-05-24 14:37:58","timestamp":"2019-05-24 14:37:58"}
{"level":"info","message":"GET /system/info 8 2019-05-24 14:39:05","timestamp":"2019-05-24 14:39:05"}
{"level":"info","message":"GET /system/info 8 2019-05-24 14:39:46","timestamp":"2019-05-24 14:39:46"}
{"level":"info","message":"GET /system/info 5 2019-05-24 14:40:37","timestamp":"2019-05-24 14:40:37"}
{"level":"info","message":"GET /system/info 5 2019-05-24 14:43:17","timestamp":"2019-05-24 14:43:17"}
{"level":"info","message":"GET /system/info 5 2019-05-24 14:43:54","timestamp":"2019-05-24 14:43:54"}
{"level":"info","message":"GET /system/info 14 2019-05-24 14:44:38","timestamp":"2019-05-24 14:44:38"}
{"level":"info","message":"GET /system/info 254 2019-05-24 14:48:05","timestamp":"2019-05-24 14:48:05"}
{"level":"info","message":"GET /system/info 5 2019-05-24 14:48:18","timestamp":"2019-05-24 14:48:18"}
{"level":"info","message":"GET /system/info 3 2019-05-24 14:50:31","timestamp":"2019-05-24 14:50:31"}
{"level":"info","message":"GET /system/info 5 2019-05-24 14:53:34","timestamp":"2019-05-24 14:53:34"}
{"level":"info","message":"GET /system/info 71 2019-05-24 14:56:54","timestamp":"2019-05-24 14:56:54"}
{"level":"info","message":"GET /system/info 3 2019-05-24 14:57:07","timestamp":"2019-05-24 14:57:07"}
{"level":"info","message":"GET /system/info 8 2019-05-24 15:01:30","timestamp":"2019-05-24 15:01:30"}
{"level":"info","message":"GET /system/info 2 2019-05-24 15:03:47","timestamp":"2019-05-24 15:03:47"}
{"level":"info","message":"mqtt成功连接到：ws://test.emq.restoplus.cn:8083/mqtt","timestamp":"2019-05-24 15:09:45"}
{"level":"info","message":"订阅成功--$queue/winPos/+/2f83afee7a0e4822a6729145dd53af33/63325014c50b4b16a81e50b3623f8d96/+/+/+","timestamp":"2019-05-24 15:09:45"}
{"level":"info","message":"允许接收的平台=>posAdmin-dev,resto-dev","timestamp":"2019-05-24 15:09:45"}
{"level":"error","message":"==mqtt==close==你已断开连接,异常退出","timestamp":"2019-05-24 15:10:19"}
{"level":"error","message":"ServiceUnavailableError: Response timeout\n    at IncomingMessage.<anonymous> (/Users/chintec/Documents/node/resto-newpos/node_modules/connect-timeout/index.js:84:8)\n    at emitOne (events.js:116:13)\n    at IncomingMessage.emit (events.js:211:7)\n    at Timeout._onTimeout (/Users/chintec/Documents/node/resto-newpos/node_modules/connect-timeout/index.js:49:11)\n    at ontimeout (timers.js:475:11)\n    at tryOnTimeout (timers.js:310:5)\n    at Timer.listOnTimeout (timers.js:270:5)","timestamp":"2019-05-24 15:10:21"}
{"level":"error","message":"==mqtt==reconnect==正在尝试重新连接","timestamp":"2019-05-24 15:10:35"}
{"level":"info","message":"mqtt成功连接到：ws://test.emq.restoplus.cn:8083/mqtt","timestamp":"2019-05-24 15:10:35"}
{"level":"info","message":"订阅成功--$queue/winPos/+/2f83afee7a0e4822a6729145dd53af33/63325014c50b4b16a81e50b3623f8d96/+/+/+","timestamp":"2019-05-24 15:10:35"}
{"level":"info","message":"允许接收的平台=>posAdmin-dev,resto-dev","timestamp":"2019-05-24 15:10:35"}
{"level":"error","message":"resource \"GET:/f34ba48923e54f96fc59.hot-update.json\" not found","timestamp":"2019-05-24 15:10:49"}
{"level":"info","message":"GET /f34ba48923e54f96fc59.hot-update.json 4 2019-05-24 15:10:49","timestamp":"2019-05-24 15:10:49"}
{"level":"info","message":"mqtt成功连接到：ws://test.emq.restoplus.cn:8083/mqtt","timestamp":"2019-05-24 15:15:45"}
{"level":"info","message":"订阅成功--$queue/winPos/+/2f83afee7a0e4822a6729145dd53af33/63325014c50b4b16a81e50b3623f8d96/+/+/+","timestamp":"2019-05-24 15:15:50"}
{"level":"info","message":"允许接收的平台=>posAdmin-dev,resto-dev","timestamp":"2019-05-24 15:15:50"}
{"level":"error","message":"resource \"GET:/js/27.js\" not found","timestamp":"2019-05-24 15:29:57"}
{"level":"info","message":"GET /js/27.js 7 2019-05-24 15:29:57","timestamp":"2019-05-24 15:29:57"}
{"level":"error","message":"resource \"GET:/js/19.js\" not found","timestamp":"2019-05-24 15:29:57"}
{"level":"info","message":"GET /js/19.js 2 2019-05-24 15:29:57","timestamp":"2019-05-24 15:29:57"}
{"level":"info","message":"GET /system/info 156 2019-05-24 15:30:42","timestamp":"2019-05-24 15:30:42"}
{"level":"info","message":"GET /order/order_state_count 25 2019-05-24 15:30:43","timestamp":"2019-05-24 15:30:43"}
{"level":"info","message":"GET /area 19 2019-05-24 15:30:43","timestamp":"2019-05-24 15:30:43"}
{"level":"info","message":"GET /table/list 21 2019-05-24 15:30:43","timestamp":"2019-05-24 15:30:43"}
{"level":"info","message":"GET /table/list 3 2019-05-24 15:30:54","timestamp":"2019-05-24 15:30:54"}
{"level":"info","message":"GET /table/list 8 2019-05-24 15:30:55","timestamp":"2019-05-24 15:30:55"}
{"level":"info","message":"GET /table/list 33 2019-05-24 15:30:55","timestamp":"2019-05-24 15:30:55"}
{"level":"info","message":"GET /table/list 5 2019-05-24 15:30:55","timestamp":"2019-05-24 15:30:55"}
{"level":"info","message":"GET /table/list 3 2019-05-24 15:30:58","timestamp":"2019-05-24 15:30:58"}
{"level":"info","message":"GET /table/list 4 2019-05-24 15:30:58","timestamp":"2019-05-24 15:30:58"}
{"level":"info","message":"GET /table/list 4 2019-05-24 15:30:59","timestamp":"2019-05-24 15:30:59"}
{"level":"info","message":"GET /table/list 3 2019-05-24 15:30:59","timestamp":"2019-05-24 15:30:59"}
{"level":"info","message":"GET /system/info 9 2019-05-24 15:32:09","timestamp":"2019-05-24 15:32:09"}
{"level":"info","message":"GET /order/order_state_count 13 2019-05-24 15:32:10","timestamp":"2019-05-24 15:32:10"}
{"level":"info","message":"GET /area 9 2019-05-24 15:32:10","timestamp":"2019-05-24 15:32:10"}
{"level":"info","message":"GET /table/list 13 2019-05-24 15:32:10","timestamp":"2019-05-24 15:32:10"}
{"level":"info","message":"GET /system/info 7 2019-05-24 15:33:47","timestamp":"2019-05-24 15:33:47"}
{"level":"info","message":"GET /order/order_state_count 14 2019-05-24 15:33:47","timestamp":"2019-05-24 15:33:47"}
{"level":"info","message":"GET /area 9 2019-05-24 15:33:47","timestamp":"2019-05-24 15:33:47"}
{"level":"info","message":"GET /table/list 12 2019-05-24 15:33:47","timestamp":"2019-05-24 15:33:47"}
{"level":"info","message":"GET /system/info 7 2019-05-24 16:43:12","timestamp":"2019-05-24 16:43:12"}
{"level":"info","message":"GET /order/order_state_count 8 2019-05-24 16:43:12","timestamp":"2019-05-24 16:43:12"}
{"level":"info","message":"GET /area 7 2019-05-24 16:43:12","timestamp":"2019-05-24 16:43:12"}
{"level":"info","message":"GET /table/list 8 2019-05-24 16:43:12","timestamp":"2019-05-24 16:43:12"}
{"level":"info","message":"GET /table/list 4 2019-05-24 16:43:16","timestamp":"2019-05-24 16:43:16"}
{"level":"info","message":"GET /table/list 3 2019-05-24 16:43:16","timestamp":"2019-05-24 16:43:16"}
{"level":"info","message":"GET /table/list 4 2019-05-24 16:43:16","timestamp":"2019-05-24 16:43:16"}
{"level":"info","message":"GET /table/list 4 2019-05-24 16:43:16","timestamp":"2019-05-24 16:43:16"}
{"level":"info","message":"GET /table/list 4 2019-05-24 16:43:20","timestamp":"2019-05-24 16:43:20"}
{"level":"info","message":"GET /table/list 4 2019-05-24 16:43:20","timestamp":"2019-05-24 16:43:20"}
{"level":"info","message":"GET /table/list 4 2019-05-24 16:43:20","timestamp":"2019-05-24 16:43:20"}
{"level":"info","message":"GET /table/list 4 2019-05-24 16:43:20","timestamp":"2019-05-24 16:43:20"}
{"level":"info","message":"GET /system/info 5 2019-05-24 16:43:40","timestamp":"2019-05-24 16:43:40"}
{"level":"info","message":"GET /order/order_state_count 7 2019-05-24 16:43:41","timestamp":"2019-05-24 16:43:41"}
{"level":"info","message":"GET /area 2 2019-05-24 16:43:41","timestamp":"2019-05-24 16:43:41"}
{"level":"info","message":"GET /table/list 5 2019-05-24 16:43:41","timestamp":"2019-05-24 16:43:41"}
{"level":"info","message":"GET /table/list 5 2019-05-24 16:43:41","timestamp":"2019-05-24 16:43:41"}
{"level":"info","message":"GET /table/list 4 2019-05-24 16:43:42","timestamp":"2019-05-24 16:43:42"}
{"level":"info","message":"GET /table/list 4 2019-05-24 16:43:42","timestamp":"2019-05-24 16:43:42"}
{"level":"info","message":"GET /table/list 4 2019-05-24 16:43:43","timestamp":"2019-05-24 16:43:43"}
{"level":"info","message":"GET /table/list 4 2019-05-24 16:43:45","timestamp":"2019-05-24 16:43:45"}
{"level":"info","message":"GET /table/list 3 2019-05-24 16:43:46","timestamp":"2019-05-24 16:43:46"}
{"level":"info","message":"GET /table/list 5 2019-05-24 16:43:46","timestamp":"2019-05-24 16:43:46"}
{"level":"info","message":"GET /table/list 3 2019-05-24 16:43:46","timestamp":"2019-05-24 16:43:46"}
{"level":"info","message":"GET /table/list 5 2019-05-24 16:43:46","timestamp":"2019-05-24 16:43:46"}
{"level":"info","message":"GET /order/order_state_count 7 2019-05-24 17:01:22","timestamp":"2019-05-24 17:01:22"}
{"level":"info","message":"GET /order/no_pay 6 2019-05-24 17:01:22","timestamp":"2019-05-24 17:01:22"}
{"level":"info","message":"GET /order/detail 55 2019-05-24 17:01:23","timestamp":"2019-05-24 17:01:23"}
{"level":"info","message":"GET /order/get_order_test 25 2019-05-24 17:01:23","timestamp":"2019-05-24 17:01:23"}
{"level":"info","message":"GET /order/detail 8 2019-05-24 17:01:24","timestamp":"2019-05-24 17:01:24"}
{"level":"info","message":"GET /article/family_list 12 2019-05-24 17:01:24","timestamp":"2019-05-24 17:01:24"}
{"level":"info","message":"GET /article/article_list 76 2019-05-24 17:01:24","timestamp":"2019-05-24 17:01:24"}
{"level":"info","message":"GET /article/family_list 2 2019-05-24 17:01:42","timestamp":"2019-05-24 17:01:42"}
{"level":"info","message":"GET /article/article_list 17 2019-05-24 17:01:42","timestamp":"2019-05-24 17:01:42"}
{"level":"info","message":"GET /business/report 25 2019-05-24 17:01:48","timestamp":"2019-05-24 17:01:48"}
{"level":"info","message":"GET /article/family_list 1 2019-05-24 17:01:50","timestamp":"2019-05-24 17:01:50"}
{"level":"info","message":"GET /article/article_list 13 2019-05-24 17:01:50","timestamp":"2019-05-24 17:01:50"}
{"level":"info","message":"GET /order/order_state_count 9 2019-05-24 17:01:52","timestamp":"2019-05-24 17:01:52"}
{"level":"info","message":"GET /area 6 2019-05-24 17:01:52","timestamp":"2019-05-24 17:01:52"}
{"level":"info","message":"GET /table/list 8 2019-05-24 17:01:52","timestamp":"2019-05-24 17:01:52"}
{"level":"info","message":"GET /order/no_pay 55 2019-05-24 17:31:40","timestamp":"2019-05-24 17:31:40"}
{"level":"info","message":"GET /order/order_state_count 54 2019-05-24 17:31:40","timestamp":"2019-05-24 17:31:40"}
{"level":"info","message":"GET /order/detail 9 2019-05-24 17:31:40","timestamp":"2019-05-24 17:31:40"}
{"level":"info","message":"GET /order/get_order_test 9 2019-05-24 17:31:41","timestamp":"2019-05-24 17:31:41"}
{"level":"info","message":"GET /order/detail 8 2019-05-24 17:31:42","timestamp":"2019-05-24 17:31:42"}
{"level":"info","message":"GET /order/detail 7 2019-05-24 17:31:42","timestamp":"2019-05-24 17:31:42"}
{"level":"info","message":"GET /order/discount_info 3 2019-05-24 17:31:42","timestamp":"2019-05-24 17:31:42"}
{"level":"info","message":"GET /order/order_items 12 2019-05-24 17:31:42","timestamp":"2019-05-24 17:31:42"}
{"level":"info","message":"GET /system/info 21 2019-05-24 17:32:10","timestamp":"2019-05-24 17:32:10"}
{"level":"info","message":"GET /order/discount_info 2 2019-05-24 17:32:10","timestamp":"2019-05-24 17:32:10"}
{"level":"info","message":"GET /order/detail 15 2019-05-24 17:32:10","timestamp":"2019-05-24 17:32:10"}
{"level":"info","message":"GET /order/detail 5 2019-05-24 17:32:10","timestamp":"2019-05-24 17:32:10"}
{"level":"info","message":"GET /order/order_items 14 2019-05-24 17:32:10","timestamp":"2019-05-24 17:32:10"}
{"level":"info","message":"GET /system/info 19 2019-05-24 17:32:23","timestamp":"2019-05-24 17:32:23"}
{"level":"info","message":"GET /order/discount_info 3 2019-05-24 17:32:23","timestamp":"2019-05-24 17:32:23"}
{"level":"info","message":"GET /order/detail 12 2019-05-24 17:32:23","timestamp":"2019-05-24 17:32:23"}
{"level":"info","message":"GET /order/detail 6 2019-05-24 17:32:23","timestamp":"2019-05-24 17:32:23"}
{"level":"info","message":"GET /order/order_items 11 2019-05-24 17:32:23","timestamp":"2019-05-24 17:32:23"}
{"level":"info","message":"GET /system/info 14 2019-05-24 17:33:08","timestamp":"2019-05-24 17:33:08"}
{"level":"info","message":"GET /order/discount_info 1 2019-05-24 17:33:09","timestamp":"2019-05-24 17:33:09"}
{"level":"info","message":"GET /order/detail 16 2019-05-24 17:33:09","timestamp":"2019-05-24 17:33:09"}
{"level":"info","message":"GET /order/detail 7 2019-05-24 17:33:09","timestamp":"2019-05-24 17:33:09"}
{"level":"info","message":"GET /order/order_items 7 2019-05-24 17:33:09","timestamp":"2019-05-24 17:33:09"}
{"level":"info","message":"GET /system/info 107 2019-05-24 17:33:15","timestamp":"2019-05-24 17:33:15"}
{"level":"info","message":"GET /order/discount_info 8 2019-05-24 17:33:15","timestamp":"2019-05-24 17:33:15"}
{"level":"info","message":"GET /order/detail 19 2019-05-24 17:33:15","timestamp":"2019-05-24 17:33:15"}
{"level":"info","message":"GET /order/detail 12 2019-05-24 17:33:15","timestamp":"2019-05-24 17:33:15"}
{"level":"info","message":"GET /order/order_items 6 2019-05-24 17:33:15","timestamp":"2019-05-24 17:33:15"}
{"level":"info","message":"GET /order/order_state_count 17 2019-05-24 17:51:17","timestamp":"2019-05-24 17:51:17"}
{"level":"info","message":"GET /table/list 18 2019-05-24 17:51:17","timestamp":"2019-05-24 17:51:17"}
{"level":"info","message":"GET /area 2 2019-05-24 17:51:17","timestamp":"2019-05-24 17:51:17"}
{"level":"info","message":"POST /bind/table 16 2019-05-24 17:51:20","timestamp":"2019-05-24 17:51:20"}
{"level":"info","message":"POST /bind/table 43 2019-05-24 17:51:23","timestamp":"2019-05-24 17:51:23"}
{"level":"info","message":"GET /system/info 3 2019-05-24 17:51:25","timestamp":"2019-05-24 17:51:25"}
{"level":"info","message":"GET /order/order_state_count 9 2019-05-24 17:51:26","timestamp":"2019-05-24 17:51:26"}
{"level":"info","message":"GET /area 6 2019-05-24 17:51:26","timestamp":"2019-05-24 17:51:26"}
{"level":"info","message":"GET /table/list 7 2019-05-24 17:51:26","timestamp":"2019-05-24 17:51:26"}
{"level":"info","message":"POST /bind/table 9 2019-05-24 17:51:29","timestamp":"2019-05-24 17:51:29"}
{"level":"info","message":"POST /bind/table 46 2019-05-24 18:16:05","timestamp":"2019-05-24 18:16:05"}
{"level":"info","message":"POST /bind/table 239 2019-05-24 18:16:09","timestamp":"2019-05-24 18:16:09"}
{"level":"info","message":"GET /order/detail 16 2019-05-24 18:16:10","timestamp":"2019-05-24 18:16:10"}
{"level":"info","message":"GET /article/family_list 2 2019-05-24 18:16:10","timestamp":"2019-05-24 18:16:10"}
{"level":"info","message":"GET /article/article_list 15 2019-05-24 18:16:10","timestamp":"2019-05-24 18:16:10"}
{"level":"info","message":"GET /order/order_state_count 10 2019-05-24 18:16:11","timestamp":"2019-05-24 18:16:11"}
{"level":"info","message":"GET /area 8 2019-05-24 18:16:11","timestamp":"2019-05-24 18:16:11"}
{"level":"info","message":"GET /table/list 26 2019-05-24 18:16:11","timestamp":"2019-05-24 18:16:11"}
{"level":"info","message":"GET /order/detail 11 2019-05-24 18:16:11","timestamp":"2019-05-24 18:16:11"}
{"level":"info","message":"GET /order/get_order_test 3 2019-05-24 18:16:12","timestamp":"2019-05-24 18:16:12"}
{"level":"info","message":"GET /order/get_order_test 5 2019-05-24 18:16:12","timestamp":"2019-05-24 18:16:12"}
{"level":"info","message":"PUT /order/change_order 30 2019-05-24 18:16:23","timestamp":"2019-05-24 18:16:23"}
{"level":"info","message":"GET /table/list 7 2019-05-24 18:16:28","timestamp":"2019-05-24 18:16:28"}
{"level":"info","message":"GET /order/order_state_count 11 2019-05-24 18:16:28","timestamp":"2019-05-24 18:16:28"}
{"level":"info","message":"GET /order/detail 6 2019-05-24 18:16:28","timestamp":"2019-05-24 18:16:28"}
{"level":"info","message":"GET /order/get_order_test 3 2019-05-24 18:16:28","timestamp":"2019-05-24 18:16:28"}
{"level":"info","message":"GET /order/order_state_count 9 2019-05-24 18:16:30","timestamp":"2019-05-24 18:16:30"}
{"level":"info","message":"GET /order/wait_order 9 2019-05-24 18:16:30","timestamp":"2019-05-24 18:16:30"}
{"level":"info","message":"GET /order/detail 11 2019-05-24 18:16:30","timestamp":"2019-05-24 18:16:30"}
{"level":"info","message":"GET /order/get_order_test 3 2019-05-24 18:16:30","timestamp":"2019-05-24 18:16:30"}
{"level":"info","message":"GET /table/list 10 2019-05-24 18:16:30","timestamp":"2019-05-24 18:16:30"}
{"level":"info","message":"GET /order/order_state_count 8 2019-05-24 18:16:30","timestamp":"2019-05-24 18:16:30"}
{"level":"info","message":"GET /order/detail 7 2019-05-24 18:16:30","timestamp":"2019-05-24 18:16:30"}
{"level":"info","message":"GET /order/get_order_test 2 2019-05-24 18:16:31","timestamp":"2019-05-24 18:16:31"}
{"level":"info","message":"PUT /order/change_order 70 2019-05-24 18:16:42","timestamp":"2019-05-24 18:16:42"}
{"level":"info","message":"GET /order/wait_order 6 2019-05-24 18:16:46","timestamp":"2019-05-24 18:16:46"}
{"level":"info","message":"GET /order/order_state_count 9 2019-05-24 18:16:46","timestamp":"2019-05-24 18:16:46"}
{"level":"info","message":"GET /order/detail 7 2019-05-24 18:16:46","timestamp":"2019-05-24 18:16:46"}
{"level":"info","message":"GET /table/list 8 2019-05-24 18:16:47","timestamp":"2019-05-24 18:16:47"}
{"level":"info","message":"GET /order/order_state_count 9 2019-05-24 18:16:47","timestamp":"2019-05-24 18:16:47"}
{"level":"info","message":"GET /order/get_order_test 6 2019-05-24 18:16:47","timestamp":"2019-05-24 18:16:47"}
{"level":"info","message":"GET /order/wait_order 3 2019-05-24 18:16:48","timestamp":"2019-05-24 18:16:48"}
{"level":"info","message":"GET /order/order_state_count 8 2019-05-24 18:16:48","timestamp":"2019-05-24 18:16:48"}
{"level":"info","message":"GET /order/detail 11 2019-05-24 18:16:48","timestamp":"2019-05-24 18:16:48"}
{"level":"info","message":"GET /order/get_order_test 3 2019-05-24 18:16:48","timestamp":"2019-05-24 18:16:48"}
{"level":"info","message":"GET /table/list 5 2019-05-24 18:16:49","timestamp":"2019-05-24 18:16:49"}
{"level":"info","message":"GET /order/order_state_count 4 2019-05-24 18:16:49","timestamp":"2019-05-24 18:16:49"}
{"level":"info","message":"GET /order/wait_order 7 2019-05-24 18:16:51","timestamp":"2019-05-24 18:16:51"}
{"level":"info","message":"GET /order/order_state_count 8 2019-05-24 18:16:51","timestamp":"2019-05-24 18:16:51"}
{"level":"info","message":"GET /order/detail 7 2019-05-24 18:16:51","timestamp":"2019-05-24 18:16:51"}
{"level":"info","message":"GET /order/get_order_test 3 2019-05-24 18:16:51","timestamp":"2019-05-24 18:16:51"}
{"level":"info","message":"GET /table/list 8 2019-05-24 18:16:52","timestamp":"2019-05-24 18:16:52"}
{"level":"info","message":"GET /order/order_state_count 6 2019-05-24 18:16:52","timestamp":"2019-05-24 18:16:52"}
{"level":"info","message":"GET /order/no_pay 6 2019-05-24 18:16:55","timestamp":"2019-05-24 18:16:55"}
{"level":"info","message":"GET /order/order_state_count 10 2019-05-24 18:16:55","timestamp":"2019-05-24 18:16:55"}
{"level":"info","message":"GET /order/detail 20 2019-05-24 18:16:55","timestamp":"2019-05-24 18:16:55"}
{"level":"info","message":"GET /order/get_order_test 3 2019-05-24 18:16:55","timestamp":"2019-05-24 18:16:55"}
{"level":"info","message":"GET /order/wait_order 6 2019-05-24 18:16:59","timestamp":"2019-05-24 18:16:59"}
{"level":"info","message":"GET /order/order_state_count 7 2019-05-24 18:16:59","timestamp":"2019-05-24 18:16:59"}
{"level":"info","message":"GET /order/detail 7 2019-05-24 18:16:59","timestamp":"2019-05-24 18:16:59"}
{"level":"info","message":"GET /order/get_order_test 3 2019-05-24 18:16:59","timestamp":"2019-05-24 18:16:59"}
{"level":"info","message":"GET /table/list 6 2019-05-24 18:17:03","timestamp":"2019-05-24 18:17:03"}
{"level":"info","message":"GET /order/order_state_count 7 2019-05-24 18:17:03","timestamp":"2019-05-24 18:17:03"}
{"level":"info","message":"GET /order/wait_order 7 2019-05-24 18:17:05","timestamp":"2019-05-24 18:17:05"}
{"level":"info","message":"GET /order/order_state_count 9 2019-05-24 18:17:05","timestamp":"2019-05-24 18:17:05"}
{"level":"info","message":"GET /order/detail 7 2019-05-24 18:17:05","timestamp":"2019-05-24 18:17:05"}
{"level":"info","message":"GET /table/list 11 2019-05-24 18:17:06","timestamp":"2019-05-24 18:17:06"}
{"level":"info","message":"GET /order/order_state_count 9 2019-05-24 18:17:06","timestamp":"2019-05-24 18:17:06"}
{"level":"info","message":"GET /order/get_order_test 5 2019-05-24 18:17:06","timestamp":"2019-05-24 18:17:06"}
{"level":"info","message":"GET /order/wait_order 5 2019-05-24 18:17:44","timestamp":"2019-05-24 18:17:44"}
{"level":"info","message":"GET /order/order_state_count 7 2019-05-24 18:17:44","timestamp":"2019-05-24 18:17:44"}
{"level":"info","message":"GET /order/detail 7 2019-05-24 18:17:45","timestamp":"2019-05-24 18:17:45"}
{"level":"info","message":"GET /order/get_order_test 4 2019-05-24 18:17:45","timestamp":"2019-05-24 18:17:45"}
{"level":"info","message":"GET /table/list 9 2019-05-24 18:17:45","timestamp":"2019-05-24 18:17:45"}
{"level":"info","message":"GET /order/order_state_count 9 2019-05-24 18:17:45","timestamp":"2019-05-24 18:17:45"}
{"level":"info","message":"GET /order/no_pay 3 2019-05-24 18:17:46","timestamp":"2019-05-24 18:17:46"}
{"level":"info","message":"GET /order/order_state_count 6 2019-05-24 18:17:46","timestamp":"2019-05-24 18:17:46"}
{"level":"info","message":"GET /order/detail 7 2019-05-24 18:17:46","timestamp":"2019-05-24 18:17:46"}
{"level":"info","message":"GET /order/get_order_test 7 2019-05-24 18:17:46","timestamp":"2019-05-24 18:17:46"}
{"level":"info","message":"GET /table/list 9 2019-05-24 18:17:46","timestamp":"2019-05-24 18:17:46"}
{"level":"info","message":"GET /order/order_state_count 8 2019-05-24 18:17:46","timestamp":"2019-05-24 18:17:46"}
{"level":"info","message":"GET /user/normal/list 2 2019-05-24 18:18:18","timestamp":"2019-05-24 18:18:18"}
{"level":"info","message":"POST /user/login 115 2019-05-24 18:18:20","timestamp":"2019-05-24 18:18:20"}
{"level":"info","message":"GET /system/info 4 2019-05-24 18:18:20","timestamp":"2019-05-24 18:18:20"}
{"level":"info","message":"GET /order/order_state_count 12 2019-05-24 18:18:20","timestamp":"2019-05-24 18:18:20"}
{"level":"info","message":"GET /area 8 2019-05-24 18:18:20","timestamp":"2019-05-24 18:18:20"}
{"level":"info","message":"GET /table/list 12 2019-05-24 18:18:20","timestamp":"2019-05-24 18:18:20"}
{"level":"info","message":"GET /order/detail 8 2019-05-24 18:18:22","timestamp":"2019-05-24 18:18:22"}
{"level":"info","message":"GET /order/get_order_test 3 2019-05-24 18:18:22","timestamp":"2019-05-24 18:18:22"}
{"level":"info","message":"GET /order/detail 8 2019-05-24 18:18:24","timestamp":"2019-05-24 18:18:24"}
{"level":"info","message":"GET /order/get_order_test 6 2019-05-24 18:18:24","timestamp":"2019-05-24 18:18:24"}
{"level":"info","message":"PUT /order/change_order 19 2019-05-24 18:18:31","timestamp":"2019-05-24 18:18:31"}
{"level":"info","message":"PUT /order/change_order 16 2019-05-24 18:18:38","timestamp":"2019-05-24 18:18:38"}
{"level":"info","message":"GET /order/wait_order 11 2019-05-24 18:18:43","timestamp":"2019-05-24 18:18:43"}
{"level":"info","message":"GET /order/order_state_count 7 2019-05-24 18:18:43","timestamp":"2019-05-24 18:18:43"}
{"level":"info","message":"GET /order/detail 9 2019-05-24 18:18:43","timestamp":"2019-05-24 18:18:43"}
{"level":"info","message":"GET /order/get_order_test 3 2019-05-24 18:18:43","timestamp":"2019-05-24 18:18:43"}
{"level":"info","message":"GET /table/list 8 2019-05-24 18:18:44","timestamp":"2019-05-24 18:18:44"}
{"level":"info","message":"GET /order/order_state_count 11 2019-05-24 18:18:44","timestamp":"2019-05-24 18:18:44"}
{"level":"info","message":"GET /order/wait_order 5 2019-05-24 18:18:47","timestamp":"2019-05-24 18:18:47"}
{"level":"info","message":"GET /order/order_state_count 8 2019-05-24 18:18:47","timestamp":"2019-05-24 18:18:47"}
{"level":"info","message":"GET /order/detail 8 2019-05-24 18:18:47","timestamp":"2019-05-24 18:18:47"}
{"level":"info","message":"GET /order/get_order_test 3 2019-05-24 18:18:48","timestamp":"2019-05-24 18:18:48"}
{"level":"info","message":"GET /table/list 8 2019-05-24 18:18:48","timestamp":"2019-05-24 18:18:48"}
{"level":"info","message":"GET /order/order_state_count 8 2019-05-24 18:18:48","timestamp":"2019-05-24 18:18:48"}
{"level":"info","message":"GET /order/detail 8 2019-05-24 18:18:50","timestamp":"2019-05-24 18:18:50"}
{"level":"info","message":"GET /order/get_order_test 6 2019-05-24 18:18:50","timestamp":"2019-05-24 18:18:50"}
{"level":"info","message":"GET /order/detail 10 2019-05-24 18:18:52","timestamp":"2019-05-24 18:18:52"}
{"level":"info","message":"GET /order/get_order_test 4 2019-05-24 18:18:52","timestamp":"2019-05-24 18:18:52"}
{"level":"info","message":"GET /order/detail 6 2019-05-24 18:19:07","timestamp":"2019-05-24 18:19:07"}
{"level":"info","message":"GET /order/get_order_test 3 2019-05-24 18:19:07","timestamp":"2019-05-24 18:19:07"}
{"level":"info","message":"GET /article/family_list 4 2019-05-24 18:19:08","timestamp":"2019-05-24 18:19:08"}
{"level":"info","message":"GET /order/detail 7 2019-05-24 18:19:08","timestamp":"2019-05-24 18:19:08"}
{"level":"info","message":"GET /article/article_list 9 2019-05-24 18:19:08","timestamp":"2019-05-24 18:19:08"}
{"level":"info","message":"GET /order/detail 9 2019-05-24 18:19:12","timestamp":"2019-05-24 18:19:12"}
{"level":"info","message":"GET /order/get_order_test 3 2019-05-24 18:19:12","timestamp":"2019-05-24 18:19:12"}
{"level":"info","message":"GET /article/family_list 3 2019-05-24 18:19:13","timestamp":"2019-05-24 18:19:13"}
{"level":"info","message":"GET /order/detail 6 2019-05-24 18:19:13","timestamp":"2019-05-24 18:19:13"}
{"level":"info","message":"GET /article/article_list 14 2019-05-24 18:19:13","timestamp":"2019-05-24 18:19:13"}
{"level":"info","message":"POST /push/order 138 2019-05-24 18:19:19","timestamp":"2019-05-24 18:19:19"}
{"level":"info","message":"GET /order/order_state_count 38 2019-05-24 18:19:19","timestamp":"2019-05-24 18:19:19"}
{"level":"info","message":"GET /area 36 2019-05-24 18:19:19","timestamp":"2019-05-24 18:19:19"}
{"level":"info","message":"GET /table/list 36 2019-05-24 18:19:19","timestamp":"2019-05-24 18:19:19"}
{"level":"info","message":"推送EMQ:resto-dev/2f83afee7a0e4822a6729145dd53af33/63325014c50b4b16a81e50b3623f8d96/order/creator/e934201102fa4f1380689f5473775c4e \n {\"master_order_id\":\"e934201102fa4f1380689f5473775c4e\",\"order_arr\":[{\"id\":\"e934201102fa4f1380689f5473775c4e\",\"table_number\":\"15\",\"customer_count\":22,\"accounting_time\":\"2019-05-24\",\"order_state\":1,\"production_status\":2,\"original_amount\":2,\"order_money\":2,\"origin_money\":null,\"article_count\":2,\"serial_number\":\"201905241816095900\",\"allow_cancel\":0,\"closed\":0,\"create_time\":\"1558692969591\",\"push_order_time\":null,\"print_order_time\":\"1558693159506\",\"remark\":\"\",\"distribution_mode_id\":1,\"amount_with_children\":0,\"parent_order_id\":null,\"service_price\":0,\"is_pos_pay\":0,\"pay_type\":1,\"count_with_child\":0,\"allow_continue_order\":0,\"payment_amount\":2,\"customer_id\":\"0\",\"customer_address_id\":null,\"ver_code\":\"33980\",\"pay_mode\":0,\"meal_fee_price\":0,\"meal_all_number\":0,\"order_mode\":6,\"allow_appraise\":0,\"confirm_time\":null,\"order_number\":1,\"call_number_time\":null,\"call_times\":0,\"shop_detail_id\":\"d2ff1bbb8c6f4fd8adb3949f76f8c1b6\",\"data_origin\":\"0\",\"sync_state\":1,\"last_sync_time\":\"1558693159350\",\"order_pos_discount_money\":\"0\",\"member_discount_money\":\"0\",\"erase_money\":\"0\",\"reduce_money\":\"0\",\"real_erase_money\":\"0\",\"pos_discount\":\"100\",\"no_discount_money\":\"0\",\"exemption_money\":\"0\",\"need_confirm_order_item\":0,\"sauce_fee_count\":\"22\",\"sauce_fee_price\":null,\"towel_fee_count\":\"22\",\"towel_fee_price\":0,\"tableware_fee_count\":\"22\",\"tableware_fee_price\":0,\"is_use_new_service\":0,\"grant_money\":0}],\"order_item\":[{\"id\":\"afd327723dc946e8b82e4a74ce09255b\",\"order_id\":\"e934201102fa4f1380689f5473775c4e\",\"article_id\":\"22d09d78c4ef4244b375de91acfa587a\",\"article_name\":\"蜜糖鸡翅(2件)\",\"count\":1,\"original_price\":1,\"no_discount_price\":null,\"unit_price\":1,\"final_price\":1,\"remark\":\"100%\",\"sort\":0,\"status\":1,\"type\":1,\"parent_id\":null,\"create_time\":\"1558693159378\",\"meal_item_id\":\"0\",\"kitchen_id\":\"\",\"recommend_id\":\"\",\"orgin_count\":1,\"refund_count\":0,\"grant_count\":0,\"meal_fee_number\":0,\"change_count\":0,\"print_fail_flag\":0,\"pos_discount\":100,\"weight\":0,\"need_remind\":0},{\"id\":\"96ea5ebb386d4c0e8564bd317ed06306\",\"order_id\":\"e934201102fa4f1380689f5473775c4e\",\"article_id\":\"22ec4f4ec9034e018747809015dea060\",\"article_name\":\"不想吃\",\"count\":1,\"original_price\":1,\"no_discount_price\":null,\"unit_price\":1,\"final_price\":1,\"remark\":\"100%\",\"sort\":0,\"status\":1,\"type\":1,\"parent_id\":null,\"create_time\":\"1558693159443\",\"meal_item_id\":\"0\",\"kitchen_id\":\"\",\"recommend_id\":\"\",\"orgin_count\":1,\"refund_count\":0,\"grant_count\":0,\"meal_fee_number\":0,\"change_count\":0,\"print_fail_flag\":0,\"pos_discount\":100,\"weight\":0,\"need_remind\":0}]}","timestamp":"2019-05-24 18:19:19"}
{"level":"info","message":"GET /order/detail 339 2019-05-24 18:19:19","timestamp":"2019-05-24 18:19:19"}
{"level":"info","message":"GET /order/get_order_test 6 2019-05-24 18:19:20","timestamp":"2019-05-24 18:19:20"}
{"level":"info","message":"POST /push/order 46 2019-05-24 18:19:23","timestamp":"2019-05-24 18:19:23"}
{"level":"info","message":"GET /order/order_state_count 25 2019-05-24 18:19:23","timestamp":"2019-05-24 18:19:23"}
{"level":"info","message":"GET /area 25 2019-05-24 18:19:23","timestamp":"2019-05-24 18:19:23"}
{"level":"info","message":"GET /table/list 29 2019-05-24 18:19:23","timestamp":"2019-05-24 18:19:23"}
{"level":"info","message":"推送EMQ:resto-dev/2f83afee7a0e4822a6729145dd53af33/63325014c50b4b16a81e50b3623f8d96/order/creator/e934201102fa4f1380689f5473775c4e \n {\"master_order_id\":\"e934201102fa4f1380689f5473775c4e\",\"order_arr\":[{\"id\":\"e934201102fa4f1380689f5473775c4e\",\"table_number\":\"15\",\"customer_count\":22,\"accounting_time\":\"2019-05-24\",\"order_state\":1,\"production_status\":2,\"original_amount\":2,\"order_money\":2,\"origin_money\":null,\"article_count\":2,\"serial_number\":\"201905241816095900\",\"allow_cancel\":0,\"closed\":0,\"create_time\":\"1558692969591\",\"push_order_time\":null,\"print_order_time\":\"1558693163199\",\"remark\":\"\",\"distribution_mode_id\":1,\"amount_with_children\":0,\"parent_order_id\":null,\"service_price\":0,\"is_pos_pay\":0,\"pay_type\":1,\"count_with_child\":0,\"allow_continue_order\":0,\"payment_amount\":2,\"customer_id\":\"0\",\"customer_address_id\":null,\"ver_code\":\"33980\",\"pay_mode\":0,\"meal_fee_price\":0,\"meal_all_number\":0,\"order_mode\":6,\"allow_appraise\":0,\"confirm_time\":null,\"order_number\":1,\"call_number_time\":null,\"call_times\":0,\"shop_detail_id\":\"d2ff1bbb8c6f4fd8adb3949f76f8c1b6\",\"data_origin\":\"0\",\"sync_state\":1,\"last_sync_time\":\"1558693163187\",\"order_pos_discount_money\":\"0\",\"member_discount_money\":\"0\",\"erase_money\":\"0\",\"reduce_money\":\"0\",\"real_erase_money\":\"0\",\"pos_discount\":\"100\",\"no_discount_money\":\"0\",\"exemption_money\":\"0\",\"need_confirm_order_item\":0,\"sauce_fee_count\":\"22\",\"sauce_fee_price\":null,\"towel_fee_count\":\"22\",\"towel_fee_price\":0,\"tableware_fee_count\":\"22\",\"tableware_fee_price\":0,\"is_use_new_service\":0,\"grant_money\":0}],\"order_item\":[{\"id\":\"afd327723dc946e8b82e4a74ce09255b\",\"order_id\":\"e934201102fa4f1380689f5473775c4e\",\"article_id\":\"22d09d78c4ef4244b375de91acfa587a\",\"article_name\":\"蜜糖鸡翅(2件)\",\"count\":1,\"original_price\":1,\"no_discount_price\":null,\"unit_price\":1,\"final_price\":1,\"remark\":\"100%\",\"sort\":0,\"status\":1,\"type\":1,\"parent_id\":null,\"create_time\":\"1558693159378\",\"meal_item_id\":\"0\",\"kitchen_id\":\"\",\"recommend_id\":\"\",\"orgin_count\":1,\"refund_count\":0,\"grant_count\":0,\"meal_fee_number\":0,\"change_count\":0,\"print_fail_flag\":0,\"pos_discount\":100,\"weight\":0,\"need_remind\":0},{\"id\":\"96ea5ebb386d4c0e8564bd317ed06306\",\"order_id\":\"e934201102fa4f1380689f5473775c4e\",\"article_id\":\"22ec4f4ec9034e018747809015dea060\",\"article_name\":\"不想吃\",\"count\":1,\"original_price\":1,\"no_discount_price\":null,\"unit_price\":1,\"final_price\":1,\"remark\":\"100%\",\"sort\":0,\"status\":1,\"type\":1,\"parent_id\":null,\"create_time\":\"1558693159443\",\"meal_item_id\":\"0\",\"kitchen_id\":\"\",\"recommend_id\":\"\",\"orgin_count\":1,\"refund_count\":0,\"grant_count\":0,\"meal_fee_number\":0,\"change_count\":0,\"print_fail_flag\":0,\"pos_discount\":100,\"weight\":0,\"need_remind\":0},{\"id\":\"febd8ac2c3c54720926592488947f8db\",\"order_id\":\"e934201102fa4f1380689f5473775c4e\",\"article_id\":\"22d09d78c4ef4244b375de91acfa587a\",\"article_name\":\"蜜糖鸡翅(2件)\",\"count\":1,\"original_price\":1,\"no_discount_price\":null,\"unit_price\":1,\"final_price\":1,\"remark\":\"100%\",\"sort\":0,\"status\":1,\"type\":1,\"parent_id\":null,\"create_time\":\"1558693163204\",\"meal_item_id\":\"0\",\"kitchen_id\":\"\",\"recommend_id\":\"\",\"orgin_count\":1,\"refund_count\":0,\"grant_count\":0,\"meal_fee_number\":0,\"change_count\":0,\"print_fail_flag\":0,\"pos_discount\":100,\"weight\":0,\"need_remind\":0},{\"id\":\"a693813a33f34e969297ae55b9957b03\",\"order_id\":\"e934201102fa4f1380689f5473775c4e\",\"article_id\":\"22ec4f4ec9034e018747809015dea060\",\"article_name\":\"不想吃\",\"count\":1,\"original_price\":1,\"no_discount_price\":null,\"unit_price\":1,\"final_price\":1,\"remark\":\"100%\",\"sort\":0,\"status\":1,\"type\":1,\"parent_id\":null,\"create_time\":\"1558693163210\",\"meal_item_id\":\"0\",\"kitchen_id\":\"\",\"recommend_id\":\"\",\"orgin_count\":1,\"refund_count\":0,\"grant_count\":0,\"meal_fee_number\":0,\"change_count\":0,\"print_fail_flag\":0,\"pos_discount\":100,\"weight\":0,\"need_remind\":0}]}","timestamp":"2019-05-24 18:19:23"}
{"level":"info","message":"GET /order/detail 73 2019-05-24 18:19:23","timestamp":"2019-05-24 18:19:23"}
{"level":"info","message":"GET /order/get_order_test 3 2019-05-24 18:19:23","timestamp":"2019-05-24 18:19:23"}
{"level":"info","message":"GET /order/no_pay 4 2019-05-24 18:19:30","timestamp":"2019-05-24 18:19:30"}
{"level":"info","message":"GET /order/order_state_count 5 2019-05-24 18:19:30","timestamp":"2019-05-24 18:19:30"}
{"level":"info","message":"GET /order/detail 7 2019-05-24 18:19:30","timestamp":"2019-05-24 18:19:30"}
{"level":"info","message":"GET /table/list 6 2019-05-24 18:19:31","timestamp":"2019-05-24 18:19:31"}
{"level":"info","message":"GET /order/order_state_count 5 2019-05-24 18:19:31","timestamp":"2019-05-24 18:19:31"}
{"level":"info","message":"GET /order/get_order_test 3 2019-05-24 18:19:31","timestamp":"2019-05-24 18:19:31"}
{"level":"info","message":"GET /order/detail 12 2019-05-24 18:19:31","timestamp":"2019-05-24 18:19:31"}
{"level":"info","message":"GET /order/get_order_test 3 2019-05-24 18:19:32","timestamp":"2019-05-24 18:19:32"}
{"level":"info","message":"GET /system/info 5 2019-05-24 18:19:40","timestamp":"2019-05-24 18:19:40"}
{"level":"info","message":"GET /order/order_state_count 32 2019-05-24 18:19:41","timestamp":"2019-05-24 18:19:41"}
{"level":"info","message":"GET /area 17 2019-05-24 18:19:41","timestamp":"2019-05-24 18:19:41"}
{"level":"info","message":"GET /table/list 30 2019-05-24 18:19:41","timestamp":"2019-05-24 18:19:41"}
{"level":"info","message":"GET /order/detail 52 2019-05-24 18:19:41","timestamp":"2019-05-24 18:19:41"}
{"level":"info","message":"GET /order/get_order_test 3 2019-05-24 18:19:41","timestamp":"2019-05-24 18:19:41"}
{"level":"info","message":"POST /bind/table 26 2019-05-24 18:19:56","timestamp":"2019-05-24 18:19:56"}
{"level":"info","message":"GET /article/family_list 1 2019-05-24 18:19:57","timestamp":"2019-05-24 18:19:57"}
{"level":"info","message":"GET /order/detail 10 2019-05-24 18:19:57","timestamp":"2019-05-24 18:19:57"}
{"level":"info","message":"GET /article/article_list 13 2019-05-24 18:19:57","timestamp":"2019-05-24 18:19:57"}
{"level":"info","message":"POST /push/order 46 2019-05-24 18:20:00","timestamp":"2019-05-24 18:20:00"}
{"level":"info","message":"推送EMQ:resto-dev/2f83afee7a0e4822a6729145dd53af33/63325014c50b4b16a81e50b3623f8d96/order/creator/f29b206c114c4b8984a1d95902faefbc \n {\"master_order_id\":\"f29b206c114c4b8984a1d95902faefbc\",\"order_arr\":[{\"id\":\"f29b206c114c4b8984a1d95902faefbc\",\"table_number\":\"6\",\"customer_count\":2,\"accounting_time\":\"2019-05-24\",\"order_state\":1,\"production_status\":2,\"original_amount\":4,\"order_money\":4,\"origin_money\":null,\"article_count\":4,\"serial_number\":\"201905241819569420\",\"allow_cancel\":0,\"closed\":0,\"create_time\":\"1558693196942\",\"push_order_time\":null,\"print_order_time\":\"1558693200232\",\"remark\":\"\",\"distribution_mode_id\":1,\"amount_with_children\":0,\"parent_order_id\":null,\"service_price\":0,\"is_pos_pay\":0,\"pay_type\":1,\"count_with_child\":0,\"allow_continue_order\":0,\"payment_amount\":4,\"customer_id\":\"0\",\"customer_address_id\":null,\"ver_code\":\"25785\",\"pay_mode\":0,\"meal_fee_price\":0,\"meal_all_number\":0,\"order_mode\":6,\"allow_appraise\":0,\"confirm_time\":null,\"order_number\":2,\"call_number_time\":null,\"call_times\":0,\"shop_detail_id\":\"d2ff1bbb8c6f4fd8adb3949f76f8c1b6\",\"data_origin\":\"0\",\"sync_state\":1,\"last_sync_time\":\"1558693200162\",\"order_pos_discount_money\":\"0\",\"member_discount_money\":\"0\",\"erase_money\":\"0\",\"reduce_money\":\"0\",\"real_erase_money\":\"0\",\"pos_discount\":\"100\",\"no_discount_money\":\"0\",\"exemption_money\":\"0\",\"need_confirm_order_item\":0,\"sauce_fee_count\":\"2\",\"sauce_fee_price\":null,\"towel_fee_count\":\"2\",\"towel_fee_price\":0,\"tableware_fee_count\":\"2\",\"tableware_fee_price\":0,\"is_use_new_service\":0,\"grant_money\":0}],\"order_item\":[{\"id\":\"5dcdbad722be4282ab37368d1c1614b0\",\"order_id\":\"f29b206c114c4b8984a1d95902faefbc\",\"article_id\":\"22d09d78c4ef4244b375de91acfa587a\",\"article_name\":\"蜜糖鸡翅(2件)\",\"count\":2,\"original_price\":1,\"no_discount_price\":null,\"unit_price\":1,\"final_price\":2,\"remark\":\"100%\",\"sort\":0,\"status\":1,\"type\":1,\"parent_id\":null,\"create_time\":\"1558693200184\",\"meal_item_id\":\"0\",\"kitchen_id\":\"\",\"recommend_id\":\"\",\"orgin_count\":2,\"refund_count\":0,\"grant_count\":0,\"meal_fee_number\":0,\"change_count\":0,\"print_fail_flag\":0,\"pos_discount\":100,\"weight\":0,\"need_remind\":0},{\"id\":\"da065306c87f4e0395bb44aa3fa4f8bf\",\"order_id\":\"f29b206c114c4b8984a1d95902faefbc\",\"article_id\":\"22ec4f4ec9034e018747809015dea060\",\"article_name\":\"不想吃\",\"count\":2,\"original_price\":1,\"no_discount_price\":null,\"unit_price\":1,\"final_price\":2,\"remark\":\"100%\",\"sort\":0,\"status\":1,\"type\":1,\"parent_id\":null,\"create_time\":\"1558693200190\",\"meal_item_id\":\"0\",\"kitchen_id\":\"\",\"recommend_id\":\"\",\"orgin_count\":2,\"refund_count\":0,\"grant_count\":0,\"meal_fee_number\":0,\"change_count\":0,\"print_fail_flag\":0,\"pos_discount\":100,\"weight\":0,\"need_remind\":0}]}","timestamp":"2019-05-24 18:20:00"}
{"level":"info","message":"GET /order/order_state_count 52 2019-05-24 18:20:00","timestamp":"2019-05-24 18:20:00"}
{"level":"info","message":"GET /area 15 2019-05-24 18:20:00","timestamp":"2019-05-24 18:20:00"}
{"level":"info","message":"GET /table/list 17 2019-05-24 18:20:00","timestamp":"2019-05-24 18:20:00"}
{"level":"info","message":"GET /order/detail 72 2019-05-24 18:20:00","timestamp":"2019-05-24 18:20:00"}
{"level":"info","message":"GET /order/get_order_test 3 2019-05-24 18:20:00","timestamp":"2019-05-24 18:20:00"}
{"level":"info","message":"POST /bind/table 7 2019-05-24 18:20:34","timestamp":"2019-05-24 18:20:34"}
{"level":"info","message":"POST /bind/table 21 2019-05-24 18:20:38","timestamp":"2019-05-24 18:20:38"}
{"level":"info","message":"GET /article/family_list 3 2019-05-24 18:20:38","timestamp":"2019-05-24 18:20:38"}
{"level":"info","message":"GET /order/detail 7 2019-05-24 18:20:38","timestamp":"2019-05-24 18:20:38"}
{"level":"info","message":"GET /article/article_list 11 2019-05-24 18:20:38","timestamp":"2019-05-24 18:20:38"}
{"level":"info","message":"GET /table/list 9 2019-05-24 18:20:42","timestamp":"2019-05-24 18:20:42"}
{"level":"info","message":"GET /order/order_state_count 13 2019-05-24 18:20:42","timestamp":"2019-05-24 18:20:42"}
{"level":"info","message":"GET /order/wait_order 5 2019-05-24 18:20:43","timestamp":"2019-05-24 18:20:43"}
{"level":"info","message":"GET /order/order_state_count 6 2019-05-24 18:20:43","timestamp":"2019-05-24 18:20:43"}
{"level":"info","message":"GET /order/detail 9 2019-05-24 18:20:43","timestamp":"2019-05-24 18:20:43"}
{"level":"info","message":"GET /order/get_order_test 3 2019-05-24 18:20:43","timestamp":"2019-05-24 18:20:43"}
{"level":"info","message":"GET /article/family_list 2 2019-05-24 18:20:45","timestamp":"2019-05-24 18:20:45"}
{"level":"info","message":"GET /order/detail 8 2019-05-24 18:20:45","timestamp":"2019-05-24 18:20:45"}
{"level":"info","message":"GET /article/article_list 9 2019-05-24 18:20:45","timestamp":"2019-05-24 18:20:45"}
{"level":"info","message":"POST /push/order 80 2019-05-24 18:20:54","timestamp":"2019-05-24 18:20:54"}
{"level":"info","message":"推送EMQ:resto-dev/2f83afee7a0e4822a6729145dd53af33/63325014c50b4b16a81e50b3623f8d96/order/creator/2fcc1e2fc8ab4514ba6d79ab116ebe94 \n {\"master_order_id\":\"2fcc1e2fc8ab4514ba6d79ab116ebe94\",\"order_arr\":[{\"id\":\"2fcc1e2fc8ab4514ba6d79ab116ebe94\",\"table_number\":\"18\",\"customer_count\":6,\"accounting_time\":\"2019-05-24\",\"order_state\":1,\"production_status\":2,\"original_amount\":2,\"order_money\":2,\"origin_money\":null,\"article_count\":2,\"serial_number\":\"201905241820379940\",\"allow_cancel\":0,\"closed\":0,\"create_time\":\"1558693237994\",\"push_order_time\":null,\"print_order_time\":\"1558693254671\",\"remark\":\"\",\"distribution_mode_id\":1,\"amount_with_children\":0,\"parent_order_id\":null,\"service_price\":0,\"is_pos_pay\":0,\"pay_type\":1,\"count_with_child\":0,\"allow_continue_order\":0,\"payment_amount\":2,\"customer_id\":\"0\",\"customer_address_id\":null,\"ver_code\":\"21967\",\"pay_mode\":0,\"meal_fee_price\":0,\"meal_all_number\":0,\"order_mode\":6,\"allow_appraise\":0,\"confirm_time\":null,\"order_number\":3,\"call_number_time\":null,\"call_times\":0,\"shop_detail_id\":\"d2ff1bbb8c6f4fd8adb3949f76f8c1b6\",\"data_origin\":\"0\",\"sync_state\":1,\"last_sync_time\":\"1558693254658\",\"order_pos_discount_money\":\"0\",\"member_discount_money\":\"0\",\"erase_money\":\"0\",\"reduce_money\":\"0\",\"real_erase_money\":\"0\",\"pos_discount\":\"100\",\"no_discount_money\":\"0\",\"exemption_money\":\"0\",\"need_confirm_order_item\":0,\"sauce_fee_count\":\"6\",\"sauce_fee_price\":null,\"towel_fee_count\":\"6\",\"towel_fee_price\":0,\"tableware_fee_count\":\"6\",\"tableware_fee_price\":0,\"is_use_new_service\":0,\"grant_money\":0}],\"order_item\":[{\"id\":\"c20d1f6b944647b3879e0f75dc5b5981\",\"order_id\":\"2fcc1e2fc8ab4514ba6d79ab116ebe94\",\"article_id\":\"22d09d78c4ef4244b375de91acfa587a\",\"article_name\":\"蜜糖鸡翅(2件)\",\"count\":1,\"original_price\":1,\"no_discount_price\":null,\"unit_price\":1,\"final_price\":1,\"remark\":\"100%\",\"sort\":0,\"status\":1,\"type\":1,\"parent_id\":null,\"create_time\":\"1558693254677\",\"meal_item_id\":\"0\",\"kitchen_id\":\"\",\"recommend_id\":\"\",\"orgin_count\":1,\"refund_count\":0,\"grant_count\":0,\"meal_fee_number\":0,\"change_count\":0,\"print_fail_flag\":0,\"pos_discount\":100,\"weight\":0,\"need_remind\":0},{\"id\":\"a2646ad2a8e84c26a80f3d4f49d2670e\",\"order_id\":\"2fcc1e2fc8ab4514ba6d79ab116ebe94\",\"article_id\":\"22ec4f4ec9034e018747809015dea060\",\"article_name\":\"不想吃\",\"count\":1,\"original_price\":1,\"no_discount_price\":null,\"unit_price\":1,\"final_price\":1,\"remark\":\"100%\",\"sort\":0,\"status\":1,\"type\":1,\"parent_id\":null,\"create_time\":\"1558693254685\",\"meal_item_id\":\"0\",\"kitchen_id\":\"\",\"recommend_id\":\"\",\"orgin_count\":1,\"refund_count\":0,\"grant_count\":0,\"meal_fee_number\":0,\"change_count\":0,\"print_fail_flag\":0,\"pos_discount\":100,\"weight\":0,\"need_remind\":0}]}","timestamp":"2019-05-24 18:20:54"}
{"level":"info","message":"GET /order/order_state_count 10 2019-05-24 18:20:54","timestamp":"2019-05-24 18:20:54"}
{"level":"info","message":"GET /area 8 2019-05-24 18:20:54","timestamp":"2019-05-24 18:20:54"}
{"level":"info","message":"GET /table/list 10 2019-05-24 18:20:54","timestamp":"2019-05-24 18:20:54"}
{"level":"info","message":"GET /order/detail 26 2019-05-24 18:20:54","timestamp":"2019-05-24 18:20:54"}
{"level":"info","message":"GET /order/get_order_test 4 2019-05-24 18:20:55","timestamp":"2019-05-24 18:20:55"}
{"level":"info","message":"GET /system/info 4 2019-05-24 18:21:27","timestamp":"2019-05-24 18:21:27"}
{"level":"info","message":"GET /article/family_list 7 2019-05-24 18:21:27","timestamp":"2019-05-24 18:21:27"}
{"level":"info","message":"GET /order/detail 13 2019-05-24 18:21:27","timestamp":"2019-05-24 18:21:27"}
{"level":"info","message":"GET /article/article_list 10 2019-05-24 18:21:27","timestamp":"2019-05-24 18:21:27"}
{"level":"info","message":"GET /order/no_pay 7 2019-05-24 18:23:16","timestamp":"2019-05-24 18:23:16"}
{"level":"info","message":"GET /order/order_state_count 12 2019-05-24 18:23:16","timestamp":"2019-05-24 18:23:16"}
{"level":"info","message":"GET /order/detail 6 2019-05-24 18:23:16","timestamp":"2019-05-24 18:23:16"}
{"level":"info","message":"GET /order/get_order_test 3 2019-05-24 18:23:16","timestamp":"2019-05-24 18:23:16"}
{"level":"info","message":"GET /order/detail 7 2019-05-24 18:23:17","timestamp":"2019-05-24 18:23:17"}
{"level":"info","message":"GET /order/get_order_test 3 2019-05-24 18:23:17","timestamp":"2019-05-24 18:23:17"}
{"level":"info","message":"GET /article/family_list 3 2019-05-24 18:23:19","timestamp":"2019-05-24 18:23:19"}
{"level":"info","message":"GET /order/detail 8 2019-05-24 18:23:19","timestamp":"2019-05-24 18:23:19"}
{"level":"info","message":"GET /article/article_list 12 2019-05-24 18:23:19","timestamp":"2019-05-24 18:23:19"}
{"level":"info","message":"GET /order/detail 4 2019-05-24 18:23:31","timestamp":"2019-05-24 18:23:31"}
{"level":"info","message":"POST /bind/table 23 2019-05-24 18:23:31","timestamp":"2019-05-24 18:23:31"}
{"level":"info","message":"POST /push/order 63 2019-05-24 18:23:32","timestamp":"2019-05-24 18:23:32"}
{"level":"info","message":"推送EMQ:resto-dev/2f83afee7a0e4822a6729145dd53af33/63325014c50b4b16a81e50b3623f8d96/order/creator/2fcc1e2fc8ab4514ba6d79ab116ebe94 \n {\"master_order_id\":\"2fcc1e2fc8ab4514ba6d79ab116ebe94\",\"order_arr\":[{\"id\":\"2fcc1e2fc8ab4514ba6d79ab116ebe94\",\"table_number\":\"18\",\"customer_count\":6,\"accounting_time\":\"2019-05-24\",\"order_state\":1,\"production_status\":2,\"original_amount\":2,\"order_money\":2,\"origin_money\":null,\"article_count\":2,\"serial_number\":\"201905241820379940\",\"allow_cancel\":0,\"closed\":0,\"create_time\":\"1558693237994\",\"push_order_time\":null,\"print_order_time\":\"1558693254750\",\"remark\":\"\",\"distribution_mode_id\":1,\"amount_with_children\":4,\"parent_order_id\":null,\"service_price\":0,\"is_pos_pay\":0,\"pay_type\":1,\"count_with_child\":4,\"allow_continue_order\":0,\"payment_amount\":2,\"customer_id\":\"0\",\"customer_address_id\":null,\"ver_code\":\"21967\",\"pay_mode\":0,\"meal_fee_price\":0,\"meal_all_number\":0,\"order_mode\":6,\"allow_appraise\":0,\"confirm_time\":null,\"order_number\":3,\"call_number_time\":null,\"call_times\":0,\"shop_detail_id\":\"d2ff1bbb8c6f4fd8adb3949f76f8c1b6\",\"data_origin\":\"0\",\"sync_state\":1,\"last_sync_time\":\"1558693412002\",\"order_pos_discount_money\":\"0\",\"member_discount_money\":\"0\",\"erase_money\":\"0\",\"reduce_money\":\"0\",\"real_erase_money\":\"0\",\"pos_discount\":\"100\",\"no_discount_money\":\"0\",\"exemption_money\":\"0\",\"need_confirm_order_item\":0,\"sauce_fee_count\":\"6\",\"sauce_fee_price\":null,\"towel_fee_count\":\"6\",\"towel_fee_price\":0,\"tableware_fee_count\":\"6\",\"tableware_fee_price\":0,\"is_use_new_service\":0,\"grant_money\":0},{\"id\":\"53b59ab4cfb34f14a1caf9f35e230fb9\",\"table_number\":\"18\",\"customer_count\":6,\"accounting_time\":\"2019-05-24\",\"order_state\":1,\"production_status\":2,\"original_amount\":2,\"order_money\":2,\"origin_money\":null,\"article_count\":2,\"serial_number\":\"201905241823319810\",\"allow_cancel\":0,\"closed\":0,\"create_time\":\"1558693411981\",\"push_order_time\":null,\"print_order_time\":\"1558693412017\",\"remark\":\"加菜\",\"distribution_mode_id\":1,\"amount_with_children\":0,\"parent_order_id\":\"2fcc1e2fc8ab4514ba6d79ab116ebe94\",\"service_price\":0,\"is_pos_pay\":0,\"pay_type\":1,\"count_with_child\":0,\"allow_continue_order\":0,\"payment_amount\":2,\"customer_id\":\"0\",\"customer_address_id\":null,\"ver_code\":\"52423\",\"pay_mode\":0,\"meal_fee_price\":0,\"meal_all_number\":0,\"order_mode\":6,\"allow_appraise\":0,\"confirm_time\":null,\"order_number\":3,\"call_number_time\":null,\"call_times\":0,\"shop_detail_id\":\"d2ff1bbb8c6f4fd8adb3949f76f8c1b6\",\"data_origin\":\"0\",\"sync_state\":1,\"last_sync_time\":\"1558693412002\",\"order_pos_discount_money\":\"0\",\"member_discount_money\":\"0\",\"erase_money\":\"0\",\"reduce_money\":\"0\",\"real_erase_money\":\"0\",\"pos_discount\":\"100\",\"no_discount_money\":\"0\",\"exemption_money\":\"0\",\"need_confirm_order_item\":0,\"sauce_fee_count\":\"6\",\"sauce_fee_price\":null,\"towel_fee_count\":\"6\",\"towel_fee_price\":0,\"tableware_fee_count\":\"6\",\"tableware_fee_price\":0,\"is_use_new_service\":0,\"grant_money\":0}],\"order_item\":[{\"id\":\"c20d1f6b944647b3879e0f75dc5b5981\",\"order_id\":\"2fcc1e2fc8ab4514ba6d79ab116ebe94\",\"article_id\":\"22d09d78c4ef4244b375de91acfa587a\",\"article_name\":\"蜜糖鸡翅(2件)\",\"count\":1,\"original_price\":1,\"no_discount_price\":null,\"unit_price\":1,\"final_price\":1,\"remark\":\"100%\",\"sort\":0,\"status\":1,\"type\":1,\"parent_id\":null,\"create_time\":\"1558693254677\",\"meal_item_id\":\"0\",\"kitchen_id\":\"\",\"recommend_id\":\"\",\"orgin_count\":1,\"refund_count\":0,\"grant_count\":0,\"meal_fee_number\":0,\"change_count\":0,\"print_fail_flag\":0,\"pos_discount\":100,\"weight\":0,\"need_remind\":0},{\"id\":\"a2646ad2a8e84c26a80f3d4f49d2670e\",\"order_id\":\"2fcc1e2fc8ab4514ba6d79ab116ebe94\",\"article_id\":\"22ec4f4ec9034e018747809015dea060\",\"article_name\":\"不想吃\",\"count\":1,\"original_price\":1,\"no_discount_price\":null,\"unit_price\":1,\"final_price\":1,\"remark\":\"100%\",\"sort\":0,\"status\":1,\"type\":1,\"parent_id\":null,\"create_time\":\"1558693254685\",\"meal_item_id\":\"0\",\"kitchen_id\":\"\",\"recommend_id\":\"\",\"orgin_count\":1,\"refund_count\":0,\"grant_count\":0,\"meal_fee_number\":0,\"change_count\":0,\"print_fail_flag\":0,\"pos_discount\":100,\"weight\":0,\"need_remind\":0},{\"id\":\"f8a94f474fc64be2bdafa18f74596a6f\",\"order_id\":\"53b59ab4cfb34f14a1caf9f35e230fb9\",\"article_id\":\"22d09d78c4ef4244b375de91acfa587a\",\"article_name\":\"蜜糖鸡翅(2件)\",\"count\":1,\"original_price\":1,\"no_discount_price\":null,\"unit_price\":1,\"final_price\":1,\"remark\":\"100%\",\"sort\":0,\"status\":1,\"type\":1,\"parent_id\":null,\"create_time\":\"1558693412031\",\"meal_item_id\":\"0\",\"kitchen_id\":\"\",\"recommend_id\":\"\",\"orgin_count\":1,\"refund_count\":0,\"grant_count\":0,\"meal_fee_number\":0,\"change_count\":0,\"print_fail_flag\":0,\"pos_discount\":100,\"weight\":0,\"need_remind\":0},{\"id\":\"930e0783eadf4170943f50f8e6fed50a\",\"order_id\":\"53b59ab4cfb34f14a1caf9f35e230fb9\",\"article_id\":\"22ec4f4ec9034e018747809015dea060\",\"article_name\":\"不想吃\",\"count\":1,\"original_price\":1,\"no_discount_price\":null,\"unit_price\":1,\"final_price\":1,\"remark\":\"100%\",\"sort\":0,\"status\":1,\"type\":1,\"parent_id\":null,\"create_time\":\"1558693412037\",\"meal_item_id\":\"0\",\"kitchen_id\":\"\",\"recommend_id\":\"\",\"orgin_count\":1,\"refund_count\":0,\"grant_count\":0,\"meal_fee_number\":0,\"change_count\":0,\"print_fail_flag\":0,\"pos_discount\":100,\"weight\":0,\"need_remind\":0}]}","timestamp":"2019-05-24 18:23:32"}
{"level":"info","message":"GET /order/order_state_count 39 2019-05-24 18:23:32","timestamp":"2019-05-24 18:23:32"}
{"level":"info","message":"GET /area 24 2019-05-24 18:23:32","timestamp":"2019-05-24 18:23:32"}
{"level":"info","message":"GET /table/list 31 2019-05-24 18:23:32","timestamp":"2019-05-24 18:23:32"}
{"level":"info","message":"GET /order/detail 45 2019-05-24 18:23:32","timestamp":"2019-05-24 18:23:32"}
{"level":"info","message":"GET /order/get_order_test 3 2019-05-24 18:23:32","timestamp":"2019-05-24 18:23:32"}
{"level":"info","message":"GET /system/info 5 2019-05-24 18:23:38","timestamp":"2019-05-24 18:23:38"}
{"level":"info","message":"GET /article/family_list 40 2019-05-24 18:23:39","timestamp":"2019-05-24 18:23:39"}
{"level":"info","message":"GET /order/detail 49 2019-05-24 18:23:39","timestamp":"2019-05-24 18:23:39"}
{"level":"info","message":"GET /article/article_list 23 2019-05-24 18:23:39","timestamp":"2019-05-24 18:23:39"}
{"level":"info","message":"GET /system/info 2 2019-05-24 18:23:58","timestamp":"2019-05-24 18:23:58"}
{"level":"info","message":"GET /article/family_list 2 2019-05-24 18:23:58","timestamp":"2019-05-24 18:23:58"}
{"level":"info","message":"GET /order/detail 8 2019-05-24 18:23:58","timestamp":"2019-05-24 18:23:58"}
{"level":"info","message":"GET /article/article_list 10 2019-05-24 18:23:58","timestamp":"2019-05-24 18:23:58"}
{"level":"info","message":"GET /order/detail 8 2019-05-24 18:24:32","timestamp":"2019-05-24 18:24:32"}
{"level":"info","message":"GET /order/get_order_test 3 2019-05-24 18:24:32","timestamp":"2019-05-24 18:24:32"}
{"level":"info","message":"GET /order/order_state_count 9 2019-05-24 18:24:47","timestamp":"2019-05-24 18:24:47"}
{"level":"info","message":"GET /order/detail 11 2019-05-24 18:24:47","timestamp":"2019-05-24 18:24:47"}
{"level":"info","message":"GET /area 5 2019-05-24 18:24:48","timestamp":"2019-05-24 18:24:48"}
{"level":"info","message":"GET /table/list 9 2019-05-24 18:24:48","timestamp":"2019-05-24 18:24:48"}
{"level":"info","message":"GET /order/get_order_test 3 2019-05-24 18:24:48","timestamp":"2019-05-24 18:24:48"}
{"level":"info","message":"GET /order/no_pay 7 2019-05-24 18:25:43","timestamp":"2019-05-24 18:25:43"}
{"level":"info","message":"GET /order/order_state_count 9 2019-05-24 18:25:43","timestamp":"2019-05-24 18:25:43"}
{"level":"info","message":"GET /order/detail 9 2019-05-24 18:25:43","timestamp":"2019-05-24 18:25:43"}
{"level":"info","message":"GET /order/get_order_test 3 2019-05-24 18:25:44","timestamp":"2019-05-24 18:25:44"}
{"level":"info","message":"GET /table/list 9 2019-05-24 18:25:45","timestamp":"2019-05-24 18:25:45"}
{"level":"info","message":"GET /order/order_state_count 13 2019-05-24 18:25:45","timestamp":"2019-05-24 18:25:45"}
{"level":"info","message":"GET /table/list 4 2019-05-24 18:26:41","timestamp":"2019-05-24 18:26:41"}
