{"level":"info","message":"mqtt成功连接到：ws://test.emq.restoplus.cn:8083/mqtt","timestamp":"2019-07-29 17:44:23"}
{"level":"info","message":"订阅成功--$queue/winPos/+/2f83afee7a0e4822a6729145dd53af33/d2ff1bbb8c6f4fd8adb3949f76f8c1b6/+/+/+","timestamp":"2019-07-29 17:44:23"}
{"level":"info","message":"允许接收的平台=>posAdmin-dev,resto-dev","timestamp":"2019-07-29 17:44:23"}
{"level":"error","message":"==mqtt==close==你已断开连接,异常退出","timestamp":"2019-07-29 17:44:56"}
{"level":"error","message":"==mqtt==reconnect==正在尝试重新连接","timestamp":"2019-07-29 17:45:12"}
{"level":"info","message":"mqtt成功连接到：ws://test.emq.restoplus.cn:8083/mqtt","timestamp":"2019-07-29 17:45:13"}
{"level":"info","message":"订阅成功--$queue/winPos/+/2f83afee7a0e4822a6729145dd53af33/d2ff1bbb8c6f4fd8adb3949f76f8c1b6/+/+/+","timestamp":"2019-07-29 17:45:13"}
{"level":"info","message":"允许接收的平台=>posAdmin-dev,resto-dev","timestamp":"2019-07-29 17:45:13"}
{"level":"info","message":"GET /system/info 56 2019-07-29 17:46:57","timestamp":"2019-07-29 17:46:57"}
{"level":"info","message":"GET /on/line/state 7 2019-07-29 17:47:02","timestamp":"2019-07-29 17:47:02"}
{"level":"info","message":"GET /tv/wait 137 2019-07-29 17:47:02","timestamp":"2019-07-29 17:47:02"}
{"level":"info","message":"GET /tv/count 136 2019-07-29 17:47:02","timestamp":"2019-07-29 17:47:02"}
{"level":"info","message":"GET /order/detail 168 2019-07-29 17:47:02","timestamp":"2019-07-29 17:47:02"}
{"level":"info","message":"GET /order/get_order_test 50 2019-07-29 17:47:02","timestamp":"2019-07-29 17:47:02"}
{"level":"info","message":"启动离线订单检测！间隔180000","timestamp":"2019-07-29 17:47:10"}
{"level":"info","message":"没有需要同步的订单！","timestamp":"2019-07-29 17:47:10"}
{"level":"info","message":"启动打印机检测！间隔240000","timestamp":"2019-07-29 17:48:10"}
{"level":"info","message":"GET /on/line/state 1 2019-07-29 17:48:45","timestamp":"2019-07-29 17:48:45"}
{"level":"info","message":"GET /system/info 5 2019-07-29 17:48:46","timestamp":"2019-07-29 17:48:46"}
{"level":"info","message":"GET /tv/count 4 2019-07-29 17:48:47","timestamp":"2019-07-29 17:48:47"}
{"level":"info","message":"GET /tv/wait 4 2019-07-29 17:48:47","timestamp":"2019-07-29 17:48:47"}
{"level":"info","message":"GET /on/line/state 0 2019-07-29 17:48:47","timestamp":"2019-07-29 17:48:47"}
{"level":"info","message":"GET /order/detail 24 2019-07-29 17:48:47","timestamp":"2019-07-29 17:48:47"}
{"level":"info","message":"GET /order/get_order_test 5 2019-07-29 17:48:47","timestamp":"2019-07-29 17:48:47"}
{"level":"info","message":"GET /on/line/state 1 2019-07-29 17:49:45","timestamp":"2019-07-29 17:49:45"}
{"level":"info","message":"GET /on/line/state 0 2019-07-29 17:50:06","timestamp":"2019-07-29 17:50:06"}
{"level":"info","message":"启动离线订单检测！间隔180000","timestamp":"2019-07-29 17:50:10"}
{"level":"info","message":"没有需要同步的订单！","timestamp":"2019-07-29 17:50:10"}
{"level":"info","message":"启动打印机检测！间隔240000","timestamp":"2019-07-29 17:52:10"}
{"level":"info","message":"GET /system/info 121 2019-07-29 17:52:36","timestamp":"2019-07-29 17:52:36"}
{"level":"info","message":"GET /tv/count 10 2019-07-29 17:52:36","timestamp":"2019-07-29 17:52:36"}
{"level":"info","message":"GET /on/line/state 1 2019-07-29 17:52:36","timestamp":"2019-07-29 17:52:36"}
{"level":"info","message":"GET /tv/wait 14 2019-07-29 17:52:36","timestamp":"2019-07-29 17:52:36"}
{"level":"info","message":"GET /order/detail 26 2019-07-29 17:52:36","timestamp":"2019-07-29 17:52:36"}
{"level":"info","message":"GET /order/get_order_test 5 2019-07-29 17:52:37","timestamp":"2019-07-29 17:52:37"}
{"level":"info","message":"启动离线订单检测！间隔180000","timestamp":"2019-07-29 17:53:10"}
{"level":"info","message":"没有需要同步的订单！","timestamp":"2019-07-29 17:53:10"}
{"level":"info","message":"GET /system/info 3 2019-07-29 17:54:43","timestamp":"2019-07-29 17:54:43"}
{"level":"info","message":"GET /tv/count 3 2019-07-29 17:54:44","timestamp":"2019-07-29 17:54:44"}
{"level":"info","message":"GET /on/line/state 2 2019-07-29 17:54:44","timestamp":"2019-07-29 17:54:44"}
{"level":"info","message":"GET /tv/wait 13 2019-07-29 17:54:44","timestamp":"2019-07-29 17:54:44"}
{"level":"info","message":"GET /order/detail 17 2019-07-29 17:54:44","timestamp":"2019-07-29 17:54:44"}
{"level":"info","message":"GET /order/get_order_test 5 2019-07-29 17:54:44","timestamp":"2019-07-29 17:54:44"}
{"level":"info","message":"启动打印机检测！间隔240000","timestamp":"2019-07-29 17:56:10"}
{"level":"info","message":"启动离线订单检测！间隔180000","timestamp":"2019-07-29 17:56:10"}
{"level":"info","message":"没有需要同步的订单！","timestamp":"2019-07-29 17:56:10"}
{"level":"info","message":"GET /on/line/state 2 2019-07-29 17:57:12","timestamp":"2019-07-29 17:57:12"}
{"level":"info","message":"GET /system/info 7 2019-07-29 17:57:12","timestamp":"2019-07-29 17:57:12"}
{"level":"info","message":"GET /on/line/state 1 2019-07-29 17:57:13","timestamp":"2019-07-29 17:57:13"}
{"level":"info","message":"GET /tv/count 45 2019-07-29 17:57:13","timestamp":"2019-07-29 17:57:13"}
{"level":"info","message":"GET /tv/wait 29 2019-07-29 17:57:13","timestamp":"2019-07-29 17:57:13"}
{"level":"info","message":"GET /order/detail 60 2019-07-29 17:57:13","timestamp":"2019-07-29 17:57:13"}
{"level":"info","message":"GET /order/get_order_test 4 2019-07-29 17:57:13","timestamp":"2019-07-29 17:57:13"}
{"level":"info","message":"GET /on/line/state 1 2019-07-29 17:57:49","timestamp":"2019-07-29 17:57:49"}
{"level":"info","message":"GET /system/info 10 2019-07-29 17:57:54","timestamp":"2019-07-29 17:57:54"}
{"level":"info","message":"GET /tv/count 8 2019-07-29 17:57:54","timestamp":"2019-07-29 17:57:54"}
{"level":"info","message":"GET /on/line/state 1 2019-07-29 17:57:54","timestamp":"2019-07-29 17:57:54"}
{"level":"info","message":"GET /tv/wait 7 2019-07-29 17:57:54","timestamp":"2019-07-29 17:57:54"}
{"level":"info","message":"GET /order/detail 22 2019-07-29 17:57:54","timestamp":"2019-07-29 17:57:54"}
{"level":"info","message":"GET /order/get_order_test 9 2019-07-29 17:57:55","timestamp":"2019-07-29 17:57:55"}
{"level":"info","message":"启动离线订单检测！间隔180000","timestamp":"2019-07-29 17:59:10"}
{"level":"info","message":"没有需要同步的订单！","timestamp":"2019-07-29 17:59:10"}
{"level":"info","message":"启动打印机检测！间隔240000","timestamp":"2019-07-29 18:00:10"}
{"level":"info","message":"启动离线订单检测！间隔180000","timestamp":"2019-07-29 18:02:10"}
{"level":"info","message":"没有需要同步的订单！","timestamp":"2019-07-29 18:02:10"}
{"level":"info","message":"启动打印机检测！间隔240000","timestamp":"2019-07-29 18:04:10"}
{"level":"info","message":"启动离线订单检测！间隔180000","timestamp":"2019-07-29 18:05:10"}
{"level":"info","message":"没有需要同步的订单！","timestamp":"2019-07-29 18:05:11"}
{"level":"info","message":"GET /system/info 15 2019-07-29 18:05:28","timestamp":"2019-07-29 18:05:28"}
{"level":"info","message":"GET /tv/count 5 2019-07-29 18:05:28","timestamp":"2019-07-29 18:05:28"}
{"level":"info","message":"GET /tv/wait 4 2019-07-29 18:05:28","timestamp":"2019-07-29 18:05:28"}
{"level":"info","message":"GET /on/line/state 0 2019-07-29 18:05:28","timestamp":"2019-07-29 18:05:28"}
{"level":"info","message":"GET /order/detail 15 2019-07-29 18:05:28","timestamp":"2019-07-29 18:05:28"}
{"level":"info","message":"GET /order/get_order_test 4 2019-07-29 18:05:29","timestamp":"2019-07-29 18:05:29"}
{"level":"info","message":"GET /system/info 3 2019-07-29 18:06:01","timestamp":"2019-07-29 18:06:01"}
{"level":"info","message":"GET /tv/count 5 2019-07-29 18:06:02","timestamp":"2019-07-29 18:06:02"}
{"level":"info","message":"GET /tv/wait 4 2019-07-29 18:06:02","timestamp":"2019-07-29 18:06:02"}
{"level":"info","message":"GET /order/detail 13 2019-07-29 18:06:02","timestamp":"2019-07-29 18:06:02"}
{"level":"info","message":"GET /on/line/state 0 2019-07-29 18:06:02","timestamp":"2019-07-29 18:06:02"}
{"level":"info","message":"GET /order/get_order_test 6 2019-07-29 18:06:02","timestamp":"2019-07-29 18:06:02"}
{"level":"info","message":"GET /on/line/state 25 2019-07-29 18:06:27","timestamp":"2019-07-29 18:06:27"}
{"level":"info","message":"GET /system/info 6 2019-07-29 18:06:29","timestamp":"2019-07-29 18:06:29"}
{"level":"info","message":"GET /tv/count 5 2019-07-29 18:06:29","timestamp":"2019-07-29 18:06:29"}
{"level":"info","message":"GET /on/line/state 1 2019-07-29 18:06:29","timestamp":"2019-07-29 18:06:29"}
{"level":"info","message":"GET /tv/wait 8 2019-07-29 18:06:29","timestamp":"2019-07-29 18:06:29"}
{"level":"info","message":"GET /order/detail 21 2019-07-29 18:06:29","timestamp":"2019-07-29 18:06:29"}
{"level":"info","message":"GET /order/get_order_test 5 2019-07-29 18:06:30","timestamp":"2019-07-29 18:06:30"}
{"level":"info","message":"GET /on/line/state 1 2019-07-29 18:07:41","timestamp":"2019-07-29 18:07:41"}
{"level":"info","message":"GET /tv/count 7 2019-07-29 18:07:51","timestamp":"2019-07-29 18:07:51"}
{"level":"info","message":"GET /tv/called 5 2019-07-29 18:07:51","timestamp":"2019-07-29 18:07:51"}
{"level":"info","message":"GET /tv/count 2 2019-07-29 18:07:54","timestamp":"2019-07-29 18:07:54"}
{"level":"info","message":"GET /order/detail 6 2019-07-29 18:07:55","timestamp":"2019-07-29 18:07:55"}
{"level":"info","message":"GET /tv/count 5 2019-07-29 18:07:55","timestamp":"2019-07-29 18:07:55"}
{"level":"info","message":"GET /article/family_list 16 2019-07-29 18:07:55","timestamp":"2019-07-29 18:07:55"}
{"level":"info","message":"GET /article/article_list 52 2019-07-29 18:07:55","timestamp":"2019-07-29 18:07:55"}
{"level":"info","message":"启动打印机检测！间隔240000","timestamp":"2019-07-29 18:08:10"}
{"level":"info","message":"启动离线订单检测！间隔180000","timestamp":"2019-07-29 18:08:11"}
{"level":"info","message":"没有需要同步的订单！","timestamp":"2019-07-29 18:08:11"}
{"level":"info","message":"启动离线订单检测！间隔180000","timestamp":"2019-07-29 18:11:11"}
{"level":"info","message":"没有需要同步的订单！","timestamp":"2019-07-29 18:11:11"}
{"level":"info","message":"GET /system/info 115 2019-07-29 18:11:26","timestamp":"2019-07-29 18:11:26"}
{"level":"info","message":"GET /on/line/state 1 2019-07-29 18:11:26","timestamp":"2019-07-29 18:11:26"}
{"level":"info","message":"GET /article/family_list 17 2019-07-29 18:11:26","timestamp":"2019-07-29 18:11:26"}
{"level":"info","message":"GET /order/detail 15 2019-07-29 18:11:26","timestamp":"2019-07-29 18:11:26"}
{"level":"info","message":"GET /tv/count 10 2019-07-29 18:11:26","timestamp":"2019-07-29 18:11:26"}
{"level":"info","message":"GET /article/article_list 27 2019-07-29 18:11:26","timestamp":"2019-07-29 18:11:26"}
{"level":"info","message":"启动打印机检测！间隔240000","timestamp":"2019-07-29 18:12:10"}
{"level":"info","message":"GET /system/info 6 2019-07-29 18:12:21","timestamp":"2019-07-29 18:12:21"}
{"level":"info","message":"GET /on/line/state 1 2019-07-29 18:12:22","timestamp":"2019-07-29 18:12:22"}
{"level":"info","message":"GET /article/family_list 11 2019-07-29 18:12:22","timestamp":"2019-07-29 18:12:22"}
{"level":"info","message":"GET /order/detail 15 2019-07-29 18:12:22","timestamp":"2019-07-29 18:12:22"}
{"level":"info","message":"GET /tv/count 7 2019-07-29 18:12:22","timestamp":"2019-07-29 18:12:22"}
{"level":"info","message":"GET /article/article_list 25 2019-07-29 18:12:22","timestamp":"2019-07-29 18:12:22"}
{"level":"info","message":"GET /system/info 5 2019-07-29 18:14:00","timestamp":"2019-07-29 18:14:00"}
{"level":"info","message":"GET /article/family_list 4 2019-07-29 18:14:01","timestamp":"2019-07-29 18:14:01"}
{"level":"info","message":"GET /on/line/state 1 2019-07-29 18:14:01","timestamp":"2019-07-29 18:14:01"}
{"level":"info","message":"GET /order/detail 6 2019-07-29 18:14:01","timestamp":"2019-07-29 18:14:01"}
{"level":"info","message":"GET /tv/count 2 2019-07-29 18:14:01","timestamp":"2019-07-29 18:14:01"}
{"level":"info","message":"GET /article/article_list 25 2019-07-29 18:14:01","timestamp":"2019-07-29 18:14:01"}
{"level":"info","message":"启动离线订单检测！间隔180000","timestamp":"2019-07-29 18:14:11"}
{"level":"info","message":"没有需要同步的订单！","timestamp":"2019-07-29 18:14:11"}
{"level":"info","message":"GET /system/info 7 2019-07-29 18:15:13","timestamp":"2019-07-29 18:15:13"}
{"level":"info","message":"GET /article/family_list 2 2019-07-29 18:15:13","timestamp":"2019-07-29 18:15:13"}
{"level":"info","message":"GET /order/detail 2 2019-07-29 18:15:13","timestamp":"2019-07-29 18:15:13"}
{"level":"info","message":"GET /on/line/state 0 2019-07-29 18:15:13","timestamp":"2019-07-29 18:15:13"}
{"level":"info","message":"GET /tv/count 2 2019-07-29 18:15:13","timestamp":"2019-07-29 18:15:13"}
{"level":"info","message":"GET /article/article_list 23 2019-07-29 18:15:14","timestamp":"2019-07-29 18:15:14"}
{"level":"info","message":"启动打印机检测！间隔240000","timestamp":"2019-07-29 18:16:10"}
{"level":"info","message":"GET /system/info 8 2019-07-29 18:16:58","timestamp":"2019-07-29 18:16:58"}
{"level":"info","message":"GET /on/line/state 1 2019-07-29 18:16:58","timestamp":"2019-07-29 18:16:58"}
{"level":"info","message":"GET /article/family_list 13 2019-07-29 18:16:58","timestamp":"2019-07-29 18:16:58"}
{"level":"info","message":"GET /order/detail 16 2019-07-29 18:16:58","timestamp":"2019-07-29 18:16:58"}
{"level":"info","message":"GET /tv/count 7 2019-07-29 18:16:58","timestamp":"2019-07-29 18:16:58"}
{"level":"info","message":"GET /article/article_list 29 2019-07-29 18:16:59","timestamp":"2019-07-29 18:16:59"}
{"level":"info","message":"启动离线订单检测！间隔180000","timestamp":"2019-07-29 18:17:11"}
{"level":"info","message":"没有需要同步的订单！","timestamp":"2019-07-29 18:17:11"}
{"level":"info","message":"GET /system/info 6 2019-07-29 18:18:23","timestamp":"2019-07-29 18:18:23"}
{"level":"info","message":"GET /article/family_list 2 2019-07-29 18:18:23","timestamp":"2019-07-29 18:18:23"}
{"level":"info","message":"GET /order/detail 2 2019-07-29 18:18:23","timestamp":"2019-07-29 18:18:23"}
{"level":"info","message":"GET /on/line/state 1 2019-07-29 18:18:23","timestamp":"2019-07-29 18:18:23"}
{"level":"info","message":"GET /tv/count 3 2019-07-29 18:18:23","timestamp":"2019-07-29 18:18:23"}
{"level":"info","message":"GET /article/article_list 28 2019-07-29 18:18:23","timestamp":"2019-07-29 18:18:23"}
{"level":"info","message":"GET /system/info 3 2019-07-29 18:19:40","timestamp":"2019-07-29 18:19:40"}
{"level":"info","message":"GET /article/family_list 4 2019-07-29 18:19:40","timestamp":"2019-07-29 18:19:40"}
{"level":"info","message":"GET /on/line/state 1 2019-07-29 18:19:40","timestamp":"2019-07-29 18:19:40"}
{"level":"info","message":"GET /order/detail 12 2019-07-29 18:19:40","timestamp":"2019-07-29 18:19:40"}
{"level":"info","message":"GET /tv/count 5 2019-07-29 18:19:40","timestamp":"2019-07-29 18:19:40"}
{"level":"info","message":"GET /article/article_list 27 2019-07-29 18:19:41","timestamp":"2019-07-29 18:19:41"}
{"level":"info","message":"启动打印机检测！间隔240000","timestamp":"2019-07-29 18:20:10"}
{"level":"info","message":"启动离线订单检测！间隔180000","timestamp":"2019-07-29 18:20:11"}
{"level":"info","message":"没有需要同步的订单！","timestamp":"2019-07-29 18:20:11"}
{"level":"info","message":"GET /system/info 3 2019-07-29 18:20:12","timestamp":"2019-07-29 18:20:12"}
{"level":"info","message":"GET /article/family_list 2 2019-07-29 18:20:12","timestamp":"2019-07-29 18:20:12"}
{"level":"info","message":"GET /order/detail 3 2019-07-29 18:20:12","timestamp":"2019-07-29 18:20:12"}
{"level":"info","message":"GET /on/line/state 0 2019-07-29 18:20:12","timestamp":"2019-07-29 18:20:12"}
{"level":"info","message":"GET /tv/count 3 2019-07-29 18:20:12","timestamp":"2019-07-29 18:20:12"}
{"level":"info","message":"GET /article/article_list 30 2019-07-29 18:20:12","timestamp":"2019-07-29 18:20:12"}
{"level":"info","message":"GET /on/line/state 12 2019-07-29 18:22:14","timestamp":"2019-07-29 18:22:14"}
{"level":"info","message":"启动离线订单检测！间隔180000","timestamp":"2019-07-29 18:23:11"}
{"level":"info","message":"没有需要同步的订单！","timestamp":"2019-07-29 18:23:11"}
{"level":"info","message":"启动打印机检测！间隔240000","timestamp":"2019-07-29 18:24:10"}
{"level":"info","message":"启动离线订单检测！间隔180000","timestamp":"2019-07-29 18:26:11"}
{"level":"info","message":"没有需要同步的订单！","timestamp":"2019-07-29 18:26:11"}
{"level":"info","message":"GET /on/line/state 0 2019-07-29 18:26:12","timestamp":"2019-07-29 18:26:12"}
{"level":"info","message":"启动打印机检测！间隔240000","timestamp":"2019-07-29 18:28:10"}
{"level":"info","message":"GET /system/info 6 2019-07-29 18:28:55","timestamp":"2019-07-29 18:28:55"}
{"level":"info","message":"GET /article/family_list 5 2019-07-29 18:28:56","timestamp":"2019-07-29 18:28:56"}
{"level":"info","message":"GET /on/line/state 1 2019-07-29 18:28:56","timestamp":"2019-07-29 18:28:56"}
{"level":"info","message":"GET /order/detail 15 2019-07-29 18:28:56","timestamp":"2019-07-29 18:28:56"}
{"level":"info","message":"GET /tv/count 5 2019-07-29 18:28:56","timestamp":"2019-07-29 18:28:56"}
{"level":"info","message":"GET /article/article_list 24 2019-07-29 18:28:56","timestamp":"2019-07-29 18:28:56"}
{"level":"info","message":"启动离线订单检测！间隔180000","timestamp":"2019-07-29 18:29:11"}
{"level":"info","message":"没有需要同步的订单！","timestamp":"2019-07-29 18:29:11"}
{"level":"info","message":"GET /system/info 5 2019-07-29 18:29:56","timestamp":"2019-07-29 18:29:56"}
{"level":"info","message":"GET /on/line/state 1 2019-07-29 18:29:56","timestamp":"2019-07-29 18:29:56"}
{"level":"info","message":"GET /article/family_list 18 2019-07-29 18:29:56","timestamp":"2019-07-29 18:29:56"}
{"level":"info","message":"GET /order/detail 15 2019-07-29 18:29:56","timestamp":"2019-07-29 18:29:56"}
{"level":"info","message":"GET /tv/count 7 2019-07-29 18:29:56","timestamp":"2019-07-29 18:29:56"}
{"level":"info","message":"GET /article/article_list 24 2019-07-29 18:29:56","timestamp":"2019-07-29 18:29:56"}
{"level":"info","message":"启动打印机检测！间隔240000","timestamp":"2019-07-29 18:32:10"}
{"level":"info","message":"启动离线订单检测！间隔180000","timestamp":"2019-07-29 18:32:11"}
{"level":"info","message":"没有需要同步的订单！","timestamp":"2019-07-29 18:32:11"}
{"level":"info","message":"启动离线订单检测！间隔180000","timestamp":"2019-07-29 18:35:11"}
{"level":"info","message":"没有需要同步的订单！","timestamp":"2019-07-29 18:35:11"}
{"level":"info","message":"启动打印机检测！间隔240000","timestamp":"2019-07-29 18:36:10"}
{"level":"info","message":"启动离线订单检测！间隔180000","timestamp":"2019-07-29 18:38:11"}
{"level":"info","message":"没有需要同步的订单！","timestamp":"2019-07-29 18:38:11"}
{"level":"info","message":"启动打印机检测！间隔240000","timestamp":"2019-07-29 18:40:11"}
{"level":"info","message":"启动离线订单检测！间隔180000","timestamp":"2019-07-29 18:41:11"}
{"level":"info","message":"没有需要同步的订单！","timestamp":"2019-07-29 18:41:11"}
{"level":"info","message":"GET /on/line/state 0 2019-07-29 18:41:34","timestamp":"2019-07-29 18:41:34"}
{"level":"info","message":"GET /system/info 89 2019-07-29 18:44:09","timestamp":"2019-07-29 18:44:09"}
{"level":"info","message":"GET /article/family_list 5 2019-07-29 18:44:10","timestamp":"2019-07-29 18:44:10"}
{"level":"info","message":"GET /order/detail 5 2019-07-29 18:44:10","timestamp":"2019-07-29 18:44:10"}
{"level":"info","message":"GET /on/line/state 1 2019-07-29 18:44:10","timestamp":"2019-07-29 18:44:10"}
{"level":"info","message":"GET /tv/count 3 2019-07-29 18:44:10","timestamp":"2019-07-29 18:44:10"}
{"level":"info","message":"GET /article/article_list 28 2019-07-29 18:44:10","timestamp":"2019-07-29 18:44:10"}
{"level":"info","message":"启动打印机检测！间隔240000","timestamp":"2019-07-29 18:44:11"}
{"level":"info","message":"启动离线订单检测！间隔180000","timestamp":"2019-07-29 18:44:11"}
{"level":"info","message":"没有需要同步的订单！","timestamp":"2019-07-29 18:44:11"}
{"level":"info","message":"GET /system/info 3 2019-07-29 18:44:53","timestamp":"2019-07-29 18:44:53"}
{"level":"info","message":"GET /article/family_list 4 2019-07-29 18:44:53","timestamp":"2019-07-29 18:44:53"}
{"level":"info","message":"GET /on/line/state 0 2019-07-29 18:44:53","timestamp":"2019-07-29 18:44:53"}
{"level":"info","message":"GET /order/detail 6 2019-07-29 18:44:53","timestamp":"2019-07-29 18:44:53"}
{"level":"info","message":"GET /tv/count 2 2019-07-29 18:44:53","timestamp":"2019-07-29 18:44:53"}
{"level":"info","message":"GET /article/article_list 25 2019-07-29 18:44:54","timestamp":"2019-07-29 18:44:54"}
{"level":"info","message":"GET /system/info 3 2019-07-29 18:45:11","timestamp":"2019-07-29 18:45:11"}
{"level":"info","message":"GET /article/family_list 3 2019-07-29 18:45:12","timestamp":"2019-07-29 18:45:12"}
{"level":"info","message":"GET /order/detail 3 2019-07-29 18:45:12","timestamp":"2019-07-29 18:45:12"}
{"level":"info","message":"GET /on/line/state 1 2019-07-29 18:45:12","timestamp":"2019-07-29 18:45:12"}
{"level":"info","message":"GET /tv/count 3 2019-07-29 18:45:12","timestamp":"2019-07-29 18:45:12"}
{"level":"info","message":"GET /article/article_list 23 2019-07-29 18:45:12","timestamp":"2019-07-29 18:45:12"}
{"level":"info","message":"GET /tv/count 2 2019-07-29 18:46:32","timestamp":"2019-07-29 18:46:32"}
{"level":"info","message":"GET /tv/wait 7 2019-07-29 18:46:32","timestamp":"2019-07-29 18:46:32"}
{"level":"info","message":"GET /tv/count 2 2019-07-29 18:46:34","timestamp":"2019-07-29 18:46:34"}
{"level":"info","message":"GET /article/family_list 3 2019-07-29 18:46:34","timestamp":"2019-07-29 18:46:34"}
{"level":"info","message":"GET /order/detail 4 2019-07-29 18:46:34","timestamp":"2019-07-29 18:46:34"}
{"level":"info","message":"GET /tv/count 3 2019-07-29 18:46:34","timestamp":"2019-07-29 18:46:34"}
{"level":"info","message":"GET /article/article_list 37 2019-07-29 18:46:34","timestamp":"2019-07-29 18:46:34"}
{"level":"info","message":"启动离线订单检测！间隔180000","timestamp":"2019-07-29 18:47:11"}
{"level":"info","message":"没有需要同步的订单！","timestamp":"2019-07-29 18:47:11"}
{"level":"info","message":"启动打印机检测！间隔240000","timestamp":"2019-07-29 18:48:11"}
{"level":"info","message":"GET /system/info 4 2019-07-29 18:48:45","timestamp":"2019-07-29 18:48:45"}
{"level":"info","message":"GET /on/line/state 0 2019-07-29 18:48:45","timestamp":"2019-07-29 18:48:45"}
{"level":"info","message":"GET /article/family_list 11 2019-07-29 18:48:45","timestamp":"2019-07-29 18:48:45"}
{"level":"info","message":"GET /order/detail 13 2019-07-29 18:48:45","timestamp":"2019-07-29 18:48:45"}
{"level":"info","message":"GET /tv/count 5 2019-07-29 18:48:45","timestamp":"2019-07-29 18:48:45"}
{"level":"info","message":"GET /article/article_list 39 2019-07-29 18:48:46","timestamp":"2019-07-29 18:48:46"}
{"level":"info","message":"GET /system/info 4 2019-07-29 18:49:02","timestamp":"2019-07-29 18:49:02"}
{"level":"info","message":"GET /article/family_list 8 2019-07-29 18:49:02","timestamp":"2019-07-29 18:49:02"}
{"level":"info","message":"GET /on/line/state 1 2019-07-29 18:49:02","timestamp":"2019-07-29 18:49:02"}
{"level":"info","message":"GET /order/detail 12 2019-07-29 18:49:02","timestamp":"2019-07-29 18:49:02"}
{"level":"info","message":"GET /tv/count 9 2019-07-29 18:49:02","timestamp":"2019-07-29 18:49:02"}
{"level":"info","message":"GET /article/article_list 20 2019-07-29 18:49:02","timestamp":"2019-07-29 18:49:02"}
{"level":"info","message":"GET /system/info 6 2019-07-29 18:49:59","timestamp":"2019-07-29 18:49:59"}
{"level":"info","message":"GET /article/family_list 3 2019-07-29 18:50:00","timestamp":"2019-07-29 18:50:00"}
{"level":"info","message":"GET /order/detail 2 2019-07-29 18:50:00","timestamp":"2019-07-29 18:50:00"}
{"level":"info","message":"GET /on/line/state 0 2019-07-29 18:50:00","timestamp":"2019-07-29 18:50:00"}
{"level":"info","message":"GET /tv/count 2 2019-07-29 18:50:00","timestamp":"2019-07-29 18:50:00"}
{"level":"info","message":"GET /article/article_list 23 2019-07-29 18:50:00","timestamp":"2019-07-29 18:50:00"}
{"level":"info","message":"启动离线订单检测！间隔180000","timestamp":"2019-07-29 18:50:11"}
{"level":"info","message":"没有需要同步的订单！","timestamp":"2019-07-29 18:50:11"}
{"level":"info","message":"GET /system/info 7 2019-07-29 18:51:46","timestamp":"2019-07-29 18:51:46"}
{"level":"info","message":"GET /on/line/state 1 2019-07-29 18:51:47","timestamp":"2019-07-29 18:51:47"}
{"level":"info","message":"GET /article/family_list 18 2019-07-29 18:51:47","timestamp":"2019-07-29 18:51:47"}
{"level":"info","message":"GET /order/detail 17 2019-07-29 18:51:47","timestamp":"2019-07-29 18:51:47"}
{"level":"info","message":"GET /tv/count 11 2019-07-29 18:51:47","timestamp":"2019-07-29 18:51:47"}
{"level":"info","message":"GET /article/article_list 32 2019-07-29 18:51:47","timestamp":"2019-07-29 18:51:47"}
{"level":"info","message":"启动打印机检测！间隔240000","timestamp":"2019-07-29 18:52:11"}
{"level":"info","message":"启动离线订单检测！间隔180000","timestamp":"2019-07-29 18:53:11"}
{"level":"info","message":"没有需要同步的订单！","timestamp":"2019-07-29 18:53:11"}
{"level":"info","message":"GET /on/line/state 0 2019-07-29 18:55:08","timestamp":"2019-07-29 18:55:08"}
{"level":"info","message":"启动打印机检测！间隔240000","timestamp":"2019-07-29 18:56:11"}
{"level":"info","message":"启动离线订单检测！间隔180000","timestamp":"2019-07-29 18:56:11"}
{"level":"info","message":"没有需要同步的订单！","timestamp":"2019-07-29 18:56:11"}
{"level":"info","message":"GET /on/line/state 1 2019-07-29 18:58:44","timestamp":"2019-07-29 18:58:44"}
{"level":"info","message":"启动离线订单检测！间隔180000","timestamp":"2019-07-29 18:59:11"}
{"level":"info","message":"没有需要同步的订单！","timestamp":"2019-07-29 18:59:11"}
