{"level":"info","message":"mqtt成功连接到：ws://test.emq.restoplus.cn:8083/mqtt","timestamp":"2019-05-14 10:13:55"}
{"level":"info","message":"订阅成功--$queue/winPos/+/2f83afee7a0e4822a6729145dd53af33/097091c36ee94f0fb6b4828bb2f6d16b/+/+/+","timestamp":"2019-05-14 10:13:55"}
{"level":"info","message":"允许接收的平台=>posAdmin-dev,resto-dev","timestamp":"2019-05-14 10:13:55"}
{"level":"error","message":"==mqtt==close==你已断开连接,异常退出","timestamp":"2019-05-14 10:14:34"}
{"level":"error","message":"==mqtt==reconnect==正在尝试重新连接","timestamp":"2019-05-14 10:14:51"}
{"level":"info","message":"mqtt成功连接到：ws://test.emq.restoplus.cn:8083/mqtt","timestamp":"2019-05-14 10:14:51"}
{"level":"info","message":"订阅成功--$queue/winPos/+/2f83afee7a0e4822a6729145dd53af33/097091c36ee94f0fb6b4828bb2f6d16b/+/+/+","timestamp":"2019-05-14 10:14:51"}
{"level":"info","message":"允许接收的平台=>posAdmin-dev,resto-dev","timestamp":"2019-05-14 10:14:51"}
{"level":"info","message":"GET /system/info 312 2019-05-14 10:17:35","timestamp":"2019-05-14 10:17:35"}
{"level":"info","message":"GET /order/order_state_count 73 2019-05-14 10:17:38","timestamp":"2019-05-14 10:17:38"}
{"level":"info","message":"GET /area 71 2019-05-14 10:17:38","timestamp":"2019-05-14 10:17:38"}
{"level":"info","message":"GET /table/list 73 2019-05-14 10:17:38","timestamp":"2019-05-14 10:17:38"}
{"level":"info","message":"GET /order/detail 88 2019-05-14 10:17:38","timestamp":"2019-05-14 10:17:38"}
{"level":"error","message":"==mqtt==close==你已断开连接,正常退出","timestamp":"2019-05-14 10:28:05"}
{"level":"error","message":"==mqtt==reconnect==正在尝试重新连接","timestamp":"2019-05-14 10:28:20"}
{"level":"info","message":"mqtt成功连接到：ws://test.emq.restoplus.cn:8083/mqtt","timestamp":"2019-05-14 10:28:20"}
{"level":"info","message":"订阅成功--$queue/winPos/+/2f83afee7a0e4822a6729145dd53af33/097091c36ee94f0fb6b4828bb2f6d16b/+/+/+","timestamp":"2019-05-14 10:28:20"}
{"level":"info","message":"允许接收的平台=>posAdmin-dev,resto-dev","timestamp":"2019-05-14 10:28:20"}
{"level":"info","message":"GET /order/no_pay 6 2019-05-14 10:29:48","timestamp":"2019-05-14 10:29:48"}
{"level":"info","message":"GET /order/order_state_count 13 2019-05-14 10:29:48","timestamp":"2019-05-14 10:29:48"}
{"level":"info","message":"GET /order/detail 8 2019-05-14 10:29:48","timestamp":"2019-05-14 10:29:48"}
{"level":"info","message":"GET /order/get_order_test 39 2019-05-14 10:29:48","timestamp":"2019-05-14 10:29:48"}
{"level":"info","message":"GET /order/detail 7 2019-05-14 10:29:49","timestamp":"2019-05-14 10:29:49"}
{"level":"info","message":"GET /order/get_order_test 5 2019-05-14 10:29:50","timestamp":"2019-05-14 10:29:50"}
{"level":"info","message":"GET /order/detail 8 2019-05-14 10:29:50","timestamp":"2019-05-14 10:29:50"}
{"level":"info","message":"GET /order/get_order_test 4 2019-05-14 10:29:51","timestamp":"2019-05-14 10:29:51"}
{"level":"info","message":"GET /order/detail 9 2019-05-14 10:29:51","timestamp":"2019-05-14 10:29:51"}
{"level":"info","message":"GET /order/get_order_test 4 2019-05-14 10:29:51","timestamp":"2019-05-14 10:29:51"}
{"level":"info","message":"GET /order/detail 10 2019-05-14 10:29:51","timestamp":"2019-05-14 10:29:51"}
{"level":"info","message":"GET /order/get_order_test 3 2019-05-14 10:29:52","timestamp":"2019-05-14 10:29:52"}
{"level":"info","message":"GET /order/detail 15 2019-05-14 10:29:52","timestamp":"2019-05-14 10:29:52"}
{"level":"info","message":"GET /order/get_order_test 39 2019-05-14 10:29:53","timestamp":"2019-05-14 10:29:53"}
{"level":"info","message":"GET /order/detail 9 2019-05-14 10:30:23","timestamp":"2019-05-14 10:30:23"}
{"level":"info","message":"GET /article/family_list 3 2019-05-14 10:30:23","timestamp":"2019-05-14 10:30:24"}
{"level":"info","message":"GET /article/article_list 68 2019-05-14 10:30:24","timestamp":"2019-05-14 10:30:24"}
{"level":"info","message":"GET /order/order_state_count 7 2019-05-14 10:38:20","timestamp":"2019-05-14 10:38:20"}
{"level":"info","message":"GET /order/detail 14 2019-05-14 10:38:20","timestamp":"2019-05-14 10:38:20"}
{"level":"info","message":"GET /area 4 2019-05-14 10:38:20","timestamp":"2019-05-14 10:38:20"}
{"level":"info","message":"GET /table/list 6 2019-05-14 10:38:20","timestamp":"2019-05-14 10:38:20"}
{"level":"info","message":"GET /order/no_pay 5 2019-05-14 10:38:21","timestamp":"2019-05-14 10:38:21"}
{"level":"info","message":"GET /order/order_state_count 7 2019-05-14 10:38:21","timestamp":"2019-05-14 10:38:21"}
{"level":"info","message":"GET /order/detail 6 2019-05-14 10:38:21","timestamp":"2019-05-14 10:38:21"}
{"level":"info","message":"GET /order/get_order_test 4 2019-05-14 10:38:22","timestamp":"2019-05-14 10:38:22"}
{"level":"info","message":"GET /order/detail 7 2019-05-14 10:38:27","timestamp":"2019-05-14 10:38:27"}
{"level":"info","message":"GET /order/discount_info 4 2019-05-14 10:38:27","timestamp":"2019-05-14 10:38:27"}
{"level":"info","message":"GET /order/detail 11 2019-05-14 10:38:27","timestamp":"2019-05-14 10:38:27"}
{"level":"info","message":"GET /order/order_items 10 2019-05-14 10:38:27","timestamp":"2019-05-14 10:38:27"}
{"level":"info","message":"GET /order/order_state_count 4 2019-05-14 10:38:29","timestamp":"2019-05-14 10:38:29"}
{"level":"info","message":"GET /area 1 2019-05-14 10:38:29","timestamp":"2019-05-14 10:38:29"}
{"level":"info","message":"GET /table/list 5 2019-05-14 10:38:29","timestamp":"2019-05-14 10:38:29"}
{"level":"error","message":"==mqtt==close==你已断开连接,异常退出","timestamp":"2019-05-14 13:43:02"}
{"level":"error","message":"==mqtt==reconnect==正在尝试重新连接","timestamp":"2019-05-14 13:43:17"}
{"level":"info","message":"mqtt成功连接到：ws://test.emq.restoplus.cn:8083/mqtt","timestamp":"2019-05-14 13:43:17"}
{"level":"info","message":"订阅成功--$queue/winPos/+/2f83afee7a0e4822a6729145dd53af33/097091c36ee94f0fb6b4828bb2f6d16b/+/+/+","timestamp":"2019-05-14 13:43:17"}
{"level":"info","message":"允许接收的平台=>posAdmin-dev,resto-dev","timestamp":"2019-05-14 13:43:17"}
{"level":"error","message":"==mqtt==close==你已断开连接,异常退出","timestamp":"2019-05-14 14:12:03"}
{"level":"error","message":"==mqtt==reconnect==正在尝试重新连接","timestamp":"2019-05-14 14:12:18"}
{"level":"info","message":"mqtt成功连接到：ws://test.emq.restoplus.cn:8083/mqtt","timestamp":"2019-05-14 14:12:18"}
{"level":"info","message":"订阅成功--$queue/winPos/+/2f83afee7a0e4822a6729145dd53af33/097091c36ee94f0fb6b4828bb2f6d16b/+/+/+","timestamp":"2019-05-14 14:12:18"}
{"level":"info","message":"允许接收的平台=>posAdmin-dev,resto-dev","timestamp":"2019-05-14 14:12:18"}
{"level":"error","message":"==mqtt==close==你已断开连接,异常退出","timestamp":"2019-05-14 15:56:05"}
{"level":"error","message":"==mqtt==reconnect==正在尝试重新连接","timestamp":"2019-05-14 15:56:20"}
{"level":"info","message":"mqtt成功连接到：ws://test.emq.restoplus.cn:8083/mqtt","timestamp":"2019-05-14 15:56:20"}
{"level":"info","message":"订阅成功--$queue/winPos/+/2f83afee7a0e4822a6729145dd53af33/097091c36ee94f0fb6b4828bb2f6d16b/+/+/+","timestamp":"2019-05-14 15:56:20"}
{"level":"info","message":"允许接收的平台=>posAdmin-dev,resto-dev","timestamp":"2019-05-14 15:56:20"}
{"level":"info","message":"GET /order/order_state_count 16 2019-05-14 15:59:55","timestamp":"2019-05-14 15:59:55"}
{"level":"info","message":"GET /area 14 2019-05-14 15:59:55","timestamp":"2019-05-14 15:59:55"}
{"level":"info","message":"GET /table/list 13 2019-05-14 15:59:55","timestamp":"2019-05-14 15:59:55"}
{"level":"info","message":"GET /order/wait_order 9 2019-05-14 16:00:00","timestamp":"2019-05-14 16:00:00"}
{"level":"info","message":"GET /order/order_state_count 11 2019-05-14 16:00:00","timestamp":"2019-05-14 16:00:00"}
{"level":"info","message":"GET /order/detail 8 2019-05-14 16:00:00","timestamp":"2019-05-14 16:00:00"}
{"level":"info","message":"GET /order/get_order_test 3 2019-05-14 16:00:00","timestamp":"2019-05-14 16:00:00"}
{"level":"info","message":"GET /order/no_pay 7 2019-05-14 16:00:02","timestamp":"2019-05-14 16:00:02"}
{"level":"info","message":"GET /order/order_state_count 8 2019-05-14 16:00:02","timestamp":"2019-05-14 16:00:02"}
{"level":"info","message":"GET /order/detail 6 2019-05-14 16:00:02","timestamp":"2019-05-14 16:00:02"}
{"level":"info","message":"GET /order/get_order_test 4 2019-05-14 16:00:03","timestamp":"2019-05-14 16:00:03"}
{"level":"info","message":"GET /order/wait_order 5 2019-05-14 16:00:05","timestamp":"2019-05-14 16:00:05"}
{"level":"info","message":"GET /order/order_state_count 7 2019-05-14 16:00:05","timestamp":"2019-05-14 16:00:05"}
{"level":"info","message":"GET /order/detail 5 2019-05-14 16:00:05","timestamp":"2019-05-14 16:00:05"}
{"level":"info","message":"GET /order/get_order_test 2 2019-05-14 16:00:06","timestamp":"2019-05-14 16:00:06"}
{"level":"info","message":"GET /order/no_pay 10 2019-05-14 16:00:08","timestamp":"2019-05-14 16:00:08"}
{"level":"info","message":"GET /order/order_state_count 9 2019-05-14 16:00:08","timestamp":"2019-05-14 16:00:08"}
{"level":"info","message":"GET /order/detail 6 2019-05-14 16:00:08","timestamp":"2019-05-14 16:00:08"}
{"level":"info","message":"GET /order/get_order_test 2 2019-05-14 16:00:08","timestamp":"2019-05-14 16:00:08"}
{"level":"info","message":"GET /table/list 9 2019-05-14 16:00:28","timestamp":"2019-05-14 16:00:28"}
{"level":"info","message":"GET /order/order_state_count 12 2019-05-14 16:00:28","timestamp":"2019-05-14 16:00:28"}
{"level":"info","message":"POST /bindTable 109 2019-05-14 16:00:35","timestamp":"2019-05-14 16:00:35"}
{"level":"info","message":"GET /article/family_list 4 2019-05-14 16:00:35","timestamp":"2019-05-14 16:00:35"}
{"level":"info","message":"GET /order/detail 9 2019-05-14 16:00:35","timestamp":"2019-05-14 16:00:35"}
{"level":"info","message":"GET /article/article_list 17 2019-05-14 16:00:36","timestamp":"2019-05-14 16:00:36"}
{"level":"info","message":"POST /pushOrder 218 2019-05-14 16:00:39","timestamp":"2019-05-14 16:00:39"}
{"level":"info","message":"GET /order/order_state_count 34 2019-05-14 16:00:39","timestamp":"2019-05-14 16:00:39"}
{"level":"info","message":"GET /area 33 2019-05-14 16:00:39","timestamp":"2019-05-14 16:00:39"}
{"level":"info","message":"GET /table/list 35 2019-05-14 16:00:39","timestamp":"2019-05-14 16:00:39"}
{"level":"info","message":"推送EMQ:resto-dev/2f83afee7a0e4822a6729145dd53af33/097091c36ee94f0fb6b4828bb2f6d16b/order/creator/0335816b2e77483fa38f7fffbe13d37d \n {\"master_order_id\":\"0335816b2e77483fa38f7fffbe13d37d\",\"order_arr\":[{\"id\":\"0335816b2e77483fa38f7fffbe13d37d\",\"table_number\":\"1\",\"customer_count\":2,\"accounting_time\":\"2019-05-14\",\"order_state\":1,\"production_status\":2,\"original_amount\":2,\"order_money\":2,\"origin_money\":null,\"article_count\":2,\"serial_number\":\"201905141600357650\",\"allow_cancel\":0,\"closed\":0,\"create_time\":\"1557820835766\",\"push_order_time\":null,\"print_order_time\":\"1557820839043\",\"remark\":\"\",\"distribution_mode_id\":1,\"amount_with_children\":0,\"parent_order_id\":null,\"service_price\":0,\"is_pos_pay\":0,\"pay_type\":1,\"count_with_child\":0,\"allow_continue_order\":0,\"payment_amount\":2,\"customer_id\":\"0\",\"customer_address_id\":null,\"ver_code\":\"16147\",\"pay_mode\":0,\"meal_fee_price\":0,\"meal_all_number\":0,\"order_mode\":6,\"allow_appraise\":0,\"confirm_time\":null,\"order_number\":1,\"call_number_time\":null,\"call_times\":0,\"shop_detail_id\":\"d2ff1bbb8c6f4fd8adb3949f76f8c1b6\",\"data_origin\":\"0\",\"sync_state\":1,\"last_sync_time\":\"1557820838790\",\"order_pos_discount_money\":\"0\",\"member_discount_money\":\"0\",\"erase_money\":\"0\",\"reduce_money\":\"0\",\"real_erase_money\":\"0\",\"pos_discount\":\"100\",\"no_discount_money\":\"0\",\"exemption_money\":\"0\",\"need_confirm_order_item\":0,\"sauce_fee_count\":\"2\",\"sauce_fee_price\":null,\"towel_fee_count\":\"2\",\"towel_fee_price\":0,\"tableware_fee_count\":\"2\",\"tableware_fee_price\":0,\"is_use_new_service\":0,\"grant_money\":0}],\"order_item\":[{\"id\":\"903383b852e14e679906e734d8473766\",\"order_id\":\"0335816b2e77483fa38f7fffbe13d37d\",\"article_id\":\"22d09d78c4ef4244b375de91acfa587a\",\"article_name\":\"蜜糖鸡翅(2件)\",\"count\":1,\"original_price\":1,\"no_discount_price\":null,\"unit_price\":1,\"final_price\":1,\"remark\":\"100%\",\"sort\":0,\"status\":1,\"type\":1,\"parent_id\":null,\"create_time\":\"1557820838821\",\"meal_item_id\":\"0\",\"kitchen_id\":\"\",\"recommend_id\":\"\",\"orgin_count\":1,\"refund_count\":0,\"grant_count\":0,\"meal_fee_number\":0,\"change_count\":0,\"print_fail_flag\":0,\"pos_discount\":100,\"weight\":0,\"need_remind\":0},{\"id\":\"54a4c621c9d14a0a93b89a5bc1d2c577\",\"order_id\":\"0335816b2e77483fa38f7fffbe13d37d\",\"article_id\":\"22ec4f4ec9034e018747809015dea060\",\"article_name\":\"不想吃\",\"count\":1,\"original_price\":1,\"no_discount_price\":null,\"unit_price\":1,\"final_price\":1,\"remark\":\"100%\",\"sort\":0,\"status\":1,\"type\":1,\"parent_id\":null,\"create_time\":\"1557820838971\",\"meal_item_id\":\"0\",\"kitchen_id\":\"\",\"recommend_id\":\"\",\"orgin_count\":1,\"refund_count\":0,\"grant_count\":0,\"meal_fee_number\":0,\"change_count\":0,\"print_fail_flag\":0,\"pos_discount\":100,\"weight\":0,\"need_remind\":0}]}","timestamp":"2019-05-14 16:00:39"}
{"level":"info","message":"GET /order/detail 206 2019-05-14 16:00:39","timestamp":"2019-05-14 16:00:39"}
{"level":"info","message":"GET /order/get_order_test 3 2019-05-14 16:00:39","timestamp":"2019-05-14 16:00:39"}
{"level":"info","message":"GET /order/discount_info 2 2019-05-14 16:00:41","timestamp":"2019-05-14 16:00:41"}
{"level":"info","message":"GET /order/order_items 17 2019-05-14 16:00:41","timestamp":"2019-05-14 16:00:41"}
{"level":"info","message":"GET /order/detail 18 2019-05-14 16:00:41","timestamp":"2019-05-14 16:00:41"}
{"level":"info","message":"GET /order/detail 11 2019-05-14 16:00:41","timestamp":"2019-05-14 16:00:41"}
{"level":"info","message":"POST /order/discount 56 2019-05-14 16:00:52","timestamp":"2019-05-14 16:00:52"}
{"level":"info","message":"GET /order/discount_info 3 2019-05-14 16:00:52","timestamp":"2019-05-14 16:00:52"}
{"level":"info","message":"GET /order/detail 12 2019-05-14 16:00:52","timestamp":"2019-05-14 16:00:52"}
{"level":"info","message":"POST /orderPay 69 2019-05-14 16:01:01","timestamp":"2019-05-14 16:01:01"}
{"message":"SQLITE_ERROR: no such column: type","stack":"SequelizeDatabaseError: SQLITE_ERROR: no such column: type\n    at Query.formatError (/Users/chintec/Documents/node/resto-newpos/node_modules/sequelize/lib/dialects/sqlite/query.js:423:16)\n    at afterExecute (/Users/chintec/Documents/node/resto-newpos/node_modules/sequelize/lib/dialects/sqlite/query.js:119:32)\n    at Statement.errBack (/Users/chintec/Documents/node/resto-newpos/node_modules/sqlite3/lib/sqlite3.js:16:21)","name":"SequelizeDatabaseError","parent":{"errno":1,"code":"SQLITE_ERROR","sql":"SELECT `id`, `order_id` AS `orderId`, `payment_mode_id` AS `paymentModeId`, `pay_value` AS `payValue`, `pay_time` AS `payTime`, `remark`, `result_data` AS `resultData`, `is_use_bonus` AS `isUseBonus`, `to_pay_id` AS `toPayId`, `refund_source_id` AS `refundSourceId`, `type` FROM `tb_order_payment_item` AS `tb_order_payment_item` WHERE `tb_order_payment_item`.`order_id` = '0335816b2e77483fa38f7fffbe13d37d';"},"original":{"errno":1,"code":"SQLITE_ERROR","sql":"SELECT `id`, `order_id` AS `orderId`, `payment_mode_id` AS `paymentModeId`, `pay_value` AS `payValue`, `pay_time` AS `payTime`, `remark`, `result_data` AS `resultData`, `is_use_bonus` AS `isUseBonus`, `to_pay_id` AS `toPayId`, `refund_source_id` AS `refundSourceId`, `type` FROM `tb_order_payment_item` AS `tb_order_payment_item` WHERE `tb_order_payment_item`.`order_id` = '0335816b2e77483fa38f7fffbe13d37d';"},"sql":"SELECT `id`, `order_id` AS `orderId`, `payment_mode_id` AS `paymentModeId`, `pay_value` AS `payValue`, `pay_time` AS `payTime`, `remark`, `result_data` AS `resultData`, `is_use_bonus` AS `isUseBonus`, `to_pay_id` AS `toPayId`, `refund_source_id` AS `refundSourceId`, `type` FROM `tb_order_payment_item` AS `tb_order_payment_item` WHERE `tb_order_payment_item`.`order_id` = '0335816b2e77483fa38f7fffbe13d37d';","level":"error","timestamp":"2019-05-14 16:01:01"}
{"level":"info","message":"GET /order/order_state_count 12 2019-05-14 16:01:01","timestamp":"2019-05-14 16:01:01"}
{"level":"info","message":"GET /area 7 2019-05-14 16:01:01","timestamp":"2019-05-14 16:01:01"}
{"level":"info","message":"GET /table/list 5 2019-05-14 16:01:01","timestamp":"2019-05-14 16:01:01"}
{"level":"info","message":"GET /order/pay 7 2019-05-14 16:01:04","timestamp":"2019-05-14 16:01:04"}
{"level":"info","message":"GET /order/order_state_count 8 2019-05-14 16:01:04","timestamp":"2019-05-14 16:01:04"}
{"level":"info","message":"GET /order/detail 10 2019-05-14 16:01:04","timestamp":"2019-05-14 16:01:04"}
{"level":"info","message":"GET /order/get_order_test 3 2019-05-14 16:01:04","timestamp":"2019-05-14 16:01:04"}
{"level":"info","message":"GET /system/info 7 2019-05-14 16:30:56","timestamp":"2019-05-14 16:30:56"}
{"level":"info","message":"GET /order/order_state_count 7 2019-05-14 16:30:57","timestamp":"2019-05-14 16:30:57"}
{"level":"info","message":"GET /area 4 2019-05-14 16:30:57","timestamp":"2019-05-14 16:30:57"}
{"level":"info","message":"GET /table/list 8 2019-05-14 16:30:57","timestamp":"2019-05-14 16:30:57"}
{"level":"info","message":"GET /order/detail 16 2019-05-14 16:30:57","timestamp":"2019-05-14 16:30:57"}
{"level":"info","message":"GET /system/info 6 2019-05-14 16:34:04","timestamp":"2019-05-14 16:34:04"}
{"level":"info","message":"GET /order/order_state_count 8 2019-05-14 16:34:05","timestamp":"2019-05-14 16:34:05"}
{"level":"info","message":"GET /area 7 2019-05-14 16:34:05","timestamp":"2019-05-14 16:34:05"}
{"level":"info","message":"GET /table/list 7 2019-05-14 16:34:05","timestamp":"2019-05-14 16:34:05"}
{"level":"info","message":"GET /system/info 6 2019-05-14 17:16:55","timestamp":"2019-05-14 17:16:55"}
{"level":"info","message":"GET /order/order_state_count 10 2019-05-14 17:16:56","timestamp":"2019-05-14 17:16:56"}
{"level":"info","message":"GET /area 8 2019-05-14 17:16:56","timestamp":"2019-05-14 17:16:56"}
{"level":"info","message":"GET /table/list 7 2019-05-14 17:16:56","timestamp":"2019-05-14 17:16:56"}
{"level":"info","message":"GET /order/wait_order 9 2019-05-14 17:17:59","timestamp":"2019-05-14 17:17:59"}
{"level":"info","message":"GET /order/order_state_count 10 2019-05-14 17:17:59","timestamp":"2019-05-14 17:17:59"}
{"level":"info","message":"GET /order/detail 7 2019-05-14 17:18:00","timestamp":"2019-05-14 17:18:00"}
{"level":"info","message":"GET /order/get_order_test 4 2019-05-14 17:18:00","timestamp":"2019-05-14 17:18:00"}
{"level":"info","message":"GET /order/no_pay 6 2019-05-14 17:18:02","timestamp":"2019-05-14 17:18:02"}
{"level":"info","message":"GET /order/order_state_count 9 2019-05-14 17:18:02","timestamp":"2019-05-14 17:18:02"}
{"level":"info","message":"GET /order/detail 6 2019-05-14 17:18:02","timestamp":"2019-05-14 17:18:02"}
{"level":"info","message":"GET /order/get_order_test 4 2019-05-14 17:18:02","timestamp":"2019-05-14 17:18:02"}
{"level":"info","message":"GET /article/family_list 2 2019-05-14 17:18:06","timestamp":"2019-05-14 17:18:06"}
{"level":"info","message":"GET /order/detail 5 2019-05-14 17:18:06","timestamp":"2019-05-14 17:18:06"}
{"level":"info","message":"GET /article/article_list 19 2019-05-14 17:18:06","timestamp":"2019-05-14 17:18:06"}
{"level":"info","message":"GET /article/family_list 18 2019-05-14 17:19:41","timestamp":"2019-05-14 17:19:41"}
{"level":"info","message":"GET /order/detail 14 2019-05-14 17:19:41","timestamp":"2019-05-14 17:19:41"}
{"level":"info","message":"GET /article/article_list 15 2019-05-14 17:19:41","timestamp":"2019-05-14 17:19:41"}
{"level":"info","message":"GET /system/info 6 2019-05-14 17:19:43","timestamp":"2019-05-14 17:19:43"}
{"level":"info","message":"GET /article/family_list 2 2019-05-14 17:19:43","timestamp":"2019-05-14 17:19:43"}
{"level":"info","message":"GET /order/detail 7 2019-05-14 17:19:43","timestamp":"2019-05-14 17:19:43"}
{"level":"info","message":"GET /article/article_list 13 2019-05-14 17:19:44","timestamp":"2019-05-14 17:19:44"}
{"level":"info","message":"GET /order/order_state_count 6 2019-05-14 17:19:45","timestamp":"2019-05-14 17:19:45"}
{"level":"info","message":"GET /area 7 2019-05-14 17:19:45","timestamp":"2019-05-14 17:19:45"}
{"level":"info","message":"GET /table/list 6 2019-05-14 17:19:45","timestamp":"2019-05-14 17:19:45"}
{"level":"info","message":"GET /order/pay 7 2019-05-14 17:19:46","timestamp":"2019-05-14 17:19:46"}
{"level":"info","message":"GET /order/order_state_count 8 2019-05-14 17:19:46","timestamp":"2019-05-14 17:19:46"}
{"level":"info","message":"GET /order/detail 5 2019-05-14 17:19:47","timestamp":"2019-05-14 17:19:47"}
{"level":"info","message":"GET /order/get_order_test 3 2019-05-14 17:19:47","timestamp":"2019-05-14 17:19:47"}
{"level":"info","message":"GET /order/wait_order 2 2019-05-14 17:19:48","timestamp":"2019-05-14 17:19:48"}
{"level":"info","message":"GET /order/order_state_count 3 2019-05-14 17:19:48","timestamp":"2019-05-14 17:19:48"}
{"level":"info","message":"GET /order/detail 5 2019-05-14 17:19:48","timestamp":"2019-05-14 17:19:48"}
{"level":"info","message":"GET /order/get_order_test 3 2019-05-14 17:19:48","timestamp":"2019-05-14 17:19:48"}
{"level":"info","message":"GET /order/pay 6 2019-05-14 17:19:50","timestamp":"2019-05-14 17:19:50"}
{"level":"info","message":"GET /order/order_state_count 9 2019-05-14 17:19:50","timestamp":"2019-05-14 17:19:50"}
{"level":"info","message":"GET /order/detail 8 2019-05-14 17:19:50","timestamp":"2019-05-14 17:19:50"}
{"level":"info","message":"GET /order/get_order_test 4 2019-05-14 17:19:50","timestamp":"2019-05-14 17:19:50"}
{"level":"info","message":"POST /print/total 20092 2019-05-14 17:20:14","timestamp":"2019-05-14 17:20:14"}
{"level":"info","message":"GET /order/detail 4 2019-05-14 17:21:33","timestamp":"2019-05-14 17:21:33"}
{"level":"info","message":"GET /system/info 187 2019-05-14 17:22:50","timestamp":"2019-05-14 17:22:50"}
{"level":"info","message":"GET /order/order_state_count 6 2019-05-14 17:22:50","timestamp":"2019-05-14 17:22:50"}
{"level":"info","message":"GET /area 2 2019-05-14 17:22:50","timestamp":"2019-05-14 17:22:50"}
{"level":"info","message":"GET /order/detail 13 2019-05-14 17:22:50","timestamp":"2019-05-14 17:22:50"}
{"level":"info","message":"GET /table/list 5 2019-05-14 17:22:50","timestamp":"2019-05-14 17:22:50"}
{"level":"info","message":"GET /system/info 6 2019-05-14 17:23:27","timestamp":"2019-05-14 17:23:27"}
{"level":"info","message":"GET /order/order_state_count 4 2019-05-14 17:23:28","timestamp":"2019-05-14 17:23:28"}
{"level":"info","message":"GET /area 2 2019-05-14 17:23:28","timestamp":"2019-05-14 17:23:28"}
{"level":"info","message":"GET /table/list 5 2019-05-14 17:23:28","timestamp":"2019-05-14 17:23:28"}
{"level":"info","message":"GET /order/pay 5 2019-05-14 17:23:29","timestamp":"2019-05-14 17:23:29"}
{"level":"info","message":"GET /order/order_state_count 6 2019-05-14 17:23:29","timestamp":"2019-05-14 17:23:29"}
{"level":"info","message":"GET /order/detail 7 2019-05-14 17:23:30","timestamp":"2019-05-14 17:23:30"}
{"level":"info","message":"GET /order/get_order_test 4 2019-05-14 17:23:30","timestamp":"2019-05-14 17:23:30"}
{"level":"info","message":"POST /print/kitchen 20062 2019-05-14 17:23:54","timestamp":"2019-05-14 17:23:54"}
{"level":"info","message":"mqtt成功连接到：ws://test.emq.restoplus.cn:8083/mqtt","timestamp":"2019-05-14 18:55:30"}
{"level":"info","message":"订阅成功--$queue/winPos/+/2f83afee7a0e4822a6729145dd53af33/63325014c50b4b16a81e50b3623f8d96/+/+/+","timestamp":"2019-05-14 18:55:30"}
{"level":"info","message":"允许接收的平台=>posAdmin-dev,resto-dev","timestamp":"2019-05-14 18:55:30"}
{"level":"error","message":"ServiceUnavailableError: Response timeout\n    at IncomingMessage.<anonymous> (/Users/chintec/Documents/node/resto-newpos/node_modules/connect-timeout/index.js:84:8)\n    at emitOne (events.js:116:13)\n    at IncomingMessage.emit (events.js:211:7)\n    at Timeout._onTimeout (/Users/chintec/Documents/node/resto-newpos/node_modules/connect-timeout/index.js:49:11)\n    at ontimeout (timers.js:475:11)\n    at tryOnTimeout (timers.js:310:5)\n    at Timer.listOnTimeout (timers.js:270:5)","timestamp":"2019-05-14 18:56:08"}
