{"level":"info","message":"mqtt成功连接到：ws://test.emq.restoplus.cn:8083/mqtt","timestamp":"2019-05-06 10:21:54"}
{"level":"info","message":"订阅成功--$queue/winPos/+/2f83afee7a0e4822a6729145dd53af33/d2ff1bbb8c6f4fd8adb3949f76f8c1b6/+/+/+","timestamp":"2019-05-06 10:21:54"}
{"level":"info","message":"允许接收的平台=>posAdmin-dev,resto-dev","timestamp":"2019-05-06 10:21:54"}
{"level":"error","message":"==mqtt==close==你已断开连接,异常退出","timestamp":"2019-05-06 10:22:20"}
{"level":"error","message":"==mqtt==reconnect==正在尝试重新连接","timestamp":"2019-05-06 10:22:35"}
{"level":"info","message":"mqtt成功连接到：ws://test.emq.restoplus.cn:8083/mqtt","timestamp":"2019-05-06 10:22:36"}
{"level":"info","message":"订阅成功--$queue/winPos/+/2f83afee7a0e4822a6729145dd53af33/d2ff1bbb8c6f4fd8adb3949f76f8c1b6/+/+/+","timestamp":"2019-05-06 10:22:36"}
{"level":"info","message":"允许接收的平台=>posAdmin-dev,resto-dev","timestamp":"2019-05-06 10:22:36"}
{"level":"info","message":"GET /system/info 132 2019-05-06 10:24:01","timestamp":"2019-05-06 10:24:01"}
{"level":"info","message":"GET /order/order_state_count 74 2019-05-06 10:24:02","timestamp":"2019-05-06 10:24:02"}
{"level":"info","message":"GET /area 36 2019-05-06 10:24:02","timestamp":"2019-05-06 10:24:02"}
{"level":"info","message":"GET /table/list 36 2019-05-06 10:24:02","timestamp":"2019-05-06 10:24:02"}
{"level":"info","message":"GET /order/detail 45 2019-05-06 10:24:02","timestamp":"2019-05-06 10:24:02"}
{"level":"info","message":"GET /order/detail 10 2019-05-06 10:24:04","timestamp":"2019-05-06 10:24:04"}
{"level":"info","message":"GET /order/get_order_test 14 2019-05-06 10:24:05","timestamp":"2019-05-06 10:24:05"}
{"level":"info","message":"GET /remark/order/refund 20 2019-05-06 10:24:36","timestamp":"2019-05-06 10:24:36"}
{"level":"info","message":"GET /order/pay 4 2019-05-06 10:24:49","timestamp":"2019-05-06 10:24:49"}
{"level":"info","message":"GET /table/list 4 2019-05-06 10:24:51","timestamp":"2019-05-06 10:24:51"}
{"level":"info","message":"GET /table/list 5 2019-05-06 10:24:52","timestamp":"2019-05-06 10:24:52"}
{"level":"info","message":"GET /user/normal/list 3 2019-05-06 10:46:31","timestamp":"2019-05-06 10:46:31"}
{"level":"info","message":"POST /user/login 2 2019-05-06 10:46:37","timestamp":"2019-05-06 10:46:37"}
{"level":"info","message":"POST /user/login 159 2019-05-06 10:46:39","timestamp":"2019-05-06 10:46:39"}
{"level":"info","message":"GET /order/order_state_count 7 2019-05-06 10:46:48","timestamp":"2019-05-06 10:46:48"}
{"level":"info","message":"GET /area 9 2019-05-06 10:46:48","timestamp":"2019-05-06 10:46:48"}
{"level":"info","message":"GET /table/list 8 2019-05-06 10:46:48","timestamp":"2019-05-06 10:46:48"}
{"level":"info","message":"GET /user/normal/list 1 2019-05-06 10:47:07","timestamp":"2019-05-06 10:47:07"}
{"level":"info","message":"POST /user/login 1 2019-05-06 10:47:16","timestamp":"2019-05-06 10:47:16"}
{"level":"info","message":"POST /user/login 14 2019-05-06 10:47:20","timestamp":"2019-05-06 10:47:20"}
{"level":"info","message":"GET /order/order_state_count 9 2019-05-06 10:47:42","timestamp":"2019-05-06 10:47:42"}
{"level":"info","message":"GET /area 6 2019-05-06 10:47:42","timestamp":"2019-05-06 10:47:42"}
{"level":"info","message":"GET /table/list 8 2019-05-06 10:47:42","timestamp":"2019-05-06 10:47:42"}
{"level":"info","message":"GET /order/detail 7 2019-05-06 11:08:07","timestamp":"2019-05-06 11:08:07"}
{"level":"info","message":"GET /order/get_order_test 5 2019-05-06 11:08:08","timestamp":"2019-05-06 11:08:08"}
{"level":"info","message":"GET /order/detail 7 2019-05-06 11:08:12","timestamp":"2019-05-06 11:08:12"}
{"level":"info","message":"GET /order/get_order_test 3 2019-05-06 11:08:12","timestamp":"2019-05-06 11:08:12"}
{"level":"info","message":"GET /article/family_list 10 2019-05-06 11:08:15","timestamp":"2019-05-06 11:08:15"}
{"level":"info","message":"GET /order/detail 16 2019-05-06 11:08:15","timestamp":"2019-05-06 11:08:15"}
{"level":"info","message":"GET /article/article_list 70 2019-05-06 11:08:15","timestamp":"2019-05-06 11:08:15"}
{"level":"info","message":"GET /order/order_state_count 10 2019-05-06 11:08:21","timestamp":"2019-05-06 11:08:21"}
{"level":"info","message":"GET /area 8 2019-05-06 11:08:21","timestamp":"2019-05-06 11:08:21"}
{"level":"info","message":"GET /table/list 11 2019-05-06 11:08:21","timestamp":"2019-05-06 11:08:21"}
{"level":"info","message":"GET /order/detail 21 2019-05-06 11:08:21","timestamp":"2019-05-06 11:08:21"}
{"level":"info","message":"GET /order/get_order_test 3 2019-05-06 11:08:22","timestamp":"2019-05-06 11:08:22"}
{"level":"info","message":"GET /order/detail 5 2019-05-06 11:10:44","timestamp":"2019-05-06 11:10:44"}
{"level":"info","message":"GET /order/detail 9 2019-05-06 11:12:22","timestamp":"2019-05-06 11:12:22"}
{"level":"info","message":"GET /order/get_order_test 3 2019-05-06 11:12:23","timestamp":"2019-05-06 11:12:23"}
{"level":"info","message":"POST /bindTable 177 2019-05-06 11:12:27","timestamp":"2019-05-06 11:12:27"}
{"level":"info","message":"GET /article/family_list 5 2019-05-06 11:12:27","timestamp":"2019-05-06 11:12:27"}
{"level":"info","message":"GET /order/detail 8 2019-05-06 11:12:27","timestamp":"2019-05-06 11:12:27"}
{"level":"info","message":"GET /article/article_list 15 2019-05-06 11:12:28","timestamp":"2019-05-06 11:12:28"}
{"level":"info","message":"POST /pushOrder 86 2019-05-06 11:12:32","timestamp":"2019-05-06 11:12:32"}
{"level":"info","message":"推送EMQ:resto-dev/2f83afee7a0e4822a6729145dd53af33/d2ff1bbb8c6f4fd8adb3949f76f8c1b6/order/creator/fd658a44113c4b6b9e1da903213fb1c3 \n {\"master_order_id\":\"fd658a44113c4b6b9e1da903213fb1c3\",\"order_arr\":[{\"id\":\"fd658a44113c4b6b9e1da903213fb1c3\",\"table_number\":\"13\",\"customer_count\":2,\"accounting_time\":\"2019-05-06\",\"order_state\":1,\"production_status\":1,\"original_amount\":3,\"order_money\":3,\"origin_money\":null,\"article_count\":3,\"serial_number\":\"201905061112277100\",\"allow_cancel\":0,\"closed\":0,\"create_time\":\"1557112347711\",\"push_order_time\":null,\"print_order_time\":\"1557112352563\",\"remark\":\"\",\"distribution_mode_id\":1,\"amount_with_children\":0,\"parent_order_id\":null,\"service_price\":0,\"is_pos_pay\":0,\"pay_type\":1,\"count_with_child\":0,\"allow_continue_order\":0,\"payment_amount\":3,\"customer_id\":\"0\",\"customer_address_id\":null,\"ver_code\":\"81199\",\"pay_mode\":0,\"meal_fee_price\":0,\"meal_all_number\":0,\"order_mode\":6,\"allow_appraise\":0,\"confirm_time\":null,\"order_number\":1,\"call_number_time\":null,\"call_times\":0,\"shop_detail_id\":\"d2ff1bbb8c6f4fd8adb3949f76f8c1b6\",\"data_origin\":\"0\",\"sync_state\":1,\"last_sync_time\":\"1557112352535\",\"order_pos_discount_money\":\"0\",\"member_discount_money\":\"0\",\"erase_money\":\"0\",\"reduce_money\":\"0\",\"real_erase_money\":\"0\",\"pos_discount\":\"100\",\"no_discount_money\":\"0\",\"exemption_money\":\"0\",\"need_confirm_order_item\":0,\"sauce_fee_count\":\"2\",\"sauce_fee_price\":null,\"towel_fee_count\":\"2\",\"towel_fee_price\":0,\"tableware_fee_count\":\"2\",\"tableware_fee_price\":0,\"is_use_new_service\":0,\"grant_money\":0}],\"order_item\":[{\"id\":\"122ffdbe9425452695aa59725a1506a3\",\"order_id\":\"fd658a44113c4b6b9e1da903213fb1c3\",\"article_id\":\"22ec4f4ec9034e018747809015dea060\",\"article_name\":\"不想吃\",\"count\":2,\"original_price\":1,\"no_discount_price\":null,\"unit_price\":1,\"final_price\":2,\"remark\":\"100%\",\"sort\":0,\"status\":1,\"type\":1,\"parent_id\":null,\"create_time\":\"1557112352581\",\"meal_item_id\":\"0\",\"kitchen_id\":\"\",\"recommend_id\":\"\",\"orgin_count\":2,\"refund_count\":0,\"grant_count\":0,\"meal_fee_number\":0,\"change_count\":0,\"print_fail_flag\":0,\"pos_discount\":100,\"weight\":0,\"need_remind\":0},{\"id\":\"2dd450d416df4a2591bf35d1e2feb918\",\"order_id\":\"fd658a44113c4b6b9e1da903213fb1c3\",\"article_id\":\"d847210855824eef901d17e6ff2fc41a\",\"article_name\":\"越式火车头\",\"count\":1,\"original_price\":1,\"no_discount_price\":null,\"unit_price\":1,\"final_price\":1,\"remark\":\"100%\",\"sort\":0,\"status\":1,\"type\":1,\"parent_id\":null,\"create_time\":\"1557112352601\",\"meal_item_id\":\"0\",\"kitchen_id\":\"\",\"recommend_id\":\"\",\"orgin_count\":1,\"refund_count\":0,\"grant_count\":0,\"meal_fee_number\":0,\"change_count\":0,\"print_fail_flag\":0,\"pos_discount\":100,\"weight\":0,\"need_remind\":0}]}","timestamp":"2019-05-06 11:12:32"}
{"level":"info","message":"GET /order/order_state_count 47 2019-05-06 11:12:32","timestamp":"2019-05-06 11:12:32"}
{"level":"info","message":"GET /area 36 2019-05-06 11:12:32","timestamp":"2019-05-06 11:12:32"}
{"level":"info","message":"GET /table/list 21 2019-05-06 11:12:32","timestamp":"2019-05-06 11:12:32"}
{"level":"info","message":"GET /order/detail 63 2019-05-06 11:12:32","timestamp":"2019-05-06 11:12:32"}
{"level":"info","message":"GET /order/get_order_test 4 2019-05-06 11:12:33","timestamp":"2019-05-06 11:12:33"}
{"level":"info","message":"GET /remark/order/refund 4 2019-05-06 11:12:40","timestamp":"2019-05-06 11:12:40"}
{"level":"info","message":"POST /order/refund 24 2019-05-06 11:12:46","timestamp":"2019-05-06 11:12:46"}
{"level":"info","message":"GET /order/detail 5 2019-05-06 11:12:46","timestamp":"2019-05-06 11:12:46"}
{"level":"info","message":"GET /remark/order/refund 10 2019-05-06 11:13:32","timestamp":"2019-05-06 11:13:32"}
{"level":"info","message":"POST /order/refund 57 2019-05-06 11:13:35","timestamp":"2019-05-06 11:13:35"}
{"level":"info","message":"GET /order/detail 11 2019-05-06 11:13:35","timestamp":"2019-05-06 11:13:35"}
{"level":"info","message":"mqtt成功连接到：ws://test.emq.restoplus.cn:8083/mqtt","timestamp":"2019-05-06 11:19:29"}
{"level":"info","message":"订阅成功--$queue/winPos/+/2f83afee7a0e4822a6729145dd53af33/d2ff1bbb8c6f4fd8adb3949f76f8c1b6/+/+/+","timestamp":"2019-05-06 11:19:29"}
{"level":"info","message":"允许接收的平台=>posAdmin-dev,resto-dev","timestamp":"2019-05-06 11:19:29"}
{"level":"error","message":"ServiceUnavailableError: Response timeout\n    at IncomingMessage.<anonymous> (/Users/chintec/Documents/node/resto-newpos/node_modules/connect-timeout/index.js:84:8)\n    at emitOne (events.js:116:13)\n    at IncomingMessage.emit (events.js:211:7)\n    at Timeout._onTimeout (/Users/chintec/Documents/node/resto-newpos/node_modules/connect-timeout/index.js:49:11)\n    at ontimeout (timers.js:475:11)\n    at tryOnTimeout (timers.js:310:5)\n    at Timer.listOnTimeout (timers.js:270:5)","timestamp":"2019-05-06 11:20:01"}
{"level":"error","message":"resource \"GET:/9cdb6c60d4fab8ecb27c.hot-update.json\" not found","timestamp":"2019-05-06 11:20:21"}
{"level":"info","message":"GET /9cdb6c60d4fab8ecb27c.hot-update.json 3 2019-05-06 11:20:21","timestamp":"2019-05-06 11:20:21"}
{"level":"info","message":"GET /system/info 76 2019-05-06 11:20:39","timestamp":"2019-05-06 11:20:39"}
{"level":"info","message":"GET /order/order_state_count 43 2019-05-06 11:20:39","timestamp":"2019-05-06 11:20:39"}
{"level":"info","message":"GET /area 30 2019-05-06 11:20:39","timestamp":"2019-05-06 11:20:39"}
{"level":"info","message":"GET /table/list 48 2019-05-06 11:20:39","timestamp":"2019-05-06 11:20:39"}
{"level":"info","message":"GET /order/detail 63 2019-05-06 11:20:39","timestamp":"2019-05-06 11:20:39"}
{"level":"info","message":"GET /order/get_order_test 44 2019-05-06 11:20:40","timestamp":"2019-05-06 11:20:40"}
{"level":"info","message":"GET /user/normal/list 4 2019-05-06 11:20:43","timestamp":"2019-05-06 11:20:43"}
{"level":"info","message":"GET /user/normal/list 4 2019-05-06 11:22:59","timestamp":"2019-05-06 11:22:59"}
{"level":"info","message":"POST /user/login 406 2019-05-06 11:23:07","timestamp":"2019-05-06 11:23:07"}
{"level":"info","message":"GET /system/info 7 2019-05-06 11:23:07","timestamp":"2019-05-06 11:23:07"}
{"level":"info","message":"GET /order/order_state_count 19 2019-05-06 11:23:08","timestamp":"2019-05-06 11:23:08"}
{"level":"info","message":"GET /area 17 2019-05-06 11:23:08","timestamp":"2019-05-06 11:23:08"}
{"level":"info","message":"GET /table/list 16 2019-05-06 11:23:08","timestamp":"2019-05-06 11:23:08"}
{"level":"info","message":"GET /system/info 5 2019-05-06 11:24:59","timestamp":"2019-05-06 11:24:59"}
{"level":"info","message":"GET /order/order_state_count 25 2019-05-06 11:25:00","timestamp":"2019-05-06 11:25:00"}
{"level":"info","message":"GET /area 22 2019-05-06 11:25:00","timestamp":"2019-05-06 11:25:00"}
{"level":"info","message":"GET /table/list 23 2019-05-06 11:25:00","timestamp":"2019-05-06 11:25:00"}
{"level":"info","message":"GET /order/detail 8 2019-05-06 11:25:03","timestamp":"2019-05-06 11:25:03"}
{"level":"info","message":"GET /order/get_order_test 4 2019-05-06 11:25:03","timestamp":"2019-05-06 11:25:03"}
{"level":"info","message":"GET /order/detail 7 2019-05-06 11:25:04","timestamp":"2019-05-06 11:25:04"}
{"level":"info","message":"GET /order/get_order_test 5 2019-05-06 11:25:05","timestamp":"2019-05-06 11:25:05"}
{"level":"info","message":"GET /order/detail 9 2019-05-06 11:25:08","timestamp":"2019-05-06 11:25:08"}
{"level":"info","message":"GET /order/get_order_test 3 2019-05-06 11:25:09","timestamp":"2019-05-06 11:25:09"}
{"level":"info","message":"GET /remark/order/refund 38 2019-05-06 11:25:12","timestamp":"2019-05-06 11:25:12"}
{"level":"info","message":"GET /system/info 8 2019-05-06 11:25:58","timestamp":"2019-05-06 11:25:58"}
{"level":"info","message":"GET /order/order_state_count 6 2019-05-06 11:25:59","timestamp":"2019-05-06 11:25:59"}
{"level":"info","message":"GET /area 3 2019-05-06 11:25:59","timestamp":"2019-05-06 11:25:59"}
{"level":"info","message":"GET /order/detail 11 2019-05-06 11:25:59","timestamp":"2019-05-06 11:25:59"}
{"level":"info","message":"GET /table/list 5 2019-05-06 11:25:59","timestamp":"2019-05-06 11:25:59"}
{"level":"info","message":"GET /order/get_order_test 5 2019-05-06 11:25:59","timestamp":"2019-05-06 11:25:59"}
{"level":"info","message":"GET /user/normal/list 3 2019-05-06 11:26:01","timestamp":"2019-05-06 11:26:01"}
{"level":"info","message":"POST /user/login 19 2019-05-06 11:26:05","timestamp":"2019-05-06 11:26:05"}
{"level":"info","message":"GET /order/order_state_count 6 2019-05-06 11:26:05","timestamp":"2019-05-06 11:26:05"}
{"level":"info","message":"GET /area 5 2019-05-06 11:26:05","timestamp":"2019-05-06 11:26:05"}
{"level":"info","message":"GET /table/list 6 2019-05-06 11:26:05","timestamp":"2019-05-06 11:26:05"}
{"level":"info","message":"GET /order/detail 7 2019-05-06 11:26:11","timestamp":"2019-05-06 11:26:11"}
{"level":"info","message":"GET /order/detail 7 2019-05-06 11:26:12","timestamp":"2019-05-06 11:26:12"}
{"level":"info","message":"GET /order/get_order_test 3 2019-05-06 11:26:12","timestamp":"2019-05-06 11:26:12"}
{"level":"info","message":"GET /order/get_order_test 4 2019-05-06 11:26:12","timestamp":"2019-05-06 11:26:12"}
{"level":"info","message":"GET /remark/order/refund 6 2019-05-06 11:26:14","timestamp":"2019-05-06 11:26:14"}
{"level":"info","message":"POST /order/refund 71 2019-05-06 11:26:20","timestamp":"2019-05-06 11:26:20"}
{"level":"info","message":"GET /order/detail 6 2019-05-06 11:26:20","timestamp":"2019-05-06 11:26:20"}
{"level":"info","message":"GET /order/detail 8 2019-05-06 11:27:29","timestamp":"2019-05-06 11:27:29"}
{"level":"error","message":"==mqtt==close==你已断开连接,异常退出","timestamp":"2019-05-06 13:46:47"}
{"level":"error","message":"==mqtt==reconnect==正在尝试重新连接","timestamp":"2019-05-06 13:47:02"}
{"level":"info","message":"mqtt成功连接到：ws://test.emq.restoplus.cn:8083/mqtt","timestamp":"2019-05-06 13:47:02"}
{"level":"info","message":"订阅成功--$queue/winPos/+/2f83afee7a0e4822a6729145dd53af33/d2ff1bbb8c6f4fd8adb3949f76f8c1b6/+/+/+","timestamp":"2019-05-06 13:47:02"}
{"level":"info","message":"允许接收的平台=>posAdmin-dev,resto-dev","timestamp":"2019-05-06 13:47:02"}
{"level":"info","message":"mqtt成功连接到：ws://test.emq.restoplus.cn:8083/mqtt","timestamp":"2019-05-06 14:12:49"}
{"level":"info","message":"订阅成功--$queue/winPos/+/31946c940e194311b117e3fff5327215/3a66881bb5344bdba107202732bd6670/+/+/+","timestamp":"2019-05-06 14:12:49"}
{"level":"info","message":"允许接收的平台=>posAdmin-dev,resto-dev","timestamp":"2019-05-06 14:12:49"}
{"level":"error","message":"==mqtt==close==你已断开连接,异常退出","timestamp":"2019-05-06 14:13:15"}
{"level":"error","message":"ServiceUnavailableError: Response timeout\n    at IncomingMessage.<anonymous> (/Users/chintec/Documents/node/resto-newpos/node_modules/connect-timeout/index.js:84:8)\n    at emitOne (events.js:116:13)\n    at IncomingMessage.emit (events.js:211:7)\n    at Timeout._onTimeout (/Users/chintec/Documents/node/resto-newpos/node_modules/connect-timeout/index.js:49:11)\n    at ontimeout (timers.js:475:11)\n    at tryOnTimeout (timers.js:310:5)\n    at Timer.listOnTimeout (timers.js:270:5)","timestamp":"2019-05-06 14:13:25"}
{"level":"error","message":"==mqtt==reconnect==正在尝试重新连接","timestamp":"2019-05-06 14:13:30"}
{"level":"info","message":"mqtt成功连接到：ws://test.emq.restoplus.cn:8083/mqtt","timestamp":"2019-05-06 14:13:30"}
{"level":"info","message":"订阅成功--$queue/winPos/+/31946c940e194311b117e3fff5327215/3a66881bb5344bdba107202732bd6670/+/+/+","timestamp":"2019-05-06 14:13:30"}
{"level":"info","message":"允许接收的平台=>posAdmin-dev,resto-dev","timestamp":"2019-05-06 14:13:30"}
{"level":"error","message":"resource \"GET:/89377a6390ffba4be80f.hot-update.json\" not found","timestamp":"2019-05-06 14:13:45"}
{"level":"info","message":"GET /89377a6390ffba4be80f.hot-update.json 2 2019-05-06 14:13:45","timestamp":"2019-05-06 14:13:45"}
{"level":"info","message":"GET /system/info 63 2019-05-06 14:37:50","timestamp":"2019-05-06 14:37:50"}
{"level":"info","message":"GET /order/order_state_count 21 2019-05-06 14:37:50","timestamp":"2019-05-06 14:37:50"}
{"level":"info","message":"GET /area 14 2019-05-06 14:37:50","timestamp":"2019-05-06 14:37:50"}
{"level":"info","message":"GET /table/list 15 2019-05-06 14:37:50","timestamp":"2019-05-06 14:37:50"}
{"level":"info","message":"GET /order/detail 30 2019-05-06 14:37:50","timestamp":"2019-05-06 14:37:50"}
{"level":"info","message":"GET /order/get_order_test 24 2019-05-06 14:37:50","timestamp":"2019-05-06 14:37:50"}
{"level":"info","message":"mqtt成功连接到：ws://test.emq.restoplus.cn:8083/mqtt","timestamp":"2019-05-06 15:00:18"}
{"level":"info","message":"订阅成功--$queue/winPos/+/31946c940e194311b117e3fff5327215/3a66881bb5344bdba107202732bd6670/+/+/+","timestamp":"2019-05-06 15:00:18"}
{"level":"info","message":"允许接收的平台=>posAdmin-dev,resto-dev","timestamp":"2019-05-06 15:00:18"}
{"level":"error","message":"ServiceUnavailableError: Response timeout\n    at IncomingMessage.<anonymous> (/Users/chintec/Documents/node/resto-newpos/node_modules/connect-timeout/index.js:84:8)\n    at emitOne (events.js:116:13)\n    at IncomingMessage.emit (events.js:211:7)\n    at Timeout._onTimeout (/Users/chintec/Documents/node/resto-newpos/node_modules/connect-timeout/index.js:49:11)\n    at ontimeout (timers.js:475:11)\n    at tryOnTimeout (timers.js:310:5)\n    at Timer.listOnTimeout (timers.js:270:5)","timestamp":"2019-05-06 15:00:57"}
{"level":"info","message":"GET /order/get_order_test 750 2019-05-06 15:01:09","timestamp":"2019-05-06 15:01:09"}
{"level":"info","message":"GET /order/detail 824 2019-05-06 15:01:09","timestamp":"2019-05-06 15:01:09"}
{"level":"error","message":"resource \"GET:/9819fe7b47fd9863373b.hot-update.json\" not found","timestamp":"2019-05-06 15:01:17"}
{"level":"info","message":"GET /9819fe7b47fd9863373b.hot-update.json 1 2019-05-06 15:01:17","timestamp":"2019-05-06 15:01:17"}
{"level":"info","message":"GET /system/info 126 2019-05-06 15:01:50","timestamp":"2019-05-06 15:01:50"}
{"level":"info","message":"GET /order/order_state_count 29 2019-05-06 15:01:50","timestamp":"2019-05-06 15:01:50"}
{"level":"info","message":"GET /area 17 2019-05-06 15:01:50","timestamp":"2019-05-06 15:01:50"}
{"level":"info","message":"GET /table/list 22 2019-05-06 15:01:50","timestamp":"2019-05-06 15:01:50"}
{"level":"info","message":"GET /order/detail 40 2019-05-06 15:01:50","timestamp":"2019-05-06 15:01:50"}
{"level":"info","message":"GET /order/get_order_test 3 2019-05-06 15:01:51","timestamp":"2019-05-06 15:01:51"}
{"level":"info","message":"开始更新数据","timestamp":"2019-05-06 15:05:41"}
{"level":"info","message":"GET /order/detail 30 2019-05-06 15:05:41","timestamp":"2019-05-06 15:05:41"}
{"level":"info","message":"GET /order/get_order_test 62 2019-05-06 15:05:41","timestamp":"2019-05-06 15:05:41"}
{"level":"info","message":"mqtt成功连接到：ws://test.emq.restoplus.cn:8083/mqtt","timestamp":"2019-05-06 15:06:01"}
{"level":"info","message":"订阅成功--$queue/winPos/+/2f83afee7a0e4822a6729145dd53af33/d2ff1bbb8c6f4fd8adb3949f76f8c1b6/+/+/+","timestamp":"2019-05-06 15:06:01"}
{"level":"info","message":"允许接收的平台=>posAdmin-dev,resto-dev","timestamp":"2019-05-06 15:06:01"}
{"level":"info","message":"mqtt成功连接到：ws://test.emq.restoplus.cn:8083/mqtt","timestamp":"2019-05-06 15:06:24"}
{"level":"info","message":"订阅成功--$queue/winPos/+/2f83afee7a0e4822a6729145dd53af33/d2ff1bbb8c6f4fd8adb3949f76f8c1b6/+/+/+","timestamp":"2019-05-06 15:06:24"}
{"level":"info","message":"允许接收的平台=>posAdmin-dev,resto-dev","timestamp":"2019-05-06 15:06:24"}
{"level":"error","message":"ServiceUnavailableError: Response timeout\n    at IncomingMessage.<anonymous> (/Users/chintec/Documents/node/resto-newpos/node_modules/connect-timeout/index.js:84:8)\n    at emitOne (events.js:116:13)\n    at IncomingMessage.emit (events.js:211:7)\n    at Timeout._onTimeout (/Users/chintec/Documents/node/resto-newpos/node_modules/connect-timeout/index.js:49:11)\n    at ontimeout (timers.js:475:11)\n    at tryOnTimeout (timers.js:310:5)\n    at Timer.listOnTimeout (timers.js:270:5)","timestamp":"2019-05-06 15:06:54"}
{"level":"info","message":"GET /system/info 157 2019-05-06 15:07:34","timestamp":"2019-05-06 15:07:34"}
{"level":"info","message":"GET /order/order_state_count 35 2019-05-06 15:07:34","timestamp":"2019-05-06 15:07:34"}
{"level":"info","message":"GET /area 79 2019-05-06 15:07:35","timestamp":"2019-05-06 15:07:35"}
{"level":"info","message":"GET /table/list 130 2019-05-06 15:07:35","timestamp":"2019-05-06 15:07:35"}
{"level":"info","message":"GET /order/detail 212 2019-05-06 15:07:35","timestamp":"2019-05-06 15:07:35"}
{"level":"info","message":"GET /order/detail 6 2019-05-06 15:07:35","timestamp":"2019-05-06 15:07:35"}
{"level":"info","message":"GET /order/get_order_test 80 2019-05-06 15:07:35","timestamp":"2019-05-06 15:07:35"}
{"level":"info","message":"GET /order/get_order_test 4 2019-05-06 15:07:35","timestamp":"2019-05-06 15:07:35"}
{"level":"info","message":"开始更新数据","timestamp":"2019-05-06 15:07:40"}
{"level":"info","message":"GET /order/detail 9 2019-05-06 15:07:40","timestamp":"2019-05-06 15:07:40"}
{"level":"info","message":"GET /order/get_order_test 78 2019-05-06 15:07:40","timestamp":"2019-05-06 15:07:40"}
{"level":"info","message":"更新数据完成","timestamp":"2019-05-06 15:07:48"}
{"level":"info","message":"GET /table/list 5 2019-05-06 15:13:48","timestamp":"2019-05-06 15:13:48"}
{"level":"info","message":"GET /order/wait_order 5 2019-05-06 15:13:51","timestamp":"2019-05-06 15:13:51"}
{"level":"info","message":"GET /order/detail 8 2019-05-06 15:13:51","timestamp":"2019-05-06 15:13:51"}
{"level":"info","message":"GET /order/get_order_test 3 2019-05-06 15:13:51","timestamp":"2019-05-06 15:13:51"}
{"level":"info","message":"GET /user/normal/list 4 2019-05-06 15:19:44","timestamp":"2019-05-06 15:19:44"}
{"level":"info","message":"POST /user/login 3 2019-05-06 15:19:48","timestamp":"2019-05-06 15:19:48"}
{"level":"info","message":"POST /user/login 116 2019-05-06 15:19:49","timestamp":"2019-05-06 15:19:49"}
{"level":"info","message":"GET /system/info 9 2019-05-06 15:19:49","timestamp":"2019-05-06 15:19:49"}
{"level":"info","message":"GET /user/normal/list 1 2019-05-06 15:19:50","timestamp":"2019-05-06 15:19:50"}
{"level":"info","message":"GET /area 2 2019-05-06 15:20:08","timestamp":"2019-05-06 15:20:08"}
{"level":"info","message":"GET /table/list 5 2019-05-06 15:20:08","timestamp":"2019-05-06 15:20:08"}
{"level":"info","message":"POST /user/login 1 2019-05-06 15:20:17","timestamp":"2019-05-06 15:20:17"}
{"level":"info","message":"POST /user/login 13 2019-05-06 15:20:21","timestamp":"2019-05-06 15:20:21"}
{"level":"info","message":"GET /system/info 3 2019-05-06 15:20:21","timestamp":"2019-05-06 15:20:21"}
{"level":"info","message":"GET /user/normal/list 1 2019-05-06 15:20:22","timestamp":"2019-05-06 15:20:22"}
{"level":"info","message":"POST /user/login 146 2019-05-06 15:22:02","timestamp":"2019-05-06 15:22:02"}
{"level":"info","message":"GET /system/info 4 2019-05-06 15:22:02","timestamp":"2019-05-06 15:22:02"}
{"level":"info","message":"GET /order/order_state_count 8 2019-05-06 15:22:02","timestamp":"2019-05-06 15:22:02"}
{"level":"info","message":"GET /area 7 2019-05-06 15:22:02","timestamp":"2019-05-06 15:22:02"}
{"level":"info","message":"GET /table/list 8 2019-05-06 15:22:02","timestamp":"2019-05-06 15:22:02"}
{"level":"info","message":"GET /order/order_state_count 5 2019-05-06 15:22:06","timestamp":"2019-05-06 15:22:06"}
{"level":"info","message":"GET /area 4 2019-05-06 15:22:06","timestamp":"2019-05-06 15:22:06"}
{"level":"info","message":"GET /table/list 6 2019-05-06 15:22:06","timestamp":"2019-05-06 15:22:06"}
{"level":"info","message":"GET /user/normal/list 2 2019-05-06 15:22:18","timestamp":"2019-05-06 15:22:18"}
{"level":"info","message":"POST /user/login 8 2019-05-06 15:22:22","timestamp":"2019-05-06 15:22:22"}
{"level":"info","message":"GET /system/info 4 2019-05-06 15:22:22","timestamp":"2019-05-06 15:22:22"}
{"level":"info","message":"GET /order/order_state_count 9 2019-05-06 15:22:22","timestamp":"2019-05-06 15:22:22"}
{"level":"info","message":"GET /area 11 2019-05-06 15:22:22","timestamp":"2019-05-06 15:22:22"}
{"level":"info","message":"GET /table/list 15 2019-05-06 15:22:22","timestamp":"2019-05-06 15:22:22"}
{"level":"info","message":"GET /user/normal/list 1 2019-05-06 15:22:28","timestamp":"2019-05-06 15:22:28"}
{"level":"info","message":"POST /user/login 1 2019-05-06 15:22:35","timestamp":"2019-05-06 15:22:35"}
{"level":"info","message":"GET /user/normal/list 47 2019-05-06 15:25:00","timestamp":"2019-05-06 15:25:00"}
{"level":"info","message":"POST /user/login 13 2019-05-06 15:25:05","timestamp":"2019-05-06 15:25:05"}
{"level":"info","message":"GET /order/order_state_count 6 2019-05-06 15:25:05","timestamp":"2019-05-06 15:25:05"}
{"level":"info","message":"GET /area 2 2019-05-06 15:25:05","timestamp":"2019-05-06 15:25:05"}
{"level":"info","message":"GET /table/list 5 2019-05-06 15:25:05","timestamp":"2019-05-06 15:25:05"}
{"level":"info","message":"GET /user/normal/list 1 2019-05-06 15:25:06","timestamp":"2019-05-06 15:25:06"}
{"level":"info","message":"POST /user/login 1 2019-05-06 15:25:12","timestamp":"2019-05-06 15:25:12"}
{"level":"info","message":"POST /user/login 28 2019-05-06 15:25:13","timestamp":"2019-05-06 15:25:13"}
{"level":"info","message":"GET /system/info 29 2019-05-06 15:25:13","timestamp":"2019-05-06 15:25:13"}
{"level":"info","message":"GET /order/order_state_count 9 2019-05-06 15:25:14","timestamp":"2019-05-06 15:25:14"}
{"level":"info","message":"GET /area 11 2019-05-06 15:25:14","timestamp":"2019-05-06 15:25:14"}
{"level":"info","message":"GET /table/list 12 2019-05-06 15:25:14","timestamp":"2019-05-06 15:25:14"}
{"level":"info","message":"GET /user/normal/list 2 2019-05-06 15:25:14","timestamp":"2019-05-06 15:25:14"}
{"level":"info","message":"POST /user/login 71 2019-05-06 15:33:54","timestamp":"2019-05-06 15:33:54"}
{"level":"info","message":"GET /system/info 4 2019-05-06 15:33:54","timestamp":"2019-05-06 15:33:54"}
{"level":"info","message":"GET /order/order_state_count 3 2019-05-06 15:33:55","timestamp":"2019-05-06 15:33:55"}
{"level":"info","message":"GET /area 1 2019-05-06 15:33:55","timestamp":"2019-05-06 15:33:55"}
{"level":"info","message":"GET /table/list 5 2019-05-06 15:33:55","timestamp":"2019-05-06 15:33:55"}
{"level":"info","message":"GET /order/order_state_count 10 2019-05-06 16:21:48","timestamp":"2019-05-06 16:21:48"}
{"level":"info","message":"GET /area 8 2019-05-06 16:21:48","timestamp":"2019-05-06 16:21:48"}
{"level":"info","message":"GET /table/list 12 2019-05-06 16:21:48","timestamp":"2019-05-06 16:21:48"}
{"level":"info","message":"GET /system/info 6 2019-05-06 16:22:45","timestamp":"2019-05-06 16:22:45"}
{"level":"info","message":"GET /order/order_state_count 5 2019-05-06 16:22:49","timestamp":"2019-05-06 16:22:49"}
{"level":"info","message":"GET /area 5 2019-05-06 16:22:49","timestamp":"2019-05-06 16:22:49"}
{"level":"info","message":"GET /table/list 6 2019-05-06 16:22:49","timestamp":"2019-05-06 16:22:49"}
{"level":"info","message":"GET /order/order_state_count 8 2019-05-06 16:23:06","timestamp":"2019-05-06 16:23:06"}
{"level":"info","message":"GET /area 6 2019-05-06 16:23:06","timestamp":"2019-05-06 16:23:06"}
{"level":"info","message":"GET /table/list 5 2019-05-06 16:23:06","timestamp":"2019-05-06 16:23:06"}
{"level":"info","message":"GET /order/order_state_count 6 2019-05-06 16:23:49","timestamp":"2019-05-06 16:23:49"}
{"level":"info","message":"GET /area 5 2019-05-06 16:23:49","timestamp":"2019-05-06 16:23:49"}
{"level":"info","message":"GET /table/list 6 2019-05-06 16:23:49","timestamp":"2019-05-06 16:23:49"}
{"level":"info","message":"GET /order/order_state_count 8 2019-05-06 16:23:55","timestamp":"2019-05-06 16:23:55"}
{"level":"info","message":"GET /area 5 2019-05-06 16:23:55","timestamp":"2019-05-06 16:23:55"}
{"level":"info","message":"GET /table/list 8 2019-05-06 16:23:55","timestamp":"2019-05-06 16:23:55"}
{"level":"info","message":"GET /business/report 23 2019-05-06 16:23:56","timestamp":"2019-05-06 16:23:56"}
{"level":"info","message":"GET /system/info 9 2019-05-06 16:26:01","timestamp":"2019-05-06 16:26:01"}
{"level":"info","message":"GET /article/family_list 3 2019-05-06 16:26:02","timestamp":"2019-05-06 16:26:02"}
{"level":"info","message":"GET /article/article_list 19 2019-05-06 16:26:02","timestamp":"2019-05-06 16:26:02"}
{"level":"info","message":"GET /article/article_list 14 2019-05-06 16:26:04","timestamp":"2019-05-06 16:26:04"}
{"level":"info","message":"GET /article/article_list 8 2019-05-06 16:26:07","timestamp":"2019-05-06 16:26:07"}
{"level":"info","message":"GET /order/order_state_count 6 2019-05-06 16:27:01","timestamp":"2019-05-06 16:27:01"}
{"level":"info","message":"GET /area 4 2019-05-06 16:27:01","timestamp":"2019-05-06 16:27:01"}
{"level":"info","message":"GET /table/list 6 2019-05-06 16:27:01","timestamp":"2019-05-06 16:27:01"}
{"level":"info","message":"GET /order/detail 6 2019-05-06 16:27:06","timestamp":"2019-05-06 16:27:06"}
{"level":"info","message":"GET /order/get_order_test 3 2019-05-06 16:27:07","timestamp":"2019-05-06 16:27:07"}
{"level":"info","message":"GET /order/order_state_count 9 2019-05-06 16:27:29","timestamp":"2019-05-06 16:27:29"}
{"level":"info","message":"GET /area 9 2019-05-06 16:27:29","timestamp":"2019-05-06 16:27:29"}
{"level":"info","message":"GET /table/list 7 2019-05-06 16:27:29","timestamp":"2019-05-06 16:27:29"}
{"level":"info","message":"GET /order/detail 21 2019-05-06 16:27:29","timestamp":"2019-05-06 16:27:29"}
{"level":"info","message":"GET /order/get_order_test 4 2019-05-06 16:27:30","timestamp":"2019-05-06 16:27:30"}
{"level":"info","message":"GET /system/info 4 2019-05-06 16:27:31","timestamp":"2019-05-06 16:27:31"}
{"level":"info","message":"GET /order/order_state_count 7 2019-05-06 16:27:31","timestamp":"2019-05-06 16:27:31"}
{"level":"info","message":"GET /area 5 2019-05-06 16:27:31","timestamp":"2019-05-06 16:27:31"}
{"level":"info","message":"GET /order/detail 11 2019-05-06 16:27:31","timestamp":"2019-05-06 16:27:31"}
{"level":"info","message":"GET /table/list 4 2019-05-06 16:27:31","timestamp":"2019-05-06 16:27:31"}
{"level":"info","message":"GET /order/get_order_test 3 2019-05-06 16:27:32","timestamp":"2019-05-06 16:27:32"}
{"level":"info","message":"GET /order/detail 8 2019-05-06 16:27:32","timestamp":"2019-05-06 16:27:32"}
{"level":"info","message":"GET /order/get_order_test 3 2019-05-06 16:27:33","timestamp":"2019-05-06 16:27:33"}
{"level":"info","message":"GET /system/info 3 2019-05-06 16:27:36","timestamp":"2019-05-06 16:27:36"}
{"level":"info","message":"GET /order/order_state_count 5 2019-05-06 16:27:36","timestamp":"2019-05-06 16:27:36"}
{"level":"info","message":"GET /area 2 2019-05-06 16:27:36","timestamp":"2019-05-06 16:27:36"}
{"level":"info","message":"GET /table/list 4 2019-05-06 16:27:36","timestamp":"2019-05-06 16:27:36"}
{"level":"info","message":"GET /order/detail 15 2019-05-06 16:27:36","timestamp":"2019-05-06 16:27:36"}
{"level":"info","message":"GET /order/detail 9 2019-05-06 16:27:36","timestamp":"2019-05-06 16:27:36"}
{"level":"info","message":"GET /order/get_order_test 5 2019-05-06 16:27:37","timestamp":"2019-05-06 16:27:37"}
{"level":"info","message":"GET /order/get_order_test 5 2019-05-06 16:27:37","timestamp":"2019-05-06 16:27:37"}
{"level":"info","message":"GET /order/detail 8 2019-05-06 16:27:38","timestamp":"2019-05-06 16:27:38"}
{"level":"info","message":"GET /order/get_order_test 3 2019-05-06 16:27:38","timestamp":"2019-05-06 16:27:38"}
{"level":"info","message":"GET /system/info 5 2019-05-06 16:28:12","timestamp":"2019-05-06 16:28:12"}
{"level":"info","message":"GET /order/order_state_count 16 2019-05-06 16:28:12","timestamp":"2019-05-06 16:28:12"}
{"level":"info","message":"GET /area 11 2019-05-06 16:28:12","timestamp":"2019-05-06 16:28:12"}
{"level":"info","message":"GET /table/list 15 2019-05-06 16:28:12","timestamp":"2019-05-06 16:28:12"}
{"level":"info","message":"GET /order/detail 29 2019-05-06 16:28:12","timestamp":"2019-05-06 16:28:12"}
{"level":"info","message":"GET /order/detail 6 2019-05-06 16:28:13","timestamp":"2019-05-06 16:28:13"}
{"level":"info","message":"GET /order/get_order_test 3 2019-05-06 16:28:13","timestamp":"2019-05-06 16:28:13"}
{"level":"info","message":"GET /order/get_order_test 4 2019-05-06 16:28:13","timestamp":"2019-05-06 16:28:13"}
{"level":"info","message":"GET /article/family_list 6 2019-05-06 16:29:25","timestamp":"2019-05-06 16:29:25"}
{"level":"info","message":"GET /order/detail 13 2019-05-06 16:29:25","timestamp":"2019-05-06 16:29:25"}
{"level":"info","message":"GET /article/article_list 14 2019-05-06 16:29:25","timestamp":"2019-05-06 16:29:25"}
{"level":"info","message":"GET /article/article_list 13 2019-05-06 16:29:27","timestamp":"2019-05-06 16:29:27"}
{"level":"info","message":"GET /article/article_list 7 2019-05-06 16:29:28","timestamp":"2019-05-06 16:29:28"}
{"level":"info","message":"GET /article/article_list 8 2019-05-06 16:29:30","timestamp":"2019-05-06 16:29:30"}
{"level":"info","message":"GET /article/price 1 2019-05-06 16:29:31","timestamp":"2019-05-06 16:29:31"}
{"level":"info","message":"GET /article/article_list 10 2019-05-06 16:29:33","timestamp":"2019-05-06 16:29:33"}
{"level":"info","message":"GET /article/unit_list 3 2019-05-06 16:29:34","timestamp":"2019-05-06 16:29:34"}
{"level":"error","message":"==mqtt==close==你已断开连接,异常退出","timestamp":"2019-05-06 16:47:28"}
{"level":"error","message":"==mqtt==reconnect==正在尝试重新连接","timestamp":"2019-05-06 16:47:43"}
{"level":"info","message":"mqtt成功连接到：ws://test.emq.restoplus.cn:8083/mqtt","timestamp":"2019-05-06 16:47:43"}
{"level":"info","message":"订阅成功--$queue/winPos/+/2f83afee7a0e4822a6729145dd53af33/d2ff1bbb8c6f4fd8adb3949f76f8c1b6/+/+/+","timestamp":"2019-05-06 16:47:43"}
{"level":"info","message":"允许接收的平台=>posAdmin-dev,resto-dev","timestamp":"2019-05-06 16:47:43"}
{"level":"info","message":"GET /system/info 8 2019-05-06 17:29:00","timestamp":"2019-05-06 17:29:00"}
{"level":"info","message":"GET /article/family_list 5 2019-05-06 17:29:00","timestamp":"2019-05-06 17:29:00"}
{"level":"info","message":"GET /order/detail 12 2019-05-06 17:29:00","timestamp":"2019-05-06 17:29:00"}
{"level":"info","message":"GET /article/article_list 47 2019-05-06 17:29:01","timestamp":"2019-05-06 17:29:01"}
{"level":"info","message":"GET /article/family_list 5 2019-05-06 17:32:03","timestamp":"2019-05-06 17:32:03"}
{"level":"info","message":"GET /order/detail 6 2019-05-06 17:32:03","timestamp":"2019-05-06 17:32:03"}
{"level":"info","message":"GET /article/article_list 14 2019-05-06 17:32:03","timestamp":"2019-05-06 17:32:03"}
{"level":"info","message":"GET /system/info 3 2019-05-06 17:32:04","timestamp":"2019-05-06 17:32:04"}
{"level":"info","message":"GET /article/family_list 2 2019-05-06 17:32:04","timestamp":"2019-05-06 17:32:04"}
{"level":"info","message":"GET /order/detail 6 2019-05-06 17:32:04","timestamp":"2019-05-06 17:32:04"}
{"level":"info","message":"GET /article/article_list 13 2019-05-06 17:32:04","timestamp":"2019-05-06 17:32:04"}
{"level":"info","message":"GET /system/info 3 2019-05-06 17:32:11","timestamp":"2019-05-06 17:32:11"}
{"level":"info","message":"GET /article/family_list 3 2019-05-06 17:32:12","timestamp":"2019-05-06 17:32:12"}
{"level":"info","message":"GET /order/detail 7 2019-05-06 17:32:12","timestamp":"2019-05-06 17:32:12"}
{"level":"info","message":"GET /article/article_list 12 2019-05-06 17:32:12","timestamp":"2019-05-06 17:32:12"}
{"level":"info","message":"GET /order/order_state_count 7 2019-05-06 17:32:15","timestamp":"2019-05-06 17:32:15"}
{"level":"info","message":"GET /area 6 2019-05-06 17:32:15","timestamp":"2019-05-06 17:32:15"}
{"level":"info","message":"GET /table/list 7 2019-05-06 17:32:15","timestamp":"2019-05-06 17:32:15"}
{"level":"info","message":"GET /order/detail 7 2019-05-06 17:32:18","timestamp":"2019-05-06 17:32:18"}
{"level":"info","message":"GET /order/get_order_test 4 2019-05-06 17:32:18","timestamp":"2019-05-06 17:32:18"}
{"level":"info","message":"GET /article/family_list 3 2019-05-06 17:32:20","timestamp":"2019-05-06 17:32:20"}
{"level":"info","message":"GET /order/detail 7 2019-05-06 17:32:20","timestamp":"2019-05-06 17:32:20"}
{"level":"info","message":"GET /article/article_list 10 2019-05-06 17:32:20","timestamp":"2019-05-06 17:32:20"}
{"level":"info","message":"POST /pushOrder 247 2019-05-06 17:32:24","timestamp":"2019-05-06 17:32:24"}
{"level":"info","message":"推送EMQ:resto-dev/2f83afee7a0e4822a6729145dd53af33/d2ff1bbb8c6f4fd8adb3949f76f8c1b6/order/creator/29e1f65c41fd4669be74301f9796497c \n {\"master_order_id\":\"29e1f65c41fd4669be74301f9796497c\",\"order_arr\":[{\"id\":\"29e1f65c41fd4669be74301f9796497c\",\"table_number\":\"15\",\"customer_count\":2,\"accounting_time\":\"2019-05-05\",\"order_state\":1,\"production_status\":1,\"original_amount\":8,\"order_money\":8,\"origin_money\":null,\"article_count\":2,\"serial_number\":\"201905051416121890\",\"allow_cancel\":0,\"closed\":0,\"create_time\":\"1557036972189\",\"push_order_time\":null,\"print_order_time\":\"1557135144604\",\"remark\":\"\",\"distribution_mode_id\":1,\"amount_with_children\":0,\"parent_order_id\":null,\"service_price\":6,\"is_pos_pay\":0,\"pay_type\":1,\"count_with_child\":0,\"allow_continue_order\":0,\"payment_amount\":8,\"customer_id\":\"0\",\"customer_address_id\":null,\"ver_code\":\"70691\",\"pay_mode\":0,\"meal_fee_price\":0,\"meal_all_number\":0,\"order_mode\":6,\"allow_appraise\":0,\"confirm_time\":null,\"order_number\":3,\"call_number_time\":null,\"call_times\":0,\"shop_detail_id\":null,\"data_origin\":\"0\",\"sync_state\":1,\"last_sync_time\":\"1557135144578\",\"order_pos_discount_money\":\"0\",\"member_discount_money\":\"0\",\"erase_money\":\"0\",\"reduce_money\":\"0\",\"real_erase_money\":\"0\",\"pos_discount\":\"100\",\"no_discount_money\":\"0\",\"exemption_money\":\"0\",\"need_confirm_order_item\":0,\"sauce_fee_count\":\"2\",\"sauce_fee_price\":null,\"towel_fee_count\":\"2\",\"towel_fee_price\":0,\"tableware_fee_count\":\"2\",\"tableware_fee_price\":0,\"is_use_new_service\":0,\"grant_money\":0}],\"order_item\":[{\"id\":\"f5cc052d944b486396d3289e07546ea5\",\"order_id\":\"29e1f65c41fd4669be74301f9796497c\",\"article_id\":\"22ec4f4ec9034e018747809015dea060\",\"article_name\":\"不想吃\",\"count\":1,\"original_price\":1,\"no_discount_price\":null,\"unit_price\":1,\"final_price\":1,\"remark\":\"100%\",\"sort\":0,\"status\":1,\"type\":1,\"parent_id\":null,\"create_time\":\"1557135144677\",\"meal_item_id\":\"0\",\"kitchen_id\":\"\",\"recommend_id\":\"\",\"orgin_count\":1,\"refund_count\":0,\"grant_count\":0,\"meal_fee_number\":0,\"change_count\":0,\"print_fail_flag\":0,\"pos_discount\":100,\"weight\":0,\"need_remind\":0},{\"id\":\"1e09480dcdd048bca4404c603f456c2c\",\"order_id\":\"29e1f65c41fd4669be74301f9796497c\",\"article_id\":\"22d09d78c4ef4244b375de91acfa587a\",\"article_name\":\"蜜糖鸡翅(2件)\",\"count\":1,\"original_price\":1,\"no_discount_price\":null,\"unit_price\":1,\"final_price\":1,\"remark\":\"100%\",\"sort\":0,\"status\":1,\"type\":1,\"parent_id\":null,\"create_time\":\"1557135144795\",\"meal_item_id\":\"0\",\"kitchen_id\":\"\",\"recommend_id\":\"\",\"orgin_count\":1,\"refund_count\":0,\"grant_count\":0,\"meal_fee_number\":0,\"change_count\":0,\"print_fail_flag\":0,\"pos_discount\":100,\"weight\":0,\"need_remind\":0}]}","timestamp":"2019-05-06 17:32:24"}
{"level":"info","message":"GET /order/order_state_count 5 2019-05-06 17:32:24","timestamp":"2019-05-06 17:32:24"}
{"level":"info","message":"GET /area 5 2019-05-06 17:32:24","timestamp":"2019-05-06 17:32:24"}
{"level":"info","message":"GET /table/list 9 2019-05-06 17:32:24","timestamp":"2019-05-06 17:32:24"}
{"level":"info","message":"GET /order/detail 21 2019-05-06 17:32:24","timestamp":"2019-05-06 17:32:24"}
{"level":"info","message":"GET /order/get_order_test 3 2019-05-06 17:32:25","timestamp":"2019-05-06 17:32:25"}
{"level":"info","message":"GET /remark/order/refund 4 2019-05-06 17:32:30","timestamp":"2019-05-06 17:32:30"}
{"level":"info","message":"GET /remark/order/refund 7 2019-05-06 17:33:11","timestamp":"2019-05-06 17:33:11"}
{"level":"info","message":"GET /remark/order/refund 3 2019-05-06 17:33:18","timestamp":"2019-05-06 17:33:18"}
{"level":"info","message":"GET /order/detail 10 2019-05-06 17:34:02","timestamp":"2019-05-06 17:34:02"}
{"level":"info","message":"GET /remark/order/refund 6 2019-05-06 17:34:06","timestamp":"2019-05-06 17:34:06"}
{"level":"error","message":"resource \"PUT:/order/grant\" not found","timestamp":"2019-05-06 17:34:13"}
{"level":"info","message":"PUT /order/grant 1 2019-05-06 17:34:13","timestamp":"2019-05-06 17:34:13"}
{"level":"info","message":"GET /system/info 11 2019-05-06 17:34:48","timestamp":"2019-05-06 17:34:48"}
{"level":"info","message":"GET /order/order_state_count 7 2019-05-06 17:34:48","timestamp":"2019-05-06 17:34:48"}
{"level":"info","message":"GET /area 2 2019-05-06 17:34:48","timestamp":"2019-05-06 17:34:48"}
{"level":"info","message":"GET /table/list 5 2019-05-06 17:34:48","timestamp":"2019-05-06 17:34:48"}
{"level":"info","message":"GET /order/detail 20 2019-05-06 17:34:48","timestamp":"2019-05-06 17:34:48"}
{"level":"info","message":"GET /order/get_order_test 6 2019-05-06 17:34:49","timestamp":"2019-05-06 17:34:49"}
{"level":"info","message":"GET /remark/order/refund 4 2019-05-06 17:34:52","timestamp":"2019-05-06 17:34:52"}
{"level":"error","message":"resource \"POST:/order/grant\" not found","timestamp":"2019-05-06 17:34:59"}
{"level":"info","message":"POST /order/grant 1 2019-05-06 17:34:59","timestamp":"2019-05-06 17:34:59"}
{"level":"info","message":"GET /remark/order/refund 4 2019-05-06 17:35:29","timestamp":"2019-05-06 17:35:29"}
{"level":"error","message":"resource \"POST:/order/grant\" not found","timestamp":"2019-05-06 17:35:35"}
{"level":"info","message":"POST /order/grant 0 2019-05-06 17:35:35","timestamp":"2019-05-06 17:35:35"}
{"level":"info","message":"GET /system/info 9 2019-05-06 17:44:50","timestamp":"2019-05-06 17:44:50"}
{"level":"info","message":"GET /order/order_state_count 7 2019-05-06 17:44:50","timestamp":"2019-05-06 17:44:50"}
{"level":"info","message":"GET /area 2 2019-05-06 17:44:50","timestamp":"2019-05-06 17:44:50"}
{"level":"info","message":"GET /order/detail 13 2019-05-06 17:44:50","timestamp":"2019-05-06 17:44:50"}
{"level":"info","message":"GET /table/list 5 2019-05-06 17:44:50","timestamp":"2019-05-06 17:44:50"}
{"level":"info","message":"GET /order/get_order_test 4 2019-05-06 17:44:51","timestamp":"2019-05-06 17:44:51"}
{"level":"info","message":"GET /article/family_list 2 2019-05-06 17:44:54","timestamp":"2019-05-06 17:44:54"}
{"level":"info","message":"GET /order/detail 6 2019-05-06 17:44:54","timestamp":"2019-05-06 17:44:54"}
{"level":"info","message":"GET /article/article_list 14 2019-05-06 17:44:54","timestamp":"2019-05-06 17:44:54"}
{"level":"info","message":"GET /article/article_list 9 2019-05-06 17:44:58","timestamp":"2019-05-06 17:44:58"}
{"level":"info","message":"GET /article/catty 11 2019-05-06 17:44:59","timestamp":"2019-05-06 17:44:59"}
{"level":"info","message":"GET /article/catty 8 2019-05-06 17:45:52","timestamp":"2019-05-06 17:45:52"}
{"level":"info","message":"GET /article/article_list 11 2019-05-06 17:45:58","timestamp":"2019-05-06 17:45:58"}
{"level":"info","message":"GET /article/price 2 2019-05-06 17:45:59","timestamp":"2019-05-06 17:45:59"}
{"level":"info","message":"GET /article/article_list 11 2019-05-06 17:46:01","timestamp":"2019-05-06 17:46:01"}
{"level":"info","message":"GET /article/unit_list 2 2019-05-06 17:46:01","timestamp":"2019-05-06 17:46:01"}
{"level":"info","message":"GET /article/article_list 11 2019-05-06 17:46:03","timestamp":"2019-05-06 17:46:03"}
{"level":"info","message":"GET /article/article_list 10 2019-05-06 17:46:04","timestamp":"2019-05-06 17:46:04"}
{"level":"info","message":"GET /article/meal_item 28 2019-05-06 17:46:05","timestamp":"2019-05-06 17:46:05"}
{"level":"info","message":"mqtt成功连接到：ws://test.emq.restoplus.cn:8083/mqtt","timestamp":"2019-05-06 18:18:59"}
{"level":"info","message":"订阅成功--$queue/winPos/+/2f83afee7a0e4822a6729145dd53af33/d2ff1bbb8c6f4fd8adb3949f76f8c1b6/+/+/+","timestamp":"2019-05-06 18:18:59"}
{"level":"info","message":"允许接收的平台=>posAdmin-dev,resto-dev","timestamp":"2019-05-06 18:18:59"}
{"level":"error","message":"ServiceUnavailableError: Response timeout\n    at IncomingMessage.<anonymous> (/Users/chintec/Documents/node/resto-newpos/node_modules/connect-timeout/index.js:84:8)\n    at emitOne (events.js:116:13)\n    at IncomingMessage.emit (events.js:211:7)\n    at Timeout._onTimeout (/Users/chintec/Documents/node/resto-newpos/node_modules/connect-timeout/index.js:49:11)\n    at ontimeout (timers.js:475:11)\n    at tryOnTimeout (timers.js:310:5)\n    at Timer.listOnTimeout (timers.js:270:5)","timestamp":"2019-05-06 18:19:39"}
{"level":"error","message":"resource \"GET:/aee729b667fe3032447b.hot-update.json\" not found","timestamp":"2019-05-06 18:19:59"}
{"level":"info","message":"GET /aee729b667fe3032447b.hot-update.json 3 2019-05-06 18:19:59","timestamp":"2019-05-06 18:19:59"}
{"level":"info","message":"GET /system/info 105 2019-05-06 18:23:31","timestamp":"2019-05-06 18:23:31"}
{"level":"info","message":"GET /article/family_list 4 2019-05-06 18:23:31","timestamp":"2019-05-06 18:23:31"}
{"level":"info","message":"GET /order/detail 12 2019-05-06 18:23:31","timestamp":"2019-05-06 18:23:31"}
{"level":"info","message":"GET /article/article_list 32 2019-05-06 18:23:31","timestamp":"2019-05-06 18:23:31"}
{"level":"info","message":"GET /order/order_state_count 9 2019-05-06 18:23:43","timestamp":"2019-05-06 18:23:43"}
{"level":"info","message":"GET /area 26 2019-05-06 18:23:43","timestamp":"2019-05-06 18:23:43"}
{"level":"info","message":"GET /table/list 24 2019-05-06 18:23:43","timestamp":"2019-05-06 18:23:43"}
{"level":"info","message":"GET /order/detail 43 2019-05-06 18:23:43","timestamp":"2019-05-06 18:23:43"}
{"level":"info","message":"GET /order/get_order_test 37 2019-05-06 18:23:43","timestamp":"2019-05-06 18:23:43"}
{"level":"info","message":"GET /order/detail 9 2019-05-06 18:23:51","timestamp":"2019-05-06 18:23:51"}
{"level":"info","message":"GET /order/get_order_test 3 2019-05-06 18:23:52","timestamp":"2019-05-06 18:23:52"}
