{"level":"info","message":"mqtt成功连接到：ws://test.emq.restoplus.cn:8083/mqtt","timestamp":"2019-07-31 09:49:00"}
{"level":"info","message":"订阅成功--$queue/winPos/+/2f83afee7a0e4822a6729145dd53af33/d2ff1bbb8c6f4fd8adb3949f76f8c1b6/+/+/+","timestamp":"2019-07-31 09:49:00"}
{"level":"info","message":"允许接收的平台=>posAdmin-dev,resto-dev","timestamp":"2019-07-31 09:49:00"}
{"level":"info","message":"启动离线订单检测！间隔180000","timestamp":"2019-07-31 09:51:53"}
{"level":"info","message":"没有需要同步的订单！","timestamp":"2019-07-31 09:51:53"}
{"level":"info","message":"启动打印机检测！间隔240000","timestamp":"2019-07-31 09:52:53"}
{"level":"info","message":"启动离线订单检测！间隔180000","timestamp":"2019-07-31 09:54:53"}
{"level":"info","message":"没有需要同步的订单！","timestamp":"2019-07-31 09:54:53"}
{"level":"info","message":"启动打印机检测！间隔240000","timestamp":"2019-07-31 09:56:53"}
{"level":"info","message":"启动离线订单检测！间隔180000","timestamp":"2019-07-31 09:57:53"}
{"level":"info","message":"没有需要同步的订单！","timestamp":"2019-07-31 09:57:53"}
{"level":"error","message":"==mqtt==close==你已断开连接,异常退出","timestamp":"2019-07-31 10:01:18"}
{"level":"error","message":"==mqtt==reconnect==正在尝试重新连接","timestamp":"2019-07-31 10:01:33"}
{"level":"info","message":"mqtt成功连接到：ws://test.emq.restoplus.cn:8083/mqtt","timestamp":"2019-07-31 10:01:33"}
{"level":"info","message":"订阅成功--$queue/winPos/+/2f83afee7a0e4822a6729145dd53af33/d2ff1bbb8c6f4fd8adb3949f76f8c1b6/+/+/+","timestamp":"2019-07-31 10:01:33"}
{"level":"info","message":"允许接收的平台=>posAdmin-dev,resto-dev","timestamp":"2019-07-31 10:01:33"}
{"level":"info","message":"启动打印机检测！间隔240000","timestamp":"2019-07-31 10:02:43"}
{"level":"info","message":"启动离线订单检测！间隔180000","timestamp":"2019-07-31 10:02:43"}
{"level":"info","message":"没有需要同步的订单！","timestamp":"2019-07-31 10:02:43"}
{"level":"info","message":"启动离线订单检测！间隔180000","timestamp":"2019-07-31 10:05:43"}
{"level":"info","message":"没有需要同步的订单！","timestamp":"2019-07-31 10:05:43"}
{"level":"info","message":"启动打印机检测！间隔240000","timestamp":"2019-07-31 10:06:43"}
{"level":"info","message":"启动离线订单检测！间隔180000","timestamp":"2019-07-31 10:08:43"}
{"level":"info","message":"没有需要同步的订单！","timestamp":"2019-07-31 10:08:43"}
{"level":"info","message":"启动打印机检测！间隔240000","timestamp":"2019-07-31 10:10:43"}
{"level":"info","message":"启动离线订单检测！间隔180000","timestamp":"2019-07-31 10:11:43"}
{"level":"info","message":"没有需要同步的订单！","timestamp":"2019-07-31 10:11:43"}
{"level":"info","message":"启动打印机检测！间隔240000","timestamp":"2019-07-31 10:14:43"}
{"level":"info","message":"启动离线订单检测！间隔180000","timestamp":"2019-07-31 10:14:43"}
{"level":"info","message":"没有需要同步的订单！","timestamp":"2019-07-31 10:14:43"}
{"level":"info","message":"GET /system/info 137 2019-07-31 10:15:16","timestamp":"2019-07-31 10:15:16"}
{"level":"info","message":"GET /on/line/state 1 2019-07-31 10:15:16","timestamp":"2019-07-31 10:15:16"}
{"level":"info","message":"GET /article/family_list 36 2019-07-31 10:15:16","timestamp":"2019-07-31 10:15:16"}
{"level":"info","message":"GET /order/detail 61 2019-07-31 10:15:16","timestamp":"2019-07-31 10:15:16"}
{"level":"info","message":"GET /article/article_list 33 2019-07-31 10:15:17","timestamp":"2019-07-31 10:15:17"}
{"level":"info","message":"GET /order/order_state_count 40 2019-07-31 10:15:59","timestamp":"2019-07-31 10:15:59"}
{"level":"info","message":"GET /area 59 2019-07-31 10:15:59","timestamp":"2019-07-31 10:15:59"}
{"level":"info","message":"GET /table/list 76 2019-07-31 10:15:59","timestamp":"2019-07-31 10:15:59"}
{"level":"info","message":"GET /table/number 15 2019-07-31 10:15:59","timestamp":"2019-07-31 10:15:59"}
{"level":"info","message":"GET /system/info 67 2019-07-31 10:16:52","timestamp":"2019-07-31 10:16:52"}
{"level":"info","message":"GET /on/line/state 0 2019-07-31 10:16:52","timestamp":"2019-07-31 10:16:52"}
{"level":"info","message":"GET /order/order_state_count 9 2019-07-31 10:16:52","timestamp":"2019-07-31 10:16:52"}
{"level":"info","message":"GET /area 7 2019-07-31 10:16:52","timestamp":"2019-07-31 10:16:52"}
{"level":"info","message":"GET /table/list 10 2019-07-31 10:16:52","timestamp":"2019-07-31 10:16:52"}
{"level":"info","message":"GET /table/number 3 2019-07-31 10:16:52","timestamp":"2019-07-31 10:16:52"}
{"level":"info","message":"启动离线订单检测！间隔180000","timestamp":"2019-07-31 10:17:43"}
{"level":"info","message":"没有需要同步的订单！","timestamp":"2019-07-31 10:17:43"}
{"level":"info","message":"启动打印机检测！间隔240000","timestamp":"2019-07-31 10:18:43"}
{"level":"info","message":"GET /system/info 15 2019-07-31 10:19:36","timestamp":"2019-07-31 10:19:36"}
{"level":"info","message":"GET /on/line/state 0 2019-07-31 10:19:37","timestamp":"2019-07-31 10:19:37"}
{"level":"info","message":"GET /order/order_state_count 11 2019-07-31 10:19:37","timestamp":"2019-07-31 10:19:37"}
{"level":"info","message":"GET /area 8 2019-07-31 10:19:37","timestamp":"2019-07-31 10:19:37"}
{"level":"info","message":"GET /table/list 10 2019-07-31 10:19:37","timestamp":"2019-07-31 10:19:37"}
{"level":"info","message":"GET /table/number 3 2019-07-31 10:19:37","timestamp":"2019-07-31 10:19:37"}
{"level":"info","message":"GET /system/info 3 2019-07-31 10:20:40","timestamp":"2019-07-31 10:20:40"}
{"level":"info","message":"GET /on/line/state 0 2019-07-31 10:20:41","timestamp":"2019-07-31 10:20:41"}
{"level":"info","message":"GET /order/order_state_count 12 2019-07-31 10:20:41","timestamp":"2019-07-31 10:20:41"}
{"level":"info","message":"GET /area 10 2019-07-31 10:20:41","timestamp":"2019-07-31 10:20:41"}
{"level":"info","message":"GET /table/list 13 2019-07-31 10:20:41","timestamp":"2019-07-31 10:20:41"}
{"level":"info","message":"GET /table/number 3 2019-07-31 10:20:41","timestamp":"2019-07-31 10:20:41"}
{"level":"info","message":"启动离线订单检测！间隔180000","timestamp":"2019-07-31 10:20:43"}
{"level":"info","message":"没有需要同步的订单！","timestamp":"2019-07-31 10:20:43"}
{"level":"info","message":"GET /order/order_state_count 5 2019-07-31 10:20:49","timestamp":"2019-07-31 10:20:49"}
{"level":"info","message":"GET /order/wait_and_nopay 5 2019-07-31 10:21:07","timestamp":"2019-07-31 10:21:07"}
{"level":"info","message":"GET /order/order_state_count 8 2019-07-31 10:21:07","timestamp":"2019-07-31 10:21:07"}
{"level":"info","message":"GET /order/order_state_count 6 2019-07-31 10:21:11","timestamp":"2019-07-31 10:21:11"}
{"level":"info","message":"GET /area 6 2019-07-31 10:21:11","timestamp":"2019-07-31 10:21:11"}
{"level":"info","message":"GET /table/list 14 2019-07-31 10:21:11","timestamp":"2019-07-31 10:21:11"}
{"level":"info","message":"GET /table/number 2 2019-07-31 10:21:11","timestamp":"2019-07-31 10:21:11"}
{"level":"info","message":"GET /order/order_state_count 3 2019-07-31 10:21:12","timestamp":"2019-07-31 10:21:12"}
{"level":"info","message":"启动打印机检测！间隔240000","timestamp":"2019-07-31 10:22:43"}
{"level":"info","message":"启动离线订单检测！间隔180000","timestamp":"2019-07-31 10:23:43"}
{"level":"info","message":"没有需要同步的订单！","timestamp":"2019-07-31 10:23:43"}
{"level":"info","message":"GET /system/info 9 2019-07-31 10:24:19","timestamp":"2019-07-31 10:24:19"}
{"level":"info","message":"GET /on/line/state 1 2019-07-31 10:24:19","timestamp":"2019-07-31 10:24:19"}
{"level":"info","message":"GET /order/order_state_count 14 2019-07-31 10:24:19","timestamp":"2019-07-31 10:24:19"}
{"level":"info","message":"启动打印机检测！间隔240000","timestamp":"2019-07-31 10:26:43"}
{"level":"info","message":"启动离线订单检测！间隔180000","timestamp":"2019-07-31 10:26:43"}
{"level":"info","message":"没有需要同步的订单！","timestamp":"2019-07-31 10:26:43"}
{"level":"info","message":"启动离线订单检测！间隔180000","timestamp":"2019-07-31 10:29:43"}
{"level":"info","message":"没有需要同步的订单！","timestamp":"2019-07-31 10:29:43"}
{"level":"info","message":"启动打印机检测！间隔240000","timestamp":"2019-07-31 10:30:43"}
{"level":"info","message":"启动离线订单检测！间隔180000","timestamp":"2019-07-31 10:32:43"}
{"level":"info","message":"没有需要同步的订单！","timestamp":"2019-07-31 10:32:43"}
{"level":"info","message":"启动打印机检测！间隔240000","timestamp":"2019-07-31 10:34:43"}
{"level":"info","message":"启动离线订单检测！间隔180000","timestamp":"2019-07-31 10:35:43"}
{"level":"info","message":"没有需要同步的订单！","timestamp":"2019-07-31 10:35:43"}
{"level":"info","message":"启动打印机检测！间隔240000","timestamp":"2019-07-31 10:38:43"}
{"level":"info","message":"启动离线订单检测！间隔180000","timestamp":"2019-07-31 10:38:43"}
{"level":"info","message":"没有需要同步的订单！","timestamp":"2019-07-31 10:38:43"}
{"level":"info","message":"启动离线订单检测！间隔180000","timestamp":"2019-07-31 10:41:43"}
{"level":"info","message":"没有需要同步的订单！","timestamp":"2019-07-31 10:41:43"}
{"level":"info","message":"启动打印机检测！间隔240000","timestamp":"2019-07-31 10:42:43"}
{"level":"info","message":"启动离线订单检测！间隔180000","timestamp":"2019-07-31 10:44:43"}
{"level":"info","message":"没有需要同步的订单！","timestamp":"2019-07-31 10:44:43"}
{"level":"info","message":"启动打印机检测！间隔240000","timestamp":"2019-07-31 10:46:43"}
{"level":"info","message":"启动离线订单检测！间隔180000","timestamp":"2019-07-31 10:47:43"}
{"level":"info","message":"没有需要同步的订单！","timestamp":"2019-07-31 10:47:43"}
{"level":"info","message":"启动打印机检测！间隔240000","timestamp":"2019-07-31 10:50:43"}
{"level":"info","message":"启动离线订单检测！间隔180000","timestamp":"2019-07-31 10:50:43"}
{"level":"info","message":"没有需要同步的订单！","timestamp":"2019-07-31 10:50:43"}
{"level":"info","message":"启动离线订单检测！间隔180000","timestamp":"2019-07-31 10:53:43"}
{"level":"info","message":"没有需要同步的订单！","timestamp":"2019-07-31 10:53:43"}
{"level":"info","message":"启动打印机检测！间隔240000","timestamp":"2019-07-31 10:54:43"}
{"level":"info","message":"GET /order/order_state_count 4 2019-07-31 10:55:23","timestamp":"2019-07-31 10:55:23"}
{"level":"info","message":"启动离线订单检测！间隔180000","timestamp":"2019-07-31 10:56:43"}
{"level":"info","message":"没有需要同步的订单！","timestamp":"2019-07-31 10:56:43"}
{"level":"info","message":"启动打印机检测！间隔240000","timestamp":"2019-07-31 10:58:43"}
{"level":"info","message":"启动离线订单检测！间隔180000","timestamp":"2019-07-31 10:59:43"}
{"level":"info","message":"没有需要同步的订单！","timestamp":"2019-07-31 10:59:43"}
{"level":"info","message":"GET /order/order_state_count 6 2019-07-31 10:59:47","timestamp":"2019-07-31 10:59:47"}
{"level":"info","message":"GET /order/order_state_count 3 2019-07-31 11:00:39","timestamp":"2019-07-31 11:00:39"}
{"level":"info","message":"GET /order/order_state_count 5 2019-07-31 11:00:52","timestamp":"2019-07-31 11:00:52"}
{"level":"info","message":"启动打印机检测！间隔240000","timestamp":"2019-07-31 11:02:43"}
{"level":"info","message":"启动离线订单检测！间隔180000","timestamp":"2019-07-31 11:02:43"}
{"level":"info","message":"没有需要同步的订单！","timestamp":"2019-07-31 11:02:43"}
{"level":"info","message":"GET /order/order_state_count 7 2019-07-31 11:05:35","timestamp":"2019-07-31 11:05:35"}
{"level":"info","message":"启动离线订单检测！间隔180000","timestamp":"2019-07-31 11:05:43"}
{"level":"info","message":"没有需要同步的订单！","timestamp":"2019-07-31 11:05:43"}
{"level":"info","message":"启动打印机检测！间隔240000","timestamp":"2019-07-31 11:06:43"}
{"level":"info","message":"启动离线订单检测！间隔180000","timestamp":"2019-07-31 11:08:43"}
{"level":"info","message":"没有需要同步的订单！","timestamp":"2019-07-31 11:08:43"}
{"level":"info","message":"启动打印机检测！间隔240000","timestamp":"2019-07-31 11:10:43"}
{"level":"info","message":"启动离线订单检测！间隔180000","timestamp":"2019-07-31 11:11:43"}
{"level":"info","message":"没有需要同步的订单！","timestamp":"2019-07-31 11:11:43"}
{"level":"info","message":"启动打印机检测！间隔240000","timestamp":"2019-07-31 11:14:43"}
{"level":"info","message":"启动离线订单检测！间隔180000","timestamp":"2019-07-31 11:14:43"}
{"level":"info","message":"没有需要同步的订单！","timestamp":"2019-07-31 11:14:43"}
{"level":"info","message":"启动离线订单检测！间隔180000","timestamp":"2019-07-31 11:17:43"}
{"level":"info","message":"没有需要同步的订单！","timestamp":"2019-07-31 11:17:43"}
{"level":"info","message":"启动打印机检测！间隔240000","timestamp":"2019-07-31 11:18:43"}
{"level":"info","message":"启动离线订单检测！间隔180000","timestamp":"2019-07-31 11:20:43"}
{"level":"info","message":"没有需要同步的订单！","timestamp":"2019-07-31 11:20:43"}
{"level":"info","message":"启动打印机检测！间隔240000","timestamp":"2019-07-31 11:22:43"}
{"level":"info","message":"启动离线订单检测！间隔180000","timestamp":"2019-07-31 11:23:43"}
{"level":"info","message":"没有需要同步的订单！","timestamp":"2019-07-31 11:23:43"}
{"level":"info","message":"启动打印机检测！间隔240000","timestamp":"2019-07-31 11:26:43"}
{"level":"info","message":"启动离线订单检测！间隔180000","timestamp":"2019-07-31 11:26:43"}
{"level":"info","message":"没有需要同步的订单！","timestamp":"2019-07-31 11:26:43"}
{"level":"info","message":"启动离线订单检测！间隔180000","timestamp":"2019-07-31 11:29:43"}
{"level":"info","message":"没有需要同步的订单！","timestamp":"2019-07-31 11:29:43"}
{"level":"info","message":"启动打印机检测！间隔240000","timestamp":"2019-07-31 11:30:43"}
{"level":"info","message":"启动离线订单检测！间隔180000","timestamp":"2019-07-31 11:32:43"}
{"level":"info","message":"没有需要同步的订单！","timestamp":"2019-07-31 11:32:43"}
{"level":"info","message":"启动打印机检测！间隔240000","timestamp":"2019-07-31 11:34:43"}
{"level":"info","message":"启动离线订单检测！间隔180000","timestamp":"2019-07-31 11:35:43"}
{"level":"info","message":"没有需要同步的订单！","timestamp":"2019-07-31 11:35:43"}
{"level":"info","message":"启动打印机检测！间隔240000","timestamp":"2019-07-31 11:38:43"}
{"level":"info","message":"启动离线订单检测！间隔180000","timestamp":"2019-07-31 11:38:43"}
{"level":"info","message":"没有需要同步的订单！","timestamp":"2019-07-31 11:38:43"}
{"level":"info","message":"启动离线订单检测！间隔180000","timestamp":"2019-07-31 11:41:43"}
{"level":"info","message":"没有需要同步的订单！","timestamp":"2019-07-31 11:41:43"}
{"level":"info","message":"启动打印机检测！间隔240000","timestamp":"2019-07-31 11:42:43"}
{"level":"info","message":"启动离线订单检测！间隔180000","timestamp":"2019-07-31 11:44:43"}
{"level":"info","message":"没有需要同步的订单！","timestamp":"2019-07-31 11:44:43"}
{"level":"info","message":"启动打印机检测！间隔240000","timestamp":"2019-07-31 11:46:43"}
{"level":"info","message":"启动离线订单检测！间隔180000","timestamp":"2019-07-31 11:47:43"}
{"level":"info","message":"没有需要同步的订单！","timestamp":"2019-07-31 11:47:43"}
{"level":"info","message":"启动打印机检测！间隔240000","timestamp":"2019-07-31 11:50:43"}
{"level":"info","message":"启动离线订单检测！间隔180000","timestamp":"2019-07-31 11:50:43"}
{"level":"info","message":"没有需要同步的订单！","timestamp":"2019-07-31 11:50:43"}
{"level":"info","message":"启动离线订单检测！间隔180000","timestamp":"2019-07-31 11:53:43"}
{"level":"info","message":"没有需要同步的订单！","timestamp":"2019-07-31 11:53:43"}
{"level":"info","message":"启动打印机检测！间隔240000","timestamp":"2019-07-31 11:54:43"}
{"level":"info","message":"启动离线订单检测！间隔180000","timestamp":"2019-07-31 11:56:43"}
{"level":"info","message":"没有需要同步的订单！","timestamp":"2019-07-31 11:56:43"}
{"level":"info","message":"启动打印机检测！间隔240000","timestamp":"2019-07-31 11:58:43"}
{"level":"info","message":"启动离线订单检测！间隔180000","timestamp":"2019-07-31 11:59:43"}
{"level":"info","message":"没有需要同步的订单！","timestamp":"2019-07-31 11:59:43"}
{"level":"error","message":"==mqtt==close==你已断开连接,异常退出","timestamp":"2019-07-31 13:46:19"}
{"level":"error","message":"==mqtt==reconnect==正在尝试重新连接","timestamp":"2019-07-31 13:46:34"}
{"level":"info","message":"mqtt成功连接到：ws://test.emq.restoplus.cn:8083/mqtt","timestamp":"2019-07-31 13:46:34"}
{"level":"info","message":"订阅成功--$queue/winPos/+/2f83afee7a0e4822a6729145dd53af33/d2ff1bbb8c6f4fd8adb3949f76f8c1b6/+/+/+","timestamp":"2019-07-31 13:46:34"}
{"level":"info","message":"允许接收的平台=>posAdmin-dev,resto-dev","timestamp":"2019-07-31 13:46:34"}
{"level":"info","message":"启动打印机检测！间隔240000","timestamp":"2019-07-31 13:47:35"}
{"level":"info","message":"启动离线订单检测！间隔180000","timestamp":"2019-07-31 13:47:36"}
{"level":"info","message":"没有需要同步的订单！","timestamp":"2019-07-31 13:47:36"}
{"level":"info","message":"启动离线订单检测！间隔180000","timestamp":"2019-07-31 13:50:36"}
{"level":"info","message":"没有需要同步的订单！","timestamp":"2019-07-31 13:50:36"}
{"level":"info","message":"启动打印机检测！间隔240000","timestamp":"2019-07-31 13:51:35"}
{"level":"info","message":"启动离线订单检测！间隔180000","timestamp":"2019-07-31 13:53:36"}
{"level":"info","message":"没有需要同步的订单！","timestamp":"2019-07-31 13:53:36"}
{"level":"info","message":"启动打印机检测！间隔240000","timestamp":"2019-07-31 13:55:35"}
{"level":"info","message":"启动离线订单检测！间隔180000","timestamp":"2019-07-31 13:56:36"}
{"level":"info","message":"没有需要同步的订单！","timestamp":"2019-07-31 13:56:36"}
{"level":"error","message":"==mqtt==close==你已断开连接,正常退出","timestamp":"2019-07-31 13:58:41"}
{"level":"error","message":"==mqtt==reconnect==正在尝试重新连接","timestamp":"2019-07-31 13:58:56"}
{"level":"info","message":"mqtt成功连接到：ws://test.emq.restoplus.cn:8083/mqtt","timestamp":"2019-07-31 13:58:56"}
{"level":"info","message":"订阅成功--$queue/winPos/+/2f83afee7a0e4822a6729145dd53af33/d2ff1bbb8c6f4fd8adb3949f76f8c1b6/+/+/+","timestamp":"2019-07-31 13:58:56"}
{"level":"info","message":"允许接收的平台=>posAdmin-dev,resto-dev","timestamp":"2019-07-31 13:58:56"}
{"level":"error","message":"==mqtt==close==你已断开连接,正常退出","timestamp":"2019-07-31 13:59:11"}
{"level":"error","message":"==mqtt==reconnect==正在尝试重新连接","timestamp":"2019-07-31 13:59:26"}
{"level":"info","message":"mqtt成功连接到：ws://test.emq.restoplus.cn:8083/mqtt","timestamp":"2019-07-31 13:59:26"}
{"level":"info","message":"订阅成功--$queue/winPos/+/2f83afee7a0e4822a6729145dd53af33/d2ff1bbb8c6f4fd8adb3949f76f8c1b6/+/+/+","timestamp":"2019-07-31 13:59:26"}
{"level":"info","message":"允许接收的平台=>posAdmin-dev,resto-dev","timestamp":"2019-07-31 13:59:26"}
{"level":"info","message":"启动打印机检测！间隔240000","timestamp":"2019-07-31 13:59:35"}
{"level":"info","message":"启动离线订单检测！间隔180000","timestamp":"2019-07-31 13:59:36"}
{"level":"info","message":"没有需要同步的订单！","timestamp":"2019-07-31 13:59:36"}
{"level":"error","message":"==mqtt==close==你已断开连接,正常退出","timestamp":"2019-07-31 13:59:41"}
{"level":"error","message":"==mqtt==reconnect==正在尝试重新连接","timestamp":"2019-07-31 13:59:56"}
{"level":"info","message":"mqtt成功连接到：ws://test.emq.restoplus.cn:8083/mqtt","timestamp":"2019-07-31 13:59:56"}
{"level":"info","message":"订阅成功--$queue/winPos/+/2f83afee7a0e4822a6729145dd53af33/d2ff1bbb8c6f4fd8adb3949f76f8c1b6/+/+/+","timestamp":"2019-07-31 13:59:56"}
{"level":"info","message":"允许接收的平台=>posAdmin-dev,resto-dev","timestamp":"2019-07-31 13:59:56"}
{"level":"info","message":"启动离线订单检测！间隔180000","timestamp":"2019-07-31 14:02:36"}
{"level":"info","message":"没有需要同步的订单！","timestamp":"2019-07-31 14:02:36"}
{"level":"info","message":"启动打印机检测！间隔240000","timestamp":"2019-07-31 14:03:35"}
{"level":"info","message":"启动离线订单检测！间隔180000","timestamp":"2019-07-31 14:05:36"}
{"level":"info","message":"没有需要同步的订单！","timestamp":"2019-07-31 14:05:36"}
{"level":"info","message":"启动打印机检测！间隔240000","timestamp":"2019-07-31 14:07:35"}
{"level":"info","message":"启动离线订单检测！间隔180000","timestamp":"2019-07-31 14:08:36"}
{"level":"info","message":"没有需要同步的订单！","timestamp":"2019-07-31 14:08:36"}
{"level":"info","message":"启动打印机检测！间隔240000","timestamp":"2019-07-31 14:11:35"}
{"level":"info","message":"启动离线订单检测！间隔180000","timestamp":"2019-07-31 14:11:36"}
{"level":"info","message":"没有需要同步的订单！","timestamp":"2019-07-31 14:11:36"}
{"level":"info","message":"启动离线订单检测！间隔180000","timestamp":"2019-07-31 14:14:36"}
{"level":"info","message":"没有需要同步的订单！","timestamp":"2019-07-31 14:14:36"}
{"level":"info","message":"启动打印机检测！间隔240000","timestamp":"2019-07-31 14:15:35"}
{"level":"info","message":"启动离线订单检测！间隔180000","timestamp":"2019-07-31 14:17:36"}
{"level":"info","message":"没有需要同步的订单！","timestamp":"2019-07-31 14:17:36"}
{"level":"info","message":"启动打印机检测！间隔240000","timestamp":"2019-07-31 14:19:35"}
{"level":"info","message":"启动离线订单检测！间隔180000","timestamp":"2019-07-31 14:20:36"}
{"level":"info","message":"没有需要同步的订单！","timestamp":"2019-07-31 14:20:36"}
{"level":"info","message":"启动打印机检测！间隔240000","timestamp":"2019-07-31 14:23:35"}
{"level":"info","message":"启动离线订单检测！间隔180000","timestamp":"2019-07-31 14:23:36"}
{"level":"info","message":"没有需要同步的订单！","timestamp":"2019-07-31 14:23:36"}
{"level":"info","message":"启动离线订单检测！间隔180000","timestamp":"2019-07-31 14:26:36"}
{"level":"info","message":"没有需要同步的订单！","timestamp":"2019-07-31 14:26:36"}
{"level":"info","message":"启动打印机检测！间隔240000","timestamp":"2019-07-31 14:27:35"}
{"level":"info","message":"GET /system/info 438 2019-07-31 14:29:24","timestamp":"2019-07-31 14:29:24"}
{"level":"info","message":"GET /on/line/state 3 2019-07-31 14:29:25","timestamp":"2019-07-31 14:29:25"}
{"level":"info","message":"GET /order/order_state_count 37 2019-07-31 14:29:25","timestamp":"2019-07-31 14:29:25"}
{"level":"info","message":"GET /system/info 3 2019-07-31 14:29:35","timestamp":"2019-07-31 14:29:35"}
{"level":"info","message":"GET /on/line/state 0 2019-07-31 14:29:36","timestamp":"2019-07-31 14:29:36"}
{"level":"info","message":"GET /order/order_state_count 9 2019-07-31 14:29:36","timestamp":"2019-07-31 14:29:36"}
{"level":"info","message":"启动离线订单检测！间隔180000","timestamp":"2019-07-31 14:29:36"}
{"level":"info","message":"没有需要同步的订单！","timestamp":"2019-07-31 14:29:36"}
{"level":"info","message":"GET /system/info 8 2019-07-31 14:30:14","timestamp":"2019-07-31 14:30:14"}
{"level":"info","message":"GET /on/line/state 1 2019-07-31 14:30:14","timestamp":"2019-07-31 14:30:14"}
{"level":"info","message":"GET /order/order_state_count 14 2019-07-31 14:30:14","timestamp":"2019-07-31 14:30:14"}
{"level":"info","message":"启动打印机检测！间隔240000","timestamp":"2019-07-31 14:31:35"}
{"level":"info","message":"启动离线订单检测！间隔180000","timestamp":"2019-07-31 14:32:36"}
{"level":"info","message":"没有需要同步的订单！","timestamp":"2019-07-31 14:32:36"}
{"level":"info","message":"GET /order/get_order_test 117 2019-07-31 14:33:09","timestamp":"2019-07-31 14:33:09"}
{"level":"info","message":"GET /order/order_state_count 37 2019-07-31 14:33:09","timestamp":"2019-07-31 14:33:09"}
{"level":"info","message":"GET /system/info 5 2019-07-31 14:33:09","timestamp":"2019-07-31 14:33:09"}
{"level":"error","message":"resource \"GET:/order/platform/list\" not found","timestamp":"2019-07-31 14:33:10"}
{"level":"info","message":"GET /order/platform/list 2 2019-07-31 14:33:10","timestamp":"2019-07-31 14:33:10"}
{"level":"info","message":"GET /order/order_state_count 5 2019-07-31 14:33:10","timestamp":"2019-07-31 14:33:10"}
{"level":"info","message":"GET /on/line/state 0 2019-07-31 14:33:10","timestamp":"2019-07-31 14:33:10"}
{"level":"info","message":"GET /order/order_state_count 7 2019-07-31 14:33:25","timestamp":"2019-07-31 14:33:25"}
{"level":"info","message":"GET /area 9 2019-07-31 14:33:25","timestamp":"2019-07-31 14:33:25"}
{"level":"info","message":"GET /table/list 10 2019-07-31 14:33:25","timestamp":"2019-07-31 14:33:25"}
{"level":"info","message":"GET /table/number 3 2019-07-31 14:33:26","timestamp":"2019-07-31 14:33:26"}
{"level":"error","message":"resource \"GET:/order/platform/list\" not found","timestamp":"2019-07-31 14:33:28"}
{"level":"info","message":"GET /order/platform/list 1 2019-07-31 14:33:28","timestamp":"2019-07-31 14:33:28"}
{"level":"info","message":"GET /order/order_state_count 5 2019-07-31 14:33:28","timestamp":"2019-07-31 14:33:28"}
{"level":"info","message":"mqtt成功连接到：ws://test.emq.restoplus.cn:8083/mqtt","timestamp":"2019-07-31 14:34:45"}
{"level":"info","message":"订阅成功--$queue/winPos/+/2f83afee7a0e4822a6729145dd53af33/d2ff1bbb8c6f4fd8adb3949f76f8c1b6/+/+/+","timestamp":"2019-07-31 14:34:45"}
{"level":"info","message":"允许接收的平台=>posAdmin-dev,resto-dev","timestamp":"2019-07-31 14:34:45"}
{"level":"error","message":"==mqtt==close==你已断开连接,异常退出","timestamp":"2019-07-31 14:35:17"}
{"level":"error","message":"==mqtt==reconnect==正在尝试重新连接","timestamp":"2019-07-31 14:35:32"}
{"level":"info","message":"mqtt成功连接到：ws://test.emq.restoplus.cn:8083/mqtt","timestamp":"2019-07-31 14:35:33"}
{"level":"info","message":"订阅成功--$queue/winPos/+/2f83afee7a0e4822a6729145dd53af33/d2ff1bbb8c6f4fd8adb3949f76f8c1b6/+/+/+","timestamp":"2019-07-31 14:35:33"}
{"level":"info","message":"允许接收的平台=>posAdmin-dev,resto-dev","timestamp":"2019-07-31 14:35:33"}
{"level":"error","message":"resource \"GET:/a76d7c0b289f0a9ab0e1.hot-update.json\" not found","timestamp":"2019-07-31 14:35:45"}
{"level":"info","message":"GET /a76d7c0b289f0a9ab0e1.hot-update.json 4 2019-07-31 14:35:45","timestamp":"2019-07-31 14:35:45"}
{"level":"info","message":"GET /system/info 37 2019-07-31 14:36:55","timestamp":"2019-07-31 14:36:55"}
{"level":"error","message":"resource \"GET:/order/platform/list\" not found","timestamp":"2019-07-31 14:36:55"}
{"level":"info","message":"GET /order/platform/list 2 2019-07-31 14:36:55","timestamp":"2019-07-31 14:36:55"}
{"level":"info","message":"GET /on/line/state 0 2019-07-31 14:36:55","timestamp":"2019-07-31 14:36:55"}
{"level":"info","message":"GET /order/order_state_count 50 2019-07-31 14:36:55","timestamp":"2019-07-31 14:36:55"}
{"level":"info","message":"GET /order/order_state_count 17 2019-07-31 14:37:00","timestamp":"2019-07-31 14:37:00"}
{"level":"info","message":"GET /area 34 2019-07-31 14:37:00","timestamp":"2019-07-31 14:37:00"}
{"level":"info","message":"GET /table/list 43 2019-07-31 14:37:00","timestamp":"2019-07-31 14:37:00"}
{"level":"info","message":"GET /table/number 4 2019-07-31 14:37:00","timestamp":"2019-07-31 14:37:00"}
{"level":"error","message":"resource \"GET:/order/platform/list\" not found","timestamp":"2019-07-31 14:37:03"}
{"level":"info","message":"GET /order/platform/list 0 2019-07-31 14:37:03","timestamp":"2019-07-31 14:37:03"}
{"level":"info","message":"GET /order/order_state_count 4 2019-07-31 14:37:03","timestamp":"2019-07-31 14:37:03"}
{"level":"info","message":"启动离线订单检测！间隔180000","timestamp":"2019-07-31 14:37:26"}
{"level":"info","message":"没有需要同步的订单！","timestamp":"2019-07-31 14:37:26"}
{"level":"info","message":"启动打印机检测！间隔240000","timestamp":"2019-07-31 14:38:26"}
{"level":"info","message":"启动离线订单检测！间隔180000","timestamp":"2019-07-31 14:40:26"}
{"level":"info","message":"没有需要同步的订单！","timestamp":"2019-07-31 14:40:26"}
{"level":"error","message":"ServiceUnavailableError: Response timeout\n    at IncomingMessage.<anonymous> (/Users/chintec/Documents/node/resto-newpos/node_modules/connect-timeout/index.js:84:8)\n    at emitOne (events.js:116:13)\n    at IncomingMessage.emit (events.js:211:7)\n    at Timeout._onTimeout (/Users/chintec/Documents/node/resto-newpos/node_modules/connect-timeout/index.js:49:11)\n    at ontimeout (timers.js:475:11)\n    at tryOnTimeout (timers.js:310:5)\n    at Timer.listOnTimeout (timers.js:270:5)","timestamp":"2019-07-31 14:45:27"}
{"level":"info","message":"启动离线订单检测！间隔180000","timestamp":"2019-07-31 14:47:30"}
{"level":"info","message":"没有需要同步的订单！","timestamp":"2019-07-31 14:47:30"}
{"level":"info","message":"启动打印机检测！间隔240000","timestamp":"2019-07-31 14:48:30"}
{"level":"info","message":"GET /system/info 16 2019-07-31 14:49:35","timestamp":"2019-07-31 14:49:35"}
{"level":"info","message":"GET /on/line/state 0 2019-07-31 14:49:36","timestamp":"2019-07-31 14:49:36"}
{"level":"info","message":"GET /order/platform/list 20 2019-07-31 14:49:36","timestamp":"2019-07-31 14:49:36"}
{"level":"info","message":"GET /order/order_state_count 20 2019-07-31 14:49:36","timestamp":"2019-07-31 14:49:36"}
{"level":"info","message":"GET /system/info 7 2019-07-31 14:49:45","timestamp":"2019-07-31 14:49:45"}
{"level":"info","message":"GET /order/platform/list 8 2019-07-31 14:49:46","timestamp":"2019-07-31 14:49:46"}
{"level":"info","message":"GET /order/order_state_count 4 2019-07-31 14:49:46","timestamp":"2019-07-31 14:49:46"}
{"level":"info","message":"GET /on/line/state 0 2019-07-31 14:49:46","timestamp":"2019-07-31 14:49:46"}
{"level":"info","message":"启动离线订单检测！间隔180000","timestamp":"2019-07-31 14:50:30"}
{"level":"info","message":"没有需要同步的订单！","timestamp":"2019-07-31 14:50:30"}
{"level":"info","message":"启动打印机检测！间隔240000","timestamp":"2019-07-31 14:52:30"}
{"level":"info","message":"GET /system/info 232 2019-07-31 14:57:35","timestamp":"2019-07-31 14:57:35"}
{"level":"info","message":"GET /on/line/state 2 2019-07-31 14:57:35","timestamp":"2019-07-31 14:57:35"}
{"level":"info","message":"GET /order/platform/list 46 2019-07-31 14:57:35","timestamp":"2019-07-31 14:57:35"}
{"level":"info","message":"GET /order/order_state_count 67 2019-07-31 14:57:35","timestamp":"2019-07-31 14:57:35"}
{"level":"info","message":"GET /user/normal/list 2 2019-07-31 14:57:36","timestamp":"2019-07-31 14:57:36"}
{"level":"info","message":"GET /on/line/state 1 2019-07-31 14:57:36","timestamp":"2019-07-31 14:57:36"}
{"level":"info","message":"GET /on/line/state 0 2019-07-31 14:57:38","timestamp":"2019-07-31 14:57:38"}
{"level":"info","message":"GET /user/normal/list 8 2019-07-31 14:57:38","timestamp":"2019-07-31 14:57:38"}
{"level":"info","message":"开始同步库存数据","timestamp":"2019-07-31 14:57:40"}
{"level":"info","message":"POST /user/login 129 2019-07-31 14:57:40","timestamp":"2019-07-31 14:57:40"}
{"level":"info","message":"GET /system/info 18 2019-07-31 14:57:41","timestamp":"2019-07-31 14:57:41"}
{"level":"info","message":"同步库存数据开始!","timestamp":"2019-07-31 14:57:41"}
{"level":"info","message":"GET /on/line/state 0 2019-07-31 14:57:41","timestamp":"2019-07-31 14:57:41"}
{"level":"info","message":"GET /order/order_state_count 42 2019-07-31 14:57:41","timestamp":"2019-07-31 14:57:41"}
{"level":"info","message":"GET /area 65 2019-07-31 14:57:41","timestamp":"2019-07-31 14:57:41"}
{"level":"info","message":"GET /table/list 79 2019-07-31 14:57:41","timestamp":"2019-07-31 14:57:41"}
{"level":"info","message":"GET /table/number 7 2019-07-31 14:57:41","timestamp":"2019-07-31 14:57:41"}
{"level":"info","message":"同步库存数据完成!","timestamp":"2019-07-31 14:57:42"}
{"level":"info","message":"GET /order/platform/list 1 2019-07-31 14:57:42","timestamp":"2019-07-31 14:57:42"}
{"level":"info","message":"GET /order/order_state_count 4 2019-07-31 14:57:42","timestamp":"2019-07-31 14:57:42"}
{"level":"info","message":"启动离线订单检测！间隔180000","timestamp":"2019-07-31 14:58:32"}
{"level":"info","message":"没有需要同步的订单！","timestamp":"2019-07-31 14:58:32"}
{"level":"info","message":"启动打印机检测！间隔240000","timestamp":"2019-07-31 14:59:32"}
{"level":"info","message":"启动离线订单检测！间隔180000","timestamp":"2019-07-31 15:01:32"}
{"level":"info","message":"没有需要同步的订单！","timestamp":"2019-07-31 15:01:32"}
{"level":"info","message":"启动打印机检测！间隔240000","timestamp":"2019-07-31 15:03:32"}
{"level":"info","message":"启动离线订单检测！间隔180000","timestamp":"2019-07-31 15:04:32"}
{"level":"info","message":"没有需要同步的订单！","timestamp":"2019-07-31 15:04:32"}
{"level":"info","message":"启动打印机检测！间隔240000","timestamp":"2019-07-31 15:07:32"}
{"level":"info","message":"启动离线订单检测！间隔180000","timestamp":"2019-07-31 15:07:32"}
{"level":"info","message":"没有需要同步的订单！","timestamp":"2019-07-31 15:07:32"}
{"level":"info","message":"GET /system/info 12 2019-07-31 15:07:37","timestamp":"2019-07-31 15:07:37"}
{"level":"info","message":"GET /order/platform/list 5 2019-07-31 15:07:37","timestamp":"2019-07-31 15:07:37"}
{"level":"info","message":"GET /order/order_state_count 5 2019-07-31 15:07:37","timestamp":"2019-07-31 15:07:37"}
{"level":"info","message":"GET /on/line/state 0 2019-07-31 15:07:37","timestamp":"2019-07-31 15:07:37"}
{"level":"info","message":"启动离线订单检测！间隔180000","timestamp":"2019-07-31 15:10:32"}
{"level":"info","message":"没有需要同步的订单！","timestamp":"2019-07-31 15:10:32"}
{"level":"info","message":"启动打印机检测！间隔240000","timestamp":"2019-07-31 15:11:32"}
{"level":"info","message":"启动离线订单检测！间隔180000","timestamp":"2019-07-31 15:13:32"}
{"level":"info","message":"没有需要同步的订单！","timestamp":"2019-07-31 15:13:32"}
{"level":"info","message":"启动打印机检测！间隔240000","timestamp":"2019-07-31 15:15:32"}
{"level":"info","message":"启动离线订单检测！间隔180000","timestamp":"2019-07-31 15:16:32"}
{"level":"info","message":"没有需要同步的订单！","timestamp":"2019-07-31 15:16:32"}
{"level":"info","message":"GET /system/info 6 2019-07-31 15:17:24","timestamp":"2019-07-31 15:17:24"}
{"level":"info","message":"GET /on/line/state 0 2019-07-31 15:17:24","timestamp":"2019-07-31 15:17:24"}
{"level":"info","message":"GET /order/platform/list 38 2019-07-31 15:17:24","timestamp":"2019-07-31 15:17:24"}
{"level":"info","message":"GET /order/order_state_count 44 2019-07-31 15:17:24","timestamp":"2019-07-31 15:17:24"}
{"level":"info","message":"GET /system/info 9 2019-07-31 15:17:31","timestamp":"2019-07-31 15:17:31"}
{"level":"info","message":"GET /on/line/state 1 2019-07-31 15:17:31","timestamp":"2019-07-31 15:17:31"}
{"level":"info","message":"GET /order/platform/list 16 2019-07-31 15:17:31","timestamp":"2019-07-31 15:17:31"}
{"level":"info","message":"GET /order/order_state_count 16 2019-07-31 15:17:31","timestamp":"2019-07-31 15:17:31"}
{"level":"info","message":"GET /system/info 4 2019-07-31 15:17:39","timestamp":"2019-07-31 15:17:39"}
{"level":"info","message":"GET /order/platform/list 4 2019-07-31 15:17:39","timestamp":"2019-07-31 15:17:39"}
{"level":"info","message":"GET /order/order_state_count 5 2019-07-31 15:17:39","timestamp":"2019-07-31 15:17:39"}
{"level":"info","message":"GET /on/line/state 1 2019-07-31 15:17:39","timestamp":"2019-07-31 15:17:39"}
{"level":"info","message":"启动打印机检测！间隔240000","timestamp":"2019-07-31 15:19:32"}
{"level":"info","message":"启动离线订单检测！间隔180000","timestamp":"2019-07-31 15:19:32"}
{"level":"info","message":"没有需要同步的订单！","timestamp":"2019-07-31 15:19:32"}
{"level":"info","message":"GET /order/platform/order 7 2019-07-31 15:19:47","timestamp":"2019-07-31 15:19:47"}
{"level":"info","message":"GET /order/platform/order 6 2019-07-31 15:19:54","timestamp":"2019-07-31 15:19:54"}
{"level":"info","message":"GET /order/platform/order 4 2019-07-31 15:20:02","timestamp":"2019-07-31 15:20:02"}
{"level":"info","message":"GET /order/platform/list 4 2019-07-31 15:20:47","timestamp":"2019-07-31 15:20:47"}
{"level":"info","message":"GET /order/order_state_count 5 2019-07-31 15:20:47","timestamp":"2019-07-31 15:20:47"}
{"level":"info","message":"GET /order/platform/list 2 2019-07-31 15:20:49","timestamp":"2019-07-31 15:20:49"}
{"level":"info","message":"GET /order/platform/list 2 2019-07-31 15:20:53","timestamp":"2019-07-31 15:20:53"}
{"level":"info","message":"GET /order/platform/list 3 2019-07-31 15:20:55","timestamp":"2019-07-31 15:20:55"}
{"level":"info","message":"GET /order/platform/list 3 2019-07-31 15:20:56","timestamp":"2019-07-31 15:20:56"}
{"level":"info","message":"GET /system/info 8 2019-07-31 15:21:11","timestamp":"2019-07-31 15:21:11"}
{"level":"info","message":"GET /order/platform/list 8 2019-07-31 15:21:12","timestamp":"2019-07-31 15:21:12"}
{"level":"info","message":"GET /on/line/state 1 2019-07-31 15:21:12","timestamp":"2019-07-31 15:21:12"}
{"level":"info","message":"GET /order/order_state_count 63 2019-07-31 15:21:12","timestamp":"2019-07-31 15:21:12"}
{"level":"info","message":"GET /order/platform/list 3 2019-07-31 15:21:13","timestamp":"2019-07-31 15:21:13"}
{"level":"info","message":"GET /order/platform/list 2 2019-07-31 15:21:16","timestamp":"2019-07-31 15:21:16"}
{"level":"info","message":"GET /order/platform/list 2 2019-07-31 15:21:18","timestamp":"2019-07-31 15:21:18"}
{"level":"info","message":"GET /order/platform/list 3 2019-07-31 15:21:49","timestamp":"2019-07-31 15:21:49"}
{"level":"info","message":"GET /order/platform/list 3 2019-07-31 15:21:50","timestamp":"2019-07-31 15:21:50"}
{"level":"info","message":"GET /order/platform/list 2 2019-07-31 15:21:51","timestamp":"2019-07-31 15:21:51"}
{"level":"info","message":"GET /order/platform/list 3 2019-07-31 15:21:52","timestamp":"2019-07-31 15:21:52"}
{"level":"info","message":"GET /order/platform/list 3 2019-07-31 15:21:52","timestamp":"2019-07-31 15:21:52"}
{"level":"info","message":"GET /order/platform/list 3 2019-07-31 15:21:53","timestamp":"2019-07-31 15:21:53"}
{"level":"info","message":"GET /order/platform/list 1 2019-07-31 15:21:53","timestamp":"2019-07-31 15:21:53"}
{"level":"info","message":"GET /order/platform/list 2 2019-07-31 15:21:54","timestamp":"2019-07-31 15:21:54"}
{"level":"info","message":"GET /order/platform/list 3 2019-07-31 15:21:54","timestamp":"2019-07-31 15:21:54"}
{"level":"info","message":"GET /order/platform/list 2 2019-07-31 15:21:55","timestamp":"2019-07-31 15:21:55"}
{"level":"info","message":"GET /order/platform/list 2 2019-07-31 15:21:56","timestamp":"2019-07-31 15:21:56"}
{"level":"info","message":"GET /order/platform/list 2 2019-07-31 15:21:56","timestamp":"2019-07-31 15:21:56"}
{"level":"info","message":"GET /order/platform/list 3 2019-07-31 15:21:56","timestamp":"2019-07-31 15:21:56"}
{"level":"info","message":"GET /order/platform/list 1 2019-07-31 15:21:57","timestamp":"2019-07-31 15:21:57"}
{"level":"info","message":"GET /order/platform/list 2 2019-07-31 15:21:57","timestamp":"2019-07-31 15:21:57"}
{"level":"info","message":"GET /order/platform/list 3 2019-07-31 15:21:57","timestamp":"2019-07-31 15:21:57"}
{"level":"info","message":"GET /order/platform/list 7 2019-07-31 15:21:59","timestamp":"2019-07-31 15:21:59"}
{"level":"info","message":"GET /order/platform/list 2 2019-07-31 15:22:04","timestamp":"2019-07-31 15:22:04"}
{"level":"info","message":"GET /order/platform/list 2 2019-07-31 15:22:04","timestamp":"2019-07-31 15:22:04"}
{"level":"info","message":"GET /order/platform/list 2 2019-07-31 15:22:05","timestamp":"2019-07-31 15:22:05"}
{"level":"info","message":"GET /order/platform/list 3 2019-07-31 15:22:05","timestamp":"2019-07-31 15:22:05"}
{"level":"info","message":"GET /order/platform/list 2 2019-07-31 15:22:07","timestamp":"2019-07-31 15:22:07"}
{"level":"info","message":"GET /order/platform/list 3 2019-07-31 15:22:07","timestamp":"2019-07-31 15:22:07"}
{"level":"info","message":"GET /order/platform/list 3 2019-07-31 15:22:08","timestamp":"2019-07-31 15:22:08"}
{"level":"info","message":"GET /order/platform/list 7 2019-07-31 15:22:08","timestamp":"2019-07-31 15:22:08"}
{"level":"info","message":"GET /order/platform/list 3 2019-07-31 15:22:09","timestamp":"2019-07-31 15:22:09"}
{"level":"info","message":"GET /order/platform/list 2 2019-07-31 15:22:09","timestamp":"2019-07-31 15:22:09"}
{"level":"info","message":"GET /order/platform/list 3 2019-07-31 15:22:09","timestamp":"2019-07-31 15:22:09"}
{"level":"info","message":"GET /order/platform/list 4 2019-07-31 15:22:10","timestamp":"2019-07-31 15:22:10"}
{"level":"info","message":"启动离线订单检测！间隔180000","timestamp":"2019-07-31 15:22:32"}
{"level":"info","message":"没有需要同步的订单！","timestamp":"2019-07-31 15:22:32"}
{"level":"info","message":"启动打印机检测！间隔240000","timestamp":"2019-07-31 15:23:32"}
{"level":"info","message":"启动离线订单检测！间隔180000","timestamp":"2019-07-31 15:25:32"}
{"level":"info","message":"没有需要同步的订单！","timestamp":"2019-07-31 15:25:32"}
{"level":"info","message":"GET /article/family_list 26 2019-07-31 15:26:07","timestamp":"2019-07-31 15:26:07"}
{"level":"info","message":"GET /article/article_list 49 2019-07-31 15:26:07","timestamp":"2019-07-31 15:26:07"}
{"level":"info","message":"GET /article/article_list 12 2019-07-31 15:26:11","timestamp":"2019-07-31 15:26:11"}
{"level":"info","message":"GET /article/article_list 16 2019-07-31 15:26:13","timestamp":"2019-07-31 15:26:13"}
{"level":"info","message":"GET /article/article_list 17 2019-07-31 15:26:15","timestamp":"2019-07-31 15:26:15"}
{"level":"info","message":"GET /order/order_state_count 29 2019-07-31 15:26:28","timestamp":"2019-07-31 15:26:28"}
{"level":"info","message":"GET /area 34 2019-07-31 15:26:28","timestamp":"2019-07-31 15:26:28"}
{"level":"info","message":"GET /table/list 36 2019-07-31 15:26:28","timestamp":"2019-07-31 15:26:28"}
{"level":"info","message":"GET /table/number 3 2019-07-31 15:26:28","timestamp":"2019-07-31 15:26:28"}
{"level":"info","message":"GET /order/platform/list 7 2019-07-31 15:26:29","timestamp":"2019-07-31 15:26:29"}
{"level":"info","message":"GET /order/order_state_count 7 2019-07-31 15:26:29","timestamp":"2019-07-31 15:26:29"}
{"level":"info","message":"GET /order/order_state_count 4 2019-07-31 15:26:32","timestamp":"2019-07-31 15:26:32"}
{"level":"info","message":"GET /area 1 2019-07-31 15:26:32","timestamp":"2019-07-31 15:26:32"}
{"level":"info","message":"GET /table/list 5 2019-07-31 15:26:32","timestamp":"2019-07-31 15:26:32"}
{"level":"info","message":"GET /table/number 2 2019-07-31 15:26:32","timestamp":"2019-07-31 15:26:32"}
{"level":"info","message":"GET /table/list 6 2019-07-31 15:26:33","timestamp":"2019-07-31 15:26:33"}
{"level":"info","message":"GET /table/number 3 2019-07-31 15:26:33","timestamp":"2019-07-31 15:26:33"}
{"level":"info","message":"GET /table/list 6 2019-07-31 15:26:34","timestamp":"2019-07-31 15:26:34"}
{"level":"info","message":"GET /table/number 4 2019-07-31 15:26:34","timestamp":"2019-07-31 15:26:34"}
{"level":"info","message":"GET /table/list 6 2019-07-31 15:26:35","timestamp":"2019-07-31 15:26:35"}
{"level":"info","message":"GET /table/number 5 2019-07-31 15:26:35","timestamp":"2019-07-31 15:26:35"}
{"level":"info","message":"GET /table/list 4 2019-07-31 15:26:35","timestamp":"2019-07-31 15:26:35"}
{"level":"info","message":"GET /table/number 4 2019-07-31 15:26:35","timestamp":"2019-07-31 15:26:35"}
{"level":"info","message":"GET /article/family_list 3 2019-07-31 15:26:50","timestamp":"2019-07-31 15:26:50"}
{"level":"info","message":"GET /article/article_list 19 2019-07-31 15:26:50","timestamp":"2019-07-31 15:26:50"}
{"level":"info","message":"GET /order/order_state_count 5 2019-07-31 15:26:54","timestamp":"2019-07-31 15:26:54"}
{"level":"info","message":"GET /area 3 2019-07-31 15:26:54","timestamp":"2019-07-31 15:26:54"}
{"level":"info","message":"GET /table/list 8 2019-07-31 15:26:54","timestamp":"2019-07-31 15:26:54"}
{"level":"info","message":"GET /table/number 2 2019-07-31 15:26:54","timestamp":"2019-07-31 15:26:54"}
{"level":"info","message":"GET /table/list 6 2019-07-31 15:26:57","timestamp":"2019-07-31 15:26:57"}
{"level":"info","message":"GET /table/number 9 2019-07-31 15:26:58","timestamp":"2019-07-31 15:26:58"}
{"level":"info","message":"GET /table/list 4 2019-07-31 15:26:58","timestamp":"2019-07-31 15:26:58"}
{"level":"info","message":"GET /table/number 3 2019-07-31 15:26:58","timestamp":"2019-07-31 15:26:58"}
{"level":"info","message":"启动打印机检测！间隔240000","timestamp":"2019-07-31 15:27:32"}
{"level":"info","message":"GET /order/platform/list 6 2019-07-31 15:28:23","timestamp":"2019-07-31 15:28:23"}
{"level":"info","message":"GET /order/order_state_count 5 2019-07-31 15:28:23","timestamp":"2019-07-31 15:28:23"}
{"level":"info","message":"GET /system/info 5 2019-07-31 15:28:31","timestamp":"2019-07-31 15:28:31"}
{"level":"info","message":"GET /order/platform/list 4 2019-07-31 15:28:31","timestamp":"2019-07-31 15:28:31"}
{"level":"info","message":"GET /order/order_state_count 4 2019-07-31 15:28:31","timestamp":"2019-07-31 15:28:31"}
{"level":"info","message":"GET /on/line/state 1 2019-07-31 15:28:31","timestamp":"2019-07-31 15:28:31"}
{"level":"info","message":"启动离线订单检测！间隔180000","timestamp":"2019-07-31 15:28:32"}
{"level":"info","message":"没有需要同步的订单！","timestamp":"2019-07-31 15:28:32"}
{"level":"info","message":"GET /order/platform/list 8 2019-07-31 15:29:20","timestamp":"2019-07-31 15:29:20"}
{"level":"info","message":"GET /order/order_state_count 8 2019-07-31 15:29:20","timestamp":"2019-07-31 15:29:20"}
{"level":"info","message":"GET /order/platform/list 5 2019-07-31 15:30:19","timestamp":"2019-07-31 15:30:19"}
{"level":"info","message":"GET /order/order_state_count 8 2019-07-31 15:30:19","timestamp":"2019-07-31 15:30:19"}
{"level":"info","message":"GET /system/info 7 2019-07-31 15:30:27","timestamp":"2019-07-31 15:30:27"}
{"level":"info","message":"GET /order/platform/list 6 2019-07-31 15:30:28","timestamp":"2019-07-31 15:30:28"}
{"level":"info","message":"GET /order/order_state_count 5 2019-07-31 15:30:28","timestamp":"2019-07-31 15:30:28"}
{"level":"info","message":"GET /on/line/state 1 2019-07-31 15:30:28","timestamp":"2019-07-31 15:30:28"}
{"level":"info","message":"GET /order/platform/list 8 2019-07-31 15:30:37","timestamp":"2019-07-31 15:30:37"}
{"level":"info","message":"GET /order/order_state_count 14 2019-07-31 15:30:37","timestamp":"2019-07-31 15:30:37"}
{"level":"info","message":"GET /order/platform/list 2 2019-07-31 15:30:46","timestamp":"2019-07-31 15:30:46"}
{"level":"info","message":"GET /order/platform/list 7 2019-07-31 15:31:02","timestamp":"2019-07-31 15:31:02"}
{"level":"info","message":"GET /order/order_state_count 21 2019-07-31 15:31:02","timestamp":"2019-07-31 15:31:02"}
{"level":"info","message":"启动打印机检测！间隔240000","timestamp":"2019-07-31 15:31:32"}
{"level":"info","message":"启动离线订单检测！间隔180000","timestamp":"2019-07-31 15:31:32"}
{"level":"info","message":"没有需要同步的订单！","timestamp":"2019-07-31 15:31:32"}
{"level":"info","message":"GET /order/order_state_count 25 2019-07-31 15:33:45","timestamp":"2019-07-31 15:33:45"}
{"level":"info","message":"GET /area 31 2019-07-31 15:33:45","timestamp":"2019-07-31 15:33:45"}
{"level":"info","message":"GET /table/list 37 2019-07-31 15:33:45","timestamp":"2019-07-31 15:33:45"}
{"level":"info","message":"GET /table/number 3 2019-07-31 15:33:45","timestamp":"2019-07-31 15:33:45"}
{"level":"info","message":"启动离线订单检测！间隔180000","timestamp":"2019-07-31 15:34:32"}
{"level":"info","message":"没有需要同步的订单！","timestamp":"2019-07-31 15:34:32"}
{"level":"info","message":"启动打印机检测！间隔240000","timestamp":"2019-07-31 15:35:32"}
{"level":"info","message":"GET /order/platform/list 7 2019-07-31 15:35:57","timestamp":"2019-07-31 15:35:57"}
{"level":"info","message":"GET /order/order_state_count 7 2019-07-31 15:35:57","timestamp":"2019-07-31 15:35:57"}
{"level":"info","message":"启动离线订单检测！间隔180000","timestamp":"2019-07-31 15:37:32"}
{"level":"info","message":"没有需要同步的订单！","timestamp":"2019-07-31 15:37:32"}
{"level":"info","message":"GET /order/platform/list 7 2019-07-31 15:38:25","timestamp":"2019-07-31 15:38:25"}
{"level":"info","message":"GET /order/order_state_count 8 2019-07-31 15:38:25","timestamp":"2019-07-31 15:38:25"}
{"level":"info","message":"GET /order/order_state_count 4 2019-07-31 15:38:32","timestamp":"2019-07-31 15:38:32"}
{"level":"info","message":"GET /order/wait_and_nopay 6 2019-07-31 15:38:32","timestamp":"2019-07-31 15:38:32"}
{"level":"info","message":"GET /order/platform/list 4 2019-07-31 15:38:33","timestamp":"2019-07-31 15:38:33"}
{"level":"info","message":"GET /order/order_state_count 5 2019-07-31 15:38:33","timestamp":"2019-07-31 15:38:33"}
{"level":"info","message":"GET /order/order_state_count 8 2019-07-31 15:39:11","timestamp":"2019-07-31 15:39:11"}
{"level":"info","message":"GET /order/wait_and_nopay 7 2019-07-31 15:39:11","timestamp":"2019-07-31 15:39:11"}
{"level":"info","message":"GET /order/platform/list 6 2019-07-31 15:39:12","timestamp":"2019-07-31 15:39:12"}
{"level":"info","message":"GET /order/order_state_count 7 2019-07-31 15:39:12","timestamp":"2019-07-31 15:39:12"}
{"level":"info","message":"启动打印机检测！间隔240000","timestamp":"2019-07-31 15:39:32"}
{"level":"info","message":"GET /system/info 7 2019-07-31 15:39:43","timestamp":"2019-07-31 15:39:43"}
{"level":"info","message":"GET /order/platform/list 4 2019-07-31 15:39:44","timestamp":"2019-07-31 15:39:44"}
{"level":"info","message":"GET /order/order_state_count 4 2019-07-31 15:39:44","timestamp":"2019-07-31 15:39:44"}
{"level":"info","message":"GET /on/line/state 1 2019-07-31 15:39:44","timestamp":"2019-07-31 15:39:44"}
{"level":"info","message":"启动离线订单检测！间隔180000","timestamp":"2019-07-31 15:40:32"}
{"level":"info","message":"没有需要同步的订单！","timestamp":"2019-07-31 15:40:32"}
{"level":"info","message":"启动打印机检测！间隔240000","timestamp":"2019-07-31 15:43:32"}
{"level":"info","message":"启动离线订单检测！间隔180000","timestamp":"2019-07-31 15:43:32"}
{"level":"info","message":"没有需要同步的订单！","timestamp":"2019-07-31 15:43:32"}
{"level":"info","message":"启动离线订单检测！间隔180000","timestamp":"2019-07-31 15:46:32"}
{"level":"info","message":"没有需要同步的订单！","timestamp":"2019-07-31 15:46:32"}
{"level":"info","message":"启动打印机检测！间隔240000","timestamp":"2019-07-31 15:47:33"}
{"level":"info","message":"GET /order/platform/list 10 2019-07-31 15:47:33","timestamp":"2019-07-31 15:47:33"}
{"level":"info","message":"GET /order/order_state_count 14 2019-07-31 15:47:33","timestamp":"2019-07-31 15:47:33"}
{"level":"info","message":"GET /system/info 8 2019-07-31 15:47:42","timestamp":"2019-07-31 15:47:42"}
{"level":"info","message":"GET /order/platform/list 3 2019-07-31 15:47:43","timestamp":"2019-07-31 15:47:43"}
{"level":"info","message":"GET /order/order_state_count 5 2019-07-31 15:47:43","timestamp":"2019-07-31 15:47:43"}
{"level":"info","message":"GET /on/line/state 1 2019-07-31 15:47:43","timestamp":"2019-07-31 15:47:43"}
{"level":"info","message":"GET /system/info 6 2019-07-31 15:48:08","timestamp":"2019-07-31 15:48:08"}
{"level":"info","message":"GET /order/platform/list 4 2019-07-31 15:48:09","timestamp":"2019-07-31 15:48:09"}
{"level":"info","message":"GET /order/order_state_count 5 2019-07-31 15:48:09","timestamp":"2019-07-31 15:48:09"}
{"level":"info","message":"GET /on/line/state 0 2019-07-31 15:48:09","timestamp":"2019-07-31 15:48:09"}
{"level":"info","message":"GET /order/platform/list 2 2019-07-31 15:48:12","timestamp":"2019-07-31 15:48:12"}
{"level":"info","message":"GET /order/platform/list 2 2019-07-31 15:48:16","timestamp":"2019-07-31 15:48:16"}
{"level":"info","message":"GET /order/platform/list 2 2019-07-31 15:48:17","timestamp":"2019-07-31 15:48:17"}
{"level":"info","message":"GET /order/platform/list 2 2019-07-31 15:48:19","timestamp":"2019-07-31 15:48:19"}
{"level":"info","message":"GET /order/platform/list 1 2019-07-31 15:48:20","timestamp":"2019-07-31 15:48:20"}
{"level":"info","message":"GET /order/platform/list 2 2019-07-31 15:48:23","timestamp":"2019-07-31 15:48:23"}
{"level":"info","message":"GET /order/platform/list 2 2019-07-31 15:48:32","timestamp":"2019-07-31 15:48:32"}
{"level":"info","message":"GET /order/platform/list 2 2019-07-31 15:48:33","timestamp":"2019-07-31 15:48:33"}
{"level":"info","message":"GET /order/platform/list 3 2019-07-31 15:48:34","timestamp":"2019-07-31 15:48:34"}
{"level":"info","message":"GET /order/platform/list 2 2019-07-31 15:48:34","timestamp":"2019-07-31 15:48:34"}
{"level":"info","message":"GET /order/platform/list 2 2019-07-31 15:48:37","timestamp":"2019-07-31 15:48:37"}
{"level":"info","message":"GET /order/platform/list 2 2019-07-31 15:48:38","timestamp":"2019-07-31 15:48:38"}
{"level":"info","message":"GET /order/platform/list 3 2019-07-31 15:48:38","timestamp":"2019-07-31 15:48:38"}
{"level":"info","message":"GET /order/platform/list 3 2019-07-31 15:48:39","timestamp":"2019-07-31 15:48:39"}
{"level":"info","message":"GET /order/platform/list 1 2019-07-31 15:48:39","timestamp":"2019-07-31 15:48:39"}
{"level":"info","message":"GET /order/platform/list 2 2019-07-31 15:48:39","timestamp":"2019-07-31 15:48:39"}
{"level":"info","message":"GET /order/platform/list 2 2019-07-31 15:48:40","timestamp":"2019-07-31 15:48:40"}
{"level":"info","message":"GET /order/platform/list 2 2019-07-31 15:48:40","timestamp":"2019-07-31 15:48:40"}
{"level":"info","message":"GET /order/platform/list 2 2019-07-31 15:48:40","timestamp":"2019-07-31 15:48:40"}
{"level":"info","message":"GET /order/platform/list 2 2019-07-31 15:48:40","timestamp":"2019-07-31 15:48:40"}
{"level":"info","message":"GET /order/platform/list 2 2019-07-31 15:48:41","timestamp":"2019-07-31 15:48:41"}
{"level":"info","message":"GET /order/platform/list 2 2019-07-31 15:48:41","timestamp":"2019-07-31 15:48:41"}
{"level":"info","message":"GET /order/platform/list 2 2019-07-31 15:48:43","timestamp":"2019-07-31 15:48:43"}
{"level":"info","message":"GET /order/platform/list 2 2019-07-31 15:48:43","timestamp":"2019-07-31 15:48:43"}
{"level":"info","message":"GET /order/platform/list 2 2019-07-31 15:48:43","timestamp":"2019-07-31 15:48:43"}
{"level":"info","message":"GET /order/platform/list 4 2019-07-31 15:48:43","timestamp":"2019-07-31 15:48:43"}
{"level":"info","message":"GET /order/platform/list 1 2019-07-31 15:48:44","timestamp":"2019-07-31 15:48:44"}
{"level":"info","message":"GET /order/platform/list 2 2019-07-31 15:48:44","timestamp":"2019-07-31 15:48:44"}
{"level":"info","message":"GET /order/platform/list 2 2019-07-31 15:48:44","timestamp":"2019-07-31 15:48:44"}
{"level":"info","message":"GET /order/platform/list 1 2019-07-31 15:48:45","timestamp":"2019-07-31 15:48:45"}
{"level":"info","message":"GET /order/platform/list 2 2019-07-31 15:48:46","timestamp":"2019-07-31 15:48:46"}
{"level":"info","message":"GET /order/platform/list 1 2019-07-31 15:48:46","timestamp":"2019-07-31 15:48:46"}
{"level":"info","message":"GET /order/platform/list 1 2019-07-31 15:48:47","timestamp":"2019-07-31 15:48:47"}
{"level":"info","message":"GET /order/platform/list 1 2019-07-31 15:48:47","timestamp":"2019-07-31 15:48:47"}
{"level":"info","message":"GET /order/platform/list 2 2019-07-31 15:48:47","timestamp":"2019-07-31 15:48:47"}
{"level":"info","message":"GET /order/platform/list 2 2019-07-31 15:48:47","timestamp":"2019-07-31 15:48:47"}
{"level":"info","message":"GET /order/platform/list 2 2019-07-31 15:48:48","timestamp":"2019-07-31 15:48:48"}
{"level":"info","message":"GET /order/platform/list 3 2019-07-31 15:48:48","timestamp":"2019-07-31 15:48:48"}
{"level":"info","message":"GET /order/platform/list 2 2019-07-31 15:48:48","timestamp":"2019-07-31 15:48:48"}
{"level":"info","message":"GET /order/platform/list 2 2019-07-31 15:49:11","timestamp":"2019-07-31 15:49:11"}
{"level":"info","message":"GET /order/platform/list 2 2019-07-31 15:49:12","timestamp":"2019-07-31 15:49:12"}
{"level":"info","message":"GET /order/platform/list 2 2019-07-31 15:49:12","timestamp":"2019-07-31 15:49:12"}
{"level":"info","message":"GET /order/platform/list 1 2019-07-31 15:49:14","timestamp":"2019-07-31 15:49:14"}
{"level":"info","message":"GET /order/platform/list 2 2019-07-31 15:49:15","timestamp":"2019-07-31 15:49:15"}
{"level":"info","message":"GET /order/platform/list 2 2019-07-31 15:49:15","timestamp":"2019-07-31 15:49:15"}
{"level":"info","message":"GET /order/platform/list 1 2019-07-31 15:49:16","timestamp":"2019-07-31 15:49:16"}
{"level":"info","message":"启动离线订单检测！间隔180000","timestamp":"2019-07-31 15:49:32"}
{"level":"info","message":"没有需要同步的订单！","timestamp":"2019-07-31 15:49:32"}
{"level":"info","message":"GET /order/platform/list 6 2019-07-31 15:49:58","timestamp":"2019-07-31 15:49:58"}
{"level":"info","message":"GET /order/order_state_count 10 2019-07-31 15:49:58","timestamp":"2019-07-31 15:49:58"}
{"level":"info","message":"GET /system/info 8 2019-07-31 15:50:02","timestamp":"2019-07-31 15:50:02"}
{"level":"info","message":"GET /order/platform/list 6 2019-07-31 15:50:02","timestamp":"2019-07-31 15:50:02"}
{"level":"info","message":"GET /on/line/state 1 2019-07-31 15:50:02","timestamp":"2019-07-31 15:50:02"}
{"level":"info","message":"GET /order/order_state_count 10 2019-07-31 15:50:02","timestamp":"2019-07-31 15:50:02"}
{"level":"info","message":"GET /order/platform/list 2 2019-07-31 15:50:05","timestamp":"2019-07-31 15:50:05"}
{"level":"info","message":"GET /order/platform/list 3 2019-07-31 15:50:07","timestamp":"2019-07-31 15:50:07"}
{"level":"info","message":"GET /order/platform/list 3 2019-07-31 15:50:08","timestamp":"2019-07-31 15:50:08"}
{"level":"info","message":"GET /order/platform/list 2 2019-07-31 15:50:10","timestamp":"2019-07-31 15:50:10"}
{"level":"info","message":"GET /order/platform/list 2 2019-07-31 15:50:27","timestamp":"2019-07-31 15:50:27"}
{"level":"info","message":"GET /order/platform/list 2 2019-07-31 15:50:28","timestamp":"2019-07-31 15:50:28"}
{"level":"info","message":"GET /order/platform/list 2 2019-07-31 15:50:30","timestamp":"2019-07-31 15:50:30"}
{"level":"info","message":"GET /order/platform/list 2 2019-07-31 15:50:32","timestamp":"2019-07-31 15:50:32"}
{"level":"info","message":"GET /order/platform/list 1 2019-07-31 15:50:33","timestamp":"2019-07-31 15:50:33"}
{"level":"info","message":"GET /order/platform/list 1 2019-07-31 15:50:34","timestamp":"2019-07-31 15:50:34"}
{"level":"info","message":"GET /order/platform/list 1 2019-07-31 15:50:38","timestamp":"2019-07-31 15:50:38"}
{"level":"info","message":"GET /order/platform/list 2 2019-07-31 15:50:42","timestamp":"2019-07-31 15:50:42"}
{"level":"info","message":"GET /order/platform/list 1 2019-07-31 15:50:43","timestamp":"2019-07-31 15:50:43"}
{"level":"info","message":"启动打印机检测！间隔240000","timestamp":"2019-07-31 15:51:33"}
{"level":"info","message":"GET /order/platform/list 49 2019-07-31 15:51:33","timestamp":"2019-07-31 15:51:33"}
{"level":"info","message":"GET /order/platform/list 8 2019-07-31 15:51:33","timestamp":"2019-07-31 15:51:33"}
{"level":"info","message":"GET /order/order_state_count 17 2019-07-31 15:51:33","timestamp":"2019-07-31 15:51:33"}
{"level":"info","message":"GET /order/platform/list 2 2019-07-31 15:51:34","timestamp":"2019-07-31 15:51:34"}
{"level":"info","message":"GET /order/platform/list 2 2019-07-31 15:51:35","timestamp":"2019-07-31 15:51:35"}
{"level":"info","message":"GET /order/platform/list 2 2019-07-31 15:51:36","timestamp":"2019-07-31 15:51:36"}
{"level":"info","message":"GET /order/platform/list 2 2019-07-31 15:51:36","timestamp":"2019-07-31 15:51:36"}
{"level":"info","message":"GET /order/platform/list 2 2019-07-31 15:51:38","timestamp":"2019-07-31 15:51:38"}
{"level":"info","message":"GET /order/platform/list 2 2019-07-31 15:51:39","timestamp":"2019-07-31 15:51:39"}
{"level":"info","message":"GET /order/platform/list 2 2019-07-31 15:51:41","timestamp":"2019-07-31 15:51:41"}
{"level":"info","message":"GET /order/platform/list 1 2019-07-31 15:51:41","timestamp":"2019-07-31 15:51:41"}
{"level":"info","message":"GET /order/platform/list 3 2019-07-31 15:51:42","timestamp":"2019-07-31 15:51:42"}
{"level":"info","message":"GET /order/platform/list 2 2019-07-31 15:51:43","timestamp":"2019-07-31 15:51:43"}
{"level":"info","message":"GET /order/order_state_count 4 2019-07-31 15:51:59","timestamp":"2019-07-31 15:51:59"}
{"level":"info","message":"GET /area 1 2019-07-31 15:51:59","timestamp":"2019-07-31 15:51:59"}
{"level":"info","message":"GET /table/list 6 2019-07-31 15:51:59","timestamp":"2019-07-31 15:51:59"}
{"level":"info","message":"GET /table/number 3 2019-07-31 15:51:59","timestamp":"2019-07-31 15:51:59"}
{"level":"info","message":"POST /bind/table 152 2019-07-31 15:52:02","timestamp":"2019-07-31 15:52:02"}
{"level":"info","message":"GET /article/family_list 7 2019-07-31 15:52:02","timestamp":"2019-07-31 15:52:02"}
{"level":"info","message":"GET /order/detail 37 2019-07-31 15:52:02","timestamp":"2019-07-31 15:52:02"}
{"level":"info","message":"GET /article/article_list 13 2019-07-31 15:52:02","timestamp":"2019-07-31 15:52:02"}
{"level":"info","message":"GET /article/weight_package 12 2019-07-31 15:52:03","timestamp":"2019-07-31 15:52:03"}
{"level":"info","message":"GET /article/article_list 21 2019-07-31 15:52:07","timestamp":"2019-07-31 15:52:07"}
{"level":"info","message":"GET /article/meal_item 47 2019-07-31 15:52:08","timestamp":"2019-07-31 15:52:08"}
{"level":"info","message":"GET /article/meal_item 10 2019-07-31 15:52:12","timestamp":"2019-07-31 15:52:12"}
{"level":"info","message":"GET /article/meal_item 8 2019-07-31 15:52:13","timestamp":"2019-07-31 15:52:13"}
{"level":"info","message":"POST /push/order 154 2019-07-31 15:52:16","timestamp":"2019-07-31 15:52:16"}
{"level":"info","message":"【/v1/newpos/order/push】==> 下单成功！","timestamp":"2019-07-31 15:52:17"}
{"level":"info","message":"GET /order/order_state_count 24 2019-07-31 15:52:17","timestamp":"2019-07-31 15:52:17"}
{"level":"info","message":"GET /area 30 2019-07-31 15:52:17","timestamp":"2019-07-31 15:52:17"}
{"level":"info","message":"GET /table/list 34 2019-07-31 15:52:17","timestamp":"2019-07-31 15:52:17"}
{"level":"info","message":"GET /order/detail 124 2019-07-31 15:52:17","timestamp":"2019-07-31 15:52:17"}
{"level":"info","message":"GET /order/get_order_test 6 2019-07-31 15:52:17","timestamp":"2019-07-31 15:52:17"}
{"level":"info","message":"启动离线订单检测！间隔180000","timestamp":"2019-07-31 15:52:32"}
{"level":"info","message":"没有需要同步的订单！","timestamp":"2019-07-31 15:52:32"}
{"level":"info","message":"启动离线订单检测！间隔180000","timestamp":"2019-07-31 15:55:32"}
{"level":"info","message":"没有需要同步的订单！","timestamp":"2019-07-31 15:55:32"}
{"level":"info","message":"启动打印机检测！间隔240000","timestamp":"2019-07-31 15:55:33"}
{"level":"info","message":"启动离线订单检测！间隔180000","timestamp":"2019-07-31 15:58:32"}
{"level":"info","message":"没有需要同步的订单！","timestamp":"2019-07-31 15:58:32"}
{"level":"info","message":"启动打印机检测！间隔240000","timestamp":"2019-07-31 15:59:33"}
{"level":"info","message":"GET /system/info 9 2019-07-31 15:59:53","timestamp":"2019-07-31 15:59:53"}
{"level":"info","message":"GET /on/line/state 1 2019-07-31 15:59:53","timestamp":"2019-07-31 15:59:53"}
{"level":"info","message":"GET /order/order_state_count 13 2019-07-31 15:59:53","timestamp":"2019-07-31 15:59:53"}
{"level":"info","message":"GET /area 12 2019-07-31 15:59:54","timestamp":"2019-07-31 15:59:54"}
{"level":"info","message":"GET /table/list 18 2019-07-31 15:59:54","timestamp":"2019-07-31 15:59:54"}
{"level":"info","message":"GET /order/detail 32 2019-07-31 15:59:54","timestamp":"2019-07-31 15:59:54"}
{"level":"info","message":"GET /order/get_order_test 4 2019-07-31 15:59:54","timestamp":"2019-07-31 15:59:54"}
{"level":"info","message":"GET /order/platform/list 4 2019-07-31 15:59:57","timestamp":"2019-07-31 15:59:57"}
{"level":"info","message":"GET /order/order_state_count 5 2019-07-31 15:59:57","timestamp":"2019-07-31 15:59:57"}
{"level":"info","message":"GET /order/platform/order 3 2019-07-31 15:59:58","timestamp":"2019-07-31 15:59:58"}
{"level":"error","message":"ServiceUnavailableError: Response timeout\n    at IncomingMessage.<anonymous> (/Users/chintec/Documents/node/resto-newpos/node_modules/connect-timeout/index.js:84:8)\n    at emitOne (events.js:116:13)\n    at IncomingMessage.emit (events.js:211:7)\n    at Timeout._onTimeout (/Users/chintec/Documents/node/resto-newpos/node_modules/connect-timeout/index.js:49:11)\n    at ontimeout (timers.js:475:11)\n    at tryOnTimeout (timers.js:310:5)\n    at Timer.listOnTimeout (timers.js:270:5)","timestamp":"2019-07-31 16:00:36"}
{"level":"info","message":"POST /print/kitchen 30005 2019-07-31 16:00:36","timestamp":"2019-07-31 16:00:36"}
{"level":"info","message":"启动离线订单检测！间隔180000","timestamp":"2019-07-31 16:01:32"}
{"level":"info","message":"没有需要同步的订单！","timestamp":"2019-07-31 16:01:32"}
{"level":"info","message":"启动打印机检测！间隔240000","timestamp":"2019-07-31 16:03:33"}
{"level":"info","message":"启动离线订单检测！间隔180000","timestamp":"2019-07-31 16:04:32"}
{"level":"info","message":"没有需要同步的订单！","timestamp":"2019-07-31 16:04:32"}
{"level":"info","message":"启动离线订单检测！间隔180000","timestamp":"2019-07-31 16:07:32"}
{"level":"info","message":"没有需要同步的订单！","timestamp":"2019-07-31 16:07:32"}
{"level":"info","message":"启动打印机检测！间隔240000","timestamp":"2019-07-31 16:07:33"}
{"level":"info","message":"启动离线订单检测！间隔180000","timestamp":"2019-07-31 16:10:32"}
{"level":"info","message":"没有需要同步的订单！","timestamp":"2019-07-31 16:10:32"}
{"level":"info","message":"启动打印机检测！间隔240000","timestamp":"2019-07-31 16:11:33"}
{"level":"info","message":"启动离线订单检测！间隔180000","timestamp":"2019-07-31 16:13:32"}
{"level":"info","message":"没有需要同步的订单！","timestamp":"2019-07-31 16:13:32"}
{"level":"info","message":"启动打印机检测！间隔240000","timestamp":"2019-07-31 16:15:33"}
{"level":"info","message":"启动离线订单检测！间隔180000","timestamp":"2019-07-31 16:16:32"}
{"level":"info","message":"没有需要同步的订单！","timestamp":"2019-07-31 16:16:32"}
{"level":"info","message":"启动离线订单检测！间隔180000","timestamp":"2019-07-31 16:19:32"}
{"level":"info","message":"没有需要同步的订单！","timestamp":"2019-07-31 16:19:32"}
{"level":"info","message":"启动打印机检测！间隔240000","timestamp":"2019-07-31 16:19:33"}
{"level":"info","message":"启动离线订单检测！间隔180000","timestamp":"2019-07-31 16:22:32"}
{"level":"info","message":"没有需要同步的订单！","timestamp":"2019-07-31 16:22:32"}
{"level":"info","message":"启动打印机检测！间隔240000","timestamp":"2019-07-31 16:23:33"}
{"level":"info","message":"启动离线订单检测！间隔180000","timestamp":"2019-07-31 16:25:32"}
{"level":"info","message":"没有需要同步的订单！","timestamp":"2019-07-31 16:25:32"}
{"level":"info","message":"启动打印机检测！间隔240000","timestamp":"2019-07-31 16:27:33"}
{"level":"info","message":"启动离线订单检测！间隔180000","timestamp":"2019-07-31 16:28:32"}
{"level":"info","message":"没有需要同步的订单！","timestamp":"2019-07-31 16:28:32"}
{"level":"info","message":"启动离线订单检测！间隔180000","timestamp":"2019-07-31 16:31:32"}
{"level":"info","message":"没有需要同步的订单！","timestamp":"2019-07-31 16:31:32"}
{"level":"info","message":"启动打印机检测！间隔240000","timestamp":"2019-07-31 16:31:33"}
{"level":"info","message":"启动离线订单检测！间隔180000","timestamp":"2019-07-31 16:34:32"}
{"level":"info","message":"没有需要同步的订单！","timestamp":"2019-07-31 16:34:32"}
{"level":"info","message":"启动打印机检测！间隔240000","timestamp":"2019-07-31 16:35:33"}
{"level":"info","message":"启动离线订单检测！间隔180000","timestamp":"2019-07-31 16:37:32"}
{"level":"info","message":"没有需要同步的订单！","timestamp":"2019-07-31 16:37:32"}
{"level":"info","message":"启动打印机检测！间隔240000","timestamp":"2019-07-31 16:39:33"}
{"level":"info","message":"启动离线订单检测！间隔180000","timestamp":"2019-07-31 16:40:32"}
{"level":"info","message":"没有需要同步的订单！","timestamp":"2019-07-31 16:40:32"}
{"level":"info","message":"启动离线订单检测！间隔180000","timestamp":"2019-07-31 16:43:32"}
{"level":"info","message":"没有需要同步的订单！","timestamp":"2019-07-31 16:43:32"}
{"level":"info","message":"启动打印机检测！间隔240000","timestamp":"2019-07-31 16:43:33"}
{"level":"info","message":"GET /order/platform/list 6 2019-07-31 16:45:57","timestamp":"2019-07-31 16:45:57"}
{"level":"info","message":"GET /order/order_state_count 6 2019-07-31 16:45:57","timestamp":"2019-07-31 16:45:57"}
{"level":"info","message":"启动离线订单检测！间隔180000","timestamp":"2019-07-31 16:46:32"}
{"level":"info","message":"没有需要同步的订单！","timestamp":"2019-07-31 16:46:32"}
{"level":"info","message":"启动打印机检测！间隔240000","timestamp":"2019-07-31 16:47:33"}
{"level":"info","message":"启动离线订单检测！间隔180000","timestamp":"2019-07-31 16:49:32"}
{"level":"info","message":"没有需要同步的订单！","timestamp":"2019-07-31 16:49:32"}
{"level":"info","message":"启动打印机检测！间隔240000","timestamp":"2019-07-31 16:51:33"}
{"level":"info","message":"启动离线订单检测！间隔180000","timestamp":"2019-07-31 16:52:32"}
{"level":"info","message":"没有需要同步的订单！","timestamp":"2019-07-31 16:52:32"}
{"level":"info","message":"启动离线订单检测！间隔180000","timestamp":"2019-07-31 16:55:32"}
{"level":"info","message":"没有需要同步的订单！","timestamp":"2019-07-31 16:55:32"}
{"level":"info","message":"启动打印机检测！间隔240000","timestamp":"2019-07-31 16:55:33"}
{"level":"info","message":"启动离线订单检测！间隔180000","timestamp":"2019-07-31 16:58:32"}
{"level":"info","message":"没有需要同步的订单！","timestamp":"2019-07-31 16:58:32"}
{"level":"info","message":"启动打印机检测！间隔240000","timestamp":"2019-07-31 16:59:33"}
{"level":"info","message":"启动离线订单检测！间隔180000","timestamp":"2019-07-31 17:01:32"}
{"level":"info","message":"没有需要同步的订单！","timestamp":"2019-07-31 17:01:32"}
{"level":"info","message":"启动打印机检测！间隔240000","timestamp":"2019-07-31 17:03:33"}
{"level":"info","message":"启动离线订单检测！间隔180000","timestamp":"2019-07-31 17:04:32"}
{"level":"info","message":"没有需要同步的订单！","timestamp":"2019-07-31 17:04:32"}
{"level":"info","message":"启动离线订单检测！间隔180000","timestamp":"2019-07-31 17:07:32"}
{"level":"info","message":"没有需要同步的订单！","timestamp":"2019-07-31 17:07:32"}
{"level":"info","message":"启动打印机检测！间隔240000","timestamp":"2019-07-31 17:07:33"}
{"level":"info","message":"启动离线订单检测！间隔180000","timestamp":"2019-07-31 17:10:32"}
{"level":"info","message":"没有需要同步的订单！","timestamp":"2019-07-31 17:10:32"}
{"level":"info","message":"启动打印机检测！间隔240000","timestamp":"2019-07-31 17:11:33"}
{"level":"info","message":"启动离线订单检测！间隔180000","timestamp":"2019-07-31 17:13:32"}
{"level":"info","message":"没有需要同步的订单！","timestamp":"2019-07-31 17:13:32"}
{"level":"info","message":"启动打印机检测！间隔240000","timestamp":"2019-07-31 17:15:33"}
{"level":"info","message":"启动离线订单检测！间隔180000","timestamp":"2019-07-31 17:16:32"}
{"level":"info","message":"没有需要同步的订单！","timestamp":"2019-07-31 17:16:32"}
{"level":"info","message":"启动离线订单检测！间隔180000","timestamp":"2019-07-31 17:19:32"}
{"level":"info","message":"没有需要同步的订单！","timestamp":"2019-07-31 17:19:32"}
{"level":"info","message":"启动打印机检测！间隔240000","timestamp":"2019-07-31 17:19:33"}
{"level":"info","message":"启动离线订单检测！间隔180000","timestamp":"2019-07-31 17:22:32"}
{"level":"info","message":"没有需要同步的订单！","timestamp":"2019-07-31 17:22:32"}
{"level":"info","message":"启动打印机检测！间隔240000","timestamp":"2019-07-31 17:23:33"}
{"level":"info","message":"启动离线订单检测！间隔180000","timestamp":"2019-07-31 17:25:32"}
{"level":"info","message":"没有需要同步的订单！","timestamp":"2019-07-31 17:25:32"}
{"level":"info","message":"启动打印机检测！间隔240000","timestamp":"2019-07-31 17:27:33"}
{"level":"info","message":"启动离线订单检测！间隔180000","timestamp":"2019-07-31 17:28:32"}
{"level":"info","message":"没有需要同步的订单！","timestamp":"2019-07-31 17:28:32"}
{"level":"info","message":"启动离线订单检测！间隔180000","timestamp":"2019-07-31 17:31:32"}
{"level":"info","message":"没有需要同步的订单！","timestamp":"2019-07-31 17:31:32"}
{"level":"info","message":"启动打印机检测！间隔240000","timestamp":"2019-07-31 17:31:33"}
{"level":"info","message":"启动离线订单检测！间隔180000","timestamp":"2019-07-31 17:34:32"}
{"level":"info","message":"没有需要同步的订单！","timestamp":"2019-07-31 17:34:32"}
{"level":"info","message":"启动打印机检测！间隔240000","timestamp":"2019-07-31 17:35:33"}
{"level":"info","message":"启动离线订单检测！间隔180000","timestamp":"2019-07-31 17:37:33"}
{"level":"info","message":"没有需要同步的订单！","timestamp":"2019-07-31 17:37:33"}
{"level":"info","message":"启动打印机检测！间隔240000","timestamp":"2019-07-31 17:39:33"}
{"level":"info","message":"启动离线订单检测！间隔180000","timestamp":"2019-07-31 17:40:33"}
{"level":"info","message":"没有需要同步的订单！","timestamp":"2019-07-31 17:40:33"}
{"level":"info","message":"启动离线订单检测！间隔180000","timestamp":"2019-07-31 17:43:33"}
{"level":"info","message":"没有需要同步的订单！","timestamp":"2019-07-31 17:43:33"}
{"level":"info","message":"启动打印机检测！间隔240000","timestamp":"2019-07-31 17:43:33"}
{"level":"info","message":"启动离线订单检测！间隔180000","timestamp":"2019-07-31 17:46:33"}
{"level":"info","message":"没有需要同步的订单！","timestamp":"2019-07-31 17:46:33"}
{"level":"info","message":"启动打印机检测！间隔240000","timestamp":"2019-07-31 17:47:33"}
{"level":"info","message":"启动离线订单检测！间隔180000","timestamp":"2019-07-31 17:49:33"}
{"level":"info","message":"没有需要同步的订单！","timestamp":"2019-07-31 17:49:33"}
{"level":"info","message":"启动打印机检测！间隔240000","timestamp":"2019-07-31 17:51:33"}
{"level":"info","message":"启动离线订单检测！间隔180000","timestamp":"2019-07-31 17:52:33"}
{"level":"info","message":"没有需要同步的订单！","timestamp":"2019-07-31 17:52:33"}
{"level":"info","message":"启动离线订单检测！间隔180000","timestamp":"2019-07-31 17:55:33"}
{"level":"info","message":"没有需要同步的订单！","timestamp":"2019-07-31 17:55:33"}
{"level":"info","message":"启动打印机检测！间隔240000","timestamp":"2019-07-31 17:55:33"}
{"level":"info","message":"启动离线订单检测！间隔180000","timestamp":"2019-07-31 17:58:33"}
{"level":"info","message":"没有需要同步的订单！","timestamp":"2019-07-31 17:58:33"}
{"level":"info","message":"启动打印机检测！间隔240000","timestamp":"2019-07-31 17:59:33"}
{"level":"info","message":"启动离线订单检测！间隔180000","timestamp":"2019-07-31 18:01:33"}
{"level":"info","message":"没有需要同步的订单！","timestamp":"2019-07-31 18:01:33"}
{"level":"info","message":"启动打印机检测！间隔240000","timestamp":"2019-07-31 18:03:33"}
{"level":"info","message":"启动离线订单检测！间隔180000","timestamp":"2019-07-31 18:04:33"}
{"level":"info","message":"没有需要同步的订单！","timestamp":"2019-07-31 18:04:33"}
{"level":"info","message":"启动离线订单检测！间隔180000","timestamp":"2019-07-31 18:07:33"}
{"level":"info","message":"没有需要同步的订单！","timestamp":"2019-07-31 18:07:33"}
{"level":"info","message":"启动打印机检测！间隔240000","timestamp":"2019-07-31 18:07:33"}
{"level":"info","message":"启动离线订单检测！间隔180000","timestamp":"2019-07-31 18:10:33"}
{"level":"info","message":"没有需要同步的订单！","timestamp":"2019-07-31 18:10:33"}
{"level":"info","message":"启动打印机检测！间隔240000","timestamp":"2019-07-31 18:11:33"}
{"level":"info","message":"启动离线订单检测！间隔180000","timestamp":"2019-07-31 18:13:33"}
{"level":"info","message":"没有需要同步的订单！","timestamp":"2019-07-31 18:13:33"}
{"level":"info","message":"启动打印机检测！间隔240000","timestamp":"2019-07-31 18:15:33"}
{"level":"info","message":"启动离线订单检测！间隔180000","timestamp":"2019-07-31 18:16:33"}
{"level":"info","message":"没有需要同步的订单！","timestamp":"2019-07-31 18:16:33"}
{"level":"info","message":"启动离线订单检测！间隔180000","timestamp":"2019-07-31 18:19:33"}
{"level":"info","message":"没有需要同步的订单！","timestamp":"2019-07-31 18:19:33"}
{"level":"info","message":"启动打印机检测！间隔240000","timestamp":"2019-07-31 18:19:33"}
{"level":"info","message":"启动离线订单检测！间隔180000","timestamp":"2019-07-31 18:22:33"}
{"level":"info","message":"没有需要同步的订单！","timestamp":"2019-07-31 18:22:33"}
{"level":"info","message":"启动打印机检测！间隔240000","timestamp":"2019-07-31 18:23:33"}
{"level":"info","message":"启动离线订单检测！间隔180000","timestamp":"2019-07-31 18:25:33"}
{"level":"info","message":"没有需要同步的订单！","timestamp":"2019-07-31 18:25:33"}
{"level":"info","message":"启动打印机检测！间隔240000","timestamp":"2019-07-31 18:27:33"}
{"level":"info","message":"启动离线订单检测！间隔180000","timestamp":"2019-07-31 18:28:33"}
{"level":"info","message":"没有需要同步的订单！","timestamp":"2019-07-31 18:28:33"}
{"level":"info","message":"启动离线订单检测！间隔180000","timestamp":"2019-07-31 18:31:33"}
{"level":"info","message":"没有需要同步的订单！","timestamp":"2019-07-31 18:31:33"}
{"level":"info","message":"启动打印机检测！间隔240000","timestamp":"2019-07-31 18:31:33"}
{"level":"info","message":"启动离线订单检测！间隔180000","timestamp":"2019-07-31 18:34:33"}
{"level":"info","message":"没有需要同步的订单！","timestamp":"2019-07-31 18:34:33"}
{"level":"info","message":"启动打印机检测！间隔240000","timestamp":"2019-07-31 18:35:33"}
{"level":"info","message":"启动离线订单检测！间隔180000","timestamp":"2019-07-31 18:37:33"}
{"level":"info","message":"没有需要同步的订单！","timestamp":"2019-07-31 18:37:33"}
{"level":"info","message":"启动打印机检测！间隔240000","timestamp":"2019-07-31 18:39:33"}
{"level":"info","message":"启动离线订单检测！间隔180000","timestamp":"2019-07-31 18:40:33"}
{"level":"info","message":"没有需要同步的订单！","timestamp":"2019-07-31 18:40:33"}
{"level":"info","message":"启动离线订单检测！间隔180000","timestamp":"2019-07-31 18:43:33"}
{"level":"info","message":"没有需要同步的订单！","timestamp":"2019-07-31 18:43:33"}
{"level":"info","message":"启动打印机检测！间隔240000","timestamp":"2019-07-31 18:43:33"}
{"level":"info","message":"启动离线订单检测！间隔180000","timestamp":"2019-07-31 18:46:33"}
{"level":"info","message":"没有需要同步的订单！","timestamp":"2019-07-31 18:46:33"}
{"level":"info","message":"启动打印机检测！间隔240000","timestamp":"2019-07-31 18:47:33"}
{"level":"info","message":"启动离线订单检测！间隔180000","timestamp":"2019-07-31 18:49:33"}
{"level":"info","message":"没有需要同步的订单！","timestamp":"2019-07-31 18:49:33"}
{"level":"info","message":"启动打印机检测！间隔240000","timestamp":"2019-07-31 18:51:33"}
{"level":"info","message":"启动离线订单检测！间隔180000","timestamp":"2019-07-31 18:52:33"}
{"level":"info","message":"没有需要同步的订单！","timestamp":"2019-07-31 18:52:33"}
