{"level":"info","message":"mqtt成功连接到：ws://test.emq.restoplus.cn:8083/mqtt","timestamp":"2019-06-20 09:48:27"}
{"level":"info","message":"订阅成功--$queue/winPos/+/2f83afee7a0e4822a6729145dd53af33/43be0afc2b544cec87568b7247841107/+/+/+","timestamp":"2019-06-20 09:48:27"}
{"level":"info","message":"允许接收的平台=>posAdmin-dev,resto-dev","timestamp":"2019-06-20 09:48:27"}
{"level":"error","message":"==mqtt==close==你已断开连接,正常退出","timestamp":"2019-06-20 09:49:06"}
{"level":"error","message":"==mqtt==reconnect==正在尝试重新连接","timestamp":"2019-06-20 09:49:24"}
{"level":"info","message":"mqtt成功连接到：ws://test.emq.restoplus.cn:8083/mqtt","timestamp":"2019-06-20 09:49:24"}
{"level":"info","message":"订阅成功--$queue/winPos/+/2f83afee7a0e4822a6729145dd53af33/43be0afc2b544cec87568b7247841107/+/+/+","timestamp":"2019-06-20 09:49:24"}
{"level":"info","message":"允许接收的平台=>posAdmin-dev,resto-dev","timestamp":"2019-06-20 09:49:24"}
{"level":"info","message":"GET /system/info 1578 2019-06-20 09:50:40","timestamp":"2019-06-20 09:50:40"}
{"level":"info","message":"GET /on/line/state 3 2019-06-20 09:50:44","timestamp":"2019-06-20 09:50:44"}
{"level":"info","message":"GET /order/discount_info 125 2019-06-20 09:50:44","timestamp":"2019-06-20 09:50:44"}
{"level":"info","message":"GET /order/detail 193 2019-06-20 09:50:44","timestamp":"2019-06-20 09:50:44"}
{"level":"info","message":"GET /order/detail 6 2019-06-20 09:50:44","timestamp":"2019-06-20 09:50:44"}
{"level":"info","message":"GET /order/order_items 6 2019-06-20 09:50:44","timestamp":"2019-06-20 09:50:44"}
{"level":"info","message":"启动离线订单检测！间隔180000","timestamp":"2019-06-20 09:51:15"}
{"level":"info","message":"检测到需要同步的订单=>a5739dad7de248f288e8ddcc36a82a96","timestamp":"2019-06-20 09:51:15"}
{"level":"info","message":"【/v1/newpos/order/sync】==> {\"ok\":true,\"message\":\"同步成功！\",\"data\":{\"order_id\":\"a5739dad7de248f288e8ddcc36a82a96\",\"sync_state\":1,\"last_sync_time\":\"1560931892839\"}}","timestamp":"2019-06-20 09:51:16"}
{"level":"info","message":"启动离线订单检测！间隔180000","timestamp":"2019-06-20 09:54:15"}
{"level":"info","message":"没有需要同步的订单！","timestamp":"2019-06-20 09:54:15"}
{"level":"info","message":"启动离线订单检测！间隔180000","timestamp":"2019-06-20 09:57:15"}
{"level":"info","message":"没有需要同步的订单！","timestamp":"2019-06-20 09:57:15"}
{"level":"info","message":"启动离线订单检测！间隔180000","timestamp":"2019-06-20 10:00:15"}
{"level":"info","message":"没有需要同步的订单！","timestamp":"2019-06-20 10:00:15"}
{"level":"info","message":"启动离线订单检测！间隔180000","timestamp":"2019-06-20 10:03:15"}
{"level":"info","message":"没有需要同步的订单！","timestamp":"2019-06-20 10:03:15"}
{"level":"info","message":"启动离线订单检测！间隔180000","timestamp":"2019-06-20 10:06:16"}
{"level":"info","message":"没有需要同步的订单！","timestamp":"2019-06-20 10:06:16"}
{"level":"info","message":"启动离线订单检测！间隔180000","timestamp":"2019-06-20 10:09:16"}
{"level":"info","message":"没有需要同步的订单！","timestamp":"2019-06-20 10:09:16"}
{"level":"info","message":"启动离线订单检测！间隔180000","timestamp":"2019-06-20 10:12:16"}
{"level":"info","message":"没有需要同步的订单！","timestamp":"2019-06-20 10:12:16"}
{"level":"info","message":"启动离线订单检测！间隔180000","timestamp":"2019-06-20 10:15:16"}
{"level":"info","message":"没有需要同步的订单！","timestamp":"2019-06-20 10:15:16"}
{"level":"info","message":"启动离线订单检测！间隔180000","timestamp":"2019-06-20 10:18:16"}
{"level":"info","message":"没有需要同步的订单！","timestamp":"2019-06-20 10:18:16"}
{"level":"info","message":"启动离线订单检测！间隔180000","timestamp":"2019-06-20 10:21:16"}
{"level":"info","message":"没有需要同步的订单！","timestamp":"2019-06-20 10:21:16"}
{"level":"info","message":"启动离线订单检测！间隔180000","timestamp":"2019-06-20 10:24:16"}
{"level":"info","message":"没有需要同步的订单！","timestamp":"2019-06-20 10:24:16"}
{"level":"info","message":"启动离线订单检测！间隔180000","timestamp":"2019-06-20 10:27:16"}
{"level":"info","message":"没有需要同步的订单！","timestamp":"2019-06-20 10:27:16"}
{"level":"info","message":"启动离线订单检测！间隔180000","timestamp":"2019-06-20 10:30:16"}
{"level":"info","message":"没有需要同步的订单！","timestamp":"2019-06-20 10:30:16"}
{"level":"info","message":"启动离线订单检测！间隔180000","timestamp":"2019-06-20 10:33:16"}
{"level":"info","message":"没有需要同步的订单！","timestamp":"2019-06-20 10:33:16"}
{"level":"info","message":"启动离线订单检测！间隔180000","timestamp":"2019-06-20 10:36:16"}
{"level":"info","message":"没有需要同步的订单！","timestamp":"2019-06-20 10:36:16"}
{"level":"info","message":"启动离线订单检测！间隔180000","timestamp":"2019-06-20 10:39:16"}
{"level":"info","message":"没有需要同步的订单！","timestamp":"2019-06-20 10:39:16"}
{"level":"info","message":"启动离线订单检测！间隔180000","timestamp":"2019-06-20 10:42:16"}
{"level":"info","message":"没有需要同步的订单！","timestamp":"2019-06-20 10:42:16"}
{"level":"info","message":"启动离线订单检测！间隔180000","timestamp":"2019-06-20 10:45:16"}
{"level":"info","message":"没有需要同步的订单！","timestamp":"2019-06-20 10:45:16"}
{"level":"info","message":"启动离线订单检测！间隔180000","timestamp":"2019-06-20 10:48:16"}
{"level":"info","message":"没有需要同步的订单！","timestamp":"2019-06-20 10:48:16"}
{"level":"info","message":"启动离线订单检测！间隔180000","timestamp":"2019-06-20 10:51:16"}
{"level":"info","message":"没有需要同步的订单！","timestamp":"2019-06-20 10:51:16"}
{"level":"info","message":"启动离线订单检测！间隔180000","timestamp":"2019-06-20 10:54:16"}
{"level":"info","message":"没有需要同步的订单！","timestamp":"2019-06-20 10:54:16"}
{"level":"info","message":"启动离线订单检测！间隔180000","timestamp":"2019-06-20 10:57:16"}
{"level":"info","message":"没有需要同步的订单！","timestamp":"2019-06-20 10:57:16"}
{"level":"info","message":"启动离线订单检测！间隔180000","timestamp":"2019-06-20 11:00:16"}
{"level":"info","message":"没有需要同步的订单！","timestamp":"2019-06-20 11:00:16"}
{"level":"info","message":"启动离线订单检测！间隔180000","timestamp":"2019-06-20 11:03:16"}
{"level":"info","message":"没有需要同步的订单！","timestamp":"2019-06-20 11:03:16"}
{"level":"info","message":"启动离线订单检测！间隔180000","timestamp":"2019-06-20 11:06:16"}
{"level":"info","message":"没有需要同步的订单！","timestamp":"2019-06-20 11:06:16"}
{"level":"info","message":"启动离线订单检测！间隔180000","timestamp":"2019-06-20 11:09:16"}
{"level":"info","message":"没有需要同步的订单！","timestamp":"2019-06-20 11:09:16"}
{"level":"info","message":"启动离线订单检测！间隔180000","timestamp":"2019-06-20 11:12:16"}
{"level":"info","message":"没有需要同步的订单！","timestamp":"2019-06-20 11:12:16"}
{"level":"info","message":"启动离线订单检测！间隔180000","timestamp":"2019-06-20 11:15:16"}
{"level":"info","message":"没有需要同步的订单！","timestamp":"2019-06-20 11:15:16"}
{"level":"info","message":"启动离线订单检测！间隔180000","timestamp":"2019-06-20 11:18:16"}
{"level":"info","message":"没有需要同步的订单！","timestamp":"2019-06-20 11:18:16"}
{"level":"info","message":"启动离线订单检测！间隔180000","timestamp":"2019-06-20 11:21:16"}
{"level":"info","message":"没有需要同步的订单！","timestamp":"2019-06-20 11:21:16"}
{"level":"info","message":"启动离线订单检测！间隔180000","timestamp":"2019-06-20 11:24:16"}
{"level":"info","message":"没有需要同步的订单！","timestamp":"2019-06-20 11:24:16"}
{"level":"info","message":"启动离线订单检测！间隔180000","timestamp":"2019-06-20 11:27:16"}
{"level":"info","message":"没有需要同步的订单！","timestamp":"2019-06-20 11:27:16"}
{"level":"info","message":"GET /article/family_list 36 2019-06-20 11:28:57","timestamp":"2019-06-20 11:28:57"}
{"level":"info","message":"GET /article/article_list 51 2019-06-20 11:28:57","timestamp":"2019-06-20 11:28:57"}
{"level":"info","message":"GET /system/info 6 2019-06-20 11:28:59","timestamp":"2019-06-20 11:28:59"}
{"level":"info","message":"GET /on/line/state 0 2019-06-20 11:28:59","timestamp":"2019-06-20 11:28:59"}
{"level":"info","message":"GET /article/family_list 3 2019-06-20 11:28:59","timestamp":"2019-06-20 11:28:59"}
{"level":"info","message":"GET /article/article_list 19 2019-06-20 11:28:59","timestamp":"2019-06-20 11:28:59"}
{"level":"info","message":"GET /article/article_list 11 2019-06-20 11:29:33","timestamp":"2019-06-20 11:29:33"}
{"level":"info","message":"PUT /stock/update 53 2019-06-20 11:29:35","timestamp":"2019-06-20 11:29:35"}
{"level":"info","message":"启动离线订单检测！间隔180000","timestamp":"2019-06-20 11:30:16"}
{"level":"info","message":"没有需要同步的订单！","timestamp":"2019-06-20 11:30:16"}
{"level":"info","message":"GET /system/info 8 2019-06-20 11:32:10","timestamp":"2019-06-20 11:32:10"}
{"level":"info","message":"GET /on/line/state 1 2019-06-20 11:32:11","timestamp":"2019-06-20 11:32:11"}
{"level":"info","message":"GET /article/family_list 9 2019-06-20 11:32:11","timestamp":"2019-06-20 11:32:11"}
{"level":"info","message":"GET /article/article_list 12 2019-06-20 11:32:11","timestamp":"2019-06-20 11:32:11"}
{"level":"info","message":"PUT /stock/update 7 2019-06-20 11:32:18","timestamp":"2019-06-20 11:32:18"}
{"level":"info","message":"GET /article/article_list 7 2019-06-20 11:32:20","timestamp":"2019-06-20 11:32:20"}
{"level":"info","message":"GET /article/article_list 7 2019-06-20 11:32:27","timestamp":"2019-06-20 11:32:27"}
{"level":"info","message":"GET /article/article_list 9 2019-06-20 11:32:29","timestamp":"2019-06-20 11:32:29"}
{"level":"info","message":"GET /article/article_list 29 2019-06-20 11:32:29","timestamp":"2019-06-20 11:32:29"}
{"level":"info","message":"GET /article/article_list 7 2019-06-20 11:32:30","timestamp":"2019-06-20 11:32:30"}
{"level":"info","message":"GET /article/article_list 18 2019-06-20 11:32:31","timestamp":"2019-06-20 11:32:31"}
{"level":"info","message":"GET /article/article_list 7 2019-06-20 11:32:33","timestamp":"2019-06-20 11:32:33"}
{"level":"info","message":"PUT /stock/update 5 2019-06-20 11:32:46","timestamp":"2019-06-20 11:32:46"}
{"level":"info","message":"启动离线订单检测！间隔180000","timestamp":"2019-06-20 11:33:16"}
{"level":"info","message":"没有需要同步的订单！","timestamp":"2019-06-20 11:33:16"}
{"level":"info","message":"PUT /stock/update 480 2019-06-20 11:35:03","timestamp":"2019-06-20 11:35:03"}
{"level":"info","message":"PUT /stock/update 5 2019-06-20 11:35:10","timestamp":"2019-06-20 11:35:10"}
{"level":"info","message":"启动离线订单检测！间隔180000","timestamp":"2019-06-20 11:36:16"}
{"level":"info","message":"没有需要同步的订单！","timestamp":"2019-06-20 11:36:16"}
{"level":"info","message":"PUT /stock/update 7 2019-06-20 11:37:12","timestamp":"2019-06-20 11:37:12"}
{"level":"info","message":"PUT /stock/update 5 2019-06-20 11:37:19","timestamp":"2019-06-20 11:37:19"}
{"level":"info","message":"启动离线订单检测！间隔180000","timestamp":"2019-06-20 11:39:16"}
{"level":"info","message":"没有需要同步的订单！","timestamp":"2019-06-20 11:39:16"}
{"level":"info","message":"启动离线订单检测！间隔180000","timestamp":"2019-06-20 11:42:16"}
{"level":"info","message":"没有需要同步的订单！","timestamp":"2019-06-20 11:42:16"}
{"level":"info","message":"GET /article/family_list 4 2019-06-20 11:44:38","timestamp":"2019-06-20 11:44:38"}
{"level":"info","message":"GET /article/article_list 14 2019-06-20 11:44:38","timestamp":"2019-06-20 11:44:38"}
{"level":"info","message":"GET /article/article_list 7 2019-06-20 11:44:48","timestamp":"2019-06-20 11:44:48"}
{"level":"info","message":"PUT /stock/update 6 2019-06-20 11:44:49","timestamp":"2019-06-20 11:44:49"}
{"level":"info","message":"启动离线订单检测！间隔180000","timestamp":"2019-06-20 11:45:16"}
{"level":"info","message":"没有需要同步的订单！","timestamp":"2019-06-20 11:45:16"}
{"level":"info","message":"GET /article/family_list 2 2019-06-20 11:47:12","timestamp":"2019-06-20 11:47:12"}
{"level":"info","message":"GET /article/article_list 19 2019-06-20 11:47:12","timestamp":"2019-06-20 11:47:12"}
{"level":"info","message":"PUT /stock/update 5 2019-06-20 11:47:13","timestamp":"2019-06-20 11:47:13"}
{"level":"info","message":"GET /article/article_list 8 2019-06-20 11:47:14","timestamp":"2019-06-20 11:47:14"}
{"level":"info","message":"PUT /stock/update 5 2019-06-20 11:47:17","timestamp":"2019-06-20 11:47:17"}
{"level":"info","message":"PUT /stock/update 3 2019-06-20 11:47:26","timestamp":"2019-06-20 11:47:26"}
{"level":"info","message":"GET /article/article_list 8 2019-06-20 11:47:38","timestamp":"2019-06-20 11:47:38"}
{"level":"info","message":"GET /article/article_list 8 2019-06-20 11:47:39","timestamp":"2019-06-20 11:47:39"}
{"level":"info","message":"PUT /stock/update 3 2019-06-20 11:47:44","timestamp":"2019-06-20 11:47:44"}
{"level":"info","message":"PUT /stock/update 3 2019-06-20 11:47:51","timestamp":"2019-06-20 11:47:51"}
{"level":"info","message":"GET /order/order_state_count 20 2019-06-20 11:47:54","timestamp":"2019-06-20 11:47:54"}
{"level":"info","message":"GET /area 40 2019-06-20 11:47:54","timestamp":"2019-06-20 11:47:54"}
{"level":"info","message":"GET /table/list 27 2019-06-20 11:47:54","timestamp":"2019-06-20 11:47:54"}
{"level":"info","message":"GET /order/detail 5 2019-06-20 11:47:54","timestamp":"2019-06-20 11:47:54"}
{"level":"info","message":"GET /order/get_order_test 30 2019-06-20 11:47:54","timestamp":"2019-06-20 11:47:54"}
{"level":"info","message":"GET /order/get_order_test 3 2019-06-20 11:47:54","timestamp":"2019-06-20 11:47:54"}
{"level":"info","message":"GET /article/family_list 2 2019-06-20 11:47:56","timestamp":"2019-06-20 11:47:56"}
{"level":"info","message":"GET /order/detail 7 2019-06-20 11:47:56","timestamp":"2019-06-20 11:47:56"}
{"level":"info","message":"GET /article/article_list 12 2019-06-20 11:47:56","timestamp":"2019-06-20 11:47:56"}
{"level":"info","message":"启动离线订单检测！间隔180000","timestamp":"2019-06-20 11:48:16"}
{"level":"info","message":"没有需要同步的订单！","timestamp":"2019-06-20 11:48:16"}
{"level":"info","message":"GET /article/article_list 7 2019-06-20 11:48:28","timestamp":"2019-06-20 11:48:28"}
{"level":"info","message":"GET /article/unit_list 49 2019-06-20 11:48:29","timestamp":"2019-06-20 11:48:29"}
{"level":"info","message":"启动离线订单检测！间隔180000","timestamp":"2019-06-20 11:51:16"}
{"level":"info","message":"没有需要同步的订单！","timestamp":"2019-06-20 11:51:16"}
{"level":"info","message":"GET /article/family_list 7 2019-06-20 11:51:53","timestamp":"2019-06-20 11:51:53"}
{"level":"info","message":"GET /article/article_list 21 2019-06-20 11:51:53","timestamp":"2019-06-20 11:51:53"}
{"level":"info","message":"GET /article/family_list 1 2019-06-20 11:51:53","timestamp":"2019-06-20 11:51:53"}
{"level":"info","message":"GET /article/article_list 8 2019-06-20 11:51:54","timestamp":"2019-06-20 11:51:54"}
{"level":"info","message":"GET /article/article_list 8 2019-06-20 11:51:55","timestamp":"2019-06-20 11:51:55"}
{"level":"info","message":"PUT /stock/update 45 2019-06-20 11:51:58","timestamp":"2019-06-20 11:51:58"}
{"level":"info","message":"启动离线订单检测！间隔180000","timestamp":"2019-06-20 11:54:16"}
{"level":"info","message":"没有需要同步的订单！","timestamp":"2019-06-20 11:54:16"}
{"level":"info","message":"启动离线订单检测！间隔180000","timestamp":"2019-06-20 11:57:16"}
{"level":"info","message":"没有需要同步的订单！","timestamp":"2019-06-20 11:57:16"}
{"level":"info","message":"启动离线订单检测！间隔180000","timestamp":"2019-06-20 12:00:16"}
{"level":"info","message":"没有需要同步的订单！","timestamp":"2019-06-20 12:00:16"}
{"level":"info","message":"启动离线订单检测！间隔180000","timestamp":"2019-06-20 12:03:16"}
{"level":"info","message":"没有需要同步的订单！","timestamp":"2019-06-20 12:03:16"}
{"level":"info","message":"启动离线订单检测！间隔180000","timestamp":"2019-06-20 12:06:16"}
{"level":"info","message":"没有需要同步的订单！","timestamp":"2019-06-20 12:06:16"}
{"level":"info","message":"GET /article/family_list 5 2019-06-20 12:07:29","timestamp":"2019-06-20 12:07:29"}
{"level":"info","message":"GET /article/article_list 6 2019-06-20 12:07:29","timestamp":"2019-06-20 12:07:29"}
{"level":"error","message":"==mqtt==close==你已断开连接,异常退出","timestamp":"2019-06-20 13:48:40"}
{"level":"error","message":"==mqtt==reconnect==正在尝试重新连接","timestamp":"2019-06-20 13:48:55"}
{"level":"info","message":"mqtt成功连接到：ws://test.emq.restoplus.cn:8083/mqtt","timestamp":"2019-06-20 13:48:55"}
{"level":"info","message":"订阅成功--$queue/winPos/+/2f83afee7a0e4822a6729145dd53af33/43be0afc2b544cec87568b7247841107/+/+/+","timestamp":"2019-06-20 13:48:55"}
{"level":"info","message":"允许接收的平台=>posAdmin-dev,resto-dev","timestamp":"2019-06-20 13:48:55"}
{"level":"info","message":"启动离线订单检测！间隔180000","timestamp":"2019-06-20 13:50:15"}
{"level":"info","message":"没有需要同步的订单！","timestamp":"2019-06-20 13:50:15"}
{"level":"info","message":"启动离线订单检测！间隔180000","timestamp":"2019-06-20 13:53:15"}
{"level":"info","message":"没有需要同步的订单！","timestamp":"2019-06-20 13:53:15"}
{"level":"info","message":"启动离线订单检测！间隔180000","timestamp":"2019-06-20 13:56:15"}
{"level":"info","message":"没有需要同步的订单！","timestamp":"2019-06-20 13:56:15"}
{"level":"info","message":"启动离线订单检测！间隔180000","timestamp":"2019-06-20 13:59:15"}
{"level":"info","message":"没有需要同步的订单！","timestamp":"2019-06-20 13:59:15"}
{"level":"info","message":"启动离线订单检测！间隔180000","timestamp":"2019-06-20 14:02:15"}
{"level":"info","message":"没有需要同步的订单！","timestamp":"2019-06-20 14:02:15"}
{"level":"info","message":"启动离线订单检测！间隔180000","timestamp":"2019-06-20 14:05:15"}
{"level":"info","message":"没有需要同步的订单！","timestamp":"2019-06-20 14:05:15"}
{"level":"info","message":"启动离线订单检测！间隔180000","timestamp":"2019-06-20 14:08:15"}
{"level":"info","message":"没有需要同步的订单！","timestamp":"2019-06-20 14:08:15"}
{"level":"info","message":"启动离线订单检测！间隔180000","timestamp":"2019-06-20 14:11:15"}
{"level":"info","message":"没有需要同步的订单！","timestamp":"2019-06-20 14:11:15"}
{"level":"info","message":"启动离线订单检测！间隔180000","timestamp":"2019-06-20 14:14:15"}
{"level":"info","message":"没有需要同步的订单！","timestamp":"2019-06-20 14:14:15"}
{"level":"info","message":"GET /article/family_list 19 2019-06-20 14:15:34","timestamp":"2019-06-20 14:15:34"}
{"level":"info","message":"GET /article/article_list 15 2019-06-20 14:15:34","timestamp":"2019-06-20 14:15:34"}
{"level":"info","message":"GET /article/article_list 11 2019-06-20 14:15:34","timestamp":"2019-06-20 14:15:34"}
{"level":"info","message":"GET /article/family_list 2 2019-06-20 14:15:55","timestamp":"2019-06-20 14:15:55"}
{"level":"info","message":"GET /article/article_list 9 2019-06-20 14:15:55","timestamp":"2019-06-20 14:15:55"}
{"level":"info","message":"GET /article/article_list 8 2019-06-20 14:15:56","timestamp":"2019-06-20 14:15:56"}
{"level":"info","message":"PUT /stock/update 6 2019-06-20 14:16:08","timestamp":"2019-06-20 14:16:08"}
{"level":"info","message":"PUT /stock/update 6 2019-06-20 14:16:28","timestamp":"2019-06-20 14:16:28"}
{"level":"info","message":"GET /article/family_list 3 2019-06-20 14:17:06","timestamp":"2019-06-20 14:17:06"}
{"level":"info","message":"GET /article/article_list 16 2019-06-20 14:17:06","timestamp":"2019-06-20 14:17:06"}
{"level":"info","message":"GET /article/article_list 7 2019-06-20 14:17:07","timestamp":"2019-06-20 14:17:07"}
{"level":"info","message":"PUT /stock/update 5 2019-06-20 14:17:11","timestamp":"2019-06-20 14:17:11"}
{"level":"info","message":"启动离线订单检测！间隔180000","timestamp":"2019-06-20 14:17:15"}
{"level":"info","message":"没有需要同步的订单！","timestamp":"2019-06-20 14:17:15"}
{"level":"info","message":"PUT /stock/update 5 2019-06-20 14:17:35","timestamp":"2019-06-20 14:17:35"}
{"level":"info","message":"PUT /stock/update 3 2019-06-20 14:17:52","timestamp":"2019-06-20 14:17:52"}
{"level":"info","message":"PUT /stock/empty 6 2019-06-20 14:18:02","timestamp":"2019-06-20 14:18:02"}
{"level":"info","message":"PUT /stock/empty 8 2019-06-20 14:18:04","timestamp":"2019-06-20 14:18:04"}
{"level":"info","message":"PUT /stock/update 4 2019-06-20 14:18:13","timestamp":"2019-06-20 14:18:13"}
{"level":"info","message":"PUT /stock/update 5 2019-06-20 14:18:19","timestamp":"2019-06-20 14:18:19"}
{"level":"info","message":"GET /article/family_list 2 2019-06-20 14:18:52","timestamp":"2019-06-20 14:18:52"}
{"level":"info","message":"GET /article/article_list 12 2019-06-20 14:18:52","timestamp":"2019-06-20 14:18:52"}
{"level":"info","message":"GET /article/family_list 4 2019-06-20 14:19:09","timestamp":"2019-06-20 14:19:09"}
{"level":"info","message":"GET /article/article_list 11 2019-06-20 14:19:09","timestamp":"2019-06-20 14:19:09"}
{"level":"info","message":"启动离线订单检测！间隔180000","timestamp":"2019-06-20 14:20:15"}
{"level":"info","message":"没有需要同步的订单！","timestamp":"2019-06-20 14:20:15"}
{"level":"info","message":"启动离线订单检测！间隔180000","timestamp":"2019-06-20 14:23:15"}
{"level":"info","message":"没有需要同步的订单！","timestamp":"2019-06-20 14:23:15"}
{"level":"info","message":"启动离线订单检测！间隔180000","timestamp":"2019-06-20 14:26:15"}
{"level":"info","message":"没有需要同步的订单！","timestamp":"2019-06-20 14:26:15"}
{"level":"info","message":"启动离线订单检测！间隔180000","timestamp":"2019-06-20 14:29:15"}
{"level":"info","message":"没有需要同步的订单！","timestamp":"2019-06-20 14:29:15"}
{"level":"info","message":"启动离线订单检测！间隔180000","timestamp":"2019-06-20 14:32:15"}
{"level":"info","message":"没有需要同步的订单！","timestamp":"2019-06-20 14:32:15"}
{"level":"info","message":"启动离线订单检测！间隔180000","timestamp":"2019-06-20 14:35:15"}
{"level":"info","message":"没有需要同步的订单！","timestamp":"2019-06-20 14:35:15"}
{"level":"info","message":"启动离线订单检测！间隔180000","timestamp":"2019-06-20 14:38:15"}
{"level":"info","message":"没有需要同步的订单！","timestamp":"2019-06-20 14:38:15"}
{"level":"info","message":"启动离线订单检测！间隔180000","timestamp":"2019-06-20 14:41:15"}
{"level":"info","message":"没有需要同步的订单！","timestamp":"2019-06-20 14:41:15"}
{"level":"info","message":"启动离线订单检测！间隔180000","timestamp":"2019-06-20 14:44:15"}
{"level":"info","message":"没有需要同步的订单！","timestamp":"2019-06-20 14:44:15"}
{"level":"info","message":"启动离线订单检测！间隔180000","timestamp":"2019-06-20 14:47:15"}
{"level":"info","message":"没有需要同步的订单！","timestamp":"2019-06-20 14:47:15"}
{"level":"info","message":"启动离线订单检测！间隔180000","timestamp":"2019-06-20 14:50:15"}
{"level":"info","message":"没有需要同步的订单！","timestamp":"2019-06-20 14:50:15"}
{"level":"info","message":"启动离线订单检测！间隔180000","timestamp":"2019-06-20 14:53:15"}
{"level":"info","message":"没有需要同步的订单！","timestamp":"2019-06-20 14:53:15"}
{"level":"info","message":"启动离线订单检测！间隔180000","timestamp":"2019-06-20 14:56:15"}
{"level":"info","message":"没有需要同步的订单！","timestamp":"2019-06-20 14:56:15"}
{"level":"info","message":"启动离线订单检测！间隔180000","timestamp":"2019-06-20 14:59:16"}
{"level":"info","message":"没有需要同步的订单！","timestamp":"2019-06-20 14:59:16"}
{"level":"info","message":"启动离线订单检测！间隔180000","timestamp":"2019-06-20 15:02:16"}
{"level":"info","message":"没有需要同步的订单！","timestamp":"2019-06-20 15:02:16"}
{"level":"info","message":"GET /system/info 4 2019-06-20 15:02:17","timestamp":"2019-06-20 15:02:17"}
{"level":"info","message":"GET /on/line/state 1 2019-06-20 15:02:17","timestamp":"2019-06-20 15:02:17"}
{"level":"info","message":"GET /article/family_list 4 2019-06-20 15:02:17","timestamp":"2019-06-20 15:02:17"}
{"level":"info","message":"GET /article/article_list 8 2019-06-20 15:02:17","timestamp":"2019-06-20 15:02:17"}
{"level":"info","message":"GET /order/order_state_count 6 2019-06-20 15:03:00","timestamp":"2019-06-20 15:03:00"}
{"level":"info","message":"GET /area 2 2019-06-20 15:03:00","timestamp":"2019-06-20 15:03:00"}
{"level":"info","message":"GET /table/list 4 2019-06-20 15:03:00","timestamp":"2019-06-20 15:03:00"}
{"level":"info","message":"GET /order/detail 6 2019-06-20 15:03:00","timestamp":"2019-06-20 15:03:00"}
{"level":"info","message":"GET /order/get_order_test 5 2019-06-20 15:03:00","timestamp":"2019-06-20 15:03:00"}
{"level":"info","message":"GET /order/get_order_test 5 2019-06-20 15:03:00","timestamp":"2019-06-20 15:03:00"}
{"level":"info","message":"GET /order/discount_info 2 2019-06-20 15:03:13","timestamp":"2019-06-20 15:03:13"}
{"level":"info","message":"GET /order/detail 12 2019-06-20 15:03:13","timestamp":"2019-06-20 15:03:13"}
{"level":"info","message":"GET /order/detail 8 2019-06-20 15:03:13","timestamp":"2019-06-20 15:03:13"}
{"level":"info","message":"GET /order/order_items 7 2019-06-20 15:03:14","timestamp":"2019-06-20 15:03:14"}
{"level":"info","message":"POST /order/discount 87 2019-06-20 15:03:22","timestamp":"2019-06-20 15:03:22"}
{"level":"info","message":"GET /order/detail 10 2019-06-20 15:03:22","timestamp":"2019-06-20 15:03:22"}
{"level":"info","message":"GET /order/discount_info 5 2019-06-20 15:03:22","timestamp":"2019-06-20 15:03:22"}
{"level":"info","message":"【/v1/newpos/order/discount】==> 折扣成功！","timestamp":"2019-06-20 15:03:22"}
{"level":"info","message":"GET /order/detail 17 2019-06-20 15:03:22","timestamp":"2019-06-20 15:03:22"}
{"level":"info","message":"GET /order/order_state_count 7 2019-06-20 15:03:24","timestamp":"2019-06-20 15:03:24"}
{"level":"info","message":"GET /area 6 2019-06-20 15:03:24","timestamp":"2019-06-20 15:03:24"}
{"level":"info","message":"GET /table/list 6 2019-06-20 15:03:24","timestamp":"2019-06-20 15:03:24"}
{"level":"info","message":"GET /order/get_order_test 9 2019-06-20 15:03:24","timestamp":"2019-06-20 15:03:24"}
{"level":"info","message":"GET /order/detail 14 2019-06-20 15:03:24","timestamp":"2019-06-20 15:03:24"}
{"level":"info","message":"GET /order/get_order_test 5 2019-06-20 15:03:25","timestamp":"2019-06-20 15:03:25"}
{"level":"info","message":"GET /order/discount_info 2 2019-06-20 15:03:27","timestamp":"2019-06-20 15:03:27"}
{"level":"info","message":"GET /order/discount_info 1 2019-06-20 15:03:31","timestamp":"2019-06-20 15:03:31"}
{"level":"info","message":"GET /order/order_items 11 2019-06-20 15:03:35","timestamp":"2019-06-20 15:03:35"}
{"level":"info","message":"GET /order/discount_info 4 2019-06-20 15:03:35","timestamp":"2019-06-20 15:03:35"}
{"level":"info","message":"GET /order/detail 12 2019-06-20 15:03:35","timestamp":"2019-06-20 15:03:35"}
{"level":"info","message":"GET /order/detail 9 2019-06-20 15:03:35","timestamp":"2019-06-20 15:03:35"}
{"level":"info","message":"PUT /order/resume_discount 72 2019-06-20 15:03:36","timestamp":"2019-06-20 15:03:36"}
{"level":"info","message":"GET /order/discount_info 2 2019-06-20 15:03:36","timestamp":"2019-06-20 15:03:36"}
{"level":"info","message":"GET /order/detail 13 2019-06-20 15:03:36","timestamp":"2019-06-20 15:03:36"}
{"level":"info","message":"【/v1/newpos/order/discount/resume】==> 折扣恢复成功！","timestamp":"2019-06-20 15:03:36"}
{"level":"info","message":"GET /system/info 5 2019-06-20 15:03:42","timestamp":"2019-06-20 15:03:42"}
{"level":"info","message":"GET /order/detail 9 2019-06-20 15:03:42","timestamp":"2019-06-20 15:03:42"}
{"level":"info","message":"GET /on/line/state 0 2019-06-20 15:03:42","timestamp":"2019-06-20 15:03:42"}
{"level":"info","message":"GET /order/discount_info 8 2019-06-20 15:03:42","timestamp":"2019-06-20 15:03:42"}
{"level":"info","message":"GET /order/detail 8 2019-06-20 15:03:42","timestamp":"2019-06-20 15:03:42"}
{"level":"info","message":"GET /order/order_items 7 2019-06-20 15:03:42","timestamp":"2019-06-20 15:03:42"}
{"level":"info","message":"启动离线订单检测！间隔180000","timestamp":"2019-06-20 15:05:16"}
{"level":"info","message":"没有需要同步的订单！","timestamp":"2019-06-20 15:05:16"}
{"level":"info","message":"POST /order/discount 120 2019-06-20 15:06:58","timestamp":"2019-06-20 15:06:58"}
{"level":"info","message":"【/v1/newpos/order/discount】==> 折扣成功！","timestamp":"2019-06-20 15:06:58"}
{"level":"info","message":"GET /order/detail 21 2019-06-20 15:06:58","timestamp":"2019-06-20 15:06:58"}
{"level":"info","message":"GET /order/discount_info 20 2019-06-20 15:06:58","timestamp":"2019-06-20 15:06:58"}
{"level":"info","message":"GET /order/detail 35 2019-06-20 15:06:58","timestamp":"2019-06-20 15:06:58"}
{"level":"info","message":"GET /order/order_state_count 5 2019-06-20 15:06:59","timestamp":"2019-06-20 15:06:59"}
{"level":"info","message":"GET /area 4 2019-06-20 15:06:59","timestamp":"2019-06-20 15:06:59"}
{"level":"info","message":"GET /table/list 4 2019-06-20 15:06:59","timestamp":"2019-06-20 15:06:59"}
{"level":"info","message":"GET /order/detail 9 2019-06-20 15:07:00","timestamp":"2019-06-20 15:07:00"}
{"level":"info","message":"GET /order/get_order_test 5 2019-06-20 15:07:00","timestamp":"2019-06-20 15:07:00"}
{"level":"info","message":"GET /order/get_order_test 3 2019-06-20 15:07:00","timestamp":"2019-06-20 15:07:00"}
{"level":"info","message":"GET /order/discount_info 1 2019-06-20 15:07:02","timestamp":"2019-06-20 15:07:02"}
{"level":"info","message":"GET /order/discount_info 1 2019-06-20 15:07:07","timestamp":"2019-06-20 15:07:07"}
{"level":"info","message":"GET /remark/order/refund 18 2019-06-20 15:07:07","timestamp":"2019-06-20 15:07:07"}
{"level":"info","message":"GET /order/discount_info 1 2019-06-20 15:07:15","timestamp":"2019-06-20 15:07:15"}
{"level":"info","message":"GET /order/discount_info 1 2019-06-20 15:07:18","timestamp":"2019-06-20 15:07:18"}
{"level":"info","message":"GET /remark/order/refund 3 2019-06-20 15:07:18","timestamp":"2019-06-20 15:07:18"}
{"level":"info","message":"GET /order/discount_info 1 2019-06-20 15:07:30","timestamp":"2019-06-20 15:07:30"}
{"level":"info","message":"GET /remark/order/refund 3 2019-06-20 15:07:30","timestamp":"2019-06-20 15:07:30"}
{"level":"info","message":"启动离线订单检测！间隔180000","timestamp":"2019-06-20 15:08:16"}
{"level":"info","message":"没有需要同步的订单！","timestamp":"2019-06-20 15:08:16"}
{"level":"info","message":"GET /order/get_order_test 5 2019-06-20 15:08:38","timestamp":"2019-06-20 15:08:38"}
{"level":"info","message":"GET /system/info 6 2019-06-20 15:08:40","timestamp":"2019-06-20 15:08:40"}
{"level":"info","message":"GET /order/order_state_count 11 2019-06-20 15:08:40","timestamp":"2019-06-20 15:08:40"}
{"level":"info","message":"GET /on/line/state 0 2019-06-20 15:08:40","timestamp":"2019-06-20 15:08:40"}
{"level":"info","message":"GET /area 11 2019-06-20 15:08:40","timestamp":"2019-06-20 15:08:40"}
{"level":"info","message":"GET /table/list 10 2019-06-20 15:08:40","timestamp":"2019-06-20 15:08:40"}
{"level":"info","message":"GET /order/detail 21 2019-06-20 15:08:40","timestamp":"2019-06-20 15:08:40"}
{"level":"info","message":"GET /order/get_order_test 3 2019-06-20 15:08:41","timestamp":"2019-06-20 15:08:41"}
{"level":"info","message":"GET /order/discount_info 1 2019-06-20 15:08:42","timestamp":"2019-06-20 15:08:42"}
{"level":"info","message":"GET /order/detail 10 2019-06-20 15:08:45","timestamp":"2019-06-20 15:08:45"}
{"level":"info","message":"GET /order/discount_info 3 2019-06-20 15:08:45","timestamp":"2019-06-20 15:08:45"}
{"level":"info","message":"GET /order/detail 8 2019-06-20 15:08:45","timestamp":"2019-06-20 15:08:45"}
{"level":"info","message":"GET /order/order_items 12 2019-06-20 15:08:45","timestamp":"2019-06-20 15:08:45"}
{"level":"info","message":"PUT /order/resume_discount 20 2019-06-20 15:08:46","timestamp":"2019-06-20 15:08:46"}
{"level":"info","message":"GET /order/discount_info 10 2019-06-20 15:08:47","timestamp":"2019-06-20 15:08:47"}
{"level":"info","message":"GET /order/detail 24 2019-06-20 15:08:47","timestamp":"2019-06-20 15:08:47"}
{"level":"info","message":"【/v1/newpos/order/discount/resume】==> 折扣恢复成功！","timestamp":"2019-06-20 15:08:47"}
{"level":"info","message":"POST /order/discount 36 2019-06-20 15:08:52","timestamp":"2019-06-20 15:08:52"}
{"level":"info","message":"【/v1/newpos/order/discount】==> 折扣成功！","timestamp":"2019-06-20 15:08:52"}
{"level":"info","message":"GET /order/detail 13 2019-06-20 15:08:52","timestamp":"2019-06-20 15:08:52"}
{"level":"info","message":"GET /order/discount_info 4 2019-06-20 15:08:52","timestamp":"2019-06-20 15:08:52"}
{"level":"info","message":"GET /order/detail 9 2019-06-20 15:08:52","timestamp":"2019-06-20 15:08:52"}
{"level":"info","message":"GET /order/order_state_count 5 2019-06-20 15:08:55","timestamp":"2019-06-20 15:08:55"}
{"level":"info","message":"GET /area 3 2019-06-20 15:08:55","timestamp":"2019-06-20 15:08:55"}
{"level":"info","message":"GET /table/list 3 2019-06-20 15:08:55","timestamp":"2019-06-20 15:08:55"}
{"level":"info","message":"GET /order/get_order_test 6 2019-06-20 15:08:55","timestamp":"2019-06-20 15:08:55"}
{"level":"info","message":"GET /order/detail 13 2019-06-20 15:08:55","timestamp":"2019-06-20 15:08:55"}
{"level":"info","message":"GET /order/get_order_test 3 2019-06-20 15:08:55","timestamp":"2019-06-20 15:08:55"}
{"level":"info","message":"GET /order/discount_info 1 2019-06-20 15:08:58","timestamp":"2019-06-20 15:08:58"}
{"level":"info","message":"GET /order/discount_info 1 2019-06-20 15:09:01","timestamp":"2019-06-20 15:09:01"}
{"level":"info","message":"启动离线订单检测！间隔180000","timestamp":"2019-06-20 15:11:16"}
{"level":"info","message":"没有需要同步的订单！","timestamp":"2019-06-20 15:11:16"}
{"level":"info","message":"启动离线订单检测！间隔180000","timestamp":"2019-06-20 15:14:16"}
{"level":"info","message":"没有需要同步的订单！","timestamp":"2019-06-20 15:14:16"}
{"level":"info","message":"GET /system/info 7 2019-06-20 15:14:44","timestamp":"2019-06-20 15:14:44"}
{"level":"info","message":"GET /order/order_state_count 10 2019-06-20 15:14:44","timestamp":"2019-06-20 15:14:44"}
{"level":"info","message":"GET /on/line/state 1 2019-06-20 15:14:44","timestamp":"2019-06-20 15:14:44"}
{"level":"info","message":"GET /area 8 2019-06-20 15:14:44","timestamp":"2019-06-20 15:14:44"}
{"level":"info","message":"GET /table/list 10 2019-06-20 15:14:44","timestamp":"2019-06-20 15:14:44"}
{"level":"info","message":"GET /order/detail 22 2019-06-20 15:14:44","timestamp":"2019-06-20 15:14:44"}
{"level":"info","message":"GET /order/get_order_test 3 2019-06-20 15:14:44","timestamp":"2019-06-20 15:14:44"}
{"level":"info","message":"DELETE /user/logout 1 2019-06-20 15:14:51","timestamp":"2019-06-20 15:14:51"}
{"level":"info","message":"GET /on/line/state 0 2019-06-20 15:14:51","timestamp":"2019-06-20 15:14:51"}
{"level":"info","message":"GET /user/normal/list 2 2019-06-20 15:14:51","timestamp":"2019-06-20 15:14:51"}
{"level":"info","message":"开始同步库存数据","timestamp":"2019-06-20 15:15:55"}
{"level":"info","message":"POST /user/login 110 2019-06-20 15:15:55","timestamp":"2019-06-20 15:15:55"}
{"level":"info","message":"同步库存数据开始!","timestamp":"2019-06-20 15:15:55"}
{"level":"info","message":"GET /order/order_state_count 15 2019-06-20 15:15:55","timestamp":"2019-06-20 15:15:55"}
{"level":"info","message":"GET /area 14 2019-06-20 15:15:55","timestamp":"2019-06-20 15:15:55"}
{"level":"info","message":"GET /on/line/state 0 2019-06-20 15:15:55","timestamp":"2019-06-20 15:15:55"}
{"level":"info","message":"GET /table/list 19 2019-06-20 15:15:55","timestamp":"2019-06-20 15:15:55"}
{"level":"info","message":"GET /order/get_order_test 43 2019-06-20 15:15:55","timestamp":"2019-06-20 15:15:55"}
{"level":"info","message":"GET /order/detail 64 2019-06-20 15:15:55","timestamp":"2019-06-20 15:15:55"}
{"level":"info","message":"同步库存数据完成!","timestamp":"2019-06-20 15:15:55"}
{"level":"info","message":"GET /order/get_order_test 3 2019-06-20 15:15:55","timestamp":"2019-06-20 15:15:55"}
{"level":"info","message":"GET /system/info 3 2019-06-20 15:16:18","timestamp":"2019-06-20 15:16:18"}
{"level":"info","message":"GET /order/order_state_count 13 2019-06-20 15:16:18","timestamp":"2019-06-20 15:16:18"}
{"level":"info","message":"GET /area 10 2019-06-20 15:16:18","timestamp":"2019-06-20 15:16:18"}
{"level":"info","message":"GET /table/list 9 2019-06-20 15:16:18","timestamp":"2019-06-20 15:16:18"}
{"level":"info","message":"GET /order/detail 21 2019-06-20 15:16:18","timestamp":"2019-06-20 15:16:18"}
{"level":"info","message":"GET /on/line/state 0 2019-06-20 15:16:18","timestamp":"2019-06-20 15:16:18"}
{"level":"info","message":"GET /order/get_order_test 3 2019-06-20 15:16:19","timestamp":"2019-06-20 15:16:19"}
{"level":"info","message":"GET /system/info 4 2019-06-20 15:16:34","timestamp":"2019-06-20 15:16:34"}
{"level":"info","message":"GET /order/order_state_count 7 2019-06-20 15:16:34","timestamp":"2019-06-20 15:16:34"}
{"level":"info","message":"GET /area 2 2019-06-20 15:16:34","timestamp":"2019-06-20 15:16:34"}
{"level":"info","message":"GET /table/list 4 2019-06-20 15:16:34","timestamp":"2019-06-20 15:16:34"}
{"level":"info","message":"GET /order/detail 21 2019-06-20 15:16:34","timestamp":"2019-06-20 15:16:34"}
{"level":"info","message":"GET /on/line/state 1 2019-06-20 15:16:34","timestamp":"2019-06-20 15:16:34"}
{"level":"info","message":"GET /order/get_order_test 4 2019-06-20 15:16:35","timestamp":"2019-06-20 15:16:35"}
{"level":"info","message":"启动离线订单检测！间隔180000","timestamp":"2019-06-20 15:17:16"}
{"level":"info","message":"没有需要同步的订单！","timestamp":"2019-06-20 15:17:16"}
{"level":"info","message":"GET /order/detail 11 2019-06-20 15:17:52","timestamp":"2019-06-20 15:17:52"}
{"level":"info","message":"GET /order/get_order_test 8 2019-06-20 15:17:52","timestamp":"2019-06-20 15:17:52"}
{"level":"info","message":"GET /order/get_order_test 5 2019-06-20 15:17:56","timestamp":"2019-06-20 15:17:56"}
{"level":"info","message":"GET /order/detail 11 2019-06-20 15:17:56","timestamp":"2019-06-20 15:17:56"}
{"level":"info","message":"GET /order/get_order_test 4 2019-06-20 15:17:57","timestamp":"2019-06-20 15:17:57"}
{"level":"info","message":"GET /order/detail 7 2019-06-20 15:17:57","timestamp":"2019-06-20 15:17:57"}
{"level":"info","message":"GET /order/get_order_test 7 2019-06-20 15:18:01","timestamp":"2019-06-20 15:18:01"}
{"level":"info","message":"GET /order/detail 12 2019-06-20 15:18:01","timestamp":"2019-06-20 15:18:01"}
{"level":"info","message":"GET /system/info 8 2019-06-20 15:19:40","timestamp":"2019-06-20 15:19:40"}
{"level":"info","message":"GET /order/order_state_count 8 2019-06-20 15:19:41","timestamp":"2019-06-20 15:19:41"}
{"level":"info","message":"GET /on/line/state 1 2019-06-20 15:19:41","timestamp":"2019-06-20 15:19:41"}
{"level":"info","message":"GET /area 11 2019-06-20 15:19:41","timestamp":"2019-06-20 15:19:41"}
{"level":"info","message":"GET /table/list 9 2019-06-20 15:19:41","timestamp":"2019-06-20 15:19:41"}
{"level":"info","message":"GET /order/detail 27 2019-06-20 15:19:41","timestamp":"2019-06-20 15:19:41"}
{"level":"info","message":"GET /order/get_order_test 3 2019-06-20 15:19:41","timestamp":"2019-06-20 15:19:41"}
{"level":"info","message":"GET /order/get_order_test 5 2019-06-20 15:19:42","timestamp":"2019-06-20 15:19:42"}
{"level":"info","message":"GET /order/detail 9 2019-06-20 15:19:42","timestamp":"2019-06-20 15:19:42"}
{"level":"info","message":"开始更新数据","timestamp":"2019-06-20 15:19:43"}
{"level":"info","message":"更新数据完成","timestamp":"2019-06-20 15:19:47"}
{"level":"info","message":"GET /on/line/state 1 2019-06-20 15:19:47","timestamp":"2019-06-20 15:19:47"}
{"level":"info","message":"GET /user/normal/list 4 2019-06-20 15:19:47","timestamp":"2019-06-20 15:19:47"}
{"level":"info","message":"开始同步库存数据","timestamp":"2019-06-20 15:19:51"}
{"level":"info","message":"POST /user/login 42 2019-06-20 15:19:51","timestamp":"2019-06-20 15:19:51"}
{"level":"info","message":"同步库存数据开始!","timestamp":"2019-06-20 15:19:51"}
{"level":"info","message":"GET /on/line/state 0 2019-06-20 15:19:51","timestamp":"2019-06-20 15:19:51"}
{"level":"info","message":"GET /order/order_state_count 15 2019-06-20 15:19:51","timestamp":"2019-06-20 15:19:51"}
{"level":"info","message":"GET /area 12 2019-06-20 15:19:51","timestamp":"2019-06-20 15:19:51"}
{"level":"info","message":"GET /table/list 20 2019-06-20 15:19:51","timestamp":"2019-06-20 15:19:51"}
{"level":"info","message":"GET /order/get_order_test 41 2019-06-20 15:19:51","timestamp":"2019-06-20 15:19:51"}
{"level":"info","message":"GET /order/detail 73 2019-06-20 15:19:51","timestamp":"2019-06-20 15:19:51"}
{"level":"info","message":"同步库存数据完成!","timestamp":"2019-06-20 15:19:51"}
{"level":"info","message":"GET /order/get_order_test 2 2019-06-20 15:19:51","timestamp":"2019-06-20 15:19:51"}
{"level":"info","message":"启动离线订单检测！间隔180000","timestamp":"2019-06-20 15:20:16"}
{"level":"info","message":"没有需要同步的订单！","timestamp":"2019-06-20 15:20:16"}
{"level":"info","message":"GET /system/info 3 2019-06-20 15:21:14","timestamp":"2019-06-20 15:21:14"}
{"level":"info","message":"GET /order/order_state_count 7 2019-06-20 15:21:14","timestamp":"2019-06-20 15:21:14"}
{"level":"info","message":"GET /area 4 2019-06-20 15:21:14","timestamp":"2019-06-20 15:21:14"}
{"level":"info","message":"GET /on/line/state 0 2019-06-20 15:21:14","timestamp":"2019-06-20 15:21:14"}
{"level":"info","message":"GET /table/list 10 2019-06-20 15:21:14","timestamp":"2019-06-20 15:21:14"}
{"level":"info","message":"GET /order/detail 24 2019-06-20 15:21:14","timestamp":"2019-06-20 15:21:14"}
{"level":"info","message":"GET /order/get_order_test 2 2019-06-20 15:21:14","timestamp":"2019-06-20 15:21:14"}
{"level":"info","message":"mqtt成功连接到：ws://test.emq.restoplus.cn:8083/mqtt","timestamp":"2019-06-20 15:22:02"}
{"level":"info","message":"订阅成功--$queue/winPos/+/2f83afee7a0e4822a6729145dd53af33/43be0afc2b544cec87568b7247841107/+/+/+","timestamp":"2019-06-20 15:22:03"}
{"level":"info","message":"允许接收的平台=>posAdmin-dev,resto-dev","timestamp":"2019-06-20 15:22:03"}
{"level":"error","message":"==mqtt==close==你已断开连接,异常退出","timestamp":"2019-06-20 15:22:29"}
{"level":"error","message":"==mqtt==reconnect==正在尝试重新连接","timestamp":"2019-06-20 15:22:46"}
{"level":"info","message":"mqtt成功连接到：ws://test.emq.restoplus.cn:8083/mqtt","timestamp":"2019-06-20 15:22:46"}
{"level":"info","message":"订阅成功--$queue/winPos/+/2f83afee7a0e4822a6729145dd53af33/43be0afc2b544cec87568b7247841107/+/+/+","timestamp":"2019-06-20 15:22:46"}
{"level":"info","message":"允许接收的平台=>posAdmin-dev,resto-dev","timestamp":"2019-06-20 15:22:46"}
{"level":"error","message":"resource \"GET:/35c54ad210f903e4ba94.hot-update.json\" not found","timestamp":"2019-06-20 15:22:55"}
{"level":"info","message":"GET /35c54ad210f903e4ba94.hot-update.json 5 2019-06-20 15:22:55","timestamp":"2019-06-20 15:22:55"}
{"level":"info","message":"GET /system/info 97 2019-06-20 15:23:18","timestamp":"2019-06-20 15:23:18"}
{"level":"info","message":"GET /on/line/state 1 2019-06-20 15:23:18","timestamp":"2019-06-20 15:23:18"}
{"level":"info","message":"GET /order/order_state_count 50 2019-06-20 15:23:18","timestamp":"2019-06-20 15:23:18"}
{"level":"info","message":"GET /area 45 2019-06-20 15:23:18","timestamp":"2019-06-20 15:23:18"}
{"level":"info","message":"GET /table/list 36 2019-06-20 15:23:18","timestamp":"2019-06-20 15:23:18"}
{"level":"info","message":"GET /order/detail 69 2019-06-20 15:23:18","timestamp":"2019-06-20 15:23:18"}
{"level":"info","message":"GET /order/get_order_test 23 2019-06-20 15:23:18","timestamp":"2019-06-20 15:23:18"}
{"level":"info","message":"DELETE /user/logout 4 2019-06-20 15:24:19","timestamp":"2019-06-20 15:24:19"}
{"level":"info","message":"GET /on/line/state 3 2019-06-20 15:24:19","timestamp":"2019-06-20 15:24:19"}
{"level":"info","message":"GET /user/normal/list 15 2019-06-20 15:24:19","timestamp":"2019-06-20 15:24:19"}
{"level":"info","message":"开始同步库存数据","timestamp":"2019-06-20 15:24:25"}
{"level":"info","message":"POST /user/login 51 2019-06-20 15:24:25","timestamp":"2019-06-20 15:24:25"}
{"level":"info","message":"同步库存数据开始!","timestamp":"2019-06-20 15:24:25"}
{"level":"info","message":"GET /on/line/state 1 2019-06-20 15:24:25","timestamp":"2019-06-20 15:24:25"}
{"level":"info","message":"GET /order/order_state_count 34 2019-06-20 15:24:25","timestamp":"2019-06-20 15:24:25"}
{"level":"info","message":"GET /area 35 2019-06-20 15:24:25","timestamp":"2019-06-20 15:24:25"}
{"level":"info","message":"GET /table/list 39 2019-06-20 15:24:25","timestamp":"2019-06-20 15:24:25"}
{"level":"info","message":"GET /order/get_order_test 46 2019-06-20 15:24:26","timestamp":"2019-06-20 15:24:26"}
{"level":"info","message":"GET /order/detail 68 2019-06-20 15:24:26","timestamp":"2019-06-20 15:24:26"}
{"level":"info","message":"同步库存数据完成!","timestamp":"2019-06-20 15:24:26"}
{"level":"info","message":"GET /order/get_order_test 4 2019-06-20 15:24:26","timestamp":"2019-06-20 15:24:26"}
{"level":"info","message":"启动离线订单检测！间隔180000","timestamp":"2019-06-20 15:24:51"}
{"level":"info","message":"没有需要同步的订单！","timestamp":"2019-06-20 15:24:51"}
{"level":"info","message":"mqtt成功连接到：ws://test.emq.restoplus.cn:8083/mqtt","timestamp":"2019-06-20 15:27:24"}
{"level":"info","message":"订阅成功--$queue/winPos/+/2f83afee7a0e4822a6729145dd53af33/43be0afc2b544cec87568b7247841107/+/+/+","timestamp":"2019-06-20 15:27:24"}
{"level":"info","message":"允许接收的平台=>posAdmin-dev,resto-dev","timestamp":"2019-06-20 15:27:24"}
{"level":"error","message":"==mqtt==close==你已断开连接,异常退出","timestamp":"2019-06-20 15:27:43"}
{"level":"error","message":"ServiceUnavailableError: Response timeout\n    at IncomingMessage.<anonymous> (/Users/chintec/Documents/node/resto-newpos/node_modules/connect-timeout/index.js:84:8)\n    at emitOne (events.js:116:13)\n    at IncomingMessage.emit (events.js:211:7)\n    at Timeout._onTimeout (/Users/chintec/Documents/node/resto-newpos/node_modules/connect-timeout/index.js:49:11)\n    at ontimeout (timers.js:475:11)\n    at tryOnTimeout (timers.js:310:5)\n    at Timer.listOnTimeout (timers.js:270:5)","timestamp":"2019-06-20 15:27:54"}
{"level":"error","message":"==mqtt==reconnect==正在尝试重新连接","timestamp":"2019-06-20 15:27:58"}
{"level":"info","message":"mqtt成功连接到：ws://test.emq.restoplus.cn:8083/mqtt","timestamp":"2019-06-20 15:27:58"}
{"level":"info","message":"订阅成功--$queue/winPos/+/2f83afee7a0e4822a6729145dd53af33/43be0afc2b544cec87568b7247841107/+/+/+","timestamp":"2019-06-20 15:27:58"}
{"level":"info","message":"允许接收的平台=>posAdmin-dev,resto-dev","timestamp":"2019-06-20 15:27:58"}
{"level":"info","message":"启动离线订单检测！间隔180000","timestamp":"2019-06-20 15:30:00"}
{"level":"info","message":"没有需要同步的订单！","timestamp":"2019-06-20 15:30:00"}
{"level":"info","message":"GET /business/report 60 2019-06-20 15:32:52","timestamp":"2019-06-20 15:32:52"}
{"level":"info","message":"启动离线订单检测！间隔180000","timestamp":"2019-06-20 15:33:00"}
{"level":"info","message":"没有需要同步的订单！","timestamp":"2019-06-20 15:33:00"}
{"level":"info","message":"GET /system/info 40 2019-06-20 15:33:01","timestamp":"2019-06-20 15:33:01"}
{"level":"info","message":"GET /on/line/state 0 2019-06-20 15:33:01","timestamp":"2019-06-20 15:33:01"}
{"level":"info","message":"GET /business/report 31 2019-06-20 15:33:01","timestamp":"2019-06-20 15:33:01"}
{"level":"info","message":"GET /business/open_payment_review 8 2019-06-20 15:33:10","timestamp":"2019-06-20 15:33:10"}
{"level":"info","message":"GET /business/payment_list 38 2019-06-20 15:33:13","timestamp":"2019-06-20 15:33:13"}
{"level":"info","message":"POST /business/check 157 2019-06-20 15:33:18","timestamp":"2019-06-20 15:33:18"}
{"level":"info","message":"mqtt成功连接到：ws://test.emq.restoplus.cn:8083/mqtt","timestamp":"2019-06-20 15:35:05"}
{"level":"info","message":"订阅成功--$queue/winPos/+/2f83afee7a0e4822a6729145dd53af33/43be0afc2b544cec87568b7247841107/+/+/+","timestamp":"2019-06-20 15:35:05"}
{"level":"info","message":"允许接收的平台=>posAdmin-dev,resto-dev","timestamp":"2019-06-20 15:35:05"}
{"level":"error","message":"ServiceUnavailableError: Response timeout\n    at IncomingMessage.<anonymous> (/Users/chintec/Documents/node/resto-newpos/node_modules/connect-timeout/index.js:84:8)\n    at emitOne (events.js:116:13)\n    at IncomingMessage.emit (events.js:211:7)\n    at Timeout._onTimeout (/Users/chintec/Documents/node/resto-newpos/node_modules/connect-timeout/index.js:49:11)\n    at ontimeout (timers.js:475:11)\n    at tryOnTimeout (timers.js:310:5)\n    at Timer.listOnTimeout (timers.js:270:5)","timestamp":"2019-06-20 15:35:36"}
{"level":"info","message":"GET /system/info 115 2019-06-20 15:37:12","timestamp":"2019-06-20 15:37:12"}
{"level":"info","message":"GET /on/line/state 1 2019-06-20 15:37:12","timestamp":"2019-06-20 15:37:12"}
{"level":"info","message":"GET /business/report 56 2019-06-20 15:37:12","timestamp":"2019-06-20 15:37:12"}
{"level":"info","message":"GET /business/open_payment_review 76 2019-06-20 15:37:15","timestamp":"2019-06-20 15:37:15"}
{"level":"info","message":"GET /business/payment_list 62 2019-06-20 15:37:19","timestamp":"2019-06-20 15:37:19"}
{"level":"info","message":"POST /business/check 140 2019-06-20 15:37:22","timestamp":"2019-06-20 15:37:22"}
{"level":"info","message":"启动离线订单检测！间隔180000","timestamp":"2019-06-20 15:37:44"}
{"level":"info","message":"没有需要同步的订单！","timestamp":"2019-06-20 15:37:44"}
{"level":"info","message":"启动离线订单检测！间隔180000","timestamp":"2019-06-20 15:40:44"}
{"level":"info","message":"没有需要同步的订单！","timestamp":"2019-06-20 15:40:44"}
{"level":"info","message":"启动离线订单检测！间隔180000","timestamp":"2019-06-20 15:43:44"}
{"level":"info","message":"没有需要同步的订单！","timestamp":"2019-06-20 15:43:44"}
{"level":"info","message":"GET /system/info 7 2019-06-20 15:45:15","timestamp":"2019-06-20 15:45:15"}
{"level":"info","message":"GET /on/line/state 1 2019-06-20 15:45:15","timestamp":"2019-06-20 15:45:15"}
{"level":"info","message":"GET /business/report 34 2019-06-20 15:45:15","timestamp":"2019-06-20 15:45:15"}
{"level":"info","message":"启动离线订单检测！间隔180000","timestamp":"2019-06-20 15:46:44"}
{"level":"info","message":"没有需要同步的订单！","timestamp":"2019-06-20 15:46:44"}
{"level":"info","message":"GET /system/info 62 2019-06-20 15:48:55","timestamp":"2019-06-20 15:48:55"}
{"level":"info","message":"GET /on/line/state 1 2019-06-20 15:48:55","timestamp":"2019-06-20 15:48:55"}
{"level":"info","message":"GET /system/info 4 2019-06-20 15:49:12","timestamp":"2019-06-20 15:49:12"}
{"level":"info","message":"GET /on/line/state 0 2019-06-20 15:49:12","timestamp":"2019-06-20 15:49:12"}
{"level":"info","message":"GET /business/report 20 2019-06-20 15:49:12","timestamp":"2019-06-20 15:49:12"}
{"level":"info","message":"启动离线订单检测！间隔180000","timestamp":"2019-06-20 15:49:44"}
{"level":"info","message":"没有需要同步的订单！","timestamp":"2019-06-20 15:49:44"}
{"level":"info","message":"GET /system/info 6 2019-06-20 15:50:42","timestamp":"2019-06-20 15:50:42"}
{"level":"info","message":"GET /on/line/state 1 2019-06-20 15:50:43","timestamp":"2019-06-20 15:50:43"}
{"level":"info","message":"GET /business/report 27 2019-06-20 15:50:43","timestamp":"2019-06-20 15:50:43"}
{"level":"info","message":"GET /business/open_payment_review 1 2019-06-20 15:50:43","timestamp":"2019-06-20 15:50:43"}
{"level":"info","message":"GET /business/payment_list 18 2019-06-20 15:50:48","timestamp":"2019-06-20 15:50:48"}
{"level":"info","message":"POST /business/check 144 2019-06-20 15:50:51","timestamp":"2019-06-20 15:50:51"}
{"level":"info","message":"GET /business/check_success 3 2019-06-20 15:50:53","timestamp":"2019-06-20 15:50:53"}
{"level":"info","message":"GET /business/check_success 1 2019-06-20 15:50:59","timestamp":"2019-06-20 15:50:59"}
{"level":"info","message":"GET /business/check_success 1 2019-06-20 15:51:06","timestamp":"2019-06-20 15:51:06"}
{"level":"error","message":"resource \"GET:/%E6%89%93%E5%8D%B0%E7%AA%97%E5%8F%A3\" not found","timestamp":"2019-06-20 15:51:09"}
{"level":"info","message":"GET /%E6%89%93%E5%8D%B0%E7%AA%97%E5%8F%A3 2 2019-06-20 15:51:09","timestamp":"2019-06-20 15:51:09"}
{"level":"info","message":"POST /business/check/print 31 2019-06-20 15:51:09","timestamp":"2019-06-20 15:51:09"}
{"level":"info","message":"GET /business/open_payment_review 2 2019-06-20 15:51:53","timestamp":"2019-06-20 15:51:53"}
{"level":"info","message":"GET /business/payment_list 16 2019-06-20 15:51:57","timestamp":"2019-06-20 15:51:57"}
{"level":"info","message":"POST /business/check 102 2019-06-20 15:52:01","timestamp":"2019-06-20 15:52:01"}
{"level":"info","message":"GET /business/check_success 2 2019-06-20 15:52:03","timestamp":"2019-06-20 15:52:03"}
{"level":"error","message":"resource \"GET:/%E6%89%93%E5%8D%B0%E7%AA%97%E5%8F%A3\" not found","timestamp":"2019-06-20 15:52:19"}
{"level":"info","message":"GET /%E6%89%93%E5%8D%B0%E7%AA%97%E5%8F%A3 1 2019-06-20 15:52:19","timestamp":"2019-06-20 15:52:19"}
{"level":"info","message":"POST /business/check/print 29 2019-06-20 15:52:19","timestamp":"2019-06-20 15:52:19"}
{"level":"info","message":"启动离线订单检测！间隔180000","timestamp":"2019-06-20 15:52:44"}
{"level":"info","message":"没有需要同步的订单！","timestamp":"2019-06-20 15:52:44"}
{"level":"info","message":"DELETE /user/logout 2 2019-06-20 15:53:49","timestamp":"2019-06-20 15:53:49"}
{"level":"info","message":"GET /on/line/state 0 2019-06-20 15:53:49","timestamp":"2019-06-20 15:53:49"}
{"level":"info","message":"GET /user/normal/list 7 2019-06-20 15:53:49","timestamp":"2019-06-20 15:53:49"}
{"level":"info","message":"开始同步库存数据","timestamp":"2019-06-20 15:53:54"}
{"level":"info","message":"POST /user/login 45 2019-06-20 15:53:54","timestamp":"2019-06-20 15:53:54"}
{"level":"info","message":"同步库存数据开始!","timestamp":"2019-06-20 15:53:55"}
{"level":"info","message":"GET /on/line/state 1 2019-06-20 15:53:55","timestamp":"2019-06-20 15:53:55"}
{"level":"info","message":"GET /order/order_state_count 16 2019-06-20 15:53:55","timestamp":"2019-06-20 15:53:55"}
{"level":"info","message":"GET /area 39 2019-06-20 15:53:55","timestamp":"2019-06-20 15:53:55"}
{"level":"info","message":"GET /table/list 42 2019-06-20 15:53:55","timestamp":"2019-06-20 15:53:55"}
{"level":"info","message":"同步库存数据完成!","timestamp":"2019-06-20 15:53:55"}
{"level":"info","message":"GET /order/detail 13 2019-06-20 15:53:55","timestamp":"2019-06-20 15:53:55"}
{"level":"info","message":"GET /order/get_order_test 14 2019-06-20 15:53:55","timestamp":"2019-06-20 15:53:55"}
{"level":"info","message":"GET /order/get_order_test 3 2019-06-20 15:53:55","timestamp":"2019-06-20 15:53:55"}
{"level":"info","message":"GET /business/report 15 2019-06-20 15:53:57","timestamp":"2019-06-20 15:53:57"}
{"level":"info","message":"GET /business/open_payment_review 1 2019-06-20 15:53:59","timestamp":"2019-06-20 15:53:59"}
{"level":"info","message":"GET /business/payment_list 15 2019-06-20 15:54:03","timestamp":"2019-06-20 15:54:03"}
{"level":"info","message":"POST /business/check 148 2019-06-20 15:54:06","timestamp":"2019-06-20 15:54:06"}
{"level":"info","message":"GET /business/check_success 5 2019-06-20 15:54:07","timestamp":"2019-06-20 15:54:07"}
{"level":"error","message":"resource \"GET:/%E6%89%93%E5%8D%B0%E7%AA%97%E5%8F%A3\" not found","timestamp":"2019-06-20 15:54:12"}
{"level":"info","message":"GET /%E6%89%93%E5%8D%B0%E7%AA%97%E5%8F%A3 1 2019-06-20 15:54:12","timestamp":"2019-06-20 15:54:12"}
{"level":"info","message":"POST /business/check/print 31 2019-06-20 15:54:12","timestamp":"2019-06-20 15:54:12"}
{"level":"info","message":"启动离线订单检测！间隔180000","timestamp":"2019-06-20 15:55:44"}
{"level":"info","message":"没有需要同步的订单！","timestamp":"2019-06-20 15:55:44"}
{"level":"info","message":"启动离线订单检测！间隔180000","timestamp":"2019-06-20 15:58:44"}
{"level":"info","message":"没有需要同步的订单！","timestamp":"2019-06-20 15:58:44"}
