{"level":"info","message":"mqtt成功连接到：ws://test.emq.restoplus.cn:8083/mqtt","timestamp":"2019-06-18 10:07:08"}
{"level":"info","message":"订阅成功--$queue/winPos/+/2f83afee7a0e4822a6729145dd53af33/43be0afc2b544cec87568b7247841107/+/+/+","timestamp":"2019-06-18 10:07:13"}
{"level":"info","message":"允许接收的平台=>posAdmin-dev,resto-dev","timestamp":"2019-06-18 10:07:13"}
{"level":"info","message":"GET /system/info 169 2019-06-18 10:08:46","timestamp":"2019-06-18 10:08:46"}
{"level":"info","message":"GET /on/line/state 1 2019-06-18 10:08:47","timestamp":"2019-06-18 10:08:47"}
{"level":"info","message":"GET /order/order_state_count 46 2019-06-18 10:08:47","timestamp":"2019-06-18 10:08:47"}
{"level":"info","message":"GET /area 37 2019-06-18 10:08:47","timestamp":"2019-06-18 10:08:47"}
{"level":"info","message":"GET /order/detail 35 2019-06-18 10:08:47","timestamp":"2019-06-18 10:08:47"}
{"level":"info","message":"GET /table/list 22 2019-06-18 10:08:47","timestamp":"2019-06-18 10:08:47"}
{"level":"info","message":"GET /on/line/state 1 2019-06-18 10:08:47","timestamp":"2019-06-18 10:08:47"}
{"level":"info","message":"GET /user/normal/list 5 2019-06-18 10:08:47","timestamp":"2019-06-18 10:08:47"}
{"level":"info","message":"POST /user/login 3 2019-06-18 10:08:58","timestamp":"2019-06-18 10:08:58"}
{"level":"info","message":"POST /user/login 73 2019-06-18 10:09:00","timestamp":"2019-06-18 10:09:00"}
{"level":"info","message":"GET /on/line/state 1 2019-06-18 10:09:00","timestamp":"2019-06-18 10:09:00"}
{"level":"info","message":"GET /order/order_state_count 14 2019-06-18 10:09:00","timestamp":"2019-06-18 10:09:00"}
{"level":"info","message":"GET /area 14 2019-06-18 10:09:00","timestamp":"2019-06-18 10:09:00"}
{"level":"info","message":"GET /table/list 16 2019-06-18 10:09:00","timestamp":"2019-06-18 10:09:00"}
{"level":"info","message":"GET /system/info 27 2019-06-18 10:09:00","timestamp":"2019-06-18 10:09:00"}
{"level":"info","message":"GET /system/info 7 2019-06-18 10:09:00","timestamp":"2019-06-18 10:09:00"}
{"level":"info","message":"GET /system/info 3 2019-06-18 11:10:43","timestamp":"2019-06-18 11:10:43"}
{"level":"info","message":"GET /order/order_state_count 5 2019-06-18 11:10:43","timestamp":"2019-06-18 11:10:43"}
{"level":"info","message":"GET /area 5 2019-06-18 11:10:43","timestamp":"2019-06-18 11:10:43"}
{"level":"info","message":"GET /on/line/state 1 2019-06-18 11:10:43","timestamp":"2019-06-18 11:10:43"}
{"level":"info","message":"GET /table/list 6 2019-06-18 11:10:43","timestamp":"2019-06-18 11:10:43"}
{"level":"info","message":"POST /bind/table 120 2019-06-18 11:14:25","timestamp":"2019-06-18 11:14:25"}
{"level":"info","message":"GET /article/family_list 43 2019-06-18 11:14:25","timestamp":"2019-06-18 11:14:25"}
{"level":"info","message":"GET /order/detail 60 2019-06-18 11:14:25","timestamp":"2019-06-18 11:14:25"}
{"level":"info","message":"GET /article/article_list 53 2019-06-18 11:14:25","timestamp":"2019-06-18 11:14:25"}
{"level":"info","message":"POST /push/order 111 2019-06-18 11:14:28","timestamp":"2019-06-18 11:14:28"}
{"level":"info","message":"【/v1/newpos/order/push】==> 下单成功！","timestamp":"2019-06-18 11:14:28"}
{"level":"info","message":"GET /order/order_state_count 188 2019-06-18 11:14:28","timestamp":"2019-06-18 11:14:28"}
{"level":"info","message":"GET /area 177 2019-06-18 11:14:28","timestamp":"2019-06-18 11:14:28"}
{"level":"info","message":"GET /table/list 177 2019-06-18 11:14:28","timestamp":"2019-06-18 11:14:28"}
{"level":"info","message":"GET /order/detail 230 2019-06-18 11:14:28","timestamp":"2019-06-18 11:14:28"}
{"level":"info","message":"GET /order/get_order_test 3 2019-06-18 11:14:29","timestamp":"2019-06-18 11:14:29"}
{"level":"info","message":"GET /system/info 5 2019-06-18 11:14:53","timestamp":"2019-06-18 11:14:53"}
{"level":"info","message":"GET /order/order_state_count 8 2019-06-18 11:14:54","timestamp":"2019-06-18 11:14:54"}
{"level":"info","message":"GET /on/line/state 1 2019-06-18 11:14:54","timestamp":"2019-06-18 11:14:54"}
{"level":"info","message":"GET /area 14 2019-06-18 11:14:54","timestamp":"2019-06-18 11:14:54"}
{"level":"info","message":"GET /table/list 13 2019-06-18 11:14:54","timestamp":"2019-06-18 11:14:54"}
{"level":"info","message":"GET /order/detail 28 2019-06-18 11:14:54","timestamp":"2019-06-18 11:14:54"}
{"level":"info","message":"GET /order/get_order_test 3 2019-06-18 11:14:54","timestamp":"2019-06-18 11:14:54"}
{"level":"info","message":"GET /article/family_list 6 2019-06-18 11:16:50","timestamp":"2019-06-18 11:16:50"}
{"level":"info","message":"GET /order/detail 13 2019-06-18 11:16:50","timestamp":"2019-06-18 11:16:50"}
{"level":"info","message":"GET /article/article_list 11 2019-06-18 11:16:51","timestamp":"2019-06-18 11:16:51"}
{"level":"info","message":"GET /article/article_list 7 2019-06-18 11:16:58","timestamp":"2019-06-18 11:16:58"}
{"level":"info","message":"GET /article/article_list 15 2019-06-18 11:17:00","timestamp":"2019-06-18 11:17:00"}
{"level":"info","message":"GET /article/article_list 7 2019-06-18 11:17:01","timestamp":"2019-06-18 11:17:01"}
{"level":"info","message":"GET /article/article_list 8 2019-06-18 11:17:01","timestamp":"2019-06-18 11:17:01"}
{"level":"info","message":"GET /article/article_list 8 2019-06-18 11:17:02","timestamp":"2019-06-18 11:17:02"}
{"level":"info","message":"GET /article/article_list 6 2019-06-18 11:17:02","timestamp":"2019-06-18 11:17:02"}
{"level":"info","message":"GET /article/family_list 4 2019-06-18 11:19:52","timestamp":"2019-06-18 11:19:52"}
{"level":"info","message":"GET /system/info 6 2019-06-18 11:19:54","timestamp":"2019-06-18 11:19:54"}
{"level":"info","message":"GET /on/line/state 1 2019-06-18 11:19:55","timestamp":"2019-06-18 11:19:55"}
{"level":"info","message":"GET /article/family_list 10 2019-06-18 11:19:55","timestamp":"2019-06-18 11:19:55"}
{"level":"info","message":"GET /order/detail 15 2019-06-18 11:19:55","timestamp":"2019-06-18 11:19:55"}
{"level":"info","message":"GET /article/article_list 8 2019-06-18 11:19:55","timestamp":"2019-06-18 11:19:55"}
{"level":"info","message":"GET /article/family_list 88 2019-06-18 11:20:28","timestamp":"2019-06-18 11:20:28"}
{"level":"info","message":"GET /order/detail 34 2019-06-18 11:20:28","timestamp":"2019-06-18 11:20:28"}
{"level":"info","message":"GET /system/info 6 2019-06-18 11:20:30","timestamp":"2019-06-18 11:20:30"}
{"level":"info","message":"GET /on/line/state 0 2019-06-18 11:20:31","timestamp":"2019-06-18 11:20:31"}
{"level":"info","message":"GET /article/family_list 5 2019-06-18 11:20:31","timestamp":"2019-06-18 11:20:31"}
{"level":"info","message":"GET /order/detail 14 2019-06-18 11:20:31","timestamp":"2019-06-18 11:20:31"}
{"level":"info","message":"GET /article/article_list 9 2019-06-18 11:20:31","timestamp":"2019-06-18 11:20:31"}
{"level":"info","message":"GET /system/info 7 2019-06-18 11:22:54","timestamp":"2019-06-18 11:22:54"}
{"level":"info","message":"GET /on/line/state 0 2019-06-18 11:22:54","timestamp":"2019-06-18 11:22:54"}
{"level":"info","message":"GET /article/family_list 7 2019-06-18 11:22:54","timestamp":"2019-06-18 11:22:54"}
{"level":"info","message":"GET /order/detail 10 2019-06-18 11:22:54","timestamp":"2019-06-18 11:22:54"}
{"level":"info","message":"GET /article/article_list 12 2019-06-18 11:22:55","timestamp":"2019-06-18 11:22:55"}
{"level":"error","message":"==mqtt==close==你已断开连接,异常退出","timestamp":"2019-06-18 13:38:37"}
{"level":"error","message":"==mqtt==reconnect==正在尝试重新连接","timestamp":"2019-06-18 13:38:52"}
{"level":"info","message":"mqtt成功连接到：ws://test.emq.restoplus.cn:8083/mqtt","timestamp":"2019-06-18 13:38:52"}
{"level":"info","message":"订阅成功--$queue/winPos/+/2f83afee7a0e4822a6729145dd53af33/43be0afc2b544cec87568b7247841107/+/+/+","timestamp":"2019-06-18 13:38:52"}
{"level":"info","message":"允许接收的平台=>posAdmin-dev,resto-dev","timestamp":"2019-06-18 13:38:52"}
{"level":"info","message":"GET /system/info 7 2019-06-18 15:36:46","timestamp":"2019-06-18 15:36:46"}
{"level":"info","message":"GET /article/family_list 6 2019-06-18 15:36:46","timestamp":"2019-06-18 15:36:46"}
{"level":"info","message":"GET /on/line/state 0 2019-06-18 15:36:46","timestamp":"2019-06-18 15:36:46"}
{"level":"info","message":"GET /order/detail 19 2019-06-18 15:36:46","timestamp":"2019-06-18 15:36:46"}
{"level":"info","message":"GET /article/article_list 12 2019-06-18 15:36:46","timestamp":"2019-06-18 15:36:46"}
{"level":"info","message":"GET /system/info 6 2019-06-18 15:37:39","timestamp":"2019-06-18 15:37:39"}
{"level":"info","message":"GET /article/family_list 6 2019-06-18 15:37:39","timestamp":"2019-06-18 15:37:39"}
{"level":"info","message":"GET /on/line/state 0 2019-06-18 15:37:39","timestamp":"2019-06-18 15:37:39"}
{"level":"info","message":"GET /order/detail 16 2019-06-18 15:37:39","timestamp":"2019-06-18 15:37:39"}
{"level":"info","message":"GET /article/article_list 8 2019-06-18 15:37:39","timestamp":"2019-06-18 15:37:39"}
{"level":"info","message":"GET /system/info 6 2019-06-18 15:38:24","timestamp":"2019-06-18 15:38:24"}
{"level":"info","message":"GET /article/family_list 4 2019-06-18 15:38:24","timestamp":"2019-06-18 15:38:24"}
{"level":"info","message":"GET /on/line/state 0 2019-06-18 15:38:24","timestamp":"2019-06-18 15:38:24"}
{"level":"info","message":"GET /order/detail 16 2019-06-18 15:38:24","timestamp":"2019-06-18 15:38:24"}
{"level":"info","message":"GET /article/article_list 11 2019-06-18 15:38:24","timestamp":"2019-06-18 15:38:24"}
{"level":"info","message":"GET /system/info 69 2019-06-18 15:38:51","timestamp":"2019-06-18 15:38:51"}
{"level":"info","message":"GET /article/family_list 4 2019-06-18 15:38:51","timestamp":"2019-06-18 15:38:51"}
{"level":"info","message":"GET /on/line/state 0 2019-06-18 15:38:51","timestamp":"2019-06-18 15:38:51"}
{"level":"info","message":"GET /order/detail 12 2019-06-18 15:38:51","timestamp":"2019-06-18 15:38:51"}
{"level":"info","message":"GET /article/article_list 9 2019-06-18 15:38:51","timestamp":"2019-06-18 15:38:51"}
{"level":"info","message":"GET /system/info 4 2019-06-18 15:40:56","timestamp":"2019-06-18 15:40:56"}
{"level":"info","message":"GET /on/line/state 1 2019-06-18 15:40:56","timestamp":"2019-06-18 15:40:56"}
{"level":"info","message":"GET /article/family_list 12 2019-06-18 15:40:56","timestamp":"2019-06-18 15:40:56"}
{"level":"info","message":"GET /order/detail 22 2019-06-18 15:40:56","timestamp":"2019-06-18 15:40:56"}
{"level":"info","message":"GET /article/article_list 7 2019-06-18 15:40:56","timestamp":"2019-06-18 15:40:56"}
{"level":"info","message":"GET /system/info 5 2019-06-18 15:41:25","timestamp":"2019-06-18 15:41:25"}
{"level":"info","message":"GET /on/line/state 0 2019-06-18 15:41:25","timestamp":"2019-06-18 15:41:25"}
{"level":"info","message":"GET /article/family_list 9 2019-06-18 15:41:25","timestamp":"2019-06-18 15:41:25"}
{"level":"info","message":"GET /order/detail 10 2019-06-18 15:41:25","timestamp":"2019-06-18 15:41:25"}
{"level":"info","message":"GET /article/article_list 8 2019-06-18 15:41:26","timestamp":"2019-06-18 15:41:26"}
{"level":"info","message":"GET /system/info 3 2019-06-18 15:44:11","timestamp":"2019-06-18 15:44:11"}
{"level":"info","message":"GET /on/line/state 1 2019-06-18 15:44:11","timestamp":"2019-06-18 15:44:11"}
{"level":"info","message":"GET /article/family_list 28 2019-06-18 15:44:11","timestamp":"2019-06-18 15:44:11"}
{"level":"info","message":"GET /order/detail 37 2019-06-18 15:44:11","timestamp":"2019-06-18 15:44:11"}
{"level":"info","message":"GET /article/article_list 15 2019-06-18 15:44:11","timestamp":"2019-06-18 15:44:11"}
{"level":"info","message":"DELETE /user/logout 2 2019-06-18 15:44:13","timestamp":"2019-06-18 15:44:13"}
{"level":"info","message":"GET /user/normal/list 2 2019-06-18 15:44:13","timestamp":"2019-06-18 15:44:13"}
{"level":"info","message":"GET /on/line/state 0 2019-06-18 15:44:13","timestamp":"2019-06-18 15:44:13"}
{"level":"info","message":"开始同步库存数据","timestamp":"2019-06-18 15:44:32"}
{"level":"info","message":"POST /user/login 11 2019-06-18 15:44:32","timestamp":"2019-06-18 15:44:32"}
{"level":"info","message":"同步库存数据开始!","timestamp":"2019-06-18 15:44:32"}
{"level":"info","message":"GET /on/line/state 1 2019-06-18 15:44:32","timestamp":"2019-06-18 15:44:32"}
{"level":"info","message":"GET /order/order_state_count 13 2019-06-18 15:44:32","timestamp":"2019-06-18 15:44:32"}
{"level":"info","message":"GET /area 13 2019-06-18 15:44:32","timestamp":"2019-06-18 15:44:32"}
{"level":"info","message":"GET /table/list 14 2019-06-18 15:44:32","timestamp":"2019-06-18 15:44:32"}
{"level":"info","message":"同步库存数据完成!","timestamp":"2019-06-18 15:44:32"}
{"level":"info","message":"GET /order/get_order_test 12 2019-06-18 15:44:32","timestamp":"2019-06-18 15:44:32"}
{"level":"info","message":"GET /order/detail 17 2019-06-18 15:44:32","timestamp":"2019-06-18 15:44:32"}
{"level":"info","message":"GET /order/get_order_test 3 2019-06-18 15:44:32","timestamp":"2019-06-18 15:44:32"}
{"level":"info","message":"GET /system/info 2 2019-06-18 15:45:24","timestamp":"2019-06-18 15:45:24"}
{"level":"info","message":"GET /order/order_state_count 5 2019-06-18 15:45:25","timestamp":"2019-06-18 15:45:25"}
{"level":"info","message":"GET /area 3 2019-06-18 15:45:25","timestamp":"2019-06-18 15:45:25"}
{"level":"info","message":"GET /on/line/state 1 2019-06-18 15:45:25","timestamp":"2019-06-18 15:45:25"}
{"level":"info","message":"GET /table/list 13 2019-06-18 15:45:25","timestamp":"2019-06-18 15:45:25"}
{"level":"info","message":"GET /order/detail 27 2019-06-18 15:45:25","timestamp":"2019-06-18 15:45:25"}
{"level":"info","message":"GET /order/get_order_test 3 2019-06-18 15:45:25","timestamp":"2019-06-18 15:45:25"}
{"level":"info","message":"GET /system/info 3 2019-06-18 15:45:45","timestamp":"2019-06-18 15:45:45"}
{"level":"info","message":"GET /on/line/state 1 2019-06-18 15:45:45","timestamp":"2019-06-18 15:45:45"}
{"level":"info","message":"GET /order/order_state_count 27 2019-06-18 15:45:45","timestamp":"2019-06-18 15:45:45"}
{"level":"info","message":"GET /area 26 2019-06-18 15:45:45","timestamp":"2019-06-18 15:45:45"}
{"level":"info","message":"GET /table/list 24 2019-06-18 15:45:45","timestamp":"2019-06-18 15:45:45"}
{"level":"info","message":"GET /order/detail 40 2019-06-18 15:45:45","timestamp":"2019-06-18 15:45:45"}
{"level":"info","message":"GET /order/get_order_test 3 2019-06-18 15:45:45","timestamp":"2019-06-18 15:45:45"}
{"level":"info","message":"GET /system/info 4 2019-06-18 15:46:11","timestamp":"2019-06-18 15:46:11"}
{"level":"info","message":"GET /on/line/state 1 2019-06-18 15:46:11","timestamp":"2019-06-18 15:46:11"}
{"level":"info","message":"GET /order/order_state_count 13 2019-06-18 15:46:11","timestamp":"2019-06-18 15:46:11"}
{"level":"info","message":"GET /area 10 2019-06-18 15:46:11","timestamp":"2019-06-18 15:46:11"}
{"level":"info","message":"GET /table/list 10 2019-06-18 15:46:11","timestamp":"2019-06-18 15:46:11"}
{"level":"info","message":"GET /order/detail 19 2019-06-18 15:46:11","timestamp":"2019-06-18 15:46:11"}
{"level":"info","message":"GET /order/get_order_test 3 2019-06-18 15:46:12","timestamp":"2019-06-18 15:46:12"}
{"level":"info","message":"GET /remark/order/refund 23 2019-06-18 15:46:17","timestamp":"2019-06-18 15:46:17"}
{"level":"info","message":"GET /system/info 2 2019-06-18 15:46:50","timestamp":"2019-06-18 15:46:50"}
{"level":"info","message":"GET /order/order_state_count 10 2019-06-18 15:46:50","timestamp":"2019-06-18 15:46:50"}
{"level":"info","message":"GET /on/line/state 1 2019-06-18 15:46:50","timestamp":"2019-06-18 15:46:50"}
{"level":"info","message":"GET /area 21 2019-06-18 15:46:50","timestamp":"2019-06-18 15:46:50"}
{"level":"info","message":"GET /table/list 12 2019-06-18 15:46:50","timestamp":"2019-06-18 15:46:50"}
{"level":"info","message":"GET /order/detail 33 2019-06-18 15:46:50","timestamp":"2019-06-18 15:46:50"}
{"level":"info","message":"GET /order/get_order_test 3 2019-06-18 15:46:51","timestamp":"2019-06-18 15:46:51"}
{"level":"info","message":"GET /system/info 3 2019-06-18 15:48:46","timestamp":"2019-06-18 15:48:46"}
{"level":"info","message":"GET /order/order_state_count 6 2019-06-18 15:48:47","timestamp":"2019-06-18 15:48:47"}
{"level":"info","message":"GET /area 7 2019-06-18 15:48:47","timestamp":"2019-06-18 15:48:47"}
{"level":"info","message":"GET /on/line/state 0 2019-06-18 15:48:47","timestamp":"2019-06-18 15:48:47"}
{"level":"info","message":"GET /table/list 6 2019-06-18 15:48:47","timestamp":"2019-06-18 15:48:47"}
{"level":"info","message":"GET /order/detail 17 2019-06-18 15:48:47","timestamp":"2019-06-18 15:48:47"}
{"level":"info","message":"GET /order/get_order_test 3 2019-06-18 15:48:47","timestamp":"2019-06-18 15:48:47"}
{"level":"info","message":"GET /order/discount_info 2 2019-06-18 15:48:48","timestamp":"2019-06-18 15:48:48"}
{"level":"info","message":"GET /order/detail 14 2019-06-18 15:48:48","timestamp":"2019-06-18 15:48:48"}
{"level":"info","message":"GET /order/detail 20 2019-06-18 15:48:48","timestamp":"2019-06-18 15:48:48"}
{"level":"info","message":"GET /order/order_items 22 2019-06-18 15:48:48","timestamp":"2019-06-18 15:48:48"}
{"level":"info","message":"GET /system/info 8 2019-06-18 15:52:30","timestamp":"2019-06-18 15:52:30"}
{"level":"info","message":"GET /on/line/state 1 2019-06-18 15:52:30","timestamp":"2019-06-18 15:52:30"}
{"level":"info","message":"GET /order/discount_info 4 2019-06-18 15:52:30","timestamp":"2019-06-18 15:52:30"}
{"level":"info","message":"GET /order/detail 12 2019-06-18 15:52:30","timestamp":"2019-06-18 15:52:30"}
{"level":"info","message":"GET /order/detail 4 2019-06-18 15:52:30","timestamp":"2019-06-18 15:52:30"}
{"level":"info","message":"GET /order/order_items 5 2019-06-18 15:52:30","timestamp":"2019-06-18 15:52:30"}
{"level":"info","message":"GET /article/family_list 1 2019-06-18 15:52:52","timestamp":"2019-06-18 15:52:52"}
{"level":"info","message":"GET /article/article_list 11 2019-06-18 15:52:52","timestamp":"2019-06-18 15:52:52"}
{"level":"info","message":"GET /system/info 4 2019-06-18 15:53:10","timestamp":"2019-06-18 15:53:10"}
{"level":"info","message":"GET /on/line/state 1 2019-06-18 15:53:10","timestamp":"2019-06-18 15:53:10"}
{"level":"info","message":"GET /article/family_list 15 2019-06-18 15:53:10","timestamp":"2019-06-18 15:53:10"}
{"level":"info","message":"GET /article/article_list 8 2019-06-18 15:53:10","timestamp":"2019-06-18 15:53:10"}
{"level":"info","message":"GET /system/info 4 2019-06-18 15:53:21","timestamp":"2019-06-18 15:53:21"}
{"level":"info","message":"GET /on/line/state 1 2019-06-18 15:53:21","timestamp":"2019-06-18 15:53:21"}
{"level":"info","message":"GET /article/family_list 7 2019-06-18 15:53:21","timestamp":"2019-06-18 15:53:21"}
{"level":"info","message":"GET /article/article_list 7 2019-06-18 15:53:21","timestamp":"2019-06-18 15:53:21"}
{"level":"info","message":"GET /system/info 3 2019-06-18 15:53:31","timestamp":"2019-06-18 15:53:31"}
{"level":"info","message":"GET /on/line/state 0 2019-06-18 15:53:31","timestamp":"2019-06-18 15:53:31"}
{"level":"info","message":"GET /article/family_list 4 2019-06-18 15:53:31","timestamp":"2019-06-18 15:53:31"}
{"level":"info","message":"GET /article/article_list 7 2019-06-18 15:53:31","timestamp":"2019-06-18 15:53:31"}
{"level":"info","message":"GET /system/info 3 2019-06-18 15:53:36","timestamp":"2019-06-18 15:53:36"}
{"level":"info","message":"GET /on/line/state 1 2019-06-18 15:53:36","timestamp":"2019-06-18 15:53:36"}
{"level":"info","message":"GET /article/family_list 11 2019-06-18 15:53:36","timestamp":"2019-06-18 15:53:36"}
{"level":"info","message":"GET /article/article_list 18 2019-06-18 15:53:36","timestamp":"2019-06-18 15:53:36"}
{"level":"info","message":"GET /system/info 3 2019-06-18 15:54:22","timestamp":"2019-06-18 15:54:22"}
{"level":"info","message":"GET /on/line/state 1 2019-06-18 15:54:22","timestamp":"2019-06-18 15:54:22"}
{"level":"info","message":"GET /article/family_list 3 2019-06-18 15:54:22","timestamp":"2019-06-18 15:54:22"}
{"level":"info","message":"GET /article/article_list 7 2019-06-18 15:54:22","timestamp":"2019-06-18 15:54:22"}
{"level":"info","message":"GET /business/report 17 2019-06-18 15:54:26","timestamp":"2019-06-18 15:54:26"}
{"level":"info","message":"GET /system/info 6 2019-06-18 15:54:49","timestamp":"2019-06-18 15:54:49"}
{"level":"info","message":"GET /on/line/state 0 2019-06-18 15:54:49","timestamp":"2019-06-18 15:54:49"}
{"level":"info","message":"GET /business/report 10 2019-06-18 15:54:49","timestamp":"2019-06-18 15:54:49"}
{"level":"info","message":"GET /system/info 5 2019-06-18 15:56:54","timestamp":"2019-06-18 15:56:54"}
{"level":"info","message":"GET /on/line/state 0 2019-06-18 15:56:55","timestamp":"2019-06-18 15:56:55"}
{"level":"info","message":"GET /business/report 18 2019-06-18 15:56:55","timestamp":"2019-06-18 15:56:55"}
{"level":"info","message":"GET /system/info 2 2019-06-18 15:56:55","timestamp":"2019-06-18 15:56:55"}
{"level":"info","message":"GET /on/line/state 1 2019-06-18 15:56:56","timestamp":"2019-06-18 15:56:56"}
{"level":"info","message":"GET /business/report 9 2019-06-18 15:56:56","timestamp":"2019-06-18 15:56:56"}
{"level":"info","message":"GET /article/family_list 2 2019-06-18 15:57:05","timestamp":"2019-06-18 15:57:05"}
{"level":"info","message":"GET /article/article_list 7 2019-06-18 15:57:05","timestamp":"2019-06-18 15:57:05"}
{"level":"info","message":"GET /order/order_state_count 6 2019-06-18 15:57:07","timestamp":"2019-06-18 15:57:07"}
{"level":"info","message":"GET /area 5 2019-06-18 15:57:07","timestamp":"2019-06-18 15:57:07"}
{"level":"info","message":"GET /table/list 6 2019-06-18 15:57:07","timestamp":"2019-06-18 15:57:07"}
{"level":"info","message":"GET /order/get_order_test 7 2019-06-18 15:57:07","timestamp":"2019-06-18 15:57:07"}
{"level":"info","message":"GET /order/detail 13 2019-06-18 15:57:07","timestamp":"2019-06-18 15:57:07"}
{"level":"info","message":"GET /order/get_order_test 5 2019-06-18 15:57:07","timestamp":"2019-06-18 15:57:07"}
{"level":"info","message":"GET /order/get_order_test 4 2019-06-18 15:57:11","timestamp":"2019-06-18 15:57:11"}
{"level":"info","message":"GET /order/detail 6 2019-06-18 15:57:11","timestamp":"2019-06-18 15:57:11"}
{"level":"info","message":"GET /order/order_state_count 2 2019-06-18 15:57:22","timestamp":"2019-06-18 15:57:22"}
{"level":"info","message":"GET /order/no_pay 2 2019-06-18 15:57:23","timestamp":"2019-06-18 15:57:23"}
{"level":"info","message":"GET /order/get_order_test 8 2019-06-18 15:57:23","timestamp":"2019-06-18 15:57:23"}
{"level":"info","message":"GET /order/detail 13 2019-06-18 15:57:23","timestamp":"2019-06-18 15:57:23"}
{"level":"info","message":"GET /table/list 5 2019-06-18 15:57:24","timestamp":"2019-06-18 15:57:24"}
{"level":"info","message":"GET /order/order_state_count 8 2019-06-18 15:57:24","timestamp":"2019-06-18 15:57:24"}
{"level":"info","message":"GET /order/get_order_test 7 2019-06-18 15:57:24","timestamp":"2019-06-18 15:57:24"}
{"level":"info","message":"GET /order/detail 10 2019-06-18 15:57:24","timestamp":"2019-06-18 15:57:24"}
{"level":"info","message":"GET /order/no_pay 2 2019-06-18 15:57:57","timestamp":"2019-06-18 15:57:57"}
{"level":"info","message":"GET /order/order_state_count 4 2019-06-18 15:57:57","timestamp":"2019-06-18 15:57:57"}
{"level":"info","message":"GET /order/get_order_test 6 2019-06-18 15:57:57","timestamp":"2019-06-18 15:57:57"}
{"level":"info","message":"GET /order/detail 10 2019-06-18 15:57:57","timestamp":"2019-06-18 15:57:57"}
{"level":"info","message":"GET /table/list 19 2019-06-18 15:57:58","timestamp":"2019-06-18 15:57:58"}
{"level":"info","message":"GET /order/order_state_count 8 2019-06-18 15:57:58","timestamp":"2019-06-18 15:57:58"}
{"level":"info","message":"GET /order/get_order_test 5 2019-06-18 15:57:58","timestamp":"2019-06-18 15:57:58"}
{"level":"info","message":"GET /order/detail 11 2019-06-18 15:57:58","timestamp":"2019-06-18 15:57:58"}
{"level":"info","message":"GET /article/family_list 3 2019-06-18 15:58:01","timestamp":"2019-06-18 15:58:01"}
{"level":"info","message":"GET /order/detail 10 2019-06-18 15:58:01","timestamp":"2019-06-18 15:58:01"}
{"level":"info","message":"GET /article/article_list 15 2019-06-18 15:58:01","timestamp":"2019-06-18 15:58:01"}
{"level":"info","message":"GET /order/order_state_count 9 2019-06-18 15:58:04","timestamp":"2019-06-18 15:58:04"}
{"level":"info","message":"GET /area 7 2019-06-18 15:58:04","timestamp":"2019-06-18 15:58:04"}
{"level":"info","message":"GET /table/list 8 2019-06-18 15:58:04","timestamp":"2019-06-18 15:58:04"}
{"level":"info","message":"GET /order/detail 23 2019-06-18 15:58:04","timestamp":"2019-06-18 15:58:04"}
{"level":"info","message":"GET /order/get_order_test 5 2019-06-18 15:58:05","timestamp":"2019-06-18 15:58:05"}
{"level":"info","message":"GET /order/discount_info 2 2019-06-18 15:58:06","timestamp":"2019-06-18 15:58:06"}
{"level":"info","message":"GET /order/detail 8 2019-06-18 15:58:06","timestamp":"2019-06-18 15:58:06"}
{"level":"info","message":"GET /order/detail 8 2019-06-18 15:58:06","timestamp":"2019-06-18 15:58:06"}
{"level":"info","message":"GET /order/order_items 14 2019-06-18 15:58:06","timestamp":"2019-06-18 15:58:06"}
{"level":"info","message":"GET /order/order_state_count 9 2019-06-18 15:58:10","timestamp":"2019-06-18 15:58:10"}
{"level":"info","message":"GET /area 6 2019-06-18 15:58:10","timestamp":"2019-06-18 15:58:10"}
{"level":"info","message":"GET /table/list 5 2019-06-18 15:58:10","timestamp":"2019-06-18 15:58:10"}
{"level":"info","message":"GET /order/get_order_test 10 2019-06-18 15:58:10","timestamp":"2019-06-18 15:58:10"}
{"level":"info","message":"GET /order/detail 16 2019-06-18 15:58:10","timestamp":"2019-06-18 15:58:10"}
{"level":"info","message":"GET /order/get_order_test 4 2019-06-18 15:58:10","timestamp":"2019-06-18 15:58:10"}
{"level":"info","message":"GET /article/family_list 3 2019-06-18 15:58:10","timestamp":"2019-06-18 15:58:10"}
{"level":"info","message":"GET /article/article_list 8 2019-06-18 15:58:10","timestamp":"2019-06-18 15:58:10"}
{"level":"info","message":"GET /business/report 5 2019-06-18 15:58:11","timestamp":"2019-06-18 15:58:11"}
{"level":"info","message":"GET /order/order_state_count 9 2019-06-18 15:58:12","timestamp":"2019-06-18 15:58:12"}
{"level":"info","message":"GET /area 9 2019-06-18 15:58:12","timestamp":"2019-06-18 15:58:12"}
{"level":"info","message":"GET /table/list 10 2019-06-18 15:58:12","timestamp":"2019-06-18 15:58:12"}
{"level":"info","message":"GET /order/detail 10 2019-06-18 15:58:12","timestamp":"2019-06-18 15:58:12"}
{"level":"info","message":"GET /order/get_order_test 5 2019-06-18 15:58:12","timestamp":"2019-06-18 15:58:12"}
{"level":"info","message":"GET /order/get_order_test 2 2019-06-18 15:58:12","timestamp":"2019-06-18 15:58:12"}
{"level":"info","message":"GET /order/get_order_test 9 2019-06-18 15:58:13","timestamp":"2019-06-18 15:58:13"}
{"level":"info","message":"GET /order/detail 12 2019-06-18 15:58:13","timestamp":"2019-06-18 15:58:13"}
{"level":"info","message":"GET /order/order_items 12 2019-06-18 15:58:36","timestamp":"2019-06-18 15:58:36"}
{"level":"info","message":"GET /order/discount_info 4 2019-06-18 15:58:36","timestamp":"2019-06-18 15:58:36"}
{"level":"info","message":"GET /order/detail 13 2019-06-18 15:58:36","timestamp":"2019-06-18 15:58:36"}
{"level":"info","message":"GET /order/detail 9 2019-06-18 15:58:36","timestamp":"2019-06-18 15:58:36"}
{"level":"info","message":"GET /order/order_state_count 7 2019-06-18 15:59:17","timestamp":"2019-06-18 15:59:17"}
{"level":"info","message":"GET /area 4 2019-06-18 15:59:17","timestamp":"2019-06-18 15:59:17"}
{"level":"info","message":"GET /table/list 5 2019-06-18 15:59:17","timestamp":"2019-06-18 15:59:17"}
{"level":"info","message":"GET /order/get_order_test 11 2019-06-18 15:59:17","timestamp":"2019-06-18 15:59:17"}
{"level":"info","message":"GET /order/detail 15 2019-06-18 15:59:17","timestamp":"2019-06-18 15:59:17"}
{"level":"info","message":"GET /order/get_order_test 3 2019-06-18 15:59:17","timestamp":"2019-06-18 15:59:17"}
{"level":"info","message":"GET /order/order_state_count 5 2019-06-18 15:59:24","timestamp":"2019-06-18 15:59:24"}
{"level":"info","message":"GET /order/wait_and_nopay 2 2019-06-18 15:59:24","timestamp":"2019-06-18 15:59:24"}
{"level":"info","message":"GET /order/order_state_count 8 2019-06-18 15:59:26","timestamp":"2019-06-18 15:59:26"}
{"level":"info","message":"GET /area 6 2019-06-18 15:59:26","timestamp":"2019-06-18 15:59:26"}
{"level":"info","message":"GET /table/list 5 2019-06-18 15:59:26","timestamp":"2019-06-18 15:59:26"}
{"level":"info","message":"GET /order/get_order_test 12 2019-06-18 15:59:26","timestamp":"2019-06-18 15:59:26"}
{"level":"info","message":"GET /order/detail 16 2019-06-18 15:59:26","timestamp":"2019-06-18 15:59:26"}
{"level":"info","message":"GET /order/get_order_test 5 2019-06-18 15:59:26","timestamp":"2019-06-18 15:59:26"}
{"level":"info","message":"GET /order/order_state_count 11 2019-06-18 15:59:26","timestamp":"2019-06-18 15:59:26"}
{"level":"info","message":"GET /order/wait_and_nopay 7 2019-06-18 15:59:26","timestamp":"2019-06-18 15:59:26"}
{"level":"info","message":"GET /order/order_state_count 7 2019-06-18 15:59:27","timestamp":"2019-06-18 15:59:27"}
{"level":"info","message":"GET /area 7 2019-06-18 15:59:27","timestamp":"2019-06-18 15:59:27"}
{"level":"info","message":"GET /table/list 5 2019-06-18 15:59:27","timestamp":"2019-06-18 15:59:27"}
{"level":"info","message":"GET /order/get_order_test 8 2019-06-18 15:59:27","timestamp":"2019-06-18 15:59:27"}
{"level":"info","message":"GET /order/detail 13 2019-06-18 15:59:27","timestamp":"2019-06-18 15:59:27"}
{"level":"info","message":"GET /order/get_order_test 2 2019-06-18 15:59:28","timestamp":"2019-06-18 15:59:28"}
{"level":"info","message":"GET /order/order_state_count 6 2019-06-18 15:59:28","timestamp":"2019-06-18 15:59:28"}
{"level":"info","message":"GET /order/wait_and_nopay 5 2019-06-18 15:59:28","timestamp":"2019-06-18 15:59:28"}
{"level":"info","message":"GET /order/order_state_count 8 2019-06-18 15:59:29","timestamp":"2019-06-18 15:59:29"}
{"level":"info","message":"GET /area 8 2019-06-18 15:59:29","timestamp":"2019-06-18 15:59:29"}
{"level":"info","message":"GET /table/list 10 2019-06-18 15:59:29","timestamp":"2019-06-18 15:59:29"}
{"level":"info","message":"GET /order/get_order_test 5 2019-06-18 15:59:29","timestamp":"2019-06-18 15:59:29"}
{"level":"info","message":"GET /order/detail 16 2019-06-18 15:59:29","timestamp":"2019-06-18 15:59:29"}
{"level":"info","message":"GET /order/get_order_test 3 2019-06-18 15:59:30","timestamp":"2019-06-18 15:59:30"}
{"level":"info","message":"GET /order/order_state_count 6 2019-06-18 15:59:35","timestamp":"2019-06-18 15:59:35"}
{"level":"info","message":"GET /order/wait_and_nopay 5 2019-06-18 15:59:35","timestamp":"2019-06-18 15:59:35"}
{"level":"info","message":"GET /order/order_state_count 13 2019-06-18 15:59:35","timestamp":"2019-06-18 15:59:35"}
{"level":"info","message":"GET /area 20 2019-06-18 15:59:35","timestamp":"2019-06-18 15:59:35"}
{"level":"info","message":"GET /table/list 20 2019-06-18 15:59:35","timestamp":"2019-06-18 15:59:35"}
{"level":"info","message":"GET /order/get_order_test 12 2019-06-18 15:59:36","timestamp":"2019-06-18 15:59:36"}
{"level":"info","message":"GET /order/detail 17 2019-06-18 15:59:36","timestamp":"2019-06-18 15:59:36"}
{"level":"info","message":"GET /order/get_order_test 3 2019-06-18 15:59:36","timestamp":"2019-06-18 15:59:36"}
{"level":"info","message":"GET /order/order_state_count 14 2019-06-18 15:59:36","timestamp":"2019-06-18 15:59:36"}
{"level":"info","message":"GET /order/wait_and_nopay 9 2019-06-18 15:59:36","timestamp":"2019-06-18 15:59:36"}
{"level":"info","message":"GET /order/order_state_count 7 2019-06-18 15:59:37","timestamp":"2019-06-18 15:59:37"}
{"level":"info","message":"GET /area 7 2019-06-18 15:59:37","timestamp":"2019-06-18 15:59:37"}
{"level":"info","message":"GET /table/list 5 2019-06-18 15:59:37","timestamp":"2019-06-18 15:59:37"}
{"level":"info","message":"GET /order/detail 7 2019-06-18 15:59:37","timestamp":"2019-06-18 15:59:37"}
{"level":"info","message":"GET /order/get_order_test 4 2019-06-18 15:59:37","timestamp":"2019-06-18 15:59:37"}
{"level":"info","message":"GET /order/get_order_test 4 2019-06-18 15:59:37","timestamp":"2019-06-18 15:59:37"}
{"level":"info","message":"GET /order/get_order_test 3 2019-06-18 15:59:37","timestamp":"2019-06-18 15:59:37"}
{"level":"info","message":"DELETE /user/logout 2 2019-06-18 15:59:40","timestamp":"2019-06-18 15:59:40"}
{"level":"info","message":"GET /user/normal/list 2 2019-06-18 15:59:40","timestamp":"2019-06-18 15:59:40"}
{"level":"info","message":"GET /on/line/state 0 2019-06-18 15:59:40","timestamp":"2019-06-18 15:59:40"}
{"level":"info","message":"开始同步库存数据","timestamp":"2019-06-18 15:59:51"}
{"level":"info","message":"POST /user/login 13 2019-06-18 15:59:51","timestamp":"2019-06-18 15:59:51"}
{"level":"info","message":"GET /on/line/state 1 2019-06-18 15:59:51","timestamp":"2019-06-18 15:59:51"}
{"level":"info","message":"GET /order/order_state_count 19 2019-06-18 15:59:51","timestamp":"2019-06-18 15:59:51"}
{"level":"info","message":"GET /area 21 2019-06-18 15:59:51","timestamp":"2019-06-18 15:59:51"}
{"level":"info","message":"GET /table/list 20 2019-06-18 15:59:51","timestamp":"2019-06-18 15:59:51"}
{"level":"info","message":"同步库存数据开始!","timestamp":"2019-06-18 15:59:51"}
{"level":"info","message":"GET /order/get_order_test 16 2019-06-18 15:59:51","timestamp":"2019-06-18 15:59:51"}
{"level":"info","message":"GET /order/detail 28 2019-06-18 15:59:51","timestamp":"2019-06-18 15:59:51"}
{"level":"info","message":"同步库存数据完成!","timestamp":"2019-06-18 15:59:51"}
{"level":"info","message":"GET /order/get_order_test 4 2019-06-18 15:59:51","timestamp":"2019-06-18 15:59:51"}
{"level":"info","message":"GET /order/detail 8 2019-06-18 16:01:40","timestamp":"2019-06-18 16:01:40"}
{"level":"info","message":"GET /system/info 8 2019-06-18 16:01:41","timestamp":"2019-06-18 16:01:41"}
{"level":"info","message":"GET /order/order_state_count 6 2019-06-18 16:01:41","timestamp":"2019-06-18 16:01:41"}
{"level":"info","message":"GET /area 2 2019-06-18 16:01:41","timestamp":"2019-06-18 16:01:41"}
{"level":"info","message":"GET /on/line/state 1 2019-06-18 16:01:41","timestamp":"2019-06-18 16:01:41"}
{"level":"info","message":"GET /table/list 6 2019-06-18 16:01:41","timestamp":"2019-06-18 16:01:41"}
{"level":"info","message":"GET /order/detail 20 2019-06-18 16:01:41","timestamp":"2019-06-18 16:01:41"}
{"level":"info","message":"GET /order/get_order_test 4 2019-06-18 16:01:42","timestamp":"2019-06-18 16:01:42"}
{"level":"info","message":"mqtt成功连接到：ws://test.emq.restoplus.cn:8083/mqtt","timestamp":"2019-06-18 16:43:40"}
{"level":"info","message":"订阅成功--$queue/winPos/+/2f83afee7a0e4822a6729145dd53af33/43be0afc2b544cec87568b7247841107/+/+/+","timestamp":"2019-06-18 16:43:40"}
{"level":"info","message":"允许接收的平台=>posAdmin-dev,resto-dev","timestamp":"2019-06-18 16:43:40"}
{"level":"error","message":"==mqtt==close==你已断开连接,异常退出","timestamp":"2019-06-18 16:44:06"}
{"level":"error","message":"ServiceUnavailableError: Response timeout\n    at IncomingMessage.<anonymous> (/Users/chintec/Documents/node/resto-newpos/node_modules/connect-timeout/index.js:84:8)\n    at emitOne (events.js:116:13)\n    at IncomingMessage.emit (events.js:211:7)\n    at Timeout._onTimeout (/Users/chintec/Documents/node/resto-newpos/node_modules/connect-timeout/index.js:49:11)\n    at ontimeout (timers.js:475:11)\n    at tryOnTimeout (timers.js:310:5)\n    at Timer.listOnTimeout (timers.js:270:5)","timestamp":"2019-06-18 16:44:16"}
{"level":"error","message":"==mqtt==reconnect==正在尝试重新连接","timestamp":"2019-06-18 16:44:23"}
{"level":"info","message":"mqtt成功连接到：ws://test.emq.restoplus.cn:8083/mqtt","timestamp":"2019-06-18 16:44:23"}
{"level":"info","message":"订阅成功--$queue/winPos/+/2f83afee7a0e4822a6729145dd53af33/43be0afc2b544cec87568b7247841107/+/+/+","timestamp":"2019-06-18 16:44:23"}
{"level":"info","message":"允许接收的平台=>posAdmin-dev,resto-dev","timestamp":"2019-06-18 16:44:23"}
{"level":"error","message":"resource \"GET:/306c0b0e2dd669efa1ba.hot-update.json\" not found","timestamp":"2019-06-18 16:44:36"}
{"level":"info","message":"GET /306c0b0e2dd669efa1ba.hot-update.json 1 2019-06-18 16:44:36","timestamp":"2019-06-18 16:44:36"}
{"level":"error","message":"==mqtt==close==你已断开连接,正常退出","timestamp":"2019-06-18 16:44:38"}
{"level":"error","message":"==mqtt==reconnect==正在尝试重新连接","timestamp":"2019-06-18 16:44:53"}
{"level":"info","message":"mqtt成功连接到：ws://test.emq.restoplus.cn:8083/mqtt","timestamp":"2019-06-18 16:44:53"}
{"level":"info","message":"订阅成功--$queue/winPos/+/2f83afee7a0e4822a6729145dd53af33/43be0afc2b544cec87568b7247841107/+/+/+","timestamp":"2019-06-18 16:44:53"}
{"level":"info","message":"允许接收的平台=>posAdmin-dev,resto-dev","timestamp":"2019-06-18 16:44:53"}
{"level":"error","message":"==mqtt==close==你已断开连接,正常退出","timestamp":"2019-06-18 16:45:08"}
{"level":"info","message":"GET /system/info 94 2019-06-18 16:45:20","timestamp":"2019-06-18 16:45:20"}
{"level":"info","message":"GET /on/line/state 1 2019-06-18 16:45:20","timestamp":"2019-06-18 16:45:20"}
{"level":"info","message":"GET /order/order_state_count 34 2019-06-18 16:45:20","timestamp":"2019-06-18 16:45:20"}
{"level":"info","message":"GET /order/detail 31 2019-06-18 16:45:20","timestamp":"2019-06-18 16:45:20"}
{"level":"info","message":"GET /area 43 2019-06-18 16:45:20","timestamp":"2019-06-18 16:45:20"}
{"level":"info","message":"GET /table/list 46 2019-06-18 16:45:20","timestamp":"2019-06-18 16:45:20"}
{"level":"info","message":"GET /on/line/state 1 2019-06-18 16:45:20","timestamp":"2019-06-18 16:45:20"}
{"level":"info","message":"GET /user/normal/list 6 2019-06-18 16:45:20","timestamp":"2019-06-18 16:45:20"}
{"level":"error","message":"==mqtt==reconnect==正在尝试重新连接","timestamp":"2019-06-18 16:45:23"}
{"level":"info","message":"mqtt成功连接到：ws://test.emq.restoplus.cn:8083/mqtt","timestamp":"2019-06-18 16:45:23"}
{"level":"info","message":"订阅成功--$queue/winPos/+/2f83afee7a0e4822a6729145dd53af33/43be0afc2b544cec87568b7247841107/+/+/+","timestamp":"2019-06-18 16:45:23"}
{"level":"info","message":"允许接收的平台=>posAdmin-dev,resto-dev","timestamp":"2019-06-18 16:45:23"}
{"level":"info","message":"GET /on/line/state 0 2019-06-18 16:45:24","timestamp":"2019-06-18 16:45:24"}
{"level":"info","message":"GET /user/normal/list 4 2019-06-18 16:45:24","timestamp":"2019-06-18 16:45:24"}
{"level":"info","message":"开始同步库存数据","timestamp":"2019-06-18 16:45:30"}
{"level":"info","message":"POST /user/login 627 2019-06-18 16:45:30","timestamp":"2019-06-18 16:45:30"}
{"level":"info","message":"GET /system/info 5 2019-06-18 16:45:30","timestamp":"2019-06-18 16:45:30"}
{"level":"info","message":"同步库存数据开始!","timestamp":"2019-06-18 16:45:30"}
{"level":"info","message":"GET /on/line/state 0 2019-06-18 16:45:30","timestamp":"2019-06-18 16:45:30"}
{"level":"info","message":"GET /order/order_state_count 27 2019-06-18 16:45:30","timestamp":"2019-06-18 16:45:30"}
{"level":"info","message":"GET /area 26 2019-06-18 16:45:30","timestamp":"2019-06-18 16:45:30"}
{"level":"info","message":"GET /table/list 23 2019-06-18 16:45:30","timestamp":"2019-06-18 16:45:30"}
{"level":"info","message":"同步库存数据完成!","timestamp":"2019-06-18 16:45:30"}
{"level":"error","message":"==mqtt==close==你已断开连接,正常退出","timestamp":"2019-06-18 16:45:40"}
{"level":"error","message":"==mqtt==reconnect==正在尝试重新连接","timestamp":"2019-06-18 16:45:55"}
{"level":"info","message":"mqtt成功连接到：ws://test.emq.restoplus.cn:8083/mqtt","timestamp":"2019-06-18 16:45:55"}
{"level":"info","message":"订阅成功--$queue/winPos/+/2f83afee7a0e4822a6729145dd53af33/43be0afc2b544cec87568b7247841107/+/+/+","timestamp":"2019-06-18 16:45:55"}
{"level":"info","message":"允许接收的平台=>posAdmin-dev,resto-dev","timestamp":"2019-06-18 16:45:55"}
{"level":"error","message":"==mqtt==close==你已断开连接,正常退出","timestamp":"2019-06-18 16:46:07"}
{"level":"error","message":"==mqtt==reconnect==正在尝试重新连接","timestamp":"2019-06-18 16:46:22"}
{"level":"info","message":"mqtt成功连接到：ws://test.emq.restoplus.cn:8083/mqtt","timestamp":"2019-06-18 16:46:22"}
{"level":"info","message":"订阅成功--$queue/winPos/+/2f83afee7a0e4822a6729145dd53af33/43be0afc2b544cec87568b7247841107/+/+/+","timestamp":"2019-06-18 16:46:22"}
{"level":"info","message":"允许接收的平台=>posAdmin-dev,resto-dev","timestamp":"2019-06-18 16:46:22"}
{"level":"error","message":"==mqtt==close==你已断开连接,正常退出","timestamp":"2019-06-18 16:46:37"}
{"level":"error","message":"==mqtt==reconnect==正在尝试重新连接","timestamp":"2019-06-18 16:46:52"}
{"level":"info","message":"mqtt成功连接到：ws://test.emq.restoplus.cn:8083/mqtt","timestamp":"2019-06-18 16:46:52"}
{"level":"info","message":"订阅成功--$queue/winPos/+/2f83afee7a0e4822a6729145dd53af33/43be0afc2b544cec87568b7247841107/+/+/+","timestamp":"2019-06-18 16:46:52"}
{"level":"info","message":"允许接收的平台=>posAdmin-dev,resto-dev","timestamp":"2019-06-18 16:46:52"}
{"level":"error","message":"==mqtt==close==你已断开连接,正常退出","timestamp":"2019-06-18 16:47:07"}
{"level":"error","message":"==mqtt==reconnect==正在尝试重新连接","timestamp":"2019-06-18 16:47:22"}
{"level":"info","message":"mqtt成功连接到：ws://test.emq.restoplus.cn:8083/mqtt","timestamp":"2019-06-18 16:47:22"}
{"level":"info","message":"订阅成功--$queue/winPos/+/2f83afee7a0e4822a6729145dd53af33/43be0afc2b544cec87568b7247841107/+/+/+","timestamp":"2019-06-18 16:47:22"}
{"level":"info","message":"允许接收的平台=>posAdmin-dev,resto-dev","timestamp":"2019-06-18 16:47:22"}
{"level":"error","message":"==mqtt==close==你已断开连接,正常退出","timestamp":"2019-06-18 16:47:23"}
{"level":"error","message":"==mqtt==reconnect==正在尝试重新连接","timestamp":"2019-06-18 16:47:38"}
{"level":"info","message":"mqtt成功连接到：ws://test.emq.restoplus.cn:8083/mqtt","timestamp":"2019-06-18 16:47:38"}
{"level":"info","message":"订阅成功--$queue/winPos/+/2f83afee7a0e4822a6729145dd53af33/43be0afc2b544cec87568b7247841107/+/+/+","timestamp":"2019-06-18 16:47:38"}
{"level":"info","message":"允许接收的平台=>posAdmin-dev,resto-dev","timestamp":"2019-06-18 16:47:38"}
{"level":"error","message":"==mqtt==close==你已断开连接,正常退出","timestamp":"2019-06-18 16:47:53"}
{"level":"error","message":"==mqtt==reconnect==正在尝试重新连接","timestamp":"2019-06-18 16:48:08"}
{"level":"info","message":"mqtt成功连接到：ws://test.emq.restoplus.cn:8083/mqtt","timestamp":"2019-06-18 16:48:08"}
{"level":"info","message":"订阅成功--$queue/winPos/+/2f83afee7a0e4822a6729145dd53af33/43be0afc2b544cec87568b7247841107/+/+/+","timestamp":"2019-06-18 16:48:08"}
{"level":"info","message":"允许接收的平台=>posAdmin-dev,resto-dev","timestamp":"2019-06-18 16:48:08"}
{"level":"error","message":"==mqtt==close==你已断开连接,正常退出","timestamp":"2019-06-18 16:48:23"}
{"level":"error","message":"==mqtt==reconnect==正在尝试重新连接","timestamp":"2019-06-18 16:48:38"}
{"level":"info","message":"mqtt成功连接到：ws://test.emq.restoplus.cn:8083/mqtt","timestamp":"2019-06-18 16:48:38"}
{"level":"info","message":"订阅成功--$queue/winPos/+/2f83afee7a0e4822a6729145dd53af33/43be0afc2b544cec87568b7247841107/+/+/+","timestamp":"2019-06-18 16:48:38"}
{"level":"info","message":"允许接收的平台=>posAdmin-dev,resto-dev","timestamp":"2019-06-18 16:48:38"}
{"level":"error","message":"==mqtt==close==你已断开连接,正常退出","timestamp":"2019-06-18 16:48:42"}
{"level":"error","message":"==mqtt==reconnect==正在尝试重新连接","timestamp":"2019-06-18 16:48:57"}
{"level":"info","message":"mqtt成功连接到：ws://test.emq.restoplus.cn:8083/mqtt","timestamp":"2019-06-18 16:48:57"}
{"level":"info","message":"订阅成功--$queue/winPos/+/2f83afee7a0e4822a6729145dd53af33/43be0afc2b544cec87568b7247841107/+/+/+","timestamp":"2019-06-18 16:48:57"}
{"level":"info","message":"允许接收的平台=>posAdmin-dev,resto-dev","timestamp":"2019-06-18 16:48:57"}
{"level":"error","message":"==mqtt==close==你已断开连接,正常退出","timestamp":"2019-06-18 16:49:16"}
{"level":"error","message":"==mqtt==reconnect==正在尝试重新连接","timestamp":"2019-06-18 16:49:31"}
{"level":"info","message":"mqtt成功连接到：ws://test.emq.restoplus.cn:8083/mqtt","timestamp":"2019-06-18 16:49:31"}
{"level":"info","message":"订阅成功--$queue/winPos/+/2f83afee7a0e4822a6729145dd53af33/43be0afc2b544cec87568b7247841107/+/+/+","timestamp":"2019-06-18 16:49:31"}
{"level":"info","message":"允许接收的平台=>posAdmin-dev,resto-dev","timestamp":"2019-06-18 16:49:31"}
{"level":"error","message":"==mqtt==close==你已断开连接,正常退出","timestamp":"2019-06-18 16:49:37"}
{"level":"error","message":"==mqtt==reconnect==正在尝试重新连接","timestamp":"2019-06-18 16:49:52"}
{"level":"info","message":"mqtt成功连接到：ws://test.emq.restoplus.cn:8083/mqtt","timestamp":"2019-06-18 16:49:52"}
{"level":"info","message":"订阅成功--$queue/winPos/+/2f83afee7a0e4822a6729145dd53af33/43be0afc2b544cec87568b7247841107/+/+/+","timestamp":"2019-06-18 16:49:52"}
{"level":"info","message":"允许接收的平台=>posAdmin-dev,resto-dev","timestamp":"2019-06-18 16:49:52"}
{"level":"error","message":"==mqtt==close==你已断开连接,正常退出","timestamp":"2019-06-18 16:49:59"}
{"level":"error","message":"==mqtt==reconnect==正在尝试重新连接","timestamp":"2019-06-18 16:50:14"}
{"level":"info","message":"mqtt成功连接到：ws://test.emq.restoplus.cn:8083/mqtt","timestamp":"2019-06-18 16:50:14"}
{"level":"info","message":"订阅成功--$queue/winPos/+/2f83afee7a0e4822a6729145dd53af33/43be0afc2b544cec87568b7247841107/+/+/+","timestamp":"2019-06-18 16:50:14"}
{"level":"info","message":"允许接收的平台=>posAdmin-dev,resto-dev","timestamp":"2019-06-18 16:50:14"}
{"level":"error","message":"==mqtt==close==你已断开连接,正常退出","timestamp":"2019-06-18 16:50:28"}
{"level":"error","message":"==mqtt==reconnect==正在尝试重新连接","timestamp":"2019-06-18 16:50:43"}
{"level":"info","message":"mqtt成功连接到：ws://test.emq.restoplus.cn:8083/mqtt","timestamp":"2019-06-18 16:50:43"}
{"level":"info","message":"订阅成功--$queue/winPos/+/2f83afee7a0e4822a6729145dd53af33/43be0afc2b544cec87568b7247841107/+/+/+","timestamp":"2019-06-18 16:50:43"}
{"level":"info","message":"允许接收的平台=>posAdmin-dev,resto-dev","timestamp":"2019-06-18 16:50:43"}
{"level":"info","message":"mqtt成功连接到：ws://test.emq.restoplus.cn:8083/mqtt","timestamp":"2019-06-18 16:51:11"}
{"level":"info","message":"订阅成功--$queue/winPos/+/2f83afee7a0e4822a6729145dd53af33/43be0afc2b544cec87568b7247841107/+/+/+","timestamp":"2019-06-18 16:51:11"}
{"level":"info","message":"允许接收的平台=>posAdmin-dev,resto-dev","timestamp":"2019-06-18 16:51:11"}
{"level":"error","message":"ServiceUnavailableError: Response timeout\n    at IncomingMessage.<anonymous> (/Users/chintec/Documents/node/resto-newpos/node_modules/connect-timeout/index.js:84:8)\n    at emitOne (events.js:116:13)\n    at IncomingMessage.emit (events.js:211:7)\n    at Timeout._onTimeout (/Users/chintec/Documents/node/resto-newpos/node_modules/connect-timeout/index.js:49:11)\n    at ontimeout (timers.js:475:11)\n    at tryOnTimeout (timers.js:310:5)\n    at Timer.listOnTimeout (timers.js:270:5)","timestamp":"2019-06-18 16:51:45"}
{"level":"info","message":"mqtt成功连接到：ws://test.emq.restoplus.cn:8083/mqtt","timestamp":"2019-06-18 17:28:02"}
{"level":"info","message":"订阅成功--$queue/winPos/+/2f83afee7a0e4822a6729145dd53af33/43be0afc2b544cec87568b7247841107/+/+/+","timestamp":"2019-06-18 17:28:11"}
{"level":"info","message":"允许接收的平台=>posAdmin-dev,resto-dev","timestamp":"2019-06-18 17:28:11"}
{"level":"error","message":"ServiceUnavailableError: Response timeout\n    at IncomingMessage.<anonymous> (/Users/chintec/Documents/node/resto-newpos/node_modules/connect-timeout/index.js:84:8)\n    at emitOne (events.js:116:13)\n    at IncomingMessage.emit (events.js:211:7)\n    at Timeout._onTimeout (/Users/chintec/Documents/node/resto-newpos/node_modules/connect-timeout/index.js:49:11)\n    at ontimeout (timers.js:475:11)\n    at tryOnTimeout (timers.js:310:5)\n    at Timer.listOnTimeout (timers.js:270:5)","timestamp":"2019-06-18 17:28:42"}
{"level":"error","message":"resource \"GET:/642912e1027679181e45.hot-update.json\" not found","timestamp":"2019-06-18 17:29:02"}
{"level":"info","message":"GET /642912e1027679181e45.hot-update.json 1 2019-06-18 17:29:02","timestamp":"2019-06-18 17:29:02"}
{"level":"info","message":"GET /system/info 166 2019-06-18 17:42:29","timestamp":"2019-06-18 17:42:29"}
{"level":"info","message":"GET /on/line/state 1 2019-06-18 17:42:29","timestamp":"2019-06-18 17:42:29"}
{"level":"info","message":"GET /order/order_state_count 32 2019-06-18 17:42:29","timestamp":"2019-06-18 17:42:29"}
{"level":"info","message":"GET /area 25 2019-06-18 17:42:29","timestamp":"2019-06-18 17:42:29"}
{"level":"info","message":"GET /table/list 62 2019-06-18 17:42:29","timestamp":"2019-06-18 17:42:29"}
{"level":"info","message":"mqtt成功连接到：ws://test.emq.restoplus.cn:8083/mqtt","timestamp":"2019-06-18 17:43:29"}
{"level":"info","message":"订阅成功--$queue/winPos/+/2f83afee7a0e4822a6729145dd53af33/43be0afc2b544cec87568b7247841107/+/+/+","timestamp":"2019-06-18 17:43:29"}
{"level":"info","message":"允许接收的平台=>posAdmin-dev,resto-dev","timestamp":"2019-06-18 17:43:29"}
{"level":"error","message":"ServiceUnavailableError: Response timeout\n    at IncomingMessage.<anonymous> (/Users/chintec/Documents/node/resto-newpos/node_modules/connect-timeout/index.js:84:8)\n    at emitOne (events.js:116:13)\n    at IncomingMessage.emit (events.js:211:7)\n    at Timeout._onTimeout (/Users/chintec/Documents/node/resto-newpos/node_modules/connect-timeout/index.js:49:11)\n    at ontimeout (timers.js:475:11)\n    at tryOnTimeout (timers.js:310:5)\n    at Timer.listOnTimeout (timers.js:270:5)","timestamp":"2019-06-18 17:44:08"}
{"level":"error","message":"resource \"GET:/2273cc98298789b22143.hot-update.json\" not found","timestamp":"2019-06-18 17:44:28"}
{"level":"info","message":"GET /2273cc98298789b22143.hot-update.json 2 2019-06-18 17:44:28","timestamp":"2019-06-18 17:44:28"}
