{"level":"info","message":"mqtt成功连接到：ws://test.emq.restoplus.cn:8083/mqtt","timestamp":"2019-07-23 09:50:14"}
{"level":"info","message":"订阅成功--$queue/winPos/+/2f83afee7a0e4822a6729145dd53af33/d2ff1bbb8c6f4fd8adb3949f76f8c1b6/+/+/+","timestamp":"2019-07-23 09:50:14"}
{"level":"info","message":"允许接收的平台=>posAdmin-dev,resto-dev","timestamp":"2019-07-23 09:50:14"}
{"level":"error","message":"==mqtt==close==你已断开连接,正常退出","timestamp":"2019-07-23 09:51:16"}
{"level":"error","message":"==mqtt==reconnect==正在尝试重新连接","timestamp":"2019-07-23 09:51:31"}
{"level":"info","message":"mqtt成功连接到：ws://test.emq.restoplus.cn:8083/mqtt","timestamp":"2019-07-23 09:51:31"}
{"level":"info","message":"订阅成功--$queue/winPos/+/2f83afee7a0e4822a6729145dd53af33/d2ff1bbb8c6f4fd8adb3949f76f8c1b6/+/+/+","timestamp":"2019-07-23 09:51:31"}
{"level":"info","message":"允许接收的平台=>posAdmin-dev,resto-dev","timestamp":"2019-07-23 09:51:31"}
{"level":"info","message":"启动离线订单检测！间隔180000","timestamp":"2019-07-23 09:52:50"}
{"level":"info","message":"没有需要同步的订单！","timestamp":"2019-07-23 09:52:50"}
{"level":"info","message":"启动打印机检测！间隔240000","timestamp":"2019-07-23 09:53:50"}
{"level":"info","message":"启动离线订单检测！间隔180000","timestamp":"2019-07-23 09:55:50"}
{"level":"info","message":"没有需要同步的订单！","timestamp":"2019-07-23 09:55:50"}
{"level":"info","message":"GET /system/info 298 2019-07-23 09:56:16","timestamp":"2019-07-23 09:56:16"}
{"level":"info","message":"GET /on/line/state 2 2019-07-23 09:56:20","timestamp":"2019-07-23 09:56:20"}
{"level":"info","message":"GET /order/discount_info 40 2019-07-23 09:56:20","timestamp":"2019-07-23 09:56:20"}
{"level":"info","message":"GET /order/detail 49 2019-07-23 09:56:20","timestamp":"2019-07-23 09:56:20"}
{"level":"info","message":"GET /order/detail 6 2019-07-23 09:56:20","timestamp":"2019-07-23 09:56:20"}
{"level":"info","message":"GET /order/order_items 8 2019-07-23 09:56:20","timestamp":"2019-07-23 09:56:20"}
{"level":"info","message":"启动打印机检测！间隔240000","timestamp":"2019-07-23 09:57:50"}
{"level":"info","message":"启动离线订单检测！间隔180000","timestamp":"2019-07-23 09:58:50"}
{"level":"info","message":"没有需要同步的订单！","timestamp":"2019-07-23 09:58:50"}
{"level":"info","message":"启动打印机检测！间隔240000","timestamp":"2019-07-23 10:01:50"}
{"level":"info","message":"启动离线订单检测！间隔180000","timestamp":"2019-07-23 10:01:50"}
{"level":"info","message":"没有需要同步的订单！","timestamp":"2019-07-23 10:01:50"}
{"level":"info","message":"启动离线订单检测！间隔180000","timestamp":"2019-07-23 10:04:50"}
{"level":"info","message":"没有需要同步的订单！","timestamp":"2019-07-23 10:04:50"}
{"level":"info","message":"启动打印机检测！间隔240000","timestamp":"2019-07-23 10:05:50"}
{"level":"info","message":"启动离线订单检测！间隔180000","timestamp":"2019-07-23 10:07:50"}
{"level":"info","message":"没有需要同步的订单！","timestamp":"2019-07-23 10:07:50"}
{"level":"info","message":"启动打印机检测！间隔240000","timestamp":"2019-07-23 10:09:50"}
{"level":"info","message":"启动离线订单检测！间隔180000","timestamp":"2019-07-23 10:10:50"}
{"level":"info","message":"没有需要同步的订单！","timestamp":"2019-07-23 10:10:50"}
{"level":"info","message":"启动打印机检测！间隔240000","timestamp":"2019-07-23 10:13:50"}
{"level":"info","message":"启动离线订单检测！间隔180000","timestamp":"2019-07-23 10:13:50"}
{"level":"info","message":"没有需要同步的订单！","timestamp":"2019-07-23 10:13:50"}
{"level":"info","message":"启动离线订单检测！间隔180000","timestamp":"2019-07-23 10:16:50"}
{"level":"info","message":"没有需要同步的订单！","timestamp":"2019-07-23 10:16:50"}
{"level":"info","message":"启动打印机检测！间隔240000","timestamp":"2019-07-23 10:17:50"}
{"level":"info","message":"启动离线订单检测！间隔180000","timestamp":"2019-07-23 10:19:50"}
{"level":"info","message":"没有需要同步的订单！","timestamp":"2019-07-23 10:19:50"}
{"level":"info","message":"启动打印机检测！间隔240000","timestamp":"2019-07-23 10:21:50"}
{"level":"info","message":"启动离线订单检测！间隔180000","timestamp":"2019-07-23 10:22:50"}
{"level":"info","message":"没有需要同步的订单！","timestamp":"2019-07-23 10:22:50"}
{"level":"info","message":"启动打印机检测！间隔240000","timestamp":"2019-07-23 10:25:50"}
{"level":"info","message":"启动离线订单检测！间隔180000","timestamp":"2019-07-23 10:25:50"}
{"level":"info","message":"没有需要同步的订单！","timestamp":"2019-07-23 10:25:50"}
{"level":"info","message":"启动离线订单检测！间隔180000","timestamp":"2019-07-23 10:28:50"}
{"level":"info","message":"没有需要同步的订单！","timestamp":"2019-07-23 10:28:50"}
{"level":"info","message":"启动打印机检测！间隔240000","timestamp":"2019-07-23 10:29:50"}
{"level":"info","message":"启动离线订单检测！间隔180000","timestamp":"2019-07-23 10:31:50"}
{"level":"info","message":"没有需要同步的订单！","timestamp":"2019-07-23 10:31:50"}
{"level":"info","message":"启动打印机检测！间隔240000","timestamp":"2019-07-23 10:33:50"}
{"level":"info","message":"启动离线订单检测！间隔180000","timestamp":"2019-07-23 10:34:50"}
{"level":"info","message":"没有需要同步的订单！","timestamp":"2019-07-23 10:34:50"}
{"level":"info","message":"启动打印机检测！间隔240000","timestamp":"2019-07-23 10:37:50"}
{"level":"info","message":"启动离线订单检测！间隔180000","timestamp":"2019-07-23 10:37:50"}
{"level":"info","message":"没有需要同步的订单！","timestamp":"2019-07-23 10:37:50"}
{"level":"info","message":"启动离线订单检测！间隔180000","timestamp":"2019-07-23 10:40:50"}
{"level":"info","message":"没有需要同步的订单！","timestamp":"2019-07-23 10:40:50"}
{"level":"info","message":"启动打印机检测！间隔240000","timestamp":"2019-07-23 10:41:50"}
{"level":"info","message":"启动离线订单检测！间隔180000","timestamp":"2019-07-23 10:43:50"}
{"level":"info","message":"没有需要同步的订单！","timestamp":"2019-07-23 10:43:50"}
{"level":"info","message":"启动打印机检测！间隔240000","timestamp":"2019-07-23 10:45:50"}
{"level":"info","message":"启动离线订单检测！间隔180000","timestamp":"2019-07-23 10:46:50"}
{"level":"info","message":"没有需要同步的订单！","timestamp":"2019-07-23 10:46:50"}
{"level":"info","message":"启动打印机检测！间隔240000","timestamp":"2019-07-23 10:49:50"}
{"level":"info","message":"启动离线订单检测！间隔180000","timestamp":"2019-07-23 10:49:50"}
{"level":"info","message":"没有需要同步的订单！","timestamp":"2019-07-23 10:49:50"}
{"level":"info","message":"启动离线订单检测！间隔180000","timestamp":"2019-07-23 10:52:50"}
{"level":"info","message":"没有需要同步的订单！","timestamp":"2019-07-23 10:52:50"}
{"level":"info","message":"启动打印机检测！间隔240000","timestamp":"2019-07-23 10:53:50"}
{"level":"info","message":"启动离线订单检测！间隔180000","timestamp":"2019-07-23 10:55:50"}
{"level":"info","message":"没有需要同步的订单！","timestamp":"2019-07-23 10:55:50"}
{"level":"info","message":"启动打印机检测！间隔240000","timestamp":"2019-07-23 10:57:50"}
{"level":"info","message":"启动离线订单检测！间隔180000","timestamp":"2019-07-23 10:58:50"}
{"level":"info","message":"没有需要同步的订单！","timestamp":"2019-07-23 10:58:50"}
{"level":"info","message":"启动打印机检测！间隔240000","timestamp":"2019-07-23 11:01:50"}
{"level":"info","message":"启动离线订单检测！间隔180000","timestamp":"2019-07-23 11:01:50"}
{"level":"info","message":"没有需要同步的订单！","timestamp":"2019-07-23 11:01:50"}
{"level":"info","message":"启动离线订单检测！间隔180000","timestamp":"2019-07-23 11:04:50"}
{"level":"info","message":"没有需要同步的订单！","timestamp":"2019-07-23 11:04:50"}
{"level":"info","message":"启动打印机检测！间隔240000","timestamp":"2019-07-23 11:05:50"}
{"level":"info","message":"启动离线订单检测！间隔180000","timestamp":"2019-07-23 11:07:50"}
{"level":"info","message":"没有需要同步的订单！","timestamp":"2019-07-23 11:07:50"}
{"level":"info","message":"启动打印机检测！间隔240000","timestamp":"2019-07-23 11:09:50"}
{"level":"info","message":"启动离线订单检测！间隔180000","timestamp":"2019-07-23 11:10:50"}
{"level":"info","message":"没有需要同步的订单！","timestamp":"2019-07-23 11:10:50"}
{"level":"info","message":"启动打印机检测！间隔240000","timestamp":"2019-07-23 11:13:50"}
{"level":"info","message":"启动离线订单检测！间隔180000","timestamp":"2019-07-23 11:13:50"}
{"level":"info","message":"没有需要同步的订单！","timestamp":"2019-07-23 11:13:50"}
{"level":"info","message":"启动离线订单检测！间隔180000","timestamp":"2019-07-23 11:16:50"}
{"level":"info","message":"没有需要同步的订单！","timestamp":"2019-07-23 11:16:50"}
{"level":"info","message":"启动打印机检测！间隔240000","timestamp":"2019-07-23 11:17:50"}
{"level":"info","message":"启动离线订单检测！间隔180000","timestamp":"2019-07-23 11:19:50"}
{"level":"info","message":"没有需要同步的订单！","timestamp":"2019-07-23 11:19:50"}
{"level":"info","message":"启动打印机检测！间隔240000","timestamp":"2019-07-23 11:21:50"}
{"level":"info","message":"启动离线订单检测！间隔180000","timestamp":"2019-07-23 11:22:50"}
{"level":"info","message":"没有需要同步的订单！","timestamp":"2019-07-23 11:22:50"}
{"level":"info","message":"启动打印机检测！间隔240000","timestamp":"2019-07-23 11:25:50"}
{"level":"info","message":"启动离线订单检测！间隔180000","timestamp":"2019-07-23 11:25:50"}
{"level":"info","message":"没有需要同步的订单！","timestamp":"2019-07-23 11:25:50"}
{"level":"info","message":"启动离线订单检测！间隔180000","timestamp":"2019-07-23 11:28:50"}
{"level":"info","message":"没有需要同步的订单！","timestamp":"2019-07-23 11:28:50"}
{"level":"info","message":"启动打印机检测！间隔240000","timestamp":"2019-07-23 11:29:50"}
{"level":"info","message":"启动离线订单检测！间隔180000","timestamp":"2019-07-23 11:31:50"}
{"level":"info","message":"没有需要同步的订单！","timestamp":"2019-07-23 11:31:50"}
{"level":"info","message":"启动打印机检测！间隔240000","timestamp":"2019-07-23 11:33:50"}
{"level":"info","message":"启动离线订单检测！间隔180000","timestamp":"2019-07-23 11:34:50"}
{"level":"info","message":"没有需要同步的订单！","timestamp":"2019-07-23 11:34:50"}
{"level":"info","message":"启动打印机检测！间隔240000","timestamp":"2019-07-23 11:37:50"}
{"level":"info","message":"启动离线订单检测！间隔180000","timestamp":"2019-07-23 11:37:50"}
{"level":"info","message":"没有需要同步的订单！","timestamp":"2019-07-23 11:37:50"}
{"level":"info","message":"启动离线订单检测！间隔180000","timestamp":"2019-07-23 11:40:50"}
{"level":"info","message":"没有需要同步的订单！","timestamp":"2019-07-23 11:40:50"}
{"level":"info","message":"启动打印机检测！间隔240000","timestamp":"2019-07-23 11:41:50"}
{"level":"info","message":"启动离线订单检测！间隔180000","timestamp":"2019-07-23 11:43:50"}
{"level":"info","message":"没有需要同步的订单！","timestamp":"2019-07-23 11:43:50"}
{"level":"info","message":"启动打印机检测！间隔240000","timestamp":"2019-07-23 11:45:50"}
{"level":"info","message":"启动离线订单检测！间隔180000","timestamp":"2019-07-23 11:46:50"}
{"level":"info","message":"没有需要同步的订单！","timestamp":"2019-07-23 11:46:50"}
{"level":"info","message":"启动打印机检测！间隔240000","timestamp":"2019-07-23 11:49:50"}
{"level":"info","message":"启动离线订单检测！间隔180000","timestamp":"2019-07-23 11:49:50"}
{"level":"info","message":"没有需要同步的订单！","timestamp":"2019-07-23 11:49:50"}
{"level":"info","message":"启动离线订单检测！间隔180000","timestamp":"2019-07-23 11:52:50"}
{"level":"info","message":"没有需要同步的订单！","timestamp":"2019-07-23 11:52:50"}
{"level":"info","message":"启动打印机检测！间隔240000","timestamp":"2019-07-23 11:53:50"}
{"level":"info","message":"启动离线订单检测！间隔180000","timestamp":"2019-07-23 11:55:50"}
{"level":"info","message":"没有需要同步的订单！","timestamp":"2019-07-23 11:55:50"}
{"level":"info","message":"启动打印机检测！间隔240000","timestamp":"2019-07-23 11:57:50"}
{"level":"info","message":"启动离线订单检测！间隔180000","timestamp":"2019-07-23 11:58:50"}
{"level":"info","message":"没有需要同步的订单！","timestamp":"2019-07-23 11:58:50"}
{"level":"info","message":"启动打印机检测！间隔240000","timestamp":"2019-07-23 12:01:50"}
{"level":"info","message":"启动离线订单检测！间隔180000","timestamp":"2019-07-23 12:01:50"}
{"level":"info","message":"没有需要同步的订单！","timestamp":"2019-07-23 12:01:50"}
{"level":"info","message":"启动离线订单检测！间隔180000","timestamp":"2019-07-23 12:04:50"}
{"level":"info","message":"没有需要同步的订单！","timestamp":"2019-07-23 12:04:50"}
{"level":"info","message":"启动打印机检测！间隔240000","timestamp":"2019-07-23 12:05:50"}
{"level":"info","message":"启动离线订单检测！间隔180000","timestamp":"2019-07-23 12:07:50"}
{"level":"info","message":"没有需要同步的订单！","timestamp":"2019-07-23 12:07:50"}
{"level":"info","message":"启动打印机检测！间隔240000","timestamp":"2019-07-23 12:09:50"}
{"level":"info","message":"启动离线订单检测！间隔180000","timestamp":"2019-07-23 12:10:50"}
{"level":"info","message":"没有需要同步的订单！","timestamp":"2019-07-23 12:10:50"}
{"level":"error","message":"==mqtt==close==你已断开连接,异常退出","timestamp":"2019-07-23 13:38:09"}
{"level":"info","message":"启动打印机检测！间隔240000","timestamp":"2019-07-23 13:38:10"}
{"level":"info","message":"启动离线订单检测！间隔180000","timestamp":"2019-07-23 13:38:10"}
{"level":"info","message":"没有需要同步的订单！","timestamp":"2019-07-23 13:38:10"}
{"level":"error","message":"==mqtt==reconnect==正在尝试重新连接","timestamp":"2019-07-23 13:38:24"}
{"level":"info","message":"mqtt成功连接到：ws://test.emq.restoplus.cn:8083/mqtt","timestamp":"2019-07-23 13:38:24"}
{"level":"info","message":"订阅成功--$queue/winPos/+/2f83afee7a0e4822a6729145dd53af33/d2ff1bbb8c6f4fd8adb3949f76f8c1b6/+/+/+","timestamp":"2019-07-23 13:38:24"}
{"level":"info","message":"允许接收的平台=>posAdmin-dev,resto-dev","timestamp":"2019-07-23 13:38:24"}
{"level":"info","message":"启动离线订单检测！间隔180000","timestamp":"2019-07-23 13:41:10"}
{"level":"info","message":"没有需要同步的订单！","timestamp":"2019-07-23 13:41:10"}
{"level":"info","message":"启动打印机检测！间隔240000","timestamp":"2019-07-23 13:42:10"}
{"level":"info","message":"启动离线订单检测！间隔180000","timestamp":"2019-07-23 13:44:10"}
{"level":"info","message":"没有需要同步的订单！","timestamp":"2019-07-23 13:44:10"}
{"level":"info","message":"启动打印机检测！间隔240000","timestamp":"2019-07-23 13:46:10"}
{"level":"info","message":"启动离线订单检测！间隔180000","timestamp":"2019-07-23 13:47:10"}
{"level":"info","message":"没有需要同步的订单！","timestamp":"2019-07-23 13:47:10"}
{"level":"info","message":"启动打印机检测！间隔240000","timestamp":"2019-07-23 13:50:10"}
{"level":"info","message":"启动离线订单检测！间隔180000","timestamp":"2019-07-23 13:50:10"}
{"level":"info","message":"没有需要同步的订单！","timestamp":"2019-07-23 13:50:10"}
{"level":"info","message":"启动离线订单检测！间隔180000","timestamp":"2019-07-23 13:53:10"}
{"level":"info","message":"没有需要同步的订单！","timestamp":"2019-07-23 13:53:10"}
{"level":"info","message":"启动打印机检测！间隔240000","timestamp":"2019-07-23 13:54:10"}
{"level":"info","message":"启动离线订单检测！间隔180000","timestamp":"2019-07-23 13:56:10"}
{"level":"info","message":"没有需要同步的订单！","timestamp":"2019-07-23 13:56:10"}
{"level":"info","message":"启动打印机检测！间隔240000","timestamp":"2019-07-23 13:58:10"}
{"level":"info","message":"启动离线订单检测！间隔180000","timestamp":"2019-07-23 13:59:10"}
{"level":"info","message":"没有需要同步的订单！","timestamp":"2019-07-23 13:59:10"}
{"level":"info","message":"启动打印机检测！间隔240000","timestamp":"2019-07-23 14:02:10"}
{"level":"info","message":"启动离线订单检测！间隔180000","timestamp":"2019-07-23 14:02:10"}
{"level":"info","message":"没有需要同步的订单！","timestamp":"2019-07-23 14:02:10"}
{"level":"info","message":"启动离线订单检测！间隔180000","timestamp":"2019-07-23 14:05:10"}
{"level":"info","message":"没有需要同步的订单！","timestamp":"2019-07-23 14:05:10"}
{"level":"info","message":"启动打印机检测！间隔240000","timestamp":"2019-07-23 14:06:10"}
{"level":"info","message":"启动离线订单检测！间隔180000","timestamp":"2019-07-23 14:08:10"}
{"level":"info","message":"没有需要同步的订单！","timestamp":"2019-07-23 14:08:10"}
{"level":"info","message":"启动打印机检测！间隔240000","timestamp":"2019-07-23 14:10:10"}
{"level":"info","message":"启动离线订单检测！间隔180000","timestamp":"2019-07-23 14:11:10"}
{"level":"info","message":"没有需要同步的订单！","timestamp":"2019-07-23 14:11:10"}
{"level":"info","message":"启动打印机检测！间隔240000","timestamp":"2019-07-23 14:14:10"}
{"level":"info","message":"启动离线订单检测！间隔180000","timestamp":"2019-07-23 14:14:10"}
{"level":"info","message":"没有需要同步的订单！","timestamp":"2019-07-23 14:14:10"}
{"level":"info","message":"启动离线订单检测！间隔180000","timestamp":"2019-07-23 14:17:10"}
{"level":"info","message":"没有需要同步的订单！","timestamp":"2019-07-23 14:17:10"}
{"level":"info","message":"启动打印机检测！间隔240000","timestamp":"2019-07-23 14:18:10"}
{"level":"info","message":"启动离线订单检测！间隔180000","timestamp":"2019-07-23 14:20:10"}
{"level":"info","message":"没有需要同步的订单！","timestamp":"2019-07-23 14:20:10"}
{"level":"info","message":"启动打印机检测！间隔240000","timestamp":"2019-07-23 14:22:10"}
{"level":"info","message":"启动离线订单检测！间隔180000","timestamp":"2019-07-23 14:23:10"}
{"level":"info","message":"没有需要同步的订单！","timestamp":"2019-07-23 14:23:10"}
{"level":"info","message":"启动打印机检测！间隔240000","timestamp":"2019-07-23 14:26:10"}
{"level":"info","message":"启动离线订单检测！间隔180000","timestamp":"2019-07-23 14:26:10"}
{"level":"info","message":"没有需要同步的订单！","timestamp":"2019-07-23 14:26:10"}
{"level":"info","message":"启动离线订单检测！间隔180000","timestamp":"2019-07-23 14:29:10"}
{"level":"info","message":"没有需要同步的订单！","timestamp":"2019-07-23 14:29:10"}
{"level":"info","message":"启动打印机检测！间隔240000","timestamp":"2019-07-23 14:30:10"}
{"level":"info","message":"启动离线订单检测！间隔180000","timestamp":"2019-07-23 14:32:10"}
{"level":"info","message":"没有需要同步的订单！","timestamp":"2019-07-23 14:32:10"}
{"level":"info","message":"启动打印机检测！间隔240000","timestamp":"2019-07-23 14:34:10"}
{"level":"info","message":"启动离线订单检测！间隔180000","timestamp":"2019-07-23 14:35:10"}
{"level":"info","message":"没有需要同步的订单！","timestamp":"2019-07-23 14:35:10"}
{"level":"info","message":"启动打印机检测！间隔240000","timestamp":"2019-07-23 14:38:10"}
{"level":"info","message":"启动离线订单检测！间隔180000","timestamp":"2019-07-23 14:38:10"}
{"level":"info","message":"没有需要同步的订单！","timestamp":"2019-07-23 14:38:10"}
{"level":"info","message":"启动离线订单检测！间隔180000","timestamp":"2019-07-23 14:41:10"}
{"level":"info","message":"没有需要同步的订单！","timestamp":"2019-07-23 14:41:10"}
{"level":"info","message":"启动打印机检测！间隔240000","timestamp":"2019-07-23 14:42:10"}
{"level":"info","message":"启动离线订单检测！间隔180000","timestamp":"2019-07-23 14:44:10"}
{"level":"info","message":"没有需要同步的订单！","timestamp":"2019-07-23 14:44:10"}
{"level":"info","message":"启动打印机检测！间隔240000","timestamp":"2019-07-23 14:46:10"}
{"level":"info","message":"启动离线订单检测！间隔180000","timestamp":"2019-07-23 14:47:10"}
{"level":"info","message":"没有需要同步的订单！","timestamp":"2019-07-23 14:47:10"}
{"level":"info","message":"启动打印机检测！间隔240000","timestamp":"2019-07-23 14:50:10"}
{"level":"info","message":"启动离线订单检测！间隔180000","timestamp":"2019-07-23 14:50:10"}
{"level":"info","message":"没有需要同步的订单！","timestamp":"2019-07-23 14:50:10"}
{"level":"info","message":"启动离线订单检测！间隔180000","timestamp":"2019-07-23 14:53:10"}
{"level":"info","message":"没有需要同步的订单！","timestamp":"2019-07-23 14:53:10"}
{"level":"info","message":"启动打印机检测！间隔240000","timestamp":"2019-07-23 14:54:10"}
{"level":"info","message":"启动离线订单检测！间隔180000","timestamp":"2019-07-23 14:56:10"}
{"level":"info","message":"没有需要同步的订单！","timestamp":"2019-07-23 14:56:10"}
{"level":"info","message":"启动打印机检测！间隔240000","timestamp":"2019-07-23 14:58:10"}
{"level":"info","message":"启动离线订单检测！间隔180000","timestamp":"2019-07-23 14:59:10"}
{"level":"info","message":"没有需要同步的订单！","timestamp":"2019-07-23 14:59:10"}
{"level":"info","message":"启动打印机检测！间隔240000","timestamp":"2019-07-23 15:02:10"}
{"level":"info","message":"启动离线订单检测！间隔180000","timestamp":"2019-07-23 15:02:10"}
{"level":"info","message":"没有需要同步的订单！","timestamp":"2019-07-23 15:02:10"}
{"level":"info","message":"启动离线订单检测！间隔180000","timestamp":"2019-07-23 15:05:10"}
{"level":"info","message":"没有需要同步的订单！","timestamp":"2019-07-23 15:05:10"}
{"level":"info","message":"启动打印机检测！间隔240000","timestamp":"2019-07-23 15:06:10"}
{"level":"info","message":"启动离线订单检测！间隔180000","timestamp":"2019-07-23 15:08:10"}
{"level":"info","message":"没有需要同步的订单！","timestamp":"2019-07-23 15:08:10"}
{"level":"info","message":"启动打印机检测！间隔240000","timestamp":"2019-07-23 15:10:10"}
{"level":"info","message":"启动离线订单检测！间隔180000","timestamp":"2019-07-23 15:11:10"}
{"level":"info","message":"没有需要同步的订单！","timestamp":"2019-07-23 15:11:10"}
{"level":"info","message":"启动打印机检测！间隔240000","timestamp":"2019-07-23 15:14:10"}
{"level":"info","message":"启动离线订单检测！间隔180000","timestamp":"2019-07-23 15:14:10"}
{"level":"info","message":"没有需要同步的订单！","timestamp":"2019-07-23 15:14:10"}
{"level":"info","message":"启动离线订单检测！间隔180000","timestamp":"2019-07-23 15:17:10"}
{"level":"info","message":"没有需要同步的订单！","timestamp":"2019-07-23 15:17:10"}
{"level":"info","message":"GET /system/info 6 2019-07-23 15:17:27","timestamp":"2019-07-23 15:17:27"}
{"level":"info","message":"GET /on/line/state 0 2019-07-23 15:17:28","timestamp":"2019-07-23 15:17:28"}
{"level":"info","message":"GET /order/discount_info 5 2019-07-23 15:17:28","timestamp":"2019-07-23 15:17:28"}
{"level":"info","message":"GET /order/detail 15 2019-07-23 15:17:28","timestamp":"2019-07-23 15:17:28"}
{"level":"info","message":"GET /order/detail 9 2019-07-23 15:17:28","timestamp":"2019-07-23 15:17:28"}
{"level":"info","message":"GET /order/order_items 6 2019-07-23 15:17:28","timestamp":"2019-07-23 15:17:28"}
{"level":"info","message":"启动打印机检测！间隔240000","timestamp":"2019-07-23 15:18:10"}
{"level":"info","message":"GET /system/info 4 2019-07-23 15:20:07","timestamp":"2019-07-23 15:20:07"}
{"level":"info","message":"GET /on/line/state 0 2019-07-23 15:20:07","timestamp":"2019-07-23 15:20:07"}
{"level":"info","message":"GET /order/discount_info 5 2019-07-23 15:20:07","timestamp":"2019-07-23 15:20:07"}
{"level":"info","message":"GET /order/detail 14 2019-07-23 15:20:07","timestamp":"2019-07-23 15:20:07"}
{"level":"info","message":"GET /order/detail 10 2019-07-23 15:20:07","timestamp":"2019-07-23 15:20:07"}
{"level":"info","message":"GET /order/order_items 4 2019-07-23 15:20:07","timestamp":"2019-07-23 15:20:07"}
{"level":"info","message":"GET /order/order_state_count 19 2019-07-23 15:20:09","timestamp":"2019-07-23 15:20:09"}
{"level":"info","message":"GET /area 19 2019-07-23 15:20:09","timestamp":"2019-07-23 15:20:09"}
{"level":"info","message":"GET /table/list 59 2019-07-23 15:20:09","timestamp":"2019-07-23 15:20:09"}
{"level":"info","message":"GET /order/detail 8 2019-07-23 15:20:09","timestamp":"2019-07-23 15:20:09"}
{"level":"info","message":"GET /order/get_order_test 29 2019-07-23 15:20:09","timestamp":"2019-07-23 15:20:09"}
{"level":"info","message":"GET /order/get_order_test 3 2019-07-23 15:20:09","timestamp":"2019-07-23 15:20:09"}
{"level":"info","message":"GET /order/order_state_count 5 2019-07-23 15:20:10","timestamp":"2019-07-23 15:20:10"}
{"level":"info","message":"GET /order/wait_and_nopay 4 2019-07-23 15:20:10","timestamp":"2019-07-23 15:20:10"}
{"level":"info","message":"启动离线订单检测！间隔180000","timestamp":"2019-07-23 15:20:10"}
{"level":"info","message":"没有需要同步的订单！","timestamp":"2019-07-23 15:20:10"}
{"level":"info","message":"GET /system/info 3 2019-07-23 15:20:11","timestamp":"2019-07-23 15:20:11"}
{"level":"info","message":"GET /on/line/state 0 2019-07-23 15:20:12","timestamp":"2019-07-23 15:20:12"}
{"level":"info","message":"GET /order/order_state_count 7 2019-07-23 15:20:12","timestamp":"2019-07-23 15:20:12"}
{"level":"info","message":"GET /order/wait_and_nopay 6 2019-07-23 15:20:12","timestamp":"2019-07-23 15:20:12"}
{"level":"info","message":"GET /system/info 3 2019-07-23 15:20:16","timestamp":"2019-07-23 15:20:16"}
{"level":"info","message":"GET /on/line/state 1 2019-07-23 15:20:16","timestamp":"2019-07-23 15:20:16"}
{"level":"info","message":"GET /order/order_state_count 10 2019-07-23 15:20:16","timestamp":"2019-07-23 15:20:16"}
{"level":"info","message":"GET /order/wait_and_nopay 10 2019-07-23 15:20:16","timestamp":"2019-07-23 15:20:16"}
{"level":"info","message":"GET /order/order_state_count 11 2019-07-23 15:20:18","timestamp":"2019-07-23 15:20:18"}
{"level":"info","message":"GET /area 9 2019-07-23 15:20:18","timestamp":"2019-07-23 15:20:18"}
{"level":"info","message":"GET /table/list 12 2019-07-23 15:20:18","timestamp":"2019-07-23 15:20:18"}
{"level":"info","message":"GET /order/get_order_test 11 2019-07-23 15:20:18","timestamp":"2019-07-23 15:20:18"}
{"level":"info","message":"GET /order/detail 17 2019-07-23 15:20:18","timestamp":"2019-07-23 15:20:18"}
{"level":"info","message":"GET /order/get_order_test 4 2019-07-23 15:20:19","timestamp":"2019-07-23 15:20:19"}
{"level":"info","message":"GET /order/order_state_count 5 2019-07-23 15:20:21","timestamp":"2019-07-23 15:20:21"}
{"level":"info","message":"GET /order/wait_and_nopay 5 2019-07-23 15:20:21","timestamp":"2019-07-23 15:20:21"}
{"level":"info","message":"GET /order/order_state_count 7 2019-07-23 15:20:22","timestamp":"2019-07-23 15:20:22"}
{"level":"info","message":"GET /area 7 2019-07-23 15:20:22","timestamp":"2019-07-23 15:20:22"}
{"level":"info","message":"GET /table/list 9 2019-07-23 15:20:22","timestamp":"2019-07-23 15:20:22"}
{"level":"info","message":"GET /order/get_order_test 6 2019-07-23 15:20:22","timestamp":"2019-07-23 15:20:22"}
{"level":"info","message":"GET /order/detail 14 2019-07-23 15:20:22","timestamp":"2019-07-23 15:20:22"}
{"level":"info","message":"GET /order/get_order_test 3 2019-07-23 15:20:23","timestamp":"2019-07-23 15:20:23"}
{"level":"info","message":"GET /order/detail 9 2019-07-23 15:20:36","timestamp":"2019-07-23 15:20:36"}
{"level":"info","message":"GET /order/discount_info 3 2019-07-23 15:20:36","timestamp":"2019-07-23 15:20:36"}
{"level":"info","message":"GET /order/detail 9 2019-07-23 15:20:36","timestamp":"2019-07-23 15:20:36"}
{"level":"info","message":"GET /order/order_items 9 2019-07-23 15:20:36","timestamp":"2019-07-23 15:20:36"}
{"level":"info","message":"POST /order/discount 95 2019-07-23 15:20:41","timestamp":"2019-07-23 15:20:41"}
{"level":"info","message":"GET /order/detail 10 2019-07-23 15:20:41","timestamp":"2019-07-23 15:20:41"}
{"level":"info","message":"GET /order/discount_info 3 2019-07-23 15:20:41","timestamp":"2019-07-23 15:20:41"}
{"level":"info","message":"GET /order/detail 9 2019-07-23 15:20:41","timestamp":"2019-07-23 15:20:41"}
{"level":"info","message":"【/v1/newpos/order/discount】==> 折扣成功！","timestamp":"2019-07-23 15:20:41"}
{"level":"info","message":"PUT /order/resume_discount 39 2019-07-23 15:20:50","timestamp":"2019-07-23 15:20:50"}
{"level":"info","message":"GET /order/discount_info 2 2019-07-23 15:20:50","timestamp":"2019-07-23 15:20:50"}
{"level":"info","message":"GET /order/detail 22 2019-07-23 15:20:50","timestamp":"2019-07-23 15:20:50"}
{"level":"info","message":"GET /order/detail 6 2019-07-23 15:20:50","timestamp":"2019-07-23 15:20:50"}
{"level":"info","message":"【/v1/newpos/order/discount/resume】==> 折扣恢复成功！","timestamp":"2019-07-23 15:20:50"}
{"level":"info","message":"GET /order/order_state_count 8 2019-07-23 15:22:03","timestamp":"2019-07-23 15:22:03"}
{"level":"info","message":"GET /area 5 2019-07-23 15:22:03","timestamp":"2019-07-23 15:22:03"}
{"level":"info","message":"GET /table/list 7 2019-07-23 15:22:03","timestamp":"2019-07-23 15:22:03"}
{"level":"info","message":"GET /order/detail 13 2019-07-23 15:22:03","timestamp":"2019-07-23 15:22:03"}
{"level":"info","message":"GET /order/get_order_test 11 2019-07-23 15:22:03","timestamp":"2019-07-23 15:22:03"}
{"level":"info","message":"GET /order/get_order_test 4 2019-07-23 15:22:04","timestamp":"2019-07-23 15:22:04"}
{"level":"info","message":"启动打印机检测！间隔240000","timestamp":"2019-07-23 15:22:10"}
{"level":"info","message":"GET /order/discount_info 3 2019-07-23 15:22:10","timestamp":"2019-07-23 15:22:10"}
{"level":"info","message":"GET /order/order_items 19 2019-07-23 15:22:10","timestamp":"2019-07-23 15:22:10"}
{"level":"info","message":"GET /order/detail 17 2019-07-23 15:22:10","timestamp":"2019-07-23 15:22:10"}
{"level":"info","message":"GET /order/detail 13 2019-07-23 15:22:10","timestamp":"2019-07-23 15:22:10"}
{"level":"info","message":"GET /order/order_state_count 7 2019-07-23 15:22:14","timestamp":"2019-07-23 15:22:14"}
{"level":"info","message":"GET /area 6 2019-07-23 15:22:14","timestamp":"2019-07-23 15:22:14"}
{"level":"info","message":"GET /table/list 8 2019-07-23 15:22:14","timestamp":"2019-07-23 15:22:14"}
{"level":"info","message":"GET /order/get_order_test 10 2019-07-23 15:22:14","timestamp":"2019-07-23 15:22:14"}
{"level":"info","message":"GET /order/detail 16 2019-07-23 15:22:14","timestamp":"2019-07-23 15:22:14"}
{"level":"info","message":"GET /order/get_order_test 6 2019-07-23 15:22:14","timestamp":"2019-07-23 15:22:14"}
{"level":"info","message":"GET /table/number 14 2019-07-23 15:22:19","timestamp":"2019-07-23 15:22:19"}
{"level":"info","message":"GET /order/detail 11 2019-07-23 15:22:20","timestamp":"2019-07-23 15:22:20"}
{"level":"info","message":"GET /order/get_order_test 8 2019-07-23 15:22:20","timestamp":"2019-07-23 15:22:20"}
{"level":"info","message":"GET /order/order_state_count 8 2019-07-23 15:22:30","timestamp":"2019-07-23 15:22:30"}
{"level":"info","message":"GET /order/no_pay 4 2019-07-23 15:22:30","timestamp":"2019-07-23 15:22:30"}
{"level":"info","message":"GET /order/get_order_test 44 2019-07-23 15:22:30","timestamp":"2019-07-23 15:22:30"}
{"level":"info","message":"GET /order/detail 96 2019-07-23 15:22:30","timestamp":"2019-07-23 15:22:30"}
{"level":"info","message":"GET /order/discount_info 5 2019-07-23 15:22:32","timestamp":"2019-07-23 15:22:32"}
{"level":"info","message":"GET /order/detail 17 2019-07-23 15:22:32","timestamp":"2019-07-23 15:22:32"}
{"level":"info","message":"GET /order/order_items 21 2019-07-23 15:22:32","timestamp":"2019-07-23 15:22:32"}
{"level":"info","message":"GET /order/detail 37 2019-07-23 15:22:32","timestamp":"2019-07-23 15:22:32"}
{"level":"info","message":"GET /order/order_state_count 7 2019-07-23 15:22:34","timestamp":"2019-07-23 15:22:34"}
{"level":"info","message":"GET /area 6 2019-07-23 15:22:34","timestamp":"2019-07-23 15:22:34"}
{"level":"info","message":"GET /table/list 7 2019-07-23 15:22:34","timestamp":"2019-07-23 15:22:34"}
{"level":"info","message":"GET /order/detail 17 2019-07-23 15:22:34","timestamp":"2019-07-23 15:22:34"}
{"level":"info","message":"GET /order/get_order_test 13 2019-07-23 15:22:34","timestamp":"2019-07-23 15:22:34"}
{"level":"info","message":"GET /order/get_order_test 3 2019-07-23 15:22:35","timestamp":"2019-07-23 15:22:35"}
{"level":"info","message":"启动离线订单检测！间隔180000","timestamp":"2019-07-23 15:23:10"}
{"level":"info","message":"没有需要同步的订单！","timestamp":"2019-07-23 15:23:10"}
{"level":"info","message":"启动打印机检测！间隔240000","timestamp":"2019-07-23 15:26:10"}
{"level":"info","message":"启动离线订单检测！间隔180000","timestamp":"2019-07-23 15:26:10"}
{"level":"info","message":"没有需要同步的订单！","timestamp":"2019-07-23 15:26:10"}
{"level":"info","message":"启动离线订单检测！间隔180000","timestamp":"2019-07-23 15:29:10"}
{"level":"info","message":"没有需要同步的订单！","timestamp":"2019-07-23 15:29:10"}
{"level":"info","message":"启动打印机检测！间隔240000","timestamp":"2019-07-23 15:30:10"}
{"level":"info","message":"启动离线订单检测！间隔180000","timestamp":"2019-07-23 15:32:10"}
{"level":"info","message":"没有需要同步的订单！","timestamp":"2019-07-23 15:32:10"}
{"level":"info","message":"启动打印机检测！间隔240000","timestamp":"2019-07-23 15:34:10"}
{"level":"info","message":"启动离线订单检测！间隔180000","timestamp":"2019-07-23 15:35:10"}
{"level":"info","message":"没有需要同步的订单！","timestamp":"2019-07-23 15:35:10"}
{"level":"info","message":"GET /on/line/state 0 2019-07-23 15:35:26","timestamp":"2019-07-23 15:35:26"}
{"level":"info","message":"GET /user/normal/list 3 2019-07-23 15:35:26","timestamp":"2019-07-23 15:35:26"}
{"level":"info","message":"POST /user/login 55 2019-07-23 15:35:37","timestamp":"2019-07-23 15:35:37"}
{"level":"info","message":"GET /system/info 7 2019-07-23 15:35:37","timestamp":"2019-07-23 15:35:37"}
{"level":"info","message":"GET /on/line/state 1 2019-07-23 15:35:38","timestamp":"2019-07-23 15:35:38"}
{"level":"info","message":"GET /order/order_state_count 16 2019-07-23 15:35:38","timestamp":"2019-07-23 15:35:38"}
{"level":"info","message":"GET /area 6 2019-07-23 15:35:38","timestamp":"2019-07-23 15:35:38"}
{"level":"info","message":"GET /table/list 8 2019-07-23 15:35:38","timestamp":"2019-07-23 15:35:38"}
{"level":"info","message":"GET /order/get_order_test 8 2019-07-23 15:35:38","timestamp":"2019-07-23 15:35:38"}
{"level":"info","message":"GET /order/detail 13 2019-07-23 15:35:38","timestamp":"2019-07-23 15:35:38"}
{"level":"info","message":"GET /order/get_order_test 4 2019-07-23 15:35:38","timestamp":"2019-07-23 15:35:38"}
{"level":"info","message":"GET /order/discount_info 2 2019-07-23 15:35:58","timestamp":"2019-07-23 15:35:58"}
{"level":"info","message":"GET /order/detail 7 2019-07-23 15:35:58","timestamp":"2019-07-23 15:35:58"}
{"level":"info","message":"GET /order/detail 4 2019-07-23 15:35:58","timestamp":"2019-07-23 15:35:58"}
{"level":"info","message":"GET /order/order_items 5 2019-07-23 15:35:58","timestamp":"2019-07-23 15:35:58"}
{"level":"info","message":"POST /order/pay 88 2019-07-23 15:36:01","timestamp":"2019-07-23 15:36:01"}
{"level":"info","message":"【/v1/newpos/order/payment】==> 买单成功！","timestamp":"2019-07-23 15:36:02"}
{"level":"info","message":"GET /table/number 192 2019-07-23 15:36:02","timestamp":"2019-07-23 15:36:02"}
{"level":"info","message":"GET /order/order_state_count 199 2019-07-23 15:36:02","timestamp":"2019-07-23 15:36:02"}
{"level":"info","message":"GET /area 188 2019-07-23 15:36:02","timestamp":"2019-07-23 15:36:02"}
{"level":"info","message":"GET /table/list 202 2019-07-23 15:36:02","timestamp":"2019-07-23 15:36:02"}
{"level":"info","message":"GET /table/number 3 2019-07-23 15:36:02","timestamp":"2019-07-23 15:36:02"}
{"level":"info","message":"GET /order/order_state_count 9 2019-07-23 15:36:20","timestamp":"2019-07-23 15:36:20"}
{"level":"info","message":"GET /order/wait_order 7 2019-07-23 15:36:20","timestamp":"2019-07-23 15:36:20"}
{"level":"info","message":"GET /order/detail 9 2019-07-23 15:36:20","timestamp":"2019-07-23 15:36:20"}
{"level":"info","message":"GET /order/get_order_test 6 2019-07-23 15:36:20","timestamp":"2019-07-23 15:36:20"}
{"level":"info","message":"GET /table/list 13 2019-07-23 15:36:21","timestamp":"2019-07-23 15:36:21"}
{"level":"info","message":"GET /order/order_state_count 15 2019-07-23 15:36:21","timestamp":"2019-07-23 15:36:21"}
{"level":"info","message":"GET /table/number 3 2019-07-23 15:36:21","timestamp":"2019-07-23 15:36:21"}
{"level":"info","message":"GET /order/order_state_count 4 2019-07-23 15:36:25","timestamp":"2019-07-23 15:36:25"}
{"level":"info","message":"GET /order/pay 5 2019-07-23 15:36:25","timestamp":"2019-07-23 15:36:25"}
{"level":"info","message":"GET /table/list 7 2019-07-23 15:36:26","timestamp":"2019-07-23 15:36:26"}
{"level":"info","message":"GET /order/order_state_count 7 2019-07-23 15:36:26","timestamp":"2019-07-23 15:36:26"}
{"level":"info","message":"GET /table/number 2 2019-07-23 15:36:26","timestamp":"2019-07-23 15:36:26"}
{"level":"info","message":"GET /table/number 2 2019-07-23 15:36:28","timestamp":"2019-07-23 15:36:28"}
{"level":"info","message":"GET /table/number 2 2019-07-23 15:36:30","timestamp":"2019-07-23 15:36:30"}
{"level":"info","message":"POST /bind/table 13 2019-07-23 15:36:33","timestamp":"2019-07-23 15:36:33"}
{"level":"info","message":"GET /table/number 2 2019-07-23 15:36:36","timestamp":"2019-07-23 15:36:36"}
{"level":"info","message":"POST /bind/table 7 2019-07-23 15:36:37","timestamp":"2019-07-23 15:36:37"}
{"level":"info","message":"GET /table/number 2 2019-07-23 15:36:39","timestamp":"2019-07-23 15:36:39"}
{"level":"info","message":"POST /bind/table 36 2019-07-23 15:36:40","timestamp":"2019-07-23 15:36:40"}
{"level":"info","message":"GET /table/number 8 2019-07-23 15:36:40","timestamp":"2019-07-23 15:36:40"}
{"level":"info","message":"GET /order/detail 17 2019-07-23 15:36:40","timestamp":"2019-07-23 15:36:40"}
{"level":"info","message":"GET /article/family_list 6 2019-07-23 15:36:40","timestamp":"2019-07-23 15:36:40"}
{"level":"info","message":"GET /article/article_list 83 2019-07-23 15:36:40","timestamp":"2019-07-23 15:36:40"}
{"level":"info","message":"POST /push/order 112 2019-07-23 15:36:42","timestamp":"2019-07-23 15:36:42"}
{"level":"info","message":"GET /table/number 52 2019-07-23 15:36:42","timestamp":"2019-07-23 15:36:42"}
{"level":"info","message":"【/v1/newpos/order/push】==> 下单成功！","timestamp":"2019-07-23 15:36:42"}
{"level":"info","message":"GET /order/order_state_count 22 2019-07-23 15:36:42","timestamp":"2019-07-23 15:36:42"}
{"level":"info","message":"GET /area 26 2019-07-23 15:36:42","timestamp":"2019-07-23 15:36:42"}
{"level":"info","message":"GET /table/list 25 2019-07-23 15:36:42","timestamp":"2019-07-23 15:36:42"}
{"level":"info","message":"GET /order/detail 56 2019-07-23 15:36:42","timestamp":"2019-07-23 15:36:42"}
{"level":"info","message":"GET /order/get_order_test 5 2019-07-23 15:36:43","timestamp":"2019-07-23 15:36:43"}
{"level":"info","message":"GET /order/discount_info 6 2019-07-23 15:36:45","timestamp":"2019-07-23 15:36:45"}
{"level":"info","message":"GET /order/order_items 28 2019-07-23 15:36:45","timestamp":"2019-07-23 15:36:45"}
{"level":"info","message":"GET /order/detail 25 2019-07-23 15:36:45","timestamp":"2019-07-23 15:36:45"}
{"level":"info","message":"GET /order/detail 6 2019-07-23 15:36:45","timestamp":"2019-07-23 15:36:45"}
{"level":"info","message":"GET /table/number 2 2019-07-23 15:36:52","timestamp":"2019-07-23 15:36:52"}
{"level":"info","message":"POST /order/pay 22 2019-07-23 15:36:56","timestamp":"2019-07-23 15:36:56"}
{"level":"info","message":"GET /table/number 18 2019-07-23 15:36:56","timestamp":"2019-07-23 15:36:56"}
{"level":"info","message":"【/v1/newpos/order/payment】==> 买单成功！","timestamp":"2019-07-23 15:36:56"}
{"level":"info","message":"GET /table/number 5 2019-07-23 15:36:57","timestamp":"2019-07-23 15:36:57"}
{"level":"info","message":"GET /order/order_state_count 30 2019-07-23 15:36:57","timestamp":"2019-07-23 15:36:57"}
{"level":"info","message":"GET /area 11 2019-07-23 15:36:57","timestamp":"2019-07-23 15:36:57"}
{"level":"info","message":"GET /table/list 29 2019-07-23 15:36:57","timestamp":"2019-07-23 15:36:57"}
{"level":"info","message":"GET /table/number 3 2019-07-23 15:36:57","timestamp":"2019-07-23 15:36:57"}
{"level":"info","message":"POST /bind/table 45 2019-07-23 15:37:02","timestamp":"2019-07-23 15:37:02"}
{"level":"info","message":"GET /order/detail 18 2019-07-23 15:37:02","timestamp":"2019-07-23 15:37:02"}
{"level":"info","message":"GET /order/get_order_test 9 2019-07-23 15:37:02","timestamp":"2019-07-23 15:37:02"}
{"level":"info","message":"GET /article/family_list 2 2019-07-23 15:37:02","timestamp":"2019-07-23 15:37:02"}
{"level":"info","message":"GET /order/detail 7 2019-07-23 15:37:02","timestamp":"2019-07-23 15:37:02"}
{"level":"info","message":"GET /article/article_list 21 2019-07-23 15:37:02","timestamp":"2019-07-23 15:37:02"}
{"level":"info","message":"POST /push/order 65 2019-07-23 15:37:04","timestamp":"2019-07-23 15:37:04"}
{"level":"info","message":"【/v1/newpos/order/push】==> 下单成功！","timestamp":"2019-07-23 15:37:05"}
{"level":"info","message":"GET /order/order_state_count 38 2019-07-23 15:37:05","timestamp":"2019-07-23 15:37:05"}
{"level":"info","message":"GET /area 36 2019-07-23 15:37:05","timestamp":"2019-07-23 15:37:05"}
{"level":"info","message":"GET /table/list 44 2019-07-23 15:37:05","timestamp":"2019-07-23 15:37:05"}
{"level":"info","message":"GET /order/detail 67 2019-07-23 15:37:05","timestamp":"2019-07-23 15:37:05"}
{"level":"info","message":"GET /order/get_order_test 4 2019-07-23 15:37:05","timestamp":"2019-07-23 15:37:05"}
{"level":"info","message":"GET /table/number 3 2019-07-23 15:37:15","timestamp":"2019-07-23 15:37:15"}
{"level":"info","message":"GET /order/get_order_test 8 2019-07-23 15:37:16","timestamp":"2019-07-23 15:37:16"}
{"level":"info","message":"GET /order/detail 17 2019-07-23 15:37:16","timestamp":"2019-07-23 15:37:16"}
{"level":"info","message":"GET /order/discount_info 5 2019-07-23 15:37:17","timestamp":"2019-07-23 15:37:17"}
{"level":"info","message":"GET /order/order_items 17 2019-07-23 15:37:17","timestamp":"2019-07-23 15:37:17"}
{"level":"info","message":"GET /order/detail 16 2019-07-23 15:37:17","timestamp":"2019-07-23 15:37:17"}
{"level":"info","message":"GET /order/detail 7 2019-07-23 15:37:17","timestamp":"2019-07-23 15:37:17"}
{"level":"info","message":"POST /order/pay 27 2019-07-23 15:37:25","timestamp":"2019-07-23 15:37:25"}
{"level":"info","message":"GET /table/number 17 2019-07-23 15:37:25","timestamp":"2019-07-23 15:37:25"}
{"level":"info","message":"【/v1/newpos/order/payment】==> 买单成功！","timestamp":"2019-07-23 15:37:25"}
{"level":"info","message":"GET /table/number 50 2019-07-23 15:37:25","timestamp":"2019-07-23 15:37:25"}
{"level":"info","message":"GET /order/order_state_count 56 2019-07-23 15:37:25","timestamp":"2019-07-23 15:37:25"}
{"level":"info","message":"GET /area 55 2019-07-23 15:37:25","timestamp":"2019-07-23 15:37:25"}
{"level":"info","message":"GET /table/list 57 2019-07-23 15:37:25","timestamp":"2019-07-23 15:37:25"}
{"level":"info","message":"GET /table/number 5 2019-07-23 15:37:25","timestamp":"2019-07-23 15:37:25"}
{"level":"info","message":"GET /order/pay 7 2019-07-23 15:37:31","timestamp":"2019-07-23 15:37:31"}
{"level":"info","message":"GET /order/order_state_count 17 2019-07-23 15:37:31","timestamp":"2019-07-23 15:37:31"}
{"level":"info","message":"GET /order/get_order_test 8 2019-07-23 15:37:31","timestamp":"2019-07-23 15:37:31"}
{"level":"info","message":"GET /order/detail 15 2019-07-23 15:37:31","timestamp":"2019-07-23 15:37:31"}
{"level":"info","message":"GET /table/list 5 2019-07-23 15:37:32","timestamp":"2019-07-23 15:37:32"}
{"level":"info","message":"GET /order/order_state_count 6 2019-07-23 15:37:32","timestamp":"2019-07-23 15:37:32"}
{"level":"info","message":"GET /table/number 3 2019-07-23 15:37:32","timestamp":"2019-07-23 15:37:32"}
{"level":"info","message":"GET /order/pay 5 2019-07-23 15:37:34","timestamp":"2019-07-23 15:37:34"}
{"level":"info","message":"GET /order/order_state_count 5 2019-07-23 15:37:34","timestamp":"2019-07-23 15:37:34"}
{"level":"info","message":"GET /order/get_order_test 11 2019-07-23 15:37:34","timestamp":"2019-07-23 15:37:34"}
{"level":"info","message":"GET /order/detail 19 2019-07-23 15:37:34","timestamp":"2019-07-23 15:37:34"}
{"level":"info","message":"GET /table/list 15 2019-07-23 15:37:35","timestamp":"2019-07-23 15:37:35"}
{"level":"info","message":"GET /order/order_state_count 18 2019-07-23 15:37:35","timestamp":"2019-07-23 15:37:35"}
{"level":"info","message":"GET /table/number 2 2019-07-23 15:37:35","timestamp":"2019-07-23 15:37:35"}
{"level":"info","message":"启动打印机检测！间隔240000","timestamp":"2019-07-23 15:38:10"}
{"level":"info","message":"启动离线订单检测！间隔180000","timestamp":"2019-07-23 15:38:10"}
{"level":"info","message":"没有需要同步的订单！","timestamp":"2019-07-23 15:38:10"}
{"level":"info","message":"启动离线订单检测！间隔180000","timestamp":"2019-07-23 15:41:10"}
{"level":"info","message":"没有需要同步的订单！","timestamp":"2019-07-23 15:41:10"}
{"level":"info","message":"GET /article/family_list 2 2019-07-23 15:42:02","timestamp":"2019-07-23 15:42:02"}
{"level":"info","message":"GET /article/article_list 26 2019-07-23 15:42:02","timestamp":"2019-07-23 15:42:02"}
{"level":"info","message":"GET /business/report 48 2019-07-23 15:42:04","timestamp":"2019-07-23 15:42:04"}
{"level":"info","message":"启动打印机检测！间隔240000","timestamp":"2019-07-23 15:42:10"}
{"level":"info","message":"启动离线订单检测！间隔180000","timestamp":"2019-07-23 15:44:10"}
{"level":"info","message":"没有需要同步的订单！","timestamp":"2019-07-23 15:44:10"}
{"level":"info","message":"启动打印机检测！间隔240000","timestamp":"2019-07-23 15:46:10"}
{"level":"info","message":"启动离线订单检测！间隔180000","timestamp":"2019-07-23 15:47:10"}
{"level":"info","message":"没有需要同步的订单！","timestamp":"2019-07-23 15:47:10"}
{"level":"info","message":"启动打印机检测！间隔240000","timestamp":"2019-07-23 15:50:11"}
{"level":"info","message":"启动离线订单检测！间隔180000","timestamp":"2019-07-23 15:50:12"}
{"level":"info","message":"没有需要同步的订单！","timestamp":"2019-07-23 15:50:12"}
{"level":"info","message":"启动离线订单检测！间隔180000","timestamp":"2019-07-23 15:53:12"}
{"level":"info","message":"没有需要同步的订单！","timestamp":"2019-07-23 15:53:12"}
{"level":"info","message":"启动打印机检测！间隔240000","timestamp":"2019-07-23 15:54:11"}
{"level":"info","message":"启动离线订单检测！间隔180000","timestamp":"2019-07-23 15:56:12"}
{"level":"info","message":"没有需要同步的订单！","timestamp":"2019-07-23 15:56:12"}
{"level":"info","message":"启动打印机检测！间隔240000","timestamp":"2019-07-23 15:58:11"}
{"level":"info","message":"启动离线订单检测！间隔180000","timestamp":"2019-07-23 15:59:12"}
{"level":"info","message":"没有需要同步的订单！","timestamp":"2019-07-23 15:59:12"}
{"level":"info","message":"启动打印机检测！间隔240000","timestamp":"2019-07-23 16:02:11"}
{"level":"info","message":"启动离线订单检测！间隔180000","timestamp":"2019-07-23 16:02:12"}
{"level":"info","message":"没有需要同步的订单！","timestamp":"2019-07-23 16:02:12"}
{"level":"info","message":"启动离线订单检测！间隔180000","timestamp":"2019-07-23 16:05:12"}
{"level":"info","message":"没有需要同步的订单！","timestamp":"2019-07-23 16:05:12"}
{"level":"info","message":"启动打印机检测！间隔240000","timestamp":"2019-07-23 16:06:11"}
{"level":"info","message":"启动离线订单检测！间隔180000","timestamp":"2019-07-23 16:08:12"}
{"level":"info","message":"没有需要同步的订单！","timestamp":"2019-07-23 16:08:12"}
{"level":"info","message":"启动打印机检测！间隔240000","timestamp":"2019-07-23 16:10:11"}
{"level":"info","message":"启动离线订单检测！间隔180000","timestamp":"2019-07-23 16:11:12"}
{"level":"info","message":"没有需要同步的订单！","timestamp":"2019-07-23 16:11:12"}
{"level":"info","message":"启动打印机检测！间隔240000","timestamp":"2019-07-23 16:14:11"}
{"level":"info","message":"启动离线订单检测！间隔180000","timestamp":"2019-07-23 16:14:12"}
{"level":"info","message":"没有需要同步的订单！","timestamp":"2019-07-23 16:14:12"}
{"level":"info","message":"启动离线订单检测！间隔180000","timestamp":"2019-07-23 16:17:12"}
{"level":"info","message":"没有需要同步的订单！","timestamp":"2019-07-23 16:17:12"}
{"level":"info","message":"启动打印机检测！间隔240000","timestamp":"2019-07-23 16:18:11"}
{"level":"info","message":"启动离线订单检测！间隔180000","timestamp":"2019-07-23 16:20:12"}
{"level":"info","message":"没有需要同步的订单！","timestamp":"2019-07-23 16:20:12"}
{"level":"info","message":"启动打印机检测！间隔240000","timestamp":"2019-07-23 16:22:11"}
{"level":"info","message":"启动离线订单检测！间隔180000","timestamp":"2019-07-23 16:23:12"}
{"level":"info","message":"没有需要同步的订单！","timestamp":"2019-07-23 16:23:12"}
{"level":"info","message":"启动打印机检测！间隔240000","timestamp":"2019-07-23 16:26:11"}
{"level":"info","message":"启动离线订单检测！间隔180000","timestamp":"2019-07-23 16:26:12"}
{"level":"info","message":"没有需要同步的订单！","timestamp":"2019-07-23 16:26:12"}
{"level":"info","message":"启动离线订单检测！间隔180000","timestamp":"2019-07-23 16:29:12"}
{"level":"info","message":"没有需要同步的订单！","timestamp":"2019-07-23 16:29:12"}
{"level":"info","message":"启动打印机检测！间隔240000","timestamp":"2019-07-23 16:30:11"}
{"level":"info","message":"启动离线订单检测！间隔180000","timestamp":"2019-07-23 16:32:12"}
{"level":"info","message":"没有需要同步的订单！","timestamp":"2019-07-23 16:32:12"}
{"level":"info","message":"启动打印机检测！间隔240000","timestamp":"2019-07-23 16:34:11"}
{"level":"info","message":"启动离线订单检测！间隔180000","timestamp":"2019-07-23 16:35:12"}
{"level":"info","message":"没有需要同步的订单！","timestamp":"2019-07-23 16:35:12"}
{"level":"info","message":"启动打印机检测！间隔240000","timestamp":"2019-07-23 16:38:11"}
{"level":"info","message":"启动离线订单检测！间隔180000","timestamp":"2019-07-23 16:38:12"}
{"level":"info","message":"没有需要同步的订单！","timestamp":"2019-07-23 16:38:12"}
{"level":"info","message":"启动离线订单检测！间隔180000","timestamp":"2019-07-23 16:41:12"}
{"level":"info","message":"没有需要同步的订单！","timestamp":"2019-07-23 16:41:12"}
{"level":"info","message":"启动打印机检测！间隔240000","timestamp":"2019-07-23 16:42:12"}
{"level":"info","message":"启动离线订单检测！间隔180000","timestamp":"2019-07-23 16:44:12"}
{"level":"info","message":"没有需要同步的订单！","timestamp":"2019-07-23 16:44:12"}
{"level":"info","message":"启动打印机检测！间隔240000","timestamp":"2019-07-23 16:46:12"}
{"level":"info","message":"启动离线订单检测！间隔180000","timestamp":"2019-07-23 16:47:12"}
{"level":"info","message":"没有需要同步的订单！","timestamp":"2019-07-23 16:47:12"}
{"level":"info","message":"启动打印机检测！间隔240000","timestamp":"2019-07-23 16:50:12"}
{"level":"info","message":"启动离线订单检测！间隔180000","timestamp":"2019-07-23 16:50:12"}
{"level":"info","message":"没有需要同步的订单！","timestamp":"2019-07-23 16:50:12"}
{"level":"info","message":"启动离线订单检测！间隔180000","timestamp":"2019-07-23 16:53:12"}
{"level":"info","message":"没有需要同步的订单！","timestamp":"2019-07-23 16:53:12"}
{"level":"info","message":"启动打印机检测！间隔240000","timestamp":"2019-07-23 16:54:12"}
{"level":"info","message":"启动离线订单检测！间隔180000","timestamp":"2019-07-23 16:56:12"}
{"level":"info","message":"没有需要同步的订单！","timestamp":"2019-07-23 16:56:12"}
{"level":"info","message":"启动打印机检测！间隔240000","timestamp":"2019-07-23 16:58:12"}
{"level":"info","message":"启动离线订单检测！间隔180000","timestamp":"2019-07-23 16:59:12"}
{"level":"info","message":"没有需要同步的订单！","timestamp":"2019-07-23 16:59:12"}
{"level":"info","message":"启动打印机检测！间隔240000","timestamp":"2019-07-23 17:02:12"}
{"level":"info","message":"启动离线订单检测！间隔180000","timestamp":"2019-07-23 17:02:12"}
{"level":"info","message":"没有需要同步的订单！","timestamp":"2019-07-23 17:02:12"}
{"level":"error","message":"==mqtt==close==你已断开连接,正常退出","timestamp":"2019-07-23 17:02:13"}
{"level":"error","message":"==mqtt==reconnect==正在尝试重新连接","timestamp":"2019-07-23 17:02:28"}
{"level":"info","message":"mqtt成功连接到：ws://test.emq.restoplus.cn:8083/mqtt","timestamp":"2019-07-23 17:02:28"}
{"level":"info","message":"订阅成功--$queue/winPos/+/2f83afee7a0e4822a6729145dd53af33/d2ff1bbb8c6f4fd8adb3949f76f8c1b6/+/+/+","timestamp":"2019-07-23 17:02:28"}
{"level":"info","message":"允许接收的平台=>posAdmin-dev,resto-dev","timestamp":"2019-07-23 17:02:28"}
{"level":"error","message":"==mqtt==close==你已断开连接,正常退出","timestamp":"2019-07-23 17:02:43"}
{"level":"error","message":"==mqtt==reconnect==正在尝试重新连接","timestamp":"2019-07-23 17:02:58"}
{"level":"info","message":"mqtt成功连接到：ws://test.emq.restoplus.cn:8083/mqtt","timestamp":"2019-07-23 17:02:58"}
{"level":"info","message":"订阅成功--$queue/winPos/+/2f83afee7a0e4822a6729145dd53af33/d2ff1bbb8c6f4fd8adb3949f76f8c1b6/+/+/+","timestamp":"2019-07-23 17:02:58"}
{"level":"info","message":"允许接收的平台=>posAdmin-dev,resto-dev","timestamp":"2019-07-23 17:02:58"}
{"level":"info","message":"启动离线订单检测！间隔180000","timestamp":"2019-07-23 17:05:12"}
{"level":"info","message":"没有需要同步的订单！","timestamp":"2019-07-23 17:05:12"}
{"level":"info","message":"启动打印机检测！间隔240000","timestamp":"2019-07-23 17:06:12"}
{"level":"info","message":"启动离线订单检测！间隔180000","timestamp":"2019-07-23 17:08:12"}
{"level":"info","message":"没有需要同步的订单！","timestamp":"2019-07-23 17:08:12"}
{"level":"info","message":"启动打印机检测！间隔240000","timestamp":"2019-07-23 17:10:12"}
{"level":"info","message":"启动离线订单检测！间隔180000","timestamp":"2019-07-23 17:11:12"}
{"level":"info","message":"没有需要同步的订单！","timestamp":"2019-07-23 17:11:12"}
{"level":"info","message":"启动打印机检测！间隔240000","timestamp":"2019-07-23 17:14:12"}
{"level":"info","message":"启动离线订单检测！间隔180000","timestamp":"2019-07-23 17:14:12"}
{"level":"info","message":"没有需要同步的订单！","timestamp":"2019-07-23 17:14:12"}
{"level":"info","message":"启动离线订单检测！间隔180000","timestamp":"2019-07-23 17:17:12"}
{"level":"info","message":"没有需要同步的订单！","timestamp":"2019-07-23 17:17:12"}
{"level":"info","message":"启动打印机检测！间隔240000","timestamp":"2019-07-23 17:18:12"}
{"level":"info","message":"启动离线订单检测！间隔180000","timestamp":"2019-07-23 17:20:12"}
{"level":"info","message":"没有需要同步的订单！","timestamp":"2019-07-23 17:20:12"}
{"level":"info","message":"启动打印机检测！间隔240000","timestamp":"2019-07-23 17:22:12"}
{"level":"info","message":"启动离线订单检测！间隔180000","timestamp":"2019-07-23 17:23:12"}
{"level":"info","message":"没有需要同步的订单！","timestamp":"2019-07-23 17:23:12"}
{"level":"info","message":"启动打印机检测！间隔240000","timestamp":"2019-07-23 17:26:12"}
{"level":"info","message":"启动离线订单检测！间隔180000","timestamp":"2019-07-23 17:26:12"}
{"level":"info","message":"没有需要同步的订单！","timestamp":"2019-07-23 17:26:12"}
{"level":"info","message":"启动离线订单检测！间隔180000","timestamp":"2019-07-23 17:29:12"}
{"level":"info","message":"没有需要同步的订单！","timestamp":"2019-07-23 17:29:12"}
{"level":"info","message":"启动打印机检测！间隔240000","timestamp":"2019-07-23 17:30:12"}
{"level":"info","message":"启动离线订单检测！间隔180000","timestamp":"2019-07-23 17:32:12"}
{"level":"info","message":"没有需要同步的订单！","timestamp":"2019-07-23 17:32:12"}
{"level":"info","message":"启动打印机检测！间隔240000","timestamp":"2019-07-23 17:34:12"}
{"level":"info","message":"启动离线订单检测！间隔180000","timestamp":"2019-07-23 17:35:12"}
{"level":"info","message":"没有需要同步的订单！","timestamp":"2019-07-23 17:35:12"}
{"level":"info","message":"启动打印机检测！间隔240000","timestamp":"2019-07-23 17:38:12"}
{"level":"info","message":"启动离线订单检测！间隔180000","timestamp":"2019-07-23 17:38:12"}
{"level":"info","message":"没有需要同步的订单！","timestamp":"2019-07-23 17:38:12"}
{"level":"info","message":"启动离线订单检测！间隔180000","timestamp":"2019-07-23 17:41:12"}
{"level":"info","message":"没有需要同步的订单！","timestamp":"2019-07-23 17:41:12"}
{"level":"info","message":"启动打印机检测！间隔240000","timestamp":"2019-07-23 17:42:12"}
{"level":"info","message":"启动离线订单检测！间隔180000","timestamp":"2019-07-23 17:44:12"}
{"level":"info","message":"没有需要同步的订单！","timestamp":"2019-07-23 17:44:12"}
{"level":"info","message":"启动打印机检测！间隔240000","timestamp":"2019-07-23 17:46:12"}
{"level":"info","message":"启动离线订单检测！间隔180000","timestamp":"2019-07-23 17:47:12"}
{"level":"info","message":"没有需要同步的订单！","timestamp":"2019-07-23 17:47:12"}
{"level":"info","message":"启动打印机检测！间隔240000","timestamp":"2019-07-23 17:50:12"}
{"level":"info","message":"启动离线订单检测！间隔180000","timestamp":"2019-07-23 17:50:12"}
{"level":"info","message":"没有需要同步的订单！","timestamp":"2019-07-23 17:50:12"}
{"level":"info","message":"启动离线订单检测！间隔180000","timestamp":"2019-07-23 17:53:12"}
{"level":"info","message":"没有需要同步的订单！","timestamp":"2019-07-23 17:53:12"}
{"level":"info","message":"启动打印机检测！间隔240000","timestamp":"2019-07-23 17:54:12"}
{"level":"info","message":"启动离线订单检测！间隔180000","timestamp":"2019-07-23 17:56:12"}
{"level":"info","message":"没有需要同步的订单！","timestamp":"2019-07-23 17:56:12"}
{"level":"info","message":"启动打印机检测！间隔240000","timestamp":"2019-07-23 17:58:12"}
{"level":"info","message":"启动离线订单检测！间隔180000","timestamp":"2019-07-23 17:59:12"}
{"level":"info","message":"没有需要同步的订单！","timestamp":"2019-07-23 17:59:12"}
{"level":"info","message":"启动打印机检测！间隔240000","timestamp":"2019-07-23 18:02:12"}
{"level":"info","message":"启动离线订单检测！间隔180000","timestamp":"2019-07-23 18:02:12"}
{"level":"info","message":"没有需要同步的订单！","timestamp":"2019-07-23 18:02:12"}
{"level":"info","message":"启动离线订单检测！间隔180000","timestamp":"2019-07-23 18:05:12"}
{"level":"info","message":"没有需要同步的订单！","timestamp":"2019-07-23 18:05:12"}
{"level":"info","message":"启动打印机检测！间隔240000","timestamp":"2019-07-23 18:06:12"}
{"level":"info","message":"启动离线订单检测！间隔180000","timestamp":"2019-07-23 18:08:12"}
{"level":"info","message":"没有需要同步的订单！","timestamp":"2019-07-23 18:08:12"}
{"level":"info","message":"启动打印机检测！间隔240000","timestamp":"2019-07-23 18:10:12"}
{"level":"info","message":"启动离线订单检测！间隔180000","timestamp":"2019-07-23 18:11:12"}
{"level":"info","message":"没有需要同步的订单！","timestamp":"2019-07-23 18:11:12"}
{"level":"info","message":"启动打印机检测！间隔240000","timestamp":"2019-07-23 18:14:12"}
{"level":"info","message":"启动离线订单检测！间隔180000","timestamp":"2019-07-23 18:14:12"}
{"level":"info","message":"没有需要同步的订单！","timestamp":"2019-07-23 18:14:12"}
{"level":"info","message":"启动离线订单检测！间隔180000","timestamp":"2019-07-23 18:17:12"}
{"level":"info","message":"没有需要同步的订单！","timestamp":"2019-07-23 18:17:12"}
{"level":"info","message":"启动打印机检测！间隔240000","timestamp":"2019-07-23 18:18:12"}
{"level":"info","message":"启动离线订单检测！间隔180000","timestamp":"2019-07-23 18:20:12"}
{"level":"info","message":"没有需要同步的订单！","timestamp":"2019-07-23 18:20:12"}
{"level":"info","message":"启动打印机检测！间隔240000","timestamp":"2019-07-23 18:22:12"}
{"level":"info","message":"启动离线订单检测！间隔180000","timestamp":"2019-07-23 18:23:12"}
{"level":"info","message":"没有需要同步的订单！","timestamp":"2019-07-23 18:23:12"}
{"level":"info","message":"启动打印机检测！间隔240000","timestamp":"2019-07-23 18:26:12"}
{"level":"info","message":"启动离线订单检测！间隔180000","timestamp":"2019-07-23 18:26:12"}
{"level":"info","message":"没有需要同步的订单！","timestamp":"2019-07-23 18:26:12"}
{"level":"info","message":"启动离线订单检测！间隔180000","timestamp":"2019-07-23 18:29:12"}
{"level":"info","message":"没有需要同步的订单！","timestamp":"2019-07-23 18:29:12"}
{"level":"info","message":"启动打印机检测！间隔240000","timestamp":"2019-07-23 18:30:12"}
{"level":"info","message":"启动离线订单检测！间隔180000","timestamp":"2019-07-23 18:32:12"}
{"level":"info","message":"没有需要同步的订单！","timestamp":"2019-07-23 18:32:12"}
{"level":"info","message":"启动打印机检测！间隔240000","timestamp":"2019-07-23 18:34:12"}
{"level":"info","message":"启动离线订单检测！间隔180000","timestamp":"2019-07-23 18:35:12"}
{"level":"info","message":"没有需要同步的订单！","timestamp":"2019-07-23 18:35:12"}
{"level":"info","message":"启动打印机检测！间隔240000","timestamp":"2019-07-23 18:38:12"}
{"level":"info","message":"启动离线订单检测！间隔180000","timestamp":"2019-07-23 18:38:12"}
{"level":"info","message":"没有需要同步的订单！","timestamp":"2019-07-23 18:38:12"}
{"level":"info","message":"启动离线订单检测！间隔180000","timestamp":"2019-07-23 18:41:12"}
{"level":"info","message":"没有需要同步的订单！","timestamp":"2019-07-23 18:41:12"}
{"level":"info","message":"启动打印机检测！间隔240000","timestamp":"2019-07-23 18:42:12"}
{"level":"info","message":"启动离线订单检测！间隔180000","timestamp":"2019-07-23 18:44:12"}
{"level":"info","message":"没有需要同步的订单！","timestamp":"2019-07-23 18:44:12"}
{"level":"info","message":"启动打印机检测！间隔240000","timestamp":"2019-07-23 18:46:12"}
{"level":"info","message":"启动离线订单检测！间隔180000","timestamp":"2019-07-23 18:47:12"}
{"level":"info","message":"没有需要同步的订单！","timestamp":"2019-07-23 18:47:12"}
{"level":"info","message":"启动打印机检测！间隔240000","timestamp":"2019-07-23 18:50:12"}
{"level":"info","message":"启动离线订单检测！间隔180000","timestamp":"2019-07-23 18:50:12"}
{"level":"info","message":"没有需要同步的订单！","timestamp":"2019-07-23 18:50:12"}
{"level":"info","message":"启动离线订单检测！间隔180000","timestamp":"2019-07-23 18:53:12"}
{"level":"info","message":"没有需要同步的订单！","timestamp":"2019-07-23 18:53:12"}
{"level":"info","message":"启动打印机检测！间隔240000","timestamp":"2019-07-23 18:54:12"}
{"level":"info","message":"启动离线订单检测！间隔180000","timestamp":"2019-07-23 18:56:12"}
{"level":"info","message":"没有需要同步的订单！","timestamp":"2019-07-23 18:56:12"}
