{"level":"info","message":"mqtt成功连接到：ws://test.emq.restoplus.cn:8083/mqtt","timestamp":"2019-07-12 09:51:30"}
{"level":"info","message":"订阅成功--$queue/winPos/+/2f83afee7a0e4822a6729145dd53af33/d2ff1bbb8c6f4fd8adb3949f76f8c1b6/+/+/+","timestamp":"2019-07-12 09:51:30"}
{"level":"info","message":"允许接收的平台=>posAdmin-dev,resto-dev","timestamp":"2019-07-12 09:51:30"}
{"level":"error","message":"==mqtt==close==你已断开连接,正常退出","timestamp":"2019-07-12 09:52:01"}
{"level":"error","message":"==mqtt==reconnect==正在尝试重新连接","timestamp":"2019-07-12 09:52:19"}
{"level":"info","message":"mqtt成功连接到：ws://test.emq.restoplus.cn:8083/mqtt","timestamp":"2019-07-12 09:52:19"}
{"level":"info","message":"订阅成功--$queue/winPos/+/2f83afee7a0e4822a6729145dd53af33/d2ff1bbb8c6f4fd8adb3949f76f8c1b6/+/+/+","timestamp":"2019-07-12 09:52:19"}
{"level":"info","message":"允许接收的平台=>posAdmin-dev,resto-dev","timestamp":"2019-07-12 09:52:19"}
{"level":"info","message":"GET /system/info 336 2019-07-12 09:53:48","timestamp":"2019-07-12 09:53:48"}
{"level":"info","message":"GET /on/line/state 2 2019-07-12 09:53:52","timestamp":"2019-07-12 09:53:52"}
{"level":"info","message":"GET /order/discount_info 305 2019-07-12 09:53:52","timestamp":"2019-07-12 09:53:52"}
{"level":"info","message":"GET /order/detail 387 2019-07-12 09:53:53","timestamp":"2019-07-12 09:53:53"}
{"level":"info","message":"GET /order/detail 10 2019-07-12 09:53:53","timestamp":"2019-07-12 09:53:53"}
{"level":"info","message":"GET /order/order_items 7 2019-07-12 09:53:53","timestamp":"2019-07-12 09:53:53"}
{"level":"info","message":"启动离线订单检测！间隔180000","timestamp":"2019-07-12 09:54:20"}
{"level":"info","message":"没有需要同步的订单！","timestamp":"2019-07-12 09:54:21"}
{"level":"info","message":"启动打印机检测！间隔240000","timestamp":"2019-07-12 09:55:20"}
{"level":"info","message":"启动离线订单检测！间隔180000","timestamp":"2019-07-12 09:57:20"}
{"level":"info","message":"没有需要同步的订单！","timestamp":"2019-07-12 09:57:20"}
{"level":"info","message":"启动打印机检测！间隔240000","timestamp":"2019-07-12 09:59:20"}
{"level":"info","message":"启动离线订单检测！间隔180000","timestamp":"2019-07-12 10:00:20"}
{"level":"info","message":"没有需要同步的订单！","timestamp":"2019-07-12 10:00:20"}
{"level":"info","message":"启动打印机检测！间隔240000","timestamp":"2019-07-12 10:03:20"}
{"level":"info","message":"启动离线订单检测！间隔180000","timestamp":"2019-07-12 10:03:20"}
{"level":"info","message":"没有需要同步的订单！","timestamp":"2019-07-12 10:03:20"}
{"level":"info","message":"启动离线订单检测！间隔180000","timestamp":"2019-07-12 10:06:20"}
{"level":"info","message":"没有需要同步的订单！","timestamp":"2019-07-12 10:06:20"}
{"level":"info","message":"启动打印机检测！间隔240000","timestamp":"2019-07-12 10:07:20"}
{"level":"info","message":"mqtt成功连接到：ws://test.emq.restoplus.cn:8083/mqtt","timestamp":"2019-07-12 14:31:00"}
{"level":"info","message":"订阅成功--$queue/winPos/+/2f83afee7a0e4822a6729145dd53af33/d2ff1bbb8c6f4fd8adb3949f76f8c1b6/+/+/+","timestamp":"2019-07-12 14:31:00"}
{"level":"info","message":"允许接收的平台=>posAdmin-dev,resto-dev","timestamp":"2019-07-12 14:31:00"}
{"level":"error","message":"==mqtt==close==你已断开连接,异常退出","timestamp":"2019-07-12 14:31:28"}
{"level":"error","message":"==mqtt==reconnect==正在尝试重新连接","timestamp":"2019-07-12 14:31:44"}
{"level":"info","message":"mqtt成功连接到：ws://test.emq.restoplus.cn:8083/mqtt","timestamp":"2019-07-12 14:31:44"}
{"level":"info","message":"订阅成功--$queue/winPos/+/2f83afee7a0e4822a6729145dd53af33/d2ff1bbb8c6f4fd8adb3949f76f8c1b6/+/+/+","timestamp":"2019-07-12 14:31:44"}
{"level":"info","message":"允许接收的平台=>posAdmin-dev,resto-dev","timestamp":"2019-07-12 14:31:44"}
{"level":"info","message":"启动离线订单检测！间隔180000","timestamp":"2019-07-12 14:33:51"}
{"level":"info","message":"没有需要同步的订单！","timestamp":"2019-07-12 14:33:51"}
{"level":"info","message":"启动打印机检测！间隔240000","timestamp":"2019-07-12 14:34:51"}
{"level":"info","message":"启动离线订单检测！间隔180000","timestamp":"2019-07-12 14:36:51"}
{"level":"info","message":"没有需要同步的订单！","timestamp":"2019-07-12 14:36:51"}
{"level":"info","message":"启动打印机检测！间隔240000","timestamp":"2019-07-12 14:38:51"}
{"level":"info","message":"启动离线订单检测！间隔180000","timestamp":"2019-07-12 14:39:51"}
{"level":"info","message":"没有需要同步的订单！","timestamp":"2019-07-12 14:39:51"}
{"level":"info","message":"启动打印机检测！间隔240000","timestamp":"2019-07-12 14:42:51"}
{"level":"info","message":"启动离线订单检测！间隔180000","timestamp":"2019-07-12 14:42:51"}
{"level":"info","message":"没有需要同步的订单！","timestamp":"2019-07-12 14:42:51"}
{"level":"info","message":"启动离线订单检测！间隔180000","timestamp":"2019-07-12 14:45:51"}
{"level":"info","message":"没有需要同步的订单！","timestamp":"2019-07-12 14:45:51"}
{"level":"info","message":"启动打印机检测！间隔240000","timestamp":"2019-07-12 14:46:51"}
{"level":"info","message":"启动离线订单检测！间隔180000","timestamp":"2019-07-12 14:48:51"}
{"level":"info","message":"没有需要同步的订单！","timestamp":"2019-07-12 14:48:51"}
{"level":"info","message":"启动打印机检测！间隔240000","timestamp":"2019-07-12 14:50:51"}
{"level":"info","message":"启动离线订单检测！间隔180000","timestamp":"2019-07-12 14:51:51"}
{"level":"info","message":"没有需要同步的订单！","timestamp":"2019-07-12 14:51:51"}
{"level":"info","message":"启动打印机检测！间隔240000","timestamp":"2019-07-12 14:54:51"}
{"level":"info","message":"启动离线订单检测！间隔180000","timestamp":"2019-07-12 14:54:51"}
{"level":"info","message":"没有需要同步的订单！","timestamp":"2019-07-12 14:54:51"}
{"level":"info","message":"启动离线订单检测！间隔180000","timestamp":"2019-07-12 14:57:51"}
{"level":"info","message":"没有需要同步的订单！","timestamp":"2019-07-12 14:57:51"}
{"level":"info","message":"启动打印机检测！间隔240000","timestamp":"2019-07-12 14:58:51"}
{"level":"info","message":"启动离线订单检测！间隔180000","timestamp":"2019-07-12 15:00:51"}
{"level":"info","message":"没有需要同步的订单！","timestamp":"2019-07-12 15:00:51"}
{"level":"info","message":"启动打印机检测！间隔240000","timestamp":"2019-07-12 15:02:51"}
{"level":"info","message":"启动离线订单检测！间隔180000","timestamp":"2019-07-12 15:03:51"}
{"level":"info","message":"没有需要同步的订单！","timestamp":"2019-07-12 15:03:51"}
{"level":"info","message":"启动打印机检测！间隔240000","timestamp":"2019-07-12 15:06:51"}
{"level":"info","message":"启动离线订单检测！间隔180000","timestamp":"2019-07-12 15:06:51"}
{"level":"info","message":"没有需要同步的订单！","timestamp":"2019-07-12 15:06:51"}
{"level":"info","message":"启动离线订单检测！间隔180000","timestamp":"2019-07-12 15:09:51"}
{"level":"info","message":"没有需要同步的订单！","timestamp":"2019-07-12 15:09:51"}
{"level":"info","message":"启动打印机检测！间隔240000","timestamp":"2019-07-12 15:10:51"}
{"level":"info","message":"启动离线订单检测！间隔180000","timestamp":"2019-07-12 15:12:51"}
{"level":"info","message":"没有需要同步的订单！","timestamp":"2019-07-12 15:12:51"}
{"level":"info","message":"启动打印机检测！间隔240000","timestamp":"2019-07-12 15:14:51"}
{"level":"info","message":"启动离线订单检测！间隔180000","timestamp":"2019-07-12 15:15:51"}
{"level":"info","message":"没有需要同步的订单！","timestamp":"2019-07-12 15:15:51"}
{"level":"info","message":"启动打印机检测！间隔240000","timestamp":"2019-07-12 15:18:51"}
{"level":"info","message":"启动离线订单检测！间隔180000","timestamp":"2019-07-12 15:18:51"}
{"level":"info","message":"没有需要同步的订单！","timestamp":"2019-07-12 15:18:51"}
{"level":"info","message":"启动离线订单检测！间隔180000","timestamp":"2019-07-12 15:21:51"}
{"level":"info","message":"没有需要同步的订单！","timestamp":"2019-07-12 15:21:51"}
{"level":"info","message":"启动打印机检测！间隔240000","timestamp":"2019-07-12 15:22:51"}
{"level":"info","message":"启动离线订单检测！间隔180000","timestamp":"2019-07-12 15:24:51"}
{"level":"info","message":"没有需要同步的订单！","timestamp":"2019-07-12 15:24:51"}
{"level":"info","message":"启动打印机检测！间隔240000","timestamp":"2019-07-12 15:26:51"}
{"level":"info","message":"启动离线订单检测！间隔180000","timestamp":"2019-07-12 15:27:51"}
{"level":"info","message":"没有需要同步的订单！","timestamp":"2019-07-12 15:27:51"}
{"level":"info","message":"启动打印机检测！间隔240000","timestamp":"2019-07-12 15:30:51"}
{"level":"info","message":"启动离线订单检测！间隔180000","timestamp":"2019-07-12 15:30:51"}
{"level":"info","message":"没有需要同步的订单！","timestamp":"2019-07-12 15:30:51"}
{"level":"info","message":"启动离线订单检测！间隔180000","timestamp":"2019-07-12 15:33:51"}
{"level":"info","message":"没有需要同步的订单！","timestamp":"2019-07-12 15:33:51"}
{"level":"info","message":"启动打印机检测！间隔240000","timestamp":"2019-07-12 15:34:51"}
{"level":"info","message":"启动离线订单检测！间隔180000","timestamp":"2019-07-12 15:36:51"}
{"level":"info","message":"没有需要同步的订单！","timestamp":"2019-07-12 15:36:51"}
{"level":"info","message":"启动打印机检测！间隔240000","timestamp":"2019-07-12 15:38:51"}
{"level":"info","message":"启动离线订单检测！间隔180000","timestamp":"2019-07-12 15:39:51"}
{"level":"info","message":"没有需要同步的订单！","timestamp":"2019-07-12 15:39:51"}
{"level":"info","message":"启动打印机检测！间隔240000","timestamp":"2019-07-12 15:42:51"}
{"level":"info","message":"启动离线订单检测！间隔180000","timestamp":"2019-07-12 15:42:51"}
{"level":"info","message":"没有需要同步的订单！","timestamp":"2019-07-12 15:42:51"}
{"level":"info","message":"启动离线订单检测！间隔180000","timestamp":"2019-07-12 15:45:51"}
{"level":"info","message":"没有需要同步的订单！","timestamp":"2019-07-12 15:45:51"}
{"level":"info","message":"启动打印机检测！间隔240000","timestamp":"2019-07-12 15:46:51"}
{"level":"info","message":"启动离线订单检测！间隔180000","timestamp":"2019-07-12 15:48:51"}
{"level":"info","message":"没有需要同步的订单！","timestamp":"2019-07-12 15:48:51"}
{"level":"info","message":"启动打印机检测！间隔240000","timestamp":"2019-07-12 15:50:51"}
{"level":"info","message":"启动离线订单检测！间隔180000","timestamp":"2019-07-12 15:51:51"}
{"level":"info","message":"没有需要同步的订单！","timestamp":"2019-07-12 15:51:51"}
{"level":"info","message":"启动打印机检测！间隔240000","timestamp":"2019-07-12 15:54:51"}
{"level":"info","message":"启动离线订单检测！间隔180000","timestamp":"2019-07-12 15:54:51"}
{"level":"info","message":"没有需要同步的订单！","timestamp":"2019-07-12 15:54:51"}
{"level":"info","message":"启动离线订单检测！间隔180000","timestamp":"2019-07-12 15:57:51"}
{"level":"info","message":"没有需要同步的订单！","timestamp":"2019-07-12 15:57:51"}
{"level":"info","message":"启动打印机检测！间隔240000","timestamp":"2019-07-12 15:58:51"}
{"level":"info","message":"启动离线订单检测！间隔180000","timestamp":"2019-07-12 16:00:51"}
{"level":"info","message":"没有需要同步的订单！","timestamp":"2019-07-12 16:00:51"}
{"level":"info","message":"启动打印机检测！间隔240000","timestamp":"2019-07-12 16:02:51"}
{"level":"info","message":"启动离线订单检测！间隔180000","timestamp":"2019-07-12 16:03:51"}
{"level":"info","message":"没有需要同步的订单！","timestamp":"2019-07-12 16:03:51"}
{"level":"info","message":"启动打印机检测！间隔240000","timestamp":"2019-07-12 16:06:51"}
{"level":"info","message":"启动离线订单检测！间隔180000","timestamp":"2019-07-12 16:06:51"}
{"level":"info","message":"没有需要同步的订单！","timestamp":"2019-07-12 16:06:51"}
{"level":"info","message":"启动离线订单检测！间隔180000","timestamp":"2019-07-12 16:09:51"}
{"level":"info","message":"没有需要同步的订单！","timestamp":"2019-07-12 16:09:51"}
{"level":"info","message":"启动打印机检测！间隔240000","timestamp":"2019-07-12 16:10:51"}
{"level":"info","message":"启动离线订单检测！间隔180000","timestamp":"2019-07-12 16:12:51"}
{"level":"info","message":"没有需要同步的订单！","timestamp":"2019-07-12 16:12:51"}
{"level":"info","message":"启动打印机检测！间隔240000","timestamp":"2019-07-12 16:14:51"}
{"level":"info","message":"启动离线订单检测！间隔180000","timestamp":"2019-07-12 16:15:51"}
{"level":"info","message":"没有需要同步的订单！","timestamp":"2019-07-12 16:15:51"}
{"level":"info","message":"启动打印机检测！间隔240000","timestamp":"2019-07-12 16:18:51"}
{"level":"info","message":"启动离线订单检测！间隔180000","timestamp":"2019-07-12 16:18:51"}
{"level":"info","message":"没有需要同步的订单！","timestamp":"2019-07-12 16:18:51"}
{"level":"info","message":"启动离线订单检测！间隔180000","timestamp":"2019-07-12 16:21:51"}
{"level":"info","message":"没有需要同步的订单！","timestamp":"2019-07-12 16:21:51"}
{"level":"info","message":"启动打印机检测！间隔240000","timestamp":"2019-07-12 16:22:51"}
{"level":"info","message":"启动离线订单检测！间隔180000","timestamp":"2019-07-12 16:24:51"}
{"level":"info","message":"没有需要同步的订单！","timestamp":"2019-07-12 16:24:51"}
{"level":"info","message":"启动打印机检测！间隔240000","timestamp":"2019-07-12 16:26:51"}
{"level":"info","message":"启动离线订单检测！间隔180000","timestamp":"2019-07-12 16:27:51"}
{"level":"info","message":"没有需要同步的订单！","timestamp":"2019-07-12 16:27:51"}
{"level":"info","message":"启动打印机检测！间隔240000","timestamp":"2019-07-12 16:30:51"}
{"level":"info","message":"启动离线订单检测！间隔180000","timestamp":"2019-07-12 16:30:51"}
{"level":"info","message":"没有需要同步的订单！","timestamp":"2019-07-12 16:30:51"}
{"level":"info","message":"启动离线订单检测！间隔180000","timestamp":"2019-07-12 16:33:51"}
{"level":"info","message":"没有需要同步的订单！","timestamp":"2019-07-12 16:33:51"}
{"level":"info","message":"启动打印机检测！间隔240000","timestamp":"2019-07-12 16:34:51"}
{"level":"info","message":"启动离线订单检测！间隔180000","timestamp":"2019-07-12 16:36:51"}
{"level":"info","message":"没有需要同步的订单！","timestamp":"2019-07-12 16:36:51"}
{"level":"info","message":"启动打印机检测！间隔240000","timestamp":"2019-07-12 16:38:51"}
{"level":"info","message":"启动离线订单检测！间隔180000","timestamp":"2019-07-12 16:39:51"}
{"level":"info","message":"没有需要同步的订单！","timestamp":"2019-07-12 16:39:51"}
{"level":"info","message":"启动打印机检测！间隔240000","timestamp":"2019-07-12 16:42:51"}
{"level":"info","message":"启动离线订单检测！间隔180000","timestamp":"2019-07-12 16:42:51"}
{"level":"info","message":"没有需要同步的订单！","timestamp":"2019-07-12 16:42:51"}
{"level":"info","message":"启动离线订单检测！间隔180000","timestamp":"2019-07-12 16:45:51"}
{"level":"info","message":"没有需要同步的订单！","timestamp":"2019-07-12 16:45:51"}
{"level":"info","message":"启动打印机检测！间隔240000","timestamp":"2019-07-12 16:46:51"}
{"level":"info","message":"启动离线订单检测！间隔180000","timestamp":"2019-07-12 16:48:51"}
{"level":"info","message":"没有需要同步的订单！","timestamp":"2019-07-12 16:48:51"}
{"level":"info","message":"启动打印机检测！间隔240000","timestamp":"2019-07-12 16:50:51"}
{"level":"info","message":"启动离线订单检测！间隔180000","timestamp":"2019-07-12 16:51:51"}
{"level":"info","message":"没有需要同步的订单！","timestamp":"2019-07-12 16:51:51"}
{"level":"info","message":"启动打印机检测！间隔240000","timestamp":"2019-07-12 16:54:51"}
{"level":"info","message":"启动离线订单检测！间隔180000","timestamp":"2019-07-12 16:54:51"}
{"level":"info","message":"没有需要同步的订单！","timestamp":"2019-07-12 16:54:51"}
{"level":"info","message":"启动离线订单检测！间隔180000","timestamp":"2019-07-12 16:57:51"}
{"level":"info","message":"没有需要同步的订单！","timestamp":"2019-07-12 16:57:51"}
{"level":"info","message":"启动打印机检测！间隔240000","timestamp":"2019-07-12 16:58:51"}
{"level":"info","message":"启动离线订单检测！间隔180000","timestamp":"2019-07-12 17:00:51"}
{"level":"info","message":"没有需要同步的订单！","timestamp":"2019-07-12 17:00:51"}
{"level":"info","message":"启动打印机检测！间隔240000","timestamp":"2019-07-12 17:02:51"}
{"level":"info","message":"启动离线订单检测！间隔180000","timestamp":"2019-07-12 17:03:51"}
{"level":"info","message":"没有需要同步的订单！","timestamp":"2019-07-12 17:03:51"}
{"level":"info","message":"启动打印机检测！间隔240000","timestamp":"2019-07-12 17:06:51"}
{"level":"info","message":"启动离线订单检测！间隔180000","timestamp":"2019-07-12 17:06:51"}
{"level":"info","message":"没有需要同步的订单！","timestamp":"2019-07-12 17:06:51"}
{"level":"info","message":"启动离线订单检测！间隔180000","timestamp":"2019-07-12 17:09:51"}
{"level":"info","message":"没有需要同步的订单！","timestamp":"2019-07-12 17:09:51"}
{"level":"info","message":"启动打印机检测！间隔240000","timestamp":"2019-07-12 17:10:51"}
{"level":"info","message":"启动离线订单检测！间隔180000","timestamp":"2019-07-12 17:12:51"}
{"level":"info","message":"没有需要同步的订单！","timestamp":"2019-07-12 17:12:51"}
{"level":"info","message":"mqtt成功连接到：ws://test.emq.restoplus.cn:8083/mqtt","timestamp":"2019-07-12 17:14:22"}
{"level":"info","message":"订阅成功--$queue/winPos/+/2f83afee7a0e4822a6729145dd53af33/d2ff1bbb8c6f4fd8adb3949f76f8c1b6/+/+/+","timestamp":"2019-07-12 17:14:22"}
{"level":"info","message":"允许接收的平台=>posAdmin-dev,resto-dev","timestamp":"2019-07-12 17:14:22"}
{"level":"error","message":"resource \"GET:/21b5faa49252c5baade8.hot-update.json\" not found","timestamp":"2019-07-12 17:15:22"}
{"level":"info","message":"GET /21b5faa49252c5baade8.hot-update.json 6 2019-07-12 17:15:22","timestamp":"2019-07-12 17:15:22"}
{"level":"info","message":"启动离线订单检测！间隔180000","timestamp":"2019-07-12 17:17:01"}
{"level":"info","message":"没有需要同步的订单！","timestamp":"2019-07-12 17:17:01"}
{"level":"info","message":"启动打印机检测！间隔240000","timestamp":"2019-07-12 17:18:01"}
{"level":"info","message":"启动离线订单检测！间隔180000","timestamp":"2019-07-12 17:20:01"}
{"level":"info","message":"没有需要同步的订单！","timestamp":"2019-07-12 17:20:01"}
{"level":"info","message":"启动打印机检测！间隔240000","timestamp":"2019-07-12 17:22:01"}
{"level":"info","message":"启动离线订单检测！间隔180000","timestamp":"2019-07-12 17:23:01"}
{"level":"info","message":"没有需要同步的订单！","timestamp":"2019-07-12 17:23:01"}
{"level":"info","message":"启动打印机检测！间隔240000","timestamp":"2019-07-12 17:26:01"}
{"level":"info","message":"启动离线订单检测！间隔180000","timestamp":"2019-07-12 17:26:01"}
{"level":"info","message":"没有需要同步的订单！","timestamp":"2019-07-12 17:26:01"}
{"level":"info","message":"启动离线订单检测！间隔180000","timestamp":"2019-07-12 17:29:01"}
{"level":"info","message":"没有需要同步的订单！","timestamp":"2019-07-12 17:29:01"}
{"level":"info","message":"启动打印机检测！间隔240000","timestamp":"2019-07-12 17:30:01"}
{"level":"info","message":"启动离线订单检测！间隔180000","timestamp":"2019-07-12 17:32:01"}
{"level":"info","message":"没有需要同步的订单！","timestamp":"2019-07-12 17:32:01"}
{"level":"info","message":"GET /on/line/state 2 2019-07-12 17:33:34","timestamp":"2019-07-12 17:33:34"}
{"level":"info","message":"GET /user/normal/list 23 2019-07-12 17:33:34","timestamp":"2019-07-12 17:33:34"}
{"level":"info","message":"POST /user/login 171 2019-07-12 17:33:40","timestamp":"2019-07-12 17:33:40"}
{"level":"info","message":"GET /system/info 8 2019-07-12 17:33:40","timestamp":"2019-07-12 17:33:40"}
{"level":"info","message":"GET /on/line/state 1 2019-07-12 17:33:41","timestamp":"2019-07-12 17:33:41"}
{"level":"info","message":"GET /order/order_state_count 50 2019-07-12 17:33:41","timestamp":"2019-07-12 17:33:41"}
{"level":"info","message":"GET /area 63 2019-07-12 17:33:41","timestamp":"2019-07-12 17:33:41"}
{"level":"info","message":"GET /table/list 84 2019-07-12 17:33:41","timestamp":"2019-07-12 17:33:41"}
{"level":"info","message":"GET /table/number 4 2019-07-12 17:33:41","timestamp":"2019-07-12 17:33:41"}
{"level":"info","message":"GET /order/detail 100 2019-07-12 17:33:47","timestamp":"2019-07-12 17:33:47"}
{"level":"info","message":"GET /order/cancel 108 2019-07-12 17:33:48","timestamp":"2019-07-12 17:33:48"}
{"level":"info","message":"GET /order/detail 43 2019-07-12 17:33:49","timestamp":"2019-07-12 17:33:49"}
{"level":"info","message":"【/v1/newpos/order/cancel】==> 取消成功！","timestamp":"2019-07-12 17:33:49"}
{"level":"info","message":"启动打印机检测！间隔240000","timestamp":"2019-07-12 17:34:01"}
{"level":"info","message":"GET /system/info 3 2019-07-12 17:34:04","timestamp":"2019-07-12 17:34:04"}
{"level":"info","message":"GET /on/line/state 2 2019-07-12 17:34:04","timestamp":"2019-07-12 17:34:04"}
{"level":"info","message":"GET /order/discount_info 11 2019-07-12 17:34:04","timestamp":"2019-07-12 17:34:04"}
{"level":"info","message":"GET /order/detail 26 2019-07-12 17:34:04","timestamp":"2019-07-12 17:34:04"}
{"level":"info","message":"GET /order/detail 7 2019-07-12 17:34:04","timestamp":"2019-07-12 17:34:04"}
{"level":"info","message":"GET /order/order_items 8 2019-07-12 17:34:05","timestamp":"2019-07-12 17:34:05"}
{"level":"info","message":"GET /order/detail 5 2019-07-12 17:34:06","timestamp":"2019-07-12 17:34:06"}
{"level":"info","message":"GET /order/order_state_count 10 2019-07-12 17:34:06","timestamp":"2019-07-12 17:34:06"}
{"level":"info","message":"GET /area 9 2019-07-12 17:34:06","timestamp":"2019-07-12 17:34:06"}
{"level":"info","message":"GET /table/list 12 2019-07-12 17:34:06","timestamp":"2019-07-12 17:34:06"}
{"level":"info","message":"GET /table/number 3 2019-07-12 17:34:06","timestamp":"2019-07-12 17:34:06"}
{"level":"info","message":"GET /system/info 5 2019-07-12 17:34:18","timestamp":"2019-07-12 17:34:18"}
{"level":"info","message":"GET /order/order_state_count 9 2019-07-12 17:34:18","timestamp":"2019-07-12 17:34:18"}
{"level":"info","message":"GET /area 4 2019-07-12 17:34:18","timestamp":"2019-07-12 17:34:18"}
{"level":"info","message":"GET /table/list 7 2019-07-12 17:34:18","timestamp":"2019-07-12 17:34:18"}
{"level":"info","message":"GET /on/line/state 0 2019-07-12 17:34:18","timestamp":"2019-07-12 17:34:18"}
{"level":"info","message":"GET /table/number 2 2019-07-12 17:34:18","timestamp":"2019-07-12 17:34:18"}
{"level":"info","message":"启动离线订单检测！间隔180000","timestamp":"2019-07-12 17:35:01"}
{"level":"info","message":"没有需要同步的订单！","timestamp":"2019-07-12 17:35:01"}
{"level":"info","message":"启动打印机检测！间隔240000","timestamp":"2019-07-12 17:38:01"}
{"level":"info","message":"启动离线订单检测！间隔180000","timestamp":"2019-07-12 17:38:01"}
{"level":"info","message":"没有需要同步的订单！","timestamp":"2019-07-12 17:38:01"}
{"level":"info","message":"启动离线订单检测！间隔180000","timestamp":"2019-07-12 17:41:01"}
{"level":"info","message":"没有需要同步的订单！","timestamp":"2019-07-12 17:41:01"}
{"level":"info","message":"启动打印机检测！间隔240000","timestamp":"2019-07-12 17:42:01"}
{"level":"info","message":"启动离线订单检测！间隔180000","timestamp":"2019-07-12 17:44:01"}
{"level":"info","message":"没有需要同步的订单！","timestamp":"2019-07-12 17:44:01"}
{"level":"info","message":"启动打印机检测！间隔240000","timestamp":"2019-07-12 17:46:01"}
{"level":"info","message":"启动离线订单检测！间隔180000","timestamp":"2019-07-12 17:47:01"}
{"level":"info","message":"没有需要同步的订单！","timestamp":"2019-07-12 17:47:01"}
{"level":"info","message":"启动打印机检测！间隔240000","timestamp":"2019-07-12 17:50:01"}
{"level":"info","message":"启动离线订单检测！间隔180000","timestamp":"2019-07-12 17:50:01"}
{"level":"info","message":"没有需要同步的订单！","timestamp":"2019-07-12 17:50:01"}
{"level":"info","message":"启动离线订单检测！间隔180000","timestamp":"2019-07-12 17:53:01"}
{"level":"info","message":"没有需要同步的订单！","timestamp":"2019-07-12 17:53:01"}
{"level":"info","message":"启动打印机检测！间隔240000","timestamp":"2019-07-12 17:54:01"}
{"level":"info","message":"启动离线订单检测！间隔180000","timestamp":"2019-07-12 17:56:01"}
{"level":"info","message":"没有需要同步的订单！","timestamp":"2019-07-12 17:56:01"}
{"level":"info","message":"启动打印机检测！间隔240000","timestamp":"2019-07-12 17:58:01"}
{"level":"info","message":"启动离线订单检测！间隔180000","timestamp":"2019-07-12 17:59:01"}
{"level":"info","message":"没有需要同步的订单！","timestamp":"2019-07-12 17:59:01"}
{"level":"info","message":"启动打印机检测！间隔240000","timestamp":"2019-07-12 18:02:01"}
{"level":"info","message":"启动离线订单检测！间隔180000","timestamp":"2019-07-12 18:02:01"}
{"level":"info","message":"没有需要同步的订单！","timestamp":"2019-07-12 18:02:01"}
{"level":"info","message":"启动离线订单检测！间隔180000","timestamp":"2019-07-12 18:05:01"}
{"level":"info","message":"没有需要同步的订单！","timestamp":"2019-07-12 18:05:01"}
{"level":"info","message":"启动打印机检测！间隔240000","timestamp":"2019-07-12 18:06:01"}
{"level":"info","message":"启动离线订单检测！间隔180000","timestamp":"2019-07-12 18:08:01"}
{"level":"info","message":"没有需要同步的订单！","timestamp":"2019-07-12 18:08:01"}
{"level":"info","message":"启动打印机检测！间隔240000","timestamp":"2019-07-12 18:10:01"}
{"level":"error","message":"==mqtt==close==你已断开连接,异常退出","timestamp":"2019-07-12 19:27:29"}
