{"level":"info","message":"mqtt成功连接到：ws://test.emq.restoplus.cn:8083/mqtt","timestamp":"2019-05-20 09:57:20"}
{"level":"info","message":"订阅成功--$queue/winPos/+/2f83afee7a0e4822a6729145dd53af33/63325014c50b4b16a81e50b3623f8d96/+/+/+","timestamp":"2019-05-20 09:57:20"}
{"level":"info","message":"允许接收的平台=>posAdmin-dev,resto-dev","timestamp":"2019-05-20 09:57:20"}
{"level":"info","message":"GET /system/info 248 2019-05-20 10:08:09","timestamp":"2019-05-20 10:08:09"}
{"level":"info","message":"GET /table/list 80 2019-05-20 10:08:12","timestamp":"2019-05-20 10:08:12"}
{"level":"info","message":"GET /order/order_state_count 107 2019-05-20 10:08:12","timestamp":"2019-05-20 10:08:12"}
{"level":"info","message":"GET /area 105 2019-05-20 10:08:12","timestamp":"2019-05-20 10:08:12"}
{"level":"info","message":"DELETE /user/logout 3 2019-05-20 10:08:15","timestamp":"2019-05-20 10:08:15"}
{"level":"info","message":"GET /user/normal/list 3 2019-05-20 10:08:15","timestamp":"2019-05-20 10:08:15"}
{"level":"info","message":"POST /user/login 93 2019-05-20 10:08:20","timestamp":"2019-05-20 10:08:20"}
{"level":"info","message":"GET /area 2 2019-05-20 10:08:21","timestamp":"2019-05-20 10:08:21"}
{"level":"info","message":"GET /table/list 10 2019-05-20 10:08:21","timestamp":"2019-05-20 10:08:21"}
{"level":"info","message":"GET /order/order_state_count 26 2019-05-20 10:08:21","timestamp":"2019-05-20 10:08:21"}
{"level":"info","message":"mqtt成功连接到：ws://test.emq.restoplus.cn:8083/mqtt","timestamp":"2019-05-20 10:09:43"}
{"level":"info","message":"订阅成功--$queue/winPos/+/2f83afee7a0e4822a6729145dd53af33/d2ff1bbb8c6f4fd8adb3949f76f8c1b6/+/+/+","timestamp":"2019-05-20 10:09:43"}
{"level":"info","message":"允许接收的平台=>posAdmin-dev,resto-dev","timestamp":"2019-05-20 10:09:43"}
{"level":"error","message":"==mqtt==close==你已断开连接,异常退出","timestamp":"2019-05-20 10:10:09"}
{"level":"error","message":"==mqtt==reconnect==正在尝试重新连接","timestamp":"2019-05-20 10:10:25"}
{"level":"info","message":"mqtt成功连接到：ws://test.emq.restoplus.cn:8083/mqtt","timestamp":"2019-05-20 10:10:25"}
{"level":"info","message":"订阅成功--$queue/winPos/+/2f83afee7a0e4822a6729145dd53af33/d2ff1bbb8c6f4fd8adb3949f76f8c1b6/+/+/+","timestamp":"2019-05-20 10:10:25"}
{"level":"info","message":"允许接收的平台=>posAdmin-dev,resto-dev","timestamp":"2019-05-20 10:10:25"}
{"level":"info","message":"GET /system/info 105 2019-05-20 10:10:38","timestamp":"2019-05-20 10:10:38"}
{"level":"info","message":"GET /order/order_state_count 27 2019-05-20 10:10:39","timestamp":"2019-05-20 10:10:39"}
{"level":"info","message":"GET /area 21 2019-05-20 10:10:39","timestamp":"2019-05-20 10:10:39"}
{"level":"info","message":"GET /table/list 26 2019-05-20 10:10:39","timestamp":"2019-05-20 10:10:39"}
{"level":"info","message":"GET /user/normal/list 4 2019-05-20 10:10:39","timestamp":"2019-05-20 10:10:39"}
{"level":"info","message":"GET /user/normal/list 6 2019-05-20 10:10:41","timestamp":"2019-05-20 10:10:41"}
{"level":"info","message":"POST /user/login 51 2019-05-20 10:10:45","timestamp":"2019-05-20 10:10:45"}
{"level":"info","message":"GET /system/info 5 2019-05-20 10:10:45","timestamp":"2019-05-20 10:10:45"}
{"level":"info","message":"GET /order/order_state_count 8 2019-05-20 10:10:45","timestamp":"2019-05-20 10:10:45"}
{"level":"info","message":"GET /area 8 2019-05-20 10:10:45","timestamp":"2019-05-20 10:10:45"}
{"level":"info","message":"GET /table/list 9 2019-05-20 10:10:45","timestamp":"2019-05-20 10:10:45"}
{"level":"info","message":"POST /bindTable 82 2019-05-20 10:10:51","timestamp":"2019-05-20 10:10:51"}
{"level":"info","message":"GET /article/family_list 39 2019-05-20 10:10:51","timestamp":"2019-05-20 10:10:51"}
{"level":"info","message":"GET /order/detail 63 2019-05-20 10:10:51","timestamp":"2019-05-20 10:10:51"}
{"level":"info","message":"GET /article/article_list 55 2019-05-20 10:10:51","timestamp":"2019-05-20 10:10:51"}
{"level":"info","message":"GET /order/order_state_count 6 2019-05-20 10:10:56","timestamp":"2019-05-20 10:10:56"}
{"level":"info","message":"GET /area 5 2019-05-20 10:10:56","timestamp":"2019-05-20 10:10:56"}
{"level":"info","message":"GET /table/list 10 2019-05-20 10:10:56","timestamp":"2019-05-20 10:10:56"}
{"level":"info","message":"GET /order/detail 8 2019-05-20 10:10:56","timestamp":"2019-05-20 10:10:56"}
{"level":"info","message":"GET /order/get_order_test 36 2019-05-20 10:10:56","timestamp":"2019-05-20 10:10:56"}
{"level":"info","message":"GET /order/get_order_test 3 2019-05-20 10:10:56","timestamp":"2019-05-20 10:10:56"}
{"level":"error","message":"订单号不能为空","timestamp":"2019-05-20 10:11:08"}
{"level":"info","message":"PUT /order/change_order 2 2019-05-20 10:11:08","timestamp":"2019-05-20 10:11:08"}
{"level":"info","message":"GET /system/info 7 2019-05-20 10:12:54","timestamp":"2019-05-20 10:12:54"}
{"level":"info","message":"GET /order/order_state_count 9 2019-05-20 10:12:54","timestamp":"2019-05-20 10:12:54"}
{"level":"info","message":"GET /area 8 2019-05-20 10:12:54","timestamp":"2019-05-20 10:12:54"}
{"level":"info","message":"GET /table/list 7 2019-05-20 10:12:54","timestamp":"2019-05-20 10:12:54"}
{"level":"info","message":"GET /order/detail 20 2019-05-20 10:12:54","timestamp":"2019-05-20 10:12:54"}
{"level":"info","message":"GET /order/get_order_test 4 2019-05-20 10:12:55","timestamp":"2019-05-20 10:12:55"}
{"level":"error","message":"订单号不能为空","timestamp":"2019-05-20 10:13:03"}
{"level":"info","message":"PUT /order/change_order 1 2019-05-20 10:13:03","timestamp":"2019-05-20 10:13:03"}
{"level":"info","message":"GET /order/order_state_count 7 2019-05-20 10:13:53","timestamp":"2019-05-20 10:13:53"}
{"level":"info","message":"GET /order/wait_order 7 2019-05-20 10:13:53","timestamp":"2019-05-20 10:13:53"}
{"level":"info","message":"GET /order/detail 8 2019-05-20 10:13:53","timestamp":"2019-05-20 10:13:53"}
{"level":"info","message":"GET /order/get_order_test 4 2019-05-20 10:13:53","timestamp":"2019-05-20 10:13:53"}
{"level":"info","message":"GET /table/list 8 2019-05-20 10:13:55","timestamp":"2019-05-20 10:13:55"}
{"level":"info","message":"GET /order/order_state_count 9 2019-05-20 10:13:55","timestamp":"2019-05-20 10:13:55"}
{"level":"info","message":"GET /order/detail 7 2019-05-20 10:13:55","timestamp":"2019-05-20 10:13:55"}
{"level":"info","message":"GET /order/get_order_test 5 2019-05-20 10:13:56","timestamp":"2019-05-20 10:13:56"}
{"level":"info","message":"GET /order/get_order_test 4 2019-05-20 10:14:33","timestamp":"2019-05-20 10:14:33"}
{"level":"info","message":"GET /system/info 4 2019-05-20 10:14:38","timestamp":"2019-05-20 10:14:38"}
{"level":"info","message":"GET /order/order_state_count 4 2019-05-20 10:14:39","timestamp":"2019-05-20 10:14:39"}
{"level":"info","message":"GET /order/detail 6 2019-05-20 10:14:39","timestamp":"2019-05-20 10:14:39"}
{"level":"info","message":"GET /area 2 2019-05-20 10:14:39","timestamp":"2019-05-20 10:14:39"}
{"level":"info","message":"GET /table/list 10 2019-05-20 10:14:39","timestamp":"2019-05-20 10:14:39"}
{"level":"info","message":"GET /order/get_order_test 5 2019-05-20 10:14:39","timestamp":"2019-05-20 10:14:39"}
{"level":"info","message":"PUT /order/change_order 240 2019-05-20 10:14:45","timestamp":"2019-05-20 10:14:45"}
{"level":"info","message":"GET /order/get_order_test 16 2019-05-20 10:16:06","timestamp":"2019-05-20 10:16:06"}
{"level":"info","message":"GET /system/info 7 2019-05-20 10:16:07","timestamp":"2019-05-20 10:16:07"}
{"level":"info","message":"GET /order/order_state_count 4 2019-05-20 10:16:08","timestamp":"2019-05-20 10:16:08"}
{"level":"info","message":"GET /area 3 2019-05-20 10:16:08","timestamp":"2019-05-20 10:16:08"}
{"level":"info","message":"GET /order/detail 18 2019-05-20 10:16:08","timestamp":"2019-05-20 10:16:08"}
{"level":"info","message":"GET /table/list 5 2019-05-20 10:16:08","timestamp":"2019-05-20 10:16:08"}
{"level":"info","message":"GET /order/get_order_test 7 2019-05-20 10:16:08","timestamp":"2019-05-20 10:16:08"}
{"level":"info","message":"PUT /order/change_order 252 2019-05-20 10:16:13","timestamp":"2019-05-20 10:16:13"}
{"level":"info","message":"GET /order/wait_order 9 2019-05-20 10:16:16","timestamp":"2019-05-20 10:16:16"}
{"level":"info","message":"GET /order/order_state_count 8 2019-05-20 10:16:16","timestamp":"2019-05-20 10:16:16"}
{"level":"info","message":"GET /order/detail 6 2019-05-20 10:16:16","timestamp":"2019-05-20 10:16:16"}
{"level":"info","message":"GET /order/get_order_test 9 2019-05-20 10:16:17","timestamp":"2019-05-20 10:16:17"}
{"level":"info","message":"GET /table/list 12 2019-05-20 10:16:17","timestamp":"2019-05-20 10:16:17"}
{"level":"info","message":"GET /order/order_state_count 16 2019-05-20 10:16:17","timestamp":"2019-05-20 10:16:17"}
{"level":"info","message":"GET /system/info 9 2019-05-20 10:16:41","timestamp":"2019-05-20 10:16:41"}
{"level":"info","message":"GET /order/order_state_count 6 2019-05-20 10:16:42","timestamp":"2019-05-20 10:16:42"}
{"level":"info","message":"GET /area 4 2019-05-20 10:16:42","timestamp":"2019-05-20 10:16:42"}
{"level":"info","message":"GET /table/list 5 2019-05-20 10:16:42","timestamp":"2019-05-20 10:16:42"}
{"level":"info","message":"GET /order/detail 6 2019-05-20 10:16:43","timestamp":"2019-05-20 10:16:43"}
{"level":"info","message":"GET /order/get_order_test 4 2019-05-20 10:16:44","timestamp":"2019-05-20 10:16:44"}
{"level":"info","message":"PUT /order/change_order 43 2019-05-20 10:16:48","timestamp":"2019-05-20 10:16:48"}
{"level":"info","message":"GET /order/order_state_count 3 2019-05-20 10:17:16","timestamp":"2019-05-20 10:17:16"}
{"level":"info","message":"GET /order/detail 6 2019-05-20 10:17:16","timestamp":"2019-05-20 10:17:16"}
{"level":"info","message":"GET /area 2 2019-05-20 10:17:16","timestamp":"2019-05-20 10:17:16"}
{"level":"info","message":"GET /table/list 5 2019-05-20 10:17:16","timestamp":"2019-05-20 10:17:16"}
{"level":"info","message":"GET /order/detail 11 2019-05-20 10:17:19","timestamp":"2019-05-20 10:17:19"}
{"level":"info","message":"GET /order/get_order_test 4 2019-05-20 10:17:20","timestamp":"2019-05-20 10:17:20"}
{"level":"info","message":"GET /order/get_order_test 11 2019-05-20 10:19:01","timestamp":"2019-05-20 10:19:01"}
{"level":"info","message":"GET /system/info 6 2019-05-20 10:19:03","timestamp":"2019-05-20 10:19:03"}
{"level":"info","message":"GET /order/order_state_count 4 2019-05-20 10:19:04","timestamp":"2019-05-20 10:19:04"}
{"level":"info","message":"GET /order/detail 7 2019-05-20 10:19:04","timestamp":"2019-05-20 10:19:04"}
{"level":"info","message":"GET /area 2 2019-05-20 10:19:04","timestamp":"2019-05-20 10:19:04"}
{"level":"info","message":"GET /table/list 4 2019-05-20 10:19:04","timestamp":"2019-05-20 10:19:04"}
{"level":"info","message":"GET /order/get_order_test 4 2019-05-20 10:19:05","timestamp":"2019-05-20 10:19:05"}
{"level":"info","message":"PUT /order/change_order 398 2019-05-20 10:19:08","timestamp":"2019-05-20 10:19:08"}
{"level":"info","message":"GET /order/detail 5 2019-05-20 10:19:08","timestamp":"2019-05-20 10:19:08"}
{"level":"info","message":"GET /order/get_order_test 5 2019-05-20 10:19:09","timestamp":"2019-05-20 10:19:09"}
{"level":"info","message":"GET /order/detail 7 2019-05-20 10:19:22","timestamp":"2019-05-20 10:19:22"}
{"level":"info","message":"GET /order/wait_order 7 2019-05-20 10:19:23","timestamp":"2019-05-20 10:19:23"}
{"level":"info","message":"GET /order/order_state_count 8 2019-05-20 10:19:23","timestamp":"2019-05-20 10:19:23"}
{"level":"info","message":"GET /order/get_order_test 4 2019-05-20 10:19:23","timestamp":"2019-05-20 10:19:23"}
{"level":"info","message":"GET /order/detail 7 2019-05-20 10:19:23","timestamp":"2019-05-20 10:19:23"}
{"level":"info","message":"GET /order/get_order_test 4 2019-05-20 10:19:23","timestamp":"2019-05-20 10:19:23"}
{"level":"info","message":"GET /table/list 8 2019-05-20 10:19:24","timestamp":"2019-05-20 10:19:24"}
{"level":"info","message":"GET /order/order_state_count 11 2019-05-20 10:19:24","timestamp":"2019-05-20 10:19:24"}
{"level":"info","message":"GET /order/order_state_count 5 2019-05-20 10:19:40","timestamp":"2019-05-20 10:19:40"}
{"level":"info","message":"GET /table/list 5 2019-05-20 10:19:40","timestamp":"2019-05-20 10:19:40"}
{"level":"info","message":"GET /order/detail 4 2019-05-20 10:19:41","timestamp":"2019-05-20 10:19:41"}
{"level":"info","message":"GET /order/get_order_test 2 2019-05-20 10:19:41","timestamp":"2019-05-20 10:19:41"}
{"level":"info","message":"GET /order/get_order_test 2 2019-05-20 10:19:41","timestamp":"2019-05-20 10:19:41"}
{"level":"info","message":"GET /order/detail 2 2019-05-20 10:20:33","timestamp":"2019-05-20 10:20:33"}
{"level":"info","message":"GET /order/get_order_test 2 2019-05-20 10:20:34","timestamp":"2019-05-20 10:20:34"}
{"level":"info","message":"GET /system/info 9 2019-05-20 10:20:59","timestamp":"2019-05-20 10:20:59"}
{"level":"info","message":"GET /order/order_state_count 9 2019-05-20 10:21:00","timestamp":"2019-05-20 10:21:00"}
{"level":"info","message":"GET /order/detail 5 2019-05-20 10:21:00","timestamp":"2019-05-20 10:21:00"}
{"level":"info","message":"GET /table/list 4 2019-05-20 10:21:00","timestamp":"2019-05-20 10:21:00"}
{"level":"info","message":"GET /order/get_order_test 2 2019-05-20 10:21:00","timestamp":"2019-05-20 10:21:00"}
{"level":"info","message":"GET /system/info 8 2019-05-20 10:21:57","timestamp":"2019-05-20 10:21:57"}
{"level":"info","message":"GET /order/order_state_count 8 2019-05-20 10:21:58","timestamp":"2019-05-20 10:21:58"}
{"level":"info","message":"GET /order/detail 5 2019-05-20 10:21:58","timestamp":"2019-05-20 10:21:58"}
{"level":"info","message":"GET /table/list 5 2019-05-20 10:21:58","timestamp":"2019-05-20 10:21:58"}
{"level":"info","message":"GET /system/info 4 2019-05-20 10:22:06","timestamp":"2019-05-20 10:22:06"}
{"level":"info","message":"GET /order/order_state_count 4 2019-05-20 10:22:07","timestamp":"2019-05-20 10:22:07"}
{"level":"info","message":"GET /order/detail 4 2019-05-20 10:22:07","timestamp":"2019-05-20 10:22:07"}
{"level":"info","message":"GET /table/list 6 2019-05-20 10:22:07","timestamp":"2019-05-20 10:22:07"}
{"level":"info","message":"GET /order/get_order_test 1 2019-05-20 10:22:07","timestamp":"2019-05-20 10:22:07"}
{"level":"info","message":"GET /system/info 5 2019-05-20 10:23:50","timestamp":"2019-05-20 10:23:50"}
{"level":"info","message":"GET /order/order_state_count 9 2019-05-20 10:23:51","timestamp":"2019-05-20 10:23:51"}
{"level":"info","message":"GET /order/detail 8 2019-05-20 10:23:51","timestamp":"2019-05-20 10:23:51"}
{"level":"info","message":"GET /table/list 9 2019-05-20 10:23:51","timestamp":"2019-05-20 10:23:51"}
{"level":"info","message":"GET /order/get_order_test 2 2019-05-20 10:23:51","timestamp":"2019-05-20 10:23:51"}
{"level":"info","message":"DELETE /user/logout 1 2019-05-20 10:34:33","timestamp":"2019-05-20 10:34:33"}
{"level":"info","message":"GET /user/normal/list 1 2019-05-20 10:34:33","timestamp":"2019-05-20 10:34:33"}
{"level":"info","message":"GET /user/normal/list 6 2019-05-20 10:35:43","timestamp":"2019-05-20 10:35:43"}
{"level":"info","message":"GET /user/normal/list 3 2019-05-20 11:24:36","timestamp":"2019-05-20 11:24:36"}
{"level":"info","message":"GET /user/normal/list 3 2019-05-20 11:25:22","timestamp":"2019-05-20 11:25:22"}
{"level":"info","message":"GET /user/normal/list 2 2019-05-20 11:25:23","timestamp":"2019-05-20 11:25:23"}
{"level":"info","message":"GET /user/normal/list 2 2019-05-20 11:26:58","timestamp":"2019-05-20 11:26:58"}
{"level":"info","message":"GET /user/normal/list 2 2019-05-20 11:32:55","timestamp":"2019-05-20 11:32:55"}
{"level":"error","message":"==mqtt==close==你已断开连接,异常退出","timestamp":"2019-05-20 13:42:24"}
{"level":"error","message":"==mqtt==reconnect==正在尝试重新连接","timestamp":"2019-05-20 13:42:39"}
{"level":"info","message":"mqtt成功连接到：ws://test.emq.restoplus.cn:8083/mqtt","timestamp":"2019-05-20 13:42:39"}
{"level":"info","message":"订阅成功--$queue/winPos/+/2f83afee7a0e4822a6729145dd53af33/d2ff1bbb8c6f4fd8adb3949f76f8c1b6/+/+/+","timestamp":"2019-05-20 13:42:39"}
{"level":"info","message":"允许接收的平台=>posAdmin-dev,resto-dev","timestamp":"2019-05-20 13:42:39"}
{"level":"info","message":"GET /user/normal/list 2 2019-05-20 13:46:27","timestamp":"2019-05-20 13:46:27"}
{"level":"info","message":"POST /user/login 9 2019-05-20 13:48:00","timestamp":"2019-05-20 13:48:00"}
{"level":"info","message":"GET /system/info 5 2019-05-20 13:48:00","timestamp":"2019-05-20 13:48:00"}
{"level":"info","message":"GET /order/order_state_count 8 2019-05-20 13:48:00","timestamp":"2019-05-20 13:48:00"}
{"level":"info","message":"GET /area 7 2019-05-20 13:48:00","timestamp":"2019-05-20 13:48:00"}
{"level":"info","message":"GET /table/list 8 2019-05-20 13:48:00","timestamp":"2019-05-20 13:48:00"}
{"level":"info","message":"DELETE /user/logout 1 2019-05-20 14:03:17","timestamp":"2019-05-20 14:03:17"}
{"level":"info","message":"GET /user/normal/list 2 2019-05-20 14:03:17","timestamp":"2019-05-20 14:03:17"}
{"level":"info","message":"mqtt成功连接到：ws://test.emq.restoplus.cn:8083/mqtt","timestamp":"2019-05-20 14:23:15"}
{"level":"info","message":"订阅成功--$queue/winPos/+/2f83afee7a0e4822a6729145dd53af33/d2ff1bbb8c6f4fd8adb3949f76f8c1b6/+/+/+","timestamp":"2019-05-20 14:23:15"}
{"level":"info","message":"允许接收的平台=>posAdmin-dev,resto-dev","timestamp":"2019-05-20 14:23:15"}
{"level":"error","message":"ServiceUnavailableError: Response timeout\n    at IncomingMessage.<anonymous> (/Users/chintec/Documents/node/resto-newpos/node_modules/connect-timeout/index.js:84:8)\n    at emitOne (events.js:116:13)\n    at IncomingMessage.emit (events.js:211:7)\n    at Timeout._onTimeout (/Users/chintec/Documents/node/resto-newpos/node_modules/connect-timeout/index.js:49:11)\n    at ontimeout (timers.js:475:11)\n    at tryOnTimeout (timers.js:310:5)\n    at Timer.listOnTimeout (timers.js:270:5)","timestamp":"2019-05-20 14:23:55"}
{"level":"error","message":"resource \"GET:/5d216eba39752db00d49.hot-update.json\" not found","timestamp":"2019-05-20 14:24:15"}
{"level":"info","message":"GET /5d216eba39752db00d49.hot-update.json 2 2019-05-20 14:24:15","timestamp":"2019-05-20 14:24:15"}
{"level":"info","message":"GET /user/normal/list 48 2019-05-20 15:00:57","timestamp":"2019-05-20 15:00:57"}
{"level":"info","message":"POST /user/login 52 2019-05-20 15:01:03","timestamp":"2019-05-20 15:01:03"}
{"level":"info","message":"GET /system/info 11 2019-05-20 15:01:03","timestamp":"2019-05-20 15:01:03"}
{"level":"info","message":"GET /order/order_state_count 25 2019-05-20 15:01:03","timestamp":"2019-05-20 15:01:03"}
{"level":"info","message":"GET /area 21 2019-05-20 15:01:03","timestamp":"2019-05-20 15:01:03"}
{"level":"info","message":"GET /table/list 22 2019-05-20 15:01:03","timestamp":"2019-05-20 15:01:03"}
{"level":"info","message":"GET /order/detail 54 2019-05-20 15:01:47","timestamp":"2019-05-20 15:01:47"}
{"level":"info","message":"GET /order/get_order_test 17 2019-05-20 15:01:47","timestamp":"2019-05-20 15:01:47"}
{"level":"info","message":"GET /article/family_list 24 2019-05-20 15:01:49","timestamp":"2019-05-20 15:01:49"}
{"level":"info","message":"GET /article/article_list 31 2019-05-20 15:01:49","timestamp":"2019-05-20 15:01:49"}
{"level":"info","message":"GET /order/order_state_count 9 2019-05-20 15:02:02","timestamp":"2019-05-20 15:02:02"}
{"level":"info","message":"GET /area 7 2019-05-20 15:02:02","timestamp":"2019-05-20 15:02:02"}
{"level":"info","message":"GET /table/list 8 2019-05-20 15:02:02","timestamp":"2019-05-20 15:02:02"}
{"level":"info","message":"GET /order/detail 7 2019-05-20 15:02:03","timestamp":"2019-05-20 15:02:03"}
{"level":"info","message":"GET /order/get_order_test 4 2019-05-20 15:02:04","timestamp":"2019-05-20 15:02:04"}
{"level":"info","message":"DELETE /user/logout 2 2019-05-20 16:15:34","timestamp":"2019-05-20 16:15:34"}
{"level":"info","message":"GET /user/normal/list 2 2019-05-20 16:15:34","timestamp":"2019-05-20 16:15:34"}
{"level":"info","message":"GET /user/normal/list 166 2019-05-20 16:16:54","timestamp":"2019-05-20 16:16:54"}
{"level":"info","message":"GET /user/normal/list 2 2019-05-20 16:16:55","timestamp":"2019-05-20 16:16:55"}
{"level":"info","message":"GET /user/normal/list 2 2019-05-20 16:18:00","timestamp":"2019-05-20 16:18:00"}
{"level":"info","message":"GET /user/normal/list 19 2019-05-20 16:18:18","timestamp":"2019-05-20 16:18:18"}
{"level":"info","message":"POST /user/login 11 2019-05-20 16:18:53","timestamp":"2019-05-20 16:18:53"}
{"level":"info","message":"GET /system/info 5 2019-05-20 16:18:53","timestamp":"2019-05-20 16:18:53"}
{"level":"info","message":"GET /order/order_state_count 11 2019-05-20 16:18:54","timestamp":"2019-05-20 16:18:54"}
{"level":"info","message":"GET /area 9 2019-05-20 16:18:54","timestamp":"2019-05-20 16:18:54"}
{"level":"info","message":"GET /table/list 10 2019-05-20 16:18:54","timestamp":"2019-05-20 16:18:54"}
{"level":"info","message":"DELETE /user/logout 1 2019-05-20 16:19:59","timestamp":"2019-05-20 16:19:59"}
{"level":"info","message":"GET /user/normal/list 4 2019-05-20 16:19:59","timestamp":"2019-05-20 16:19:59"}
{"level":"info","message":"POST /user/login 18 2019-05-20 16:20:30","timestamp":"2019-05-20 16:20:30"}
{"level":"info","message":"GET /order/order_state_count 20 2019-05-20 16:20:30","timestamp":"2019-05-20 16:20:30"}
{"level":"info","message":"GET /area 15 2019-05-20 16:20:30","timestamp":"2019-05-20 16:20:30"}
{"level":"info","message":"GET /table/list 14 2019-05-20 16:20:30","timestamp":"2019-05-20 16:20:30"}
{"level":"info","message":"GET /table/list 5 2019-05-20 16:20:36","timestamp":"2019-05-20 16:20:36"}
{"level":"info","message":"GET /table/list 6 2019-05-20 16:20:37","timestamp":"2019-05-20 16:20:37"}
{"level":"info","message":"GET /order/detail 7 2019-05-20 16:20:46","timestamp":"2019-05-20 16:20:46"}
{"level":"info","message":"GET /order/get_order_test 3 2019-05-20 16:20:46","timestamp":"2019-05-20 16:20:46"}
{"level":"info","message":"DELETE /user/logout 0 2019-05-20 16:21:50","timestamp":"2019-05-20 16:21:50"}
{"level":"info","message":"GET /user/normal/list 2 2019-05-20 16:21:50","timestamp":"2019-05-20 16:21:50"}
{"level":"info","message":"POST /user/login 10 2019-05-20 16:24:46","timestamp":"2019-05-20 16:24:46"}
{"level":"info","message":"GET /order/order_state_count 7 2019-05-20 16:24:46","timestamp":"2019-05-20 16:24:46"}
{"level":"info","message":"GET /area 4 2019-05-20 16:24:46","timestamp":"2019-05-20 16:24:46"}
{"level":"info","message":"GET /table/list 6 2019-05-20 16:24:46","timestamp":"2019-05-20 16:24:46"}
{"level":"info","message":"DELETE /user/logout 0 2019-05-20 16:37:26","timestamp":"2019-05-20 16:37:26"}
{"level":"info","message":"GET /user/normal/list 2 2019-05-20 16:37:26","timestamp":"2019-05-20 16:37:26"}
{"level":"info","message":"POST /user/login 63 2019-05-20 16:58:35","timestamp":"2019-05-20 16:58:35"}
{"level":"info","message":"GET /order/order_state_count 56 2019-05-20 16:58:35","timestamp":"2019-05-20 16:58:35"}
{"level":"info","message":"GET /area 77 2019-05-20 16:58:35","timestamp":"2019-05-20 16:58:35"}
{"level":"info","message":"GET /table/list 56 2019-05-20 16:58:35","timestamp":"2019-05-20 16:58:35"}
{"level":"info","message":"GET /order/detail 5 2019-05-20 16:58:38","timestamp":"2019-05-20 16:58:38"}
{"level":"info","message":"GET /order/get_order_test 2 2019-05-20 16:58:38","timestamp":"2019-05-20 16:58:38"}
{"level":"info","message":"GET /article/family_list 8 2019-05-20 16:58:40","timestamp":"2019-05-20 16:58:40"}
{"level":"info","message":"GET /order/detail 9 2019-05-20 16:58:40","timestamp":"2019-05-20 16:58:40"}
{"level":"info","message":"GET /article/article_list 25 2019-05-20 16:58:40","timestamp":"2019-05-20 16:58:40"}
{"level":"info","message":"POST /pushOrder 717 2019-05-20 16:58:42","timestamp":"2019-05-20 16:58:42"}
{"level":"info","message":"推送EMQ:resto-dev/2f83afee7a0e4822a6729145dd53af33/d2ff1bbb8c6f4fd8adb3949f76f8c1b6/order/creator/7afbfb2b926541ff8f243394b391c3c1 \n {\"master_order_id\":\"7afbfb2b926541ff8f243394b391c3c1\",\"order_arr\":[{\"id\":\"7afbfb2b926541ff8f243394b391c3c1\",\"table_number\":\"2\",\"customer_count\":1,\"accounting_time\":\"2019-05-20\",\"order_state\":1,\"production_status\":2,\"original_amount\":2,\"order_money\":2,\"origin_money\":null,\"article_count\":2,\"serial_number\":\"201905201010515060\",\"allow_cancel\":0,\"closed\":0,\"create_time\":\"1558318251507\",\"push_order_time\":null,\"print_order_time\":\"1558342722617\",\"remark\":\"\",\"distribution_mode_id\":1,\"amount_with_children\":0,\"parent_order_id\":null,\"service_price\":0,\"is_pos_pay\":0,\"pay_type\":1,\"count_with_child\":0,\"allow_continue_order\":0,\"payment_amount\":2,\"customer_id\":\"0\",\"customer_address_id\":null,\"ver_code\":\"68728\",\"pay_mode\":0,\"meal_fee_price\":0,\"meal_all_number\":0,\"order_mode\":6,\"allow_appraise\":0,\"confirm_time\":null,\"order_number\":1,\"call_number_time\":null,\"call_times\":0,\"shop_detail_id\":\"d2ff1bbb8c6f4fd8adb3949f76f8c1b6\",\"data_origin\":\"0\",\"sync_state\":1,\"last_sync_time\":\"1558342721876\",\"order_pos_discount_money\":\"0\",\"member_discount_money\":\"0\",\"erase_money\":\"0\",\"reduce_money\":\"0\",\"real_erase_money\":\"0\",\"pos_discount\":\"100\",\"no_discount_money\":\"0\",\"exemption_money\":\"0\",\"need_confirm_order_item\":0,\"sauce_fee_count\":\"1\",\"sauce_fee_price\":null,\"towel_fee_count\":\"1\",\"towel_fee_price\":0,\"tableware_fee_count\":\"1\",\"tableware_fee_price\":0,\"is_use_new_service\":0,\"grant_money\":0}],\"order_item\":[{\"id\":\"90f712e3283449acbe107cffeebbe6ea\",\"order_id\":\"7afbfb2b926541ff8f243394b391c3c1\",\"article_id\":\"22d09d78c4ef4244b375de91acfa587a\",\"article_name\":\"蜜糖鸡翅(2件)\",\"count\":1,\"original_price\":1,\"no_discount_price\":null,\"unit_price\":1,\"final_price\":1,\"remark\":\"100%\",\"sort\":0,\"status\":1,\"type\":1,\"parent_id\":null,\"create_time\":\"1558342722274\",\"meal_item_id\":\"0\",\"kitchen_id\":\"\",\"recommend_id\":\"\",\"orgin_count\":1,\"refund_count\":0,\"grant_count\":0,\"meal_fee_number\":0,\"change_count\":0,\"print_fail_flag\":0,\"pos_discount\":100,\"weight\":0,\"need_remind\":0},{\"id\":\"e2f285cafd3643a8828146d0a4cddf83\",\"order_id\":\"7afbfb2b926541ff8f243394b391c3c1\",\"article_id\":\"22ec4f4ec9034e018747809015dea060\",\"article_name\":\"不想吃\",\"count\":1,\"original_price\":1,\"no_discount_price\":null,\"unit_price\":1,\"final_price\":1,\"remark\":\"100%\",\"sort\":0,\"status\":1,\"type\":1,\"parent_id\":null,\"create_time\":\"1558342722347\",\"meal_item_id\":\"0\",\"kitchen_id\":\"\",\"recommend_id\":\"\",\"orgin_count\":1,\"refund_count\":0,\"grant_count\":0,\"meal_fee_number\":0,\"change_count\":0,\"print_fail_flag\":0,\"pos_discount\":100,\"weight\":0,\"need_remind\":0}]}","timestamp":"2019-05-20 16:58:42"}
{"level":"info","message":"GET /order/order_state_count 37 2019-05-20 16:58:42","timestamp":"2019-05-20 16:58:42"}
{"level":"info","message":"GET /area 36 2019-05-20 16:58:42","timestamp":"2019-05-20 16:58:42"}
{"level":"info","message":"GET /table/list 42 2019-05-20 16:58:42","timestamp":"2019-05-20 16:58:42"}
{"level":"info","message":"GET /order/detail 307 2019-05-20 16:58:43","timestamp":"2019-05-20 16:58:43"}
{"level":"info","message":"GET /order/get_order_test 4 2019-05-20 16:58:43","timestamp":"2019-05-20 16:58:43"}
{"level":"info","message":"GET /order/discount_info 4 2019-05-20 16:58:44","timestamp":"2019-05-20 16:58:44"}
{"level":"info","message":"GET /order/detail 11 2019-05-20 16:58:44","timestamp":"2019-05-20 16:58:44"}
{"level":"info","message":"GET /order/detail 7 2019-05-20 16:58:44","timestamp":"2019-05-20 16:58:44"}
{"level":"info","message":"GET /order/order_items 13 2019-05-20 16:58:44","timestamp":"2019-05-20 16:58:44"}
{"level":"info","message":"GET /order/order_state_count 22 2019-05-20 17:41:02","timestamp":"2019-05-20 17:41:02"}
{"level":"info","message":"GET /area 17 2019-05-20 17:41:02","timestamp":"2019-05-20 17:41:02"}
{"level":"info","message":"GET /table/list 17 2019-05-20 17:41:02","timestamp":"2019-05-20 17:41:02"}
{"level":"info","message":"GET /order/detail 9 2019-05-20 17:41:05","timestamp":"2019-05-20 17:41:05"}
{"level":"info","message":"GET /order/get_order_test 4 2019-05-20 17:41:05","timestamp":"2019-05-20 17:41:05"}
{"level":"info","message":"GET /order/discount_info 4 2019-05-20 17:41:06","timestamp":"2019-05-20 17:41:06"}
{"level":"info","message":"GET /order/order_items 18 2019-05-20 17:41:06","timestamp":"2019-05-20 17:41:06"}
{"level":"info","message":"GET /order/detail 19 2019-05-20 17:41:06","timestamp":"2019-05-20 17:41:06"}
{"level":"info","message":"GET /order/detail 8 2019-05-20 17:41:06","timestamp":"2019-05-20 17:41:06"}
{"level":"info","message":"GET /system/info 8 2019-05-20 17:47:21","timestamp":"2019-05-20 17:47:21"}
{"level":"info","message":"GET /order/discount_info 3 2019-05-20 17:47:21","timestamp":"2019-05-20 17:47:21"}
{"level":"info","message":"GET /order/detail 18 2019-05-20 17:47:21","timestamp":"2019-05-20 17:47:21"}
{"level":"info","message":"GET /order/detail 6 2019-05-20 17:47:21","timestamp":"2019-05-20 17:47:21"}
{"level":"info","message":"GET /order/order_items 6 2019-05-20 17:47:21","timestamp":"2019-05-20 17:47:21"}
{"level":"info","message":"POST /order/discount 135 2019-05-20 17:47:28","timestamp":"2019-05-20 17:47:28"}
{"level":"info","message":"GET /order/discount_info 6 2019-05-20 17:47:28","timestamp":"2019-05-20 17:47:28"}
{"level":"info","message":"GET /order/detail 16 2019-05-20 17:47:28","timestamp":"2019-05-20 17:47:28"}
{"level":"info","message":"GET /order/detail 14 2019-05-20 17:47:28","timestamp":"2019-05-20 17:47:28"}
{"level":"info","message":"POST /orderPay 110 2019-05-20 17:47:37","timestamp":"2019-05-20 17:47:37"}
{"level":"info","message":"推送EMQ:resto-dev/2f83afee7a0e4822a6729145dd53af33/d2ff1bbb8c6f4fd8adb3949f76f8c1b6/order/payment/7afbfb2b926541ff8f243394b391c3c1 \n {\"order_id\":\"7afbfb2b926541ff8f243394b391c3c1\",\"order_payment_item\":[{\"id\":\"197d65e03ce44dddaecfbf3539a968b4\",\"order_id\":\"7afbfb2b926541ff8f243394b391c3c1\",\"payment_mode_id\":12,\"pay_value\":1,\"pay_time\":\"1558345657031\",\"remark\":\"现金支付：1\",\"result_data\":null,\"is_use_bonus\":null,\"to_pay_id\":null,\"refund_source_id\":null,\"type\":null}]}","timestamp":"2019-05-20 17:47:37"}
{"level":"info","message":"GET /order/order_state_count 5 2019-05-20 17:47:37","timestamp":"2019-05-20 17:47:37"}
{"level":"info","message":"GET /area 2 2019-05-20 17:47:37","timestamp":"2019-05-20 17:47:37"}
{"level":"info","message":"GET /table/list 3 2019-05-20 17:47:37","timestamp":"2019-05-20 17:47:37"}
{"level":"info","message":"GET /order/pay 19 2019-05-20 17:47:39","timestamp":"2019-05-20 17:47:39"}
{"level":"info","message":"GET /order/order_state_count 9 2019-05-20 17:47:39","timestamp":"2019-05-20 17:47:39"}
{"level":"info","message":"GET /order/detail 8 2019-05-20 17:47:39","timestamp":"2019-05-20 17:47:39"}
{"level":"info","message":"GET /order/get_order_test 4 2019-05-20 17:47:40","timestamp":"2019-05-20 17:47:40"}
{"level":"info","message":"GET /table/list 16 2019-05-20 17:47:41","timestamp":"2019-05-20 17:47:41"}
{"level":"info","message":"GET /order/order_state_count 15 2019-05-20 17:47:41","timestamp":"2019-05-20 17:47:41"}
{"level":"info","message":"POST /bindTable 192 2019-05-20 17:47:45","timestamp":"2019-05-20 17:47:45"}
{"level":"info","message":"GET /article/family_list 2 2019-05-20 17:47:46","timestamp":"2019-05-20 17:47:46"}
{"level":"info","message":"GET /order/detail 11 2019-05-20 17:47:46","timestamp":"2019-05-20 17:47:46"}
{"level":"info","message":"GET /article/article_list 16 2019-05-20 17:47:46","timestamp":"2019-05-20 17:47:46"}
{"level":"info","message":"POST /pushOrder 436 2019-05-20 17:47:48","timestamp":"2019-05-20 17:47:48"}
{"level":"info","message":"推送EMQ:resto-dev/2f83afee7a0e4822a6729145dd53af33/d2ff1bbb8c6f4fd8adb3949f76f8c1b6/order/creator/734196cc5e51404ea1b32ca6c76a1785 \n {\"master_order_id\":\"734196cc5e51404ea1b32ca6c76a1785\",\"order_arr\":[{\"id\":\"734196cc5e51404ea1b32ca6c76a1785\",\"table_number\":\"1\",\"customer_count\":2,\"accounting_time\":\"2019-05-20\",\"order_state\":1,\"production_status\":2,\"original_amount\":2,\"order_money\":2,\"origin_money\":null,\"article_count\":2,\"serial_number\":\"201905201747457710\",\"allow_cancel\":0,\"closed\":0,\"create_time\":\"1558345665771\",\"push_order_time\":null,\"print_order_time\":\"1558345668405\",\"remark\":\"\",\"distribution_mode_id\":1,\"amount_with_children\":0,\"parent_order_id\":null,\"service_price\":0,\"is_pos_pay\":0,\"pay_type\":1,\"count_with_child\":0,\"allow_continue_order\":0,\"payment_amount\":2,\"customer_id\":\"0\",\"customer_address_id\":null,\"ver_code\":\"34621\",\"pay_mode\":0,\"meal_fee_price\":0,\"meal_all_number\":0,\"order_mode\":6,\"allow_appraise\":0,\"confirm_time\":null,\"order_number\":2,\"call_number_time\":null,\"call_times\":0,\"shop_detail_id\":\"d2ff1bbb8c6f4fd8adb3949f76f8c1b6\",\"data_origin\":\"0\",\"sync_state\":1,\"last_sync_time\":\"1558345667956\",\"order_pos_discount_money\":\"0\",\"member_discount_money\":\"0\",\"erase_money\":\"0\",\"reduce_money\":\"0\",\"real_erase_money\":\"0\",\"pos_discount\":\"100\",\"no_discount_money\":\"0\",\"exemption_money\":\"0\",\"need_confirm_order_item\":0,\"sauce_fee_count\":\"2\",\"sauce_fee_price\":null,\"towel_fee_count\":\"2\",\"towel_fee_price\":0,\"tableware_fee_count\":\"2\",\"tableware_fee_price\":0,\"is_use_new_service\":0,\"grant_money\":0}],\"order_item\":[{\"id\":\"c7d8b4c5926849adbfda6bf538b7d8f2\",\"order_id\":\"734196cc5e51404ea1b32ca6c76a1785\",\"article_id\":\"22d09d78c4ef4244b375de91acfa587a\",\"article_name\":\"蜜糖鸡翅(2件)\",\"count\":1,\"original_price\":1,\"no_discount_price\":null,\"unit_price\":1,\"final_price\":1,\"remark\":\"100%\",\"sort\":0,\"status\":1,\"type\":1,\"parent_id\":null,\"create_time\":\"1558345668358\",\"meal_item_id\":\"0\",\"kitchen_id\":\"\",\"recommend_id\":\"\",\"orgin_count\":1,\"refund_count\":0,\"grant_count\":0,\"meal_fee_number\":0,\"change_count\":0,\"print_fail_flag\":0,\"pos_discount\":100,\"weight\":0,\"need_remind\":0},{\"id\":\"d09737653507427f80a399b4fd88276a\",\"order_id\":\"734196cc5e51404ea1b32ca6c76a1785\",\"article_id\":\"22ec4f4ec9034e018747809015dea060\",\"article_name\":\"不想吃\",\"count\":1,\"original_price\":1,\"no_discount_price\":null,\"unit_price\":1,\"final_price\":1,\"remark\":\"100%\",\"sort\":0,\"status\":1,\"type\":1,\"parent_id\":null,\"create_time\":\"1558345668370\",\"meal_item_id\":\"0\",\"kitchen_id\":\"\",\"recommend_id\":\"\",\"orgin_count\":1,\"refund_count\":0,\"grant_count\":0,\"meal_fee_number\":0,\"change_count\":0,\"print_fail_flag\":0,\"pos_discount\":100,\"weight\":0,\"need_remind\":0}]}","timestamp":"2019-05-20 17:47:48"}
{"level":"info","message":"GET /order/order_state_count 37 2019-05-20 17:47:48","timestamp":"2019-05-20 17:47:48"}
{"level":"info","message":"GET /area 28 2019-05-20 17:47:48","timestamp":"2019-05-20 17:47:48"}
{"level":"info","message":"GET /table/list 36 2019-05-20 17:47:48","timestamp":"2019-05-20 17:47:48"}
{"level":"info","message":"GET /order/detail 53 2019-05-20 17:47:48","timestamp":"2019-05-20 17:47:48"}
{"level":"info","message":"GET /order/get_order_test 2 2019-05-20 17:47:49","timestamp":"2019-05-20 17:47:49"}
{"level":"info","message":"GET /order/order_items 18 2019-05-20 17:47:50","timestamp":"2019-05-20 17:47:50"}
{"level":"info","message":"GET /order/discount_info 5 2019-05-20 17:47:50","timestamp":"2019-05-20 17:47:50"}
{"level":"info","message":"GET /order/detail 20 2019-05-20 17:47:50","timestamp":"2019-05-20 17:47:50"}
{"level":"info","message":"GET /order/detail 7 2019-05-20 17:47:50","timestamp":"2019-05-20 17:47:50"}
{"level":"info","message":"POST /order/discount 53 2019-05-20 17:47:57","timestamp":"2019-05-20 17:47:57"}
{"level":"info","message":"GET /order/detail 8 2019-05-20 17:47:57","timestamp":"2019-05-20 17:47:57"}
{"level":"info","message":"GET /order/discount_info 4 2019-05-20 17:47:57","timestamp":"2019-05-20 17:47:57"}
{"level":"info","message":"GET /order/detail 17 2019-05-20 17:47:57","timestamp":"2019-05-20 17:47:57"}
{"level":"info","message":"PUT /order/resume_discount 48 2019-05-20 17:47:58","timestamp":"2019-05-20 17:47:58"}
{"level":"info","message":"GET /order/discount_info 5 2019-05-20 17:47:58","timestamp":"2019-05-20 17:47:58"}
{"level":"info","message":"GET /order/detail 14 2019-05-20 17:47:58","timestamp":"2019-05-20 17:47:58"}
{"level":"info","message":"GET /system/info 4 2019-05-20 17:48:06","timestamp":"2019-05-20 17:48:06"}
{"level":"info","message":"GET /order/discount_info 2 2019-05-20 17:48:06","timestamp":"2019-05-20 17:48:06"}
{"level":"info","message":"GET /order/detail 11 2019-05-20 17:48:06","timestamp":"2019-05-20 17:48:06"}
{"level":"info","message":"GET /order/detail 7 2019-05-20 17:48:06","timestamp":"2019-05-20 17:48:06"}
{"level":"info","message":"GET /order/order_items 5 2019-05-20 17:48:06","timestamp":"2019-05-20 17:48:06"}
