{"level":"info","message":"mqtt成功连接到：ws://test.emq.restoplus.cn:8083/mqtt","timestamp":"2019-04-23 11:05:50"}
{"level":"info","message":"订阅成功--$queue/winPos/+/2f83afee7a0e4822a6729145dd53af33/d2ff1bbb8c6f4fd8adb3949f76f8c1b6/+/+/+","timestamp":"2019-04-23 11:05:50"}
{"level":"info","message":"允许接收的平台=>posAdmin-dev,resto-dev","timestamp":"2019-04-23 11:05:50"}
{"level":"info","message":"GET /system/info 185 2019-04-23 11:06:53","timestamp":"2019-04-23 11:06:53"}
{"level":"info","message":"GET /area 105 2019-04-23 11:06:56","timestamp":"2019-04-23 11:06:56"}
{"level":"info","message":"GET /table/list 133 2019-04-23 11:06:56","timestamp":"2019-04-23 11:06:56"}
{"level":"info","message":"GET /order/order_state_count 112 2019-04-23 11:06:56","timestamp":"2019-04-23 11:06:56"}
{"level":"info","message":"GET /order/detail 179 2019-04-23 11:06:56","timestamp":"2019-04-23 11:06:56"}
{"level":"info","message":"GET /order/get_order_test 19 2019-04-23 11:06:56","timestamp":"2019-04-23 11:06:56"}
{"level":"info","message":"GET /order/detail 4 2019-04-23 11:07:00","timestamp":"2019-04-23 11:07:00"}
{"level":"info","message":"GET /order/get_order_test 4 2019-04-23 11:07:01","timestamp":"2019-04-23 11:07:01"}
{"level":"info","message":"GET /order/detail 7 2019-04-23 11:07:02","timestamp":"2019-04-23 11:07:02"}
{"level":"info","message":"GET /order/get_order_test 3 2019-04-23 11:07:02","timestamp":"2019-04-23 11:07:02"}
{"level":"info","message":"GET /order/detail 7 2019-04-23 11:07:04","timestamp":"2019-04-23 11:07:04"}
{"level":"info","message":"GET /order/get_order_test 3 2019-04-23 11:07:04","timestamp":"2019-04-23 11:07:04"}
{"level":"info","message":"GET /order/detail 7 2019-04-23 11:07:04","timestamp":"2019-04-23 11:07:04"}
{"level":"info","message":"GET /order/get_order_test 2 2019-04-23 11:07:05","timestamp":"2019-04-23 11:07:05"}
{"level":"info","message":"GET /order/wait_order 4 2019-04-23 11:07:06","timestamp":"2019-04-23 11:07:06"}
{"level":"info","message":"GET /order/detail 5 2019-04-23 11:07:07","timestamp":"2019-04-23 11:07:07"}
{"level":"info","message":"GET /order/get_order_test 3 2019-04-23 11:07:07","timestamp":"2019-04-23 11:07:07"}
{"level":"info","message":"GET /order/no_pay 2 2019-04-23 11:07:07","timestamp":"2019-04-23 11:07:07"}
{"level":"info","message":"GET /order/detail 13 2019-04-23 11:07:07","timestamp":"2019-04-23 11:07:07"}
{"level":"info","message":"GET /order/get_order_test 5 2019-04-23 11:07:08","timestamp":"2019-04-23 11:07:08"}
{"level":"info","message":"GET /order/wait_order 4 2019-04-23 11:07:09","timestamp":"2019-04-23 11:07:09"}
{"level":"info","message":"GET /order/detail 10 2019-04-23 11:07:09","timestamp":"2019-04-23 11:07:09"}
{"level":"info","message":"GET /order/get_order_test 3 2019-04-23 11:07:09","timestamp":"2019-04-23 11:07:09"}
{"level":"info","message":"GET /order/no_pay 3 2019-04-23 11:07:10","timestamp":"2019-04-23 11:07:10"}
{"level":"info","message":"GET /order/detail 9 2019-04-23 11:07:10","timestamp":"2019-04-23 11:07:10"}
{"level":"info","message":"GET /order/get_order_test 2 2019-04-23 11:07:10","timestamp":"2019-04-23 11:07:10"}
{"level":"info","message":"GET /order/wait_order 3 2019-04-23 11:07:13","timestamp":"2019-04-23 11:07:13"}
{"level":"info","message":"GET /order/detail 8 2019-04-23 11:07:13","timestamp":"2019-04-23 11:07:13"}
{"level":"info","message":"GET /order/get_order_test 2 2019-04-23 11:07:13","timestamp":"2019-04-23 11:07:13"}
{"level":"info","message":"GET /table/list 6 2019-04-23 11:07:14","timestamp":"2019-04-23 11:07:14"}
{"level":"info","message":"mqtt成功连接到：ws://test.emq.restoplus.cn:8083/mqtt","timestamp":"2019-04-23 11:55:13"}
{"level":"info","message":"订阅成功--$queue/winPos/+/2f83afee7a0e4822a6729145dd53af33/d2ff1bbb8c6f4fd8adb3949f76f8c1b6/+/+/+","timestamp":"2019-04-23 11:55:13"}
{"level":"info","message":"允许接收的平台=>posAdmin-dev,resto-dev","timestamp":"2019-04-23 11:55:13"}
{"level":"error","message":"==mqtt==close==你已断开连接,异常退出","timestamp":"2019-04-23 11:55:34"}
{"level":"error","message":"ServiceUnavailableError: Response timeout\n    at IncomingMessage.<anonymous> (/Users/chintec/Documents/node/resto-newpos/node_modules/connect-timeout/index.js:84:8)\n    at emitOne (events.js:116:13)\n    at IncomingMessage.emit (events.js:211:7)\n    at Timeout._onTimeout (/Users/chintec/Documents/node/resto-newpos/node_modules/connect-timeout/index.js:49:11)\n    at ontimeout (timers.js:475:11)\n    at tryOnTimeout (timers.js:310:5)\n    at Timer.listOnTimeout (timers.js:270:5)","timestamp":"2019-04-23 11:55:44"}
{"level":"info","message":"==mqtt==reconnect==正在尝试重新连接","timestamp":"2019-04-23 11:55:50"}
{"level":"info","message":"mqtt成功连接到：ws://test.emq.restoplus.cn:8083/mqtt","timestamp":"2019-04-23 11:55:50"}
{"level":"info","message":"订阅成功--$queue/winPos/+/2f83afee7a0e4822a6729145dd53af33/d2ff1bbb8c6f4fd8adb3949f76f8c1b6/+/+/+","timestamp":"2019-04-23 11:55:50"}
{"level":"info","message":"允许接收的平台=>posAdmin-dev,resto-dev","timestamp":"2019-04-23 11:55:50"}
{"level":"error","message":"==mqtt==close==你已断开连接,异常退出","timestamp":"2019-04-23 13:45:37"}
{"level":"info","message":"==mqtt==reconnect==正在尝试重新连接","timestamp":"2019-04-23 13:45:52"}
{"level":"info","message":"mqtt成功连接到：ws://test.emq.restoplus.cn:8083/mqtt","timestamp":"2019-04-23 13:45:52"}
{"level":"info","message":"订阅成功--$queue/winPos/+/2f83afee7a0e4822a6729145dd53af33/d2ff1bbb8c6f4fd8adb3949f76f8c1b6/+/+/+","timestamp":"2019-04-23 13:45:52"}
{"level":"info","message":"允许接收的平台=>posAdmin-dev,resto-dev","timestamp":"2019-04-23 13:45:52"}
{"level":"info","message":"GET /system/info 57 2019-04-23 13:54:41","timestamp":"2019-04-23 13:54:41"}
{"level":"info","message":"GET /order/order_state_count 56 2019-04-23 13:54:41","timestamp":"2019-04-23 13:54:41"}
{"level":"info","message":"GET /area 55 2019-04-23 13:54:41","timestamp":"2019-04-23 13:54:41"}
{"level":"info","message":"GET /table/list 58 2019-04-23 13:54:41","timestamp":"2019-04-23 13:54:41"}
{"level":"info","message":"GET /order/detail 33 2019-04-23 13:54:45","timestamp":"2019-04-23 13:54:45"}
{"level":"info","message":"GET /order/get_order_test 36 2019-04-23 13:54:45","timestamp":"2019-04-23 13:54:45"}
{"level":"info","message":"POST /bindTable 102 2019-04-23 13:54:49","timestamp":"2019-04-23 13:54:49"}
{"level":"info","message":"GET /order/detail 7 2019-04-23 13:54:49","timestamp":"2019-04-23 13:54:49"}
{"level":"info","message":"GET /article/family_list 25 2019-04-23 13:54:49","timestamp":"2019-04-23 13:54:49"}
{"level":"info","message":"GET /article/article_list 100 2019-04-23 13:54:50","timestamp":"2019-04-23 13:54:50"}
{"level":"info","message":"POST /pushOrder 98 2019-04-23 13:54:54","timestamp":"2019-04-23 13:54:54"}
{"level":"info","message":"GET /order/order_state_count 10 2019-04-23 13:54:54","timestamp":"2019-04-23 13:54:54"}
{"level":"info","message":"GET /area 15 2019-04-23 13:54:54","timestamp":"2019-04-23 13:54:54"}
{"level":"info","message":"GET /table/list 19 2019-04-23 13:54:54","timestamp":"2019-04-23 13:54:54"}
{"level":"info","message":"GET /order/detail 41 2019-04-23 13:54:54","timestamp":"2019-04-23 13:54:54"}
{"level":"info","message":"GET /order/get_order_test 29 2019-04-23 13:54:55","timestamp":"2019-04-23 13:54:55"}
{"level":"info","message":"GET /article/family_list 4 2019-04-23 13:55:11","timestamp":"2019-04-23 13:55:11"}
{"level":"info","message":"GET /order/detail 10 2019-04-23 13:55:11","timestamp":"2019-04-23 13:55:11"}
{"level":"info","message":"GET /article/article_list 30 2019-04-23 13:55:11","timestamp":"2019-04-23 13:55:11"}
{"level":"info","message":"GET /article/article_list 13 2019-04-23 13:55:13","timestamp":"2019-04-23 13:55:13"}
{"level":"info","message":"GET /order/detail 5 2019-04-23 13:55:17","timestamp":"2019-04-23 13:55:17"}
{"level":"info","message":"POST /bindTable 29 2019-04-23 13:55:17","timestamp":"2019-04-23 13:55:17"}
{"level":"info","message":"POST /pushOrder 48 2019-04-23 13:55:17","timestamp":"2019-04-23 13:55:17"}
{"level":"info","message":"GET /order/order_state_count 17 2019-04-23 13:55:17","timestamp":"2019-04-23 13:55:17"}
{"level":"info","message":"GET /area 15 2019-04-23 13:55:17","timestamp":"2019-04-23 13:55:17"}
{"level":"info","message":"GET /table/list 14 2019-04-23 13:55:17","timestamp":"2019-04-23 13:55:17"}
{"level":"info","message":"GET /order/detail 58 2019-04-23 13:55:17","timestamp":"2019-04-23 13:55:17"}
{"level":"info","message":"GET /order/detail 6 2019-04-23 13:55:17","timestamp":"2019-04-23 13:55:17"}
{"level":"info","message":"GET /order/get_order_test 3 2019-04-23 13:55:17","timestamp":"2019-04-23 13:55:17"}
{"level":"info","message":"GET /order/get_order_test 4 2019-04-23 13:55:17","timestamp":"2019-04-23 13:55:17"}
{"level":"info","message":"GET /order/wait_order 6 2019-04-23 13:55:36","timestamp":"2019-04-23 13:55:36"}
{"level":"info","message":"GET /order/detail 9 2019-04-23 13:55:36","timestamp":"2019-04-23 13:55:36"}
{"level":"info","message":"GET /order/get_order_test 2 2019-04-23 13:55:36","timestamp":"2019-04-23 13:55:36"}
{"level":"info","message":"GET /order/no_pay 5 2019-04-23 13:55:37","timestamp":"2019-04-23 13:55:37"}
{"level":"info","message":"GET /order/detail 8 2019-04-23 13:55:37","timestamp":"2019-04-23 13:55:37"}
{"level":"info","message":"GET /order/get_order_test 5 2019-04-23 13:55:38","timestamp":"2019-04-23 13:55:38"}
{"level":"info","message":"GET /system/info 8 2019-04-23 13:56:22","timestamp":"2019-04-23 13:56:22"}
{"level":"info","message":"GET /order/order_state_count 7 2019-04-23 13:56:23","timestamp":"2019-04-23 13:56:23"}
{"level":"info","message":"GET /area 10 2019-04-23 13:56:23","timestamp":"2019-04-23 13:56:23"}
{"level":"info","message":"GET /table/list 7 2019-04-23 13:56:23","timestamp":"2019-04-23 13:56:23"}
{"level":"info","message":"GET /order/detail 24 2019-04-23 13:56:23","timestamp":"2019-04-23 13:56:23"}
{"level":"info","message":"GET /order/detail 7 2019-04-23 13:56:23","timestamp":"2019-04-23 13:56:23"}
{"level":"info","message":"GET /order/get_order_test 3 2019-04-23 13:56:23","timestamp":"2019-04-23 13:56:23"}
{"level":"info","message":"GET /order/get_order_test 5 2019-04-23 13:56:24","timestamp":"2019-04-23 13:56:24"}
{"level":"info","message":"GET /order/detail 8 2019-04-23 13:57:13","timestamp":"2019-04-23 13:57:13"}
{"level":"info","message":"GET /order/get_order_test 3 2019-04-23 13:57:14","timestamp":"2019-04-23 13:57:14"}
{"level":"info","message":"GET /order/detail 8 2019-04-23 13:57:15","timestamp":"2019-04-23 13:57:15"}
{"level":"info","message":"GET /order/get_order_test 5 2019-04-23 13:57:15","timestamp":"2019-04-23 13:57:15"}
{"level":"info","message":"GET /order/detail 9 2019-04-23 13:57:15","timestamp":"2019-04-23 13:57:15"}
{"level":"info","message":"GET /order/get_order_test 4 2019-04-23 13:57:16","timestamp":"2019-04-23 13:57:16"}
{"level":"info","message":"mqtt成功连接到：ws://test.emq.restoplus.cn:8083/mqtt","timestamp":"2019-04-23 13:58:11"}
{"level":"info","message":"订阅成功--$queue/winPos/+/2f83afee7a0e4822a6729145dd53af33/d2ff1bbb8c6f4fd8adb3949f76f8c1b6/+/+/+","timestamp":"2019-04-23 13:58:12"}
{"level":"info","message":"允许接收的平台=>posAdmin-dev,resto-dev","timestamp":"2019-04-23 13:58:12"}
{"level":"error","message":"==mqtt==close==你已断开连接,异常退出","timestamp":"2019-04-23 13:58:39"}
{"level":"info","message":"==mqtt==reconnect==正在尝试重新连接","timestamp":"2019-04-23 13:58:55"}
{"level":"info","message":"mqtt成功连接到：ws://test.emq.restoplus.cn:8083/mqtt","timestamp":"2019-04-23 13:58:55"}
{"level":"info","message":"订阅成功--$queue/winPos/+/2f83afee7a0e4822a6729145dd53af33/d2ff1bbb8c6f4fd8adb3949f76f8c1b6/+/+/+","timestamp":"2019-04-23 13:58:55"}
{"level":"info","message":"允许接收的平台=>posAdmin-dev,resto-dev","timestamp":"2019-04-23 13:58:55"}
{"level":"info","message":"GET /system/info 69 2019-04-23 13:59:13","timestamp":"2019-04-23 13:59:13"}
{"level":"info","message":"GET /user/normal/list 5 2019-04-23 13:59:14","timestamp":"2019-04-23 13:59:14"}
{"level":"info","message":"GET /user/normal/list 2 2019-04-23 13:59:17","timestamp":"2019-04-23 13:59:17"}
{"level":"info","message":"POST /user/login 22 2019-04-23 13:59:21","timestamp":"2019-04-23 13:59:21"}
{"level":"info","message":"GET /system/info 23 2019-04-23 13:59:21","timestamp":"2019-04-23 13:59:21"}
{"level":"info","message":"GET /order/order_state_count 15 2019-04-23 13:59:22","timestamp":"2019-04-23 13:59:22"}
{"level":"info","message":"GET /area 10 2019-04-23 13:59:22","timestamp":"2019-04-23 13:59:22"}
{"level":"info","message":"GET /table/list 14 2019-04-23 13:59:22","timestamp":"2019-04-23 13:59:22"}
{"level":"info","message":"POST /bindTable 119 2019-04-23 13:59:31","timestamp":"2019-04-23 13:59:31"}
{"level":"info","message":"GET /article/family_list 4 2019-04-23 13:59:31","timestamp":"2019-04-23 13:59:31"}
{"level":"info","message":"GET /order/detail 19 2019-04-23 13:59:31","timestamp":"2019-04-23 13:59:31"}
{"level":"info","message":"GET /article/article_list 21 2019-04-23 13:59:31","timestamp":"2019-04-23 13:59:31"}
{"level":"info","message":"POST /pushOrder 95 2019-04-23 13:59:34","timestamp":"2019-04-23 13:59:34"}
{"level":"info","message":"GET /order/order_state_count 6 2019-04-23 13:59:34","timestamp":"2019-04-23 13:59:34"}
{"level":"info","message":"GET /area 3 2019-04-23 13:59:34","timestamp":"2019-04-23 13:59:34"}
{"level":"info","message":"GET /table/list 5 2019-04-23 13:59:34","timestamp":"2019-04-23 13:59:34"}
{"level":"info","message":"GET /order/detail 24 2019-04-23 13:59:34","timestamp":"2019-04-23 13:59:34"}
{"level":"info","message":"GET /order/get_order_test 71 2019-04-23 13:59:34","timestamp":"2019-04-23 13:59:34"}
{"level":"info","message":"GET /article/family_list 1 2019-04-23 13:59:39","timestamp":"2019-04-23 13:59:39"}
{"level":"info","message":"GET /order/detail 6 2019-04-23 13:59:39","timestamp":"2019-04-23 13:59:39"}
{"level":"info","message":"GET /article/article_list 12 2019-04-23 13:59:39","timestamp":"2019-04-23 13:59:39"}
{"level":"info","message":"GET /order/detail 4 2019-04-23 13:59:42","timestamp":"2019-04-23 13:59:42"}
{"level":"info","message":"POST /bindTable 31 2019-04-23 13:59:42","timestamp":"2019-04-23 13:59:42"}
{"level":"info","message":"POST /pushOrder 50 2019-04-23 13:59:42","timestamp":"2019-04-23 13:59:42"}
{"level":"info","message":"GET /order/order_state_count 9 2019-04-23 13:59:42","timestamp":"2019-04-23 13:59:42"}
{"level":"info","message":"GET /area 7 2019-04-23 13:59:42","timestamp":"2019-04-23 13:59:42"}
{"level":"info","message":"GET /table/list 9 2019-04-23 13:59:42","timestamp":"2019-04-23 13:59:42"}
{"level":"info","message":"GET /order/detail 23 2019-04-23 13:59:42","timestamp":"2019-04-23 13:59:42"}
{"level":"info","message":"GET /order/detail 20 2019-04-23 13:59:42","timestamp":"2019-04-23 13:59:42"}
{"level":"info","message":"GET /order/get_order_test 5 2019-04-23 13:59:43","timestamp":"2019-04-23 13:59:43"}
{"level":"info","message":"GET /order/get_order_test 5 2019-04-23 13:59:43","timestamp":"2019-04-23 13:59:43"}
{"level":"info","message":"GET /order/wait_order 8 2019-04-23 13:59:46","timestamp":"2019-04-23 13:59:46"}
{"level":"info","message":"GET /order/detail 9 2019-04-23 13:59:46","timestamp":"2019-04-23 13:59:46"}
{"level":"info","message":"GET /order/get_order_test 5 2019-04-23 13:59:47","timestamp":"2019-04-23 13:59:47"}
{"level":"info","message":"GET /order/no_pay 5 2019-04-23 13:59:49","timestamp":"2019-04-23 13:59:49"}
{"level":"info","message":"GET /order/wait_order 4 2019-04-23 13:59:50","timestamp":"2019-04-23 13:59:50"}
{"level":"info","message":"GET /order/detail 11 2019-04-23 13:59:50","timestamp":"2019-04-23 13:59:50"}
{"level":"info","message":"GET /order/get_order_test 3 2019-04-23 13:59:51","timestamp":"2019-04-23 13:59:51"}
{"level":"info","message":"GET /table/list 7 2019-04-23 13:59:52","timestamp":"2019-04-23 13:59:52"}
{"level":"info","message":"GET /order/detail 8 2019-04-23 13:59:52","timestamp":"2019-04-23 13:59:52"}
{"level":"info","message":"GET /order/get_order_test 3 2019-04-23 13:59:52","timestamp":"2019-04-23 13:59:52"}
{"level":"info","message":"GET /order/wait_order 8 2019-04-23 13:59:52","timestamp":"2019-04-23 13:59:52"}
{"level":"info","message":"GET /order/detail 11 2019-04-23 13:59:52","timestamp":"2019-04-23 13:59:52"}
{"level":"info","message":"GET /order/get_order_test 3 2019-04-23 13:59:53","timestamp":"2019-04-23 13:59:53"}
{"level":"info","message":"GET /order/no_pay 3 2019-04-23 13:59:55","timestamp":"2019-04-23 13:59:55"}
{"level":"info","message":"GET /order/wait_order 2 2019-04-23 13:59:56","timestamp":"2019-04-23 13:59:56"}
{"level":"info","message":"GET /order/detail 8 2019-04-23 13:59:56","timestamp":"2019-04-23 13:59:56"}
{"level":"info","message":"GET /order/get_order_test 4 2019-04-23 13:59:56","timestamp":"2019-04-23 13:59:56"}
{"level":"info","message":"GET /table/list 4 2019-04-23 13:59:57","timestamp":"2019-04-23 13:59:57"}
{"level":"info","message":"GET /order/detail 10 2019-04-23 13:59:58","timestamp":"2019-04-23 13:59:58"}
{"level":"info","message":"GET /order/get_order_test 3 2019-04-23 13:59:58","timestamp":"2019-04-23 13:59:58"}
{"level":"info","message":"GET /order/wait_order 3 2019-04-23 14:00:07","timestamp":"2019-04-23 14:00:07"}
{"level":"info","message":"GET /order/detail 8 2019-04-23 14:00:07","timestamp":"2019-04-23 14:00:07"}
{"level":"info","message":"GET /order/get_order_test 3 2019-04-23 14:00:07","timestamp":"2019-04-23 14:00:07"}
{"level":"info","message":"GET /article/family_list 3 2019-04-23 14:00:09","timestamp":"2019-04-23 14:00:09"}
{"level":"info","message":"GET /order/detail 7 2019-04-23 14:00:09","timestamp":"2019-04-23 14:00:09"}
{"level":"info","message":"GET /article/article_list 17 2019-04-23 14:00:09","timestamp":"2019-04-23 14:00:09"}
{"level":"info","message":"GET /article/article_list 12 2019-04-23 14:00:18","timestamp":"2019-04-23 14:00:18"}
{"level":"info","message":"GET /article/article_list 9 2019-04-23 14:00:19","timestamp":"2019-04-23 14:00:19"}
{"level":"info","message":"GET /order/order_state_count 12 2019-04-23 14:00:22","timestamp":"2019-04-23 14:00:22"}
{"level":"info","message":"GET /area 12 2019-04-23 14:00:22","timestamp":"2019-04-23 14:00:22"}
{"level":"info","message":"GET /table/list 12 2019-04-23 14:00:22","timestamp":"2019-04-23 14:00:22"}
{"level":"info","message":"GET /order/detail 25 2019-04-23 14:00:22","timestamp":"2019-04-23 14:00:22"}
{"level":"info","message":"GET /order/get_order_test 3 2019-04-23 14:00:23","timestamp":"2019-04-23 14:00:23"}
{"level":"info","message":"GET /article/family_list 3 2019-04-23 14:00:25","timestamp":"2019-04-23 14:00:25"}
{"level":"info","message":"GET /order/detail 8 2019-04-23 14:00:25","timestamp":"2019-04-23 14:00:25"}
{"level":"info","message":"GET /article/article_list 13 2019-04-23 14:00:25","timestamp":"2019-04-23 14:00:25"}
{"level":"info","message":"GET /order/order_state_count 12 2019-04-23 14:00:27","timestamp":"2019-04-23 14:00:27"}
{"level":"info","message":"GET /area 10 2019-04-23 14:00:27","timestamp":"2019-04-23 14:00:27"}
{"level":"info","message":"GET /table/list 8 2019-04-23 14:00:27","timestamp":"2019-04-23 14:00:27"}
{"level":"info","message":"GET /order/detail 30 2019-04-23 14:00:27","timestamp":"2019-04-23 14:00:27"}
{"level":"info","message":"GET /order/get_order_test 3 2019-04-23 14:00:28","timestamp":"2019-04-23 14:00:28"}
{"level":"info","message":"GET /order/no_pay 3 2019-04-23 14:00:29","timestamp":"2019-04-23 14:00:29"}
{"level":"info","message":"GET /order/wait_order 2 2019-04-23 14:00:30","timestamp":"2019-04-23 14:00:30"}
{"level":"info","message":"GET /order/detail 8 2019-04-23 14:00:30","timestamp":"2019-04-23 14:00:30"}
{"level":"info","message":"GET /order/get_order_test 3 2019-04-23 14:00:30","timestamp":"2019-04-23 14:00:30"}
{"level":"info","message":"GET /table/list 6 2019-04-23 14:00:32","timestamp":"2019-04-23 14:00:32"}
{"level":"info","message":"GET /order/detail 5 2019-04-23 14:00:32","timestamp":"2019-04-23 14:00:32"}
{"level":"info","message":"GET /order/get_order_test 3 2019-04-23 14:00:33","timestamp":"2019-04-23 14:00:33"}
{"level":"info","message":"POST /bindTable 31 2019-04-23 14:00:36","timestamp":"2019-04-23 14:00:36"}
{"level":"info","message":"GET /article/family_list 2 2019-04-23 14:00:36","timestamp":"2019-04-23 14:00:36"}
{"level":"info","message":"GET /order/detail 6 2019-04-23 14:00:36","timestamp":"2019-04-23 14:00:36"}
{"level":"info","message":"GET /article/article_list 15 2019-04-23 14:00:36","timestamp":"2019-04-23 14:00:36"}
{"level":"info","message":"GET /system/info 6 2019-04-23 14:02:59","timestamp":"2019-04-23 14:02:59"}
{"level":"info","message":"GET /article/family_list 3 2019-04-23 14:02:59","timestamp":"2019-04-23 14:02:59"}
{"level":"info","message":"GET /order/detail 7 2019-04-23 14:02:59","timestamp":"2019-04-23 14:02:59"}
{"level":"info","message":"GET /article/article_list 12 2019-04-23 14:02:59","timestamp":"2019-04-23 14:02:59"}
{"level":"info","message":"GET /system/info 3 2019-04-23 14:03:37","timestamp":"2019-04-23 14:03:37"}
{"level":"info","message":"GET /article/family_list 3 2019-04-23 14:03:37","timestamp":"2019-04-23 14:03:37"}
{"level":"info","message":"GET /order/detail 11 2019-04-23 14:03:37","timestamp":"2019-04-23 14:03:37"}
{"level":"info","message":"GET /article/article_list 12 2019-04-23 14:03:38","timestamp":"2019-04-23 14:03:38"}
{"level":"info","message":"GET /system/info 5 2019-04-23 14:03:57","timestamp":"2019-04-23 14:03:57"}
{"level":"info","message":"GET /article/family_list 3 2019-04-23 14:03:57","timestamp":"2019-04-23 14:03:57"}
{"level":"info","message":"GET /order/detail 8 2019-04-23 14:03:57","timestamp":"2019-04-23 14:03:57"}
{"level":"info","message":"GET /article/article_list 23 2019-04-23 14:03:57","timestamp":"2019-04-23 14:03:57"}
{"level":"info","message":"GET /order/order_state_count 7 2019-04-23 14:06:24","timestamp":"2019-04-23 14:06:24"}
{"level":"info","message":"GET /area 3 2019-04-23 14:06:24","timestamp":"2019-04-23 14:06:24"}
{"level":"info","message":"GET /table/list 5 2019-04-23 14:06:24","timestamp":"2019-04-23 14:06:24"}
{"level":"info","message":"GET /order/detail 7 2019-04-23 14:06:25","timestamp":"2019-04-23 14:06:25"}
{"level":"info","message":"GET /order/get_order_test 3 2019-04-23 14:06:25","timestamp":"2019-04-23 14:06:25"}
{"level":"info","message":"GET /order/get_order_test 6 2019-04-23 14:06:25","timestamp":"2019-04-23 14:06:25"}
{"level":"info","message":"GET /order/detail 8 2019-04-23 14:06:46","timestamp":"2019-04-23 14:06:46"}
{"level":"info","message":"GET /order/get_order_test 6 2019-04-23 14:06:47","timestamp":"2019-04-23 14:06:47"}
{"level":"info","message":"GET /article/family_list 3 2019-04-23 14:06:47","timestamp":"2019-04-23 14:06:47"}
{"level":"info","message":"GET /order/detail 7 2019-04-23 14:06:47","timestamp":"2019-04-23 14:06:47"}
{"level":"info","message":"GET /article/article_list 20 2019-04-23 14:06:48","timestamp":"2019-04-23 14:06:48"}
{"level":"info","message":"GET /article/article_list 9 2019-04-23 14:06:50","timestamp":"2019-04-23 14:06:50"}
{"level":"info","message":"GET /article/article_list 9 2019-04-23 14:06:51","timestamp":"2019-04-23 14:06:51"}
{"level":"info","message":"GET /article/article_list 8 2019-04-23 14:06:52","timestamp":"2019-04-23 14:06:52"}
{"level":"info","message":"GET /article/article_list 15 2019-04-23 14:06:54","timestamp":"2019-04-23 14:06:54"}
{"level":"info","message":"GET /article/article_list 10 2019-04-23 14:06:55","timestamp":"2019-04-23 14:06:55"}
{"level":"info","message":"GET /article/article_list 9 2019-04-23 14:07:09","timestamp":"2019-04-23 14:07:09"}
{"level":"info","message":"GET /article/article_list 8 2019-04-23 14:11:33","timestamp":"2019-04-23 14:11:33"}
{"level":"info","message":"GET /article/family_list 4 2019-04-23 14:15:01","timestamp":"2019-04-23 14:15:01"}
{"level":"info","message":"GET /order/detail 25 2019-04-23 14:15:01","timestamp":"2019-04-23 14:15:01"}
{"level":"info","message":"GET /article/article_list 23 2019-04-23 14:15:01","timestamp":"2019-04-23 14:15:01"}
{"level":"info","message":"GET /article/article_list 12 2019-04-23 14:15:49","timestamp":"2019-04-23 14:15:49"}
{"level":"info","message":"GET /article/article_list 12 2019-04-23 14:15:54","timestamp":"2019-04-23 14:15:54"}
{"level":"info","message":"GET /system/info 7 2019-04-23 14:22:37","timestamp":"2019-04-23 14:22:37"}
{"level":"info","message":"GET /article/family_list 2 2019-04-23 14:22:37","timestamp":"2019-04-23 14:22:37"}
{"level":"info","message":"GET /order/detail 6 2019-04-23 14:22:37","timestamp":"2019-04-23 14:22:37"}
{"level":"info","message":"GET /article/article_list 14 2019-04-23 14:22:38","timestamp":"2019-04-23 14:22:38"}
{"level":"info","message":"GET /system/info 4 2019-04-23 14:22:45","timestamp":"2019-04-23 14:22:45"}
{"level":"info","message":"GET /article/family_list 1 2019-04-23 14:22:45","timestamp":"2019-04-23 14:22:45"}
{"level":"info","message":"GET /order/detail 6 2019-04-23 14:22:45","timestamp":"2019-04-23 14:22:45"}
{"level":"info","message":"GET /article/article_list 13 2019-04-23 14:22:45","timestamp":"2019-04-23 14:22:45"}
{"level":"info","message":"GET /article/article_list 7 2019-04-23 14:22:47","timestamp":"2019-04-23 14:22:47"}
{"level":"info","message":"GET /article/meal_item 166 2019-04-23 14:22:48","timestamp":"2019-04-23 14:22:48"}
{"level":"info","message":"GET /article/article_list 8 2019-04-23 14:26:09","timestamp":"2019-04-23 14:26:09"}
{"level":"info","message":"GET /article/meal_item 11 2019-04-23 14:26:11","timestamp":"2019-04-23 14:26:11"}
{"level":"info","message":"GET /article/meal_item 13 2019-04-23 14:26:13","timestamp":"2019-04-23 14:26:13"}
{"level":"info","message":"GET /article/meal_item 9 2019-04-23 14:26:17","timestamp":"2019-04-23 14:26:17"}
{"level":"info","message":"GET /article/meal_item 4 2019-04-23 14:26:19","timestamp":"2019-04-23 14:26:19"}
{"level":"info","message":"GET /article/meal_item 8 2019-04-23 14:26:26","timestamp":"2019-04-23 14:26:26"}
{"level":"info","message":"GET /order/order_state_count 15 2019-04-23 14:39:01","timestamp":"2019-04-23 14:39:01"}
{"level":"info","message":"GET /area 13 2019-04-23 14:39:01","timestamp":"2019-04-23 14:39:01"}
{"level":"info","message":"GET /table/list 9 2019-04-23 14:39:01","timestamp":"2019-04-23 14:39:01"}
{"level":"info","message":"GET /order/detail 30 2019-04-23 14:39:01","timestamp":"2019-04-23 14:39:01"}
{"level":"info","message":"GET /order/get_order_test 3 2019-04-23 14:39:02","timestamp":"2019-04-23 14:39:02"}
{"level":"info","message":"GET /order/wait_order 4 2019-04-23 14:39:05","timestamp":"2019-04-23 14:39:05"}
{"level":"info","message":"GET /order/detail 7 2019-04-23 14:39:05","timestamp":"2019-04-23 14:39:05"}
{"level":"info","message":"GET /order/get_order_test 4 2019-04-23 14:39:06","timestamp":"2019-04-23 14:39:06"}
{"level":"info","message":"GET /order/detail 5 2019-04-23 14:39:06","timestamp":"2019-04-23 14:39:06"}
{"level":"info","message":"GET /order/get_order_test 4 2019-04-23 14:39:07","timestamp":"2019-04-23 14:39:07"}
{"level":"info","message":"GET /article/family_list 2 2019-04-23 14:39:07","timestamp":"2019-04-23 14:39:07"}
{"level":"info","message":"GET /order/detail 6 2019-04-23 14:39:07","timestamp":"2019-04-23 14:39:07"}
{"level":"info","message":"GET /article/article_list 18 2019-04-23 14:39:07","timestamp":"2019-04-23 14:39:07"}
{"level":"info","message":"POST /pushOrder 134 2019-04-23 14:39:11","timestamp":"2019-04-23 14:39:11"}
{"level":"info","message":"GET /order/order_state_count 9 2019-04-23 14:39:11","timestamp":"2019-04-23 14:39:11"}
{"level":"info","message":"GET /area 9 2019-04-23 14:39:11","timestamp":"2019-04-23 14:39:11"}
{"level":"info","message":"GET /table/list 12 2019-04-23 14:39:11","timestamp":"2019-04-23 14:39:11"}
{"level":"info","message":"GET /order/detail 26 2019-04-23 14:39:11","timestamp":"2019-04-23 14:39:11"}
{"level":"info","message":"GET /order/get_order_test 3 2019-04-23 14:39:11","timestamp":"2019-04-23 14:39:11"}
{"level":"info","message":"GET /order/order_state_count 68 2019-04-23 14:49:47","timestamp":"2019-04-23 14:49:47"}
{"level":"info","message":"GET /area 29 2019-04-23 14:49:47","timestamp":"2019-04-23 14:49:47"}
{"level":"info","message":"GET /table/list 20 2019-04-23 14:49:47","timestamp":"2019-04-23 14:49:47"}
{"level":"info","message":"GET /order/detail 46 2019-04-23 14:49:47","timestamp":"2019-04-23 14:49:47"}
{"level":"info","message":"GET /order/get_order_test 4 2019-04-23 14:49:47","timestamp":"2019-04-23 14:49:47"}
{"level":"info","message":"GET /system/info 12 2019-04-23 14:52:14","timestamp":"2019-04-23 14:52:14"}
{"level":"info","message":"GET /order/order_state_count 7 2019-04-23 14:52:14","timestamp":"2019-04-23 14:52:14"}
{"level":"info","message":"GET /area 8 2019-04-23 14:52:14","timestamp":"2019-04-23 14:52:14"}
{"level":"info","message":"GET /table/list 8 2019-04-23 14:52:14","timestamp":"2019-04-23 14:52:14"}
{"level":"info","message":"GET /order/detail 33 2019-04-23 14:52:14","timestamp":"2019-04-23 14:52:14"}
{"level":"info","message":"GET /order/get_order_test 5 2019-04-23 14:52:14","timestamp":"2019-04-23 14:52:14"}
{"level":"info","message":"GET /order/order_state_count 16 2019-04-23 14:52:38","timestamp":"2019-04-23 14:52:38"}
{"level":"info","message":"GET /area 11 2019-04-23 14:52:38","timestamp":"2019-04-23 14:52:38"}
{"level":"info","message":"GET /table/list 17 2019-04-23 14:52:38","timestamp":"2019-04-23 14:52:38"}
{"level":"info","message":"GET /order/detail 29 2019-04-23 14:52:38","timestamp":"2019-04-23 14:52:38"}
{"level":"info","message":"GET /order/get_order_test 4 2019-04-23 14:52:38","timestamp":"2019-04-23 14:52:38"}
{"level":"info","message":"GET /table/list 5 2019-04-23 14:53:03","timestamp":"2019-04-23 14:53:03"}
{"level":"info","message":"GET /table/list 8 2019-04-23 14:53:07","timestamp":"2019-04-23 14:53:07"}
{"level":"info","message":"GET /table/list 5 2019-04-23 14:53:09","timestamp":"2019-04-23 14:53:09"}
{"level":"info","message":"GET /table/list 4 2019-04-23 14:53:11","timestamp":"2019-04-23 14:53:11"}
{"level":"info","message":"GET /table/list 2 2019-04-23 14:53:14","timestamp":"2019-04-23 14:53:14"}
{"level":"info","message":"GET /table/list 10 2019-04-23 14:53:14","timestamp":"2019-04-23 14:53:14"}
{"level":"info","message":"GET /table/list 4 2019-04-23 14:53:14","timestamp":"2019-04-23 14:53:14"}
{"level":"info","message":"GET /table/list 4 2019-04-23 14:53:15","timestamp":"2019-04-23 14:53:15"}
{"level":"info","message":"GET /order/detail 7 2019-04-23 14:53:15","timestamp":"2019-04-23 14:53:15"}
{"level":"info","message":"GET /order/get_order_test 4 2019-04-23 14:53:15","timestamp":"2019-04-23 14:53:15"}
{"level":"info","message":"GET /table/list 5 2019-04-23 14:53:17","timestamp":"2019-04-23 14:53:17"}
{"level":"info","message":"GET /table/list 5 2019-04-23 14:53:18","timestamp":"2019-04-23 14:53:18"}
{"level":"info","message":"GET /order/detail 7 2019-04-23 14:53:18","timestamp":"2019-04-23 14:53:18"}
{"level":"info","message":"GET /order/get_order_test 4 2019-04-23 14:53:19","timestamp":"2019-04-23 14:53:19"}
{"level":"info","message":"GET /order/wait_order 4 2019-04-23 14:53:19","timestamp":"2019-04-23 14:53:19"}
{"level":"info","message":"GET /order/detail 10 2019-04-23 14:53:19","timestamp":"2019-04-23 14:53:19"}
{"level":"info","message":"GET /order/get_order_test 3 2019-04-23 14:53:20","timestamp":"2019-04-23 14:53:20"}
{"level":"info","message":"GET /order/no_pay 4 2019-04-23 14:53:21","timestamp":"2019-04-23 14:53:21"}
{"level":"info","message":"GET /order/detail 9 2019-04-23 14:53:21","timestamp":"2019-04-23 14:53:21"}
{"level":"info","message":"GET /order/get_order_test 4 2019-04-23 14:53:21","timestamp":"2019-04-23 14:53:21"}
{"level":"info","message":"GET /order/wait_order 2 2019-04-23 14:53:22","timestamp":"2019-04-23 14:53:22"}
{"level":"info","message":"GET /order/detail 7 2019-04-23 14:53:22","timestamp":"2019-04-23 14:53:22"}
{"level":"info","message":"GET /order/get_order_test 5 2019-04-23 14:53:23","timestamp":"2019-04-23 14:53:23"}
{"level":"info","message":"GET /order/no_pay 4 2019-04-23 14:53:24","timestamp":"2019-04-23 14:53:24"}
{"level":"info","message":"GET /order/detail 5 2019-04-23 14:53:24","timestamp":"2019-04-23 14:53:24"}
{"level":"info","message":"GET /order/get_order_test 4 2019-04-23 14:53:24","timestamp":"2019-04-23 14:53:24"}
{"level":"info","message":"GET /order/wait_order 3 2019-04-23 14:53:35","timestamp":"2019-04-23 14:53:35"}
{"level":"info","message":"GET /order/detail 7 2019-04-23 14:53:35","timestamp":"2019-04-23 14:53:35"}
{"level":"info","message":"GET /order/get_order_test 3 2019-04-23 14:53:35","timestamp":"2019-04-23 14:53:35"}
{"level":"info","message":"GET /table/list 5 2019-04-23 14:53:36","timestamp":"2019-04-23 14:53:36"}
{"level":"info","message":"GET /order/detail 8 2019-04-23 14:53:36","timestamp":"2019-04-23 14:53:36"}
{"level":"info","message":"GET /order/get_order_test 4 2019-04-23 14:53:37","timestamp":"2019-04-23 14:53:37"}
{"level":"info","message":"GET /order/detail 10 2019-04-23 14:55:00","timestamp":"2019-04-23 14:55:00"}
{"level":"info","message":"GET /order/get_order_test 4 2019-04-23 14:55:00","timestamp":"2019-04-23 14:55:00"}
{"level":"info","message":"GET /order/detail 9 2019-04-23 14:55:02","timestamp":"2019-04-23 14:55:02"}
{"level":"info","message":"GET /order/get_order_test 4 2019-04-23 14:55:02","timestamp":"2019-04-23 14:55:02"}
{"level":"info","message":"GET /system/info 20 2019-04-23 15:01:30","timestamp":"2019-04-23 15:01:30"}
{"level":"info","message":"GET /order/order_state_count 12 2019-04-23 15:01:31","timestamp":"2019-04-23 15:01:31"}
{"level":"info","message":"GET /area 8 2019-04-23 15:01:31","timestamp":"2019-04-23 15:01:31"}
{"level":"info","message":"GET /table/list 12 2019-04-23 15:01:31","timestamp":"2019-04-23 15:01:31"}
{"level":"info","message":"GET /order/detail 24 2019-04-23 15:01:31","timestamp":"2019-04-23 15:01:31"}
{"level":"info","message":"GET /order/get_order_test 5 2019-04-23 15:01:32","timestamp":"2019-04-23 15:01:32"}
{"level":"info","message":"GET /article/family_list 2 2019-04-23 15:01:39","timestamp":"2019-04-23 15:01:39"}
{"level":"info","message":"GET /order/detail 6 2019-04-23 15:01:39","timestamp":"2019-04-23 15:01:39"}
{"level":"info","message":"GET /article/article_list 19 2019-04-23 15:01:39","timestamp":"2019-04-23 15:01:39"}
{"level":"info","message":"GET /article/article_list 16 2019-04-23 15:01:54","timestamp":"2019-04-23 15:01:54"}
{"level":"info","message":"GET /article/article_list 11 2019-04-23 15:02:17","timestamp":"2019-04-23 15:02:17"}
{"level":"info","message":"GET /system/info 7 2019-04-23 15:03:33","timestamp":"2019-04-23 15:03:33"}
{"level":"info","message":"GET /article/family_list 1 2019-04-23 15:03:34","timestamp":"2019-04-23 15:03:34"}
{"level":"info","message":"GET /order/detail 8 2019-04-23 15:03:34","timestamp":"2019-04-23 15:03:34"}
{"level":"info","message":"GET /article/article_list 13 2019-04-23 15:03:34","timestamp":"2019-04-23 15:03:34"}
{"level":"info","message":"GET /article/article_list 13 2019-04-23 15:03:36","timestamp":"2019-04-23 15:03:36"}
{"level":"info","message":"GET /article/article_list 9 2019-04-23 15:03:37","timestamp":"2019-04-23 15:03:37"}
{"level":"info","message":"GET /article/article_list 11 2019-04-23 15:03:38","timestamp":"2019-04-23 15:03:38"}
{"level":"info","message":"GET /article/article_list 14 2019-04-23 15:03:44","timestamp":"2019-04-23 15:03:44"}
{"level":"info","message":"GET /article/article_list 10 2019-04-23 15:03:45","timestamp":"2019-04-23 15:03:45"}
{"level":"info","message":"GET /article/article_list 9 2019-04-23 15:03:45","timestamp":"2019-04-23 15:03:45"}
{"level":"info","message":"GET /article/article_list 26 2019-04-23 15:03:46","timestamp":"2019-04-23 15:03:46"}
{"level":"info","message":"GET /article/article_list 10 2019-04-23 15:03:46","timestamp":"2019-04-23 15:03:46"}
{"level":"info","message":"GET /article/article_list 13 2019-04-23 15:03:51","timestamp":"2019-04-23 15:03:51"}
{"level":"info","message":"GET /article/article_list 8 2019-04-23 15:03:52","timestamp":"2019-04-23 15:03:52"}
{"level":"info","message":"GET /article/article_list 14 2019-04-23 15:03:53","timestamp":"2019-04-23 15:03:53"}
{"level":"info","message":"GET /article/article_list 11 2019-04-23 15:03:53","timestamp":"2019-04-23 15:03:53"}
{"level":"info","message":"GET /article/article_list 22 2019-04-23 15:03:54","timestamp":"2019-04-23 15:03:54"}
{"level":"info","message":"GET /article/article_list 11 2019-04-23 15:03:56","timestamp":"2019-04-23 15:03:56"}
{"level":"info","message":"GET /article/article_list 18 2019-04-23 15:04:19","timestamp":"2019-04-23 15:04:19"}
{"level":"info","message":"GET /article/article_list 10 2019-04-23 15:04:21","timestamp":"2019-04-23 15:04:21"}
{"level":"info","message":"GET /article/article_list 10 2019-04-23 15:04:22","timestamp":"2019-04-23 15:04:22"}
{"level":"info","message":"GET /article/article_list 8 2019-04-23 15:04:22","timestamp":"2019-04-23 15:04:22"}
{"level":"info","message":"GET /article/article_list 11 2019-04-23 15:04:23","timestamp":"2019-04-23 15:04:23"}
{"level":"info","message":"GET /article/article_list 10 2019-04-23 15:04:24","timestamp":"2019-04-23 15:04:24"}
{"level":"info","message":"GET /article/article_list 9 2019-04-23 15:04:24","timestamp":"2019-04-23 15:04:24"}
{"level":"info","message":"GET /article/article_list 8 2019-04-23 15:04:25","timestamp":"2019-04-23 15:04:25"}
{"level":"info","message":"GET /article/article_list 11 2019-04-23 15:04:25","timestamp":"2019-04-23 15:04:25"}
{"level":"info","message":"GET /article/article_list 12 2019-04-23 15:04:25","timestamp":"2019-04-23 15:04:25"}
{"level":"info","message":"GET /order/order_state_count 5 2019-04-23 15:04:30","timestamp":"2019-04-23 15:04:30"}
{"level":"info","message":"GET /area 5 2019-04-23 15:04:30","timestamp":"2019-04-23 15:04:30"}
{"level":"info","message":"GET /table/list 6 2019-04-23 15:04:30","timestamp":"2019-04-23 15:04:30"}
{"level":"info","message":"GET /order/detail 21 2019-04-23 15:04:30","timestamp":"2019-04-23 15:04:30"}
{"level":"info","message":"GET /order/get_order_test 5 2019-04-23 15:04:31","timestamp":"2019-04-23 15:04:31"}
{"level":"info","message":"GET /order/get_order_test 4 2019-04-23 15:04:31","timestamp":"2019-04-23 15:04:31"}
{"level":"info","message":"GET /table/list_by_id 3 2019-04-23 15:04:32","timestamp":"2019-04-23 15:04:32"}
{"level":"info","message":"GET /table/list 6 2019-04-23 15:04:35","timestamp":"2019-04-23 15:04:35"}
{"level":"info","message":"GET /order/detail 12 2019-04-23 15:04:35","timestamp":"2019-04-23 15:04:35"}
{"level":"info","message":"GET /order/get_order_test 4 2019-04-23 15:04:36","timestamp":"2019-04-23 15:04:36"}
{"level":"info","message":"GET /table/list_by_id 4 2019-04-23 15:04:37","timestamp":"2019-04-23 15:04:37"}
{"level":"info","message":"GET /table/list_by_id 3 2019-04-23 15:04:38","timestamp":"2019-04-23 15:04:38"}
{"level":"info","message":"GET /table/list_by_id 3 2019-04-23 15:04:39","timestamp":"2019-04-23 15:04:39"}
{"level":"info","message":"GET /table/list 4 2019-04-23 15:04:41","timestamp":"2019-04-23 15:04:41"}
{"level":"info","message":"GET /order/detail 10 2019-04-23 15:04:41","timestamp":"2019-04-23 15:04:41"}
{"level":"info","message":"GET /order/get_order_test 4 2019-04-23 15:04:42","timestamp":"2019-04-23 15:04:42"}
{"level":"info","message":"GET /order/wait_order 4 2019-04-23 15:04:43","timestamp":"2019-04-23 15:04:43"}
{"level":"info","message":"GET /order/detail 8 2019-04-23 15:04:43","timestamp":"2019-04-23 15:04:43"}
{"level":"info","message":"GET /order/get_order_test 3 2019-04-23 15:04:44","timestamp":"2019-04-23 15:04:44"}
{"level":"info","message":"GET /order/no_pay 5 2019-04-23 15:04:45","timestamp":"2019-04-23 15:04:45"}
{"level":"info","message":"GET /order/detail 7 2019-04-23 15:04:45","timestamp":"2019-04-23 15:04:45"}
{"level":"info","message":"GET /order/get_order_test 5 2019-04-23 15:04:45","timestamp":"2019-04-23 15:04:45"}
{"level":"info","message":"GET /table/list 5 2019-04-23 15:04:46","timestamp":"2019-04-23 15:04:46"}
{"level":"info","message":"GET /order/detail 10 2019-04-23 15:04:46","timestamp":"2019-04-23 15:04:46"}
{"level":"info","message":"GET /order/get_order_test 4 2019-04-23 15:04:47","timestamp":"2019-04-23 15:04:47"}
{"level":"info","message":"GET /table/list 8 2019-04-23 15:15:57","timestamp":"2019-04-23 15:15:57"}
{"level":"info","message":"GET /table/list 5 2019-04-23 15:15:58","timestamp":"2019-04-23 15:15:58"}
{"level":"info","message":"GET /table/list 5 2019-04-23 15:15:59","timestamp":"2019-04-23 15:15:59"}
{"level":"info","message":"GET /table/list 6 2019-04-23 15:16:00","timestamp":"2019-04-23 15:16:00"}
{"level":"info","message":"GET /order/detail 6 2019-04-23 15:16:00","timestamp":"2019-04-23 15:16:00"}
{"level":"info","message":"GET /order/get_order_test 4 2019-04-23 15:16:01","timestamp":"2019-04-23 15:16:01"}
{"level":"info","message":"GET /order/detail 9 2019-04-23 15:23:34","timestamp":"2019-04-23 15:23:34"}
{"level":"info","message":"GET /order/get_order_test 4 2019-04-23 15:23:34","timestamp":"2019-04-23 15:23:34"}
{"level":"info","message":"GET /order/detail 8 2019-04-23 15:23:38","timestamp":"2019-04-23 15:23:38"}
{"level":"info","message":"GET /order/get_order_test 4 2019-04-23 15:23:39","timestamp":"2019-04-23 15:23:39"}
{"level":"info","message":"GET /order/detail 9 2019-04-23 15:23:47","timestamp":"2019-04-23 15:23:47"}
{"level":"info","message":"GET /order/get_order_test 3 2019-04-23 15:23:48","timestamp":"2019-04-23 15:23:48"}
{"level":"info","message":"GET /order/detail 7 2019-04-23 15:23:51","timestamp":"2019-04-23 15:23:51"}
{"level":"info","message":"GET /order/get_order_test 4 2019-04-23 15:23:52","timestamp":"2019-04-23 15:23:52"}
{"level":"info","message":"GET /order/detail 6 2019-04-23 15:23:53","timestamp":"2019-04-23 15:23:53"}
{"level":"info","message":"GET /order/get_order_test 4 2019-04-23 15:23:54","timestamp":"2019-04-23 15:23:54"}
{"level":"info","message":"GET /order/detail 6 2019-04-23 15:24:07","timestamp":"2019-04-23 15:24:07"}
{"level":"info","message":"GET /order/get_order_test 5 2019-04-23 15:24:08","timestamp":"2019-04-23 15:24:08"}
{"level":"info","message":"GET /order/wait_order 3 2019-04-23 15:24:13","timestamp":"2019-04-23 15:24:13"}
{"level":"info","message":"GET /order/detail 6 2019-04-23 15:24:13","timestamp":"2019-04-23 15:24:13"}
{"level":"info","message":"GET /order/get_order_test 4 2019-04-23 15:24:14","timestamp":"2019-04-23 15:24:14"}
{"level":"info","message":"GET /table/list 5 2019-04-23 15:24:19","timestamp":"2019-04-23 15:24:19"}
{"level":"info","message":"GET /order/detail 7 2019-04-23 15:24:20","timestamp":"2019-04-23 15:24:20"}
{"level":"info","message":"GET /order/get_order_test 5 2019-04-23 15:24:20","timestamp":"2019-04-23 15:24:20"}
{"level":"info","message":"GET /order/detail 9 2019-04-23 15:25:10","timestamp":"2019-04-23 15:25:10"}
{"level":"info","message":"GET /order/get_order_test 3 2019-04-23 15:25:10","timestamp":"2019-04-23 15:25:10"}
{"level":"info","message":"GET /order/detail 6 2019-04-23 15:25:12","timestamp":"2019-04-23 15:25:12"}
{"level":"info","message":"GET /order/get_order_test 6 2019-04-23 15:25:12","timestamp":"2019-04-23 15:25:12"}
{"level":"info","message":"GET /order/detail 6 2019-04-23 15:25:13","timestamp":"2019-04-23 15:25:13"}
{"level":"info","message":"GET /order/get_order_test 4 2019-04-23 15:25:13","timestamp":"2019-04-23 15:25:13"}
{"level":"info","message":"GET /order/detail 7 2019-04-23 15:25:58","timestamp":"2019-04-23 15:25:58"}
{"level":"info","message":"GET /order/get_order_test 4 2019-04-23 15:25:58","timestamp":"2019-04-23 15:25:58"}
{"level":"info","message":"GET /order/detail 9 2019-04-23 15:26:28","timestamp":"2019-04-23 15:26:28"}
{"level":"info","message":"GET /order/get_order_test 3 2019-04-23 15:26:28","timestamp":"2019-04-23 15:26:28"}
{"level":"info","message":"GET /order/detail 8 2019-04-23 15:26:32","timestamp":"2019-04-23 15:26:32"}
{"level":"info","message":"GET /order/get_order_test 4 2019-04-23 15:26:32","timestamp":"2019-04-23 15:26:32"}
{"level":"info","message":"GET /order/detail 6 2019-04-23 15:26:50","timestamp":"2019-04-23 15:26:50"}
{"level":"info","message":"GET /order/get_order_test 3 2019-04-23 15:26:51","timestamp":"2019-04-23 15:26:51"}
{"level":"info","message":"GET /system/info 6 2019-04-23 15:27:27","timestamp":"2019-04-23 15:27:27"}
{"level":"info","message":"GET /order/order_state_count 10 2019-04-23 15:27:28","timestamp":"2019-04-23 15:27:28"}
{"level":"info","message":"GET /area 7 2019-04-23 15:27:28","timestamp":"2019-04-23 15:27:28"}
{"level":"info","message":"GET /table/list 9 2019-04-23 15:27:28","timestamp":"2019-04-23 15:27:28"}
{"level":"info","message":"GET /order/detail 6 2019-04-23 15:27:51","timestamp":"2019-04-23 15:27:51"}
{"level":"info","message":"GET /order/get_order_test 4 2019-04-23 15:27:52","timestamp":"2019-04-23 15:27:52"}
{"level":"info","message":"GET /order/detail 8 2019-04-23 15:28:11","timestamp":"2019-04-23 15:28:11"}
{"level":"info","message":"GET /order/get_order_test 4 2019-04-23 15:28:12","timestamp":"2019-04-23 15:28:12"}
{"level":"info","message":"GET /order/detail 7 2019-04-23 15:28:16","timestamp":"2019-04-23 15:28:16"}
{"level":"info","message":"GET /order/get_order_test 4 2019-04-23 15:28:17","timestamp":"2019-04-23 15:28:17"}
{"level":"info","message":"GET /order/detail 7 2019-04-23 15:28:22","timestamp":"2019-04-23 15:28:22"}
{"level":"info","message":"GET /order/get_order_test 4 2019-04-23 15:28:22","timestamp":"2019-04-23 15:28:22"}
{"level":"info","message":"GET /system/info 4 2019-04-23 15:29:00","timestamp":"2019-04-23 15:29:00"}
{"level":"info","message":"GET /order/order_state_count 5 2019-04-23 15:29:01","timestamp":"2019-04-23 15:29:01"}
{"level":"info","message":"GET /area 5 2019-04-23 15:29:01","timestamp":"2019-04-23 15:29:01"}
{"level":"info","message":"GET /table/list 5 2019-04-23 15:29:01","timestamp":"2019-04-23 15:29:01"}
{"level":"info","message":"GET /order/detail 6 2019-04-23 15:29:08","timestamp":"2019-04-23 15:29:08"}
{"level":"info","message":"GET /order/get_order_test 4 2019-04-23 15:29:08","timestamp":"2019-04-23 15:29:08"}
{"level":"info","message":"GET /system/info 7 2019-04-23 15:29:56","timestamp":"2019-04-23 15:29:56"}
{"level":"info","message":"GET /order/order_state_count 5 2019-04-23 15:29:56","timestamp":"2019-04-23 15:29:56"}
{"level":"info","message":"GET /order/detail 6 2019-04-23 15:29:56","timestamp":"2019-04-23 15:29:56"}
{"level":"info","message":"GET /area 1 2019-04-23 15:29:56","timestamp":"2019-04-23 15:29:56"}
{"level":"info","message":"GET /table/list 4 2019-04-23 15:29:56","timestamp":"2019-04-23 15:29:56"}
{"level":"info","message":"GET /order/get_order_test 6 2019-04-23 15:29:57","timestamp":"2019-04-23 15:29:57"}
{"level":"info","message":"GET /order/detail 7 2019-04-23 15:30:02","timestamp":"2019-04-23 15:30:02"}
{"level":"info","message":"GET /order/get_order_test 3 2019-04-23 15:30:02","timestamp":"2019-04-23 15:30:02"}
{"level":"info","message":"GET /table/list 5 2019-04-23 15:30:09","timestamp":"2019-04-23 15:30:09"}
{"level":"info","message":"GET /table/list 5 2019-04-23 15:30:13","timestamp":"2019-04-23 15:30:13"}
{"level":"info","message":"GET /order/detail 6 2019-04-23 15:30:13","timestamp":"2019-04-23 15:30:13"}
{"level":"info","message":"GET /order/get_order_test 4 2019-04-23 15:30:13","timestamp":"2019-04-23 15:30:13"}
{"level":"info","message":"GET /system/info 4 2019-04-23 15:30:20","timestamp":"2019-04-23 15:30:20"}
{"level":"info","message":"GET /order/order_state_count 5 2019-04-23 15:30:21","timestamp":"2019-04-23 15:30:21"}
{"level":"info","message":"GET /area 4 2019-04-23 15:30:21","timestamp":"2019-04-23 15:30:21"}
{"level":"info","message":"GET /table/list 7 2019-04-23 15:30:21","timestamp":"2019-04-23 15:30:21"}
{"level":"info","message":"GET /order/detail 8 2019-04-23 15:30:32","timestamp":"2019-04-23 15:30:32"}
{"level":"info","message":"GET /order/get_order_test 6 2019-04-23 15:30:32","timestamp":"2019-04-23 15:30:32"}
{"level":"info","message":"GET /order/wait_order 3 2019-04-23 15:30:41","timestamp":"2019-04-23 15:30:41"}
{"level":"info","message":"GET /order/detail 6 2019-04-23 15:30:41","timestamp":"2019-04-23 15:30:41"}
{"level":"info","message":"GET /order/get_order_test 5 2019-04-23 15:30:41","timestamp":"2019-04-23 15:30:41"}
{"level":"info","message":"GET /order/no_pay 3 2019-04-23 15:30:44","timestamp":"2019-04-23 15:30:44"}
{"level":"info","message":"GET /order/detail 7 2019-04-23 15:30:44","timestamp":"2019-04-23 15:30:44"}
{"level":"info","message":"GET /order/get_order_test 3 2019-04-23 15:30:45","timestamp":"2019-04-23 15:30:45"}
{"level":"info","message":"GET /order/wait_order 5 2019-04-23 15:30:46","timestamp":"2019-04-23 15:30:46"}
{"level":"info","message":"GET /order/detail 6 2019-04-23 15:30:46","timestamp":"2019-04-23 15:30:46"}
{"level":"info","message":"GET /order/get_order_test 3 2019-04-23 15:30:47","timestamp":"2019-04-23 15:30:47"}
{"level":"info","message":"GET /table/list 5 2019-04-23 15:30:48","timestamp":"2019-04-23 15:30:48"}
{"level":"info","message":"GET /order/detail 8 2019-04-23 15:30:48","timestamp":"2019-04-23 15:30:48"}
{"level":"info","message":"GET /order/get_order_test 5 2019-04-23 15:30:49","timestamp":"2019-04-23 15:30:49"}
{"level":"info","message":"GET /order/detail 8 2019-04-23 15:32:19","timestamp":"2019-04-23 15:32:19"}
{"level":"info","message":"GET /order/get_order_test 3 2019-04-23 15:32:20","timestamp":"2019-04-23 15:32:20"}
{"level":"info","message":"GET /order/detail 5 2019-04-23 15:32:20","timestamp":"2019-04-23 15:32:20"}
{"level":"info","message":"GET /order/get_order_test 5 2019-04-23 15:32:20","timestamp":"2019-04-23 15:32:20"}
{"level":"info","message":"GET /order/get_order_test 4 2019-04-23 15:36:38","timestamp":"2019-04-23 15:36:38"}
{"level":"info","message":"GET /order/detail 8 2019-04-23 15:38:26","timestamp":"2019-04-23 15:38:26"}
{"level":"info","message":"GET /order/detail 7 2019-04-23 15:39:10","timestamp":"2019-04-23 15:39:10"}
{"level":"info","message":"GET /system/info 5 2019-04-23 15:39:14","timestamp":"2019-04-23 15:39:14"}
{"level":"info","message":"GET /order/order_state_count 5 2019-04-23 15:39:15","timestamp":"2019-04-23 15:39:15"}
{"level":"info","message":"GET /area 2 2019-04-23 15:39:15","timestamp":"2019-04-23 15:39:15"}
{"level":"info","message":"GET /order/detail 11 2019-04-23 15:39:15","timestamp":"2019-04-23 15:39:15"}
{"level":"info","message":"GET /table/list 4 2019-04-23 15:39:15","timestamp":"2019-04-23 15:39:15"}
{"level":"info","message":"GET /order/get_order_test 6 2019-04-23 15:39:16","timestamp":"2019-04-23 15:39:16"}
{"level":"info","message":"GET /system/info 8 2019-04-23 15:42:13","timestamp":"2019-04-23 15:42:13"}
{"level":"info","message":"GET /order/order_state_count 6 2019-04-23 15:42:14","timestamp":"2019-04-23 15:42:14"}
{"level":"info","message":"GET /area 3 2019-04-23 15:42:14","timestamp":"2019-04-23 15:42:14"}
{"level":"info","message":"GET /order/detail 13 2019-04-23 15:42:14","timestamp":"2019-04-23 15:42:14"}
{"level":"info","message":"GET /table/list 5 2019-04-23 15:42:14","timestamp":"2019-04-23 15:42:14"}
{"level":"info","message":"GET /order/get_order_test 6 2019-04-23 15:42:14","timestamp":"2019-04-23 15:42:14"}
{"level":"info","message":"GET /user/normal/list 2 2019-04-23 15:45:29","timestamp":"2019-04-23 15:45:29"}
{"level":"info","message":"POST /user/login 9 2019-04-23 15:45:34","timestamp":"2019-04-23 15:45:34"}
{"level":"info","message":"GET /system/info 4 2019-04-23 15:45:34","timestamp":"2019-04-23 15:45:34"}
{"level":"info","message":"GET /order/order_state_count 5 2019-04-23 15:45:34","timestamp":"2019-04-23 15:45:34"}
{"level":"info","message":"GET /area 8 2019-04-23 15:45:35","timestamp":"2019-04-23 15:45:35"}
{"level":"info","message":"GET /table/list 7 2019-04-23 15:45:35","timestamp":"2019-04-23 15:45:35"}
{"level":"info","message":"GET /order/detail 9 2019-04-23 15:45:35","timestamp":"2019-04-23 15:45:35"}
{"level":"info","message":"GET /order/get_order_test 3 2019-04-23 15:45:35","timestamp":"2019-04-23 15:45:35"}
{"level":"info","message":"GET /order/get_order_test 4 2019-04-23 15:45:35","timestamp":"2019-04-23 15:45:35"}
{"level":"info","message":"GET /order/detail 12 2019-04-23 15:47:56","timestamp":"2019-04-23 15:47:56"}
{"level":"info","message":"GET /order/detail 23 2019-04-23 16:20:15","timestamp":"2019-04-23 16:20:15"}
{"level":"info","message":"GET /area 8 2019-04-23 16:22:43","timestamp":"2019-04-23 16:22:43"}
{"level":"info","message":"GET /table/list 10 2019-04-23 16:22:43","timestamp":"2019-04-23 16:22:43"}
{"level":"info","message":"GET /system/info 5 2019-04-23 16:22:45","timestamp":"2019-04-23 16:22:45"}
{"level":"info","message":"GET /order/order_state_count 3 2019-04-23 16:22:45","timestamp":"2019-04-23 16:22:45"}
{"level":"info","message":"GET /order/detail 7 2019-04-23 16:22:45","timestamp":"2019-04-23 16:22:45"}
{"level":"info","message":"GET /area 3 2019-04-23 16:22:45","timestamp":"2019-04-23 16:22:45"}
{"level":"info","message":"GET /table/list 4 2019-04-23 16:22:45","timestamp":"2019-04-23 16:22:45"}
{"level":"info","message":"GET /order/get_order_test 4 2019-04-23 16:22:46","timestamp":"2019-04-23 16:22:46"}
{"level":"info","message":"POST /order/refund 62 2019-04-23 16:22:51","timestamp":"2019-04-23 16:22:51"}
{"level":"info","message":"GET /system/info 8 2019-04-23 16:25:34","timestamp":"2019-04-23 16:25:34"}
{"level":"info","message":"GET /order/order_state_count 7 2019-04-23 16:25:35","timestamp":"2019-04-23 16:25:35"}
{"level":"info","message":"GET /area 3 2019-04-23 16:25:35","timestamp":"2019-04-23 16:25:35"}
{"level":"info","message":"GET /table/list 6 2019-04-23 16:25:35","timestamp":"2019-04-23 16:25:35"}
{"level":"info","message":"GET /order/detail 20 2019-04-23 16:25:35","timestamp":"2019-04-23 16:25:35"}
{"level":"info","message":"GET /order/wait_order 2 2019-04-23 16:25:37","timestamp":"2019-04-23 16:25:37"}
{"level":"info","message":"GET /order/detail 8 2019-04-23 16:25:37","timestamp":"2019-04-23 16:25:37"}
{"level":"info","message":"GET /order/get_order_test 3 2019-04-23 16:25:38","timestamp":"2019-04-23 16:25:38"}
{"level":"info","message":"GET /table/list 5 2019-04-23 16:25:38","timestamp":"2019-04-23 16:25:38"}
{"level":"info","message":"GET /order/wait_order 3 2019-04-23 16:25:40","timestamp":"2019-04-23 16:25:40"}
{"level":"info","message":"GET /order/detail 5 2019-04-23 16:25:40","timestamp":"2019-04-23 16:25:40"}
{"level":"info","message":"GET /order/get_order_test 4 2019-04-23 16:25:40","timestamp":"2019-04-23 16:25:40"}
{"level":"info","message":"GET /table/list 5 2019-04-23 16:25:41","timestamp":"2019-04-23 16:25:41"}
{"level":"info","message":"GET /order/detail 7 2019-04-23 16:25:43","timestamp":"2019-04-23 16:25:43"}
{"level":"info","message":"GET /order/get_order_test 5 2019-04-23 16:25:43","timestamp":"2019-04-23 16:25:43"}
{"level":"info","message":"GET /article/family_list 1 2019-04-23 16:25:44","timestamp":"2019-04-23 16:25:44"}
{"level":"info","message":"GET /order/detail 7 2019-04-23 16:25:44","timestamp":"2019-04-23 16:25:44"}
{"level":"info","message":"GET /article/article_list 14 2019-04-23 16:25:44","timestamp":"2019-04-23 16:25:44"}
{"level":"info","message":"GET /article/article_list 10 2019-04-23 16:25:47","timestamp":"2019-04-23 16:25:47"}
{"level":"info","message":"POST /pushOrder 164 2019-04-23 16:25:51","timestamp":"2019-04-23 16:25:51"}
{"level":"info","message":"GET /order/order_state_count 6 2019-04-23 16:25:52","timestamp":"2019-04-23 16:25:52"}
{"level":"info","message":"GET /area 3 2019-04-23 16:25:52","timestamp":"2019-04-23 16:25:52"}
{"level":"info","message":"GET /table/list 5 2019-04-23 16:25:52","timestamp":"2019-04-23 16:25:52"}
{"level":"info","message":"GET /order/detail 19 2019-04-23 16:25:52","timestamp":"2019-04-23 16:25:52"}
{"level":"info","message":"GET /order/get_order_test 3 2019-04-23 16:25:52","timestamp":"2019-04-23 16:25:52"}
{"level":"info","message":"POST /order/refund 43 2019-04-23 16:26:00","timestamp":"2019-04-23 16:26:00"}
{"level":"info","message":"GET /order/detail 7 2019-04-23 16:26:00","timestamp":"2019-04-23 16:26:00"}
{"level":"info","message":"GET /order/detail 12 2019-04-23 16:26:10","timestamp":"2019-04-23 16:26:10"}
{"level":"info","message":"GET /order/get_order_test 4 2019-04-23 16:26:10","timestamp":"2019-04-23 16:26:10"}
{"level":"info","message":"GET /order/detail 9 2019-04-23 16:26:19","timestamp":"2019-04-23 16:26:19"}
{"level":"info","message":"GET /order/get_order_test 3 2019-04-23 16:26:20","timestamp":"2019-04-23 16:26:20"}
{"level":"info","message":"GET /order/no_pay 2 2019-04-23 16:26:21","timestamp":"2019-04-23 16:26:21"}
{"level":"info","message":"GET /order/detail 6 2019-04-23 16:26:22","timestamp":"2019-04-23 16:26:22"}
{"level":"info","message":"GET /order/get_order_test 2 2019-04-23 16:26:22","timestamp":"2019-04-23 16:26:22"}
{"level":"info","message":"GET /table/list 5 2019-04-23 16:26:23","timestamp":"2019-04-23 16:26:23"}
{"level":"info","message":"GET /order/detail 6 2019-04-23 16:26:24","timestamp":"2019-04-23 16:26:24"}
{"level":"info","message":"GET /order/get_order_test 3 2019-04-23 16:26:25","timestamp":"2019-04-23 16:26:25"}
{"level":"info","message":"mqtt成功连接到：ws://test.emq.restoplus.cn:8083/mqtt","timestamp":"2019-04-23 16:50:15"}
{"level":"info","message":"订阅成功--$queue/winPos/+/2f83afee7a0e4822a6729145dd53af33/d2ff1bbb8c6f4fd8adb3949f76f8c1b6/+/+/+","timestamp":"2019-04-23 16:50:21"}
{"level":"info","message":"允许接收的平台=>posAdmin-dev,resto-dev","timestamp":"2019-04-23 16:50:21"}
{"level":"error","message":"ServiceUnavailableError: Response timeout\n    at IncomingMessage.<anonymous> (/Users/chintec/Documents/node/resto-newpos/node_modules/connect-timeout/index.js:84:8)\n    at emitOne (events.js:116:13)\n    at IncomingMessage.emit (events.js:211:7)\n    at Timeout._onTimeout (/Users/chintec/Documents/node/resto-newpos/node_modules/connect-timeout/index.js:49:11)\n    at ontimeout (timers.js:475:11)\n    at tryOnTimeout (timers.js:310:5)\n    at Timer.listOnTimeout (timers.js:270:5)","timestamp":"2019-04-23 16:50:51"}
{"level":"info","message":"mqtt成功连接到：ws://test.emq.restoplus.cn:8083/mqtt","timestamp":"2019-04-23 16:52:09"}
{"level":"info","message":"订阅成功--$queue/winPos/+/2f83afee7a0e4822a6729145dd53af33/d2ff1bbb8c6f4fd8adb3949f76f8c1b6/+/+/+","timestamp":"2019-04-23 16:52:09"}
{"level":"info","message":"允许接收的平台=>posAdmin-dev,resto-dev","timestamp":"2019-04-23 16:52:09"}
{"level":"info","message":"GET /system/info 179 2019-04-23 16:52:56","timestamp":"2019-04-23 16:52:56"}
{"level":"info","message":"GET /order/order_state_count 37 2019-04-23 16:52:59","timestamp":"2019-04-23 16:52:59"}
{"level":"info","message":"GET /area 41 2019-04-23 16:52:59","timestamp":"2019-04-23 16:52:59"}
{"level":"info","message":"GET /table/list 45 2019-04-23 16:52:59","timestamp":"2019-04-23 16:52:59"}
{"level":"info","message":"GET /order/detail 60 2019-04-23 16:52:59","timestamp":"2019-04-23 16:52:59"}
{"level":"info","message":"GET /order/get_order_test 55 2019-04-23 16:53:00","timestamp":"2019-04-23 16:53:00"}
{"level":"info","message":"GET /article/family_list 3 2019-04-23 16:53:04","timestamp":"2019-04-23 16:53:04"}
{"level":"info","message":"GET /order/detail 6 2019-04-23 16:53:04","timestamp":"2019-04-23 16:53:04"}
{"level":"info","message":"GET /article/article_list 50 2019-04-23 16:53:04","timestamp":"2019-04-23 16:53:04"}
{"level":"info","message":"GET /article/article_list 12 2019-04-23 16:53:06","timestamp":"2019-04-23 16:53:06"}
{"level":"info","message":"GET /order/detail 7 2019-04-23 16:53:11","timestamp":"2019-04-23 16:53:11"}
{"level":"info","message":"POST /bindTable 115 2019-04-23 16:53:11","timestamp":"2019-04-23 16:53:11"}
{"level":"info","message":"POST /pushOrder 84 2019-04-23 16:53:11","timestamp":"2019-04-23 16:53:11"}
{"level":"info","message":"GET /order/order_state_count 8 2019-04-23 16:53:12","timestamp":"2019-04-23 16:53:12"}
{"level":"info","message":"GET /area 3 2019-04-23 16:53:12","timestamp":"2019-04-23 16:53:12"}
{"level":"info","message":"GET /table/list 9 2019-04-23 16:53:12","timestamp":"2019-04-23 16:53:12"}
{"level":"info","message":"GET /order/detail 27 2019-04-23 16:53:12","timestamp":"2019-04-23 16:53:12"}
{"level":"info","message":"GET /order/detail 8 2019-04-23 16:53:12","timestamp":"2019-04-23 16:53:12"}
{"level":"info","message":"GET /order/get_order_test 4 2019-04-23 16:53:12","timestamp":"2019-04-23 16:53:12"}
{"level":"info","message":"GET /order/get_order_test 5 2019-04-23 16:53:12","timestamp":"2019-04-23 16:53:12"}
{"level":"info","message":"GET /order/wait_order 5 2019-04-23 16:53:13","timestamp":"2019-04-23 16:53:13"}
{"level":"info","message":"GET /order/detail 9 2019-04-23 16:53:14","timestamp":"2019-04-23 16:53:14"}
{"level":"info","message":"GET /order/get_order_test 3 2019-04-23 16:53:14","timestamp":"2019-04-23 16:53:14"}
{"level":"info","message":"GET /order/no_pay 5 2019-04-23 16:53:15","timestamp":"2019-04-23 16:53:15"}
{"level":"info","message":"GET /order/wait_order 3 2019-04-23 16:53:16","timestamp":"2019-04-23 16:53:16"}
{"level":"info","message":"GET /order/detail 8 2019-04-23 16:53:16","timestamp":"2019-04-23 16:53:16"}
{"level":"info","message":"GET /order/get_order_test 3 2019-04-23 16:53:16","timestamp":"2019-04-23 16:53:16"}
{"level":"info","message":"GET /table/list 6 2019-04-23 16:53:17","timestamp":"2019-04-23 16:53:17"}
{"level":"info","message":"GET /order/wait_order 3 2019-04-23 16:53:18","timestamp":"2019-04-23 16:53:18"}
{"level":"info","message":"GET /order/detail 9 2019-04-23 16:53:18","timestamp":"2019-04-23 16:53:18"}
{"level":"info","message":"GET /order/get_order_test 3 2019-04-23 16:53:19","timestamp":"2019-04-23 16:53:19"}
{"level":"info","message":"GET /table/list 6 2019-04-23 16:53:20","timestamp":"2019-04-23 16:53:20"}
{"level":"info","message":"POST /bindTable 9 2019-04-23 16:53:23","timestamp":"2019-04-23 16:53:23"}
{"level":"info","message":"POST /bindTable 39 2019-04-23 16:53:26","timestamp":"2019-04-23 16:53:26"}
{"level":"info","message":"GET /article/family_list 5 2019-04-23 16:53:26","timestamp":"2019-04-23 16:53:26"}
{"level":"info","message":"GET /order/detail 9 2019-04-23 16:53:26","timestamp":"2019-04-23 16:53:26"}
{"level":"info","message":"GET /article/article_list 17 2019-04-23 16:53:26","timestamp":"2019-04-23 16:53:26"}
{"level":"info","message":"POST /pushOrder 73 2019-04-23 16:53:30","timestamp":"2019-04-23 16:53:30"}
{"level":"info","message":"GET /order/order_state_count 23 2019-04-23 16:53:30","timestamp":"2019-04-23 16:53:30"}
{"level":"info","message":"GET /area 10 2019-04-23 16:53:30","timestamp":"2019-04-23 16:53:30"}
{"level":"info","message":"GET /table/list 13 2019-04-23 16:53:30","timestamp":"2019-04-23 16:53:30"}
{"level":"info","message":"GET /order/detail 38 2019-04-23 16:53:30","timestamp":"2019-04-23 16:53:30"}
{"level":"info","message":"GET /order/get_order_test 5 2019-04-23 16:53:31","timestamp":"2019-04-23 16:53:31"}
{"level":"info","message":"GET /article/family_list 2 2019-04-23 16:53:32","timestamp":"2019-04-23 16:53:32"}
{"level":"info","message":"GET /order/detail 7 2019-04-23 16:53:32","timestamp":"2019-04-23 16:53:32"}
{"level":"info","message":"GET /article/article_list 13 2019-04-23 16:53:32","timestamp":"2019-04-23 16:53:32"}
{"level":"info","message":"GET /order/detail 4 2019-04-23 16:53:37","timestamp":"2019-04-23 16:53:37"}
{"level":"info","message":"POST /bindTable 64 2019-04-23 16:53:37","timestamp":"2019-04-23 16:53:37"}
{"level":"info","message":"POST /pushOrder 47 2019-04-23 16:53:37","timestamp":"2019-04-23 16:53:37"}
{"level":"info","message":"GET /order/order_state_count 9 2019-04-23 16:53:37","timestamp":"2019-04-23 16:53:37"}
{"level":"info","message":"GET /area 13 2019-04-23 16:53:37","timestamp":"2019-04-23 16:53:37"}
{"level":"info","message":"GET /table/list 12 2019-04-23 16:53:37","timestamp":"2019-04-23 16:53:37"}
{"level":"info","message":"GET /order/detail 29 2019-04-23 16:53:37","timestamp":"2019-04-23 16:53:37"}
{"level":"info","message":"GET /order/detail 6 2019-04-23 16:53:37","timestamp":"2019-04-23 16:53:37"}
{"level":"info","message":"GET /order/get_order_test 3 2019-04-23 16:53:38","timestamp":"2019-04-23 16:53:38"}
{"level":"info","message":"GET /order/get_order_test 5 2019-04-23 16:53:38","timestamp":"2019-04-23 16:53:38"}
{"level":"info","message":"GET /order/wait_order 3 2019-04-23 16:53:39","timestamp":"2019-04-23 16:53:39"}
{"level":"info","message":"GET /order/detail 6 2019-04-23 16:53:39","timestamp":"2019-04-23 16:53:39"}
{"level":"info","message":"GET /order/get_order_test 2 2019-04-23 16:53:40","timestamp":"2019-04-23 16:53:40"}
{"level":"info","message":"GET /order/detail 8 2019-04-23 16:53:41","timestamp":"2019-04-23 16:53:41"}
{"level":"info","message":"GET /order/get_order_test 3 2019-04-23 16:53:42","timestamp":"2019-04-23 16:53:42"}
{"level":"info","message":"GET /order/detail 8 2019-04-23 16:53:42","timestamp":"2019-04-23 16:53:42"}
{"level":"info","message":"GET /order/get_order_test 2 2019-04-23 16:53:43","timestamp":"2019-04-23 16:53:43"}
{"level":"info","message":"GET /table/list 9 2019-04-23 17:55:53","timestamp":"2019-04-23 17:55:53"}
{"level":"info","message":"POST /bindTable 229 2019-04-23 17:55:57","timestamp":"2019-04-23 17:55:57"}
{"level":"info","message":"GET /article/family_list 7 2019-04-23 17:55:57","timestamp":"2019-04-23 17:55:57"}
{"level":"info","message":"GET /order/detail 17 2019-04-23 17:55:57","timestamp":"2019-04-23 17:55:57"}
{"level":"info","message":"GET /article/article_list 16 2019-04-23 17:55:57","timestamp":"2019-04-23 17:55:57"}
{"level":"info","message":"GET /article/article_list 14 2019-04-23 17:55:59","timestamp":"2019-04-23 17:55:59"}
{"level":"info","message":"POST /pushOrder 37 2019-04-23 17:56:01","timestamp":"2019-04-23 17:56:01"}
{"level":"info","message":"GET /order/order_state_count 9 2019-04-23 17:56:02","timestamp":"2019-04-23 17:56:02"}
{"level":"info","message":"GET /area 8 2019-04-23 17:56:02","timestamp":"2019-04-23 17:56:02"}
{"level":"info","message":"GET /table/list 9 2019-04-23 17:56:02","timestamp":"2019-04-23 17:56:02"}
{"level":"info","message":"GET /order/detail 25 2019-04-23 17:56:02","timestamp":"2019-04-23 17:56:02"}
{"level":"info","message":"GET /order/get_order_test 5 2019-04-23 17:56:02","timestamp":"2019-04-23 17:56:02"}
{"level":"info","message":"GET /article/family_list 3 2019-04-23 17:56:04","timestamp":"2019-04-23 17:56:04"}
{"level":"info","message":"GET /order/detail 7 2019-04-23 17:56:04","timestamp":"2019-04-23 17:56:04"}
{"level":"info","message":"GET /article/article_list 16 2019-04-23 17:56:04","timestamp":"2019-04-23 17:56:04"}
{"level":"info","message":"GET /article/article_list 15 2019-04-23 17:56:06","timestamp":"2019-04-23 17:56:06"}
{"level":"info","message":"GET /order/detail 5 2019-04-23 17:56:09","timestamp":"2019-04-23 17:56:09"}
{"level":"info","message":"POST /bindTable 19 2019-04-23 17:56:09","timestamp":"2019-04-23 17:56:09"}
{"level":"info","message":"POST /pushOrder 40 2019-04-23 17:56:09","timestamp":"2019-04-23 17:56:09"}
{"level":"info","message":"GET /order/order_state_count 26 2019-04-23 17:56:09","timestamp":"2019-04-23 17:56:09"}
{"level":"info","message":"GET /area 17 2019-04-23 17:56:09","timestamp":"2019-04-23 17:56:09"}
{"level":"info","message":"GET /table/list 18 2019-04-23 17:56:09","timestamp":"2019-04-23 17:56:09"}
{"level":"info","message":"GET /order/detail 36 2019-04-23 17:56:09","timestamp":"2019-04-23 17:56:09"}
{"level":"info","message":"GET /order/detail 14 2019-04-23 17:56:09","timestamp":"2019-04-23 17:56:09"}
{"level":"info","message":"GET /order/get_order_test 4 2019-04-23 17:56:09","timestamp":"2019-04-23 17:56:09"}
{"level":"info","message":"GET /order/get_order_test 4 2019-04-23 17:56:09","timestamp":"2019-04-23 17:56:09"}
{"level":"info","message":"GET /order/no_pay 3 2019-04-23 17:56:12","timestamp":"2019-04-23 17:56:12"}
{"level":"info","message":"GET /table/list 4 2019-04-23 17:56:13","timestamp":"2019-04-23 17:56:13"}
{"level":"info","message":"GET /order/no_pay 3 2019-04-23 17:56:18","timestamp":"2019-04-23 17:56:18"}
{"level":"info","message":"GET /table/list 5 2019-04-23 17:56:19","timestamp":"2019-04-23 17:56:19"}
{"level":"info","message":"GET /order/detail 5 2019-04-23 17:56:20","timestamp":"2019-04-23 17:56:20"}
{"level":"info","message":"GET /order/get_order_test 3 2019-04-23 17:56:20","timestamp":"2019-04-23 17:56:20"}
{"level":"info","message":"GET /order/wait_order 4 2019-04-23 17:56:21","timestamp":"2019-04-23 17:56:21"}
{"level":"info","message":"GET /order/detail 6 2019-04-23 17:56:21","timestamp":"2019-04-23 17:56:21"}
{"level":"info","message":"GET /order/get_order_test 5 2019-04-23 17:56:21","timestamp":"2019-04-23 17:56:21"}
{"level":"info","message":"GET /table/list 5 2019-04-23 17:56:22","timestamp":"2019-04-23 17:56:22"}
{"level":"info","message":"GET /order/detail 9 2019-04-23 17:56:23","timestamp":"2019-04-23 17:56:23"}
{"level":"info","message":"GET /order/get_order_test 3 2019-04-23 17:56:23","timestamp":"2019-04-23 17:56:23"}
{"level":"info","message":"POST /bindTable 20 2019-04-23 17:56:33","timestamp":"2019-04-23 17:56:33"}
{"level":"info","message":"GET /article/family_list 3 2019-04-23 17:56:33","timestamp":"2019-04-23 17:56:33"}
{"level":"info","message":"GET /order/detail 10 2019-04-23 17:56:33","timestamp":"2019-04-23 17:56:33"}
{"level":"info","message":"GET /article/article_list 12 2019-04-23 17:56:33","timestamp":"2019-04-23 17:56:33"}
{"level":"info","message":"POST /pushOrder 38 2019-04-23 17:56:35","timestamp":"2019-04-23 17:56:35"}
{"level":"info","message":"GET /order/order_state_count 10 2019-04-23 17:56:35","timestamp":"2019-04-23 17:56:35"}
{"level":"info","message":"GET /area 7 2019-04-23 17:56:35","timestamp":"2019-04-23 17:56:35"}
{"level":"info","message":"GET /table/list 10 2019-04-23 17:56:35","timestamp":"2019-04-23 17:56:35"}
{"level":"info","message":"GET /order/detail 30 2019-04-23 17:56:35","timestamp":"2019-04-23 17:56:35"}
{"level":"info","message":"GET /order/get_order_test 3 2019-04-23 17:56:36","timestamp":"2019-04-23 17:56:36"}
{"level":"info","message":"GET /order/discount_info 3 2019-04-23 17:56:39","timestamp":"2019-04-23 17:56:39"}
{"level":"info","message":"GET /order/detail 9 2019-04-23 17:56:39","timestamp":"2019-04-23 17:56:39"}
{"level":"info","message":"GET /order/detail 12 2019-04-23 17:56:39","timestamp":"2019-04-23 17:56:39"}
{"level":"info","message":"GET /order/order_items 10 2019-04-23 17:56:39","timestamp":"2019-04-23 17:56:39"}
{"level":"info","message":"GET /system/info 6 2019-04-23 17:59:11","timestamp":"2019-04-23 17:59:11"}
{"level":"info","message":"GET /order/detail 9 2019-04-23 17:59:12","timestamp":"2019-04-23 17:59:12"}
{"level":"info","message":"GET /order/discount_info 4 2019-04-23 17:59:12","timestamp":"2019-04-23 17:59:12"}
{"level":"info","message":"GET /order/detail 8 2019-04-23 17:59:12","timestamp":"2019-04-23 17:59:12"}
{"level":"info","message":"GET /order/order_items 5 2019-04-23 17:59:12","timestamp":"2019-04-23 17:59:12"}
{"level":"info","message":"GET /system/info 5 2019-04-23 17:59:26","timestamp":"2019-04-23 17:59:26"}
{"level":"info","message":"GET /order/detail 6 2019-04-23 17:59:26","timestamp":"2019-04-23 17:59:26"}
{"level":"info","message":"GET /order/detail 5 2019-04-23 17:59:26","timestamp":"2019-04-23 17:59:26"}
{"level":"info","message":"GET /order/discount_info 1 2019-04-23 17:59:26","timestamp":"2019-04-23 17:59:26"}
{"level":"info","message":"GET /order/order_items 6 2019-04-23 17:59:27","timestamp":"2019-04-23 17:59:27"}
{"level":"error","message":"TypeError: Cannot read property 'customerId' of undefined\n    at exports.discount (/Users/chintec/Documents/node/resto-newpos/controller/web/order.js:1075:46)\n    at Layer.handle [as handle_request] (/Users/chintec/Documents/node/resto-newpos/node_modules/express/lib/router/layer.js:95:5)\n    at next (/Users/chintec/Documents/node/resto-newpos/node_modules/express/lib/router/route.js:137:13)\n    at Route.dispatch (/Users/chintec/Documents/node/resto-newpos/node_modules/express/lib/router/route.js:112:3)\n    at Layer.handle [as handle_request] (/Users/chintec/Documents/node/resto-newpos/node_modules/express/lib/router/layer.js:95:5)\n    at /Users/chintec/Documents/node/resto-newpos/node_modules/express/lib/router/index.js:281:22\n    at Function.process_params (/Users/chintec/Documents/node/resto-newpos/node_modules/express/lib/router/index.js:335:12)\n    at next (/Users/chintec/Documents/node/resto-newpos/node_modules/express/lib/router/index.js:275:10)\n    at /Users/chintec/Documents/node/resto-newpos/middleware/paging/index.js:32:9\n    at Layer.handle [as handle_request] (/Users/chintec/Documents/node/resto-newpos/node_modules/express/lib/router/layer.js:95:5)\n    at trim_prefix (/Users/chintec/Documents/node/resto-newpos/node_modules/express/lib/router/index.js:317:13)\n    at /Users/chintec/Documents/node/resto-newpos/node_modules/express/lib/router/index.js:284:7\n    at Function.process_params (/Users/chintec/Documents/node/resto-newpos/node_modules/express/lib/router/index.js:335:12)\n    at next (/Users/chintec/Documents/node/resto-newpos/node_modules/express/lib/router/index.js:275:10)\n    at /Users/chintec/Documents/node/resto-newpos/middleware/session/index.js:21:20\n    at Layer.handle [as handle_request] (/Users/chintec/Documents/node/resto-newpos/node_modules/express/lib/router/layer.js:95:5)\n    at trim_prefix (/Users/chintec/Documents/node/resto-newpos/node_modules/express/lib/router/index.js:317:13)\n    at /Users/chintec/Documents/node/resto-newpos/node_modules/express/lib/router/index.js:284:7\n    at Function.process_params (/Users/chintec/Documents/node/resto-newpos/node_modules/express/lib/router/index.js:335:12)\n    at next (/Users/chintec/Documents/node/resto-newpos/node_modules/express/lib/router/index.js:275:10)\n    at /Users/chintec/Documents/node/resto-newpos/middleware/log/index.js:20:9\n    at Layer.handle [as handle_request] (/Users/chintec/Documents/node/resto-newpos/node_modules/express/lib/router/layer.js:95:5)","timestamp":"2019-04-23 18:00:19"}
{"level":"info","message":"POST /order/discount 2 2019-04-23 18:00:19","timestamp":"2019-04-23 18:00:19"}
{"level":"info","message":"GET /order/discount_info 4 2019-04-23 18:44:42","timestamp":"2019-04-23 18:44:42"}
{"level":"info","message":"GET /order/order_items 19 2019-04-23 18:44:42","timestamp":"2019-04-23 18:44:42"}
{"level":"info","message":"GET /order/detail 18 2019-04-23 18:44:42","timestamp":"2019-04-23 18:44:42"}
{"level":"info","message":"GET /order/detail 8 2019-04-23 18:44:42","timestamp":"2019-04-23 18:44:42"}
{"level":"info","message":"GET /system/info 57 2019-04-23 18:44:44","timestamp":"2019-04-23 18:44:44"}
{"level":"info","message":"GET /order/detail 10 2019-04-23 18:44:44","timestamp":"2019-04-23 18:44:44"}
{"level":"info","message":"GET /order/discount_info 4 2019-04-23 18:44:44","timestamp":"2019-04-23 18:44:44"}
{"level":"info","message":"GET /order/detail 12 2019-04-23 18:44:44","timestamp":"2019-04-23 18:44:44"}
{"level":"info","message":"GET /order/order_items 6 2019-04-23 18:44:44","timestamp":"2019-04-23 18:44:44"}
{"level":"info","message":"GET /order/order_state_count 9 2019-04-23 18:44:45","timestamp":"2019-04-23 18:44:45"}
{"level":"info","message":"GET /area 10 2019-04-23 18:44:45","timestamp":"2019-04-23 18:44:45"}
{"level":"info","message":"GET /table/list 28 2019-04-23 18:44:45","timestamp":"2019-04-23 18:44:45"}
{"level":"info","message":"GET /order/detail 5 2019-04-23 18:44:48","timestamp":"2019-04-23 18:44:48"}
{"level":"info","message":"GET /order/get_order_test 3 2019-04-23 18:44:48","timestamp":"2019-04-23 18:44:48"}
{"level":"info","message":"GET /article/family_list 2 2019-04-23 18:44:49","timestamp":"2019-04-23 18:44:49"}
{"level":"info","message":"GET /order/detail 5 2019-04-23 18:44:49","timestamp":"2019-04-23 18:44:49"}
{"level":"info","message":"GET /article/article_list 13 2019-04-23 18:44:49","timestamp":"2019-04-23 18:44:49"}
{"level":"info","message":"GET /order/order_state_count 5 2019-04-23 18:44:52","timestamp":"2019-04-23 18:44:52"}
{"level":"info","message":"GET /area 4 2019-04-23 18:44:52","timestamp":"2019-04-23 18:44:52"}
{"level":"info","message":"GET /table/list 9 2019-04-23 18:44:52","timestamp":"2019-04-23 18:44:52"}
{"level":"info","message":"GET /order/detail 21 2019-04-23 18:44:52","timestamp":"2019-04-23 18:44:52"}
{"level":"info","message":"GET /order/get_order_test 2 2019-04-23 18:44:52","timestamp":"2019-04-23 18:44:52"}
{"level":"info","message":"GET /article/family_list 1 2019-04-23 18:44:53","timestamp":"2019-04-23 18:44:53"}
{"level":"info","message":"GET /order/detail 5 2019-04-23 18:44:53","timestamp":"2019-04-23 18:44:53"}
{"level":"info","message":"GET /article/article_list 11 2019-04-23 18:44:53","timestamp":"2019-04-23 18:44:53"}
{"level":"info","message":"GET /order/order_state_count 6 2019-04-23 18:44:58","timestamp":"2019-04-23 18:44:58"}
{"level":"info","message":"GET /area 7 2019-04-23 18:44:58","timestamp":"2019-04-23 18:44:58"}
{"level":"info","message":"GET /table/list 9 2019-04-23 18:44:58","timestamp":"2019-04-23 18:44:58"}
{"level":"info","message":"GET /order/detail 25 2019-04-23 18:44:58","timestamp":"2019-04-23 18:44:58"}
{"level":"info","message":"GET /order/get_order_test 5 2019-04-23 18:44:58","timestamp":"2019-04-23 18:44:58"}
{"level":"info","message":"GET /order/detail 6 2019-04-23 18:45:00","timestamp":"2019-04-23 18:45:00"}
{"level":"info","message":"GET /order/get_order_test 4 2019-04-23 18:45:00","timestamp":"2019-04-23 18:45:00"}
{"level":"info","message":"GET /article/family_list 2 2019-04-23 18:45:01","timestamp":"2019-04-23 18:45:01"}
{"level":"info","message":"GET /order/detail 7 2019-04-23 18:45:01","timestamp":"2019-04-23 18:45:01"}
{"level":"info","message":"GET /article/article_list 13 2019-04-23 18:45:01","timestamp":"2019-04-23 18:45:01"}
{"level":"info","message":"GET /order/order_state_count 6 2019-04-23 18:45:17","timestamp":"2019-04-23 18:45:17"}
{"level":"info","message":"GET /area 5 2019-04-23 18:45:17","timestamp":"2019-04-23 18:45:17"}
{"level":"info","message":"GET /table/list 8 2019-04-23 18:45:17","timestamp":"2019-04-23 18:45:17"}
{"level":"info","message":"GET /order/detail 19 2019-04-23 18:45:17","timestamp":"2019-04-23 18:45:17"}
{"level":"info","message":"GET /order/get_order_test 2 2019-04-23 18:45:18","timestamp":"2019-04-23 18:45:18"}
{"level":"info","message":"GET /article/family_list 3 2019-04-23 18:45:19","timestamp":"2019-04-23 18:45:19"}
{"level":"info","message":"GET /order/detail 6 2019-04-23 18:45:19","timestamp":"2019-04-23 18:45:19"}
{"level":"info","message":"GET /article/article_list 22 2019-04-23 18:45:19","timestamp":"2019-04-23 18:45:19"}
{"level":"info","message":"GET /article/family_list 4 2019-04-23 18:45:27","timestamp":"2019-04-23 18:45:27"}
{"level":"info","message":"GET /order/detail 96 2019-04-23 18:45:27","timestamp":"2019-04-23 18:45:27"}
{"level":"info","message":"GET /article/article_list 51 2019-04-23 18:45:27","timestamp":"2019-04-23 18:45:27"}
{"level":"info","message":"GET /article/family_list 3 2019-04-23 18:50:10","timestamp":"2019-04-23 18:50:10"}
{"level":"info","message":"GET /order/detail 10 2019-04-23 18:50:10","timestamp":"2019-04-23 18:50:10"}
{"level":"info","message":"GET /article/article_list 13 2019-04-23 18:50:10","timestamp":"2019-04-23 18:50:10"}
{"level":"info","message":"GET /system/info 5 2019-04-23 18:50:11","timestamp":"2019-04-23 18:50:11"}
{"level":"info","message":"GET /article/family_list 2 2019-04-23 18:50:11","timestamp":"2019-04-23 18:50:11"}
{"level":"info","message":"GET /order/detail 7 2019-04-23 18:50:11","timestamp":"2019-04-23 18:50:11"}
{"level":"info","message":"GET /article/article_list 11 2019-04-23 18:50:11","timestamp":"2019-04-23 18:50:11"}
{"level":"info","message":"GET /order/order_state_count 3 2019-04-23 18:50:16","timestamp":"2019-04-23 18:50:16"}
{"level":"info","message":"GET /order/detail 6 2019-04-23 18:50:16","timestamp":"2019-04-23 18:50:16"}
{"level":"info","message":"GET /area 4 2019-04-23 18:50:16","timestamp":"2019-04-23 18:50:16"}
{"level":"info","message":"GET /table/list 7 2019-04-23 18:50:16","timestamp":"2019-04-23 18:50:16"}
{"level":"info","message":"GET /order/get_order_test 4 2019-04-23 18:50:16","timestamp":"2019-04-23 18:50:16"}
{"level":"info","message":"GET /article/family_list 2 2019-04-23 18:50:18","timestamp":"2019-04-23 18:50:18"}
{"level":"info","message":"GET /order/detail 15 2019-04-23 18:50:18","timestamp":"2019-04-23 18:50:18"}
{"level":"info","message":"GET /article/article_list 10 2019-04-23 18:50:18","timestamp":"2019-04-23 18:50:18"}
{"level":"info","message":"GET /order/order_state_count 6 2019-04-23 18:50:21","timestamp":"2019-04-23 18:50:21"}
{"level":"info","message":"GET /area 19 2019-04-23 18:50:21","timestamp":"2019-04-23 18:50:21"}
{"level":"info","message":"GET /table/list 25 2019-04-23 18:50:21","timestamp":"2019-04-23 18:50:21"}
{"level":"info","message":"GET /order/detail 38 2019-04-23 18:50:21","timestamp":"2019-04-23 18:50:21"}
{"level":"info","message":"GET /order/get_order_test 4 2019-04-23 18:50:21","timestamp":"2019-04-23 18:50:21"}
{"level":"info","message":"GET /order/detail 6 2019-04-23 18:50:22","timestamp":"2019-04-23 18:50:22"}
{"level":"info","message":"GET /order/get_order_test 5 2019-04-23 18:50:23","timestamp":"2019-04-23 18:50:23"}
{"level":"info","message":"GET /article/family_list 1 2019-04-23 18:50:23","timestamp":"2019-04-23 18:50:23"}
{"level":"info","message":"GET /order/detail 7 2019-04-23 18:50:23","timestamp":"2019-04-23 18:50:23"}
{"level":"info","message":"GET /article/article_list 10 2019-04-23 18:50:23","timestamp":"2019-04-23 18:50:23"}
{"level":"info","message":"GET /order/order_state_count 13 2019-04-23 18:50:27","timestamp":"2019-04-23 18:50:27"}
{"level":"info","message":"GET /area 11 2019-04-23 18:50:27","timestamp":"2019-04-23 18:50:27"}
{"level":"info","message":"GET /table/list 16 2019-04-23 18:50:27","timestamp":"2019-04-23 18:50:27"}
{"level":"info","message":"GET /order/detail 26 2019-04-23 18:50:27","timestamp":"2019-04-23 18:50:27"}
{"level":"info","message":"GET /order/get_order_test 3 2019-04-23 18:50:27","timestamp":"2019-04-23 18:50:27"}
{"level":"info","message":"GET /article/family_list 5 2019-04-23 18:50:28","timestamp":"2019-04-23 18:50:28"}
{"level":"info","message":"GET /order/detail 12 2019-04-23 18:50:28","timestamp":"2019-04-23 18:50:28"}
{"level":"info","message":"GET /article/article_list 15 2019-04-23 18:50:28","timestamp":"2019-04-23 18:50:28"}
{"level":"info","message":"GET /order/order_state_count 8 2019-04-23 18:50:31","timestamp":"2019-04-23 18:50:31"}
{"level":"info","message":"GET /area 6 2019-04-23 18:50:31","timestamp":"2019-04-23 18:50:31"}
{"level":"info","message":"GET /table/list 9 2019-04-23 18:50:31","timestamp":"2019-04-23 18:50:31"}
{"level":"info","message":"GET /order/detail 23 2019-04-23 18:50:31","timestamp":"2019-04-23 18:50:31"}
{"level":"info","message":"GET /order/get_order_test 4 2019-04-23 18:50:32","timestamp":"2019-04-23 18:50:32"}
{"level":"info","message":"GET /system/info 62 2019-04-23 18:52:13","timestamp":"2019-04-23 18:52:13"}
{"level":"info","message":"GET /order/order_state_count 4 2019-04-23 18:52:14","timestamp":"2019-04-23 18:52:14"}
{"level":"info","message":"GET /area 3 2019-04-23 18:52:14","timestamp":"2019-04-23 18:52:14"}
{"level":"info","message":"GET /order/detail 12 2019-04-23 18:52:14","timestamp":"2019-04-23 18:52:14"}
{"level":"info","message":"GET /table/list 6 2019-04-23 18:52:14","timestamp":"2019-04-23 18:52:14"}
{"level":"info","message":"GET /order/get_order_test 3 2019-04-23 18:52:14","timestamp":"2019-04-23 18:52:14"}
{"level":"info","message":"mqtt成功连接到：ws://test.emq.restoplus.cn:8083/mqtt","timestamp":"2019-04-23 18:53:41"}
{"level":"info","message":"订阅成功--$queue/winPos/+/2f83afee7a0e4822a6729145dd53af33/63325014c50b4b16a81e50b3623f8d96/+/+/+","timestamp":"2019-04-23 18:53:47"}
{"level":"info","message":"允许接收的平台=>posAdmin-dev,resto-dev","timestamp":"2019-04-23 18:53:47"}
{"level":"error","message":"ServiceUnavailableError: Response timeout\n    at IncomingMessage.<anonymous> (/Users/chintec/Documents/node/resto-newpos/node_modules/connect-timeout/index.js:84:8)\n    at emitOne (events.js:116:13)\n    at IncomingMessage.emit (events.js:211:7)\n    at Timeout._onTimeout (/Users/chintec/Documents/node/resto-newpos/node_modules/connect-timeout/index.js:49:11)\n    at ontimeout (timers.js:475:11)\n    at tryOnTimeout (timers.js:310:5)\n    at Timer.listOnTimeout (timers.js:270:5)","timestamp":"2019-04-23 18:54:17"}
{"level":"error","message":"resource \"GET:/5b7113a270d2dff7bb81.hot-update.json\" not found","timestamp":"2019-04-23 18:54:37"}
{"level":"info","message":"GET /5b7113a270d2dff7bb81.hot-update.json 3 2019-04-23 18:54:37","timestamp":"2019-04-23 18:54:37"}
{"level":"info","message":"GET /system/info 93 2019-04-23 18:55:00","timestamp":"2019-04-23 18:55:00"}
{"level":"info","message":"GET /order/order_state_count 25 2019-04-23 18:55:00","timestamp":"2019-04-23 18:55:00"}
{"level":"info","message":"GET /area 18 2019-04-23 18:55:00","timestamp":"2019-04-23 18:55:00"}
{"level":"info","message":"GET /table/list 32 2019-04-23 18:55:00","timestamp":"2019-04-23 18:55:00"}
{"level":"info","message":"GET /order/detail 49 2019-04-23 18:55:00","timestamp":"2019-04-23 18:55:00"}
{"level":"info","message":"GET /order/get_order_test 12 2019-04-23 18:55:01","timestamp":"2019-04-23 18:55:01"}
{"level":"info","message":"GET /order/no_pay 3 2019-04-23 18:55:02","timestamp":"2019-04-23 18:55:02"}
{"level":"info","message":"GET /order/detail 26 2019-04-23 18:55:02","timestamp":"2019-04-23 18:55:02"}
{"level":"info","message":"GET /order/get_order_test 23 2019-04-23 18:55:02","timestamp":"2019-04-23 18:55:02"}
{"level":"info","message":"GET /order/detail 7 2019-04-23 18:55:03","timestamp":"2019-04-23 18:55:03"}
{"level":"info","message":"GET /order/discount_info 8 2019-04-23 18:55:03","timestamp":"2019-04-23 18:55:03"}
{"level":"info","message":"GET /order/detail 14 2019-04-23 18:55:03","timestamp":"2019-04-23 18:55:03"}
{"level":"info","message":"GET /order/order_items 9 2019-04-23 18:55:03","timestamp":"2019-04-23 18:55:03"}
{"level":"info","message":"POST /order/discount 162 2019-04-23 18:55:13","timestamp":"2019-04-23 18:55:13"}
{"level":"info","message":"GET /order/discount_info 2 2019-04-23 18:55:13","timestamp":"2019-04-23 18:55:13"}
{"level":"info","message":"GET /order/detail 11 2019-04-23 18:55:13","timestamp":"2019-04-23 18:55:13"}
{"level":"info","message":"GET /system/info 4 2019-04-23 18:56:52","timestamp":"2019-04-23 18:56:52"}
{"level":"info","message":"GET /order/detail 30 2019-04-23 18:56:53","timestamp":"2019-04-23 18:56:53"}
{"level":"info","message":"GET /order/discount_info 11 2019-04-23 18:56:53","timestamp":"2019-04-23 18:56:53"}
{"level":"info","message":"GET /order/detail 11 2019-04-23 18:56:53","timestamp":"2019-04-23 18:56:53"}
{"level":"info","message":"GET /order/order_items 7 2019-04-23 18:56:53","timestamp":"2019-04-23 18:56:53"}
{"level":"info","message":"POST /order/discount 34 2019-04-23 18:57:01","timestamp":"2019-04-23 18:57:01"}
{"level":"info","message":"GET /order/discount_info 2 2019-04-23 18:57:02","timestamp":"2019-04-23 18:57:02"}
{"level":"info","message":"GET /order/detail 13 2019-04-23 18:57:02","timestamp":"2019-04-23 18:57:02"}
{"level":"info","message":"GET /order/order_state_count 4 2019-04-23 18:57:08","timestamp":"2019-04-23 18:57:08"}
{"level":"info","message":"GET /area 1 2019-04-23 18:57:08","timestamp":"2019-04-23 18:57:08"}
{"level":"info","message":"GET /table/list 6 2019-04-23 18:57:08","timestamp":"2019-04-23 18:57:08"}
{"level":"info","message":"GET /order/no_pay 3 2019-04-23 18:57:09","timestamp":"2019-04-23 18:57:09"}
{"level":"info","message":"GET /order/detail 8 2019-04-23 18:57:10","timestamp":"2019-04-23 18:57:10"}
{"level":"info","message":"GET /order/get_order_test 3 2019-04-23 18:57:10","timestamp":"2019-04-23 18:57:10"}
{"level":"info","message":"GET /table/list 6 2019-04-23 18:57:13","timestamp":"2019-04-23 18:57:13"}
{"level":"info","message":"GET /order/detail 6 2019-04-23 18:57:20","timestamp":"2019-04-23 18:57:20"}
{"level":"info","message":"GET /order/get_order_test 3 2019-04-23 18:57:21","timestamp":"2019-04-23 18:57:21"}
{"level":"info","message":"POST /bindTable 10 2019-04-23 18:57:25","timestamp":"2019-04-23 18:57:25"}
{"level":"info","message":"POST /bindTable 36 2019-04-23 18:57:31","timestamp":"2019-04-23 18:57:31"}
{"level":"info","message":"GET /article/family_list 3 2019-04-23 18:57:31","timestamp":"2019-04-23 18:57:31"}
{"level":"info","message":"GET /order/detail 8 2019-04-23 18:57:31","timestamp":"2019-04-23 18:57:31"}
{"level":"info","message":"GET /article/article_list 45 2019-04-23 18:57:31","timestamp":"2019-04-23 18:57:31"}
{"level":"info","message":"POST /pushOrder 44 2019-04-23 18:57:36","timestamp":"2019-04-23 18:57:36"}
{"level":"info","message":"GET /order/order_state_count 11 2019-04-23 18:57:36","timestamp":"2019-04-23 18:57:36"}
{"level":"info","message":"GET /area 7 2019-04-23 18:57:36","timestamp":"2019-04-23 18:57:36"}
{"level":"info","message":"GET /table/list 8 2019-04-23 18:57:36","timestamp":"2019-04-23 18:57:36"}
{"level":"info","message":"GET /order/detail 26 2019-04-23 18:57:36","timestamp":"2019-04-23 18:57:36"}
{"level":"info","message":"GET /order/get_order_test 3 2019-04-23 18:57:36","timestamp":"2019-04-23 18:57:36"}
{"level":"info","message":"GET /article/family_list 3 2019-04-23 18:57:37","timestamp":"2019-04-23 18:57:37"}
{"level":"info","message":"GET /order/detail 8 2019-04-23 18:57:37","timestamp":"2019-04-23 18:57:37"}
{"level":"info","message":"GET /article/article_list 14 2019-04-23 18:57:37","timestamp":"2019-04-23 18:57:37"}
{"level":"info","message":"GET /order/detail 9 2019-04-23 18:57:41","timestamp":"2019-04-23 18:57:41"}
{"level":"info","message":"POST /bindTable 29 2019-04-23 18:57:41","timestamp":"2019-04-23 18:57:41"}
{"level":"info","message":"POST /pushOrder 54 2019-04-23 18:57:41","timestamp":"2019-04-23 18:57:41"}
{"level":"info","message":"GET /order/order_state_count 12 2019-04-23 18:57:42","timestamp":"2019-04-23 18:57:42"}
{"level":"info","message":"GET /area 15 2019-04-23 18:57:42","timestamp":"2019-04-23 18:57:42"}
{"level":"info","message":"GET /table/list 17 2019-04-23 18:57:42","timestamp":"2019-04-23 18:57:42"}
{"level":"info","message":"GET /order/detail 43 2019-04-23 18:57:42","timestamp":"2019-04-23 18:57:42"}
{"level":"info","message":"GET /order/detail 7 2019-04-23 18:57:42","timestamp":"2019-04-23 18:57:42"}
{"level":"info","message":"GET /order/get_order_test 3 2019-04-23 18:57:42","timestamp":"2019-04-23 18:57:42"}
{"level":"info","message":"GET /order/get_order_test 4 2019-04-23 18:57:42","timestamp":"2019-04-23 18:57:42"}
{"level":"info","message":"GET /order/no_pay 3 2019-04-23 18:57:45","timestamp":"2019-04-23 18:57:45"}
{"level":"info","message":"GET /order/detail 10 2019-04-23 18:57:45","timestamp":"2019-04-23 18:57:45"}
{"level":"info","message":"GET /order/get_order_test 4 2019-04-23 18:57:46","timestamp":"2019-04-23 18:57:46"}
{"level":"info","message":"GET /order/wait_order 5 2019-04-23 18:57:48","timestamp":"2019-04-23 18:57:48"}
{"level":"info","message":"GET /order/detail 8 2019-04-23 18:57:48","timestamp":"2019-04-23 18:57:48"}
{"level":"info","message":"GET /order/get_order_test 3 2019-04-23 18:57:48","timestamp":"2019-04-23 18:57:48"}
{"level":"info","message":"GET /table/list 5 2019-04-23 18:57:50","timestamp":"2019-04-23 18:57:50"}
{"level":"info","message":"GET /order/detail 8 2019-04-23 18:57:52","timestamp":"2019-04-23 18:57:52"}
{"level":"info","message":"GET /order/get_order_test 3 2019-04-23 18:57:52","timestamp":"2019-04-23 18:57:52"}
{"level":"info","message":"GET /order/discount_info 3 2019-04-23 18:57:53","timestamp":"2019-04-23 18:57:53"}
{"level":"info","message":"GET /order/order_items 19 2019-04-23 18:57:53","timestamp":"2019-04-23 18:57:53"}
{"level":"info","message":"GET /order/detail 19 2019-04-23 18:57:53","timestamp":"2019-04-23 18:57:53"}
{"level":"info","message":"GET /order/detail 8 2019-04-23 18:57:54","timestamp":"2019-04-23 18:57:54"}
{"level":"info","message":"GET /order/order_state_count 5 2019-04-23 18:57:58","timestamp":"2019-04-23 18:57:58"}
{"level":"info","message":"GET /area 7 2019-04-23 18:57:58","timestamp":"2019-04-23 18:57:58"}
{"level":"info","message":"GET /table/list 7 2019-04-23 18:57:58","timestamp":"2019-04-23 18:57:58"}
{"level":"info","message":"POST /bindTable 33 2019-04-23 18:58:01","timestamp":"2019-04-23 18:58:01"}
{"level":"info","message":"GET /article/family_list 4 2019-04-23 18:58:01","timestamp":"2019-04-23 18:58:01"}
{"level":"info","message":"GET /order/detail 10 2019-04-23 18:58:01","timestamp":"2019-04-23 18:58:01"}
{"level":"info","message":"GET /article/article_list 15 2019-04-23 18:58:01","timestamp":"2019-04-23 18:58:01"}
{"level":"info","message":"POST /pushOrder 31 2019-04-23 18:58:05","timestamp":"2019-04-23 18:58:05"}
{"level":"info","message":"GET /order/order_state_count 28 2019-04-23 18:58:05","timestamp":"2019-04-23 18:58:05"}
{"level":"info","message":"GET /area 28 2019-04-23 18:58:05","timestamp":"2019-04-23 18:58:05"}
{"level":"info","message":"GET /table/list 25 2019-04-23 18:58:05","timestamp":"2019-04-23 18:58:05"}
{"level":"info","message":"GET /order/detail 58 2019-04-23 18:58:05","timestamp":"2019-04-23 18:58:05"}
{"level":"info","message":"GET /order/get_order_test 2 2019-04-23 18:58:05","timestamp":"2019-04-23 18:58:05"}
{"level":"info","message":"GET /order/order_items 18 2019-04-23 18:58:06","timestamp":"2019-04-23 18:58:06"}
{"level":"info","message":"GET /order/detail 18 2019-04-23 18:58:06","timestamp":"2019-04-23 18:58:06"}
{"level":"info","message":"GET /order/discount_info 3 2019-04-23 18:58:06","timestamp":"2019-04-23 18:58:06"}
{"level":"info","message":"GET /order/detail 9 2019-04-23 18:58:06","timestamp":"2019-04-23 18:58:06"}
{"level":"info","message":"POST /order/discount 34 2019-04-23 18:58:15","timestamp":"2019-04-23 18:58:15"}
{"level":"info","message":"GET /order/discount_info 1 2019-04-23 18:58:15","timestamp":"2019-04-23 18:58:15"}
{"level":"info","message":"GET /order/detail 10 2019-04-23 18:58:15","timestamp":"2019-04-23 18:58:15"}
{"level":"info","message":"GET /order/order_state_count 7 2019-04-23 18:58:43","timestamp":"2019-04-23 18:58:43"}
{"level":"info","message":"GET /area 8 2019-04-23 18:58:43","timestamp":"2019-04-23 18:58:43"}
{"level":"info","message":"GET /table/list 12 2019-04-23 18:58:43","timestamp":"2019-04-23 18:58:43"}
{"level":"info","message":"POST /bindTable 33 2019-04-23 18:58:46","timestamp":"2019-04-23 18:58:46"}
{"level":"info","message":"GET /article/family_list 3 2019-04-23 18:58:46","timestamp":"2019-04-23 18:58:46"}
{"level":"info","message":"GET /order/detail 7 2019-04-23 18:58:46","timestamp":"2019-04-23 18:58:46"}
{"level":"info","message":"GET /article/article_list 13 2019-04-23 18:58:46","timestamp":"2019-04-23 18:58:46"}
