{"level":"info","message":"mqtt成功连接到：ws://test.emq.restoplus.cn:8083/mqtt","timestamp":"2019-07-01 09:50:52"}
{"level":"info","message":"订阅成功--$queue/winPos/+/2f83afee7a0e4822a6729145dd53af33/63325014c50b4b16a81e50b3623f8d96/+/+/+","timestamp":"2019-07-01 09:50:52"}
{"level":"info","message":"允许接收的平台=>posAdmin-dev,resto-dev","timestamp":"2019-07-01 09:50:52"}
{"level":"error","message":"==mqtt==close==你已断开连接,异常退出","timestamp":"2019-07-01 09:51:13"}
{"level":"error","message":"==mqtt==reconnect==正在尝试重新连接","timestamp":"2019-07-01 09:51:29"}
{"level":"info","message":"mqtt成功连接到：ws://test.emq.restoplus.cn:8083/mqtt","timestamp":"2019-07-01 09:51:29"}
{"level":"info","message":"订阅成功--$queue/winPos/+/2f83afee7a0e4822a6729145dd53af33/63325014c50b4b16a81e50b3623f8d96/+/+/+","timestamp":"2019-07-01 09:51:29"}
{"level":"info","message":"允许接收的平台=>posAdmin-dev,resto-dev","timestamp":"2019-07-01 09:51:29"}
{"level":"info","message":"GET /system/info 233 2019-07-01 09:51:53","timestamp":"2019-07-01 09:51:53"}
{"level":"info","message":"GET /on/line/state 1 2019-07-01 09:51:57","timestamp":"2019-07-01 09:51:57"}
{"level":"info","message":"GET /order/order_state_count 87 2019-07-01 09:51:57","timestamp":"2019-07-01 09:51:57"}
{"level":"info","message":"GET /table/list 107 2019-07-01 09:51:57","timestamp":"2019-07-01 09:51:57"}
{"level":"info","message":"GET /area 108 2019-07-01 09:51:57","timestamp":"2019-07-01 09:51:57"}
{"level":"info","message":"GET /order/detail 131 2019-07-01 09:51:57","timestamp":"2019-07-01 09:51:57"}
{"level":"info","message":"GET /table/number 2 2019-07-01 09:51:57","timestamp":"2019-07-01 09:51:57"}
{"level":"info","message":"GET /order/get_order_test 98 2019-07-01 09:51:57","timestamp":"2019-07-01 09:51:57"}
{"level":"info","message":"启动离线订单检测！间隔180000","timestamp":"2019-07-01 09:53:38"}
{"level":"info","message":"没有需要同步的订单！","timestamp":"2019-07-01 09:53:38"}
{"level":"info","message":"启动打印机检测！间隔240000","timestamp":"2019-07-01 09:54:38"}
{"level":"info","message":"启动离线订单检测！间隔180000","timestamp":"2019-07-01 09:56:38"}
{"level":"info","message":"没有需要同步的订单！","timestamp":"2019-07-01 09:56:38"}
{"level":"info","message":"启动打印机检测！间隔240000","timestamp":"2019-07-01 09:58:38"}
{"level":"info","message":"启动离线订单检测！间隔180000","timestamp":"2019-07-01 09:59:38"}
{"level":"info","message":"没有需要同步的订单！","timestamp":"2019-07-01 09:59:38"}
{"level":"info","message":"启动打印机检测！间隔240000","timestamp":"2019-07-01 10:02:38"}
{"level":"info","message":"启动离线订单检测！间隔180000","timestamp":"2019-07-01 10:02:38"}
{"level":"info","message":"没有需要同步的订单！","timestamp":"2019-07-01 10:02:38"}
{"level":"info","message":"启动离线订单检测！间隔180000","timestamp":"2019-07-01 10:05:38"}
{"level":"info","message":"没有需要同步的订单！","timestamp":"2019-07-01 10:05:38"}
{"level":"info","message":"启动打印机检测！间隔240000","timestamp":"2019-07-01 10:06:38"}
{"level":"info","message":"启动离线订单检测！间隔180000","timestamp":"2019-07-01 10:08:38"}
{"level":"info","message":"没有需要同步的订单！","timestamp":"2019-07-01 10:08:38"}
{"level":"info","message":"启动打印机检测！间隔240000","timestamp":"2019-07-01 10:10:38"}
{"level":"info","message":"启动离线订单检测！间隔180000","timestamp":"2019-07-01 10:11:38"}
{"level":"info","message":"没有需要同步的订单！","timestamp":"2019-07-01 10:11:38"}
{"level":"info","message":"启动打印机检测！间隔240000","timestamp":"2019-07-01 10:14:38"}
{"level":"info","message":"启动离线订单检测！间隔180000","timestamp":"2019-07-01 10:14:38"}
{"level":"info","message":"没有需要同步的订单！","timestamp":"2019-07-01 10:14:38"}
{"level":"info","message":"启动离线订单检测！间隔180000","timestamp":"2019-07-01 10:17:38"}
{"level":"info","message":"没有需要同步的订单！","timestamp":"2019-07-01 10:17:38"}
{"level":"info","message":"启动打印机检测！间隔240000","timestamp":"2019-07-01 10:18:38"}
{"level":"info","message":"启动离线订单检测！间隔180000","timestamp":"2019-07-01 10:20:38"}
{"level":"info","message":"没有需要同步的订单！","timestamp":"2019-07-01 10:20:38"}
{"level":"info","message":"启动打印机检测！间隔240000","timestamp":"2019-07-01 10:22:38"}
{"level":"info","message":"启动离线订单检测！间隔180000","timestamp":"2019-07-01 10:23:38"}
{"level":"info","message":"没有需要同步的订单！","timestamp":"2019-07-01 10:23:38"}
{"level":"info","message":"启动打印机检测！间隔240000","timestamp":"2019-07-01 10:26:38"}
{"level":"info","message":"启动离线订单检测！间隔180000","timestamp":"2019-07-01 10:26:38"}
{"level":"info","message":"没有需要同步的订单！","timestamp":"2019-07-01 10:26:38"}
{"level":"info","message":"启动离线订单检测！间隔180000","timestamp":"2019-07-01 10:29:38"}
{"level":"info","message":"没有需要同步的订单！","timestamp":"2019-07-01 10:29:38"}
{"level":"info","message":"启动打印机检测！间隔240000","timestamp":"2019-07-01 10:30:38"}
{"level":"info","message":"启动离线订单检测！间隔180000","timestamp":"2019-07-01 10:32:38"}
{"level":"info","message":"没有需要同步的订单！","timestamp":"2019-07-01 10:32:38"}
{"level":"info","message":"启动打印机检测！间隔240000","timestamp":"2019-07-01 10:34:38"}
{"level":"info","message":"启动离线订单检测！间隔180000","timestamp":"2019-07-01 10:35:38"}
{"level":"info","message":"没有需要同步的订单！","timestamp":"2019-07-01 10:35:38"}
{"level":"info","message":"启动打印机检测！间隔240000","timestamp":"2019-07-01 10:38:38"}
{"level":"info","message":"启动离线订单检测！间隔180000","timestamp":"2019-07-01 10:38:38"}
{"level":"info","message":"没有需要同步的订单！","timestamp":"2019-07-01 10:38:38"}
{"level":"info","message":"启动离线订单检测！间隔180000","timestamp":"2019-07-01 10:41:38"}
{"level":"info","message":"没有需要同步的订单！","timestamp":"2019-07-01 10:41:38"}
{"level":"info","message":"启动打印机检测！间隔240000","timestamp":"2019-07-01 10:42:38"}
{"level":"info","message":"启动离线订单检测！间隔180000","timestamp":"2019-07-01 10:44:38"}
{"level":"info","message":"没有需要同步的订单！","timestamp":"2019-07-01 10:44:38"}
{"level":"info","message":"启动打印机检测！间隔240000","timestamp":"2019-07-01 10:46:38"}
{"level":"info","message":"启动离线订单检测！间隔180000","timestamp":"2019-07-01 10:47:38"}
{"level":"info","message":"没有需要同步的订单！","timestamp":"2019-07-01 10:47:38"}
{"level":"info","message":"启动打印机检测！间隔240000","timestamp":"2019-07-01 10:50:38"}
{"level":"info","message":"启动离线订单检测！间隔180000","timestamp":"2019-07-01 10:50:38"}
{"level":"info","message":"没有需要同步的订单！","timestamp":"2019-07-01 10:50:38"}
{"level":"info","message":"启动离线订单检测！间隔180000","timestamp":"2019-07-01 10:53:38"}
{"level":"info","message":"没有需要同步的订单！","timestamp":"2019-07-01 10:53:38"}
{"level":"info","message":"启动打印机检测！间隔240000","timestamp":"2019-07-01 10:54:38"}
{"level":"info","message":"启动离线订单检测！间隔180000","timestamp":"2019-07-01 10:56:38"}
{"level":"info","message":"没有需要同步的订单！","timestamp":"2019-07-01 10:56:38"}
{"level":"info","message":"启动打印机检测！间隔240000","timestamp":"2019-07-01 10:58:38"}
{"level":"info","message":"启动离线订单检测！间隔180000","timestamp":"2019-07-01 10:59:42"}
{"level":"info","message":"没有需要同步的订单！","timestamp":"2019-07-01 10:59:42"}
{"level":"info","message":"启动打印机检测！间隔240000","timestamp":"2019-07-01 11:02:41"}
{"level":"info","message":"启动离线订单检测！间隔180000","timestamp":"2019-07-01 11:02:42"}
{"level":"info","message":"没有需要同步的订单！","timestamp":"2019-07-01 11:02:42"}
{"level":"info","message":"启动离线订单检测！间隔180000","timestamp":"2019-07-01 11:05:42"}
{"level":"info","message":"没有需要同步的订单！","timestamp":"2019-07-01 11:05:42"}
{"level":"info","message":"启动打印机检测！间隔240000","timestamp":"2019-07-01 11:06:41"}
{"level":"info","message":"启动离线订单检测！间隔180000","timestamp":"2019-07-01 11:08:42"}
{"level":"info","message":"没有需要同步的订单！","timestamp":"2019-07-01 11:08:42"}
{"level":"info","message":"启动打印机检测！间隔240000","timestamp":"2019-07-01 11:10:41"}
{"level":"info","message":"启动离线订单检测！间隔180000","timestamp":"2019-07-01 11:11:42"}
{"level":"info","message":"没有需要同步的订单！","timestamp":"2019-07-01 11:11:42"}
{"level":"info","message":"启动打印机检测！间隔240000","timestamp":"2019-07-01 11:14:41"}
{"level":"info","message":"启动离线订单检测！间隔180000","timestamp":"2019-07-01 11:14:42"}
{"level":"info","message":"没有需要同步的订单！","timestamp":"2019-07-01 11:14:42"}
{"level":"info","message":"启动离线订单检测！间隔180000","timestamp":"2019-07-01 11:17:42"}
{"level":"info","message":"没有需要同步的订单！","timestamp":"2019-07-01 11:17:42"}
{"level":"info","message":"启动打印机检测！间隔240000","timestamp":"2019-07-01 11:18:41"}
{"level":"info","message":"启动离线订单检测！间隔180000","timestamp":"2019-07-01 11:20:42"}
{"level":"info","message":"没有需要同步的订单！","timestamp":"2019-07-01 11:20:42"}
{"level":"info","message":"启动打印机检测！间隔240000","timestamp":"2019-07-01 11:22:41"}
{"level":"info","message":"启动离线订单检测！间隔180000","timestamp":"2019-07-01 11:23:42"}
{"level":"info","message":"没有需要同步的订单！","timestamp":"2019-07-01 11:23:42"}
{"level":"info","message":"启动打印机检测！间隔240000","timestamp":"2019-07-01 11:26:42"}
{"level":"info","message":"启动离线订单检测！间隔180000","timestamp":"2019-07-01 11:26:42"}
{"level":"info","message":"没有需要同步的订单！","timestamp":"2019-07-01 11:26:42"}
{"level":"info","message":"启动离线订单检测！间隔180000","timestamp":"2019-07-01 11:29:42"}
{"level":"info","message":"没有需要同步的订单！","timestamp":"2019-07-01 11:29:42"}
{"level":"info","message":"启动打印机检测！间隔240000","timestamp":"2019-07-01 11:30:42"}
{"level":"info","message":"启动离线订单检测！间隔180000","timestamp":"2019-07-01 11:32:42"}
{"level":"info","message":"没有需要同步的订单！","timestamp":"2019-07-01 11:32:42"}
{"level":"info","message":"启动打印机检测！间隔240000","timestamp":"2019-07-01 11:34:42"}
{"level":"info","message":"启动离线订单检测！间隔180000","timestamp":"2019-07-01 11:35:42"}
{"level":"info","message":"没有需要同步的订单！","timestamp":"2019-07-01 11:35:42"}
{"level":"info","message":"启动打印机检测！间隔240000","timestamp":"2019-07-01 11:38:42"}
{"level":"info","message":"启动离线订单检测！间隔180000","timestamp":"2019-07-01 11:38:42"}
{"level":"info","message":"没有需要同步的订单！","timestamp":"2019-07-01 11:38:42"}
{"level":"info","message":"启动离线订单检测！间隔180000","timestamp":"2019-07-01 11:41:42"}
{"level":"info","message":"没有需要同步的订单！","timestamp":"2019-07-01 11:41:42"}
{"level":"info","message":"启动打印机检测！间隔240000","timestamp":"2019-07-01 11:42:42"}
{"level":"info","message":"启动离线订单检测！间隔180000","timestamp":"2019-07-01 11:44:42"}
{"level":"info","message":"没有需要同步的订单！","timestamp":"2019-07-01 11:44:42"}
{"level":"info","message":"启动打印机检测！间隔240000","timestamp":"2019-07-01 11:46:42"}
{"level":"info","message":"启动离线订单检测！间隔180000","timestamp":"2019-07-01 11:47:42"}
{"level":"info","message":"没有需要同步的订单！","timestamp":"2019-07-01 11:47:42"}
{"level":"info","message":"启动打印机检测！间隔240000","timestamp":"2019-07-01 11:50:42"}
{"level":"info","message":"启动离线订单检测！间隔180000","timestamp":"2019-07-01 11:50:42"}
{"level":"info","message":"没有需要同步的订单！","timestamp":"2019-07-01 11:50:42"}
{"level":"info","message":"启动离线订单检测！间隔180000","timestamp":"2019-07-01 11:53:42"}
{"level":"info","message":"没有需要同步的订单！","timestamp":"2019-07-01 11:53:42"}
{"level":"info","message":"启动打印机检测！间隔240000","timestamp":"2019-07-01 11:54:42"}
{"level":"info","message":"启动离线订单检测！间隔180000","timestamp":"2019-07-01 11:56:42"}
{"level":"info","message":"没有需要同步的订单！","timestamp":"2019-07-01 11:56:42"}
{"level":"info","message":"启动打印机检测！间隔240000","timestamp":"2019-07-01 11:58:42"}
{"level":"error","message":"==mqtt==close==你已断开连接,异常退出","timestamp":"2019-07-01 13:38:12"}
{"level":"info","message":"启动离线订单检测！间隔180000","timestamp":"2019-07-01 13:38:18"}
{"level":"info","message":"没有需要同步的订单！","timestamp":"2019-07-01 13:38:18"}
{"level":"error","message":"==mqtt==reconnect==正在尝试重新连接","timestamp":"2019-07-01 13:38:27"}
{"level":"info","message":"mqtt成功连接到：ws://test.emq.restoplus.cn:8083/mqtt","timestamp":"2019-07-01 13:38:27"}
{"level":"info","message":"订阅成功--$queue/winPos/+/2f83afee7a0e4822a6729145dd53af33/63325014c50b4b16a81e50b3623f8d96/+/+/+","timestamp":"2019-07-01 13:38:27"}
{"level":"info","message":"允许接收的平台=>posAdmin-dev,resto-dev","timestamp":"2019-07-01 13:38:27"}
{"level":"info","message":"启动打印机检测！间隔240000","timestamp":"2019-07-01 13:41:17"}
{"level":"info","message":"启动离线订单检测！间隔180000","timestamp":"2019-07-01 13:41:18"}
{"level":"info","message":"没有需要同步的订单！","timestamp":"2019-07-01 13:41:18"}
{"level":"info","message":"启动离线订单检测！间隔180000","timestamp":"2019-07-01 13:44:18"}
{"level":"info","message":"没有需要同步的订单！","timestamp":"2019-07-01 13:44:18"}
{"level":"info","message":"启动打印机检测！间隔240000","timestamp":"2019-07-01 13:45:17"}
{"level":"info","message":"启动离线订单检测！间隔180000","timestamp":"2019-07-01 13:47:18"}
{"level":"info","message":"没有需要同步的订单！","timestamp":"2019-07-01 13:47:18"}
{"level":"info","message":"启动打印机检测！间隔240000","timestamp":"2019-07-01 13:49:17"}
{"level":"info","message":"启动离线订单检测！间隔180000","timestamp":"2019-07-01 13:50:18"}
{"level":"info","message":"没有需要同步的订单！","timestamp":"2019-07-01 13:50:18"}
{"level":"info","message":"启动打印机检测！间隔240000","timestamp":"2019-07-01 13:53:17"}
{"level":"info","message":"启动离线订单检测！间隔180000","timestamp":"2019-07-01 13:53:18"}
{"level":"info","message":"没有需要同步的订单！","timestamp":"2019-07-01 13:53:18"}
{"level":"info","message":"启动离线订单检测！间隔180000","timestamp":"2019-07-01 13:56:18"}
{"level":"info","message":"没有需要同步的订单！","timestamp":"2019-07-01 13:56:18"}
{"level":"info","message":"启动打印机检测！间隔240000","timestamp":"2019-07-01 13:57:17"}
{"level":"info","message":"启动离线订单检测！间隔180000","timestamp":"2019-07-01 13:59:18"}
{"level":"info","message":"没有需要同步的订单！","timestamp":"2019-07-01 13:59:18"}
{"level":"info","message":"启动打印机检测！间隔240000","timestamp":"2019-07-01 14:01:17"}
{"level":"info","message":"启动离线订单检测！间隔180000","timestamp":"2019-07-01 14:02:18"}
{"level":"info","message":"没有需要同步的订单！","timestamp":"2019-07-01 14:02:18"}
{"level":"info","message":"启动打印机检测！间隔240000","timestamp":"2019-07-01 14:05:17"}
{"level":"info","message":"启动离线订单检测！间隔180000","timestamp":"2019-07-01 14:05:18"}
{"level":"info","message":"没有需要同步的订单！","timestamp":"2019-07-01 14:05:18"}
{"level":"info","message":"启动离线订单检测！间隔180000","timestamp":"2019-07-01 14:08:18"}
{"level":"info","message":"没有需要同步的订单！","timestamp":"2019-07-01 14:08:18"}
{"level":"info","message":"启动打印机检测！间隔240000","timestamp":"2019-07-01 14:09:17"}
{"level":"info","message":"启动离线订单检测！间隔180000","timestamp":"2019-07-01 14:11:18"}
{"level":"info","message":"没有需要同步的订单！","timestamp":"2019-07-01 14:11:18"}
{"level":"info","message":"启动打印机检测！间隔240000","timestamp":"2019-07-01 14:13:17"}
{"level":"info","message":"启动离线订单检测！间隔180000","timestamp":"2019-07-01 14:14:18"}
{"level":"info","message":"没有需要同步的订单！","timestamp":"2019-07-01 14:14:18"}
{"level":"info","message":"启动打印机检测！间隔240000","timestamp":"2019-07-01 14:17:17"}
{"level":"info","message":"启动离线订单检测！间隔180000","timestamp":"2019-07-01 14:17:18"}
{"level":"info","message":"没有需要同步的订单！","timestamp":"2019-07-01 14:17:18"}
{"level":"info","message":"启动离线订单检测！间隔180000","timestamp":"2019-07-01 14:20:18"}
{"level":"info","message":"没有需要同步的订单！","timestamp":"2019-07-01 14:20:18"}
{"level":"info","message":"启动打印机检测！间隔240000","timestamp":"2019-07-01 14:21:17"}
{"level":"info","message":"启动离线订单检测！间隔180000","timestamp":"2019-07-01 14:23:18"}
{"level":"info","message":"没有需要同步的订单！","timestamp":"2019-07-01 14:23:18"}
{"level":"info","message":"启动打印机检测！间隔240000","timestamp":"2019-07-01 14:25:17"}
{"level":"info","message":"启动离线订单检测！间隔180000","timestamp":"2019-07-01 14:26:18"}
{"level":"info","message":"没有需要同步的订单！","timestamp":"2019-07-01 14:26:18"}
{"level":"info","message":"启动打印机检测！间隔240000","timestamp":"2019-07-01 14:29:17"}
{"level":"info","message":"启动离线订单检测！间隔180000","timestamp":"2019-07-01 14:29:18"}
{"level":"info","message":"没有需要同步的订单！","timestamp":"2019-07-01 14:29:18"}
{"level":"info","message":"启动离线订单检测！间隔180000","timestamp":"2019-07-01 14:32:18"}
{"level":"info","message":"没有需要同步的订单！","timestamp":"2019-07-01 14:32:18"}
{"level":"info","message":"启动打印机检测！间隔240000","timestamp":"2019-07-01 14:33:17"}
{"level":"info","message":"启动离线订单检测！间隔180000","timestamp":"2019-07-01 14:35:18"}
{"level":"info","message":"没有需要同步的订单！","timestamp":"2019-07-01 14:35:18"}
{"level":"info","message":"启动打印机检测！间隔240000","timestamp":"2019-07-01 14:37:17"}
{"level":"info","message":"启动离线订单检测！间隔180000","timestamp":"2019-07-01 14:38:18"}
{"level":"info","message":"没有需要同步的订单！","timestamp":"2019-07-01 14:38:18"}
{"level":"info","message":"启动打印机检测！间隔240000","timestamp":"2019-07-01 14:41:17"}
{"level":"info","message":"启动离线订单检测！间隔180000","timestamp":"2019-07-01 14:41:18"}
{"level":"info","message":"没有需要同步的订单！","timestamp":"2019-07-01 14:41:18"}
{"level":"info","message":"启动离线订单检测！间隔180000","timestamp":"2019-07-01 14:44:18"}
{"level":"info","message":"没有需要同步的订单！","timestamp":"2019-07-01 14:44:18"}
{"level":"info","message":"启动打印机检测！间隔240000","timestamp":"2019-07-01 14:45:17"}
{"level":"info","message":"启动离线订单检测！间隔180000","timestamp":"2019-07-01 14:47:18"}
{"level":"info","message":"没有需要同步的订单！","timestamp":"2019-07-01 14:47:18"}
{"level":"info","message":"启动打印机检测！间隔240000","timestamp":"2019-07-01 14:49:17"}
{"level":"info","message":"启动离线订单检测！间隔180000","timestamp":"2019-07-01 14:50:18"}
{"level":"info","message":"没有需要同步的订单！","timestamp":"2019-07-01 14:50:18"}
{"level":"info","message":"启动打印机检测！间隔240000","timestamp":"2019-07-01 14:53:17"}
{"level":"info","message":"启动离线订单检测！间隔180000","timestamp":"2019-07-01 14:53:18"}
{"level":"info","message":"没有需要同步的订单！","timestamp":"2019-07-01 14:53:18"}
{"level":"info","message":"启动离线订单检测！间隔180000","timestamp":"2019-07-01 14:56:18"}
{"level":"info","message":"没有需要同步的订单！","timestamp":"2019-07-01 14:56:18"}
{"level":"info","message":"启动打印机检测！间隔240000","timestamp":"2019-07-01 14:57:17"}
{"level":"info","message":"启动离线订单检测！间隔180000","timestamp":"2019-07-01 14:59:18"}
{"level":"info","message":"没有需要同步的订单！","timestamp":"2019-07-01 14:59:18"}
{"level":"info","message":"启动打印机检测！间隔240000","timestamp":"2019-07-01 15:01:17"}
{"level":"info","message":"启动离线订单检测！间隔180000","timestamp":"2019-07-01 15:02:18"}
{"level":"info","message":"没有需要同步的订单！","timestamp":"2019-07-01 15:02:18"}
{"level":"info","message":"启动打印机检测！间隔240000","timestamp":"2019-07-01 15:05:17"}
{"level":"info","message":"启动离线订单检测！间隔180000","timestamp":"2019-07-01 15:05:18"}
{"level":"info","message":"没有需要同步的订单！","timestamp":"2019-07-01 15:05:18"}
{"level":"info","message":"启动离线订单检测！间隔180000","timestamp":"2019-07-01 15:08:18"}
{"level":"info","message":"没有需要同步的订单！","timestamp":"2019-07-01 15:08:18"}
{"level":"info","message":"启动打印机检测！间隔240000","timestamp":"2019-07-01 15:09:17"}
{"level":"info","message":"启动离线订单检测！间隔180000","timestamp":"2019-07-01 15:11:18"}
{"level":"info","message":"没有需要同步的订单！","timestamp":"2019-07-01 15:11:18"}
{"level":"info","message":"启动打印机检测！间隔240000","timestamp":"2019-07-01 15:13:17"}
{"level":"info","message":"启动离线订单检测！间隔180000","timestamp":"2019-07-01 15:14:18"}
{"level":"info","message":"没有需要同步的订单！","timestamp":"2019-07-01 15:14:18"}
{"level":"info","message":"启动打印机检测！间隔240000","timestamp":"2019-07-01 15:17:17"}
{"level":"info","message":"启动离线订单检测！间隔180000","timestamp":"2019-07-01 15:17:18"}
{"level":"info","message":"没有需要同步的订单！","timestamp":"2019-07-01 15:17:18"}
{"level":"info","message":"启动离线订单检测！间隔180000","timestamp":"2019-07-01 15:20:18"}
{"level":"info","message":"没有需要同步的订单！","timestamp":"2019-07-01 15:20:18"}
{"level":"info","message":"启动打印机检测！间隔240000","timestamp":"2019-07-01 15:21:17"}
{"level":"info","message":"启动离线订单检测！间隔180000","timestamp":"2019-07-01 15:23:18"}
{"level":"info","message":"没有需要同步的订单！","timestamp":"2019-07-01 15:23:18"}
{"level":"info","message":"启动打印机检测！间隔240000","timestamp":"2019-07-01 15:25:17"}
{"level":"info","message":"启动离线订单检测！间隔180000","timestamp":"2019-07-01 15:26:18"}
{"level":"info","message":"没有需要同步的订单！","timestamp":"2019-07-01 15:26:18"}
{"level":"info","message":"启动打印机检测！间隔240000","timestamp":"2019-07-01 15:29:17"}
{"level":"info","message":"启动离线订单检测！间隔180000","timestamp":"2019-07-01 15:29:18"}
{"level":"info","message":"没有需要同步的订单！","timestamp":"2019-07-01 15:29:18"}
{"level":"info","message":"启动离线订单检测！间隔180000","timestamp":"2019-07-01 15:32:18"}
{"level":"info","message":"没有需要同步的订单！","timestamp":"2019-07-01 15:32:18"}
{"level":"info","message":"启动打印机检测！间隔240000","timestamp":"2019-07-01 15:33:17"}
{"level":"info","message":"启动离线订单检测！间隔180000","timestamp":"2019-07-01 15:35:18"}
{"level":"info","message":"没有需要同步的订单！","timestamp":"2019-07-01 15:35:18"}
{"level":"info","message":"启动打印机检测！间隔240000","timestamp":"2019-07-01 15:37:17"}
{"level":"info","message":"启动离线订单检测！间隔180000","timestamp":"2019-07-01 15:38:18"}
{"level":"info","message":"没有需要同步的订单！","timestamp":"2019-07-01 15:38:18"}
{"level":"info","message":"启动打印机检测！间隔240000","timestamp":"2019-07-01 15:41:17"}
{"level":"info","message":"启动离线订单检测！间隔180000","timestamp":"2019-07-01 15:41:18"}
{"level":"info","message":"没有需要同步的订单！","timestamp":"2019-07-01 15:41:18"}
{"level":"info","message":"启动离线订单检测！间隔180000","timestamp":"2019-07-01 15:44:18"}
{"level":"info","message":"没有需要同步的订单！","timestamp":"2019-07-01 15:44:18"}
{"level":"info","message":"启动打印机检测！间隔240000","timestamp":"2019-07-01 15:45:17"}
{"level":"info","message":"启动离线订单检测！间隔180000","timestamp":"2019-07-01 15:47:18"}
{"level":"info","message":"没有需要同步的订单！","timestamp":"2019-07-01 15:47:18"}
{"level":"info","message":"启动打印机检测！间隔240000","timestamp":"2019-07-01 15:49:17"}
{"level":"info","message":"启动离线订单检测！间隔180000","timestamp":"2019-07-01 15:50:18"}
{"level":"info","message":"没有需要同步的订单！","timestamp":"2019-07-01 15:50:18"}
{"level":"info","message":"启动打印机检测！间隔240000","timestamp":"2019-07-01 15:53:17"}
{"level":"info","message":"启动离线订单检测！间隔180000","timestamp":"2019-07-01 15:53:18"}
{"level":"info","message":"没有需要同步的订单！","timestamp":"2019-07-01 15:53:18"}
{"level":"info","message":"mqtt成功连接到：ws://test.emq.restoplus.cn:8083/mqtt","timestamp":"2019-07-01 15:54:34"}
{"level":"info","message":"订阅成功--$queue/winPos/+/2f83afee7a0e4822a6729145dd53af33/63325014c50b4b16a81e50b3623f8d96/+/+/+","timestamp":"2019-07-01 15:54:34"}
{"level":"info","message":"允许接收的平台=>posAdmin-dev,resto-dev","timestamp":"2019-07-01 15:54:34"}
{"level":"error","message":"==mqtt==close==你已断开连接,异常退出","timestamp":"2019-07-01 15:55:01"}
{"level":"error","message":"==mqtt==reconnect==正在尝试重新连接","timestamp":"2019-07-01 15:55:18"}
{"level":"info","message":"mqtt成功连接到：ws://test.emq.restoplus.cn:8083/mqtt","timestamp":"2019-07-01 15:55:18"}
{"level":"info","message":"订阅成功--$queue/winPos/+/2f83afee7a0e4822a6729145dd53af33/63325014c50b4b16a81e50b3623f8d96/+/+/+","timestamp":"2019-07-01 15:55:18"}
{"level":"info","message":"允许接收的平台=>posAdmin-dev,resto-dev","timestamp":"2019-07-01 15:55:18"}
{"level":"info","message":"启动离线订单检测！间隔180000","timestamp":"2019-07-01 15:57:14"}
{"level":"info","message":"没有需要同步的订单！","timestamp":"2019-07-01 15:57:15"}
{"level":"info","message":"启动打印机检测！间隔240000","timestamp":"2019-07-01 15:58:14"}
{"level":"info","message":"启动离线订单检测！间隔180000","timestamp":"2019-07-01 16:00:14"}
{"level":"info","message":"没有需要同步的订单！","timestamp":"2019-07-01 16:00:14"}
{"level":"info","message":"启动打印机检测！间隔240000","timestamp":"2019-07-01 16:02:14"}
{"level":"info","message":"启动离线订单检测！间隔180000","timestamp":"2019-07-01 16:03:14"}
{"level":"info","message":"没有需要同步的订单！","timestamp":"2019-07-01 16:03:14"}
{"level":"info","message":"启动打印机检测！间隔240000","timestamp":"2019-07-01 16:06:14"}
{"level":"info","message":"启动离线订单检测！间隔180000","timestamp":"2019-07-01 16:06:14"}
{"level":"info","message":"没有需要同步的订单！","timestamp":"2019-07-01 16:06:14"}
{"level":"info","message":"启动离线订单检测！间隔180000","timestamp":"2019-07-01 16:09:14"}
{"level":"info","message":"没有需要同步的订单！","timestamp":"2019-07-01 16:09:14"}
{"level":"info","message":"启动打印机检测！间隔240000","timestamp":"2019-07-01 16:10:14"}
{"level":"info","message":"启动离线订单检测！间隔180000","timestamp":"2019-07-01 16:12:14"}
{"level":"info","message":"没有需要同步的订单！","timestamp":"2019-07-01 16:12:14"}
{"level":"info","message":"启动打印机检测！间隔240000","timestamp":"2019-07-01 16:14:14"}
{"level":"info","message":"启动离线订单检测！间隔180000","timestamp":"2019-07-01 16:15:14"}
{"level":"info","message":"没有需要同步的订单！","timestamp":"2019-07-01 16:15:14"}
{"level":"info","message":"启动打印机检测！间隔240000","timestamp":"2019-07-01 16:18:14"}
{"level":"info","message":"启动离线订单检测！间隔180000","timestamp":"2019-07-01 16:18:15"}
{"level":"info","message":"没有需要同步的订单！","timestamp":"2019-07-01 16:18:15"}
{"level":"info","message":"GET /system/info 50 2019-07-01 16:20:02","timestamp":"2019-07-01 16:20:02"}
{"level":"info","message":"GET /on/line/state 1 2019-07-01 16:20:02","timestamp":"2019-07-01 16:20:02"}
{"level":"info","message":"GET /order/order_state_count 30 2019-07-01 16:20:02","timestamp":"2019-07-01 16:20:02"}
{"level":"info","message":"GET /area 23 2019-07-01 16:20:02","timestamp":"2019-07-01 16:20:02"}
{"level":"info","message":"GET /table/list 33 2019-07-01 16:20:03","timestamp":"2019-07-01 16:20:03"}
{"level":"info","message":"GET /table/number 4 2019-07-01 16:20:03","timestamp":"2019-07-01 16:20:03"}
{"level":"info","message":"DELETE /user/logout 1 2019-07-01 16:20:07","timestamp":"2019-07-01 16:20:07"}
{"level":"info","message":"GET /on/line/state 0 2019-07-01 16:20:07","timestamp":"2019-07-01 16:20:07"}
{"level":"info","message":"GET /user/normal/list 7 2019-07-01 16:20:07","timestamp":"2019-07-01 16:20:07"}
{"level":"info","message":"开始同步库存数据","timestamp":"2019-07-01 16:20:11"}
{"level":"info","message":"POST /user/login 84 2019-07-01 16:20:11","timestamp":"2019-07-01 16:20:11"}
{"level":"info","message":"GET /on/line/state 1 2019-07-01 16:20:11","timestamp":"2019-07-01 16:20:11"}
{"level":"info","message":"同步库存数据开始!","timestamp":"2019-07-01 16:20:11"}
{"level":"info","message":"同步库存数据完成!","timestamp":"2019-07-01 16:20:12"}
{"level":"info","message":"GET /on/line/state 1 2019-07-01 16:20:15","timestamp":"2019-07-01 16:20:15"}
{"level":"info","message":"GET /on/line/state 0 2019-07-01 16:20:25","timestamp":"2019-07-01 16:20:25"}
{"level":"info","message":"GET /system/info 6 2019-07-01 16:20:25","timestamp":"2019-07-01 16:20:25"}
{"level":"info","message":"启动离线订单检测！间隔180000","timestamp":"2019-07-01 16:21:15"}
{"level":"info","message":"没有需要同步的订单！","timestamp":"2019-07-01 16:21:15"}
{"level":"info","message":"启动打印机检测！间隔240000","timestamp":"2019-07-01 16:22:14"}
{"level":"info","message":"启动离线订单检测！间隔180000","timestamp":"2019-07-01 16:24:15"}
{"level":"info","message":"没有需要同步的订单！","timestamp":"2019-07-01 16:24:15"}
{"level":"info","message":"启动打印机检测！间隔240000","timestamp":"2019-07-01 16:26:14"}
{"level":"info","message":"启动离线订单检测！间隔180000","timestamp":"2019-07-01 16:27:15"}
{"level":"info","message":"没有需要同步的订单！","timestamp":"2019-07-01 16:27:15"}
{"level":"info","message":"启动打印机检测！间隔240000","timestamp":"2019-07-01 16:30:14"}
{"level":"info","message":"启动离线订单检测！间隔180000","timestamp":"2019-07-01 16:30:15"}
{"level":"info","message":"没有需要同步的订单！","timestamp":"2019-07-01 16:30:15"}
{"level":"info","message":"GET /system/info 83 2019-07-01 16:33:08","timestamp":"2019-07-01 16:33:08"}
{"level":"info","message":"GET /on/line/state 1 2019-07-01 16:33:13","timestamp":"2019-07-01 16:33:13"}
{"level":"info","message":"GET /system/info 5 2019-07-01 16:33:13","timestamp":"2019-07-01 16:33:13"}
{"level":"info","message":"GET /order/detail 31 2019-07-01 16:33:14","timestamp":"2019-07-01 16:33:14"}
{"level":"info","message":"GET /article/family_list 23 2019-07-01 16:33:14","timestamp":"2019-07-01 16:33:14"}
{"level":"info","message":"GET /article/article_list 46 2019-07-01 16:33:14","timestamp":"2019-07-01 16:33:14"}
{"level":"info","message":"启动离线订单检测！间隔180000","timestamp":"2019-07-01 16:33:15"}
{"level":"info","message":"没有需要同步的订单！","timestamp":"2019-07-01 16:33:15"}
{"level":"info","message":"GET /article/article_list 10 2019-07-01 16:33:30","timestamp":"2019-07-01 16:33:30"}
{"level":"info","message":"启动打印机检测！间隔240000","timestamp":"2019-07-01 16:34:14"}
{"level":"info","message":"启动离线订单检测！间隔180000","timestamp":"2019-07-01 16:36:15"}
{"level":"info","message":"没有需要同步的订单！","timestamp":"2019-07-01 16:36:15"}
{"level":"info","message":"启动打印机检测！间隔240000","timestamp":"2019-07-01 16:38:14"}
{"level":"info","message":"启动离线订单检测！间隔180000","timestamp":"2019-07-01 16:39:15"}
{"level":"info","message":"没有需要同步的订单！","timestamp":"2019-07-01 16:39:15"}
{"level":"info","message":"启动打印机检测！间隔240000","timestamp":"2019-07-01 16:42:14"}
{"level":"info","message":"启动离线订单检测！间隔180000","timestamp":"2019-07-01 16:42:15"}
{"level":"info","message":"没有需要同步的订单！","timestamp":"2019-07-01 16:42:15"}
{"level":"info","message":"启动离线订单检测！间隔180000","timestamp":"2019-07-01 16:45:15"}
{"level":"info","message":"没有需要同步的订单！","timestamp":"2019-07-01 16:45:15"}
{"level":"info","message":"启动打印机检测！间隔240000","timestamp":"2019-07-01 16:46:14"}
{"level":"info","message":"启动离线订单检测！间隔180000","timestamp":"2019-07-01 16:48:15"}
{"level":"info","message":"没有需要同步的订单！","timestamp":"2019-07-01 16:48:15"}
{"level":"info","message":"启动打印机检测！间隔240000","timestamp":"2019-07-01 16:50:14"}
{"level":"info","message":"启动离线订单检测！间隔180000","timestamp":"2019-07-01 16:51:15"}
{"level":"info","message":"没有需要同步的订单！","timestamp":"2019-07-01 16:51:15"}
{"level":"info","message":"启动打印机检测！间隔240000","timestamp":"2019-07-01 16:54:14"}
{"level":"info","message":"启动离线订单检测！间隔180000","timestamp":"2019-07-01 16:54:15"}
{"level":"info","message":"没有需要同步的订单！","timestamp":"2019-07-01 16:54:15"}
{"level":"info","message":"启动离线订单检测！间隔180000","timestamp":"2019-07-01 16:57:15"}
{"level":"info","message":"没有需要同步的订单！","timestamp":"2019-07-01 16:57:15"}
{"level":"error","message":"CustomerId is null","timestamp":"2019-07-01 16:57:38"}
{"level":"info","message":"GET /order/customer 11 2019-07-01 16:57:38","timestamp":"2019-07-01 16:57:38"}
{"level":"error","message":"CustomerId is null","timestamp":"2019-07-01 16:57:38"}
{"level":"info","message":"GET /order/customer 1 2019-07-01 16:57:38","timestamp":"2019-07-01 16:57:38"}
{"level":"info","message":"启动打印机检测！间隔240000","timestamp":"2019-07-01 16:58:14"}
{"level":"info","message":"启动离线订单检测！间隔180000","timestamp":"2019-07-01 17:00:15"}
{"level":"info","message":"没有需要同步的订单！","timestamp":"2019-07-01 17:00:15"}
{"level":"info","message":"启动打印机检测！间隔240000","timestamp":"2019-07-01 17:02:14"}
{"level":"info","message":"启动离线订单检测！间隔180000","timestamp":"2019-07-01 17:03:15"}
{"level":"info","message":"没有需要同步的订单！","timestamp":"2019-07-01 17:03:15"}
{"level":"info","message":"启动打印机检测！间隔240000","timestamp":"2019-07-01 17:06:14"}
{"level":"info","message":"启动离线订单检测！间隔180000","timestamp":"2019-07-01 17:06:15"}
{"level":"info","message":"没有需要同步的订单！","timestamp":"2019-07-01 17:06:15"}
{"level":"info","message":"启动离线订单检测！间隔180000","timestamp":"2019-07-01 17:09:15"}
{"level":"info","message":"没有需要同步的订单！","timestamp":"2019-07-01 17:09:15"}
{"level":"info","message":"启动打印机检测！间隔240000","timestamp":"2019-07-01 17:10:14"}
{"level":"info","message":"启动离线订单检测！间隔180000","timestamp":"2019-07-01 17:12:15"}
{"level":"info","message":"没有需要同步的订单！","timestamp":"2019-07-01 17:12:15"}
{"level":"info","message":"启动打印机检测！间隔240000","timestamp":"2019-07-01 17:14:14"}
{"level":"info","message":"启动离线订单检测！间隔180000","timestamp":"2019-07-01 17:15:15"}
{"level":"info","message":"没有需要同步的订单！","timestamp":"2019-07-01 17:15:15"}
{"level":"info","message":"启动打印机检测！间隔240000","timestamp":"2019-07-01 17:18:14"}
{"level":"info","message":"启动离线订单检测！间隔180000","timestamp":"2019-07-01 17:18:15"}
{"level":"info","message":"没有需要同步的订单！","timestamp":"2019-07-01 17:18:15"}
{"level":"info","message":"启动离线订单检测！间隔180000","timestamp":"2019-07-01 17:21:15"}
{"level":"info","message":"没有需要同步的订单！","timestamp":"2019-07-01 17:21:15"}
{"level":"info","message":"启动打印机检测！间隔240000","timestamp":"2019-07-01 17:22:14"}
{"level":"info","message":"启动离线订单检测！间隔180000","timestamp":"2019-07-01 17:24:15"}
{"level":"info","message":"没有需要同步的订单！","timestamp":"2019-07-01 17:24:15"}
{"level":"info","message":"启动打印机检测！间隔240000","timestamp":"2019-07-01 17:26:14"}
{"level":"info","message":"启动离线订单检测！间隔180000","timestamp":"2019-07-01 17:27:15"}
{"level":"info","message":"没有需要同步的订单！","timestamp":"2019-07-01 17:27:15"}
{"level":"info","message":"启动打印机检测！间隔240000","timestamp":"2019-07-01 17:30:14"}
{"level":"info","message":"启动离线订单检测！间隔180000","timestamp":"2019-07-01 17:30:15"}
{"level":"info","message":"没有需要同步的订单！","timestamp":"2019-07-01 17:30:15"}
{"level":"info","message":"启动离线订单检测！间隔180000","timestamp":"2019-07-01 17:33:15"}
{"level":"info","message":"没有需要同步的订单！","timestamp":"2019-07-01 17:33:15"}
{"level":"info","message":"启动打印机检测！间隔240000","timestamp":"2019-07-01 17:34:14"}
{"level":"info","message":"启动离线订单检测！间隔180000","timestamp":"2019-07-01 17:36:15"}
{"level":"info","message":"没有需要同步的订单！","timestamp":"2019-07-01 17:36:15"}
{"level":"info","message":"启动打印机检测！间隔240000","timestamp":"2019-07-01 17:38:14"}
{"level":"error","message":"==mqtt==close==你已断开连接,异常退出","timestamp":"2019-07-01 17:44:24"}
{"level":"error","message":"==mqtt==reconnect==正在尝试重新连接","timestamp":"2019-07-01 17:44:39"}
{"level":"info","message":"mqtt成功连接到：ws://test.emq.restoplus.cn:8083/mqtt","timestamp":"2019-07-01 17:44:39"}
{"level":"info","message":"订阅成功--$queue/winPos/+/2f83afee7a0e4822a6729145dd53af33/63325014c50b4b16a81e50b3623f8d96/+/+/+","timestamp":"2019-07-01 17:44:39"}
{"level":"info","message":"允许接收的平台=>posAdmin-dev,resto-dev","timestamp":"2019-07-01 17:44:39"}
{"level":"info","message":"启动离线订单检测！间隔180000","timestamp":"2019-07-01 17:44:58"}
{"level":"info","message":"没有需要同步的订单！","timestamp":"2019-07-01 17:44:58"}
{"level":"info","message":"启动打印机检测！间隔240000","timestamp":"2019-07-01 17:47:58"}
{"level":"info","message":"启动离线订单检测！间隔180000","timestamp":"2019-07-01 17:47:58"}
{"level":"info","message":"没有需要同步的订单！","timestamp":"2019-07-01 17:47:58"}
{"level":"info","message":"启动离线订单检测！间隔180000","timestamp":"2019-07-01 17:50:58"}
{"level":"info","message":"没有需要同步的订单！","timestamp":"2019-07-01 17:50:58"}
{"level":"info","message":"启动打印机检测！间隔240000","timestamp":"2019-07-01 17:51:58"}
{"level":"info","message":"启动离线订单检测！间隔180000","timestamp":"2019-07-01 17:53:58"}
{"level":"info","message":"没有需要同步的订单！","timestamp":"2019-07-01 17:53:58"}
{"level":"info","message":"启动打印机检测！间隔240000","timestamp":"2019-07-01 17:55:58"}
{"level":"info","message":"启动离线订单检测！间隔180000","timestamp":"2019-07-01 17:56:58"}
{"level":"info","message":"没有需要同步的订单！","timestamp":"2019-07-01 17:56:58"}
{"level":"info","message":"启动打印机检测！间隔240000","timestamp":"2019-07-01 17:59:58"}
{"level":"info","message":"启动离线订单检测！间隔180000","timestamp":"2019-07-01 17:59:58"}
{"level":"info","message":"没有需要同步的订单！","timestamp":"2019-07-01 17:59:58"}
{"level":"info","message":"GET /system/info 5 2019-07-01 18:01:38","timestamp":"2019-07-01 18:01:38"}
{"level":"info","message":"GET /on/line/state 0 2019-07-01 18:01:39","timestamp":"2019-07-01 18:01:39"}
{"level":"info","message":"DELETE /user/logout 1 2019-07-01 18:01:51","timestamp":"2019-07-01 18:01:51"}
{"level":"info","message":"GET /on/line/state 0 2019-07-01 18:01:52","timestamp":"2019-07-01 18:01:52"}
{"level":"info","message":"GET /user/normal/list 4 2019-07-01 18:01:52","timestamp":"2019-07-01 18:01:52"}
{"level":"info","message":"开始同步库存数据","timestamp":"2019-07-01 18:01:56"}
{"level":"info","message":"POST /user/login 22 2019-07-01 18:01:56","timestamp":"2019-07-01 18:01:56"}
{"level":"info","message":"GET /on/line/state 0 2019-07-01 18:01:56","timestamp":"2019-07-01 18:01:56"}
{"level":"info","message":"同步库存数据开始!","timestamp":"2019-07-01 18:01:56"}
{"level":"info","message":"同步库存数据完成!","timestamp":"2019-07-01 18:01:56"}
{"level":"info","message":"启动离线订单检测！间隔180000","timestamp":"2019-07-01 18:02:58"}
{"level":"info","message":"没有需要同步的订单！","timestamp":"2019-07-01 18:02:58"}
{"level":"info","message":"启动打印机检测！间隔240000","timestamp":"2019-07-01 18:03:58"}
{"level":"info","message":"启动离线订单检测！间隔180000","timestamp":"2019-07-01 18:05:58"}
{"level":"info","message":"没有需要同步的订单！","timestamp":"2019-07-01 18:05:58"}
{"level":"info","message":"启动打印机检测！间隔240000","timestamp":"2019-07-01 18:07:58"}
{"level":"info","message":"启动离线订单检测！间隔180000","timestamp":"2019-07-01 18:08:58"}
{"level":"info","message":"没有需要同步的订单！","timestamp":"2019-07-01 18:08:58"}
{"level":"info","message":"启动打印机检测！间隔240000","timestamp":"2019-07-01 18:11:58"}
{"level":"info","message":"启动离线订单检测！间隔180000","timestamp":"2019-07-01 18:11:58"}
{"level":"info","message":"没有需要同步的订单！","timestamp":"2019-07-01 18:11:58"}
{"level":"info","message":"启动离线订单检测！间隔180000","timestamp":"2019-07-01 18:14:58"}
{"level":"info","message":"没有需要同步的订单！","timestamp":"2019-07-01 18:14:58"}
{"level":"info","message":"启动打印机检测！间隔240000","timestamp":"2019-07-01 18:15:58"}
{"level":"info","message":"启动离线订单检测！间隔180000","timestamp":"2019-07-01 18:17:58"}
{"level":"info","message":"没有需要同步的订单！","timestamp":"2019-07-01 18:17:58"}
{"level":"info","message":"启动打印机检测！间隔240000","timestamp":"2019-07-01 18:19:58"}
{"level":"info","message":"启动离线订单检测！间隔180000","timestamp":"2019-07-01 18:20:58"}
{"level":"info","message":"没有需要同步的订单！","timestamp":"2019-07-01 18:20:58"}
{"level":"info","message":"启动打印机检测！间隔240000","timestamp":"2019-07-01 18:23:58"}
{"level":"info","message":"启动离线订单检测！间隔180000","timestamp":"2019-07-01 18:23:58"}
{"level":"info","message":"没有需要同步的订单！","timestamp":"2019-07-01 18:23:58"}
{"level":"info","message":"启动离线订单检测！间隔180000","timestamp":"2019-07-01 18:26:58"}
{"level":"info","message":"没有需要同步的订单！","timestamp":"2019-07-01 18:26:58"}
{"level":"info","message":"启动打印机检测！间隔240000","timestamp":"2019-07-01 18:27:58"}
{"level":"info","message":"启动离线订单检测！间隔180000","timestamp":"2019-07-01 18:29:58"}
{"level":"info","message":"没有需要同步的订单！","timestamp":"2019-07-01 18:29:58"}
{"level":"info","message":"启动打印机检测！间隔240000","timestamp":"2019-07-01 18:31:58"}
{"level":"info","message":"启动离线订单检测！间隔180000","timestamp":"2019-07-01 18:32:58"}
{"level":"info","message":"没有需要同步的订单！","timestamp":"2019-07-01 18:32:58"}
{"level":"info","message":"启动打印机检测！间隔240000","timestamp":"2019-07-01 18:35:58"}
{"level":"info","message":"启动离线订单检测！间隔180000","timestamp":"2019-07-01 18:35:58"}
{"level":"info","message":"没有需要同步的订单！","timestamp":"2019-07-01 18:35:58"}
{"level":"info","message":"启动离线订单检测！间隔180000","timestamp":"2019-07-01 18:38:58"}
{"level":"info","message":"没有需要同步的订单！","timestamp":"2019-07-01 18:38:58"}
{"level":"info","message":"启动打印机检测！间隔240000","timestamp":"2019-07-01 18:39:58"}
{"level":"info","message":"启动离线订单检测！间隔180000","timestamp":"2019-07-01 18:41:58"}
{"level":"info","message":"没有需要同步的订单！","timestamp":"2019-07-01 18:41:58"}
{"level":"info","message":"启动打印机检测！间隔240000","timestamp":"2019-07-01 18:43:58"}
{"level":"info","message":"启动离线订单检测！间隔180000","timestamp":"2019-07-01 18:44:58"}
{"level":"info","message":"没有需要同步的订单！","timestamp":"2019-07-01 18:44:58"}
{"level":"info","message":"启动打印机检测！间隔240000","timestamp":"2019-07-01 18:47:58"}
{"level":"info","message":"启动离线订单检测！间隔180000","timestamp":"2019-07-01 18:47:58"}
{"level":"info","message":"没有需要同步的订单！","timestamp":"2019-07-01 18:47:58"}
{"level":"info","message":"启动离线订单检测！间隔180000","timestamp":"2019-07-01 18:50:58"}
{"level":"info","message":"没有需要同步的订单！","timestamp":"2019-07-01 18:50:58"}
{"level":"info","message":"启动打印机检测！间隔240000","timestamp":"2019-07-01 18:51:58"}
