{"level":"info","message":"mqtt成功连接到：ws://test.emq.restoplus.cn:8083/mqtt","timestamp":"2019-05-22 10:33:53"}
{"level":"info","message":"订阅成功--$queue/winPos/+/2f83afee7a0e4822a6729145dd53af33/d2ff1bbb8c6f4fd8adb3949f76f8c1b6/+/+/+","timestamp":"2019-05-22 10:33:53"}
{"level":"info","message":"允许接收的平台=>posAdmin-dev,resto-dev","timestamp":"2019-05-22 10:33:53"}
{"level":"error","message":"==mqtt==close==你已断开连接,异常退出","timestamp":"2019-05-22 10:34:20"}
{"level":"error","message":"==mqtt==reconnect==正在尝试重新连接","timestamp":"2019-05-22 10:34:36"}
{"level":"info","message":"mqtt成功连接到：ws://test.emq.restoplus.cn:8083/mqtt","timestamp":"2019-05-22 10:34:36"}
{"level":"info","message":"订阅成功--$queue/winPos/+/2f83afee7a0e4822a6729145dd53af33/d2ff1bbb8c6f4fd8adb3949f76f8c1b6/+/+/+","timestamp":"2019-05-22 10:34:36"}
{"level":"info","message":"允许接收的平台=>posAdmin-dev,resto-dev","timestamp":"2019-05-22 10:34:36"}
{"level":"info","message":"GET /system/info 1260 2019-05-22 10:37:07","timestamp":"2019-05-22 10:37:07"}
{"level":"info","message":"GET /article/family_list 87 2019-05-22 10:37:10","timestamp":"2019-05-22 10:37:10"}
{"level":"info","message":"GET /order/detail 113 2019-05-22 10:37:10","timestamp":"2019-05-22 10:37:10"}
{"level":"info","message":"GET /article/article_list 50 2019-05-22 10:37:10","timestamp":"2019-05-22 10:37:10"}
{"level":"info","message":"GET /system/info 3 2019-05-22 11:09:50","timestamp":"2019-05-22 11:09:50"}
{"level":"info","message":"GET /order/order_state_count 52 2019-05-22 11:09:51","timestamp":"2019-05-22 11:09:51"}
{"level":"info","message":"GET /area 104 2019-05-22 11:09:51","timestamp":"2019-05-22 11:09:51"}
{"level":"info","message":"GET /table/list 173 2019-05-22 11:09:51","timestamp":"2019-05-22 11:09:51"}
{"level":"info","message":"GET /order/detail 221 2019-05-22 11:09:51","timestamp":"2019-05-22 11:09:51"}
{"level":"info","message":"GET /order/get_order_test 43 2019-05-22 11:09:51","timestamp":"2019-05-22 11:09:51"}
{"level":"info","message":"GET /order/detail 9 2019-05-22 11:09:52","timestamp":"2019-05-22 11:09:52"}
{"level":"info","message":"GET /order/get_order_test 5 2019-05-22 11:09:53","timestamp":"2019-05-22 11:09:53"}
{"level":"info","message":"GET /order/detail 7 2019-05-22 11:09:54","timestamp":"2019-05-22 11:09:54"}
{"level":"info","message":"GET /order/discount_info 6 2019-05-22 11:09:54","timestamp":"2019-05-22 11:09:54"}
{"level":"info","message":"GET /order/detail 20 2019-05-22 11:09:54","timestamp":"2019-05-22 11:09:54"}
{"level":"info","message":"GET /order/order_items 19 2019-05-22 11:09:54","timestamp":"2019-05-22 11:09:54"}
{"level":"info","message":"GET /system/info 3 2019-05-22 11:10:50","timestamp":"2019-05-22 11:10:50"}
{"level":"info","message":"GET /order/discount_info 2 2019-05-22 11:10:50","timestamp":"2019-05-22 11:10:50"}
{"level":"info","message":"GET /order/detail 15 2019-05-22 11:10:50","timestamp":"2019-05-22 11:10:50"}
{"level":"info","message":"GET /order/detail 16 2019-05-22 11:10:50","timestamp":"2019-05-22 11:10:50"}
{"level":"info","message":"GET /order/order_items 8 2019-05-22 11:10:50","timestamp":"2019-05-22 11:10:50"}
{"level":"info","message":"GET /system/info 7 2019-05-22 11:11:21","timestamp":"2019-05-22 11:11:21"}
{"level":"info","message":"GET /order/discount_info 3 2019-05-22 11:11:21","timestamp":"2019-05-22 11:11:21"}
{"level":"info","message":"GET /order/detail 15 2019-05-22 11:11:21","timestamp":"2019-05-22 11:11:21"}
{"level":"info","message":"GET /order/detail 8 2019-05-22 11:11:21","timestamp":"2019-05-22 11:11:21"}
{"level":"info","message":"GET /order/order_items 7 2019-05-22 11:11:22","timestamp":"2019-05-22 11:11:22"}
{"level":"info","message":"GET /system/info 4 2019-05-22 11:13:09","timestamp":"2019-05-22 11:13:09"}
{"level":"info","message":"GET /order/discount_info 3 2019-05-22 11:13:10","timestamp":"2019-05-22 11:13:10"}
{"level":"info","message":"GET /order/detail 12 2019-05-22 11:13:10","timestamp":"2019-05-22 11:13:10"}
{"level":"info","message":"GET /order/detail 9 2019-05-22 11:13:10","timestamp":"2019-05-22 11:13:10"}
{"level":"info","message":"GET /order/order_items 6 2019-05-22 11:13:10","timestamp":"2019-05-22 11:13:10"}
{"level":"info","message":"GET /system/info 4 2019-05-22 11:17:45","timestamp":"2019-05-22 11:17:45"}
{"level":"info","message":"GET /order/discount_info 2 2019-05-22 11:17:45","timestamp":"2019-05-22 11:17:45"}
{"level":"info","message":"GET /order/detail 9 2019-05-22 11:17:45","timestamp":"2019-05-22 11:17:45"}
{"level":"info","message":"GET /order/detail 7 2019-05-22 11:17:45","timestamp":"2019-05-22 11:17:45"}
{"level":"info","message":"GET /order/order_items 11 2019-05-22 11:17:45","timestamp":"2019-05-22 11:17:45"}
{"level":"info","message":"GET /system/info 2 2019-05-22 11:18:04","timestamp":"2019-05-22 11:18:04"}
{"level":"info","message":"GET /order/discount_info 22 2019-05-22 11:18:05","timestamp":"2019-05-22 11:18:05"}
{"level":"info","message":"GET /order/detail 77 2019-05-22 11:18:05","timestamp":"2019-05-22 11:18:05"}
{"level":"info","message":"GET /order/detail 15 2019-05-22 11:18:05","timestamp":"2019-05-22 11:18:05"}
{"level":"info","message":"GET /order/order_items 8 2019-05-22 11:18:05","timestamp":"2019-05-22 11:18:05"}
{"level":"info","message":"GET /system/info 9 2019-05-22 11:19:14","timestamp":"2019-05-22 11:19:14"}
{"level":"info","message":"GET /order/discount_info 2 2019-05-22 11:19:15","timestamp":"2019-05-22 11:19:15"}
{"level":"info","message":"GET /order/detail 12 2019-05-22 11:19:15","timestamp":"2019-05-22 11:19:15"}
{"level":"info","message":"GET /order/detail 7 2019-05-22 11:19:15","timestamp":"2019-05-22 11:19:15"}
{"level":"info","message":"GET /order/order_items 7 2019-05-22 11:19:15","timestamp":"2019-05-22 11:19:15"}
{"level":"info","message":"GET /system/info 2 2019-05-22 11:20:10","timestamp":"2019-05-22 11:20:10"}
{"level":"info","message":"GET /order/discount_info 3 2019-05-22 11:20:10","timestamp":"2019-05-22 11:20:10"}
{"level":"info","message":"GET /order/detail 20 2019-05-22 11:20:10","timestamp":"2019-05-22 11:20:10"}
{"level":"info","message":"GET /order/detail 21 2019-05-22 11:20:10","timestamp":"2019-05-22 11:20:10"}
{"level":"info","message":"GET /order/order_items 16 2019-05-22 11:20:10","timestamp":"2019-05-22 11:20:10"}
{"level":"info","message":"GET /system/info 4 2019-05-22 11:20:31","timestamp":"2019-05-22 11:20:31"}
{"level":"info","message":"GET /order/discount_info 3 2019-05-22 11:20:31","timestamp":"2019-05-22 11:20:31"}
{"level":"info","message":"GET /order/detail 11 2019-05-22 11:20:31","timestamp":"2019-05-22 11:20:31"}
{"level":"info","message":"GET /order/detail 8 2019-05-22 11:20:31","timestamp":"2019-05-22 11:20:31"}
{"level":"info","message":"GET /order/order_items 7 2019-05-22 11:20:31","timestamp":"2019-05-22 11:20:31"}
{"level":"info","message":"GET /system/info 5 2019-05-22 11:29:20","timestamp":"2019-05-22 11:29:20"}
{"level":"info","message":"GET /order/detail 10 2019-05-22 11:29:21","timestamp":"2019-05-22 11:29:21"}
{"level":"info","message":"GET /order/discount_info 3 2019-05-22 11:29:21","timestamp":"2019-05-22 11:29:21"}
{"level":"info","message":"GET /order/detail 9 2019-05-22 11:29:21","timestamp":"2019-05-22 11:29:21"}
{"level":"info","message":"GET /order/order_items 7 2019-05-22 11:29:21","timestamp":"2019-05-22 11:29:21"}
{"level":"info","message":"GET /system/info 5 2019-05-22 11:30:42","timestamp":"2019-05-22 11:30:42"}
{"level":"info","message":"GET /order/discount_info 2 2019-05-22 11:30:42","timestamp":"2019-05-22 11:30:42"}
{"level":"info","message":"GET /order/detail 11 2019-05-22 11:30:42","timestamp":"2019-05-22 11:30:42"}
{"level":"info","message":"GET /order/detail 8 2019-05-22 11:30:42","timestamp":"2019-05-22 11:30:42"}
{"level":"info","message":"GET /order/order_items 8 2019-05-22 11:30:42","timestamp":"2019-05-22 11:30:42"}
{"level":"error","message":"==mqtt==close==你已断开连接,异常退出","timestamp":"2019-05-22 13:59:17"}
{"level":"error","message":"==mqtt==reconnect==正在尝试重新连接","timestamp":"2019-05-22 13:59:32"}
{"level":"info","message":"mqtt成功连接到：ws://test.emq.restoplus.cn:8083/mqtt","timestamp":"2019-05-22 13:59:32"}
{"level":"info","message":"订阅成功--$queue/winPos/+/2f83afee7a0e4822a6729145dd53af33/d2ff1bbb8c6f4fd8adb3949f76f8c1b6/+/+/+","timestamp":"2019-05-22 13:59:32"}
{"level":"info","message":"允许接收的平台=>posAdmin-dev,resto-dev","timestamp":"2019-05-22 13:59:32"}
{"level":"info","message":"POST /orderPay 534 2019-05-22 14:19:26","timestamp":"2019-05-22 14:19:26"}
{"level":"info","message":"推送EMQ:resto-dev/2f83afee7a0e4822a6729145dd53af33/d2ff1bbb8c6f4fd8adb3949f76f8c1b6/order/payment/c61bbbf1ad3c4e53b2fddeeeda744d07 \n {\"order_id\":\"c61bbbf1ad3c4e53b2fddeeeda744d07\",\"order_payment_item\":[{\"id\":\"da5bdf4f2cc640d89dc41879545abd2f\",\"order_id\":\"c61bbbf1ad3c4e53b2fddeeeda744d07\",\"payment_mode_id\":12,\"pay_value\":2,\"pay_time\":\"1558505966353\",\"remark\":\"现金支付：2\",\"result_data\":null,\"is_use_bonus\":null,\"to_pay_id\":null,\"refund_source_id\":null,\"type\":null}]}","timestamp":"2019-05-22 14:19:26"}
{"level":"info","message":"GET /order/order_state_count 8 2019-05-22 14:19:26","timestamp":"2019-05-22 14:19:26"}
{"level":"info","message":"GET /area 6 2019-05-22 14:19:26","timestamp":"2019-05-22 14:19:26"}
{"level":"info","message":"GET /table/list 9 2019-05-22 14:19:27","timestamp":"2019-05-22 14:19:27"}
{"level":"info","message":"GET /order/detail 5 2019-05-22 14:19:27","timestamp":"2019-05-22 14:19:27"}
{"level":"info","message":"GET /order/get_order_test 4 2019-05-22 14:19:27","timestamp":"2019-05-22 14:19:27"}
{"level":"info","message":"GET /order/get_order_test 7 2019-05-22 14:19:27","timestamp":"2019-05-22 14:19:27"}
{"level":"info","message":"GET /order/detail 7 2019-05-22 14:19:34","timestamp":"2019-05-22 14:19:34"}
{"level":"info","message":"GET /order/get_order_test 3 2019-05-22 14:19:35","timestamp":"2019-05-22 14:19:35"}
{"level":"info","message":"GET /order/no_pay 10 2019-05-22 14:19:36","timestamp":"2019-05-22 14:19:36"}
{"level":"info","message":"GET /order/order_state_count 9 2019-05-22 14:19:36","timestamp":"2019-05-22 14:19:36"}
{"level":"info","message":"GET /order/detail 9 2019-05-22 14:19:36","timestamp":"2019-05-22 14:19:36"}
{"level":"info","message":"GET /order/get_order_test 3 2019-05-22 14:19:36","timestamp":"2019-05-22 14:19:36"}
{"level":"info","message":"GET /table/list 7 2019-05-22 14:19:39","timestamp":"2019-05-22 14:19:39"}
{"level":"info","message":"GET /order/order_state_count 9 2019-05-22 14:19:39","timestamp":"2019-05-22 14:19:39"}
{"level":"info","message":"GET /order/detail 7 2019-05-22 14:19:39","timestamp":"2019-05-22 14:19:39"}
{"level":"info","message":"GET /order/get_order_test 4 2019-05-22 14:19:40","timestamp":"2019-05-22 14:19:40"}
{"level":"info","message":"POST /bindTable 60 2019-05-22 14:19:44","timestamp":"2019-05-22 14:19:44"}
{"level":"info","message":"GET /article/family_list 2 2019-05-22 14:19:44","timestamp":"2019-05-22 14:19:44"}
{"level":"info","message":"GET /order/detail 12 2019-05-22 14:19:44","timestamp":"2019-05-22 14:19:44"}
{"level":"info","message":"GET /article/article_list 12 2019-05-22 14:19:44","timestamp":"2019-05-22 14:19:44"}
{"level":"info","message":"POST /pushOrder 136 2019-05-22 14:19:46","timestamp":"2019-05-22 14:19:46"}
{"level":"info","message":"GET /order/order_state_count 52 2019-05-22 14:19:46","timestamp":"2019-05-22 14:19:46"}
{"level":"info","message":"GET /area 44 2019-05-22 14:19:46","timestamp":"2019-05-22 14:19:46"}
{"level":"info","message":"GET /table/list 50 2019-05-22 14:19:46","timestamp":"2019-05-22 14:19:46"}
{"level":"info","message":"推送EMQ:resto-dev/2f83afee7a0e4822a6729145dd53af33/d2ff1bbb8c6f4fd8adb3949f76f8c1b6/order/creator/7fd32f972f144fe7b5e6257db6c42b85 \n {\"master_order_id\":\"7fd32f972f144fe7b5e6257db6c42b85\",\"order_arr\":[{\"id\":\"7fd32f972f144fe7b5e6257db6c42b85\",\"table_number\":\"2\",\"customer_count\":2,\"accounting_time\":\"2019-05-22\",\"order_state\":1,\"production_status\":2,\"original_amount\":2,\"order_money\":2,\"origin_money\":null,\"article_count\":2,\"serial_number\":\"201905221419439830\",\"allow_cancel\":0,\"closed\":0,\"create_time\":\"1558505983984\",\"push_order_time\":null,\"print_order_time\":\"1558505986592\",\"remark\":\"\",\"distribution_mode_id\":1,\"amount_with_children\":0,\"parent_order_id\":null,\"service_price\":0,\"is_pos_pay\":0,\"pay_type\":1,\"count_with_child\":0,\"allow_continue_order\":0,\"payment_amount\":2,\"customer_id\":\"0\",\"customer_address_id\":null,\"ver_code\":\"19577\",\"pay_mode\":0,\"meal_fee_price\":0,\"meal_all_number\":0,\"order_mode\":6,\"allow_appraise\":0,\"confirm_time\":null,\"order_number\":1,\"call_number_time\":null,\"call_times\":0,\"shop_detail_id\":\"d2ff1bbb8c6f4fd8adb3949f76f8c1b6\",\"data_origin\":\"0\",\"sync_state\":1,\"last_sync_time\":\"1558505986439\",\"order_pos_discount_money\":\"0\",\"member_discount_money\":\"0\",\"erase_money\":\"0\",\"reduce_money\":\"0\",\"real_erase_money\":\"0\",\"pos_discount\":\"100\",\"no_discount_money\":\"0\",\"exemption_money\":\"0\",\"need_confirm_order_item\":0,\"sauce_fee_count\":\"2\",\"sauce_fee_price\":null,\"towel_fee_count\":\"2\",\"towel_fee_price\":0,\"tableware_fee_count\":\"2\",\"tableware_fee_price\":0,\"is_use_new_service\":0,\"grant_money\":0}],\"order_item\":[{\"id\":\"e34080ea8e9d4a0d97fd219d9e542bf0\",\"order_id\":\"7fd32f972f144fe7b5e6257db6c42b85\",\"article_id\":\"22ec4f4ec9034e018747809015dea060\",\"article_name\":\"不想吃\",\"count\":1,\"original_price\":1,\"no_discount_price\":null,\"unit_price\":1,\"final_price\":1,\"remark\":\"100%\",\"sort\":0,\"status\":1,\"type\":1,\"parent_id\":null,\"create_time\":\"1558505986512\",\"meal_item_id\":\"0\",\"kitchen_id\":\"\",\"recommend_id\":\"\",\"orgin_count\":1,\"refund_count\":0,\"grant_count\":0,\"meal_fee_number\":0,\"change_count\":0,\"print_fail_flag\":0,\"pos_discount\":100,\"weight\":0,\"need_remind\":0},{\"id\":\"a2b7a8e96b48438a9a00e08d12d5c59e\",\"order_id\":\"7fd32f972f144fe7b5e6257db6c42b85\",\"article_id\":\"22d09d78c4ef4244b375de91acfa587a\",\"article_name\":\"蜜糖鸡翅(2件)\",\"count\":1,\"original_price\":1,\"no_discount_price\":null,\"unit_price\":1,\"final_price\":1,\"remark\":\"100%\",\"sort\":0,\"status\":1,\"type\":1,\"parent_id\":null,\"create_time\":\"1558505986547\",\"meal_item_id\":\"0\",\"kitchen_id\":\"\",\"recommend_id\":\"\",\"orgin_count\":1,\"refund_count\":0,\"grant_count\":0,\"meal_fee_number\":0,\"change_count\":0,\"print_fail_flag\":0,\"pos_discount\":100,\"weight\":0,\"need_remind\":0}]}","timestamp":"2019-05-22 14:19:46"}
{"level":"info","message":"GET /order/detail 203 2019-05-22 14:19:46","timestamp":"2019-05-22 14:19:46"}
{"level":"info","message":"GET /order/get_order_test 5 2019-05-22 14:19:47","timestamp":"2019-05-22 14:19:47"}
{"level":"info","message":"GET /order/discount_info 4 2019-05-22 14:19:52","timestamp":"2019-05-22 14:19:52"}
{"level":"info","message":"GET /order/order_items 13 2019-05-22 14:19:52","timestamp":"2019-05-22 14:19:52"}
{"level":"info","message":"GET /order/detail 17 2019-05-22 14:19:52","timestamp":"2019-05-22 14:19:52"}
{"level":"info","message":"GET /order/detail 7 2019-05-22 14:19:52","timestamp":"2019-05-22 14:19:52"}
{"level":"info","message":"POST /order/discount 70 2019-05-22 14:19:56","timestamp":"2019-05-22 14:19:56"}
{"level":"info","message":"GET /order/detail 14 2019-05-22 14:19:57","timestamp":"2019-05-22 14:19:57"}
{"level":"info","message":"GET /order/discount_info 5 2019-05-22 14:19:57","timestamp":"2019-05-22 14:19:57"}
{"level":"info","message":"GET /order/detail 15 2019-05-22 14:19:57","timestamp":"2019-05-22 14:19:57"}
{"level":"info","message":"PUT /order/resume_discount 88 2019-05-22 14:20:05","timestamp":"2019-05-22 14:20:05"}
{"level":"info","message":"GET /order/discount_info 1 2019-05-22 14:20:05","timestamp":"2019-05-22 14:20:05"}
{"level":"info","message":"GET /order/detail 12 2019-05-22 14:20:05","timestamp":"2019-05-22 14:20:05"}
{"level":"info","message":"GET /system/info 4 2019-05-22 14:20:11","timestamp":"2019-05-22 14:20:11"}
{"level":"info","message":"GET /order/detail 9 2019-05-22 14:20:11","timestamp":"2019-05-22 14:20:11"}
{"level":"info","message":"GET /order/discount_info 2 2019-05-22 14:20:11","timestamp":"2019-05-22 14:20:11"}
{"level":"info","message":"GET /order/detail 13 2019-05-22 14:20:11","timestamp":"2019-05-22 14:20:11"}
{"level":"info","message":"GET /order/order_items 6 2019-05-22 14:20:11","timestamp":"2019-05-22 14:20:11"}
{"level":"info","message":"GET /order/order_state_count 11 2019-05-22 14:20:28","timestamp":"2019-05-22 14:20:28"}
{"level":"info","message":"GET /area 10 2019-05-22 14:20:28","timestamp":"2019-05-22 14:20:28"}
{"level":"info","message":"GET /table/list 9 2019-05-22 14:20:28","timestamp":"2019-05-22 14:20:28"}
{"level":"info","message":"GET /order/detail 5 2019-05-22 14:20:28","timestamp":"2019-05-22 14:20:28"}
{"level":"info","message":"GET /order/get_order_test 4 2019-05-22 14:20:29","timestamp":"2019-05-22 14:20:29"}
{"level":"info","message":"GET /order/get_order_test 6 2019-05-22 14:20:29","timestamp":"2019-05-22 14:20:29"}
{"level":"info","message":"GET /order/detail 7 2019-05-22 14:20:29","timestamp":"2019-05-22 14:20:29"}
{"level":"info","message":"GET /order/get_order_test 3 2019-05-22 14:20:29","timestamp":"2019-05-22 14:20:29"}
{"level":"info","message":"GET /article/family_list 4 2019-05-22 14:20:30","timestamp":"2019-05-22 14:20:30"}
{"level":"info","message":"GET /order/detail 9 2019-05-22 14:20:30","timestamp":"2019-05-22 14:20:30"}
{"level":"info","message":"GET /article/article_list 15 2019-05-22 14:20:30","timestamp":"2019-05-22 14:20:30"}
{"level":"info","message":"GET /order/detail 4 2019-05-22 14:20:36","timestamp":"2019-05-22 14:20:36"}
{"level":"info","message":"POST /bindTable 25 2019-05-22 14:20:36","timestamp":"2019-05-22 14:20:36"}
{"level":"info","message":"POST /pushOrder 61 2019-05-22 14:20:36","timestamp":"2019-05-22 14:20:36"}
{"level":"info","message":"推送EMQ:resto-dev/2f83afee7a0e4822a6729145dd53af33/d2ff1bbb8c6f4fd8adb3949f76f8c1b6/order/creator/7fd32f972f144fe7b5e6257db6c42b85 \n {\"master_order_id\":\"7fd32f972f144fe7b5e6257db6c42b85\",\"order_arr\":[{\"id\":\"7fd32f972f144fe7b5e6257db6c42b85\",\"table_number\":\"2\",\"customer_count\":2,\"accounting_time\":\"2019-05-22\",\"order_state\":1,\"production_status\":2,\"original_amount\":2,\"order_money\":2,\"origin_money\":0,\"article_count\":2,\"serial_number\":\"201905221419439830\",\"allow_cancel\":0,\"closed\":0,\"create_time\":\"1558505983984\",\"push_order_time\":null,\"print_order_time\":\"1558505986592\",\"remark\":\"\",\"distribution_mode_id\":1,\"amount_with_children\":4,\"parent_order_id\":null,\"service_price\":0,\"is_pos_pay\":0,\"pay_type\":1,\"count_with_child\":4,\"allow_continue_order\":0,\"payment_amount\":2,\"customer_id\":\"\",\"customer_address_id\":null,\"ver_code\":\"19577\",\"pay_mode\":0,\"meal_fee_price\":0,\"meal_all_number\":0,\"order_mode\":6,\"allow_appraise\":0,\"confirm_time\":null,\"order_number\":1,\"call_number_time\":null,\"call_times\":0,\"shop_detail_id\":\"d2ff1bbb8c6f4fd8adb3949f76f8c1b6\",\"data_origin\":\"0\",\"sync_state\":1,\"last_sync_time\":\"1558506036534\",\"order_pos_discount_money\":\"0\",\"member_discount_money\":\"0\",\"erase_money\":\"0\",\"reduce_money\":\"0\",\"real_erase_money\":\"0\",\"pos_discount\":\"100\",\"no_discount_money\":\"0\",\"exemption_money\":\"0\",\"need_confirm_order_item\":0,\"sauce_fee_count\":\"2\",\"sauce_fee_price\":0,\"towel_fee_count\":\"2\",\"towel_fee_price\":0,\"tableware_fee_count\":\"2\",\"tableware_fee_price\":0,\"is_use_new_service\":0,\"grant_money\":0},{\"id\":\"76a806b02a2b419d9a3756bacf2b9fc8\",\"table_number\":\"2\",\"customer_count\":2,\"accounting_time\":\"2019-05-22\",\"order_state\":1,\"production_status\":2,\"original_amount\":2,\"order_money\":2,\"origin_money\":null,\"article_count\":2,\"serial_number\":\"201905221420365090\",\"allow_cancel\":0,\"closed\":0,\"create_time\":\"1558506036509\",\"push_order_time\":null,\"print_order_time\":\"1558506036550\",\"remark\":\"加菜\",\"distribution_mode_id\":1,\"amount_with_children\":0,\"parent_order_id\":\"7fd32f972f144fe7b5e6257db6c42b85\",\"service_price\":0,\"is_pos_pay\":0,\"pay_type\":1,\"count_with_child\":0,\"allow_continue_order\":0,\"payment_amount\":2,\"customer_id\":\"0\",\"customer_address_id\":null,\"ver_code\":\"89703\",\"pay_mode\":0,\"meal_fee_price\":0,\"meal_all_number\":0,\"order_mode\":6,\"allow_appraise\":0,\"confirm_time\":null,\"order_number\":1,\"call_number_time\":null,\"call_times\":0,\"shop_detail_id\":\"d2ff1bbb8c6f4fd8adb3949f76f8c1b6\",\"data_origin\":\"0\",\"sync_state\":1,\"last_sync_time\":\"1558506036534\",\"order_pos_discount_money\":\"0\",\"member_discount_money\":\"0\",\"erase_money\":\"0\",\"reduce_money\":\"0\",\"real_erase_money\":\"0\",\"pos_discount\":\"100\",\"no_discount_money\":\"0\",\"exemption_money\":\"0\",\"need_confirm_order_item\":0,\"sauce_fee_count\":\"2\",\"sauce_fee_price\":null,\"towel_fee_count\":\"2\",\"towel_fee_price\":0,\"tableware_fee_count\":\"2\",\"tableware_fee_price\":0,\"is_use_new_service\":0,\"grant_money\":0}],\"order_item\":[{\"id\":\"3fb389a6f5e648bbbae276b5b23766d9\",\"order_id\":\"76a806b02a2b419d9a3756bacf2b9fc8\",\"article_id\":\"22ec4f4ec9034e018747809015dea060\",\"article_name\":\"不想吃\",\"count\":1,\"original_price\":1,\"no_discount_price\":null,\"unit_price\":1,\"final_price\":1,\"remark\":\"100%\",\"sort\":0,\"status\":1,\"type\":1,\"parent_id\":null,\"create_time\":\"1558506036562\",\"meal_item_id\":\"0\",\"kitchen_id\":\"\",\"recommend_id\":\"\",\"orgin_count\":1,\"refund_count\":0,\"grant_count\":0,\"meal_fee_number\":0,\"change_count\":0,\"print_fail_flag\":0,\"pos_discount\":100,\"weight\":0,\"need_remind\":0},{\"id\":\"b9be1594b81e483facf1b9866a8d61cd\",\"order_id\":\"76a806b02a2b419d9a3756bacf2b9fc8\",\"article_id\":\"d847210855824eef901d17e6ff2fc41a\",\"article_name\":\"越式火车头\",\"count\":1,\"original_price\":1,\"no_discount_price\":null,\"unit_price\":1,\"final_price\":1,\"remark\":\"100%\",\"sort\":0,\"status\":1,\"type\":1,\"parent_id\":null,\"create_time\":\"1558506036570\",\"meal_item_id\":\"0\",\"kitchen_id\":\"\",\"recommend_id\":\"\",\"orgin_count\":1,\"refund_count\":0,\"grant_count\":0,\"meal_fee_number\":0,\"change_count\":0,\"print_fail_flag\":0,\"pos_discount\":100,\"weight\":0,\"need_remind\":0},{\"id\":\"e34080ea8e9d4a0d97fd219d9e542bf0\",\"order_id\":\"7fd32f972f144fe7b5e6257db6c42b85\",\"article_id\":\"22ec4f4ec9034e018747809015dea060\",\"article_name\":\"不想吃\",\"count\":1,\"original_price\":1,\"no_discount_price\":1,\"unit_price\":1,\"final_price\":1,\"remark\":\"100%\",\"sort\":0,\"status\":1,\"type\":1,\"parent_id\":\"\",\"create_time\":\"1558505986512\",\"meal_item_id\":\"0\",\"kitchen_id\":\"\",\"recommend_id\":\"\",\"orgin_count\":1,\"refund_count\":0,\"grant_count\":0,\"meal_fee_number\":0,\"change_count\":0,\"print_fail_flag\":0,\"pos_discount\":100,\"weight\":0,\"need_remind\":0},{\"id\":\"a2b7a8e96b48438a9a00e08d12d5c59e\",\"order_id\":\"7fd32f972f144fe7b5e6257db6c42b85\",\"article_id\":\"22d09d78c4ef4244b375de91acfa587a\",\"article_name\":\"蜜糖鸡翅(2件)\",\"count\":1,\"original_price\":1,\"no_discount_price\":1,\"unit_price\":1,\"final_price\":1,\"remark\":\"100%\",\"sort\":0,\"status\":1,\"type\":1,\"parent_id\":\"\",\"create_time\":\"1558505986547\",\"meal_item_id\":\"0\",\"kitchen_id\":\"\",\"recommend_id\":\"\",\"orgin_count\":1,\"refund_count\":0,\"grant_count\":0,\"meal_fee_number\":0,\"change_count\":0,\"print_fail_flag\":0,\"pos_discount\":100,\"weight\":0,\"need_remind\":0}]}","timestamp":"2019-05-22 14:20:36"}
{"level":"info","message":"GET /order/order_state_count 20 2019-05-22 14:20:36","timestamp":"2019-05-22 14:20:36"}
{"level":"info","message":"GET /area 27 2019-05-22 14:20:36","timestamp":"2019-05-22 14:20:36"}
{"level":"info","message":"GET /table/list 26 2019-05-22 14:20:36","timestamp":"2019-05-22 14:20:36"}
{"level":"info","message":"GET /order/detail 55 2019-05-22 14:20:36","timestamp":"2019-05-22 14:20:36"}
{"level":"info","message":"GET /order/get_order_test 4 2019-05-22 14:20:37","timestamp":"2019-05-22 14:20:37"}
{"level":"info","message":"GET /order/discount_info 2 2019-05-22 14:20:40","timestamp":"2019-05-22 14:20:40"}
{"level":"info","message":"GET /order/order_items 15 2019-05-22 14:20:40","timestamp":"2019-05-22 14:20:40"}
{"level":"info","message":"GET /order/detail 17 2019-05-22 14:20:40","timestamp":"2019-05-22 14:20:40"}
{"level":"info","message":"GET /order/detail 7 2019-05-22 14:20:40","timestamp":"2019-05-22 14:20:40"}
{"level":"info","message":"POST /order/discount 58 2019-05-22 14:20:45","timestamp":"2019-05-22 14:20:45"}
{"level":"info","message":"GET /order/discount_info 3 2019-05-22 14:20:45","timestamp":"2019-05-22 14:20:45"}
{"level":"info","message":"GET /order/detail 10 2019-05-22 14:20:45","timestamp":"2019-05-22 14:20:45"}
{"level":"info","message":"GET /order/detail 9 2019-05-22 14:20:45","timestamp":"2019-05-22 14:20:45"}
{"level":"info","message":"PUT /order/resume_discount 35 2019-05-22 14:20:55","timestamp":"2019-05-22 14:20:55"}
{"level":"info","message":"GET /order/discount_info 1 2019-05-22 14:20:55","timestamp":"2019-05-22 14:20:55"}
{"level":"info","message":"GET /order/detail 12 2019-05-22 14:20:55","timestamp":"2019-05-22 14:20:55"}
{"level":"info","message":"GET /system/info 3 2019-05-22 14:21:02","timestamp":"2019-05-22 14:21:02"}
{"level":"info","message":"GET /order/discount_info 1 2019-05-22 14:21:03","timestamp":"2019-05-22 14:21:03"}
{"level":"info","message":"GET /order/detail 8 2019-05-22 14:21:03","timestamp":"2019-05-22 14:21:03"}
{"level":"info","message":"GET /order/detail 5 2019-05-22 14:21:03","timestamp":"2019-05-22 14:21:03"}
{"level":"info","message":"GET /order/order_items 9 2019-05-22 14:21:03","timestamp":"2019-05-22 14:21:03"}
{"level":"info","message":"GET /system/info 96 2019-05-22 14:22:03","timestamp":"2019-05-22 14:22:03"}
{"level":"info","message":"GET /order/discount_info 2 2019-05-22 14:22:04","timestamp":"2019-05-22 14:22:04"}
{"level":"info","message":"GET /order/detail 14 2019-05-22 14:22:04","timestamp":"2019-05-22 14:22:04"}
{"level":"info","message":"GET /order/detail 9 2019-05-22 14:22:04","timestamp":"2019-05-22 14:22:04"}
{"level":"info","message":"GET /order/order_items 4 2019-05-22 14:22:04","timestamp":"2019-05-22 14:22:04"}
{"level":"info","message":"GET /order/order_state_count 4 2019-05-22 14:22:06","timestamp":"2019-05-22 14:22:06"}
{"level":"info","message":"GET /area 24 2019-05-22 14:22:06","timestamp":"2019-05-22 14:22:06"}
{"level":"info","message":"GET /table/list 34 2019-05-22 14:22:06","timestamp":"2019-05-22 14:22:06"}
{"level":"info","message":"GET /order/detail 4 2019-05-22 14:22:07","timestamp":"2019-05-22 14:22:07"}
{"level":"info","message":"GET /order/get_order_test 39 2019-05-22 14:22:07","timestamp":"2019-05-22 14:22:07"}
{"level":"info","message":"GET /order/get_order_test 4 2019-05-22 14:22:07","timestamp":"2019-05-22 14:22:07"}
{"level":"info","message":"POST /bindTable 28 2019-05-22 14:22:10","timestamp":"2019-05-22 14:22:10"}
{"level":"info","message":"GET /article/family_list 2 2019-05-22 14:22:10","timestamp":"2019-05-22 14:22:10"}
{"level":"info","message":"GET /order/detail 9 2019-05-22 14:22:11","timestamp":"2019-05-22 14:22:11"}
{"level":"info","message":"GET /article/article_list 34 2019-05-22 14:22:11","timestamp":"2019-05-22 14:22:11"}
{"level":"info","message":"POST /pushOrder 48 2019-05-22 14:22:13","timestamp":"2019-05-22 14:22:13"}
{"level":"info","message":"推送EMQ:resto-dev/2f83afee7a0e4822a6729145dd53af33/d2ff1bbb8c6f4fd8adb3949f76f8c1b6/order/creator/48c7c283add0419eb271b5e466567669 \n {\"master_order_id\":\"48c7c283add0419eb271b5e466567669\",\"order_arr\":[{\"id\":\"48c7c283add0419eb271b5e466567669\",\"table_number\":\"4\",\"customer_count\":2,\"accounting_time\":\"2019-05-22\",\"order_state\":1,\"production_status\":2,\"original_amount\":2,\"order_money\":2,\"origin_money\":null,\"article_count\":2,\"serial_number\":\"201905221422108550\",\"allow_cancel\":0,\"closed\":0,\"create_time\":\"1558506130855\",\"push_order_time\":null,\"print_order_time\":\"1558506133555\",\"remark\":\"\",\"distribution_mode_id\":1,\"amount_with_children\":0,\"parent_order_id\":null,\"service_price\":0,\"is_pos_pay\":0,\"pay_type\":1,\"count_with_child\":0,\"allow_continue_order\":0,\"payment_amount\":2,\"customer_id\":\"0\",\"customer_address_id\":null,\"ver_code\":\"64598\",\"pay_mode\":0,\"meal_fee_price\":0,\"meal_all_number\":0,\"order_mode\":2,\"allow_appraise\":0,\"confirm_time\":null,\"order_number\":2,\"call_number_time\":null,\"call_times\":0,\"shop_detail_id\":\"d2ff1bbb8c6f4fd8adb3949f76f8c1b6\",\"data_origin\":\"0\",\"sync_state\":1,\"last_sync_time\":\"1558506133499\",\"order_pos_discount_money\":\"0\",\"member_discount_money\":\"0\",\"erase_money\":\"0\",\"reduce_money\":\"0\",\"real_erase_money\":\"0\",\"pos_discount\":\"100\",\"no_discount_money\":\"0\",\"exemption_money\":\"0\",\"need_confirm_order_item\":0,\"sauce_fee_count\":\"2\",\"sauce_fee_price\":null,\"towel_fee_count\":\"2\",\"towel_fee_price\":0,\"tableware_fee_count\":\"2\",\"tableware_fee_price\":0,\"is_use_new_service\":0,\"grant_money\":0}],\"order_item\":[{\"id\":\"c2a09d95d6be4fe9bc434445b7ec9591\",\"order_id\":\"48c7c283add0419eb271b5e466567669\",\"article_id\":\"22d09d78c4ef4244b375de91acfa587a\",\"article_name\":\"蜜糖鸡翅(2件)\",\"count\":1,\"original_price\":1,\"no_discount_price\":null,\"unit_price\":1,\"final_price\":1,\"remark\":\"100%\",\"sort\":0,\"status\":1,\"type\":1,\"parent_id\":null,\"create_time\":\"1558506133520\",\"meal_item_id\":\"0\",\"kitchen_id\":\"\",\"recommend_id\":\"\",\"orgin_count\":1,\"refund_count\":0,\"grant_count\":0,\"meal_fee_number\":0,\"change_count\":0,\"print_fail_flag\":0,\"pos_discount\":100,\"weight\":0,\"need_remind\":0},{\"id\":\"963bf37f80484588ab29a5a91d61ba58\",\"order_id\":\"48c7c283add0419eb271b5e466567669\",\"article_id\":\"22ec4f4ec9034e018747809015dea060\",\"article_name\":\"不想吃\",\"count\":1,\"original_price\":1,\"no_discount_price\":null,\"unit_price\":1,\"final_price\":1,\"remark\":\"100%\",\"sort\":0,\"status\":1,\"type\":1,\"parent_id\":null,\"create_time\":\"1558506133527\",\"meal_item_id\":\"0\",\"kitchen_id\":\"\",\"recommend_id\":\"\",\"orgin_count\":1,\"refund_count\":0,\"grant_count\":0,\"meal_fee_number\":0,\"change_count\":0,\"print_fail_flag\":0,\"pos_discount\":100,\"weight\":0,\"need_remind\":0}]}","timestamp":"2019-05-22 14:22:13"}
{"level":"info","message":"GET /order/order_state_count 7 2019-05-22 14:22:13","timestamp":"2019-05-22 14:22:13"}
{"level":"info","message":"GET /area 6 2019-05-22 14:22:13","timestamp":"2019-05-22 14:22:13"}
{"level":"info","message":"GET /table/list 7 2019-05-22 14:22:13","timestamp":"2019-05-22 14:22:13"}
{"level":"info","message":"GET /order/detail 18 2019-05-22 14:22:13","timestamp":"2019-05-22 14:22:13"}
{"level":"info","message":"GET /order/get_order_test 3 2019-05-22 14:22:14","timestamp":"2019-05-22 14:22:14"}
{"level":"info","message":"GET /order/discount_info 2 2019-05-22 14:22:17","timestamp":"2019-05-22 14:22:17"}
{"level":"info","message":"GET /order/order_items 14 2019-05-22 14:22:17","timestamp":"2019-05-22 14:22:17"}
{"level":"info","message":"GET /order/detail 15 2019-05-22 14:22:17","timestamp":"2019-05-22 14:22:17"}
{"level":"info","message":"GET /order/detail 6 2019-05-22 14:22:17","timestamp":"2019-05-22 14:22:17"}
{"level":"info","message":"POST /order/discount 399 2019-05-22 14:22:25","timestamp":"2019-05-22 14:22:25"}
{"level":"info","message":"GET /order/discount_info 3 2019-05-22 14:22:25","timestamp":"2019-05-22 14:22:25"}
{"level":"info","message":"GET /order/detail 17 2019-05-22 14:22:25","timestamp":"2019-05-22 14:22:25"}
{"level":"info","message":"GET /order/detail 5 2019-05-22 14:22:25","timestamp":"2019-05-22 14:22:25"}
{"level":"info","message":"DELETE /user/logout 2 2019-05-22 14:22:45","timestamp":"2019-05-22 14:22:45"}
{"level":"info","message":"GET /user/normal/list 3 2019-05-22 14:22:45","timestamp":"2019-05-22 14:22:45"}
{"level":"info","message":"POST /user/login 60 2019-05-22 14:22:50","timestamp":"2019-05-22 14:22:50"}
{"level":"info","message":"GET /system/info 5 2019-05-22 14:22:53","timestamp":"2019-05-22 14:22:53"}
{"level":"info","message":"DELETE /user/logout 1 2019-05-22 14:23:10","timestamp":"2019-05-22 14:23:10"}
{"level":"info","message":"GET /user/normal/list 2 2019-05-22 14:23:10","timestamp":"2019-05-22 14:23:10"}
{"level":"info","message":"GET /user/normal/list 21 2019-05-22 15:30:36","timestamp":"2019-05-22 15:30:36"}
{"level":"info","message":"GET /user/normal/list 2 2019-05-22 15:31:00","timestamp":"2019-05-22 15:31:00"}
{"level":"info","message":"POST /user/login 126 2019-05-22 15:31:05","timestamp":"2019-05-22 15:31:05"}
{"level":"info","message":"GET /system/info 5 2019-05-22 15:31:05","timestamp":"2019-05-22 15:31:05"}
{"level":"info","message":"GET /order/order_state_count 4 2019-05-22 15:31:06","timestamp":"2019-05-22 15:31:06"}
{"level":"info","message":"GET /area 20 2019-05-22 15:31:06","timestamp":"2019-05-22 15:31:06"}
{"level":"info","message":"GET /table/list 26 2019-05-22 15:31:06","timestamp":"2019-05-22 15:31:06"}
{"level":"info","message":"GET /order/detail 5 2019-05-22 15:31:06","timestamp":"2019-05-22 15:31:06"}
{"level":"info","message":"GET /order/get_order_test 43 2019-05-22 15:31:06","timestamp":"2019-05-22 15:31:06"}
{"level":"info","message":"GET /order/get_order_test 3 2019-05-22 15:31:07","timestamp":"2019-05-22 15:31:07"}
{"level":"info","message":"POST /print/total 113 2019-05-22 15:31:20","timestamp":"2019-05-22 15:31:20"}
{"level":"info","message":"GET /order/detail 10 2019-05-22 15:35:36","timestamp":"2019-05-22 15:35:36"}
{"level":"info","message":"GET /order/detail 184 2019-05-22 15:39:53","timestamp":"2019-05-22 15:39:53"}
{"level":"info","message":"GET /system/info 6 2019-05-22 15:39:54","timestamp":"2019-05-22 15:39:54"}
{"level":"info","message":"GET /order/order_state_count 6 2019-05-22 15:39:55","timestamp":"2019-05-22 15:39:55"}
{"level":"info","message":"GET /area 5 2019-05-22 15:39:55","timestamp":"2019-05-22 15:39:55"}
{"level":"info","message":"GET /order/detail 19 2019-05-22 15:39:55","timestamp":"2019-05-22 15:39:55"}
{"level":"info","message":"GET /table/list 9 2019-05-22 15:39:55","timestamp":"2019-05-22 15:39:55"}
{"level":"info","message":"GET /order/get_order_test 4 2019-05-22 15:39:55","timestamp":"2019-05-22 15:39:55"}
{"level":"info","message":"GET /order/discount_info 319 2019-05-22 15:40:00","timestamp":"2019-05-22 15:40:00"}
{"level":"info","message":"GET /order/detail 328 2019-05-22 15:40:00","timestamp":"2019-05-22 15:40:00"}
{"level":"info","message":"GET /order/detail 5 2019-05-22 15:40:00","timestamp":"2019-05-22 15:40:00"}
{"level":"info","message":"GET /order/order_items 6 2019-05-22 15:40:00","timestamp":"2019-05-22 15:40:00"}
{"level":"info","message":"GET /system/info 6 2019-05-22 15:41:30","timestamp":"2019-05-22 15:41:30"}
{"level":"info","message":"GET /order/discount_info 2 2019-05-22 15:41:31","timestamp":"2019-05-22 15:41:31"}
{"level":"info","message":"GET /order/detail 12 2019-05-22 15:41:31","timestamp":"2019-05-22 15:41:31"}
{"level":"info","message":"GET /order/detail 11 2019-05-22 15:41:31","timestamp":"2019-05-22 15:41:31"}
{"level":"info","message":"GET /order/order_items 8 2019-05-22 15:41:31","timestamp":"2019-05-22 15:41:31"}
{"level":"info","message":"GET /system/info 4 2019-05-22 15:41:54","timestamp":"2019-05-22 15:41:54"}
{"level":"info","message":"GET /order/discount_info 4 2019-05-22 15:41:55","timestamp":"2019-05-22 15:41:55"}
{"level":"info","message":"GET /order/detail 15 2019-05-22 15:41:55","timestamp":"2019-05-22 15:41:55"}
{"level":"info","message":"GET /order/detail 9 2019-05-22 15:41:55","timestamp":"2019-05-22 15:41:55"}
{"level":"info","message":"GET /order/order_items 6 2019-05-22 15:41:55","timestamp":"2019-05-22 15:41:55"}
{"level":"info","message":"DELETE /user/logout 1 2019-05-22 15:42:07","timestamp":"2019-05-22 15:42:07"}
{"level":"info","message":"GET /user/normal/list 1 2019-05-22 15:42:07","timestamp":"2019-05-22 15:42:07"}
{"level":"info","message":"POST /user/login 11 2019-05-22 15:42:20","timestamp":"2019-05-22 15:42:20"}
{"level":"info","message":"GET /order/order_state_count 4 2019-05-22 15:42:21","timestamp":"2019-05-22 15:42:21"}
{"level":"info","message":"GET /area 1 2019-05-22 15:42:21","timestamp":"2019-05-22 15:42:21"}
{"level":"info","message":"GET /table/list 5 2019-05-22 15:42:21","timestamp":"2019-05-22 15:42:21"}
{"level":"info","message":"GET /order/detail 7 2019-05-22 15:42:21","timestamp":"2019-05-22 15:42:21"}
{"level":"info","message":"GET /order/get_order_test 2 2019-05-22 15:42:21","timestamp":"2019-05-22 15:42:21"}
{"level":"info","message":"GET /order/get_order_test 4 2019-05-22 15:42:21","timestamp":"2019-05-22 15:42:21"}
{"level":"info","message":"GET /order/discount_info 2 2019-05-22 15:42:39","timestamp":"2019-05-22 15:42:39"}
{"level":"info","message":"GET /order/order_items 13 2019-05-22 15:42:39","timestamp":"2019-05-22 15:42:39"}
{"level":"info","message":"GET /order/detail 12 2019-05-22 15:42:39","timestamp":"2019-05-22 15:42:39"}
{"level":"info","message":"GET /order/detail 6 2019-05-22 15:42:39","timestamp":"2019-05-22 15:42:39"}
{"level":"info","message":"GET /system/info 334 2019-05-22 15:43:04","timestamp":"2019-05-22 15:43:04"}
{"level":"info","message":"GET /order/discount_info 3 2019-05-22 15:43:04","timestamp":"2019-05-22 15:43:04"}
{"level":"info","message":"GET /order/detail 14 2019-05-22 15:43:04","timestamp":"2019-05-22 15:43:04"}
{"level":"info","message":"GET /order/detail 6 2019-05-22 15:43:04","timestamp":"2019-05-22 15:43:04"}
{"level":"info","message":"GET /order/order_items 7 2019-05-22 15:43:04","timestamp":"2019-05-22 15:43:04"}
{"level":"info","message":"mqtt成功连接到：ws://test.emq.restoplus.cn:8083/mqtt","timestamp":"2019-05-22 16:17:55"}
{"level":"info","message":"订阅成功--$queue/winPos/+/2f83afee7a0e4822a6729145dd53af33/63325014c50b4b16a81e50b3623f8d96/+/+/+","timestamp":"2019-05-22 16:17:56"}
{"level":"info","message":"允许接收的平台=>posAdmin-dev,resto-dev","timestamp":"2019-05-22 16:17:56"}
{"level":"error","message":"ServiceUnavailableError: Response timeout\n    at IncomingMessage.<anonymous> (/Users/chintec/Documents/node/resto-newpos/node_modules/connect-timeout/index.js:84:8)\n    at emitOne (events.js:116:13)\n    at IncomingMessage.emit (events.js:211:7)\n    at Timeout._onTimeout (/Users/chintec/Documents/node/resto-newpos/node_modules/connect-timeout/index.js:49:11)\n    at ontimeout (timers.js:475:11)\n    at tryOnTimeout (timers.js:310:5)\n    at Timer.listOnTimeout (timers.js:270:5)","timestamp":"2019-05-22 16:18:25"}
{"level":"error","message":"resource \"GET:/b67ac63c10146a1231c6.hot-update.json\" not found","timestamp":"2019-05-22 16:18:48"}
{"level":"info","message":"GET /b67ac63c10146a1231c6.hot-update.json 3 2019-05-22 16:18:48","timestamp":"2019-05-22 16:18:48"}
{"level":"info","message":"GET /system/info 98 2019-05-22 16:18:59","timestamp":"2019-05-22 16:18:59"}
{"level":"info","message":"GET /order/discount_info 4 2019-05-22 16:18:59","timestamp":"2019-05-22 16:18:59"}
{"level":"info","message":"GET /order/detail 17 2019-05-22 16:18:59","timestamp":"2019-05-22 16:18:59"}
{"level":"info","message":"GET /order/detail 18 2019-05-22 16:18:59","timestamp":"2019-05-22 16:18:59"}
{"level":"info","message":"GET /order/order_items 8 2019-05-22 16:18:59","timestamp":"2019-05-22 16:18:59"}
{"level":"info","message":"GET /order/discount_info 78 2019-05-22 17:03:59","timestamp":"2019-05-22 17:03:59"}
{"level":"info","message":"GET /order/order_items 90 2019-05-22 17:03:59","timestamp":"2019-05-22 17:03:59"}
{"level":"info","message":"GET /order/detail 91 2019-05-22 17:03:59","timestamp":"2019-05-22 17:03:59"}
{"level":"info","message":"GET /order/detail 7 2019-05-22 17:03:59","timestamp":"2019-05-22 17:03:59"}
{"level":"info","message":"DELETE /user/logout 1 2019-05-22 17:05:44","timestamp":"2019-05-22 17:05:44"}
{"level":"info","message":"GET /user/normal/list 3 2019-05-22 17:05:44","timestamp":"2019-05-22 17:05:44"}
{"level":"info","message":"GET /user/normal/list 2 2019-05-22 17:05:53","timestamp":"2019-05-22 17:05:53"}
{"level":"info","message":"POST /user/login 37 2019-05-22 17:06:11","timestamp":"2019-05-22 17:06:11"}
{"level":"info","message":"GET /order/order_state_count 16 2019-05-22 17:06:11","timestamp":"2019-05-22 17:06:11"}
{"level":"info","message":"GET /table/list 45 2019-05-22 17:06:11","timestamp":"2019-05-22 17:06:11"}
{"level":"info","message":"GET /area 51 2019-05-22 17:06:11","timestamp":"2019-05-22 17:06:11"}
{"level":"info","message":"GET /order/detail 8 2019-05-22 17:06:11","timestamp":"2019-05-22 17:06:11"}
{"level":"info","message":"GET /order/get_order_test 24 2019-05-22 17:06:12","timestamp":"2019-05-22 17:06:12"}
{"level":"info","message":"GET /order/get_order_test 3 2019-05-22 17:06:12","timestamp":"2019-05-22 17:06:12"}
{"level":"info","message":"POST /user/login 1 2019-05-22 17:06:20","timestamp":"2019-05-22 17:06:20"}
{"level":"info","message":"POST /user/login 16 2019-05-22 17:06:22","timestamp":"2019-05-22 17:06:22"}
{"level":"info","message":"GET /system/info 62 2019-05-22 17:06:22","timestamp":"2019-05-22 17:06:22"}
{"level":"info","message":"GET /area 2 2019-05-22 17:06:22","timestamp":"2019-05-22 17:06:22"}
{"level":"info","message":"GET /table/list 6 2019-05-22 17:06:22","timestamp":"2019-05-22 17:06:22"}
{"level":"info","message":"GET /order/detail 6 2019-05-22 17:06:23","timestamp":"2019-05-22 17:06:23"}
{"level":"info","message":"GET /order/get_order_test 4 2019-05-22 17:06:23","timestamp":"2019-05-22 17:06:23"}
{"level":"info","message":"GET /user/normal/list 1 2019-05-22 17:06:24","timestamp":"2019-05-22 17:06:24"}
{"level":"info","message":"GET /system/info 4 2019-05-22 17:07:57","timestamp":"2019-05-22 17:07:57"}
{"level":"info","message":"GET /area 4 2019-05-22 17:07:57","timestamp":"2019-05-22 17:07:57"}
{"level":"info","message":"GET /order/detail 15 2019-05-22 17:07:57","timestamp":"2019-05-22 17:07:57"}
{"level":"info","message":"GET /table/list 5 2019-05-22 17:07:57","timestamp":"2019-05-22 17:07:57"}
{"level":"info","message":"GET /system/info 10 2019-05-22 17:09:34","timestamp":"2019-05-22 17:09:34"}
{"level":"info","message":"GET /user/normal/list 9 2019-05-22 17:09:34","timestamp":"2019-05-22 17:09:34"}
{"level":"info","message":"GET /area 11 2019-05-22 17:09:35","timestamp":"2019-05-22 17:09:35"}
{"level":"info","message":"GET /table/list 9 2019-05-22 17:09:35","timestamp":"2019-05-22 17:09:35"}
{"level":"info","message":"GET /order/detail 35 2019-05-22 17:09:35","timestamp":"2019-05-22 17:09:35"}
{"level":"info","message":"DELETE /user/logout 1 2019-05-22 17:09:41","timestamp":"2019-05-22 17:09:41"}
{"level":"info","message":"GET /user/normal/list 1 2019-05-22 17:09:41","timestamp":"2019-05-22 17:09:41"}
{"level":"info","message":"POST /user/login 13 2019-05-22 17:09:47","timestamp":"2019-05-22 17:09:47"}
{"level":"info","message":"GET /system/info 5 2019-05-22 17:09:47","timestamp":"2019-05-22 17:09:47"}
{"level":"info","message":"GET /order/order_state_count 7 2019-05-22 17:09:47","timestamp":"2019-05-22 17:09:47"}
{"level":"info","message":"GET /area 6 2019-05-22 17:09:47","timestamp":"2019-05-22 17:09:47"}
{"level":"info","message":"GET /table/list 5 2019-05-22 17:09:47","timestamp":"2019-05-22 17:09:47"}
{"level":"info","message":"GET /order/detail 9 2019-05-22 17:09:47","timestamp":"2019-05-22 17:09:47"}
{"level":"info","message":"GET /order/get_order_test 3 2019-05-22 17:09:47","timestamp":"2019-05-22 17:09:47"}
{"level":"info","message":"GET /order/get_order_test 4 2019-05-22 17:09:48","timestamp":"2019-05-22 17:09:48"}
{"level":"info","message":"POST /user/login 2 2019-05-22 17:09:52","timestamp":"2019-05-22 17:09:52"}
{"level":"info","message":"POST /user/login 13 2019-05-22 17:09:53","timestamp":"2019-05-22 17:09:53"}
{"level":"info","message":"GET /order/order_state_count 6 2019-05-22 17:09:53","timestamp":"2019-05-22 17:09:53"}
{"level":"info","message":"GET /area 1 2019-05-22 17:09:53","timestamp":"2019-05-22 17:09:53"}
{"level":"info","message":"GET /table/list 5 2019-05-22 17:09:53","timestamp":"2019-05-22 17:09:53"}
{"level":"info","message":"GET /order/detail 10 2019-05-22 17:09:54","timestamp":"2019-05-22 17:09:54"}
{"level":"info","message":"GET /order/get_order_test 5 2019-05-22 17:09:54","timestamp":"2019-05-22 17:09:54"}
{"level":"info","message":"GET /order/get_order_test 6 2019-05-22 17:09:54","timestamp":"2019-05-22 17:09:54"}
{"level":"info","message":"GET /user/normal/list 5 2019-05-22 17:09:55","timestamp":"2019-05-22 17:09:55"}
{"level":"info","message":"mqtt成功连接到：ws://test.emq.restoplus.cn:8083/mqtt","timestamp":"2019-05-22 17:10:55"}
{"level":"info","message":"订阅成功--$queue/winPos/+/2f83afee7a0e4822a6729145dd53af33/63325014c50b4b16a81e50b3623f8d96/+/+/+","timestamp":"2019-05-22 17:11:01"}
{"level":"info","message":"允许接收的平台=>posAdmin-dev,resto-dev","timestamp":"2019-05-22 17:11:01"}
{"level":"error","message":"==mqtt==close==你已断开连接,异常退出","timestamp":"2019-05-22 17:11:22"}
{"level":"error","message":"ServiceUnavailableError: Response timeout\n    at IncomingMessage.<anonymous> (/Users/chintec/Documents/node/resto-newpos/node_modules/connect-timeout/index.js:84:8)\n    at emitOne (events.js:116:13)\n    at IncomingMessage.emit (events.js:211:7)\n    at Timeout._onTimeout (/Users/chintec/Documents/node/resto-newpos/node_modules/connect-timeout/index.js:49:11)\n    at ontimeout (timers.js:475:11)\n    at tryOnTimeout (timers.js:310:5)\n    at Timer.listOnTimeout (timers.js:270:5)","timestamp":"2019-05-22 17:11:32"}
{"level":"error","message":"==mqtt==reconnect==正在尝试重新连接","timestamp":"2019-05-22 17:11:38"}
{"level":"info","message":"mqtt成功连接到：ws://test.emq.restoplus.cn:8083/mqtt","timestamp":"2019-05-22 17:11:38"}
{"level":"info","message":"订阅成功--$queue/winPos/+/2f83afee7a0e4822a6729145dd53af33/63325014c50b4b16a81e50b3623f8d96/+/+/+","timestamp":"2019-05-22 17:11:38"}
{"level":"info","message":"允许接收的平台=>posAdmin-dev,resto-dev","timestamp":"2019-05-22 17:11:38"}
{"level":"info","message":"GET /user/normal/list 27 2019-05-22 17:11:52","timestamp":"2019-05-22 17:11:52"}
{"level":"info","message":"GET /user/normal/list 4 2019-05-22 17:29:54","timestamp":"2019-05-22 17:29:54"}
{"level":"info","message":"GET /user/normal/list 3 2019-05-22 17:30:48","timestamp":"2019-05-22 17:30:48"}
{"level":"info","message":"GET /user/normal/list 8 2019-05-22 17:31:00","timestamp":"2019-05-22 17:31:00"}
{"level":"info","message":"GET /user/normal/list 2 2019-05-22 17:31:01","timestamp":"2019-05-22 17:31:01"}
{"level":"info","message":"GET /user/normal/list 4 2019-05-22 17:35:45","timestamp":"2019-05-22 17:35:45"}
{"level":"info","message":"GET /user/normal/list 3 2019-05-22 17:36:02","timestamp":"2019-05-22 17:36:02"}
{"level":"info","message":"开始同步库存数据","timestamp":"2019-05-22 17:36:58"}
{"level":"info","message":"POST /user/login 103 2019-05-22 17:36:58","timestamp":"2019-05-22 17:36:58"}
{"level":"info","message":"GET /system/info 9 2019-05-22 17:36:58","timestamp":"2019-05-22 17:36:58"}
{"level":"info","message":"GET /order/order_state_count 23 2019-05-22 17:36:58","timestamp":"2019-05-22 17:36:58"}
{"level":"info","message":"GET /area 18 2019-05-22 17:36:58","timestamp":"2019-05-22 17:36:58"}
{"level":"info","message":"GET /table/list 21 2019-05-22 17:36:58","timestamp":"2019-05-22 17:36:58"}
{"level":"info","message":"同步库存数据完成!","timestamp":"2019-05-22 17:36:58"}
{"level":"info","message":"GET /order/detail 9 2019-05-22 17:36:59","timestamp":"2019-05-22 17:36:59"}
{"level":"info","message":"GET /order/get_order_test 24 2019-05-22 17:36:59","timestamp":"2019-05-22 17:36:59"}
{"level":"info","message":"GET /order/get_order_test 4 2019-05-22 17:36:59","timestamp":"2019-05-22 17:36:59"}
{"level":"info","message":"GET /order/detail 12 2019-05-22 17:37:01","timestamp":"2019-05-22 17:37:01"}
{"level":"info","message":"GET /article/family_list 3 2019-05-22 17:37:01","timestamp":"2019-05-22 17:37:01"}
{"level":"info","message":"GET /article/article_list 46 2019-05-22 17:37:01","timestamp":"2019-05-22 17:37:01"}
{"level":"info","message":"GET /article/article_list 9 2019-05-22 17:37:06","timestamp":"2019-05-22 17:37:06"}
{"level":"info","message":"GET /article/unit_list 65 2019-05-22 17:37:08","timestamp":"2019-05-22 17:37:08"}
{"level":"info","message":"GET /article/unit_list 3 2019-05-22 17:37:11","timestamp":"2019-05-22 17:37:11"}
{"level":"info","message":"GET /article/price 1 2019-05-22 17:37:15","timestamp":"2019-05-22 17:37:15"}
{"level":"info","message":"GET /article/article_list 6 2019-05-22 17:37:18","timestamp":"2019-05-22 17:37:18"}
{"level":"info","message":"GET /article/article_list 12 2019-05-22 17:37:19","timestamp":"2019-05-22 17:37:19"}
{"level":"info","message":"GET /article/price 2 2019-05-22 17:37:25","timestamp":"2019-05-22 17:37:25"}
{"level":"info","message":"GET /article/price 1 2019-05-22 17:37:27","timestamp":"2019-05-22 17:37:27"}
{"level":"info","message":"GET /article/article_list 8 2019-05-22 17:37:33","timestamp":"2019-05-22 17:37:33"}
{"level":"info","message":"GET /article/article_list 10 2019-05-22 17:37:33","timestamp":"2019-05-22 17:37:33"}
{"level":"info","message":"GET /article/article_list 7 2019-05-22 17:37:36","timestamp":"2019-05-22 17:37:36"}
{"level":"info","message":"GET /article/article_list 7 2019-05-22 17:37:39","timestamp":"2019-05-22 17:37:39"}
{"level":"info","message":"GET /article/article_list 6 2019-05-22 17:37:39","timestamp":"2019-05-22 17:37:39"}
{"level":"info","message":"GET /article/article_list 10 2019-05-22 17:37:40","timestamp":"2019-05-22 17:37:40"}
{"level":"info","message":"GET /article/article_list 7 2019-05-22 17:37:40","timestamp":"2019-05-22 17:37:40"}
{"level":"info","message":"GET /article/article_list 8 2019-05-22 17:37:40","timestamp":"2019-05-22 17:37:40"}
{"level":"info","message":"GET /article/article_list 7 2019-05-22 17:37:41","timestamp":"2019-05-22 17:37:41"}
{"level":"info","message":"GET /article/article_list 8 2019-05-22 17:37:41","timestamp":"2019-05-22 17:37:41"}
{"level":"info","message":"GET /article/article_list 10 2019-05-22 17:37:42","timestamp":"2019-05-22 17:37:42"}
{"level":"info","message":"GET /article/article_list 8 2019-05-22 17:37:43","timestamp":"2019-05-22 17:37:43"}
{"level":"info","message":"GET /article/article_list 8 2019-05-22 17:37:44","timestamp":"2019-05-22 17:37:44"}
{"level":"info","message":"GET /article/article_list 16 2019-05-22 17:37:44","timestamp":"2019-05-22 17:37:44"}
{"level":"info","message":"GET /article/article_list 18 2019-05-22 17:37:45","timestamp":"2019-05-22 17:37:45"}
{"level":"info","message":"GET /article/article_list 13 2019-05-22 17:37:45","timestamp":"2019-05-22 17:37:45"}
{"level":"info","message":"GET /article/article_list 8 2019-05-22 17:37:45","timestamp":"2019-05-22 17:37:45"}
{"level":"info","message":"GET /article/article_list 8 2019-05-22 17:37:45","timestamp":"2019-05-22 17:37:45"}
{"level":"info","message":"GET /order/order_state_count 4 2019-05-22 17:37:49","timestamp":"2019-05-22 17:37:49"}
{"level":"info","message":"GET /area 2 2019-05-22 17:37:49","timestamp":"2019-05-22 17:37:49"}
{"level":"info","message":"GET /order/detail 10 2019-05-22 17:37:49","timestamp":"2019-05-22 17:37:49"}
{"level":"info","message":"GET /table/list 5 2019-05-22 17:37:49","timestamp":"2019-05-22 17:37:49"}
{"level":"info","message":"GET /order/get_order_test 4 2019-05-22 17:37:49","timestamp":"2019-05-22 17:37:49"}
{"level":"info","message":"GET /system/info 8 2019-05-22 17:39:22","timestamp":"2019-05-22 17:39:22"}
{"level":"info","message":"GET /order/order_state_count 11 2019-05-22 17:39:23","timestamp":"2019-05-22 17:39:23"}
{"level":"info","message":"GET /area 9 2019-05-22 17:39:23","timestamp":"2019-05-22 17:39:23"}
{"level":"info","message":"GET /table/list 12 2019-05-22 17:39:23","timestamp":"2019-05-22 17:39:23"}
{"level":"info","message":"GET /order/detail 46 2019-05-22 17:39:23","timestamp":"2019-05-22 17:39:23"}
{"level":"info","message":"GET /order/get_order_test 3 2019-05-22 17:39:23","timestamp":"2019-05-22 17:39:23"}
{"level":"info","message":"GET /system/info 12 2019-05-22 17:42:00","timestamp":"2019-05-22 17:42:00"}
{"level":"info","message":"GET /order/order_state_count 10 2019-05-22 17:42:00","timestamp":"2019-05-22 17:42:00"}
{"level":"info","message":"GET /area 9 2019-05-22 17:42:00","timestamp":"2019-05-22 17:42:00"}
{"level":"info","message":"GET /table/list 10 2019-05-22 17:42:00","timestamp":"2019-05-22 17:42:00"}
{"level":"info","message":"GET /order/detail 26 2019-05-22 17:42:00","timestamp":"2019-05-22 17:42:00"}
{"level":"info","message":"GET /order/get_order_test 2 2019-05-22 17:42:01","timestamp":"2019-05-22 17:42:01"}
{"level":"info","message":"GET /order/detail 6 2019-05-22 17:42:13","timestamp":"2019-05-22 17:42:13"}
{"level":"info","message":"GET /order/get_order_test 2 2019-05-22 17:42:13","timestamp":"2019-05-22 17:42:13"}
{"level":"info","message":"DELETE /user/logout 2 2019-05-22 17:42:30","timestamp":"2019-05-22 17:42:30"}
{"level":"info","message":"GET /user/normal/list 3 2019-05-22 17:42:30","timestamp":"2019-05-22 17:42:30"}
{"level":"info","message":"开始同步库存数据","timestamp":"2019-05-22 17:42:37"}
{"level":"info","message":"POST /user/login 102 2019-05-22 17:42:37","timestamp":"2019-05-22 17:42:37"}
{"level":"info","message":"GET /order/order_state_count 22 2019-05-22 17:42:37","timestamp":"2019-05-22 17:42:37"}
{"level":"info","message":"GET /area 19 2019-05-22 17:42:37","timestamp":"2019-05-22 17:42:37"}
{"level":"info","message":"GET /table/list 14 2019-05-22 17:42:37","timestamp":"2019-05-22 17:42:37"}
{"level":"info","message":"GET /order/detail 49 2019-05-22 17:42:38","timestamp":"2019-05-22 17:42:38"}
{"level":"info","message":"GET /order/get_order_test 10 2019-05-22 17:42:38","timestamp":"2019-05-22 17:42:38"}
{"level":"info","message":"同步库存数据完成!","timestamp":"2019-05-22 17:42:38"}
{"level":"info","message":"GET /order/get_order_test 4 2019-05-22 17:42:38","timestamp":"2019-05-22 17:42:38"}
{"level":"info","message":"DELETE /user/logout 1 2019-05-22 17:42:41","timestamp":"2019-05-22 17:42:41"}
{"level":"info","message":"GET /user/normal/list 2 2019-05-22 17:42:41","timestamp":"2019-05-22 17:42:41"}
{"level":"info","message":"开始同步库存数据","timestamp":"2019-05-22 17:42:54"}
{"level":"info","message":"POST /user/login 13 2019-05-22 17:42:54","timestamp":"2019-05-22 17:42:54"}
{"level":"info","message":"GET /order/order_state_count 6 2019-05-22 17:42:54","timestamp":"2019-05-22 17:42:54"}
{"level":"info","message":"GET /area 6 2019-05-22 17:42:54","timestamp":"2019-05-22 17:42:54"}
{"level":"info","message":"GET /table/list 11 2019-05-22 17:42:54","timestamp":"2019-05-22 17:42:54"}
{"level":"info","message":"GET /order/detail 34 2019-05-22 17:42:54","timestamp":"2019-05-22 17:42:54"}
{"level":"info","message":"同步库存数据完成!","timestamp":"2019-05-22 17:42:54"}
{"level":"info","message":"GET /order/get_order_test 4 2019-05-22 17:42:54","timestamp":"2019-05-22 17:42:54"}
{"level":"info","message":"GET /order/get_order_test 5 2019-05-22 17:42:54","timestamp":"2019-05-22 17:42:54"}
{"level":"info","message":"GET /system/info 20 2019-05-22 17:44:51","timestamp":"2019-05-22 17:44:51"}
{"level":"info","message":"GET /order/order_state_count 6 2019-05-22 17:44:52","timestamp":"2019-05-22 17:44:52"}
{"level":"info","message":"GET /area 2 2019-05-22 17:44:52","timestamp":"2019-05-22 17:44:52"}
{"level":"info","message":"GET /order/detail 16 2019-05-22 17:44:52","timestamp":"2019-05-22 17:44:52"}
{"level":"info","message":"GET /table/list 6 2019-05-22 17:44:52","timestamp":"2019-05-22 17:44:52"}
{"level":"info","message":"GET /order/get_order_test 3 2019-05-22 17:44:52","timestamp":"2019-05-22 17:44:52"}
{"level":"info","message":"DELETE /user/logout 1 2019-05-22 17:44:59","timestamp":"2019-05-22 17:44:59"}
{"level":"info","message":"GET /user/normal/list 1 2019-05-22 17:44:59","timestamp":"2019-05-22 17:44:59"}
{"level":"info","message":"开始同步库存数据","timestamp":"2019-05-22 17:45:06"}
{"level":"info","message":"POST /user/login 45 2019-05-22 17:45:06","timestamp":"2019-05-22 17:45:06"}
{"level":"info","message":"GET /order/order_state_count 54 2019-05-22 17:45:07","timestamp":"2019-05-22 17:45:07"}
{"level":"info","message":"GET /area 51 2019-05-22 17:45:07","timestamp":"2019-05-22 17:45:07"}
{"level":"info","message":"GET /table/list 14 2019-05-22 17:45:07","timestamp":"2019-05-22 17:45:07"}
{"level":"info","message":"同步库存数据完成!","timestamp":"2019-05-22 17:45:07"}
{"level":"info","message":"GET /order/detail 5 2019-05-22 17:45:07","timestamp":"2019-05-22 17:45:07"}
{"level":"info","message":"GET /order/get_order_test 4 2019-05-22 17:45:07","timestamp":"2019-05-22 17:45:07"}
{"level":"info","message":"GET /order/get_order_test 4 2019-05-22 17:45:07","timestamp":"2019-05-22 17:45:07"}
{"level":"info","message":"DELETE /user/logout 1 2019-05-22 17:45:16","timestamp":"2019-05-22 17:45:16"}
{"level":"info","message":"GET /user/normal/list 1 2019-05-22 17:45:16","timestamp":"2019-05-22 17:45:16"}
{"level":"info","message":"开始同步库存数据","timestamp":"2019-05-22 17:45:24"}
{"level":"info","message":"POST /user/login 10 2019-05-22 17:45:24","timestamp":"2019-05-22 17:45:24"}
{"level":"info","message":"GET /order/order_state_count 6 2019-05-22 17:45:24","timestamp":"2019-05-22 17:45:24"}
{"level":"info","message":"GET /area 5 2019-05-22 17:45:24","timestamp":"2019-05-22 17:45:24"}
{"level":"info","message":"GET /table/list 4 2019-05-22 17:45:24","timestamp":"2019-05-22 17:45:24"}
{"level":"info","message":"GET /order/detail 62 2019-05-22 17:45:24","timestamp":"2019-05-22 17:45:24"}
{"level":"info","message":"同步库存数据完成!","timestamp":"2019-05-22 17:45:24"}
{"level":"info","message":"GET /order/get_order_test 3 2019-05-22 17:45:25","timestamp":"2019-05-22 17:45:25"}
{"level":"info","message":"GET /order/get_order_test 5 2019-05-22 17:45:25","timestamp":"2019-05-22 17:45:25"}
{"level":"info","message":"GET /order/detail 5 2019-05-22 17:45:36","timestamp":"2019-05-22 17:45:36"}
{"level":"info","message":"GET /order/get_order_test 4 2019-05-22 17:45:36","timestamp":"2019-05-22 17:45:36"}
{"level":"info","message":"GET /system/info 9 2019-05-22 18:05:39","timestamp":"2019-05-22 18:05:39"}
{"level":"info","message":"GET /order/order_state_count 4 2019-05-22 18:05:39","timestamp":"2019-05-22 18:05:39"}
{"level":"info","message":"GET /area 1 2019-05-22 18:05:39","timestamp":"2019-05-22 18:05:39"}
{"level":"info","message":"GET /table/list 4 2019-05-22 18:05:39","timestamp":"2019-05-22 18:05:39"}
{"level":"info","message":"GET /order/detail 14 2019-05-22 18:05:39","timestamp":"2019-05-22 18:05:39"}
{"level":"info","message":"GET /order/detail 6 2019-05-22 18:05:39","timestamp":"2019-05-22 18:05:39"}
{"level":"info","message":"GET /order/get_order_test 2 2019-05-22 18:05:39","timestamp":"2019-05-22 18:05:39"}
{"level":"info","message":"GET /order/get_order_test 3 2019-05-22 18:05:40","timestamp":"2019-05-22 18:05:40"}
{"level":"info","message":"GET /system/info 5 2019-05-22 18:07:39","timestamp":"2019-05-22 18:07:39"}
{"level":"info","message":"GET /order/order_state_count 7 2019-05-22 18:07:39","timestamp":"2019-05-22 18:07:39"}
{"level":"info","message":"GET /area 5 2019-05-22 18:07:39","timestamp":"2019-05-22 18:07:39"}
{"level":"info","message":"GET /table/list 9 2019-05-22 18:07:39","timestamp":"2019-05-22 18:07:39"}
{"level":"info","message":"GET /order/detail 22 2019-05-22 18:07:39","timestamp":"2019-05-22 18:07:39"}
{"level":"info","message":"GET /order/get_order_test 4 2019-05-22 18:07:40","timestamp":"2019-05-22 18:07:40"}
{"level":"info","message":"GET /system/info 295 2019-05-22 18:08:32","timestamp":"2019-05-22 18:08:32"}
{"level":"info","message":"GET /order/order_state_count 15 2019-05-22 18:08:32","timestamp":"2019-05-22 18:08:32"}
{"level":"info","message":"GET /area 11 2019-05-22 18:08:32","timestamp":"2019-05-22 18:08:32"}
{"level":"info","message":"GET /table/list 14 2019-05-22 18:08:32","timestamp":"2019-05-22 18:08:32"}
{"level":"info","message":"GET /order/detail 26 2019-05-22 18:08:32","timestamp":"2019-05-22 18:08:32"}
{"level":"info","message":"GET /order/get_order_test 38 2019-05-22 18:08:33","timestamp":"2019-05-22 18:08:33"}
{"level":"info","message":"GET /system/info 8 2019-05-22 18:08:53","timestamp":"2019-05-22 18:08:53"}
{"level":"info","message":"GET /order/order_state_count 6 2019-05-22 18:08:53","timestamp":"2019-05-22 18:08:53"}
{"level":"info","message":"GET /area 2 2019-05-22 18:08:53","timestamp":"2019-05-22 18:08:53"}
{"level":"info","message":"GET /order/detail 13 2019-05-22 18:08:53","timestamp":"2019-05-22 18:08:53"}
{"level":"info","message":"GET /table/list 396 2019-05-22 18:08:54","timestamp":"2019-05-22 18:08:54"}
{"level":"info","message":"GET /order/get_order_test 5 2019-05-22 18:08:54","timestamp":"2019-05-22 18:08:54"}
{"level":"info","message":"GET /system/info 7 2019-05-22 18:13:03","timestamp":"2019-05-22 18:13:03"}
{"level":"info","message":"GET /order/order_state_count 7 2019-05-22 18:13:04","timestamp":"2019-05-22 18:13:04"}
{"level":"info","message":"GET /area 2 2019-05-22 18:13:04","timestamp":"2019-05-22 18:13:04"}
{"level":"info","message":"GET /table/list 4 2019-05-22 18:13:04","timestamp":"2019-05-22 18:13:04"}
{"level":"info","message":"GET /order/detail 19 2019-05-22 18:13:04","timestamp":"2019-05-22 18:13:04"}
{"level":"info","message":"GET /order/get_order_test 5 2019-05-22 18:13:04","timestamp":"2019-05-22 18:13:04"}
{"level":"info","message":"GET /system/info 7 2019-05-22 18:15:01","timestamp":"2019-05-22 18:15:01"}
{"level":"info","message":"GET /order/order_state_count 10 2019-05-22 18:15:01","timestamp":"2019-05-22 18:15:01"}
{"level":"info","message":"GET /area 4 2019-05-22 18:15:01","timestamp":"2019-05-22 18:15:01"}
{"level":"info","message":"GET /table/list 6 2019-05-22 18:15:01","timestamp":"2019-05-22 18:15:01"}
{"level":"info","message":"GET /order/detail 21 2019-05-22 18:15:01","timestamp":"2019-05-22 18:15:01"}
{"level":"info","message":"GET /order/get_order_test 7 2019-05-22 18:15:02","timestamp":"2019-05-22 18:15:02"}
{"level":"info","message":"GET /system/info 7 2019-05-22 18:16:23","timestamp":"2019-05-22 18:16:23"}
{"level":"info","message":"GET /order/order_state_count 7 2019-05-22 18:16:23","timestamp":"2019-05-22 18:16:23"}
{"level":"info","message":"GET /area 3 2019-05-22 18:16:23","timestamp":"2019-05-22 18:16:23"}
{"level":"info","message":"GET /order/detail 15 2019-05-22 18:16:23","timestamp":"2019-05-22 18:16:23"}
{"level":"info","message":"GET /table/list 5 2019-05-22 18:16:23","timestamp":"2019-05-22 18:16:23"}
{"level":"info","message":"GET /order/get_order_test 4 2019-05-22 18:16:23","timestamp":"2019-05-22 18:16:23"}
{"level":"info","message":"GET /system/info 7 2019-05-22 18:17:51","timestamp":"2019-05-22 18:17:51"}
{"level":"info","message":"GET /order/order_state_count 7 2019-05-22 18:17:51","timestamp":"2019-05-22 18:17:51"}
{"level":"info","message":"GET /area 3 2019-05-22 18:17:51","timestamp":"2019-05-22 18:17:51"}
{"level":"info","message":"GET /table/list 5 2019-05-22 18:17:51","timestamp":"2019-05-22 18:17:51"}
{"level":"info","message":"GET /order/detail 31 2019-05-22 18:17:51","timestamp":"2019-05-22 18:17:51"}
{"level":"info","message":"GET /order/get_order_test 5 2019-05-22 18:17:52","timestamp":"2019-05-22 18:17:52"}
{"level":"info","message":"GET /system/info 4 2019-05-22 18:18:01","timestamp":"2019-05-22 18:18:01"}
{"level":"info","message":"GET /order/order_state_count 10 2019-05-22 18:18:02","timestamp":"2019-05-22 18:18:02"}
{"level":"info","message":"GET /area 12 2019-05-22 18:18:02","timestamp":"2019-05-22 18:18:02"}
{"level":"info","message":"GET /table/list 8 2019-05-22 18:18:02","timestamp":"2019-05-22 18:18:02"}
{"level":"info","message":"GET /order/detail 28 2019-05-22 18:18:02","timestamp":"2019-05-22 18:18:02"}
{"level":"info","message":"GET /order/get_order_test 6 2019-05-22 18:18:02","timestamp":"2019-05-22 18:18:02"}
{"level":"info","message":"GET /system/info 6 2019-05-22 18:18:20","timestamp":"2019-05-22 18:18:20"}
{"level":"info","message":"GET /order/order_state_count 8 2019-05-22 18:18:20","timestamp":"2019-05-22 18:18:20"}
{"level":"info","message":"GET /order/detail 13 2019-05-22 18:18:20","timestamp":"2019-05-22 18:18:20"}
{"level":"info","message":"GET /area 3 2019-05-22 18:18:20","timestamp":"2019-05-22 18:18:20"}
{"level":"info","message":"GET /table/list 5 2019-05-22 18:18:20","timestamp":"2019-05-22 18:18:20"}
{"level":"info","message":"GET /order/get_order_test 4 2019-05-22 18:18:21","timestamp":"2019-05-22 18:18:21"}
{"level":"info","message":"GET /system/info 5 2019-05-22 18:18:28","timestamp":"2019-05-22 18:18:28"}
{"level":"info","message":"GET /order/order_state_count 3 2019-05-22 18:18:29","timestamp":"2019-05-22 18:18:29"}
{"level":"info","message":"GET /order/detail 6 2019-05-22 18:18:29","timestamp":"2019-05-22 18:18:29"}
{"level":"info","message":"GET /area 3 2019-05-22 18:18:29","timestamp":"2019-05-22 18:18:29"}
{"level":"info","message":"GET /table/list 5 2019-05-22 18:18:29","timestamp":"2019-05-22 18:18:29"}
{"level":"info","message":"GET /order/get_order_test 4 2019-05-22 18:18:29","timestamp":"2019-05-22 18:18:29"}
