{"level":"info","message":"mqtt成功连接到：ws://test.emq.restoplus.cn:8083/mqtt","timestamp":"2019-07-08 10:28:33"}
{"level":"info","message":"订阅成功--$queue/winPos/+/2f83afee7a0e4822a6729145dd53af33/63325014c50b4b16a81e50b3623f8d96/+/+/+","timestamp":"2019-07-08 10:28:33"}
{"level":"info","message":"允许接收的平台=>posAdmin-dev,resto-dev","timestamp":"2019-07-08 10:28:33"}
{"level":"error","message":"==mqtt==close==你已断开连接,异常退出","timestamp":"2019-07-08 10:29:11"}
{"level":"error","message":"==mqtt==reconnect==正在尝试重新连接","timestamp":"2019-07-08 10:29:27"}
{"level":"info","message":"mqtt成功连接到：ws://test.emq.restoplus.cn:8083/mqtt","timestamp":"2019-07-08 10:29:27"}
{"level":"info","message":"订阅成功--$queue/winPos/+/2f83afee7a0e4822a6729145dd53af33/63325014c50b4b16a81e50b3623f8d96/+/+/+","timestamp":"2019-07-08 10:29:27"}
{"level":"info","message":"允许接收的平台=>posAdmin-dev,resto-dev","timestamp":"2019-07-08 10:29:27"}
{"level":"info","message":"启动离线订单检测！间隔180000","timestamp":"2019-07-08 10:31:17"}
{"level":"info","message":"没有需要同步的订单！","timestamp":"2019-07-08 10:31:17"}
{"level":"info","message":"启动打印机检测！间隔240000","timestamp":"2019-07-08 10:32:17"}
{"level":"info","message":"启动离线订单检测！间隔180000","timestamp":"2019-07-08 10:34:17"}
{"level":"info","message":"没有需要同步的订单！","timestamp":"2019-07-08 10:34:17"}
{"level":"info","message":"启动打印机检测！间隔240000","timestamp":"2019-07-08 10:36:17"}
{"level":"info","message":"启动离线订单检测！间隔180000","timestamp":"2019-07-08 10:37:17"}
{"level":"info","message":"没有需要同步的订单！","timestamp":"2019-07-08 10:37:17"}
{"level":"info","message":"启动打印机检测！间隔240000","timestamp":"2019-07-08 10:40:17"}
{"level":"info","message":"启动离线订单检测！间隔180000","timestamp":"2019-07-08 10:40:17"}
{"level":"info","message":"没有需要同步的订单！","timestamp":"2019-07-08 10:40:17"}
{"level":"info","message":"启动离线订单检测！间隔180000","timestamp":"2019-07-08 10:43:17"}
{"level":"info","message":"没有需要同步的订单！","timestamp":"2019-07-08 10:43:17"}
{"level":"info","message":"启动打印机检测！间隔240000","timestamp":"2019-07-08 10:44:17"}
{"level":"info","message":"启动离线订单检测！间隔180000","timestamp":"2019-07-08 10:46:17"}
{"level":"info","message":"没有需要同步的订单！","timestamp":"2019-07-08 10:46:17"}
{"level":"info","message":"启动打印机检测！间隔240000","timestamp":"2019-07-08 10:48:17"}
{"level":"info","message":"启动离线订单检测！间隔180000","timestamp":"2019-07-08 10:49:17"}
{"level":"info","message":"没有需要同步的订单！","timestamp":"2019-07-08 10:49:17"}
{"level":"info","message":"启动打印机检测！间隔240000","timestamp":"2019-07-08 10:52:17"}
{"level":"info","message":"启动离线订单检测！间隔180000","timestamp":"2019-07-08 10:52:18"}
{"level":"info","message":"没有需要同步的订单！","timestamp":"2019-07-08 10:52:18"}
{"level":"info","message":"启动离线订单检测！间隔180000","timestamp":"2019-07-08 10:55:18"}
{"level":"info","message":"没有需要同步的订单！","timestamp":"2019-07-08 10:55:18"}
{"level":"info","message":"启动打印机检测！间隔240000","timestamp":"2019-07-08 10:56:17"}
{"level":"info","message":"启动离线订单检测！间隔180000","timestamp":"2019-07-08 10:58:18"}
{"level":"info","message":"没有需要同步的订单！","timestamp":"2019-07-08 10:58:18"}
{"level":"info","message":"启动打印机检测！间隔240000","timestamp":"2019-07-08 11:00:17"}
{"level":"info","message":"启动离线订单检测！间隔180000","timestamp":"2019-07-08 11:01:18"}
{"level":"info","message":"没有需要同步的订单！","timestamp":"2019-07-08 11:01:18"}
{"level":"info","message":"启动打印机检测！间隔240000","timestamp":"2019-07-08 11:04:17"}
{"level":"info","message":"启动离线订单检测！间隔180000","timestamp":"2019-07-08 11:04:18"}
{"level":"info","message":"没有需要同步的订单！","timestamp":"2019-07-08 11:04:18"}
{"level":"info","message":"启动离线订单检测！间隔180000","timestamp":"2019-07-08 11:07:18"}
{"level":"info","message":"没有需要同步的订单！","timestamp":"2019-07-08 11:07:18"}
{"level":"info","message":"启动打印机检测！间隔240000","timestamp":"2019-07-08 11:08:17"}
{"level":"info","message":"启动离线订单检测！间隔180000","timestamp":"2019-07-08 11:10:18"}
{"level":"info","message":"没有需要同步的订单！","timestamp":"2019-07-08 11:10:18"}
{"level":"info","message":"启动打印机检测！间隔240000","timestamp":"2019-07-08 11:12:17"}
{"level":"info","message":"启动离线订单检测！间隔180000","timestamp":"2019-07-08 11:13:18"}
{"level":"info","message":"没有需要同步的订单！","timestamp":"2019-07-08 11:13:18"}
{"level":"info","message":"启动打印机检测！间隔240000","timestamp":"2019-07-08 11:16:17"}
{"level":"info","message":"启动离线订单检测！间隔180000","timestamp":"2019-07-08 11:16:18"}
{"level":"info","message":"没有需要同步的订单！","timestamp":"2019-07-08 11:16:18"}
{"level":"info","message":"启动离线订单检测！间隔180000","timestamp":"2019-07-08 11:19:18"}
{"level":"info","message":"没有需要同步的订单！","timestamp":"2019-07-08 11:19:18"}
{"level":"info","message":"启动打印机检测！间隔240000","timestamp":"2019-07-08 11:20:17"}
{"level":"info","message":"启动离线订单检测！间隔180000","timestamp":"2019-07-08 11:22:18"}
{"level":"info","message":"没有需要同步的订单！","timestamp":"2019-07-08 11:22:18"}
{"level":"info","message":"启动打印机检测！间隔240000","timestamp":"2019-07-08 11:24:17"}
{"level":"info","message":"启动离线订单检测！间隔180000","timestamp":"2019-07-08 11:25:18"}
{"level":"info","message":"没有需要同步的订单！","timestamp":"2019-07-08 11:25:18"}
{"level":"info","message":"启动打印机检测！间隔240000","timestamp":"2019-07-08 11:28:18"}
{"level":"info","message":"启动离线订单检测！间隔180000","timestamp":"2019-07-08 11:28:18"}
{"level":"info","message":"没有需要同步的订单！","timestamp":"2019-07-08 11:28:18"}
{"level":"info","message":"启动离线订单检测！间隔180000","timestamp":"2019-07-08 11:31:18"}
{"level":"info","message":"没有需要同步的订单！","timestamp":"2019-07-08 11:31:18"}
{"level":"info","message":"启动打印机检测！间隔240000","timestamp":"2019-07-08 11:32:18"}
{"level":"info","message":"启动离线订单检测！间隔180000","timestamp":"2019-07-08 11:34:18"}
{"level":"info","message":"没有需要同步的订单！","timestamp":"2019-07-08 11:34:18"}
{"level":"info","message":"启动打印机检测！间隔240000","timestamp":"2019-07-08 11:36:18"}
{"level":"info","message":"启动离线订单检测！间隔180000","timestamp":"2019-07-08 11:37:18"}
{"level":"info","message":"没有需要同步的订单！","timestamp":"2019-07-08 11:37:18"}
{"level":"info","message":"启动打印机检测！间隔240000","timestamp":"2019-07-08 11:40:18"}
{"level":"info","message":"启动离线订单检测！间隔180000","timestamp":"2019-07-08 11:40:18"}
{"level":"info","message":"没有需要同步的订单！","timestamp":"2019-07-08 11:40:18"}
{"level":"info","message":"启动离线订单检测！间隔180000","timestamp":"2019-07-08 11:43:18"}
{"level":"info","message":"没有需要同步的订单！","timestamp":"2019-07-08 11:43:18"}
{"level":"info","message":"启动打印机检测！间隔240000","timestamp":"2019-07-08 11:44:18"}
{"level":"info","message":"启动离线订单检测！间隔180000","timestamp":"2019-07-08 11:46:18"}
{"level":"info","message":"没有需要同步的订单！","timestamp":"2019-07-08 11:46:18"}
{"level":"info","message":"启动打印机检测！间隔240000","timestamp":"2019-07-08 11:48:18"}
{"level":"info","message":"启动离线订单检测！间隔180000","timestamp":"2019-07-08 11:49:18"}
{"level":"info","message":"没有需要同步的订单！","timestamp":"2019-07-08 11:49:18"}
{"level":"info","message":"mqtt成功连接到：ws://test.emq.restoplus.cn:8083/mqtt","timestamp":"2019-07-08 15:05:57"}
{"level":"info","message":"订阅成功--$queue/winPos/+/2f83afee7a0e4822a6729145dd53af33/63325014c50b4b16a81e50b3623f8d96/+/+/+","timestamp":"2019-07-08 15:05:58"}
{"level":"info","message":"允许接收的平台=>posAdmin-dev,resto-dev","timestamp":"2019-07-08 15:05:58"}
{"level":"info","message":"GET /system/info 159 2019-07-08 15:07:03","timestamp":"2019-07-08 15:07:03"}
{"level":"info","message":"GET /on/line/state 2 2019-07-08 15:07:04","timestamp":"2019-07-08 15:07:04"}
{"level":"info","message":"GET /order/discount_info 116 2019-07-08 15:07:04","timestamp":"2019-07-08 15:07:04"}
{"level":"info","message":"GET /order/detail 130 2019-07-08 15:07:04","timestamp":"2019-07-08 15:07:04"}
{"level":"info","message":"GET /order/detail 4 2019-07-08 15:07:04","timestamp":"2019-07-08 15:07:04"}
{"level":"info","message":"GET /order/order_items 7 2019-07-08 15:07:04","timestamp":"2019-07-08 15:07:04"}
{"level":"info","message":"GET /order/order_state_count 80 2019-07-08 15:07:15","timestamp":"2019-07-08 15:07:15"}
{"level":"info","message":"GET /area 69 2019-07-08 15:07:15","timestamp":"2019-07-08 15:07:15"}
{"level":"info","message":"GET /table/list 96 2019-07-08 15:07:15","timestamp":"2019-07-08 15:07:15"}
{"level":"info","message":"GET /table/number 3 2019-07-08 15:07:15","timestamp":"2019-07-08 15:07:15"}
{"level":"info","message":"GET /order/no_pay 9 2019-07-08 15:07:16","timestamp":"2019-07-08 15:07:16"}
{"level":"info","message":"GET /order/order_state_count 11 2019-07-08 15:07:16","timestamp":"2019-07-08 15:07:16"}
{"level":"info","message":"GET /order/get_order_test 47 2019-07-08 15:07:17","timestamp":"2019-07-08 15:07:17"}
{"level":"info","message":"GET /order/detail 53 2019-07-08 15:07:17","timestamp":"2019-07-08 15:07:17"}
{"level":"info","message":"GET /order/discount_info 2 2019-07-08 15:07:18","timestamp":"2019-07-08 15:07:18"}
{"level":"info","message":"GET /order/order_items 13 2019-07-08 15:07:18","timestamp":"2019-07-08 15:07:18"}
{"level":"info","message":"GET /order/detail 14 2019-07-08 15:07:18","timestamp":"2019-07-08 15:07:18"}
{"level":"info","message":"GET /order/detail 10 2019-07-08 15:07:18","timestamp":"2019-07-08 15:07:18"}
{"level":"info","message":"启动离线订单检测！间隔180000","timestamp":"2019-07-08 15:08:49"}
{"level":"info","message":"没有需要同步的订单！","timestamp":"2019-07-08 15:08:49"}
{"level":"info","message":"启动打印机检测！间隔240000","timestamp":"2019-07-08 15:09:49"}
{"level":"info","message":"启动离线订单检测！间隔180000","timestamp":"2019-07-08 15:11:49"}
{"level":"info","message":"没有需要同步的订单！","timestamp":"2019-07-08 15:11:49"}
{"level":"info","message":"启动打印机检测！间隔240000","timestamp":"2019-07-08 15:13:49"}
{"level":"info","message":"启动离线订单检测！间隔180000","timestamp":"2019-07-08 15:14:49"}
{"level":"info","message":"没有需要同步的订单！","timestamp":"2019-07-08 15:14:49"}
{"level":"info","message":"启动打印机检测！间隔240000","timestamp":"2019-07-08 15:17:49"}
{"level":"info","message":"启动离线订单检测！间隔180000","timestamp":"2019-07-08 15:17:49"}
{"level":"info","message":"没有需要同步的订单！","timestamp":"2019-07-08 15:17:49"}
{"level":"info","message":"启动离线订单检测！间隔180000","timestamp":"2019-07-08 15:20:49"}
{"level":"info","message":"没有需要同步的订单！","timestamp":"2019-07-08 15:20:49"}
{"level":"info","message":"启动打印机检测！间隔240000","timestamp":"2019-07-08 15:21:49"}
{"level":"info","message":"启动离线订单检测！间隔180000","timestamp":"2019-07-08 15:23:49"}
{"level":"info","message":"没有需要同步的订单！","timestamp":"2019-07-08 15:23:49"}
{"level":"info","message":"启动打印机检测！间隔240000","timestamp":"2019-07-08 15:25:49"}
{"level":"info","message":"启动离线订单检测！间隔180000","timestamp":"2019-07-08 15:26:49"}
{"level":"info","message":"没有需要同步的订单！","timestamp":"2019-07-08 15:26:49"}
{"level":"info","message":"启动打印机检测！间隔240000","timestamp":"2019-07-08 15:29:49"}
{"level":"info","message":"启动离线订单检测！间隔180000","timestamp":"2019-07-08 15:29:49"}
{"level":"info","message":"没有需要同步的订单！","timestamp":"2019-07-08 15:29:49"}
{"level":"info","message":"启动离线订单检测！间隔180000","timestamp":"2019-07-08 15:32:49"}
{"level":"info","message":"没有需要同步的订单！","timestamp":"2019-07-08 15:32:49"}
{"level":"info","message":"启动打印机检测！间隔240000","timestamp":"2019-07-08 15:33:49"}
{"level":"info","message":"启动离线订单检测！间隔180000","timestamp":"2019-07-08 15:35:49"}
{"level":"info","message":"没有需要同步的订单！","timestamp":"2019-07-08 15:35:49"}
{"level":"info","message":"启动打印机检测！间隔240000","timestamp":"2019-07-08 15:37:49"}
{"level":"info","message":"启动离线订单检测！间隔180000","timestamp":"2019-07-08 15:38:49"}
{"level":"info","message":"没有需要同步的订单！","timestamp":"2019-07-08 15:38:49"}
{"level":"info","message":"启动打印机检测！间隔240000","timestamp":"2019-07-08 15:41:49"}
{"level":"info","message":"启动离线订单检测！间隔180000","timestamp":"2019-07-08 15:41:49"}
{"level":"info","message":"没有需要同步的订单！","timestamp":"2019-07-08 15:41:49"}
{"level":"info","message":"启动离线订单检测！间隔180000","timestamp":"2019-07-08 15:44:49"}
{"level":"info","message":"没有需要同步的订单！","timestamp":"2019-07-08 15:44:49"}
{"level":"info","message":"启动打印机检测！间隔240000","timestamp":"2019-07-08 15:45:49"}
{"level":"info","message":"启动离线订单检测！间隔180000","timestamp":"2019-07-08 15:47:49"}
{"level":"info","message":"没有需要同步的订单！","timestamp":"2019-07-08 15:47:49"}
{"level":"info","message":"启动打印机检测！间隔240000","timestamp":"2019-07-08 15:49:49"}
{"level":"info","message":"启动离线订单检测！间隔180000","timestamp":"2019-07-08 15:50:49"}
{"level":"info","message":"没有需要同步的订单！","timestamp":"2019-07-08 15:50:49"}
{"level":"info","message":"启动打印机检测！间隔240000","timestamp":"2019-07-08 15:53:49"}
{"level":"info","message":"启动离线订单检测！间隔180000","timestamp":"2019-07-08 15:53:49"}
{"level":"info","message":"没有需要同步的订单！","timestamp":"2019-07-08 15:53:49"}
{"level":"info","message":"启动离线订单检测！间隔180000","timestamp":"2019-07-08 15:56:49"}
{"level":"info","message":"没有需要同步的订单！","timestamp":"2019-07-08 15:56:50"}
{"level":"info","message":"启动打印机检测！间隔240000","timestamp":"2019-07-08 15:57:49"}
{"level":"info","message":"启动离线订单检测！间隔180000","timestamp":"2019-07-08 15:59:49"}
{"level":"info","message":"没有需要同步的订单！","timestamp":"2019-07-08 15:59:49"}
{"level":"info","message":"启动打印机检测！间隔240000","timestamp":"2019-07-08 16:01:49"}
{"level":"info","message":"GET /system/info 38 2019-07-08 16:02:38","timestamp":"2019-07-08 16:02:38"}
{"level":"info","message":"GET /order/detail 12 2019-07-08 16:02:38","timestamp":"2019-07-08 16:02:38"}
{"level":"info","message":"GET /on/line/state 1 2019-07-08 16:02:38","timestamp":"2019-07-08 16:02:38"}
{"level":"info","message":"GET /order/discount_info 9 2019-07-08 16:02:38","timestamp":"2019-07-08 16:02:38"}
{"level":"info","message":"GET /order/detail 10 2019-07-08 16:02:38","timestamp":"2019-07-08 16:02:38"}
{"level":"info","message":"GET /order/order_items 9 2019-07-08 16:02:38","timestamp":"2019-07-08 16:02:38"}
{"level":"info","message":"启动离线订单检测！间隔180000","timestamp":"2019-07-08 16:02:49"}
{"level":"info","message":"没有需要同步的订单！","timestamp":"2019-07-08 16:02:49"}
{"level":"info","message":"启动打印机检测！间隔240000","timestamp":"2019-07-08 16:05:49"}
{"level":"info","message":"启动离线订单检测！间隔180000","timestamp":"2019-07-08 16:05:49"}
{"level":"info","message":"没有需要同步的订单！","timestamp":"2019-07-08 16:05:49"}
{"level":"info","message":"启动离线订单检测！间隔180000","timestamp":"2019-07-08 16:08:49"}
{"level":"info","message":"没有需要同步的订单！","timestamp":"2019-07-08 16:08:49"}
{"level":"info","message":"启动打印机检测！间隔240000","timestamp":"2019-07-08 16:09:49"}
{"level":"info","message":"启动离线订单检测！间隔180000","timestamp":"2019-07-08 16:11:49"}
{"level":"info","message":"没有需要同步的订单！","timestamp":"2019-07-08 16:11:49"}
{"level":"info","message":"启动打印机检测！间隔240000","timestamp":"2019-07-08 16:13:49"}
{"level":"info","message":"启动离线订单检测！间隔180000","timestamp":"2019-07-08 16:14:49"}
{"level":"info","message":"没有需要同步的订单！","timestamp":"2019-07-08 16:14:49"}
{"level":"info","message":"启动打印机检测！间隔240000","timestamp":"2019-07-08 16:17:49"}
{"level":"info","message":"启动离线订单检测！间隔180000","timestamp":"2019-07-08 16:17:49"}
{"level":"info","message":"没有需要同步的订单！","timestamp":"2019-07-08 16:17:49"}
{"level":"info","message":"启动离线订单检测！间隔180000","timestamp":"2019-07-08 16:20:49"}
{"level":"info","message":"没有需要同步的订单！","timestamp":"2019-07-08 16:20:49"}
{"level":"info","message":"启动打印机检测！间隔240000","timestamp":"2019-07-08 16:21:49"}
{"level":"info","message":"启动离线订单检测！间隔180000","timestamp":"2019-07-08 16:23:49"}
{"level":"info","message":"没有需要同步的订单！","timestamp":"2019-07-08 16:23:49"}
{"level":"info","message":"启动打印机检测！间隔240000","timestamp":"2019-07-08 16:25:49"}
{"level":"info","message":"启动离线订单检测！间隔180000","timestamp":"2019-07-08 16:26:50"}
{"level":"info","message":"没有需要同步的订单！","timestamp":"2019-07-08 16:26:50"}
{"level":"info","message":"启动打印机检测！间隔240000","timestamp":"2019-07-08 16:29:49"}
{"level":"info","message":"启动离线订单检测！间隔180000","timestamp":"2019-07-08 16:29:50"}
{"level":"info","message":"没有需要同步的订单！","timestamp":"2019-07-08 16:29:50"}
{"level":"info","message":"启动离线订单检测！间隔180000","timestamp":"2019-07-08 16:32:50"}
{"level":"info","message":"没有需要同步的订单！","timestamp":"2019-07-08 16:32:50"}
{"level":"info","message":"启动打印机检测！间隔240000","timestamp":"2019-07-08 16:33:49"}
{"level":"info","message":"启动离线订单检测！间隔180000","timestamp":"2019-07-08 16:35:50"}
{"level":"info","message":"没有需要同步的订单！","timestamp":"2019-07-08 16:35:50"}
{"level":"info","message":"启动打印机检测！间隔240000","timestamp":"2019-07-08 16:37:49"}
{"level":"info","message":"启动离线订单检测！间隔180000","timestamp":"2019-07-08 16:38:50"}
{"level":"info","message":"没有需要同步的订单！","timestamp":"2019-07-08 16:38:50"}
{"level":"info","message":"DELETE /user/logout 2 2019-07-08 16:40:16","timestamp":"2019-07-08 16:40:16"}
{"level":"info","message":"GET /on/line/state 0 2019-07-08 16:40:17","timestamp":"2019-07-08 16:40:17"}
{"level":"info","message":"GET /user/normal/list 19 2019-07-08 16:40:17","timestamp":"2019-07-08 16:40:17"}
{"level":"info","message":"开始同步库存数据","timestamp":"2019-07-08 16:40:39"}
{"level":"info","message":"POST /user/login 120 2019-07-08 16:40:39","timestamp":"2019-07-08 16:40:39"}
{"level":"error","message":"同步库存数据失败 Error: connect ECONNREFUSED 127.0.0.1:8002\n    at Object._errnoException (util.js:1022:11)\n    at _exceptionWithHostPort (util.js:1044:20)\n    at TCPConnectWrap.afterConnect [as oncomplete] (net.js:1182:14)","timestamp":"2019-07-08 16:40:39"}
{"level":"info","message":"GET /order/order_state_count 11 2019-07-08 16:40:40","timestamp":"2019-07-08 16:40:40"}
{"level":"info","message":"GET /on/line/state 1 2019-07-08 16:40:40","timestamp":"2019-07-08 16:40:40"}
{"level":"info","message":"GET /area 13 2019-07-08 16:40:40","timestamp":"2019-07-08 16:40:40"}
{"level":"info","message":"GET /table/list 12 2019-07-08 16:40:40","timestamp":"2019-07-08 16:40:40"}
{"level":"info","message":"GET /table/number 2 2019-07-08 16:40:40","timestamp":"2019-07-08 16:40:40"}
{"level":"info","message":"POST /bind/table 87 2019-07-08 16:40:51","timestamp":"2019-07-08 16:40:51"}
{"level":"info","message":"GET /article/family_list 16 2019-07-08 16:40:51","timestamp":"2019-07-08 16:40:51"}
{"level":"info","message":"GET /order/detail 18 2019-07-08 16:40:51","timestamp":"2019-07-08 16:40:51"}
{"level":"info","message":"GET /article/article_list 50 2019-07-08 16:40:51","timestamp":"2019-07-08 16:40:51"}
{"level":"info","message":"GET /article/article_list 21 2019-07-08 16:41:02","timestamp":"2019-07-08 16:41:02"}
{"level":"info","message":"POST /push/order 116 2019-07-08 16:41:04","timestamp":"2019-07-08 16:41:04"}
{"message":"下单推送到restoApi失败=>","stack":"Error: connect ECONNREFUSED 127.0.0.1:8002\n    at Object._errnoException (util.js:1022:11)\n    at _exceptionWithHostPort (util.js:1044:20)\n    at TCPConnectWrap.afterConnect [as oncomplete] (net.js:1182:14)","code":"ECONNREFUSED","errno":"ECONNREFUSED","syscall":"connect","address":"127.0.0.1","port":8002,"level":"error","timestamp":"2019-07-08 16:41:04"}
{"level":"info","message":"GET /order/discount_info 3 2019-07-08 16:41:04","timestamp":"2019-07-08 16:41:04"}
{"level":"info","message":"GET /order/order_items 20 2019-07-08 16:41:04","timestamp":"2019-07-08 16:41:04"}
{"level":"info","message":"GET /order/detail 25 2019-07-08 16:41:04","timestamp":"2019-07-08 16:41:04"}
{"level":"info","message":"GET /order/detail 7 2019-07-08 16:41:04","timestamp":"2019-07-08 16:41:04"}
{"level":"info","message":"GET /article/family_list 1 2019-07-08 16:41:33","timestamp":"2019-07-08 16:41:33"}
{"level":"info","message":"GET /article/article_list 10 2019-07-08 16:41:33","timestamp":"2019-07-08 16:41:33"}
{"level":"info","message":"GET /business/report 24 2019-07-08 16:41:37","timestamp":"2019-07-08 16:41:37"}
{"level":"info","message":"GET /order/order_state_count 7 2019-07-08 16:41:43","timestamp":"2019-07-08 16:41:43"}
{"level":"info","message":"GET /area 5 2019-07-08 16:41:43","timestamp":"2019-07-08 16:41:43"}
{"level":"info","message":"GET /table/list 8 2019-07-08 16:41:43","timestamp":"2019-07-08 16:41:43"}
{"level":"info","message":"GET /order/get_order_test 11 2019-07-08 16:41:43","timestamp":"2019-07-08 16:41:43"}
{"level":"info","message":"GET /order/detail 19 2019-07-08 16:41:43","timestamp":"2019-07-08 16:41:43"}
{"level":"info","message":"GET /order/get_order_test 2 2019-07-08 16:41:43","timestamp":"2019-07-08 16:41:43"}
{"level":"info","message":"启动打印机检测！间隔240000","timestamp":"2019-07-08 16:41:49"}
{"level":"info","message":"启动离线订单检测！间隔180000","timestamp":"2019-07-08 16:41:50"}
{"level":"info","message":"没有需要同步的订单！","timestamp":"2019-07-08 16:41:50"}
{"level":"info","message":"GET /order/wait_order 7 2019-07-08 16:41:59","timestamp":"2019-07-08 16:41:59"}
{"level":"info","message":"GET /order/order_state_count 7 2019-07-08 16:41:59","timestamp":"2019-07-08 16:41:59"}
{"level":"info","message":"GET /order/get_order_test 13 2019-07-08 16:41:59","timestamp":"2019-07-08 16:41:59"}
{"level":"info","message":"GET /order/detail 19 2019-07-08 16:41:59","timestamp":"2019-07-08 16:41:59"}
{"level":"info","message":"GET /table/list 13 2019-07-08 16:42:06","timestamp":"2019-07-08 16:42:06"}
{"level":"info","message":"GET /order/order_state_count 9 2019-07-08 16:42:06","timestamp":"2019-07-08 16:42:06"}
{"level":"info","message":"GET /order/get_order_test 6 2019-07-08 16:42:06","timestamp":"2019-07-08 16:42:06"}
{"level":"info","message":"GET /order/detail 14 2019-07-08 16:42:06","timestamp":"2019-07-08 16:42:06"}
{"level":"info","message":"DELETE /user/logout 1 2019-07-08 16:42:13","timestamp":"2019-07-08 16:42:13"}
{"level":"info","message":"GET /on/line/state 1 2019-07-08 16:42:13","timestamp":"2019-07-08 16:42:13"}
{"level":"info","message":"GET /user/normal/list 10 2019-07-08 16:42:13","timestamp":"2019-07-08 16:42:13"}
{"level":"info","message":"开始同步库存数据","timestamp":"2019-07-08 16:42:23"}
{"level":"info","message":"POST /user/login 12 2019-07-08 16:42:23","timestamp":"2019-07-08 16:42:23"}
{"level":"error","message":"同步库存数据失败 Error: connect ECONNREFUSED 127.0.0.1:8002\n    at Object._errnoException (util.js:1022:11)\n    at _exceptionWithHostPort (util.js:1044:20)\n    at TCPConnectWrap.afterConnect [as oncomplete] (net.js:1182:14)","timestamp":"2019-07-08 16:42:23"}
{"level":"info","message":"GET /on/line/state 1 2019-07-08 16:42:23","timestamp":"2019-07-08 16:42:23"}
{"level":"info","message":"GET /order/order_state_count 13 2019-07-08 16:42:23","timestamp":"2019-07-08 16:42:23"}
{"level":"info","message":"GET /area 12 2019-07-08 16:42:23","timestamp":"2019-07-08 16:42:23"}
{"level":"info","message":"GET /table/list 14 2019-07-08 16:42:23","timestamp":"2019-07-08 16:42:23"}
{"level":"info","message":"GET /order/get_order_test 14 2019-07-08 16:42:23","timestamp":"2019-07-08 16:42:23"}
{"level":"info","message":"GET /order/detail 21 2019-07-08 16:42:23","timestamp":"2019-07-08 16:42:23"}
{"level":"info","message":"GET /order/get_order_test 3 2019-07-08 16:42:23","timestamp":"2019-07-08 16:42:23"}
{"level":"info","message":"启动离线订单检测！间隔180000","timestamp":"2019-07-08 16:44:50"}
{"level":"info","message":"没有需要同步的订单！","timestamp":"2019-07-08 16:44:50"}
{"level":"info","message":"启动打印机检测！间隔240000","timestamp":"2019-07-08 16:45:49"}
{"level":"info","message":"启动离线订单检测！间隔180000","timestamp":"2019-07-08 16:47:50"}
{"level":"info","message":"检测到需要同步的订单=>04aefb814cb845358c30184892399cc0","timestamp":"2019-07-08 16:47:50"}
{"message":"同步订单推送到restoApi失败=>","stack":"Error: connect ECONNREFUSED 127.0.0.1:8002\n    at Object._errnoException (util.js:1022:11)\n    at _exceptionWithHostPort (util.js:1044:20)\n    at TCPConnectWrap.afterConnect [as oncomplete] (net.js:1182:14)","code":"ECONNREFUSED","errno":"ECONNREFUSED","syscall":"connect","address":"127.0.0.1","port":8002,"level":"error","timestamp":"2019-07-08 16:47:50"}
{"level":"info","message":"启动打印机检测！间隔240000","timestamp":"2019-07-08 16:49:49"}
{"level":"info","message":"启动离线订单检测！间隔180000","timestamp":"2019-07-08 16:50:50"}
{"level":"info","message":"检测到需要同步的订单=>04aefb814cb845358c30184892399cc0","timestamp":"2019-07-08 16:50:50"}
{"message":"同步订单推送到restoApi失败=>","stack":"Error: connect ECONNREFUSED 127.0.0.1:8002\n    at Object._errnoException (util.js:1022:11)\n    at _exceptionWithHostPort (util.js:1044:20)\n    at TCPConnectWrap.afterConnect [as oncomplete] (net.js:1182:14)","code":"ECONNREFUSED","errno":"ECONNREFUSED","syscall":"connect","address":"127.0.0.1","port":8002,"level":"error","timestamp":"2019-07-08 16:50:50"}
{"level":"info","message":"启动打印机检测！间隔240000","timestamp":"2019-07-08 16:53:49"}
{"level":"info","message":"启动离线订单检测！间隔180000","timestamp":"2019-07-08 16:53:50"}
{"level":"info","message":"检测到需要同步的订单=>04aefb814cb845358c30184892399cc0","timestamp":"2019-07-08 16:53:50"}
{"message":"同步订单推送到restoApi失败=>","stack":"Error: connect ECONNREFUSED 127.0.0.1:8002\n    at Object._errnoException (util.js:1022:11)\n    at _exceptionWithHostPort (util.js:1044:20)\n    at TCPConnectWrap.afterConnect [as oncomplete] (net.js:1182:14)","code":"ECONNREFUSED","errno":"ECONNREFUSED","syscall":"connect","address":"127.0.0.1","port":8002,"level":"error","timestamp":"2019-07-08 16:53:50"}
{"level":"info","message":"启动离线订单检测！间隔180000","timestamp":"2019-07-08 16:56:50"}
{"level":"info","message":"检测到需要同步的订单=>04aefb814cb845358c30184892399cc0","timestamp":"2019-07-08 16:56:50"}
{"message":"同步订单推送到restoApi失败=>","stack":"Error: connect ECONNREFUSED 127.0.0.1:8002\n    at Object._errnoException (util.js:1022:11)\n    at _exceptionWithHostPort (util.js:1044:20)\n    at TCPConnectWrap.afterConnect [as oncomplete] (net.js:1182:14)","code":"ECONNREFUSED","errno":"ECONNREFUSED","syscall":"connect","address":"127.0.0.1","port":8002,"level":"error","timestamp":"2019-07-08 16:56:50"}
{"level":"info","message":"启动打印机检测！间隔240000","timestamp":"2019-07-08 16:57:49"}
{"level":"info","message":"启动离线订单检测！间隔180000","timestamp":"2019-07-08 16:59:50"}
{"level":"info","message":"检测到需要同步的订单=>04aefb814cb845358c30184892399cc0","timestamp":"2019-07-08 16:59:50"}
{"message":"同步订单推送到restoApi失败=>","stack":"Error: connect ECONNREFUSED 127.0.0.1:8002\n    at Object._errnoException (util.js:1022:11)\n    at _exceptionWithHostPort (util.js:1044:20)\n    at TCPConnectWrap.afterConnect [as oncomplete] (net.js:1182:14)","code":"ECONNREFUSED","errno":"ECONNREFUSED","syscall":"connect","address":"127.0.0.1","port":8002,"level":"error","timestamp":"2019-07-08 16:59:50"}
{"level":"info","message":"启动打印机检测！间隔240000","timestamp":"2019-07-08 17:01:49"}
{"level":"info","message":"启动离线订单检测！间隔180000","timestamp":"2019-07-08 17:02:50"}
{"level":"info","message":"检测到需要同步的订单=>04aefb814cb845358c30184892399cc0","timestamp":"2019-07-08 17:02:50"}
{"message":"同步订单推送到restoApi失败=>","stack":"Error: connect ECONNREFUSED 127.0.0.1:8002\n    at Object._errnoException (util.js:1022:11)\n    at _exceptionWithHostPort (util.js:1044:20)\n    at TCPConnectWrap.afterConnect [as oncomplete] (net.js:1182:14)","code":"ECONNREFUSED","errno":"ECONNREFUSED","syscall":"connect","address":"127.0.0.1","port":8002,"level":"error","timestamp":"2019-07-08 17:02:50"}
{"level":"info","message":"GET /table/list 11 2019-07-08 17:04:59","timestamp":"2019-07-08 17:04:59"}
{"level":"info","message":"GET /order/order_state_count 20 2019-07-08 17:04:59","timestamp":"2019-07-08 17:04:59"}
{"level":"info","message":"GET /order/get_order_test 9 2019-07-08 17:05:00","timestamp":"2019-07-08 17:05:00"}
{"level":"info","message":"GET /order/detail 14 2019-07-08 17:05:00","timestamp":"2019-07-08 17:05:00"}
{"level":"info","message":"GET /table/list 4 2019-07-08 17:05:02","timestamp":"2019-07-08 17:05:02"}
{"level":"info","message":"GET /order/order_state_count 4 2019-07-08 17:05:02","timestamp":"2019-07-08 17:05:02"}
{"level":"info","message":"GET /order/get_order_test 14 2019-07-08 17:05:02","timestamp":"2019-07-08 17:05:02"}
{"level":"info","message":"GET /order/detail 21 2019-07-08 17:05:02","timestamp":"2019-07-08 17:05:02"}
{"level":"info","message":"GET /table/number 2 2019-07-08 17:05:03","timestamp":"2019-07-08 17:05:03"}
{"level":"info","message":"POST /bind/table 36 2019-07-08 17:05:05","timestamp":"2019-07-08 17:05:05"}
{"level":"info","message":"GET /article/family_list 3 2019-07-08 17:05:05","timestamp":"2019-07-08 17:05:05"}
{"level":"info","message":"GET /order/detail 17 2019-07-08 17:05:05","timestamp":"2019-07-08 17:05:05"}
{"level":"info","message":"GET /article/article_list 13 2019-07-08 17:05:05","timestamp":"2019-07-08 17:05:05"}
{"level":"info","message":"GET /order/order_state_count 16 2019-07-08 17:05:07","timestamp":"2019-07-08 17:05:07"}
{"level":"info","message":"GET /area 14 2019-07-08 17:05:07","timestamp":"2019-07-08 17:05:07"}
{"level":"info","message":"GET /table/list 15 2019-07-08 17:05:07","timestamp":"2019-07-08 17:05:07"}
{"level":"info","message":"GET /order/get_order_test 10 2019-07-08 17:05:07","timestamp":"2019-07-08 17:05:07"}
{"level":"info","message":"GET /order/detail 15 2019-07-08 17:05:07","timestamp":"2019-07-08 17:05:07"}
{"level":"info","message":"GET /order/get_order_test 3 2019-07-08 17:05:08","timestamp":"2019-07-08 17:05:08"}
{"level":"info","message":"GET /table/number 2 2019-07-08 17:05:14","timestamp":"2019-07-08 17:05:14"}
{"level":"info","message":"启动打印机检测！间隔240000","timestamp":"2019-07-08 17:05:49"}
{"level":"info","message":"启动离线订单检测！间隔180000","timestamp":"2019-07-08 17:05:50"}
{"level":"info","message":"检测到需要同步的订单=>04aefb814cb845358c30184892399cc0","timestamp":"2019-07-08 17:05:50"}
{"message":"同步订单推送到restoApi失败=>","stack":"Error: connect ECONNREFUSED 127.0.0.1:8002\n    at Object._errnoException (util.js:1022:11)\n    at _exceptionWithHostPort (util.js:1044:20)\n    at TCPConnectWrap.afterConnect [as oncomplete] (net.js:1182:14)","code":"ECONNREFUSED","errno":"ECONNREFUSED","syscall":"connect","address":"127.0.0.1","port":8002,"level":"error","timestamp":"2019-07-08 17:05:50"}
{"level":"info","message":"启动离线订单检测！间隔180000","timestamp":"2019-07-08 17:08:50"}
{"level":"info","message":"检测到需要同步的订单=>04aefb814cb845358c30184892399cc0","timestamp":"2019-07-08 17:08:50"}
{"message":"同步订单推送到restoApi失败=>","stack":"Error: connect ECONNREFUSED 127.0.0.1:8002\n    at Object._errnoException (util.js:1022:11)\n    at _exceptionWithHostPort (util.js:1044:20)\n    at TCPConnectWrap.afterConnect [as oncomplete] (net.js:1182:14)","code":"ECONNREFUSED","errno":"ECONNREFUSED","syscall":"connect","address":"127.0.0.1","port":8002,"level":"error","timestamp":"2019-07-08 17:08:50"}
{"level":"info","message":"启动打印机检测！间隔240000","timestamp":"2019-07-08 17:09:49"}
{"level":"info","message":"启动离线订单检测！间隔180000","timestamp":"2019-07-08 17:11:50"}
{"level":"info","message":"检测到需要同步的订单=>04aefb814cb845358c30184892399cc0","timestamp":"2019-07-08 17:11:50"}
{"message":"同步订单推送到restoApi失败=>","stack":"Error: connect ECONNREFUSED 127.0.0.1:8002\n    at Object._errnoException (util.js:1022:11)\n    at _exceptionWithHostPort (util.js:1044:20)\n    at TCPConnectWrap.afterConnect [as oncomplete] (net.js:1182:14)","code":"ECONNREFUSED","errno":"ECONNREFUSED","syscall":"connect","address":"127.0.0.1","port":8002,"level":"error","timestamp":"2019-07-08 17:11:50"}
{"level":"info","message":"启动打印机检测！间隔240000","timestamp":"2019-07-08 17:13:49"}
{"level":"info","message":"启动离线订单检测！间隔180000","timestamp":"2019-07-08 17:14:50"}
{"level":"info","message":"检测到需要同步的订单=>04aefb814cb845358c30184892399cc0","timestamp":"2019-07-08 17:14:50"}
{"message":"同步订单推送到restoApi失败=>","stack":"Error: connect ECONNREFUSED 127.0.0.1:8002\n    at Object._errnoException (util.js:1022:11)\n    at _exceptionWithHostPort (util.js:1044:20)\n    at TCPConnectWrap.afterConnect [as oncomplete] (net.js:1182:14)","code":"ECONNREFUSED","errno":"ECONNREFUSED","syscall":"connect","address":"127.0.0.1","port":8002,"level":"error","timestamp":"2019-07-08 17:14:50"}
{"level":"info","message":"启动打印机检测！间隔240000","timestamp":"2019-07-08 17:17:49"}
{"level":"info","message":"启动离线订单检测！间隔180000","timestamp":"2019-07-08 17:17:50"}
{"level":"info","message":"检测到需要同步的订单=>04aefb814cb845358c30184892399cc0","timestamp":"2019-07-08 17:17:50"}
{"message":"同步订单推送到restoApi失败=>","stack":"Error: connect ECONNREFUSED 127.0.0.1:8002\n    at Object._errnoException (util.js:1022:11)\n    at _exceptionWithHostPort (util.js:1044:20)\n    at TCPConnectWrap.afterConnect [as oncomplete] (net.js:1182:14)","code":"ECONNREFUSED","errno":"ECONNREFUSED","syscall":"connect","address":"127.0.0.1","port":8002,"level":"error","timestamp":"2019-07-08 17:17:50"}
{"level":"info","message":"启动离线订单检测！间隔180000","timestamp":"2019-07-08 17:20:50"}
{"level":"info","message":"检测到需要同步的订单=>04aefb814cb845358c30184892399cc0","timestamp":"2019-07-08 17:20:50"}
{"message":"同步订单推送到restoApi失败=>","stack":"Error: connect ECONNREFUSED 127.0.0.1:8002\n    at Object._errnoException (util.js:1022:11)\n    at _exceptionWithHostPort (util.js:1044:20)\n    at TCPConnectWrap.afterConnect [as oncomplete] (net.js:1182:14)","code":"ECONNREFUSED","errno":"ECONNREFUSED","syscall":"connect","address":"127.0.0.1","port":8002,"level":"error","timestamp":"2019-07-08 17:20:50"}
{"level":"info","message":"启动打印机检测！间隔240000","timestamp":"2019-07-08 17:21:50"}
{"level":"info","message":"启动离线订单检测！间隔180000","timestamp":"2019-07-08 17:23:50"}
{"level":"info","message":"检测到需要同步的订单=>04aefb814cb845358c30184892399cc0","timestamp":"2019-07-08 17:23:50"}
{"message":"同步订单推送到restoApi失败=>","stack":"Error: connect ECONNREFUSED 127.0.0.1:8002\n    at Object._errnoException (util.js:1022:11)\n    at _exceptionWithHostPort (util.js:1044:20)\n    at TCPConnectWrap.afterConnect [as oncomplete] (net.js:1182:14)","code":"ECONNREFUSED","errno":"ECONNREFUSED","syscall":"connect","address":"127.0.0.1","port":8002,"level":"error","timestamp":"2019-07-08 17:23:50"}
{"level":"info","message":"启动打印机检测！间隔240000","timestamp":"2019-07-08 17:25:50"}
{"level":"info","message":"启动离线订单检测！间隔180000","timestamp":"2019-07-08 17:26:50"}
{"level":"info","message":"检测到需要同步的订单=>04aefb814cb845358c30184892399cc0","timestamp":"2019-07-08 17:26:50"}
{"message":"同步订单推送到restoApi失败=>","stack":"Error: connect ECONNREFUSED 127.0.0.1:8002\n    at Object._errnoException (util.js:1022:11)\n    at _exceptionWithHostPort (util.js:1044:20)\n    at TCPConnectWrap.afterConnect [as oncomplete] (net.js:1182:14)","code":"ECONNREFUSED","errno":"ECONNREFUSED","syscall":"connect","address":"127.0.0.1","port":8002,"level":"error","timestamp":"2019-07-08 17:26:51"}
{"level":"info","message":"启动打印机检测！间隔240000","timestamp":"2019-07-08 17:29:50"}
{"level":"info","message":"启动离线订单检测！间隔180000","timestamp":"2019-07-08 17:29:50"}
{"level":"info","message":"检测到需要同步的订单=>04aefb814cb845358c30184892399cc0","timestamp":"2019-07-08 17:29:50"}
{"message":"同步订单推送到restoApi失败=>","stack":"Error: connect ECONNREFUSED 127.0.0.1:8002\n    at Object._errnoException (util.js:1022:11)\n    at _exceptionWithHostPort (util.js:1044:20)\n    at TCPConnectWrap.afterConnect [as oncomplete] (net.js:1182:14)","code":"ECONNREFUSED","errno":"ECONNREFUSED","syscall":"connect","address":"127.0.0.1","port":8002,"level":"error","timestamp":"2019-07-08 17:29:51"}
{"level":"info","message":"启动离线订单检测！间隔180000","timestamp":"2019-07-08 17:32:51"}
{"level":"info","message":"检测到需要同步的订单=>04aefb814cb845358c30184892399cc0","timestamp":"2019-07-08 17:32:51"}
{"message":"同步订单推送到restoApi失败=>","stack":"Error: connect ECONNREFUSED 127.0.0.1:8002\n    at Object._errnoException (util.js:1022:11)\n    at _exceptionWithHostPort (util.js:1044:20)\n    at TCPConnectWrap.afterConnect [as oncomplete] (net.js:1182:14)","code":"ECONNREFUSED","errno":"ECONNREFUSED","syscall":"connect","address":"127.0.0.1","port":8002,"level":"error","timestamp":"2019-07-08 17:32:51"}
{"level":"info","message":"启动打印机检测！间隔240000","timestamp":"2019-07-08 17:33:50"}
{"level":"info","message":"启动离线订单检测！间隔180000","timestamp":"2019-07-08 17:35:51"}
{"level":"info","message":"检测到需要同步的订单=>04aefb814cb845358c30184892399cc0","timestamp":"2019-07-08 17:35:51"}
{"message":"同步订单推送到restoApi失败=>","stack":"Error: connect ECONNREFUSED 127.0.0.1:8002\n    at Object._errnoException (util.js:1022:11)\n    at _exceptionWithHostPort (util.js:1044:20)\n    at TCPConnectWrap.afterConnect [as oncomplete] (net.js:1182:14)","code":"ECONNREFUSED","errno":"ECONNREFUSED","syscall":"connect","address":"127.0.0.1","port":8002,"level":"error","timestamp":"2019-07-08 17:35:51"}
{"level":"info","message":"启动打印机检测！间隔240000","timestamp":"2019-07-08 17:37:50"}
{"level":"info","message":"启动离线订单检测！间隔180000","timestamp":"2019-07-08 17:38:51"}
{"level":"info","message":"检测到需要同步的订单=>04aefb814cb845358c30184892399cc0","timestamp":"2019-07-08 17:38:51"}
{"message":"同步订单推送到restoApi失败=>","stack":"Error: connect ECONNREFUSED 127.0.0.1:8002\n    at Object._errnoException (util.js:1022:11)\n    at _exceptionWithHostPort (util.js:1044:20)\n    at TCPConnectWrap.afterConnect [as oncomplete] (net.js:1182:14)","code":"ECONNREFUSED","errno":"ECONNREFUSED","syscall":"connect","address":"127.0.0.1","port":8002,"level":"error","timestamp":"2019-07-08 17:38:51"}
{"level":"info","message":"启动打印机检测！间隔240000","timestamp":"2019-07-08 17:41:50"}
{"level":"info","message":"启动离线订单检测！间隔180000","timestamp":"2019-07-08 17:41:51"}
{"level":"info","message":"检测到需要同步的订单=>04aefb814cb845358c30184892399cc0","timestamp":"2019-07-08 17:41:51"}
{"message":"同步订单推送到restoApi失败=>","stack":"Error: connect ECONNREFUSED 127.0.0.1:8002\n    at Object._errnoException (util.js:1022:11)\n    at _exceptionWithHostPort (util.js:1044:20)\n    at TCPConnectWrap.afterConnect [as oncomplete] (net.js:1182:14)","code":"ECONNREFUSED","errno":"ECONNREFUSED","syscall":"connect","address":"127.0.0.1","port":8002,"level":"error","timestamp":"2019-07-08 17:41:51"}
{"level":"info","message":"启动离线订单检测！间隔180000","timestamp":"2019-07-08 17:44:51"}
{"level":"info","message":"检测到需要同步的订单=>04aefb814cb845358c30184892399cc0","timestamp":"2019-07-08 17:44:51"}
{"message":"同步订单推送到restoApi失败=>","stack":"Error: connect ECONNREFUSED 127.0.0.1:8002\n    at Object._errnoException (util.js:1022:11)\n    at _exceptionWithHostPort (util.js:1044:20)\n    at TCPConnectWrap.afterConnect [as oncomplete] (net.js:1182:14)","code":"ECONNREFUSED","errno":"ECONNREFUSED","syscall":"connect","address":"127.0.0.1","port":8002,"level":"error","timestamp":"2019-07-08 17:44:51"}
{"level":"info","message":"启动打印机检测！间隔240000","timestamp":"2019-07-08 17:45:50"}
{"level":"info","message":"启动离线订单检测！间隔180000","timestamp":"2019-07-08 17:47:51"}
{"level":"info","message":"检测到需要同步的订单=>04aefb814cb845358c30184892399cc0","timestamp":"2019-07-08 17:47:51"}
{"message":"同步订单推送到restoApi失败=>","stack":"Error: connect ECONNREFUSED 127.0.0.1:8002\n    at Object._errnoException (util.js:1022:11)\n    at _exceptionWithHostPort (util.js:1044:20)\n    at TCPConnectWrap.afterConnect [as oncomplete] (net.js:1182:14)","code":"ECONNREFUSED","errno":"ECONNREFUSED","syscall":"connect","address":"127.0.0.1","port":8002,"level":"error","timestamp":"2019-07-08 17:47:51"}
{"level":"info","message":"启动打印机检测！间隔240000","timestamp":"2019-07-08 17:49:50"}
{"level":"info","message":"启动离线订单检测！间隔180000","timestamp":"2019-07-08 17:50:51"}
{"level":"info","message":"检测到需要同步的订单=>04aefb814cb845358c30184892399cc0","timestamp":"2019-07-08 17:50:51"}
{"message":"同步订单推送到restoApi失败=>","stack":"Error: connect ECONNREFUSED 127.0.0.1:8002\n    at Object._errnoException (util.js:1022:11)\n    at _exceptionWithHostPort (util.js:1044:20)\n    at TCPConnectWrap.afterConnect [as oncomplete] (net.js:1182:14)","code":"ECONNREFUSED","errno":"ECONNREFUSED","syscall":"connect","address":"127.0.0.1","port":8002,"level":"error","timestamp":"2019-07-08 17:50:51"}
{"level":"info","message":"启动打印机检测！间隔240000","timestamp":"2019-07-08 17:53:50"}
{"level":"info","message":"启动离线订单检测！间隔180000","timestamp":"2019-07-08 17:53:51"}
{"level":"info","message":"检测到需要同步的订单=>04aefb814cb845358c30184892399cc0","timestamp":"2019-07-08 17:53:51"}
{"message":"同步订单推送到restoApi失败=>","stack":"Error: connect ECONNREFUSED 127.0.0.1:8002\n    at Object._errnoException (util.js:1022:11)\n    at _exceptionWithHostPort (util.js:1044:20)\n    at TCPConnectWrap.afterConnect [as oncomplete] (net.js:1182:14)","code":"ECONNREFUSED","errno":"ECONNREFUSED","syscall":"connect","address":"127.0.0.1","port":8002,"level":"error","timestamp":"2019-07-08 17:53:51"}
{"level":"info","message":"启动离线订单检测！间隔180000","timestamp":"2019-07-08 17:56:51"}
{"level":"info","message":"检测到需要同步的订单=>04aefb814cb845358c30184892399cc0","timestamp":"2019-07-08 17:56:51"}
{"message":"同步订单推送到restoApi失败=>","stack":"Error: connect ECONNREFUSED 127.0.0.1:8002\n    at Object._errnoException (util.js:1022:11)\n    at _exceptionWithHostPort (util.js:1044:20)\n    at TCPConnectWrap.afterConnect [as oncomplete] (net.js:1182:14)","code":"ECONNREFUSED","errno":"ECONNREFUSED","syscall":"connect","address":"127.0.0.1","port":8002,"level":"error","timestamp":"2019-07-08 17:56:51"}
{"level":"info","message":"启动打印机检测！间隔240000","timestamp":"2019-07-08 17:57:50"}
{"level":"info","message":"启动离线订单检测！间隔180000","timestamp":"2019-07-08 17:59:51"}
{"level":"info","message":"检测到需要同步的订单=>04aefb814cb845358c30184892399cc0","timestamp":"2019-07-08 17:59:51"}
{"message":"同步订单推送到restoApi失败=>","stack":"Error: connect ECONNREFUSED 127.0.0.1:8002\n    at Object._errnoException (util.js:1022:11)\n    at _exceptionWithHostPort (util.js:1044:20)\n    at TCPConnectWrap.afterConnect [as oncomplete] (net.js:1182:14)","code":"ECONNREFUSED","errno":"ECONNREFUSED","syscall":"connect","address":"127.0.0.1","port":8002,"level":"error","timestamp":"2019-07-08 17:59:51"}
{"level":"info","message":"GET /order/wait_order 20 2019-07-08 18:01:04","timestamp":"2019-07-08 18:01:04"}
{"level":"info","message":"GET /order/order_state_count 20 2019-07-08 18:01:04","timestamp":"2019-07-08 18:01:04"}
{"level":"info","message":"GET /order/get_order_test 4 2019-07-08 18:01:04","timestamp":"2019-07-08 18:01:04"}
{"level":"info","message":"GET /order/detail 9 2019-07-08 18:01:04","timestamp":"2019-07-08 18:01:04"}
{"level":"info","message":"GET /order/no_pay 10 2019-07-08 18:01:04","timestamp":"2019-07-08 18:01:04"}
{"level":"info","message":"GET /order/order_state_count 11 2019-07-08 18:01:04","timestamp":"2019-07-08 18:01:04"}
{"level":"info","message":"GET /order/get_order_test 11 2019-07-08 18:01:04","timestamp":"2019-07-08 18:01:04"}
{"level":"info","message":"GET /order/detail 15 2019-07-08 18:01:04","timestamp":"2019-07-08 18:01:04"}
{"level":"info","message":"GET /order/discount_info 10 2019-07-08 18:01:05","timestamp":"2019-07-08 18:01:05"}
{"level":"info","message":"GET /order/order_items 26 2019-07-08 18:01:05","timestamp":"2019-07-08 18:01:05"}
{"level":"info","message":"GET /order/detail 26 2019-07-08 18:01:05","timestamp":"2019-07-08 18:01:05"}
{"level":"info","message":"GET /order/detail 4 2019-07-08 18:01:05","timestamp":"2019-07-08 18:01:05"}
{"level":"error","message":"ServiceUnavailableError: Response timeout\n    at IncomingMessage.<anonymous> (/Users/chintec/Documents/node/resto-newpos/node_modules/connect-timeout/index.js:84:8)\n    at emitOne (events.js:116:13)\n    at IncomingMessage.emit (events.js:211:7)\n    at Timeout._onTimeout (/Users/chintec/Documents/node/resto-newpos/node_modules/connect-timeout/index.js:49:11)\n    at ontimeout (timers.js:475:11)\n    at tryOnTimeout (timers.js:310:5)\n    at Timer.listOnTimeout (timers.js:270:5)","timestamp":"2019-07-08 18:01:40"}
{"level":"info","message":"GET /order/cancel 30005 2019-07-08 18:01:40","timestamp":"2019-07-08 18:01:40"}
{"level":"info","message":"启动打印机检测！间隔240000","timestamp":"2019-07-08 18:01:50"}
{"level":"info","message":"mqtt成功连接到：ws://test.emq.restoplus.cn:8083/mqtt","timestamp":"2019-07-08 18:02:47"}
{"level":"info","message":"订阅成功--$queue/winPos/+/2f83afee7a0e4822a6729145dd53af33/63325014c50b4b16a81e50b3623f8d96/+/+/+","timestamp":"2019-07-08 18:02:47"}
{"level":"info","message":"允许接收的平台=>posAdmin-dev,resto-dev","timestamp":"2019-07-08 18:02:47"}
{"level":"error","message":"==mqtt==close==你已断开连接,异常退出","timestamp":"2019-07-08 18:03:25"}
{"level":"error","message":"==mqtt==reconnect==正在尝试重新连接","timestamp":"2019-07-08 18:03:40"}
{"level":"info","message":"mqtt成功连接到：ws://test.emq.restoplus.cn:8083/mqtt","timestamp":"2019-07-08 18:03:41"}
{"level":"info","message":"订阅成功--$queue/winPos/+/2f83afee7a0e4822a6729145dd53af33/63325014c50b4b16a81e50b3623f8d96/+/+/+","timestamp":"2019-07-08 18:03:41"}
{"level":"info","message":"允许接收的平台=>posAdmin-dev,resto-dev","timestamp":"2019-07-08 18:03:41"}
{"level":"info","message":"GET /system/info 41 2019-07-08 18:03:57","timestamp":"2019-07-08 18:03:57"}
{"level":"info","message":"GET /on/line/state 2 2019-07-08 18:03:57","timestamp":"2019-07-08 18:03:57"}
{"level":"info","message":"GET /order/discount_info 10 2019-07-08 18:03:57","timestamp":"2019-07-08 18:03:57"}
{"level":"info","message":"GET /order/detail 24 2019-07-08 18:03:57","timestamp":"2019-07-08 18:03:57"}
{"level":"info","message":"GET /order/detail 18 2019-07-08 18:03:57","timestamp":"2019-07-08 18:03:57"}
{"level":"info","message":"GET /order/order_items 10 2019-07-08 18:03:57","timestamp":"2019-07-08 18:03:57"}
{"level":"info","message":"GET /order/cancel 315 2019-07-08 18:04:01","timestamp":"2019-07-08 18:04:01"}
{"level":"error","message":"取消推送到restoApi失败=> notNull Violation: tb_order.is_use_new_service cannot be null","timestamp":"2019-07-08 18:04:01"}
{"level":"info","message":"GET /order/order_state_count 10 2019-07-08 18:04:01","timestamp":"2019-07-08 18:04:01"}
{"level":"info","message":"GET /area 22 2019-07-08 18:04:01","timestamp":"2019-07-08 18:04:01"}
{"level":"info","message":"GET /table/list 25 2019-07-08 18:04:01","timestamp":"2019-07-08 18:04:01"}
{"level":"info","message":"GET /order/detail 26 2019-07-08 18:04:01","timestamp":"2019-07-08 18:04:01"}
{"level":"info","message":"GET /order/get_order_test 104 2019-07-08 18:04:01","timestamp":"2019-07-08 18:04:01"}
{"level":"info","message":"GET /order/get_order_test 4 2019-07-08 18:04:01","timestamp":"2019-07-08 18:04:01"}
{"level":"info","message":"GET /order/get_order_test 8 2019-07-08 18:04:05","timestamp":"2019-07-08 18:04:05"}
{"level":"info","message":"GET /order/detail 11 2019-07-08 18:04:05","timestamp":"2019-07-08 18:04:05"}
{"level":"info","message":"GET /order/no_pay 8 2019-07-08 18:04:06","timestamp":"2019-07-08 18:04:06"}
{"level":"info","message":"GET /order/order_state_count 11 2019-07-08 18:04:06","timestamp":"2019-07-08 18:04:06"}
{"level":"info","message":"GET /order/get_order_test 5 2019-07-08 18:04:06","timestamp":"2019-07-08 18:04:06"}
{"level":"info","message":"GET /order/detail 12 2019-07-08 18:04:06","timestamp":"2019-07-08 18:04:06"}
{"level":"info","message":"GET /table/list 10 2019-07-08 18:04:06","timestamp":"2019-07-08 18:04:06"}
{"level":"info","message":"GET /order/order_state_count 8 2019-07-08 18:04:06","timestamp":"2019-07-08 18:04:06"}
{"level":"info","message":"GET /order/detail 8 2019-07-08 18:04:07","timestamp":"2019-07-08 18:04:07"}
{"level":"info","message":"GET /order/get_order_test 7 2019-07-08 18:04:07","timestamp":"2019-07-08 18:04:07"}
{"level":"info","message":"GET /table/list 5 2019-07-08 18:04:13","timestamp":"2019-07-08 18:04:13"}
{"level":"info","message":"GET /order/order_state_count 5 2019-07-08 18:04:13","timestamp":"2019-07-08 18:04:13"}
{"level":"info","message":"GET /order/get_order_test 6 2019-07-08 18:04:13","timestamp":"2019-07-08 18:04:13"}
{"level":"info","message":"GET /order/detail 12 2019-07-08 18:04:13","timestamp":"2019-07-08 18:04:13"}
{"level":"info","message":"GET /table/number 2 2019-07-08 18:04:13","timestamp":"2019-07-08 18:04:13"}
{"level":"info","message":"POST /bind/table 35 2019-07-08 18:04:16","timestamp":"2019-07-08 18:04:16"}
{"level":"info","message":"GET /article/family_list 4 2019-07-08 18:04:16","timestamp":"2019-07-08 18:04:16"}
{"level":"info","message":"GET /order/detail 13 2019-07-08 18:04:16","timestamp":"2019-07-08 18:04:16"}
{"level":"info","message":"GET /article/article_list 37 2019-07-08 18:04:16","timestamp":"2019-07-08 18:04:16"}
{"level":"info","message":"GET /article/article_list 18 2019-07-08 18:04:27","timestamp":"2019-07-08 18:04:27"}
{"level":"info","message":"POST /push/order 119 2019-07-08 18:04:39","timestamp":"2019-07-08 18:04:39"}
{"level":"info","message":"【/v1/newpos/order/push】==> 下单成功！","timestamp":"2019-07-08 18:04:39"}
{"level":"info","message":"GET /order/discount_info 3 2019-07-08 18:04:39","timestamp":"2019-07-08 18:04:39"}
{"level":"info","message":"GET /order/order_items 45 2019-07-08 18:04:39","timestamp":"2019-07-08 18:04:39"}
{"level":"info","message":"GET /order/detail 42 2019-07-08 18:04:39","timestamp":"2019-07-08 18:04:39"}
{"level":"info","message":"GET /order/detail 12 2019-07-08 18:04:39","timestamp":"2019-07-08 18:04:39"}
{"level":"info","message":"GET /article/family_list 1 2019-07-08 18:04:42","timestamp":"2019-07-08 18:04:42"}
{"level":"info","message":"GET /article/article_list 11 2019-07-08 18:04:42","timestamp":"2019-07-08 18:04:42"}
{"level":"info","message":"GET /system/info 6 2019-07-08 18:05:22","timestamp":"2019-07-08 18:05:22"}
{"level":"info","message":"GET /on/line/state 0 2019-07-08 18:05:22","timestamp":"2019-07-08 18:05:22"}
{"level":"info","message":"GET /article/family_list 12 2019-07-08 18:05:22","timestamp":"2019-07-08 18:05:22"}
{"level":"info","message":"GET /article/article_list 18 2019-07-08 18:05:23","timestamp":"2019-07-08 18:05:23"}
{"level":"info","message":"GET /order/order_state_count 4 2019-07-08 18:05:25","timestamp":"2019-07-08 18:05:25"}
{"level":"info","message":"GET /area 2 2019-07-08 18:05:25","timestamp":"2019-07-08 18:05:25"}
{"level":"info","message":"GET /table/list 48 2019-07-08 18:05:25","timestamp":"2019-07-08 18:05:25"}
{"level":"info","message":"GET /order/get_order_test 9 2019-07-08 18:05:25","timestamp":"2019-07-08 18:05:25"}
{"level":"info","message":"GET /order/detail 17 2019-07-08 18:05:25","timestamp":"2019-07-08 18:05:25"}
{"level":"info","message":"GET /order/get_order_test 4 2019-07-08 18:05:26","timestamp":"2019-07-08 18:05:26"}
{"level":"info","message":"启动离线订单检测！间隔180000","timestamp":"2019-07-08 18:05:27"}
{"level":"info","message":"检测到需要同步的订单=>04aefb814cb845358c30184892399cc0","timestamp":"2019-07-08 18:05:27"}
{"level":"info","message":"【/v1/newpos/order/sync】==> {\"ok\":true,\"message\":\"同步成功！\",\"data\":{\"order_id\":\"04aefb814cb845358c30184892399cc0\",\"sync_state\":1,\"last_sync_time\":\"1562575264385\"}}","timestamp":"2019-07-08 18:05:27"}
{"level":"info","message":"GET /order/no_pay 7 2019-07-08 18:05:29","timestamp":"2019-07-08 18:05:29"}
{"level":"info","message":"GET /order/order_state_count 10 2019-07-08 18:05:29","timestamp":"2019-07-08 18:05:29"}
{"level":"info","message":"GET /order/get_order_test 8 2019-07-08 18:05:29","timestamp":"2019-07-08 18:05:29"}
{"level":"info","message":"GET /order/detail 14 2019-07-08 18:05:29","timestamp":"2019-07-08 18:05:29"}
{"level":"info","message":"启动打印机检测！间隔240000","timestamp":"2019-07-08 18:06:27"}
{"level":"info","message":"GET /system/info 4 2019-07-08 18:07:15","timestamp":"2019-07-08 18:07:15"}
{"level":"info","message":"GET /order/order_state_count 7 2019-07-08 18:07:15","timestamp":"2019-07-08 18:07:15"}
{"level":"info","message":"GET /area 2 2019-07-08 18:07:15","timestamp":"2019-07-08 18:07:15"}
{"level":"info","message":"GET /table/list 9 2019-07-08 18:07:15","timestamp":"2019-07-08 18:07:15"}
{"level":"info","message":"GET /on/line/state 0 2019-07-08 18:07:15","timestamp":"2019-07-08 18:07:15"}
{"level":"info","message":"GET /order/detail 25 2019-07-08 18:07:15","timestamp":"2019-07-08 18:07:15"}
{"level":"info","message":"GET /order/get_order_test 6 2019-07-08 18:07:16","timestamp":"2019-07-08 18:07:16"}
{"level":"info","message":"GET /order/detail 13 2019-07-08 18:07:16","timestamp":"2019-07-08 18:07:16"}
{"level":"info","message":"GET /order/get_order_test 5 2019-07-08 18:07:16","timestamp":"2019-07-08 18:07:16"}
{"level":"info","message":"GET /order/discount_info 2 2019-07-08 18:07:54","timestamp":"2019-07-08 18:07:54"}
{"level":"info","message":"GET /order/detail 9 2019-07-08 18:07:54","timestamp":"2019-07-08 18:07:54"}
{"level":"info","message":"GET /order/detail 5 2019-07-08 18:07:54","timestamp":"2019-07-08 18:07:54"}
{"level":"info","message":"GET /order/order_items 5 2019-07-08 18:07:54","timestamp":"2019-07-08 18:07:54"}
{"level":"info","message":"GET /order/cancel 25 2019-07-08 18:07:57","timestamp":"2019-07-08 18:07:57"}
{"level":"info","message":"【/v1/newpos/order/cancel】==> 取消成功！","timestamp":"2019-07-08 18:07:57"}
{"level":"info","message":"GET /order/order_state_count 6 2019-07-08 18:07:57","timestamp":"2019-07-08 18:07:57"}
{"level":"info","message":"GET /area 6 2019-07-08 18:07:57","timestamp":"2019-07-08 18:07:57"}
{"level":"info","message":"GET /table/list 6 2019-07-08 18:07:57","timestamp":"2019-07-08 18:07:57"}
{"level":"info","message":"GET /table/number 4 2019-07-08 18:07:58","timestamp":"2019-07-08 18:07:58"}
{"level":"info","message":"POST /bind/table 57 2019-07-08 18:08:06","timestamp":"2019-07-08 18:08:06"}
{"level":"info","message":"GET /article/family_list 4 2019-07-08 18:08:07","timestamp":"2019-07-08 18:08:07"}
{"level":"info","message":"GET /order/detail 8 2019-07-08 18:08:07","timestamp":"2019-07-08 18:08:07"}
{"level":"info","message":"GET /article/article_list 9 2019-07-08 18:08:07","timestamp":"2019-07-08 18:08:07"}
{"level":"info","message":"GET /order/order_state_count 13 2019-07-08 18:08:20","timestamp":"2019-07-08 18:08:20"}
{"level":"info","message":"GET /area 6 2019-07-08 18:08:20","timestamp":"2019-07-08 18:08:20"}
{"level":"info","message":"GET /table/list 9 2019-07-08 18:08:20","timestamp":"2019-07-08 18:08:20"}
{"level":"info","message":"GET /order/detail 7 2019-07-08 18:08:20","timestamp":"2019-07-08 18:08:20"}
{"level":"info","message":"GET /order/get_order_test 4 2019-07-08 18:08:20","timestamp":"2019-07-08 18:08:20"}
{"level":"info","message":"GET /order/get_order_test 3 2019-07-08 18:08:20","timestamp":"2019-07-08 18:08:20"}
{"level":"info","message":"启动离线订单检测！间隔180000","timestamp":"2019-07-08 18:08:27"}
{"level":"info","message":"没有需要同步的订单！","timestamp":"2019-07-08 18:08:27"}
{"level":"info","message":"GET /system/info 8 2019-07-08 18:09:58","timestamp":"2019-07-08 18:09:58"}
{"level":"info","message":"GET /on/line/state 1 2019-07-08 18:09:59","timestamp":"2019-07-08 18:09:59"}
{"level":"info","message":"GET /order/order_state_count 26 2019-07-08 18:09:59","timestamp":"2019-07-08 18:09:59"}
{"level":"info","message":"GET /area 42 2019-07-08 18:09:59","timestamp":"2019-07-08 18:09:59"}
{"level":"info","message":"GET /table/list 43 2019-07-08 18:09:59","timestamp":"2019-07-08 18:09:59"}
{"level":"info","message":"GET /order/detail 59 2019-07-08 18:09:59","timestamp":"2019-07-08 18:09:59"}
{"level":"info","message":"GET /order/get_order_test 3 2019-07-08 18:09:59","timestamp":"2019-07-08 18:09:59"}
{"level":"info","message":"GET /table/number 2 2019-07-08 18:10:00","timestamp":"2019-07-08 18:10:00"}
{"level":"info","message":"POST /bind/table 104 2019-07-08 18:10:02","timestamp":"2019-07-08 18:10:02"}
{"level":"info","message":"GET /article/family_list 2 2019-07-08 18:10:02","timestamp":"2019-07-08 18:10:02"}
{"level":"info","message":"GET /order/detail 10 2019-07-08 18:10:02","timestamp":"2019-07-08 18:10:02"}
{"level":"info","message":"GET /article/article_list 10 2019-07-08 18:10:02","timestamp":"2019-07-08 18:10:02"}
{"level":"info","message":"GET /article/article_list 13 2019-07-08 18:10:05","timestamp":"2019-07-08 18:10:05"}
{"level":"info","message":"POST /push/order 48 2019-07-08 18:10:07","timestamp":"2019-07-08 18:10:07"}
{"level":"info","message":"【/v1/newpos/order/push】==> 下单成功！","timestamp":"2019-07-08 18:10:07"}
{"level":"info","message":"GET /order/detail 9 2019-07-08 18:10:07","timestamp":"2019-07-08 18:10:07"}
{"level":"info","message":"GET /order/discount_info 4 2019-07-08 18:10:07","timestamp":"2019-07-08 18:10:07"}
{"level":"info","message":"GET /order/detail 9 2019-07-08 18:10:07","timestamp":"2019-07-08 18:10:07"}
{"level":"info","message":"GET /order/order_items 8 2019-07-08 18:10:07","timestamp":"2019-07-08 18:10:07"}
{"level":"info","message":"GET /order/cancel 24 2019-07-08 18:10:11","timestamp":"2019-07-08 18:10:11"}
{"level":"info","message":"【/v1/newpos/order/cancel】==> 取消成功！","timestamp":"2019-07-08 18:10:12"}
{"level":"info","message":"GET /order/cancel 15 2019-07-08 18:10:13","timestamp":"2019-07-08 18:10:13"}
{"level":"info","message":"【/v1/newpos/order/cancel】==> 取消成功！","timestamp":"2019-07-08 18:10:13"}
{"level":"info","message":"GET /order/cancel 18 2019-07-08 18:10:14","timestamp":"2019-07-08 18:10:14"}
{"level":"info","message":"【/v1/newpos/order/cancel】==> 取消成功！","timestamp":"2019-07-08 18:10:14"}
{"level":"info","message":"GET /order/cancel 19 2019-07-08 18:10:14","timestamp":"2019-07-08 18:10:14"}
{"level":"info","message":"【/v1/newpos/order/cancel】==> 取消成功！","timestamp":"2019-07-08 18:10:14"}
{"level":"info","message":"GET /order/cancel 13 2019-07-08 18:10:15","timestamp":"2019-07-08 18:10:15"}
{"level":"info","message":"【/v1/newpos/order/cancel】==> 取消成功！","timestamp":"2019-07-08 18:10:15"}
{"level":"info","message":"GET /order/cancel 13 2019-07-08 18:10:17","timestamp":"2019-07-08 18:10:17"}
{"level":"info","message":"【/v1/newpos/order/cancel】==> 取消成功！","timestamp":"2019-07-08 18:10:17"}
{"level":"info","message":"GET /order/cancel 22 2019-07-08 18:10:25","timestamp":"2019-07-08 18:10:25"}
{"level":"info","message":"【/v1/newpos/order/cancel】==> 取消成功！","timestamp":"2019-07-08 18:10:25"}
{"level":"info","message":"启动打印机检测！间隔240000","timestamp":"2019-07-08 18:10:27"}
{"level":"info","message":"GET /order/cancel 21 2019-07-08 18:10:29","timestamp":"2019-07-08 18:10:29"}
{"level":"info","message":"【/v1/newpos/order/cancel】==> 取消成功！","timestamp":"2019-07-08 18:10:29"}
{"level":"info","message":"启动离线订单检测！间隔180000","timestamp":"2019-07-08 18:11:27"}
{"level":"info","message":"没有需要同步的订单！","timestamp":"2019-07-08 18:11:27"}
{"level":"info","message":"GET /system/info 3 2019-07-08 18:12:16","timestamp":"2019-07-08 18:12:16"}
{"level":"info","message":"GET /on/line/state 0 2019-07-08 18:12:17","timestamp":"2019-07-08 18:12:17"}
{"level":"info","message":"GET /order/discount_info 7 2019-07-08 18:12:17","timestamp":"2019-07-08 18:12:17"}
{"level":"info","message":"GET /order/detail 29 2019-07-08 18:12:17","timestamp":"2019-07-08 18:12:17"}
{"level":"info","message":"GET /order/detail 10 2019-07-08 18:12:17","timestamp":"2019-07-08 18:12:17"}
{"level":"info","message":"GET /order/order_items 13 2019-07-08 18:12:17","timestamp":"2019-07-08 18:12:17"}
{"level":"info","message":"GET /system/info 3 2019-07-08 18:12:28","timestamp":"2019-07-08 18:12:28"}
{"level":"info","message":"GET /order/detail 7 2019-07-08 18:12:28","timestamp":"2019-07-08 18:12:28"}
{"level":"info","message":"GET /on/line/state 0 2019-07-08 18:12:28","timestamp":"2019-07-08 18:12:28"}
{"level":"info","message":"GET /order/discount_info 5 2019-07-08 18:12:28","timestamp":"2019-07-08 18:12:28"}
{"level":"info","message":"GET /order/detail 8 2019-07-08 18:12:28","timestamp":"2019-07-08 18:12:28"}
{"level":"info","message":"GET /order/order_items 7 2019-07-08 18:12:29","timestamp":"2019-07-08 18:12:29"}
{"level":"info","message":"GET /order/cancel 56 2019-07-08 18:12:33","timestamp":"2019-07-08 18:12:33"}
{"level":"info","message":"【/v1/newpos/order/cancel】==> 取消成功！","timestamp":"2019-07-08 18:12:33"}
{"level":"info","message":"GET /order/cancel 13 2019-07-08 18:12:39","timestamp":"2019-07-08 18:12:39"}
{"level":"info","message":"【/v1/newpos/order/cancel】==> 取消成功！","timestamp":"2019-07-08 18:12:39"}
{"level":"info","message":"GET /order/cancel 16 2019-07-08 18:12:48","timestamp":"2019-07-08 18:12:48"}
{"level":"info","message":"【/v1/newpos/order/cancel】==> 取消成功！","timestamp":"2019-07-08 18:12:48"}
{"level":"info","message":"GET /order/cancel 13 2019-07-08 18:12:49","timestamp":"2019-07-08 18:12:49"}
{"level":"info","message":"【/v1/newpos/order/cancel】==> 取消成功！","timestamp":"2019-07-08 18:12:49"}
{"level":"info","message":"GET /system/info 72 2019-07-08 18:13:33","timestamp":"2019-07-08 18:13:33"}
{"level":"info","message":"GET /order/discount_info 3 2019-07-08 18:13:33","timestamp":"2019-07-08 18:13:33"}
{"level":"info","message":"GET /order/detail 11 2019-07-08 18:13:33","timestamp":"2019-07-08 18:13:33"}
{"level":"info","message":"GET /on/line/state 1 2019-07-08 18:13:33","timestamp":"2019-07-08 18:13:33"}
{"level":"info","message":"GET /order/detail 14 2019-07-08 18:13:33","timestamp":"2019-07-08 18:13:33"}
{"level":"info","message":"GET /order/order_items 8 2019-07-08 18:13:33","timestamp":"2019-07-08 18:13:33"}
{"level":"info","message":"GET /order/cancel 285 2019-07-08 18:13:37","timestamp":"2019-07-08 18:13:37"}
{"level":"info","message":"【/v1/newpos/order/cancel】==> 取消成功！","timestamp":"2019-07-08 18:13:37"}
{"level":"info","message":"GET /order/cancel 17 2019-07-08 18:13:38","timestamp":"2019-07-08 18:13:38"}
{"level":"info","message":"【/v1/newpos/order/cancel】==> 取消成功！","timestamp":"2019-07-08 18:13:38"}
{"level":"info","message":"GET /order/cancel 17 2019-07-08 18:13:45","timestamp":"2019-07-08 18:13:45"}
{"level":"info","message":"【/v1/newpos/order/cancel】==> 取消成功！","timestamp":"2019-07-08 18:13:45"}
{"level":"info","message":"启动打印机检测！间隔240000","timestamp":"2019-07-08 18:14:27"}
{"level":"info","message":"启动离线订单检测！间隔180000","timestamp":"2019-07-08 18:14:27"}
{"level":"info","message":"没有需要同步的订单！","timestamp":"2019-07-08 18:14:27"}
{"level":"info","message":"启动离线订单检测！间隔180000","timestamp":"2019-07-08 18:17:27"}
{"level":"info","message":"没有需要同步的订单！","timestamp":"2019-07-08 18:17:27"}
{"level":"info","message":"启动打印机检测！间隔240000","timestamp":"2019-07-08 18:18:27"}
{"level":"info","message":"启动离线订单检测！间隔180000","timestamp":"2019-07-08 18:20:27"}
{"level":"info","message":"没有需要同步的订单！","timestamp":"2019-07-08 18:20:27"}
{"level":"info","message":"GET /system/info 7 2019-07-08 18:21:27","timestamp":"2019-07-08 18:21:27"}
{"level":"info","message":"GET /on/line/state 0 2019-07-08 18:21:28","timestamp":"2019-07-08 18:21:28"}
{"level":"info","message":"GET /order/discount_info 10 2019-07-08 18:21:28","timestamp":"2019-07-08 18:21:28"}
{"level":"info","message":"GET /order/detail 26 2019-07-08 18:21:28","timestamp":"2019-07-08 18:21:28"}
{"level":"info","message":"GET /order/detail 6 2019-07-08 18:21:28","timestamp":"2019-07-08 18:21:28"}
{"level":"info","message":"GET /order/order_items 4 2019-07-08 18:21:28","timestamp":"2019-07-08 18:21:28"}
{"level":"info","message":"GET /system/info 5 2019-07-08 18:21:45","timestamp":"2019-07-08 18:21:45"}
{"level":"info","message":"GET /order/discount_info 4 2019-07-08 18:21:46","timestamp":"2019-07-08 18:21:46"}
{"level":"info","message":"GET /on/line/state 1 2019-07-08 18:21:46","timestamp":"2019-07-08 18:21:46"}
{"level":"info","message":"GET /order/detail 18 2019-07-08 18:21:46","timestamp":"2019-07-08 18:21:46"}
{"level":"info","message":"GET /order/detail 7 2019-07-08 18:21:46","timestamp":"2019-07-08 18:21:46"}
{"level":"info","message":"GET /order/order_items 9 2019-07-08 18:21:46","timestamp":"2019-07-08 18:21:46"}
{"level":"info","message":"GET /system/info 3 2019-07-08 18:21:54","timestamp":"2019-07-08 18:21:54"}
{"level":"info","message":"GET /order/detail 9 2019-07-08 18:21:54","timestamp":"2019-07-08 18:21:54"}
{"level":"info","message":"GET /on/line/state 0 2019-07-08 18:21:54","timestamp":"2019-07-08 18:21:54"}
{"level":"info","message":"GET /order/discount_info 6 2019-07-08 18:21:54","timestamp":"2019-07-08 18:21:54"}
{"level":"info","message":"GET /order/detail 11 2019-07-08 18:21:54","timestamp":"2019-07-08 18:21:54"}
{"level":"info","message":"GET /order/order_items 9 2019-07-08 18:21:54","timestamp":"2019-07-08 18:21:54"}
{"level":"info","message":"GET /system/info 89 2019-07-08 18:22:07","timestamp":"2019-07-08 18:22:07"}
{"level":"info","message":"GET /on/line/state 1 2019-07-08 18:22:07","timestamp":"2019-07-08 18:22:07"}
{"level":"info","message":"GET /order/discount_info 7 2019-07-08 18:22:07","timestamp":"2019-07-08 18:22:07"}
{"level":"info","message":"GET /order/detail 17 2019-07-08 18:22:07","timestamp":"2019-07-08 18:22:07"}
{"level":"info","message":"GET /order/detail 5 2019-07-08 18:22:07","timestamp":"2019-07-08 18:22:07"}
{"level":"info","message":"GET /order/order_items 8 2019-07-08 18:22:07","timestamp":"2019-07-08 18:22:07"}
{"level":"info","message":"GET /order/detail 5 2019-07-08 18:22:09","timestamp":"2019-07-08 18:22:09"}
{"level":"info","message":"GET /article/family_list 1 2019-07-08 18:22:09","timestamp":"2019-07-08 18:22:09"}
{"level":"info","message":"GET /article/article_list 12 2019-07-08 18:22:09","timestamp":"2019-07-08 18:22:09"}
{"level":"info","message":"GET /order/order_state_count 5 2019-07-08 18:22:13","timestamp":"2019-07-08 18:22:13"}
{"level":"info","message":"GET /area 2 2019-07-08 18:22:13","timestamp":"2019-07-08 18:22:13"}
{"level":"info","message":"GET /table/list 12 2019-07-08 18:22:13","timestamp":"2019-07-08 18:22:13"}
{"level":"info","message":"GET /order/get_order_test 11 2019-07-08 18:22:13","timestamp":"2019-07-08 18:22:13"}
{"level":"info","message":"GET /order/detail 35 2019-07-08 18:22:13","timestamp":"2019-07-08 18:22:13"}
{"level":"info","message":"GET /order/get_order_test 4 2019-07-08 18:22:14","timestamp":"2019-07-08 18:22:14"}
{"level":"info","message":"GET /order/no_pay 4 2019-07-08 18:22:21","timestamp":"2019-07-08 18:22:21"}
{"level":"info","message":"GET /order/order_state_count 4 2019-07-08 18:22:21","timestamp":"2019-07-08 18:22:21"}
{"level":"info","message":"GET /order/detail 9 2019-07-08 18:22:21","timestamp":"2019-07-08 18:22:21"}
{"level":"info","message":"GET /order/get_order_test 5 2019-07-08 18:22:21","timestamp":"2019-07-08 18:22:21"}
{"level":"info","message":"GET /table/list 7 2019-07-08 18:22:24","timestamp":"2019-07-08 18:22:24"}
{"level":"info","message":"GET /order/order_state_count 8 2019-07-08 18:22:24","timestamp":"2019-07-08 18:22:24"}
{"level":"info","message":"GET /order/get_order_test 8 2019-07-08 18:22:24","timestamp":"2019-07-08 18:22:24"}
{"level":"info","message":"GET /order/detail 13 2019-07-08 18:22:24","timestamp":"2019-07-08 18:22:24"}
{"level":"info","message":"GET /table/number 1 2019-07-08 18:22:24","timestamp":"2019-07-08 18:22:24"}
{"level":"info","message":"POST /bind/table 25 2019-07-08 18:22:26","timestamp":"2019-07-08 18:22:26"}
{"level":"info","message":"GET /article/family_list 3 2019-07-08 18:22:26","timestamp":"2019-07-08 18:22:26"}
{"level":"info","message":"GET /order/detail 8 2019-07-08 18:22:26","timestamp":"2019-07-08 18:22:26"}
{"level":"info","message":"GET /article/article_list 11 2019-07-08 18:22:26","timestamp":"2019-07-08 18:22:26"}
{"level":"info","message":"启动打印机检测！间隔240000","timestamp":"2019-07-08 18:22:27"}
{"level":"info","message":"GET /article/article_list 11 2019-07-08 18:22:29","timestamp":"2019-07-08 18:22:29"}
{"level":"info","message":"POST /push/order 52 2019-07-08 18:22:40","timestamp":"2019-07-08 18:22:40"}
{"level":"info","message":"【/v1/newpos/order/push】==> 下单成功！","timestamp":"2019-07-08 18:22:40"}
{"level":"info","message":"GET /order/discount_info 3 2019-07-08 18:22:40","timestamp":"2019-07-08 18:22:40"}
{"level":"info","message":"GET /order/order_items 24 2019-07-08 18:22:40","timestamp":"2019-07-08 18:22:40"}
{"level":"info","message":"GET /order/detail 21 2019-07-08 18:22:40","timestamp":"2019-07-08 18:22:40"}
{"level":"info","message":"GET /order/detail 26 2019-07-08 18:22:40","timestamp":"2019-07-08 18:22:40"}
{"level":"info","message":"GET /order/detail 4 2019-07-08 18:22:55","timestamp":"2019-07-08 18:22:55"}
{"level":"info","message":"GET /order/cancel 117 2019-07-08 18:22:58","timestamp":"2019-07-08 18:22:58"}
{"level":"info","message":"GET /order/detail 10 2019-07-08 18:22:58","timestamp":"2019-07-08 18:22:58"}
{"level":"info","message":"【/v1/newpos/order/cancel】==> 取消成功！","timestamp":"2019-07-08 18:22:58"}
{"level":"info","message":"启动离线订单检测！间隔180000","timestamp":"2019-07-08 18:23:27"}
{"level":"info","message":"没有需要同步的订单！","timestamp":"2019-07-08 18:23:27"}
{"level":"info","message":"GET /system/info 2 2019-07-08 18:23:40","timestamp":"2019-07-08 18:23:40"}
{"level":"info","message":"GET /on/line/state 1 2019-07-08 18:23:46","timestamp":"2019-07-08 18:23:46"}
{"level":"info","message":"GET /order/order_state_count 11 2019-07-08 18:23:47","timestamp":"2019-07-08 18:23:47"}
{"level":"info","message":"GET /area 9 2019-07-08 18:23:47","timestamp":"2019-07-08 18:23:47"}
{"level":"info","message":"GET /table/list 10 2019-07-08 18:23:47","timestamp":"2019-07-08 18:23:47"}
{"level":"info","message":"GET /order/get_order_test 9 2019-07-08 18:23:47","timestamp":"2019-07-08 18:23:47"}
{"level":"info","message":"GET /order/detail 13 2019-07-08 18:23:47","timestamp":"2019-07-08 18:23:47"}
{"level":"info","message":"GET /order/get_order_test 7 2019-07-08 18:23:48","timestamp":"2019-07-08 18:23:48"}
{"level":"info","message":"GET /table/number 1 2019-07-08 18:23:48","timestamp":"2019-07-08 18:23:48"}
{"level":"info","message":"POST /bind/table 31 2019-07-08 18:23:50","timestamp":"2019-07-08 18:23:50"}
{"level":"info","message":"GET /article/family_list 3 2019-07-08 18:23:51","timestamp":"2019-07-08 18:23:51"}
{"level":"info","message":"GET /order/detail 11 2019-07-08 18:23:51","timestamp":"2019-07-08 18:23:51"}
{"level":"info","message":"GET /article/article_list 13 2019-07-08 18:23:51","timestamp":"2019-07-08 18:23:51"}
{"level":"info","message":"GET /article/article_list 13 2019-07-08 18:23:52","timestamp":"2019-07-08 18:23:52"}
{"level":"info","message":"POST /push/order 50 2019-07-08 18:23:54","timestamp":"2019-07-08 18:23:54"}
{"level":"info","message":"【/v1/newpos/order/push】==> 下单成功！","timestamp":"2019-07-08 18:23:54"}
{"level":"info","message":"GET /order/discount_info 2 2019-07-08 18:23:54","timestamp":"2019-07-08 18:23:54"}
{"level":"info","message":"GET /order/detail 9 2019-07-08 18:23:54","timestamp":"2019-07-08 18:23:54"}
{"level":"info","message":"GET /order/detail 6 2019-07-08 18:23:54","timestamp":"2019-07-08 18:23:54"}
{"level":"info","message":"GET /order/order_items 6 2019-07-08 18:23:54","timestamp":"2019-07-08 18:23:54"}
{"level":"info","message":"GET /order/detail 4 2019-07-08 18:23:57","timestamp":"2019-07-08 18:23:57"}
{"level":"info","message":"GET /order/cancel 16 2019-07-08 18:23:58","timestamp":"2019-07-08 18:23:58"}
{"level":"info","message":"GET /order/detail 5 2019-07-08 18:23:58","timestamp":"2019-07-08 18:23:58"}
{"level":"info","message":"【/v1/newpos/order/cancel】==> 取消成功！","timestamp":"2019-07-08 18:23:58"}
{"level":"info","message":"GET /article/family_list 1 2019-07-08 18:23:58","timestamp":"2019-07-08 18:23:58"}
{"level":"info","message":"GET /article/article_list 8 2019-07-08 18:23:58","timestamp":"2019-07-08 18:23:58"}
{"level":"info","message":"GET /order/order_state_count 12 2019-07-08 18:24:01","timestamp":"2019-07-08 18:24:01"}
{"level":"info","message":"GET /area 6 2019-07-08 18:24:01","timestamp":"2019-07-08 18:24:01"}
{"level":"info","message":"GET /table/list 8 2019-07-08 18:24:01","timestamp":"2019-07-08 18:24:01"}
{"level":"info","message":"GET /order/get_order_test 8 2019-07-08 18:24:01","timestamp":"2019-07-08 18:24:01"}
{"level":"info","message":"GET /order/detail 16 2019-07-08 18:24:01","timestamp":"2019-07-08 18:24:01"}
{"level":"info","message":"GET /order/get_order_test 5 2019-07-08 18:24:01","timestamp":"2019-07-08 18:24:01"}
{"level":"info","message":"启动打印机检测！间隔240000","timestamp":"2019-07-08 18:26:27"}
{"level":"info","message":"启动离线订单检测！间隔180000","timestamp":"2019-07-08 18:26:27"}
{"level":"info","message":"没有需要同步的订单！","timestamp":"2019-07-08 18:26:27"}
{"level":"info","message":"启动离线订单检测！间隔180000","timestamp":"2019-07-08 18:29:27"}
{"level":"info","message":"没有需要同步的订单！","timestamp":"2019-07-08 18:29:27"}
{"level":"info","message":"启动打印机检测！间隔240000","timestamp":"2019-07-08 18:30:27"}
{"level":"info","message":"启动离线订单检测！间隔180000","timestamp":"2019-07-08 18:32:27"}
{"level":"info","message":"没有需要同步的订单！","timestamp":"2019-07-08 18:32:27"}
{"level":"info","message":"启动打印机检测！间隔240000","timestamp":"2019-07-08 18:34:27"}
{"level":"info","message":"启动离线订单检测！间隔180000","timestamp":"2019-07-08 18:35:27"}
{"level":"info","message":"没有需要同步的订单！","timestamp":"2019-07-08 18:35:27"}
{"level":"error","message":"==mqtt==close==你已断开连接,异常退出","timestamp":"2019-07-08 18:38:22"}
{"level":"error","message":"==mqtt==reconnect==正在尝试重新连接","timestamp":"2019-07-08 18:38:37"}
{"level":"info","message":"mqtt成功连接到：ws://test.emq.restoplus.cn:8083/mqtt","timestamp":"2019-07-08 18:38:37"}
{"level":"info","message":"订阅成功--$queue/winPos/+/2f83afee7a0e4822a6729145dd53af33/63325014c50b4b16a81e50b3623f8d96/+/+/+","timestamp":"2019-07-08 18:38:37"}
{"level":"info","message":"允许接收的平台=>posAdmin-dev,resto-dev","timestamp":"2019-07-08 18:38:37"}
{"level":"info","message":"启动打印机检测！间隔240000","timestamp":"2019-07-08 18:40:02"}
{"level":"info","message":"启动离线订单检测！间隔180000","timestamp":"2019-07-08 18:40:02"}
{"level":"info","message":"没有需要同步的订单！","timestamp":"2019-07-08 18:40:02"}
{"level":"info","message":"启动离线订单检测！间隔180000","timestamp":"2019-07-08 18:43:02"}
{"level":"info","message":"没有需要同步的订单！","timestamp":"2019-07-08 18:43:02"}
{"level":"info","message":"启动打印机检测！间隔240000","timestamp":"2019-07-08 18:44:02"}
{"level":"info","message":"启动离线订单检测！间隔180000","timestamp":"2019-07-08 18:46:02"}
{"level":"info","message":"没有需要同步的订单！","timestamp":"2019-07-08 18:46:02"}
{"level":"info","message":"启动打印机检测！间隔240000","timestamp":"2019-07-08 18:48:02"}
{"level":"info","message":"启动离线订单检测！间隔180000","timestamp":"2019-07-08 18:49:02"}
{"level":"info","message":"没有需要同步的订单！","timestamp":"2019-07-08 18:49:02"}
{"level":"info","message":"启动打印机检测！间隔240000","timestamp":"2019-07-08 18:52:02"}
{"level":"info","message":"启动离线订单检测！间隔180000","timestamp":"2019-07-08 18:52:02"}
{"level":"info","message":"没有需要同步的订单！","timestamp":"2019-07-08 18:52:02"}
