{"level":"info","message":"mqtt成功连接到：ws://test.emq.restoplus.cn:8083/mqtt","timestamp":"2019-07-09 09:53:17"}
{"level":"info","message":"订阅成功--$queue/winPos/+/2f83afee7a0e4822a6729145dd53af33/63325014c50b4b16a81e50b3623f8d96/+/+/+","timestamp":"2019-07-09 09:53:17"}
{"level":"info","message":"允许接收的平台=>posAdmin-dev,resto-dev","timestamp":"2019-07-09 09:53:17"}
{"level":"error","message":"==mqtt==close==你已断开连接,异常退出","timestamp":"2019-07-09 09:53:55"}
{"level":"error","message":"==mqtt==reconnect==正在尝试重新连接","timestamp":"2019-07-09 09:54:10"}
{"level":"info","message":"mqtt成功连接到：ws://test.emq.restoplus.cn:8083/mqtt","timestamp":"2019-07-09 09:54:14"}
{"level":"info","message":"订阅成功--$queue/winPos/+/2f83afee7a0e4822a6729145dd53af33/63325014c50b4b16a81e50b3623f8d96/+/+/+","timestamp":"2019-07-09 09:54:14"}
{"level":"info","message":"允许接收的平台=>posAdmin-dev,resto-dev","timestamp":"2019-07-09 09:54:14"}
{"level":"error","message":"==mqtt==close==你已断开连接,异常退出","timestamp":"2019-07-09 09:54:52"}
{"level":"info","message":"GET /system/info 175 2019-07-09 09:54:56","timestamp":"2019-07-09 09:54:56"}
{"level":"info","message":"GET /on/line/state 2 2019-07-09 09:55:00","timestamp":"2019-07-09 09:55:00"}
{"level":"info","message":"GET /order/order_state_count 160 2019-07-09 09:55:01","timestamp":"2019-07-09 09:55:01"}
{"level":"info","message":"GET /table/list 172 2019-07-09 09:55:01","timestamp":"2019-07-09 09:55:01"}
{"level":"info","message":"GET /area 173 2019-07-09 09:55:01","timestamp":"2019-07-09 09:55:01"}
{"level":"info","message":"GET /order/detail 187 2019-07-09 09:55:01","timestamp":"2019-07-09 09:55:01"}
{"level":"info","message":"GET /order/get_order_test 22 2019-07-09 09:55:01","timestamp":"2019-07-09 09:55:01"}
{"level":"error","message":"==mqtt==reconnect==正在尝试重新连接","timestamp":"2019-07-09 09:55:07"}
{"level":"info","message":"mqtt成功连接到：ws://test.emq.restoplus.cn:8083/mqtt","timestamp":"2019-07-09 09:55:07"}
{"level":"info","message":"订阅成功--$queue/winPos/+/2f83afee7a0e4822a6729145dd53af33/63325014c50b4b16a81e50b3623f8d96/+/+/+","timestamp":"2019-07-09 09:55:07"}
{"level":"info","message":"允许接收的平台=>posAdmin-dev,resto-dev","timestamp":"2019-07-09 09:55:07"}
{"level":"info","message":"启动离线订单检测！间隔180000","timestamp":"2019-07-09 09:56:03"}
{"level":"info","message":"没有需要同步的订单！","timestamp":"2019-07-09 09:56:03"}
{"level":"info","message":"启动打印机检测！间隔240000","timestamp":"2019-07-09 09:57:03"}
{"level":"info","message":"启动离线订单检测！间隔180000","timestamp":"2019-07-09 09:59:03"}
{"level":"info","message":"没有需要同步的订单！","timestamp":"2019-07-09 09:59:03"}
{"level":"info","message":"启动打印机检测！间隔240000","timestamp":"2019-07-09 10:01:03"}
{"level":"info","message":"启动离线订单检测！间隔180000","timestamp":"2019-07-09 10:02:03"}
{"level":"info","message":"没有需要同步的订单！","timestamp":"2019-07-09 10:02:03"}
{"level":"info","message":"启动打印机检测！间隔240000","timestamp":"2019-07-09 10:05:03"}
{"level":"info","message":"启动离线订单检测！间隔180000","timestamp":"2019-07-09 10:05:03"}
{"level":"info","message":"没有需要同步的订单！","timestamp":"2019-07-09 10:05:03"}
{"level":"info","message":"启动离线订单检测！间隔180000","timestamp":"2019-07-09 10:08:03"}
{"level":"info","message":"没有需要同步的订单！","timestamp":"2019-07-09 10:08:03"}
{"level":"info","message":"启动打印机检测！间隔240000","timestamp":"2019-07-09 10:09:03"}
{"level":"info","message":"GET /system/info 7 2019-07-09 10:09:56","timestamp":"2019-07-09 10:09:56"}
{"level":"info","message":"GET /on/line/state 1 2019-07-09 10:09:56","timestamp":"2019-07-09 10:09:56"}
{"level":"info","message":"GET /order/order_state_count 35 2019-07-09 10:09:56","timestamp":"2019-07-09 10:09:56"}
{"level":"info","message":"GET /area 42 2019-07-09 10:09:56","timestamp":"2019-07-09 10:09:56"}
{"level":"info","message":"GET /table/list 48 2019-07-09 10:09:56","timestamp":"2019-07-09 10:09:56"}
{"level":"info","message":"GET /order/detail 69 2019-07-09 10:09:56","timestamp":"2019-07-09 10:09:56"}
{"level":"info","message":"GET /order/get_order_test 3 2019-07-09 10:09:57","timestamp":"2019-07-09 10:09:57"}
{"level":"info","message":"启动离线订单检测！间隔180000","timestamp":"2019-07-09 10:11:03"}
{"level":"info","message":"没有需要同步的订单！","timestamp":"2019-07-09 10:11:03"}
{"level":"info","message":"启动打印机检测！间隔240000","timestamp":"2019-07-09 10:13:03"}
{"level":"info","message":"启动离线订单检测！间隔180000","timestamp":"2019-07-09 10:14:03"}
{"level":"info","message":"没有需要同步的订单！","timestamp":"2019-07-09 10:14:03"}
{"level":"info","message":"启动打印机检测！间隔240000","timestamp":"2019-07-09 10:17:03"}
{"level":"info","message":"启动离线订单检测！间隔180000","timestamp":"2019-07-09 10:17:03"}
{"level":"info","message":"没有需要同步的订单！","timestamp":"2019-07-09 10:17:03"}
{"level":"info","message":"启动离线订单检测！间隔180000","timestamp":"2019-07-09 10:20:03"}
{"level":"info","message":"没有需要同步的订单！","timestamp":"2019-07-09 10:20:03"}
{"level":"info","message":"启动打印机检测！间隔240000","timestamp":"2019-07-09 10:21:03"}
{"level":"info","message":"启动离线订单检测！间隔180000","timestamp":"2019-07-09 10:23:03"}
{"level":"info","message":"没有需要同步的订单！","timestamp":"2019-07-09 10:23:03"}
{"level":"info","message":"启动打印机检测！间隔240000","timestamp":"2019-07-09 10:25:03"}
{"level":"info","message":"启动离线订单检测！间隔180000","timestamp":"2019-07-09 10:26:03"}
{"level":"info","message":"没有需要同步的订单！","timestamp":"2019-07-09 10:26:03"}
{"level":"info","message":"启动打印机检测！间隔240000","timestamp":"2019-07-09 10:29:03"}
{"level":"info","message":"启动离线订单检测！间隔180000","timestamp":"2019-07-09 10:29:03"}
{"level":"info","message":"没有需要同步的订单！","timestamp":"2019-07-09 10:29:03"}
{"level":"info","message":"启动离线订单检测！间隔180000","timestamp":"2019-07-09 10:32:03"}
{"level":"info","message":"没有需要同步的订单！","timestamp":"2019-07-09 10:32:03"}
{"level":"info","message":"启动打印机检测！间隔240000","timestamp":"2019-07-09 10:33:03"}
{"level":"info","message":"启动离线订单检测！间隔180000","timestamp":"2019-07-09 10:35:03"}
{"level":"info","message":"没有需要同步的订单！","timestamp":"2019-07-09 10:35:03"}
{"level":"info","message":"启动打印机检测！间隔240000","timestamp":"2019-07-09 10:37:03"}
{"level":"info","message":"启动离线订单检测！间隔180000","timestamp":"2019-07-09 10:38:03"}
{"level":"info","message":"没有需要同步的订单！","timestamp":"2019-07-09 10:38:03"}
{"level":"info","message":"启动打印机检测！间隔240000","timestamp":"2019-07-09 10:41:03"}
{"level":"info","message":"启动离线订单检测！间隔180000","timestamp":"2019-07-09 10:41:03"}
{"level":"info","message":"没有需要同步的订单！","timestamp":"2019-07-09 10:41:03"}
{"level":"info","message":"启动离线订单检测！间隔180000","timestamp":"2019-07-09 10:44:03"}
{"level":"info","message":"没有需要同步的订单！","timestamp":"2019-07-09 10:44:03"}
{"level":"info","message":"启动打印机检测！间隔240000","timestamp":"2019-07-09 10:45:03"}
{"level":"info","message":"启动离线订单检测！间隔180000","timestamp":"2019-07-09 10:47:03"}
{"level":"info","message":"没有需要同步的订单！","timestamp":"2019-07-09 10:47:03"}
{"level":"info","message":"启动打印机检测！间隔240000","timestamp":"2019-07-09 10:49:03"}
{"level":"info","message":"启动离线订单检测！间隔180000","timestamp":"2019-07-09 10:50:03"}
{"level":"info","message":"没有需要同步的订单！","timestamp":"2019-07-09 10:50:03"}
{"level":"info","message":"启动打印机检测！间隔240000","timestamp":"2019-07-09 10:53:03"}
{"level":"info","message":"启动离线订单检测！间隔180000","timestamp":"2019-07-09 10:53:03"}
{"level":"info","message":"没有需要同步的订单！","timestamp":"2019-07-09 10:53:03"}
{"level":"info","message":"启动离线订单检测！间隔180000","timestamp":"2019-07-09 10:56:03"}
{"level":"info","message":"没有需要同步的订单！","timestamp":"2019-07-09 10:56:03"}
{"level":"info","message":"启动打印机检测！间隔240000","timestamp":"2019-07-09 10:57:03"}
{"level":"info","message":"启动离线订单检测！间隔180000","timestamp":"2019-07-09 10:59:03"}
{"level":"info","message":"没有需要同步的订单！","timestamp":"2019-07-09 10:59:03"}
{"level":"info","message":"启动打印机检测！间隔240000","timestamp":"2019-07-09 11:01:03"}
{"level":"info","message":"启动离线订单检测！间隔180000","timestamp":"2019-07-09 11:02:03"}
{"level":"info","message":"没有需要同步的订单！","timestamp":"2019-07-09 11:02:03"}
{"level":"info","message":"启动打印机检测！间隔240000","timestamp":"2019-07-09 11:05:03"}
{"level":"info","message":"启动离线订单检测！间隔180000","timestamp":"2019-07-09 11:05:03"}
{"level":"info","message":"没有需要同步的订单！","timestamp":"2019-07-09 11:05:03"}
{"level":"info","message":"启动离线订单检测！间隔180000","timestamp":"2019-07-09 11:08:03"}
{"level":"info","message":"没有需要同步的订单！","timestamp":"2019-07-09 11:08:03"}
{"level":"info","message":"启动打印机检测！间隔240000","timestamp":"2019-07-09 11:09:03"}
{"level":"info","message":"启动离线订单检测！间隔180000","timestamp":"2019-07-09 11:11:03"}
{"level":"info","message":"没有需要同步的订单！","timestamp":"2019-07-09 11:11:03"}
{"level":"info","message":"启动打印机检测！间隔240000","timestamp":"2019-07-09 11:13:03"}
{"level":"info","message":"启动离线订单检测！间隔180000","timestamp":"2019-07-09 11:14:03"}
{"level":"info","message":"没有需要同步的订单！","timestamp":"2019-07-09 11:14:03"}
{"level":"info","message":"启动打印机检测！间隔240000","timestamp":"2019-07-09 11:17:03"}
{"level":"info","message":"启动离线订单检测！间隔180000","timestamp":"2019-07-09 11:17:03"}
{"level":"info","message":"没有需要同步的订单！","timestamp":"2019-07-09 11:17:03"}
{"level":"info","message":"启动离线订单检测！间隔180000","timestamp":"2019-07-09 11:20:03"}
{"level":"info","message":"没有需要同步的订单！","timestamp":"2019-07-09 11:20:03"}
{"level":"info","message":"启动打印机检测！间隔240000","timestamp":"2019-07-09 11:21:03"}
{"level":"info","message":"启动离线订单检测！间隔180000","timestamp":"2019-07-09 11:23:03"}
{"level":"info","message":"没有需要同步的订单！","timestamp":"2019-07-09 11:23:03"}
{"level":"info","message":"启动打印机检测！间隔240000","timestamp":"2019-07-09 11:25:03"}
{"level":"info","message":"启动离线订单检测！间隔180000","timestamp":"2019-07-09 11:26:03"}
{"level":"info","message":"没有需要同步的订单！","timestamp":"2019-07-09 11:26:03"}
{"level":"info","message":"启动打印机检测！间隔240000","timestamp":"2019-07-09 11:29:03"}
{"level":"info","message":"启动离线订单检测！间隔180000","timestamp":"2019-07-09 11:29:03"}
{"level":"info","message":"没有需要同步的订单！","timestamp":"2019-07-09 11:29:03"}
{"level":"info","message":"启动离线订单检测！间隔180000","timestamp":"2019-07-09 11:32:03"}
{"level":"info","message":"没有需要同步的订单！","timestamp":"2019-07-09 11:32:03"}
{"level":"info","message":"启动打印机检测！间隔240000","timestamp":"2019-07-09 11:33:03"}
{"level":"info","message":"启动离线订单检测！间隔180000","timestamp":"2019-07-09 11:35:03"}
{"level":"info","message":"没有需要同步的订单！","timestamp":"2019-07-09 11:35:03"}
{"level":"info","message":"启动打印机检测！间隔240000","timestamp":"2019-07-09 11:37:03"}
{"level":"info","message":"启动离线订单检测！间隔180000","timestamp":"2019-07-09 11:38:03"}
{"level":"info","message":"没有需要同步的订单！","timestamp":"2019-07-09 11:38:03"}
{"level":"info","message":"启动打印机检测！间隔240000","timestamp":"2019-07-09 11:41:03"}
{"level":"info","message":"启动离线订单检测！间隔180000","timestamp":"2019-07-09 11:41:03"}
{"level":"info","message":"没有需要同步的订单！","timestamp":"2019-07-09 11:41:03"}
{"level":"info","message":"启动离线订单检测！间隔180000","timestamp":"2019-07-09 11:44:03"}
{"level":"info","message":"没有需要同步的订单！","timestamp":"2019-07-09 11:44:03"}
{"level":"info","message":"启动打印机检测！间隔240000","timestamp":"2019-07-09 11:45:03"}
{"level":"info","message":"启动离线订单检测！间隔180000","timestamp":"2019-07-09 11:47:03"}
{"level":"info","message":"没有需要同步的订单！","timestamp":"2019-07-09 11:47:03"}
{"level":"info","message":"启动打印机检测！间隔240000","timestamp":"2019-07-09 11:49:03"}
{"level":"info","message":"启动离线订单检测！间隔180000","timestamp":"2019-07-09 11:50:03"}
{"level":"info","message":"没有需要同步的订单！","timestamp":"2019-07-09 11:50:03"}
{"level":"info","message":"启动打印机检测！间隔240000","timestamp":"2019-07-09 11:53:03"}
{"level":"info","message":"启动离线订单检测！间隔180000","timestamp":"2019-07-09 11:53:03"}
{"level":"info","message":"没有需要同步的订单！","timestamp":"2019-07-09 11:53:03"}
{"level":"info","message":"启动离线订单检测！间隔180000","timestamp":"2019-07-09 11:56:03"}
{"level":"info","message":"没有需要同步的订单！","timestamp":"2019-07-09 11:56:03"}
{"level":"info","message":"启动打印机检测！间隔240000","timestamp":"2019-07-09 11:57:03"}
{"level":"info","message":"启动离线订单检测！间隔180000","timestamp":"2019-07-09 11:59:03"}
{"level":"info","message":"没有需要同步的订单！","timestamp":"2019-07-09 11:59:03"}
{"level":"error","message":"==mqtt==close==你已断开连接,异常退出","timestamp":"2019-07-09 13:43:14"}
{"level":"error","message":"==mqtt==reconnect==正在尝试重新连接","timestamp":"2019-07-09 13:43:29"}
{"level":"info","message":"mqtt成功连接到：ws://test.emq.restoplus.cn:8083/mqtt","timestamp":"2019-07-09 13:43:29"}
{"level":"info","message":"订阅成功--$queue/winPos/+/2f83afee7a0e4822a6729145dd53af33/63325014c50b4b16a81e50b3623f8d96/+/+/+","timestamp":"2019-07-09 13:43:29"}
{"level":"info","message":"允许接收的平台=>posAdmin-dev,resto-dev","timestamp":"2019-07-09 13:43:29"}
{"level":"info","message":"启动打印机检测！间隔240000","timestamp":"2019-07-09 13:44:16"}
{"level":"info","message":"启动离线订单检测！间隔180000","timestamp":"2019-07-09 13:45:16"}
{"level":"info","message":"没有需要同步的订单！","timestamp":"2019-07-09 13:45:16"}
{"level":"info","message":"启动打印机检测！间隔240000","timestamp":"2019-07-09 13:48:16"}
{"level":"info","message":"启动离线订单检测！间隔180000","timestamp":"2019-07-09 13:48:16"}
{"level":"info","message":"没有需要同步的订单！","timestamp":"2019-07-09 13:48:16"}
{"level":"info","message":"启动离线订单检测！间隔180000","timestamp":"2019-07-09 13:51:16"}
{"level":"info","message":"没有需要同步的订单！","timestamp":"2019-07-09 13:51:16"}
{"level":"info","message":"启动打印机检测！间隔240000","timestamp":"2019-07-09 13:52:16"}
{"level":"info","message":"启动离线订单检测！间隔180000","timestamp":"2019-07-09 13:54:16"}
{"level":"info","message":"没有需要同步的订单！","timestamp":"2019-07-09 13:54:16"}
{"level":"info","message":"启动打印机检测！间隔240000","timestamp":"2019-07-09 13:56:16"}
{"level":"info","message":"启动离线订单检测！间隔180000","timestamp":"2019-07-09 13:57:16"}
{"level":"info","message":"没有需要同步的订单！","timestamp":"2019-07-09 13:57:16"}
{"level":"info","message":"启动打印机检测！间隔240000","timestamp":"2019-07-09 14:00:16"}
{"level":"info","message":"启动离线订单检测！间隔180000","timestamp":"2019-07-09 14:00:16"}
{"level":"info","message":"没有需要同步的订单！","timestamp":"2019-07-09 14:00:16"}
{"level":"info","message":"启动离线订单检测！间隔180000","timestamp":"2019-07-09 14:03:16"}
{"level":"info","message":"没有需要同步的订单！","timestamp":"2019-07-09 14:03:16"}
{"level":"info","message":"启动打印机检测！间隔240000","timestamp":"2019-07-09 14:04:16"}
{"level":"info","message":"启动离线订单检测！间隔180000","timestamp":"2019-07-09 14:06:16"}
{"level":"info","message":"没有需要同步的订单！","timestamp":"2019-07-09 14:06:16"}
{"level":"info","message":"启动打印机检测！间隔240000","timestamp":"2019-07-09 14:08:16"}
{"level":"info","message":"启动离线订单检测！间隔180000","timestamp":"2019-07-09 14:09:16"}
{"level":"info","message":"没有需要同步的订单！","timestamp":"2019-07-09 14:09:16"}
{"level":"info","message":"启动打印机检测！间隔240000","timestamp":"2019-07-09 14:12:16"}
{"level":"info","message":"启动离线订单检测！间隔180000","timestamp":"2019-07-09 14:12:16"}
{"level":"info","message":"没有需要同步的订单！","timestamp":"2019-07-09 14:12:16"}
{"level":"info","message":"启动离线订单检测！间隔180000","timestamp":"2019-07-09 14:15:16"}
{"level":"info","message":"没有需要同步的订单！","timestamp":"2019-07-09 14:15:16"}
{"level":"info","message":"启动打印机检测！间隔240000","timestamp":"2019-07-09 14:16:16"}
{"level":"info","message":"启动离线订单检测！间隔180000","timestamp":"2019-07-09 14:18:16"}
{"level":"info","message":"没有需要同步的订单！","timestamp":"2019-07-09 14:18:16"}
{"level":"info","message":"启动打印机检测！间隔240000","timestamp":"2019-07-09 14:20:16"}
{"level":"info","message":"启动离线订单检测！间隔180000","timestamp":"2019-07-09 14:21:16"}
{"level":"info","message":"没有需要同步的订单！","timestamp":"2019-07-09 14:21:16"}
{"level":"info","message":"启动打印机检测！间隔240000","timestamp":"2019-07-09 14:24:16"}
{"level":"info","message":"启动离线订单检测！间隔180000","timestamp":"2019-07-09 14:24:16"}
{"level":"info","message":"没有需要同步的订单！","timestamp":"2019-07-09 14:24:16"}
{"level":"info","message":"启动离线订单检测！间隔180000","timestamp":"2019-07-09 14:27:16"}
{"level":"info","message":"没有需要同步的订单！","timestamp":"2019-07-09 14:27:16"}
{"level":"info","message":"启动打印机检测！间隔240000","timestamp":"2019-07-09 14:28:16"}
{"level":"info","message":"启动离线订单检测！间隔180000","timestamp":"2019-07-09 14:30:17"}
{"level":"info","message":"没有需要同步的订单！","timestamp":"2019-07-09 14:30:17"}
{"level":"info","message":"启动打印机检测！间隔240000","timestamp":"2019-07-09 14:32:17"}
{"level":"info","message":"启动离线订单检测！间隔180000","timestamp":"2019-07-09 14:33:17"}
{"level":"info","message":"没有需要同步的订单！","timestamp":"2019-07-09 14:33:17"}
{"level":"info","message":"启动打印机检测！间隔240000","timestamp":"2019-07-09 14:36:17"}
{"level":"info","message":"启动离线订单检测！间隔180000","timestamp":"2019-07-09 14:36:17"}
{"level":"info","message":"没有需要同步的订单！","timestamp":"2019-07-09 14:36:17"}
{"level":"info","message":"启动离线订单检测！间隔180000","timestamp":"2019-07-09 14:39:17"}
{"level":"info","message":"没有需要同步的订单！","timestamp":"2019-07-09 14:39:17"}
{"level":"info","message":"启动打印机检测！间隔240000","timestamp":"2019-07-09 14:40:17"}
{"level":"info","message":"启动离线订单检测！间隔180000","timestamp":"2019-07-09 14:42:17"}
{"level":"info","message":"没有需要同步的订单！","timestamp":"2019-07-09 14:42:17"}
{"level":"info","message":"启动打印机检测！间隔240000","timestamp":"2019-07-09 14:44:17"}
{"level":"info","message":"启动离线订单检测！间隔180000","timestamp":"2019-07-09 14:45:17"}
{"level":"info","message":"没有需要同步的订单！","timestamp":"2019-07-09 14:45:17"}
{"level":"info","message":"启动打印机检测！间隔240000","timestamp":"2019-07-09 14:48:17"}
{"level":"info","message":"启动离线订单检测！间隔180000","timestamp":"2019-07-09 14:48:17"}
{"level":"info","message":"没有需要同步的订单！","timestamp":"2019-07-09 14:48:17"}
{"level":"info","message":"启动离线订单检测！间隔180000","timestamp":"2019-07-09 14:51:17"}
{"level":"info","message":"没有需要同步的订单！","timestamp":"2019-07-09 14:51:17"}
{"level":"info","message":"启动打印机检测！间隔240000","timestamp":"2019-07-09 14:52:17"}
{"level":"info","message":"启动离线订单检测！间隔180000","timestamp":"2019-07-09 14:54:17"}
{"level":"info","message":"没有需要同步的订单！","timestamp":"2019-07-09 14:54:17"}
{"level":"info","message":"启动打印机检测！间隔240000","timestamp":"2019-07-09 14:56:17"}
{"level":"info","message":"启动离线订单检测！间隔180000","timestamp":"2019-07-09 14:57:17"}
{"level":"info","message":"没有需要同步的订单！","timestamp":"2019-07-09 14:57:17"}
{"level":"info","message":"启动打印机检测！间隔240000","timestamp":"2019-07-09 15:00:17"}
{"level":"info","message":"启动离线订单检测！间隔180000","timestamp":"2019-07-09 15:00:17"}
{"level":"info","message":"没有需要同步的订单！","timestamp":"2019-07-09 15:00:17"}
{"level":"info","message":"启动离线订单检测！间隔180000","timestamp":"2019-07-09 15:03:17"}
{"level":"info","message":"没有需要同步的订单！","timestamp":"2019-07-09 15:03:17"}
{"level":"info","message":"启动打印机检测！间隔240000","timestamp":"2019-07-09 15:04:17"}
{"level":"info","message":"启动离线订单检测！间隔180000","timestamp":"2019-07-09 15:06:17"}
{"level":"info","message":"没有需要同步的订单！","timestamp":"2019-07-09 15:06:17"}
{"level":"info","message":"启动打印机检测！间隔240000","timestamp":"2019-07-09 15:08:17"}
{"level":"info","message":"启动离线订单检测！间隔180000","timestamp":"2019-07-09 15:09:17"}
{"level":"info","message":"没有需要同步的订单！","timestamp":"2019-07-09 15:09:17"}
{"level":"info","message":"mqtt成功连接到：ws://test.emq.restoplus.cn:8083/mqtt","timestamp":"2019-07-09 15:10:51"}
{"level":"info","message":"订阅成功--$queue/winPos/+/2f83afee7a0e4822a6729145dd53af33/63325014c50b4b16a81e50b3623f8d96/+/+/+","timestamp":"2019-07-09 15:10:51"}
{"level":"info","message":"允许接收的平台=>posAdmin-dev,resto-dev","timestamp":"2019-07-09 15:10:51"}
{"level":"error","message":"==mqtt==close==你已断开连接,异常退出","timestamp":"2019-07-09 15:11:27"}
{"level":"error","message":"==mqtt==reconnect==正在尝试重新连接","timestamp":"2019-07-09 15:11:45"}
{"level":"info","message":"mqtt成功连接到：ws://test.emq.restoplus.cn:8083/mqtt","timestamp":"2019-07-09 15:11:45"}
{"level":"info","message":"订阅成功--$queue/winPos/+/2f83afee7a0e4822a6729145dd53af33/63325014c50b4b16a81e50b3623f8d96/+/+/+","timestamp":"2019-07-09 15:11:45"}
{"level":"info","message":"允许接收的平台=>posAdmin-dev,resto-dev","timestamp":"2019-07-09 15:11:45"}
{"level":"info","message":"启动离线订单检测！间隔180000","timestamp":"2019-07-09 15:13:33"}
{"level":"info","message":"没有需要同步的订单！","timestamp":"2019-07-09 15:13:33"}
{"level":"info","message":"mqtt成功连接到：ws://test.emq.restoplus.cn:8083/mqtt","timestamp":"2019-07-09 15:14:39"}
{"level":"info","message":"订阅成功--$queue/winPos/+/2f83afee7a0e4822a6729145dd53af33/63325014c50b4b16a81e50b3623f8d96/+/+/+","timestamp":"2019-07-09 15:14:46"}
{"level":"info","message":"允许接收的平台=>posAdmin-dev,resto-dev","timestamp":"2019-07-09 15:14:46"}
{"level":"error","message":"==mqtt==close==你已断开连接,异常退出","timestamp":"2019-07-09 15:15:02"}
{"level":"error","message":"ServiceUnavailableError: Response timeout\n    at IncomingMessage.<anonymous> (/Users/chintec/Documents/node/resto-newpos/node_modules/connect-timeout/index.js:84:8)\n    at emitOne (events.js:116:13)\n    at IncomingMessage.emit (events.js:211:7)\n    at Timeout._onTimeout (/Users/chintec/Documents/node/resto-newpos/node_modules/connect-timeout/index.js:49:11)\n    at ontimeout (timers.js:475:11)\n    at tryOnTimeout (timers.js:310:5)\n    at Timer.listOnTimeout (timers.js:270:5)","timestamp":"2019-07-09 15:15:16"}
{"level":"error","message":"==mqtt==reconnect==正在尝试重新连接","timestamp":"2019-07-09 15:15:19"}
{"level":"info","message":"mqtt成功连接到：ws://test.emq.restoplus.cn:8083/mqtt","timestamp":"2019-07-09 15:15:19"}
{"level":"info","message":"订阅成功--$queue/winPos/+/2f83afee7a0e4822a6729145dd53af33/63325014c50b4b16a81e50b3623f8d96/+/+/+","timestamp":"2019-07-09 15:15:19"}
{"level":"info","message":"允许接收的平台=>posAdmin-dev,resto-dev","timestamp":"2019-07-09 15:15:19"}
{"level":"info","message":"启动离线订单检测！间隔180000","timestamp":"2019-07-09 15:17:22"}
{"level":"info","message":"没有需要同步的订单！","timestamp":"2019-07-09 15:17:22"}
{"level":"info","message":"启动打印机检测！间隔240000","timestamp":"2019-07-09 15:18:22"}
{"level":"info","message":"启动离线订单检测！间隔180000","timestamp":"2019-07-09 15:20:22"}
{"level":"info","message":"没有需要同步的订单！","timestamp":"2019-07-09 15:20:22"}
{"level":"info","message":"启动打印机检测！间隔240000","timestamp":"2019-07-09 15:22:22"}
{"level":"info","message":"启动离线订单检测！间隔180000","timestamp":"2019-07-09 15:23:22"}
{"level":"info","message":"没有需要同步的订单！","timestamp":"2019-07-09 15:23:22"}
{"level":"info","message":"启动打印机检测！间隔240000","timestamp":"2019-07-09 15:26:22"}
{"level":"info","message":"启动离线订单检测！间隔180000","timestamp":"2019-07-09 15:26:22"}
{"level":"info","message":"没有需要同步的订单！","timestamp":"2019-07-09 15:26:22"}
{"level":"info","message":"启动离线订单检测！间隔180000","timestamp":"2019-07-09 15:29:22"}
{"level":"info","message":"没有需要同步的订单！","timestamp":"2019-07-09 15:29:22"}
{"level":"info","message":"启动打印机检测！间隔240000","timestamp":"2019-07-09 15:30:22"}
{"level":"info","message":"启动离线订单检测！间隔180000","timestamp":"2019-07-09 15:32:22"}
{"level":"info","message":"没有需要同步的订单！","timestamp":"2019-07-09 15:32:22"}
{"level":"info","message":"启动打印机检测！间隔240000","timestamp":"2019-07-09 15:34:22"}
{"level":"info","message":"启动离线订单检测！间隔180000","timestamp":"2019-07-09 15:35:22"}
{"level":"info","message":"没有需要同步的订单！","timestamp":"2019-07-09 15:35:22"}
{"level":"info","message":"GET /table/number 62 2019-07-09 15:37:13","timestamp":"2019-07-09 15:37:13"}
{"level":"error","message":"SequelizeDatabaseError: SQLITE_ERROR: table tb_order has no column named is_refund_order\n    at Query.formatError (/Users/chintec/Documents/node/resto-newpos/node_modules/sequelize/lib/dialects/sqlite/query.js:423:16)\n    at afterExecute (/Users/chintec/Documents/node/resto-newpos/node_modules/sequelize/lib/dialects/sqlite/query.js:119:32)\n    at Statement.errBack (/Users/chintec/Documents/node/resto-newpos/node_modules/sqlite3/lib/sqlite3.js:16:21)","timestamp":"2019-07-09 15:37:17"}
{"level":"info","message":"POST /bind/table 62 2019-07-09 15:37:17","timestamp":"2019-07-09 15:37:17"}
{"level":"info","message":"GET /system/info 145 2019-07-09 15:37:24","timestamp":"2019-07-09 15:37:24"}
{"level":"info","message":"GET /on/line/state 1 2019-07-09 15:37:24","timestamp":"2019-07-09 15:37:24"}
{"level":"info","message":"GET /order/order_state_count 34 2019-07-09 15:37:24","timestamp":"2019-07-09 15:37:24"}
{"level":"info","message":"GET /area 42 2019-07-09 15:37:24","timestamp":"2019-07-09 15:37:24"}
{"level":"info","message":"GET /table/list 47 2019-07-09 15:37:24","timestamp":"2019-07-09 15:37:24"}
{"level":"info","message":"GET /table/number 5 2019-07-09 15:37:25","timestamp":"2019-07-09 15:37:25"}
{"level":"error","message":"SequelizeDatabaseError: SQLITE_ERROR: table tb_order has no column named is_refund_order\n    at Query.formatError (/Users/chintec/Documents/node/resto-newpos/node_modules/sequelize/lib/dialects/sqlite/query.js:423:16)\n    at afterExecute (/Users/chintec/Documents/node/resto-newpos/node_modules/sequelize/lib/dialects/sqlite/query.js:119:32)\n    at Statement.errBack (/Users/chintec/Documents/node/resto-newpos/node_modules/sqlite3/lib/sqlite3.js:16:21)","timestamp":"2019-07-09 15:37:27"}
{"level":"info","message":"POST /bind/table 18 2019-07-09 15:37:27","timestamp":"2019-07-09 15:37:27"}
{"level":"error","message":"SequelizeDatabaseError: SQLITE_ERROR: table tb_order has no column named is_refund_order\n    at Query.formatError (/Users/chintec/Documents/node/resto-newpos/node_modules/sequelize/lib/dialects/sqlite/query.js:423:16)\n    at afterExecute (/Users/chintec/Documents/node/resto-newpos/node_modules/sequelize/lib/dialects/sqlite/query.js:119:32)\n    at Statement.errBack (/Users/chintec/Documents/node/resto-newpos/node_modules/sqlite3/lib/sqlite3.js:16:21)","timestamp":"2019-07-09 15:37:45"}
{"level":"info","message":"POST /bind/table 23 2019-07-09 15:37:45","timestamp":"2019-07-09 15:37:45"}
{"level":"info","message":"DELETE /user/logout 2 2019-07-09 15:37:53","timestamp":"2019-07-09 15:37:53"}
{"level":"info","message":"GET /user/normal/list 3 2019-07-09 15:37:53","timestamp":"2019-07-09 15:37:53"}
{"level":"info","message":"GET /on/line/state 0 2019-07-09 15:37:53","timestamp":"2019-07-09 15:37:53"}
{"level":"info","message":"开始同步库存数据","timestamp":"2019-07-09 15:37:57"}
{"level":"info","message":"POST /user/login 101 2019-07-09 15:37:57","timestamp":"2019-07-09 15:37:57"}
{"level":"info","message":"同步库存数据开始!","timestamp":"2019-07-09 15:37:57"}
{"level":"info","message":"GET /on/line/state 1 2019-07-09 15:37:57","timestamp":"2019-07-09 15:37:57"}
{"level":"info","message":"GET /order/order_state_count 69 2019-07-09 15:37:57","timestamp":"2019-07-09 15:37:57"}
{"level":"info","message":"GET /area 60 2019-07-09 15:37:57","timestamp":"2019-07-09 15:37:57"}
{"level":"info","message":"GET /table/list 61 2019-07-09 15:37:57","timestamp":"2019-07-09 15:37:57"}
{"level":"info","message":"GET /order/get_order_test 71 2019-07-09 15:37:58","timestamp":"2019-07-09 15:37:58"}
{"level":"info","message":"GET /order/detail 102 2019-07-09 15:37:58","timestamp":"2019-07-09 15:37:58"}
{"level":"info","message":"GET /order/get_order_test 30 2019-07-09 15:37:58","timestamp":"2019-07-09 15:37:58"}
{"level":"info","message":"同步库存数据完成!","timestamp":"2019-07-09 15:37:58"}
{"level":"info","message":"GET /table/number 2 2019-07-09 15:37:59","timestamp":"2019-07-09 15:37:59"}
{"level":"error","message":"SequelizeDatabaseError: SQLITE_ERROR: table tb_order has no column named is_refund_order\n    at Query.formatError (/Users/chintec/Documents/node/resto-newpos/node_modules/sequelize/lib/dialects/sqlite/query.js:423:16)\n    at afterExecute (/Users/chintec/Documents/node/resto-newpos/node_modules/sequelize/lib/dialects/sqlite/query.js:119:32)\n    at Statement.errBack (/Users/chintec/Documents/node/resto-newpos/node_modules/sqlite3/lib/sqlite3.js:16:21)","timestamp":"2019-07-09 15:38:01"}
{"level":"info","message":"POST /bind/table 21 2019-07-09 15:38:01","timestamp":"2019-07-09 15:38:01"}
{"level":"info","message":"GET /table/number 2 2019-07-09 15:38:07","timestamp":"2019-07-09 15:38:07"}
{"level":"error","message":"SequelizeDatabaseError: SQLITE_ERROR: table tb_order has no column named is_refund_order\n    at Query.formatError (/Users/chintec/Documents/node/resto-newpos/node_modules/sequelize/lib/dialects/sqlite/query.js:423:16)\n    at afterExecute (/Users/chintec/Documents/node/resto-newpos/node_modules/sequelize/lib/dialects/sqlite/query.js:119:32)\n    at Statement.errBack (/Users/chintec/Documents/node/resto-newpos/node_modules/sqlite3/lib/sqlite3.js:16:21)","timestamp":"2019-07-09 15:38:09"}
{"level":"info","message":"POST /bind/table 23 2019-07-09 15:38:09","timestamp":"2019-07-09 15:38:09"}
{"level":"info","message":"GET /table/number 1 2019-07-09 15:38:10","timestamp":"2019-07-09 15:38:10"}
{"level":"error","message":"SequelizeDatabaseError: SQLITE_ERROR: table tb_order has no column named is_refund_order\n    at Query.formatError (/Users/chintec/Documents/node/resto-newpos/node_modules/sequelize/lib/dialects/sqlite/query.js:423:16)\n    at afterExecute (/Users/chintec/Documents/node/resto-newpos/node_modules/sequelize/lib/dialects/sqlite/query.js:119:32)\n    at Statement.errBack (/Users/chintec/Documents/node/resto-newpos/node_modules/sqlite3/lib/sqlite3.js:16:21)","timestamp":"2019-07-09 15:38:11"}
{"level":"info","message":"POST /bind/table 14 2019-07-09 15:38:11","timestamp":"2019-07-09 15:38:11"}
{"level":"info","message":"启动打印机检测！间隔240000","timestamp":"2019-07-09 15:38:22"}
{"level":"info","message":"启动离线订单检测！间隔180000","timestamp":"2019-07-09 15:38:22"}
{"level":"info","message":"没有需要同步的订单！","timestamp":"2019-07-09 15:38:22"}
{"level":"info","message":"GET /table/number 2 2019-07-09 15:38:25","timestamp":"2019-07-09 15:38:25"}
{"level":"error","message":"SequelizeDatabaseError: SQLITE_ERROR: table tb_order has no column named is_refund_order\n    at Query.formatError (/Users/chintec/Documents/node/resto-newpos/node_modules/sequelize/lib/dialects/sqlite/query.js:423:16)\n    at afterExecute (/Users/chintec/Documents/node/resto-newpos/node_modules/sequelize/lib/dialects/sqlite/query.js:119:32)\n    at Statement.errBack (/Users/chintec/Documents/node/resto-newpos/node_modules/sqlite3/lib/sqlite3.js:16:21)","timestamp":"2019-07-09 15:38:26"}
{"level":"info","message":"POST /bind/table 22 2019-07-09 15:38:26","timestamp":"2019-07-09 15:38:26"}
{"level":"info","message":"GET /table/number 2 2019-07-09 15:38:27","timestamp":"2019-07-09 15:38:27"}
{"level":"error","message":"SequelizeDatabaseError: SQLITE_ERROR: table tb_order has no column named is_refund_order\n    at Query.formatError (/Users/chintec/Documents/node/resto-newpos/node_modules/sequelize/lib/dialects/sqlite/query.js:423:16)\n    at afterExecute (/Users/chintec/Documents/node/resto-newpos/node_modules/sequelize/lib/dialects/sqlite/query.js:119:32)\n    at Statement.errBack (/Users/chintec/Documents/node/resto-newpos/node_modules/sqlite3/lib/sqlite3.js:16:21)","timestamp":"2019-07-09 15:38:28"}
{"level":"info","message":"POST /bind/table 19 2019-07-09 15:38:28","timestamp":"2019-07-09 15:38:28"}
{"level":"info","message":"GET /table/number 2 2019-07-09 15:38:28","timestamp":"2019-07-09 15:38:28"}
{"level":"error","message":"SequelizeDatabaseError: SQLITE_ERROR: table tb_order has no column named is_refund_order\n    at Query.formatError (/Users/chintec/Documents/node/resto-newpos/node_modules/sequelize/lib/dialects/sqlite/query.js:423:16)\n    at afterExecute (/Users/chintec/Documents/node/resto-newpos/node_modules/sequelize/lib/dialects/sqlite/query.js:119:32)\n    at Statement.errBack (/Users/chintec/Documents/node/resto-newpos/node_modules/sqlite3/lib/sqlite3.js:16:21)","timestamp":"2019-07-09 15:38:29"}
{"level":"info","message":"POST /bind/table 18 2019-07-09 15:38:29","timestamp":"2019-07-09 15:38:29"}
{"level":"info","message":"GET /system/info 2 2019-07-09 15:38:35","timestamp":"2019-07-09 15:38:35"}
{"level":"info","message":"GET /on/line/state 1 2019-07-09 15:38:36","timestamp":"2019-07-09 15:38:36"}
{"level":"info","message":"GET /order/order_state_count 11 2019-07-09 15:38:36","timestamp":"2019-07-09 15:38:36"}
{"level":"info","message":"GET /area 10 2019-07-09 15:38:36","timestamp":"2019-07-09 15:38:36"}
{"level":"info","message":"GET /table/list 12 2019-07-09 15:38:36","timestamp":"2019-07-09 15:38:36"}
{"level":"info","message":"GET /table/number 2 2019-07-09 15:38:36","timestamp":"2019-07-09 15:38:36"}
{"level":"info","message":"开始更新数据","timestamp":"2019-07-09 15:38:37"}
{"level":"info","message":"更新数据完成","timestamp":"2019-07-09 15:38:43"}
{"level":"info","message":"GET /on/line/state 1 2019-07-09 15:38:43","timestamp":"2019-07-09 15:38:43"}
{"level":"info","message":"GET /user/normal/list 6 2019-07-09 15:38:43","timestamp":"2019-07-09 15:38:43"}
{"level":"info","message":"开始同步库存数据","timestamp":"2019-07-09 15:38:48"}
{"level":"info","message":"POST /user/login 9 2019-07-09 15:38:48","timestamp":"2019-07-09 15:38:48"}
{"level":"info","message":"同步库存数据开始!","timestamp":"2019-07-09 15:38:48"}
{"level":"info","message":"GET /on/line/state 1 2019-07-09 15:38:48","timestamp":"2019-07-09 15:38:48"}
{"level":"info","message":"GET /order/order_state_count 51 2019-07-09 15:38:48","timestamp":"2019-07-09 15:38:48"}
{"level":"info","message":"GET /area 60 2019-07-09 15:38:48","timestamp":"2019-07-09 15:38:48"}
{"level":"info","message":"GET /table/list 64 2019-07-09 15:38:48","timestamp":"2019-07-09 15:38:48"}
{"level":"info","message":"同步库存数据完成!","timestamp":"2019-07-09 15:38:48"}
{"level":"info","message":"GET /order/detail 11 2019-07-09 15:38:48","timestamp":"2019-07-09 15:38:48"}
{"level":"info","message":"GET /order/get_order_test 10 2019-07-09 15:38:48","timestamp":"2019-07-09 15:38:48"}
{"level":"info","message":"GET /order/get_order_test 3 2019-07-09 15:38:49","timestamp":"2019-07-09 15:38:49"}
{"level":"info","message":"GET /table/number 7 2019-07-09 15:38:50","timestamp":"2019-07-09 15:38:50"}
{"level":"error","message":"SequelizeDatabaseError: SQLITE_ERROR: table tb_order has no column named is_refund_order\n    at Query.formatError (/Users/chintec/Documents/node/resto-newpos/node_modules/sequelize/lib/dialects/sqlite/query.js:423:16)\n    at afterExecute (/Users/chintec/Documents/node/resto-newpos/node_modules/sequelize/lib/dialects/sqlite/query.js:119:32)\n    at Statement.errBack (/Users/chintec/Documents/node/resto-newpos/node_modules/sqlite3/lib/sqlite3.js:16:21)","timestamp":"2019-07-09 15:38:53"}
{"level":"info","message":"POST /bind/table 16 2019-07-09 15:38:53","timestamp":"2019-07-09 15:38:53"}
{"level":"info","message":"mqtt成功连接到：ws://test.emq.restoplus.cn:8083/mqtt","timestamp":"2019-07-09 15:40:37"}
{"level":"info","message":"订阅成功--$queue/winPos/+/2f83afee7a0e4822a6729145dd53af33/d2ff1bbb8c6f4fd8adb3949f76f8c1b6/+/+/+","timestamp":"2019-07-09 15:40:37"}
{"level":"info","message":"允许接收的平台=>posAdmin-dev,resto-dev","timestamp":"2019-07-09 15:40:37"}
{"level":"error","message":"==mqtt==close==你已断开连接,异常退出","timestamp":"2019-07-09 15:41:04"}
{"level":"error","message":"==mqtt==reconnect==正在尝试重新连接","timestamp":"2019-07-09 15:41:22"}
{"level":"info","message":"mqtt成功连接到：ws://test.emq.restoplus.cn:8083/mqtt","timestamp":"2019-07-09 15:41:22"}
{"level":"info","message":"订阅成功--$queue/winPos/+/2f83afee7a0e4822a6729145dd53af33/d2ff1bbb8c6f4fd8adb3949f76f8c1b6/+/+/+","timestamp":"2019-07-09 15:41:22"}
{"level":"info","message":"允许接收的平台=>posAdmin-dev,resto-dev","timestamp":"2019-07-09 15:41:22"}
{"level":"info","message":"GET /system/info 31 2019-07-09 15:42:34","timestamp":"2019-07-09 15:42:34"}
{"level":"info","message":"GET /on/line/state 2 2019-07-09 15:42:35","timestamp":"2019-07-09 15:42:35"}
{"level":"info","message":"GET /user/normal/list 21 2019-07-09 15:42:35","timestamp":"2019-07-09 15:42:35"}
{"level":"info","message":"GET /on/line/state 0 2019-07-09 15:42:39","timestamp":"2019-07-09 15:42:39"}
{"level":"info","message":"GET /user/normal/list 15 2019-07-09 15:42:39","timestamp":"2019-07-09 15:42:39"}
{"level":"info","message":"开始同步库存数据","timestamp":"2019-07-09 15:42:45"}
{"level":"info","message":"POST /user/login 25 2019-07-09 15:42:45","timestamp":"2019-07-09 15:42:45"}
{"level":"info","message":"GET /system/info 8 2019-07-09 15:42:45","timestamp":"2019-07-09 15:42:45"}
{"level":"info","message":"同步库存数据开始!","timestamp":"2019-07-09 15:42:45"}
{"level":"info","message":"GET /on/line/state 0 2019-07-09 15:42:45","timestamp":"2019-07-09 15:42:45"}
{"level":"info","message":"GET /order/order_state_count 81 2019-07-09 15:42:45","timestamp":"2019-07-09 15:42:45"}
{"level":"info","message":"GET /area 97 2019-07-09 15:42:45","timestamp":"2019-07-09 15:42:45"}
{"level":"info","message":"GET /table/list 97 2019-07-09 15:42:45","timestamp":"2019-07-09 15:42:45"}
{"level":"info","message":"GET /table/number 322 2019-07-09 15:42:46","timestamp":"2019-07-09 15:42:46"}
{"level":"info","message":"同步库存数据完成!","timestamp":"2019-07-09 15:42:47"}
{"level":"info","message":"POST /bind/table 41 2019-07-09 15:42:53","timestamp":"2019-07-09 15:42:53"}
{"level":"info","message":"GET /order/detail 8 2019-07-09 15:42:53","timestamp":"2019-07-09 15:42:53"}
{"level":"info","message":"GET /article/family_list 10 2019-07-09 15:42:53","timestamp":"2019-07-09 15:42:53"}
{"level":"info","message":"GET /article/article_list 15 2019-07-09 15:42:53","timestamp":"2019-07-09 15:42:53"}
{"level":"info","message":"GET /order/order_state_count 9 2019-07-09 15:43:04","timestamp":"2019-07-09 15:43:04"}
{"level":"info","message":"GET /area 7 2019-07-09 15:43:04","timestamp":"2019-07-09 15:43:04"}
{"level":"info","message":"GET /table/list 7 2019-07-09 15:43:04","timestamp":"2019-07-09 15:43:04"}
{"level":"info","message":"GET /order/detail 6 2019-07-09 15:43:04","timestamp":"2019-07-09 15:43:04"}
{"level":"info","message":"GET /order/get_order_test 7 2019-07-09 15:43:04","timestamp":"2019-07-09 15:43:04"}
{"level":"info","message":"GET /order/get_order_test 4 2019-07-09 15:43:05","timestamp":"2019-07-09 15:43:05"}
{"level":"info","message":"启动离线订单检测！间隔180000","timestamp":"2019-07-09 15:43:28"}
{"level":"info","message":"没有需要同步的订单！","timestamp":"2019-07-09 15:43:28"}
{"level":"info","message":"启动打印机检测！间隔240000","timestamp":"2019-07-09 15:44:28"}
{"level":"info","message":"GET /order/order_state_count 3 2019-07-09 15:46:09","timestamp":"2019-07-09 15:46:09"}
{"level":"info","message":"GET /order/wait_order 4 2019-07-09 15:46:09","timestamp":"2019-07-09 15:46:09"}
{"level":"info","message":"GET /order/get_order_test 5 2019-07-09 15:46:09","timestamp":"2019-07-09 15:46:09"}
{"level":"info","message":"GET /order/detail 18 2019-07-09 15:46:09","timestamp":"2019-07-09 15:46:09"}
{"level":"info","message":"GET /table/list 8 2019-07-09 15:46:10","timestamp":"2019-07-09 15:46:10"}
{"level":"info","message":"GET /order/order_state_count 7 2019-07-09 15:46:10","timestamp":"2019-07-09 15:46:10"}
{"level":"info","message":"GET /order/detail 8 2019-07-09 15:46:10","timestamp":"2019-07-09 15:46:10"}
{"level":"info","message":"GET /order/get_order_test 8 2019-07-09 15:46:10","timestamp":"2019-07-09 15:46:10"}
{"level":"info","message":"启动离线订单检测！间隔180000","timestamp":"2019-07-09 15:46:28"}
{"level":"info","message":"没有需要同步的订单！","timestamp":"2019-07-09 15:46:28"}
{"level":"info","message":"启动打印机检测！间隔240000","timestamp":"2019-07-09 15:48:28"}
{"level":"info","message":"启动离线订单检测！间隔180000","timestamp":"2019-07-09 15:49:28"}
{"level":"info","message":"没有需要同步的订单！","timestamp":"2019-07-09 15:49:28"}
{"level":"info","message":"启动打印机检测！间隔240000","timestamp":"2019-07-09 15:52:28"}
{"level":"info","message":"启动离线订单检测！间隔180000","timestamp":"2019-07-09 15:52:28"}
{"level":"info","message":"没有需要同步的订单！","timestamp":"2019-07-09 15:52:28"}
{"level":"info","message":"GET /table/number 4 2019-07-09 15:53:24","timestamp":"2019-07-09 15:53:24"}
{"level":"info","message":"GET /table/number 4 2019-07-09 15:53:24","timestamp":"2019-07-09 15:53:24"}
{"level":"info","message":"GET /system/info 250 2019-07-09 15:53:26","timestamp":"2019-07-09 15:53:26"}
{"level":"info","message":"GET /on/line/state 0 2019-07-09 15:53:26","timestamp":"2019-07-09 15:53:26"}
{"level":"info","message":"GET /order/order_state_count 18 2019-07-09 15:53:26","timestamp":"2019-07-09 15:53:26"}
{"level":"info","message":"GET /area 18 2019-07-09 15:53:26","timestamp":"2019-07-09 15:53:26"}
{"level":"info","message":"GET /table/list 19 2019-07-09 15:53:26","timestamp":"2019-07-09 15:53:26"}
{"level":"info","message":"GET /table/number 5 2019-07-09 15:53:26","timestamp":"2019-07-09 15:53:26"}
{"level":"info","message":"POST /bind/table 74 2019-07-09 15:53:30","timestamp":"2019-07-09 15:53:30"}
{"level":"info","message":"GET /article/family_list 9 2019-07-09 15:53:30","timestamp":"2019-07-09 15:53:30"}
{"level":"info","message":"GET /order/detail 18 2019-07-09 15:53:30","timestamp":"2019-07-09 15:53:30"}
{"level":"info","message":"GET /article/article_list 18 2019-07-09 15:53:30","timestamp":"2019-07-09 15:53:30"}
{"level":"info","message":"GET /order/cancel 33 2019-07-09 15:53:38","timestamp":"2019-07-09 15:53:38"}
{"level":"info","message":"【/v1/newpos/order/cancel】==> 取消成功！","timestamp":"2019-07-09 15:53:38"}
{"level":"info","message":"GET /order/order_state_count 12 2019-07-09 15:53:38","timestamp":"2019-07-09 15:53:38"}
{"level":"info","message":"GET /area 21 2019-07-09 15:53:38","timestamp":"2019-07-09 15:53:38"}
{"level":"info","message":"GET /table/list 32 2019-07-09 15:53:38","timestamp":"2019-07-09 15:53:38"}
{"level":"info","message":"GET /order/get_order_test 4 2019-07-09 15:53:38","timestamp":"2019-07-09 15:53:38"}
{"level":"info","message":"GET /order/detail 10 2019-07-09 15:53:38","timestamp":"2019-07-09 15:53:38"}
{"level":"info","message":"GET /order/get_order_test 4 2019-07-09 15:53:39","timestamp":"2019-07-09 15:53:39"}
{"level":"info","message":"GET /on/line/state 1 2019-07-09 15:53:55","timestamp":"2019-07-09 15:53:55"}
{"level":"info","message":"GET /user/normal/list 4 2019-07-09 15:53:55","timestamp":"2019-07-09 15:53:55"}
{"level":"info","message":"POST /user/login 13 2019-07-09 15:54:00","timestamp":"2019-07-09 15:54:00"}
{"level":"info","message":"GET /system/info 3 2019-07-09 15:54:00","timestamp":"2019-07-09 15:54:00"}
{"level":"info","message":"GET /on/line/state 0 2019-07-09 15:54:00","timestamp":"2019-07-09 15:54:00"}
{"level":"info","message":"GET /order/order_state_count 11 2019-07-09 15:54:00","timestamp":"2019-07-09 15:54:00"}
{"level":"info","message":"GET /area 11 2019-07-09 15:54:00","timestamp":"2019-07-09 15:54:00"}
{"level":"info","message":"GET /table/list 13 2019-07-09 15:54:00","timestamp":"2019-07-09 15:54:00"}
{"level":"info","message":"GET /order/detail 10 2019-07-09 15:54:00","timestamp":"2019-07-09 15:54:00"}
{"level":"info","message":"GET /order/get_order_test 5 2019-07-09 15:54:00","timestamp":"2019-07-09 15:54:00"}
{"level":"info","message":"GET /order/get_order_test 2 2019-07-09 15:54:01","timestamp":"2019-07-09 15:54:01"}
{"level":"info","message":"GET /table/number 3 2019-07-09 15:54:05","timestamp":"2019-07-09 15:54:05"}
{"level":"info","message":"POST /bind/table 33 2019-07-09 15:54:08","timestamp":"2019-07-09 15:54:08"}
{"level":"info","message":"GET /article/family_list 2 2019-07-09 15:54:08","timestamp":"2019-07-09 15:54:08"}
{"level":"info","message":"GET /order/detail 6 2019-07-09 15:54:08","timestamp":"2019-07-09 15:54:08"}
{"level":"info","message":"GET /article/article_list 21 2019-07-09 15:54:08","timestamp":"2019-07-09 15:54:08"}
{"level":"info","message":"GET /system/info 2 2019-07-09 15:54:15","timestamp":"2019-07-09 15:54:15"}
{"level":"info","message":"GET /order/order_state_count 6 2019-07-09 15:54:15","timestamp":"2019-07-09 15:54:15"}
{"level":"info","message":"GET /area 3 2019-07-09 15:54:15","timestamp":"2019-07-09 15:54:15"}
{"level":"info","message":"GET /table/list 5 2019-07-09 15:54:15","timestamp":"2019-07-09 15:54:15"}
{"level":"info","message":"GET /on/line/state 0 2019-07-09 15:54:15","timestamp":"2019-07-09 15:54:15"}
{"level":"info","message":"GET /order/detail 22 2019-07-09 15:54:15","timestamp":"2019-07-09 15:54:15"}
{"level":"info","message":"GET /order/get_order_test 5 2019-07-09 15:54:16","timestamp":"2019-07-09 15:54:16"}
{"level":"info","message":"GET /table/number 2 2019-07-09 15:54:16","timestamp":"2019-07-09 15:54:16"}
{"level":"info","message":"GET /order/order_state_count 15 2019-07-09 15:54:18","timestamp":"2019-07-09 15:54:18"}
{"level":"info","message":"GET /order/wait_and_nopay 8 2019-07-09 15:54:18","timestamp":"2019-07-09 15:54:18"}
{"level":"info","message":"GET /order/get_order_test 10 2019-07-09 15:54:18","timestamp":"2019-07-09 15:54:18"}
{"level":"info","message":"GET /order/detail 15 2019-07-09 15:54:18","timestamp":"2019-07-09 15:54:18"}
{"level":"info","message":"GET /order/get_order_test 6 2019-07-09 15:54:18","timestamp":"2019-07-09 15:54:18"}
{"level":"info","message":"GET /article/article_list 9 2019-07-09 15:54:42","timestamp":"2019-07-09 15:54:42"}
{"level":"info","message":"POST /push/order 64 2019-07-09 15:54:44","timestamp":"2019-07-09 15:54:44"}
{"level":"info","message":"【/v1/newpos/order/push】==> 下单成功！","timestamp":"2019-07-09 15:54:44"}
{"level":"info","message":"GET /order/discount_info 2 2019-07-09 15:54:44","timestamp":"2019-07-09 15:54:44"}
{"level":"info","message":"GET /order/detail 10 2019-07-09 15:54:44","timestamp":"2019-07-09 15:54:44"}
{"level":"info","message":"GET /order/detail 6 2019-07-09 15:54:44","timestamp":"2019-07-09 15:54:44"}
{"level":"info","message":"GET /order/order_items 11 2019-07-09 15:54:44","timestamp":"2019-07-09 15:54:44"}
{"level":"info","message":"POST /order/pay 31 2019-07-09 15:54:53","timestamp":"2019-07-09 15:54:53"}
{"level":"info","message":"GET /order/detail 176 2019-07-09 15:54:53","timestamp":"2019-07-09 15:54:53"}
{"level":"info","message":"【/v1/newpos/order/payment】==> 买单成功！","timestamp":"2019-07-09 15:54:53"}
{"level":"info","message":"GET /order/order_state_count 17 2019-07-09 15:54:53","timestamp":"2019-07-09 15:54:53"}
{"level":"info","message":"GET /area 26 2019-07-09 15:54:53","timestamp":"2019-07-09 15:54:53"}
{"level":"info","message":"GET /table/list 23 2019-07-09 15:54:53","timestamp":"2019-07-09 15:54:53"}
{"level":"info","message":"GET /order/detail 9 2019-07-09 15:54:53","timestamp":"2019-07-09 15:54:53"}
{"level":"info","message":"GET /order/get_order_test 6 2019-07-09 15:54:53","timestamp":"2019-07-09 15:54:53"}
{"level":"info","message":"GET /order/get_order_test 5 2019-07-09 15:54:53","timestamp":"2019-07-09 15:54:53"}
{"level":"info","message":"GET /system/info 6 2019-07-09 15:55:00","timestamp":"2019-07-09 15:55:00"}
{"level":"info","message":"GET /on/line/state 0 2019-07-09 15:55:00","timestamp":"2019-07-09 15:55:00"}
{"level":"info","message":"GET /order/order_state_count 13 2019-07-09 15:55:00","timestamp":"2019-07-09 15:55:00"}
{"level":"info","message":"GET /order/wait_and_nopay 12 2019-07-09 15:55:00","timestamp":"2019-07-09 15:55:00"}
{"level":"info","message":"GET /order/detail 20 2019-07-09 15:55:00","timestamp":"2019-07-09 15:55:00"}
{"level":"info","message":"GET /order/get_order_test 4 2019-07-09 15:55:01","timestamp":"2019-07-09 15:55:01"}
{"level":"info","message":"GET /order/pay 9 2019-07-09 15:55:02","timestamp":"2019-07-09 15:55:02"}
{"level":"info","message":"GET /order/order_state_count 8 2019-07-09 15:55:02","timestamp":"2019-07-09 15:55:02"}
{"level":"info","message":"GET /order/detail 7 2019-07-09 15:55:02","timestamp":"2019-07-09 15:55:02"}
{"level":"info","message":"GET /order/get_order_test 7 2019-07-09 15:55:02","timestamp":"2019-07-09 15:55:02"}
{"level":"info","message":"GET /system/info 4 2019-07-09 15:55:18","timestamp":"2019-07-09 15:55:18"}
{"level":"info","message":"GET /order/order_state_count 7 2019-07-09 15:55:19","timestamp":"2019-07-09 15:55:19"}
{"level":"info","message":"GET /area 3 2019-07-09 15:55:19","timestamp":"2019-07-09 15:55:19"}
{"level":"info","message":"GET /order/detail 18 2019-07-09 15:55:19","timestamp":"2019-07-09 15:55:19"}
{"level":"info","message":"GET /table/list 6 2019-07-09 15:55:19","timestamp":"2019-07-09 15:55:19"}
{"level":"info","message":"GET /on/line/state 1 2019-07-09 15:55:19","timestamp":"2019-07-09 15:55:19"}
{"level":"info","message":"GET /order/get_order_test 3 2019-07-09 15:55:19","timestamp":"2019-07-09 15:55:19"}
{"level":"info","message":"GET /order/wait_order 7 2019-07-09 15:55:21","timestamp":"2019-07-09 15:55:21"}
{"level":"info","message":"GET /order/order_state_count 11 2019-07-09 15:55:21","timestamp":"2019-07-09 15:55:21"}
{"level":"info","message":"GET /order/detail 8 2019-07-09 15:55:21","timestamp":"2019-07-09 15:55:21"}
{"level":"info","message":"GET /order/get_order_test 5 2019-07-09 15:55:21","timestamp":"2019-07-09 15:55:21"}
{"level":"info","message":"GET /table/list 9 2019-07-09 15:55:21","timestamp":"2019-07-09 15:55:21"}
{"level":"info","message":"GET /order/order_state_count 9 2019-07-09 15:55:21","timestamp":"2019-07-09 15:55:21"}
{"level":"info","message":"GET /order/get_order_test 7 2019-07-09 15:55:22","timestamp":"2019-07-09 15:55:22"}
{"level":"info","message":"GET /order/detail 12 2019-07-09 15:55:22","timestamp":"2019-07-09 15:55:22"}
{"level":"info","message":"GET /order/order_state_count 10 2019-07-09 15:55:27","timestamp":"2019-07-09 15:55:27"}
{"level":"info","message":"GET /area 8 2019-07-09 15:55:27","timestamp":"2019-07-09 15:55:27"}
{"level":"info","message":"GET /table/list 10 2019-07-09 15:55:27","timestamp":"2019-07-09 15:55:27"}
{"level":"info","message":"GET /order/get_order_test 6 2019-07-09 15:55:27","timestamp":"2019-07-09 15:55:27"}
{"level":"info","message":"GET /order/detail 10 2019-07-09 15:55:27","timestamp":"2019-07-09 15:55:27"}
{"level":"info","message":"GET /order/get_order_test 4 2019-07-09 15:55:27","timestamp":"2019-07-09 15:55:27"}
{"level":"info","message":"GET /order/order_state_count 6 2019-07-09 15:55:27","timestamp":"2019-07-09 15:55:27"}
{"level":"info","message":"GET /order/wait_and_nopay 7 2019-07-09 15:55:27","timestamp":"2019-07-09 15:55:27"}
{"level":"info","message":"启动离线订单检测！间隔180000","timestamp":"2019-07-09 15:55:28"}
{"level":"info","message":"没有需要同步的订单！","timestamp":"2019-07-09 15:55:28"}
{"level":"info","message":"启动打印机检测！间隔240000","timestamp":"2019-07-09 15:56:28"}
{"level":"info","message":"GET /order/pay 6 2019-07-09 15:57:10","timestamp":"2019-07-09 15:57:10"}
{"level":"info","message":"GET /order/order_state_count 5 2019-07-09 15:57:10","timestamp":"2019-07-09 15:57:10"}
{"level":"info","message":"GET /order/detail 10 2019-07-09 15:57:10","timestamp":"2019-07-09 15:57:10"}
{"level":"info","message":"GET /order/get_order_test 15 2019-07-09 15:57:10","timestamp":"2019-07-09 15:57:10"}
{"level":"info","message":"GET /order/order_state_count 9 2019-07-09 15:57:35","timestamp":"2019-07-09 15:57:35"}
{"level":"info","message":"GET /area 5 2019-07-09 15:57:35","timestamp":"2019-07-09 15:57:35"}
{"level":"info","message":"GET /table/list 7 2019-07-09 15:57:35","timestamp":"2019-07-09 15:57:35"}
{"level":"info","message":"GET /order/get_order_test 5 2019-07-09 15:57:35","timestamp":"2019-07-09 15:57:35"}
{"level":"info","message":"GET /order/detail 11 2019-07-09 15:57:35","timestamp":"2019-07-09 15:57:35"}
{"level":"info","message":"GET /order/get_order_test 5 2019-07-09 15:57:35","timestamp":"2019-07-09 15:57:35"}
{"level":"info","message":"GET /table/number 2 2019-07-09 15:57:36","timestamp":"2019-07-09 15:57:36"}
{"level":"info","message":"POST /bind/table 23 2019-07-09 15:58:17","timestamp":"2019-07-09 15:58:17"}
{"level":"info","message":"GET /article/family_list 3 2019-07-09 15:58:17","timestamp":"2019-07-09 15:58:17"}
{"level":"info","message":"GET /order/detail 11 2019-07-09 15:58:17","timestamp":"2019-07-09 15:58:17"}
{"level":"info","message":"GET /article/article_list 17 2019-07-09 15:58:17","timestamp":"2019-07-09 15:58:17"}
{"level":"info","message":"POST /push/order 317 2019-07-09 15:58:20","timestamp":"2019-07-09 15:58:20"}
{"level":"info","message":"【/v1/newpos/order/push】==> 下单成功！","timestamp":"2019-07-09 15:58:20"}
{"level":"info","message":"GET /order/discount_info 2 2019-07-09 15:58:20","timestamp":"2019-07-09 15:58:20"}
{"level":"info","message":"GET /order/detail 9 2019-07-09 15:58:20","timestamp":"2019-07-09 15:58:20"}
{"level":"info","message":"GET /order/detail 8 2019-07-09 15:58:20","timestamp":"2019-07-09 15:58:20"}
{"level":"info","message":"GET /order/order_items 4 2019-07-09 15:58:20","timestamp":"2019-07-09 15:58:20"}
{"level":"info","message":"POST /order/pay 21 2019-07-09 15:58:22","timestamp":"2019-07-09 15:58:22"}
{"level":"info","message":"GET /order/detail 73 2019-07-09 15:58:22","timestamp":"2019-07-09 15:58:22"}
{"level":"info","message":"【/v1/newpos/order/payment】==> 买单成功！","timestamp":"2019-07-09 15:58:23"}
{"level":"info","message":"GET /order/order_state_count 21 2019-07-09 15:58:23","timestamp":"2019-07-09 15:58:23"}
{"level":"info","message":"GET /area 19 2019-07-09 15:58:23","timestamp":"2019-07-09 15:58:23"}
{"level":"info","message":"GET /table/list 19 2019-07-09 15:58:23","timestamp":"2019-07-09 15:58:23"}
{"level":"info","message":"GET /order/get_order_test 17 2019-07-09 15:58:23","timestamp":"2019-07-09 15:58:23"}
{"level":"info","message":"GET /order/detail 21 2019-07-09 15:58:23","timestamp":"2019-07-09 15:58:23"}
{"level":"info","message":"GET /order/get_order_test 3 2019-07-09 15:58:23","timestamp":"2019-07-09 15:58:23"}
{"level":"info","message":"启动离线订单检测！间隔180000","timestamp":"2019-07-09 15:58:28"}
{"level":"info","message":"没有需要同步的订单！","timestamp":"2019-07-09 15:58:28"}
{"level":"info","message":"GET /order/pay 5 2019-07-09 15:58:28","timestamp":"2019-07-09 15:58:28"}
{"level":"info","message":"GET /order/order_state_count 5 2019-07-09 15:58:28","timestamp":"2019-07-09 15:58:28"}
{"level":"info","message":"GET /table/list 5 2019-07-09 15:58:29","timestamp":"2019-07-09 15:58:29"}
{"level":"info","message":"GET /order/order_state_count 6 2019-07-09 15:58:29","timestamp":"2019-07-09 15:58:29"}
{"level":"info","message":"GET /order/get_order_test 9 2019-07-09 15:58:30","timestamp":"2019-07-09 15:58:30"}
{"level":"info","message":"GET /order/detail 15 2019-07-09 15:58:30","timestamp":"2019-07-09 15:58:30"}
{"level":"info","message":"启动打印机检测！间隔240000","timestamp":"2019-07-09 16:00:28"}
{"level":"info","message":"启动离线订单检测！间隔180000","timestamp":"2019-07-09 16:01:28"}
{"level":"info","message":"没有需要同步的订单！","timestamp":"2019-07-09 16:01:28"}
{"level":"info","message":"启动打印机检测！间隔240000","timestamp":"2019-07-09 16:04:28"}
{"level":"info","message":"启动离线订单检测！间隔180000","timestamp":"2019-07-09 16:04:28"}
{"level":"info","message":"没有需要同步的订单！","timestamp":"2019-07-09 16:04:28"}
{"level":"info","message":"启动离线订单检测！间隔180000","timestamp":"2019-07-09 16:07:28"}
{"level":"info","message":"没有需要同步的订单！","timestamp":"2019-07-09 16:07:28"}
{"level":"info","message":"启动打印机检测！间隔240000","timestamp":"2019-07-09 16:08:28"}
{"level":"info","message":"启动离线订单检测！间隔180000","timestamp":"2019-07-09 16:10:28"}
{"level":"info","message":"没有需要同步的订单！","timestamp":"2019-07-09 16:10:28"}
{"level":"info","message":"启动打印机检测！间隔240000","timestamp":"2019-07-09 16:12:28"}
{"level":"info","message":"启动离线订单检测！间隔180000","timestamp":"2019-07-09 16:13:28"}
{"level":"info","message":"没有需要同步的订单！","timestamp":"2019-07-09 16:13:28"}
{"level":"info","message":"启动打印机检测！间隔240000","timestamp":"2019-07-09 16:16:28"}
{"level":"info","message":"启动离线订单检测！间隔180000","timestamp":"2019-07-09 16:16:28"}
{"level":"info","message":"没有需要同步的订单！","timestamp":"2019-07-09 16:16:28"}
{"level":"info","message":"启动离线订单检测！间隔180000","timestamp":"2019-07-09 16:19:28"}
{"level":"info","message":"没有需要同步的订单！","timestamp":"2019-07-09 16:19:28"}
{"level":"info","message":"启动打印机检测！间隔240000","timestamp":"2019-07-09 16:20:28"}
{"level":"info","message":"启动离线订单检测！间隔180000","timestamp":"2019-07-09 16:22:28"}
{"level":"info","message":"没有需要同步的订单！","timestamp":"2019-07-09 16:22:28"}
{"level":"info","message":"GET /system/info 7 2019-07-09 16:23:33","timestamp":"2019-07-09 16:23:33"}
{"level":"info","message":"GET /system/info 189 2019-07-09 16:23:34","timestamp":"2019-07-09 16:23:34"}
{"level":"info","message":"GET /order/order_state_count 8 2019-07-09 16:23:34","timestamp":"2019-07-09 16:23:34"}
{"level":"info","message":"GET /on/line/state 0 2019-07-09 16:23:34","timestamp":"2019-07-09 16:23:34"}
{"level":"info","message":"GET /area 16 2019-07-09 16:23:34","timestamp":"2019-07-09 16:23:34"}
{"level":"info","message":"GET /table/list 18 2019-07-09 16:23:34","timestamp":"2019-07-09 16:23:34"}
{"level":"info","message":"GET /order/detail 46 2019-07-09 16:23:34","timestamp":"2019-07-09 16:23:34"}
{"level":"info","message":"GET /order/order_state_count 10 2019-07-09 16:23:34","timestamp":"2019-07-09 16:23:34"}
{"level":"info","message":"GET /order/detail 16 2019-07-09 16:23:34","timestamp":"2019-07-09 16:23:34"}
{"level":"info","message":"GET /area 6 2019-07-09 16:23:34","timestamp":"2019-07-09 16:23:34"}
{"level":"info","message":"GET /table/list 4 2019-07-09 16:23:34","timestamp":"2019-07-09 16:23:34"}
{"level":"info","message":"GET /on/line/state 0 2019-07-09 16:23:34","timestamp":"2019-07-09 16:23:34"}
{"level":"info","message":"GET /order/get_order_test 8 2019-07-09 16:23:35","timestamp":"2019-07-09 16:23:35"}
{"level":"info","message":"GET /order/get_order_test 4 2019-07-09 16:23:35","timestamp":"2019-07-09 16:23:35"}
{"level":"info","message":"GET /order/order_state_count 6 2019-07-09 16:24:07","timestamp":"2019-07-09 16:24:07"}
{"level":"info","message":"GET /order/wait_and_nopay 5 2019-07-09 16:24:07","timestamp":"2019-07-09 16:24:07"}
{"level":"info","message":"GET /table/number 2 2019-07-09 16:24:12","timestamp":"2019-07-09 16:24:12"}
{"level":"info","message":"GET /table/number 2 2019-07-09 16:24:15","timestamp":"2019-07-09 16:24:15"}
{"level":"info","message":"POST /bind/table 62 2019-07-09 16:24:17","timestamp":"2019-07-09 16:24:17"}
{"level":"info","message":"GET /article/family_list 3 2019-07-09 16:24:17","timestamp":"2019-07-09 16:24:17"}
{"level":"info","message":"GET /order/detail 8 2019-07-09 16:24:17","timestamp":"2019-07-09 16:24:17"}
{"level":"info","message":"GET /article/article_list 26 2019-07-09 16:24:17","timestamp":"2019-07-09 16:24:17"}
{"level":"info","message":"启动打印机检测！间隔240000","timestamp":"2019-07-09 16:24:28"}
{"level":"info","message":"GET /order/wait_order 3 2019-07-09 16:24:50","timestamp":"2019-07-09 16:24:50"}
{"level":"info","message":"GET /order/order_state_count 12 2019-07-09 16:24:50","timestamp":"2019-07-09 16:24:50"}
{"level":"info","message":"GET /order/pay 7 2019-07-09 16:24:51","timestamp":"2019-07-09 16:24:51"}
{"level":"info","message":"GET /order/order_state_count 9 2019-07-09 16:24:51","timestamp":"2019-07-09 16:24:51"}
{"level":"info","message":"GET /order/get_order_test 9 2019-07-09 16:24:51","timestamp":"2019-07-09 16:24:51"}
{"level":"info","message":"GET /order/detail 15 2019-07-09 16:24:51","timestamp":"2019-07-09 16:24:51"}
{"level":"info","message":"启动离线订单检测！间隔180000","timestamp":"2019-07-09 16:25:28"}
{"level":"info","message":"没有需要同步的订单！","timestamp":"2019-07-09 16:25:28"}
{"level":"info","message":"GET /order/order_state_count 9 2019-07-09 16:25:32","timestamp":"2019-07-09 16:25:32"}
{"level":"info","message":"GET /area 6 2019-07-09 16:25:32","timestamp":"2019-07-09 16:25:32"}
{"level":"info","message":"GET /table/list 7 2019-07-09 16:25:32","timestamp":"2019-07-09 16:25:32"}
{"level":"info","message":"GET /order/get_order_test 11 2019-07-09 16:25:32","timestamp":"2019-07-09 16:25:32"}
{"level":"info","message":"GET /order/detail 19 2019-07-09 16:25:32","timestamp":"2019-07-09 16:25:32"}
{"level":"info","message":"GET /order/get_order_test 3 2019-07-09 16:25:32","timestamp":"2019-07-09 16:25:32"}
{"level":"info","message":"GET /order/order_state_count 7 2019-07-09 16:25:37","timestamp":"2019-07-09 16:25:37"}
{"level":"info","message":"GET /order/wait_and_nopay 5 2019-07-09 16:25:37","timestamp":"2019-07-09 16:25:37"}
{"level":"info","message":"GET /order/pay 14 2019-07-09 16:25:38","timestamp":"2019-07-09 16:25:38"}
{"level":"info","message":"GET /order/order_state_count 13 2019-07-09 16:25:38","timestamp":"2019-07-09 16:25:38"}
{"level":"info","message":"GET /order/get_order_test 9 2019-07-09 16:25:39","timestamp":"2019-07-09 16:25:39"}
{"level":"info","message":"GET /order/detail 14 2019-07-09 16:25:39","timestamp":"2019-07-09 16:25:39"}
{"level":"info","message":"GET /order/wait_and_nopay 5 2019-07-09 16:25:40","timestamp":"2019-07-09 16:25:40"}
{"level":"info","message":"GET /order/order_state_count 5 2019-07-09 16:25:40","timestamp":"2019-07-09 16:25:40"}
{"level":"info","message":"GET /order/order_state_count 5 2019-07-09 16:25:41","timestamp":"2019-07-09 16:25:41"}
{"level":"info","message":"GET /area 6 2019-07-09 16:25:41","timestamp":"2019-07-09 16:25:41"}
{"level":"info","message":"GET /table/list 5 2019-07-09 16:25:41","timestamp":"2019-07-09 16:25:41"}
{"level":"info","message":"GET /order/detail 10 2019-07-09 16:25:41","timestamp":"2019-07-09 16:25:41"}
{"level":"info","message":"GET /order/get_order_test 6 2019-07-09 16:25:41","timestamp":"2019-07-09 16:25:41"}
{"level":"info","message":"GET /order/get_order_test 6 2019-07-09 16:25:41","timestamp":"2019-07-09 16:25:41"}
{"level":"info","message":"启动打印机检测！间隔240000","timestamp":"2019-07-09 16:28:28"}
{"level":"info","message":"启动离线订单检测！间隔180000","timestamp":"2019-07-09 16:28:29"}
{"level":"info","message":"没有需要同步的订单！","timestamp":"2019-07-09 16:28:29"}
{"level":"info","message":"启动离线订单检测！间隔180000","timestamp":"2019-07-09 16:31:29"}
{"level":"info","message":"没有需要同步的订单！","timestamp":"2019-07-09 16:31:29"}
{"level":"info","message":"启动打印机检测！间隔240000","timestamp":"2019-07-09 16:32:28"}
{"level":"info","message":"启动离线订单检测！间隔180000","timestamp":"2019-07-09 16:34:29"}
{"level":"info","message":"没有需要同步的订单！","timestamp":"2019-07-09 16:34:29"}
{"level":"info","message":"启动打印机检测！间隔240000","timestamp":"2019-07-09 16:36:28"}
{"level":"error","message":"==mqtt==close==你已断开连接,异常退出","timestamp":"2019-07-09 16:45:38"}
{"level":"error","message":"==mqtt==reconnect==正在尝试重新连接","timestamp":"2019-07-09 16:45:53"}
{"level":"info","message":"mqtt成功连接到：ws://test.emq.restoplus.cn:8083/mqtt","timestamp":"2019-07-09 16:45:54"}
{"level":"info","message":"订阅成功--$queue/winPos/+/2f83afee7a0e4822a6729145dd53af33/d2ff1bbb8c6f4fd8adb3949f76f8c1b6/+/+/+","timestamp":"2019-07-09 16:45:54"}
{"level":"info","message":"允许接收的平台=>posAdmin-dev,resto-dev","timestamp":"2019-07-09 16:45:54"}
{"level":"info","message":"启动离线订单检测！间隔180000","timestamp":"2019-07-09 16:46:14"}
{"level":"info","message":"没有需要同步的订单！","timestamp":"2019-07-09 16:46:14"}
{"level":"info","message":"启动打印机检测！间隔240000","timestamp":"2019-07-09 16:49:14"}
{"level":"info","message":"启动离线订单检测！间隔180000","timestamp":"2019-07-09 16:49:14"}
{"level":"info","message":"没有需要同步的订单！","timestamp":"2019-07-09 16:49:14"}
{"level":"info","message":"启动离线订单检测！间隔180000","timestamp":"2019-07-09 16:52:14"}
{"level":"info","message":"没有需要同步的订单！","timestamp":"2019-07-09 16:52:14"}
{"level":"info","message":"启动打印机检测！间隔240000","timestamp":"2019-07-09 16:53:14"}
{"level":"info","message":"启动离线订单检测！间隔180000","timestamp":"2019-07-09 16:55:14"}
{"level":"info","message":"没有需要同步的订单！","timestamp":"2019-07-09 16:55:14"}
{"level":"info","message":"启动打印机检测！间隔240000","timestamp":"2019-07-09 16:57:14"}
{"level":"info","message":"启动离线订单检测！间隔180000","timestamp":"2019-07-09 16:58:14"}
{"level":"info","message":"没有需要同步的订单！","timestamp":"2019-07-09 16:58:14"}
{"level":"info","message":"启动打印机检测！间隔240000","timestamp":"2019-07-09 17:01:14"}
{"level":"info","message":"启动离线订单检测！间隔180000","timestamp":"2019-07-09 17:01:14"}
{"level":"info","message":"没有需要同步的订单！","timestamp":"2019-07-09 17:01:14"}
{"level":"info","message":"启动离线订单检测！间隔180000","timestamp":"2019-07-09 17:04:14"}
{"level":"info","message":"没有需要同步的订单！","timestamp":"2019-07-09 17:04:14"}
{"level":"info","message":"启动打印机检测！间隔240000","timestamp":"2019-07-09 17:05:14"}
{"level":"info","message":"启动离线订单检测！间隔180000","timestamp":"2019-07-09 17:07:14"}
{"level":"info","message":"没有需要同步的订单！","timestamp":"2019-07-09 17:07:14"}
{"level":"info","message":"启动打印机检测！间隔240000","timestamp":"2019-07-09 17:09:14"}
{"level":"info","message":"启动离线订单检测！间隔180000","timestamp":"2019-07-09 17:10:14"}
{"level":"info","message":"没有需要同步的订单！","timestamp":"2019-07-09 17:10:14"}
{"level":"info","message":"启动打印机检测！间隔240000","timestamp":"2019-07-09 17:13:14"}
{"level":"info","message":"启动离线订单检测！间隔180000","timestamp":"2019-07-09 17:13:14"}
{"level":"info","message":"没有需要同步的订单！","timestamp":"2019-07-09 17:13:14"}
{"level":"info","message":"启动离线订单检测！间隔180000","timestamp":"2019-07-09 17:16:14"}
{"level":"info","message":"没有需要同步的订单！","timestamp":"2019-07-09 17:16:14"}
{"level":"info","message":"启动打印机检测！间隔240000","timestamp":"2019-07-09 17:17:14"}
{"level":"info","message":"启动离线订单检测！间隔180000","timestamp":"2019-07-09 17:19:14"}
{"level":"info","message":"没有需要同步的订单！","timestamp":"2019-07-09 17:19:14"}
{"level":"info","message":"启动打印机检测！间隔240000","timestamp":"2019-07-09 17:21:14"}
{"level":"info","message":"启动离线订单检测！间隔180000","timestamp":"2019-07-09 17:22:14"}
{"level":"info","message":"没有需要同步的订单！","timestamp":"2019-07-09 17:22:14"}
{"level":"info","message":"启动打印机检测！间隔240000","timestamp":"2019-07-09 17:25:14"}
{"level":"info","message":"启动离线订单检测！间隔180000","timestamp":"2019-07-09 17:25:14"}
{"level":"info","message":"没有需要同步的订单！","timestamp":"2019-07-09 17:25:14"}
{"level":"info","message":"启动离线订单检测！间隔180000","timestamp":"2019-07-09 17:28:14"}
{"level":"info","message":"没有需要同步的订单！","timestamp":"2019-07-09 17:28:14"}
{"level":"info","message":"启动打印机检测！间隔240000","timestamp":"2019-07-09 17:29:14"}
{"level":"info","message":"启动离线订单检测！间隔180000","timestamp":"2019-07-09 17:31:14"}
{"level":"info","message":"没有需要同步的订单！","timestamp":"2019-07-09 17:31:14"}
{"level":"info","message":"启动打印机检测！间隔240000","timestamp":"2019-07-09 17:33:14"}
{"level":"info","message":"启动离线订单检测！间隔180000","timestamp":"2019-07-09 17:34:14"}
{"level":"info","message":"没有需要同步的订单！","timestamp":"2019-07-09 17:34:14"}
{"level":"info","message":"启动打印机检测！间隔240000","timestamp":"2019-07-09 17:37:14"}
{"level":"info","message":"启动离线订单检测！间隔180000","timestamp":"2019-07-09 17:37:14"}
{"level":"info","message":"没有需要同步的订单！","timestamp":"2019-07-09 17:37:14"}
{"level":"info","message":"启动离线订单检测！间隔180000","timestamp":"2019-07-09 17:40:14"}
{"level":"info","message":"没有需要同步的订单！","timestamp":"2019-07-09 17:40:14"}
{"level":"info","message":"启动打印机检测！间隔240000","timestamp":"2019-07-09 17:41:14"}
{"level":"info","message":"启动离线订单检测！间隔180000","timestamp":"2019-07-09 17:43:14"}
{"level":"info","message":"没有需要同步的订单！","timestamp":"2019-07-09 17:43:14"}
{"level":"info","message":"启动打印机检测！间隔240000","timestamp":"2019-07-09 17:45:14"}
{"level":"info","message":"启动离线订单检测！间隔180000","timestamp":"2019-07-09 17:46:14"}
{"level":"info","message":"没有需要同步的订单！","timestamp":"2019-07-09 17:46:14"}
{"level":"info","message":"启动打印机检测！间隔240000","timestamp":"2019-07-09 17:49:14"}
{"level":"info","message":"启动离线订单检测！间隔180000","timestamp":"2019-07-09 17:49:14"}
{"level":"info","message":"没有需要同步的订单！","timestamp":"2019-07-09 17:49:14"}
{"level":"info","message":"启动离线订单检测！间隔180000","timestamp":"2019-07-09 17:52:14"}
{"level":"info","message":"没有需要同步的订单！","timestamp":"2019-07-09 17:52:14"}
{"level":"info","message":"启动打印机检测！间隔240000","timestamp":"2019-07-09 17:53:14"}
{"level":"info","message":"启动离线订单检测！间隔180000","timestamp":"2019-07-09 17:55:14"}
{"level":"info","message":"没有需要同步的订单！","timestamp":"2019-07-09 17:55:14"}
{"level":"info","message":"启动打印机检测！间隔240000","timestamp":"2019-07-09 17:57:14"}
{"level":"info","message":"启动离线订单检测！间隔180000","timestamp":"2019-07-09 17:58:14"}
{"level":"info","message":"没有需要同步的订单！","timestamp":"2019-07-09 17:58:14"}
{"level":"info","message":"启动打印机检测！间隔240000","timestamp":"2019-07-09 18:01:14"}
{"level":"info","message":"启动离线订单检测！间隔180000","timestamp":"2019-07-09 18:01:14"}
{"level":"info","message":"没有需要同步的订单！","timestamp":"2019-07-09 18:01:14"}
{"level":"info","message":"启动离线订单检测！间隔180000","timestamp":"2019-07-09 18:04:14"}
{"level":"info","message":"没有需要同步的订单！","timestamp":"2019-07-09 18:04:14"}
{"level":"info","message":"启动打印机检测！间隔240000","timestamp":"2019-07-09 18:05:14"}
{"level":"info","message":"启动离线订单检测！间隔180000","timestamp":"2019-07-09 18:07:14"}
{"level":"info","message":"没有需要同步的订单！","timestamp":"2019-07-09 18:07:14"}
{"level":"info","message":"启动打印机检测！间隔240000","timestamp":"2019-07-09 18:09:14"}
{"level":"info","message":"启动离线订单检测！间隔180000","timestamp":"2019-07-09 18:10:14"}
{"level":"info","message":"没有需要同步的订单！","timestamp":"2019-07-09 18:10:14"}
{"level":"info","message":"启动打印机检测！间隔240000","timestamp":"2019-07-09 18:13:14"}
{"level":"info","message":"启动离线订单检测！间隔180000","timestamp":"2019-07-09 18:13:14"}
{"level":"info","message":"没有需要同步的订单！","timestamp":"2019-07-09 18:13:15"}
{"level":"info","message":"启动离线订单检测！间隔180000","timestamp":"2019-07-09 18:16:15"}
{"level":"info","message":"没有需要同步的订单！","timestamp":"2019-07-09 18:16:15"}
{"level":"info","message":"启动打印机检测！间隔240000","timestamp":"2019-07-09 18:17:14"}
{"level":"info","message":"启动离线订单检测！间隔180000","timestamp":"2019-07-09 18:19:15"}
{"level":"info","message":"没有需要同步的订单！","timestamp":"2019-07-09 18:19:15"}
{"level":"info","message":"启动打印机检测！间隔240000","timestamp":"2019-07-09 18:21:14"}
{"level":"info","message":"启动离线订单检测！间隔180000","timestamp":"2019-07-09 18:22:15"}
{"level":"info","message":"没有需要同步的订单！","timestamp":"2019-07-09 18:22:15"}
{"level":"info","message":"启动打印机检测！间隔240000","timestamp":"2019-07-09 18:25:14"}
{"level":"info","message":"启动离线订单检测！间隔180000","timestamp":"2019-07-09 18:25:15"}
{"level":"info","message":"没有需要同步的订单！","timestamp":"2019-07-09 18:25:15"}
{"level":"info","message":"启动离线订单检测！间隔180000","timestamp":"2019-07-09 18:28:15"}
{"level":"info","message":"没有需要同步的订单！","timestamp":"2019-07-09 18:28:15"}
{"level":"info","message":"DELETE /user/logout 1 2019-07-09 18:29:02","timestamp":"2019-07-09 18:29:02"}
{"level":"info","message":"GET /on/line/state 1 2019-07-09 18:29:03","timestamp":"2019-07-09 18:29:03"}
{"level":"info","message":"GET /user/normal/list 6 2019-07-09 18:29:03","timestamp":"2019-07-09 18:29:03"}
{"level":"info","message":"启动打印机检测！间隔240000","timestamp":"2019-07-09 18:29:14"}
{"level":"info","message":"GET /user/normal/list 5 2019-07-09 18:30:29","timestamp":"2019-07-09 18:30:29"}
{"level":"info","message":"GET /on/line/state 1 2019-07-09 18:30:29","timestamp":"2019-07-09 18:30:29"}
{"level":"info","message":"启动离线订单检测！间隔180000","timestamp":"2019-07-09 18:31:15"}
{"level":"info","message":"没有需要同步的订单！","timestamp":"2019-07-09 18:31:15"}
{"level":"info","message":"启动打印机检测！间隔240000","timestamp":"2019-07-09 18:33:14"}
{"level":"info","message":"启动离线订单检测！间隔180000","timestamp":"2019-07-09 18:34:15"}
{"level":"info","message":"没有需要同步的订单！","timestamp":"2019-07-09 18:34:15"}
{"level":"info","message":"启动打印机检测！间隔240000","timestamp":"2019-07-09 18:37:14"}
{"level":"info","message":"启动离线订单检测！间隔180000","timestamp":"2019-07-09 18:37:15"}
{"level":"info","message":"没有需要同步的订单！","timestamp":"2019-07-09 18:37:15"}
{"level":"info","message":"启动离线订单检测！间隔180000","timestamp":"2019-07-09 18:40:15"}
{"level":"info","message":"没有需要同步的订单！","timestamp":"2019-07-09 18:40:15"}
{"level":"info","message":"启动打印机检测！间隔240000","timestamp":"2019-07-09 18:41:14"}
{"level":"info","message":"启动离线订单检测！间隔180000","timestamp":"2019-07-09 18:43:15"}
{"level":"info","message":"没有需要同步的订单！","timestamp":"2019-07-09 18:43:15"}
{"level":"info","message":"启动打印机检测！间隔240000","timestamp":"2019-07-09 18:45:14"}
{"level":"info","message":"启动离线订单检测！间隔180000","timestamp":"2019-07-09 18:46:15"}
{"level":"info","message":"没有需要同步的订单！","timestamp":"2019-07-09 18:46:15"}
{"level":"info","message":"启动打印机检测！间隔240000","timestamp":"2019-07-09 18:49:14"}
{"level":"info","message":"启动离线订单检测！间隔180000","timestamp":"2019-07-09 18:49:15"}
{"level":"info","message":"没有需要同步的订单！","timestamp":"2019-07-09 18:49:15"}
{"level":"info","message":"启动离线订单检测！间隔180000","timestamp":"2019-07-09 18:52:15"}
{"level":"info","message":"没有需要同步的订单！","timestamp":"2019-07-09 18:52:15"}
{"level":"info","message":"启动打印机检测！间隔240000","timestamp":"2019-07-09 18:53:14"}
