{"level":"info","message":"mqtt成功连接到：ws://test.emq.restoplus.cn:8083/mqtt","timestamp":"2019-06-26 09:52:13"}
{"level":"info","message":"订阅成功--$queue/winPos/+/2f83afee7a0e4822a6729145dd53af33/43be0afc2b544cec87568b7247841107/+/+/+","timestamp":"2019-06-26 09:52:13"}
{"level":"info","message":"允许接收的平台=>posAdmin-dev,resto-dev","timestamp":"2019-06-26 09:52:13"}
{"level":"error","message":"==mqtt==close==你已断开连接,异常退出","timestamp":"2019-06-26 09:52:34"}
{"level":"error","message":"==mqtt==reconnect==正在尝试重新连接","timestamp":"2019-06-26 09:52:50"}
{"level":"info","message":"mqtt成功连接到：ws://test.emq.restoplus.cn:8083/mqtt","timestamp":"2019-06-26 09:52:50"}
{"level":"info","message":"订阅成功--$queue/winPos/+/2f83afee7a0e4822a6729145dd53af33/43be0afc2b544cec87568b7247841107/+/+/+","timestamp":"2019-06-26 09:52:50"}
{"level":"info","message":"允许接收的平台=>posAdmin-dev,resto-dev","timestamp":"2019-06-26 09:52:50"}
{"level":"info","message":"GET /system/info 158 2019-06-26 09:53:46","timestamp":"2019-06-26 09:53:46"}
{"level":"info","message":"GET /on/line/state 3 2019-06-26 09:53:48","timestamp":"2019-06-26 09:53:48"}
{"level":"info","message":"GET /area 83 2019-06-26 09:53:48","timestamp":"2019-06-26 09:53:48"}
{"level":"info","message":"GET /table/list 115 2019-06-26 09:53:48","timestamp":"2019-06-26 09:53:48"}
{"level":"info","message":"GET /order/order_state_count 105 2019-06-26 09:53:48","timestamp":"2019-06-26 09:53:48"}
{"level":"info","message":"GET /order/detail 159 2019-06-26 09:53:48","timestamp":"2019-06-26 09:53:48"}
{"level":"info","message":"GET /table/number 3 2019-06-26 09:53:48","timestamp":"2019-06-26 09:53:48"}
{"level":"info","message":"启动离线订单检测！间隔180000","timestamp":"2019-06-26 09:55:00"}
{"level":"info","message":"没有需要同步的订单！","timestamp":"2019-06-26 09:55:00"}
{"level":"info","message":"启动打印机检测！间隔300000","timestamp":"2019-06-26 09:57:00"}
{"level":"info","message":"启动离线订单检测！间隔180000","timestamp":"2019-06-26 09:58:00"}
{"level":"info","message":"没有需要同步的订单！","timestamp":"2019-06-26 09:58:00"}
{"level":"info","message":"启动离线订单检测！间隔180000","timestamp":"2019-06-26 10:01:00"}
{"level":"info","message":"没有需要同步的订单！","timestamp":"2019-06-26 10:01:00"}
{"level":"info","message":"启动打印机检测！间隔300000","timestamp":"2019-06-26 10:02:00"}
{"level":"info","message":"启动离线订单检测！间隔180000","timestamp":"2019-06-26 10:04:00"}
{"level":"info","message":"没有需要同步的订单！","timestamp":"2019-06-26 10:04:00"}
{"level":"info","message":"启动打印机检测！间隔300000","timestamp":"2019-06-26 10:07:00"}
{"level":"info","message":"启动离线订单检测！间隔180000","timestamp":"2019-06-26 10:07:00"}
{"level":"info","message":"没有需要同步的订单！","timestamp":"2019-06-26 10:07:00"}
{"level":"info","message":"启动离线订单检测！间隔180000","timestamp":"2019-06-26 10:10:00"}
{"level":"info","message":"没有需要同步的订单！","timestamp":"2019-06-26 10:10:00"}
{"level":"info","message":"启动打印机检测！间隔300000","timestamp":"2019-06-26 10:12:00"}
{"level":"info","message":"启动离线订单检测！间隔180000","timestamp":"2019-06-26 10:13:00"}
{"level":"info","message":"没有需要同步的订单！","timestamp":"2019-06-26 10:13:00"}
{"level":"info","message":"启动离线订单检测！间隔180000","timestamp":"2019-06-26 10:16:00"}
{"level":"info","message":"没有需要同步的订单！","timestamp":"2019-06-26 10:16:00"}
{"level":"info","message":"启动打印机检测！间隔300000","timestamp":"2019-06-26 10:17:00"}
{"level":"info","message":"启动离线订单检测！间隔180000","timestamp":"2019-06-26 10:19:00"}
{"level":"info","message":"没有需要同步的订单！","timestamp":"2019-06-26 10:19:00"}
{"level":"info","message":"启动打印机检测！间隔300000","timestamp":"2019-06-26 10:22:00"}
{"level":"info","message":"启动离线订单检测！间隔180000","timestamp":"2019-06-26 10:22:00"}
{"level":"info","message":"没有需要同步的订单！","timestamp":"2019-06-26 10:22:00"}
{"level":"info","message":"启动离线订单检测！间隔180000","timestamp":"2019-06-26 10:25:00"}
{"level":"info","message":"没有需要同步的订单！","timestamp":"2019-06-26 10:25:00"}
{"level":"info","message":"启动打印机检测！间隔300000","timestamp":"2019-06-26 10:27:00"}
{"level":"info","message":"启动离线订单检测！间隔180000","timestamp":"2019-06-26 10:28:00"}
{"level":"info","message":"没有需要同步的订单！","timestamp":"2019-06-26 10:28:00"}
{"level":"info","message":"启动离线订单检测！间隔180000","timestamp":"2019-06-26 10:31:00"}
{"level":"info","message":"没有需要同步的订单！","timestamp":"2019-06-26 10:31:00"}
{"level":"info","message":"启动打印机检测！间隔300000","timestamp":"2019-06-26 12:31:56"}
{"level":"error","message":"==mqtt==close==你已断开连接,异常退出","timestamp":"2019-06-26 12:32:07"}
{"level":"error","message":"==mqtt==reconnect==正在尝试重新连接","timestamp":"2019-06-26 12:32:22"}
{"level":"info","message":"mqtt成功连接到：ws://test.emq.restoplus.cn:8083/mqtt","timestamp":"2019-06-26 12:32:22"}
{"level":"info","message":"订阅成功--$queue/winPos/+/2f83afee7a0e4822a6729145dd53af33/43be0afc2b544cec87568b7247841107/+/+/+","timestamp":"2019-06-26 12:32:22"}
{"level":"info","message":"允许接收的平台=>posAdmin-dev,resto-dev","timestamp":"2019-06-26 12:32:22"}
{"level":"error","message":"==mqtt==close==你已断开连接,异常退出","timestamp":"2019-06-26 13:56:23"}
{"level":"error","message":"==mqtt==reconnect==正在尝试重新连接","timestamp":"2019-06-26 13:56:38"}
{"level":"info","message":"mqtt成功连接到：ws://test.emq.restoplus.cn:8083/mqtt","timestamp":"2019-06-26 13:56:38"}
{"level":"info","message":"订阅成功--$queue/winPos/+/2f83afee7a0e4822a6729145dd53af33/43be0afc2b544cec87568b7247841107/+/+/+","timestamp":"2019-06-26 13:56:38"}
{"level":"info","message":"允许接收的平台=>posAdmin-dev,resto-dev","timestamp":"2019-06-26 13:56:38"}
{"level":"info","message":"启动离线订单检测！间隔180000","timestamp":"2019-06-26 13:57:16"}
{"level":"info","message":"没有需要同步的订单！","timestamp":"2019-06-26 13:57:16"}
{"level":"info","message":"启动打印机检测！间隔300000","timestamp":"2019-06-26 14:00:16"}
{"level":"info","message":"启动离线订单检测！间隔180000","timestamp":"2019-06-26 14:00:16"}
{"level":"info","message":"没有需要同步的订单！","timestamp":"2019-06-26 14:00:16"}
{"level":"info","message":"启动离线订单检测！间隔180000","timestamp":"2019-06-26 14:03:16"}
{"level":"info","message":"没有需要同步的订单！","timestamp":"2019-06-26 14:03:16"}
{"level":"info","message":"启动打印机检测！间隔300000","timestamp":"2019-06-26 14:05:16"}
{"level":"info","message":"启动离线订单检测！间隔180000","timestamp":"2019-06-26 14:06:16"}
{"level":"info","message":"没有需要同步的订单！","timestamp":"2019-06-26 14:06:16"}
{"level":"info","message":"启动离线订单检测！间隔180000","timestamp":"2019-06-26 14:09:16"}
{"level":"info","message":"没有需要同步的订单！","timestamp":"2019-06-26 14:09:16"}
{"level":"info","message":"启动打印机检测！间隔300000","timestamp":"2019-06-26 15:14:10"}
{"level":"error","message":"==mqtt==close==你已断开连接,异常退出","timestamp":"2019-06-26 15:14:11"}
{"level":"error","message":"==mqtt==reconnect==正在尝试重新连接","timestamp":"2019-06-26 15:14:26"}
{"level":"info","message":"mqtt成功连接到：ws://test.emq.restoplus.cn:8083/mqtt","timestamp":"2019-06-26 15:14:27"}
{"level":"info","message":"订阅成功--$queue/winPos/+/2f83afee7a0e4822a6729145dd53af33/43be0afc2b544cec87568b7247841107/+/+/+","timestamp":"2019-06-26 15:14:27"}
{"level":"info","message":"允许接收的平台=>posAdmin-dev,resto-dev","timestamp":"2019-06-26 15:14:27"}
{"level":"info","message":"启动离线订单检测！间隔180000","timestamp":"2019-06-26 15:16:10"}
{"level":"info","message":"没有需要同步的订单！","timestamp":"2019-06-26 15:16:10"}
{"level":"info","message":"启动打印机检测！间隔300000","timestamp":"2019-06-26 15:19:10"}
{"level":"info","message":"启动离线订单检测！间隔180000","timestamp":"2019-06-26 15:19:10"}
{"level":"info","message":"没有需要同步的订单！","timestamp":"2019-06-26 15:19:10"}
{"level":"info","message":"启动离线订单检测！间隔180000","timestamp":"2019-06-26 15:22:10"}
{"level":"info","message":"没有需要同步的订单！","timestamp":"2019-06-26 15:22:10"}
{"level":"info","message":"GET /article/family_list 58 2019-06-26 15:22:36","timestamp":"2019-06-26 15:22:36"}
{"level":"info","message":"GET /article/article_list 61 2019-06-26 15:22:36","timestamp":"2019-06-26 15:22:36"}
{"level":"info","message":"GET /order/order_state_count 6 2019-06-26 15:23:04","timestamp":"2019-06-26 15:23:04"}
{"level":"info","message":"GET /area 6 2019-06-26 15:23:04","timestamp":"2019-06-26 15:23:04"}
{"level":"info","message":"GET /table/list 5 2019-06-26 15:23:04","timestamp":"2019-06-26 15:23:04"}
{"level":"info","message":"GET /table/number 4 2019-06-26 15:23:04","timestamp":"2019-06-26 15:23:04"}
{"level":"info","message":"启动打印机检测！间隔300000","timestamp":"2019-06-26 15:24:10"}
{"level":"info","message":"启动离线订单检测！间隔180000","timestamp":"2019-06-26 15:25:10"}
{"level":"info","message":"没有需要同步的订单！","timestamp":"2019-06-26 15:25:10"}
{"level":"info","message":"启动离线订单检测！间隔180000","timestamp":"2019-06-26 15:28:10"}
{"level":"info","message":"没有需要同步的订单！","timestamp":"2019-06-26 15:28:10"}
{"level":"info","message":"启动打印机检测！间隔300000","timestamp":"2019-06-26 15:29:10"}
{"level":"info","message":"启动离线订单检测！间隔180000","timestamp":"2019-06-26 15:31:10"}
{"level":"info","message":"没有需要同步的订单！","timestamp":"2019-06-26 15:31:10"}
{"level":"info","message":"启动打印机检测！间隔300000","timestamp":"2019-06-26 15:34:10"}
{"level":"info","message":"启动离线订单检测！间隔180000","timestamp":"2019-06-26 15:34:10"}
{"level":"info","message":"没有需要同步的订单！","timestamp":"2019-06-26 15:34:10"}
{"level":"info","message":"启动离线订单检测！间隔180000","timestamp":"2019-06-26 15:37:10"}
{"level":"info","message":"没有需要同步的订单！","timestamp":"2019-06-26 15:37:10"}
{"level":"info","message":"启动打印机检测！间隔300000","timestamp":"2019-06-26 15:39:10"}
{"level":"info","message":"启动离线订单检测！间隔180000","timestamp":"2019-06-26 15:40:10"}
{"level":"info","message":"没有需要同步的订单！","timestamp":"2019-06-26 15:40:10"}
{"level":"info","message":"启动离线订单检测！间隔180000","timestamp":"2019-06-26 15:43:10"}
{"level":"info","message":"没有需要同步的订单！","timestamp":"2019-06-26 15:43:10"}
{"level":"info","message":"启动打印机检测！间隔300000","timestamp":"2019-06-26 15:44:10"}
{"level":"info","message":"启动离线订单检测！间隔180000","timestamp":"2019-06-26 15:46:10"}
{"level":"info","message":"没有需要同步的订单！","timestamp":"2019-06-26 15:46:10"}
{"level":"info","message":"启动打印机检测！间隔300000","timestamp":"2019-06-26 15:49:10"}
{"level":"info","message":"启动离线订单检测！间隔180000","timestamp":"2019-06-26 15:49:10"}
{"level":"info","message":"没有需要同步的订单！","timestamp":"2019-06-26 15:49:10"}
{"level":"info","message":"启动离线订单检测！间隔180000","timestamp":"2019-06-26 15:52:10"}
{"level":"info","message":"没有需要同步的订单！","timestamp":"2019-06-26 15:52:10"}
{"level":"info","message":"启动打印机检测！间隔300000","timestamp":"2019-06-26 15:54:10"}
{"level":"info","message":"启动离线订单检测！间隔180000","timestamp":"2019-06-26 15:55:10"}
{"level":"info","message":"没有需要同步的订单！","timestamp":"2019-06-26 15:55:10"}
{"level":"info","message":"启动离线订单检测！间隔180000","timestamp":"2019-06-26 15:58:10"}
{"level":"info","message":"没有需要同步的订单！","timestamp":"2019-06-26 15:58:10"}
{"level":"info","message":"启动打印机检测！间隔300000","timestamp":"2019-06-26 15:59:10"}
{"level":"info","message":"启动离线订单检测！间隔180000","timestamp":"2019-06-26 16:01:10"}
{"level":"info","message":"没有需要同步的订单！","timestamp":"2019-06-26 16:01:10"}
{"level":"info","message":"启动打印机检测！间隔300000","timestamp":"2019-06-26 16:04:10"}
{"level":"info","message":"启动离线订单检测！间隔180000","timestamp":"2019-06-26 16:04:10"}
{"level":"info","message":"没有需要同步的订单！","timestamp":"2019-06-26 16:04:10"}
{"level":"info","message":"启动离线订单检测！间隔180000","timestamp":"2019-06-26 16:07:10"}
{"level":"info","message":"没有需要同步的订单！","timestamp":"2019-06-26 16:07:10"}
{"level":"info","message":"启动打印机检测！间隔300000","timestamp":"2019-06-26 16:09:10"}
{"level":"info","message":"启动离线订单检测！间隔180000","timestamp":"2019-06-26 16:10:10"}
{"level":"info","message":"没有需要同步的订单！","timestamp":"2019-06-26 16:10:10"}
{"level":"info","message":"启动离线订单检测！间隔180000","timestamp":"2019-06-26 16:13:10"}
{"level":"info","message":"没有需要同步的订单！","timestamp":"2019-06-26 16:13:10"}
{"level":"info","message":"启动打印机检测！间隔300000","timestamp":"2019-06-26 16:14:10"}
{"level":"info","message":"启动离线订单检测！间隔180000","timestamp":"2019-06-26 16:16:10"}
{"level":"info","message":"没有需要同步的订单！","timestamp":"2019-06-26 16:16:10"}
{"level":"info","message":"启动打印机检测！间隔300000","timestamp":"2019-06-26 16:19:10"}
{"level":"info","message":"启动离线订单检测！间隔180000","timestamp":"2019-06-26 16:19:10"}
{"level":"info","message":"没有需要同步的订单！","timestamp":"2019-06-26 16:19:10"}
{"level":"error","message":"==mqtt==close==你已断开连接,异常退出","timestamp":"2019-06-26 16:20:35"}
{"level":"error","message":"==mqtt==reconnect==正在尝试重新连接","timestamp":"2019-06-26 16:20:50"}
{"level":"info","message":"mqtt成功连接到：ws://test.emq.restoplus.cn:8083/mqtt","timestamp":"2019-06-26 16:20:50"}
{"level":"info","message":"订阅成功--$queue/winPos/+/2f83afee7a0e4822a6729145dd53af33/43be0afc2b544cec87568b7247841107/+/+/+","timestamp":"2019-06-26 16:20:50"}
{"level":"info","message":"允许接收的平台=>posAdmin-dev,resto-dev","timestamp":"2019-06-26 16:20:50"}
{"level":"info","message":"启动离线订单检测！间隔180000","timestamp":"2019-06-26 16:22:25"}
{"level":"info","message":"没有需要同步的订单！","timestamp":"2019-06-26 16:22:25"}
{"level":"info","message":"启动打印机检测！间隔300000","timestamp":"2019-06-26 16:24:25"}
{"level":"info","message":"启动离线订单检测！间隔180000","timestamp":"2019-06-26 16:25:25"}
{"level":"info","message":"没有需要同步的订单！","timestamp":"2019-06-26 16:25:25"}
{"level":"info","message":"启动离线订单检测！间隔180000","timestamp":"2019-06-26 16:28:25"}
{"level":"info","message":"没有需要同步的订单！","timestamp":"2019-06-26 16:28:25"}
{"level":"info","message":"启动打印机检测！间隔300000","timestamp":"2019-06-26 16:29:25"}
{"level":"info","message":"启动离线订单检测！间隔180000","timestamp":"2019-06-26 16:31:25"}
{"level":"info","message":"没有需要同步的订单！","timestamp":"2019-06-26 16:31:25"}
{"level":"info","message":"启动打印机检测！间隔300000","timestamp":"2019-06-26 16:34:25"}
{"level":"info","message":"启动离线订单检测！间隔180000","timestamp":"2019-06-26 16:34:25"}
{"level":"info","message":"没有需要同步的订单！","timestamp":"2019-06-26 16:34:25"}
{"level":"info","message":"启动离线订单检测！间隔180000","timestamp":"2019-06-26 16:37:25"}
{"level":"info","message":"没有需要同步的订单！","timestamp":"2019-06-26 16:37:25"}
{"level":"info","message":"启动打印机检测！间隔300000","timestamp":"2019-06-26 16:39:25"}
{"level":"info","message":"启动离线订单检测！间隔180000","timestamp":"2019-06-26 16:40:25"}
{"level":"info","message":"没有需要同步的订单！","timestamp":"2019-06-26 16:40:25"}
{"level":"info","message":"启动离线订单检测！间隔180000","timestamp":"2019-06-26 16:43:25"}
{"level":"info","message":"没有需要同步的订单！","timestamp":"2019-06-26 16:43:25"}
{"level":"info","message":"启动打印机检测！间隔300000","timestamp":"2019-06-26 16:44:25"}
{"level":"info","message":"启动离线订单检测！间隔180000","timestamp":"2019-06-26 16:46:25"}
{"level":"info","message":"没有需要同步的订单！","timestamp":"2019-06-26 16:46:25"}
{"level":"info","message":"启动打印机检测！间隔300000","timestamp":"2019-06-26 16:49:26"}
{"level":"info","message":"启动离线订单检测！间隔180000","timestamp":"2019-06-26 16:49:26"}
{"level":"info","message":"没有需要同步的订单！","timestamp":"2019-06-26 16:49:26"}
{"level":"info","message":"启动离线订单检测！间隔180000","timestamp":"2019-06-26 16:52:26"}
{"level":"info","message":"没有需要同步的订单！","timestamp":"2019-06-26 16:52:26"}
{"level":"info","message":"启动打印机检测！间隔300000","timestamp":"2019-06-26 16:54:26"}
{"level":"info","message":"启动离线订单检测！间隔180000","timestamp":"2019-06-26 16:55:26"}
{"level":"info","message":"没有需要同步的订单！","timestamp":"2019-06-26 16:55:26"}
{"level":"info","message":"mqtt成功连接到：ws://test.emq.restoplus.cn:8083/mqtt","timestamp":"2019-06-26 16:56:52"}
{"level":"info","message":"订阅成功--$queue/winPos/+/2f83afee7a0e4822a6729145dd53af33/43be0afc2b544cec87568b7247841107/+/+/+","timestamp":"2019-06-26 16:56:52"}
{"level":"info","message":"允许接收的平台=>posAdmin-dev,resto-dev","timestamp":"2019-06-26 16:56:52"}
{"level":"error","message":"ServiceUnavailableError: Response timeout\n    at IncomingMessage.<anonymous> (/Users/chintec/Documents/node/resto-newpos/node_modules/connect-timeout/index.js:84:8)\n    at emitOne (events.js:116:13)\n    at IncomingMessage.emit (events.js:211:7)\n    at Timeout._onTimeout (/Users/chintec/Documents/node/resto-newpos/node_modules/connect-timeout/index.js:49:11)\n    at ontimeout (timers.js:475:11)\n    at tryOnTimeout (timers.js:310:5)\n    at Timer.listOnTimeout (timers.js:270:5)","timestamp":"2019-06-26 16:57:39"}
{"level":"error","message":"==mqtt==close==你已断开连接,正常退出","timestamp":"2019-06-26 16:57:40"}
{"level":"error","message":"==mqtt==reconnect==正在尝试重新连接","timestamp":"2019-06-26 16:57:55"}
{"level":"info","message":"mqtt成功连接到：ws://test.emq.restoplus.cn:8083/mqtt","timestamp":"2019-06-26 16:57:55"}
{"level":"info","message":"订阅成功--$queue/winPos/+/2f83afee7a0e4822a6729145dd53af33/43be0afc2b544cec87568b7247841107/+/+/+","timestamp":"2019-06-26 16:57:55"}
{"level":"info","message":"允许接收的平台=>posAdmin-dev,resto-dev","timestamp":"2019-06-26 16:57:55"}
{"level":"error","message":"resource \"GET:/6bbbbf58c6f4853d6c16.hot-update.json\" not found","timestamp":"2019-06-26 16:58:11"}
{"level":"info","message":"GET /6bbbbf58c6f4853d6c16.hot-update.json 1 2019-06-26 16:58:11","timestamp":"2019-06-26 16:58:11"}
{"level":"info","message":"启动离线订单检测！间隔180000","timestamp":"2019-06-26 16:59:37"}
{"level":"info","message":"没有需要同步的订单！","timestamp":"2019-06-26 16:59:37"}
{"level":"info","message":"启动打印机检测！间隔300000","timestamp":"2019-06-26 17:01:37"}
{"level":"info","message":"启动离线订单检测！间隔180000","timestamp":"2019-06-26 17:02:37"}
{"level":"info","message":"没有需要同步的订单！","timestamp":"2019-06-26 17:02:37"}
{"level":"info","message":"GET /system/info 110 2019-06-26 17:04:26","timestamp":"2019-06-26 17:04:26"}
{"level":"info","message":"GET /on/line/state 1 2019-06-26 17:04:27","timestamp":"2019-06-26 17:04:27"}
{"level":"info","message":"GET /order/order_state_count 42 2019-06-26 17:04:27","timestamp":"2019-06-26 17:04:27"}
{"level":"info","message":"GET /area 72 2019-06-26 17:04:27","timestamp":"2019-06-26 17:04:27"}
{"level":"info","message":"GET /table/list 76 2019-06-26 17:04:27","timestamp":"2019-06-26 17:04:27"}
{"level":"info","message":"GET /system/info 67 2019-06-26 17:04:27","timestamp":"2019-06-26 17:04:27"}
{"level":"info","message":"GET /table/number 2 2019-06-26 17:04:27","timestamp":"2019-06-26 17:04:27"}
{"level":"info","message":"GET /business/report 74 2019-06-26 17:04:28","timestamp":"2019-06-26 17:04:28"}
{"level":"info","message":"GET /order/order_state_count 11 2019-06-26 17:04:28","timestamp":"2019-06-26 17:04:28"}
{"level":"info","message":"GET /area 9 2019-06-26 17:04:28","timestamp":"2019-06-26 17:04:28"}
{"level":"info","message":"GET /table/list 13 2019-06-26 17:04:28","timestamp":"2019-06-26 17:04:28"}
{"level":"info","message":"GET /table/number 2 2019-06-26 17:04:28","timestamp":"2019-06-26 17:04:28"}
{"level":"info","message":"GET /article/family_list 25 2019-06-26 17:04:28","timestamp":"2019-06-26 17:04:28"}
{"level":"info","message":"GET /article/article_list 16 2019-06-26 17:04:28","timestamp":"2019-06-26 17:04:28"}
{"level":"info","message":"GET /article/article_list 8 2019-06-26 17:04:31","timestamp":"2019-06-26 17:04:31"}
{"level":"info","message":"GET /article/search 11 2019-06-26 17:04:36","timestamp":"2019-06-26 17:04:36"}
{"level":"info","message":"GET /article/search 29 2019-06-26 17:04:38","timestamp":"2019-06-26 17:04:38"}
{"level":"info","message":"GET /article/search 25 2019-06-26 17:04:39","timestamp":"2019-06-26 17:04:39"}
{"level":"info","message":"GET /article/search 17 2019-06-26 17:04:51","timestamp":"2019-06-26 17:04:51"}
{"level":"info","message":"GET /article/search 9 2019-06-26 17:04:51","timestamp":"2019-06-26 17:04:51"}
{"level":"info","message":"GET /article/search 5 2019-06-26 17:04:51","timestamp":"2019-06-26 17:04:51"}
{"level":"info","message":"GET /article/search 9 2019-06-26 17:04:51","timestamp":"2019-06-26 17:04:51"}
{"level":"info","message":"GET /article/search 9 2019-06-26 17:04:54","timestamp":"2019-06-26 17:04:54"}
{"level":"info","message":"GET /article/search 8 2019-06-26 17:04:54","timestamp":"2019-06-26 17:04:54"}
{"level":"info","message":"GET /article/search 7 2019-06-26 17:04:58","timestamp":"2019-06-26 17:04:58"}
{"level":"info","message":"GET /article/search 44 2019-06-26 17:05:05","timestamp":"2019-06-26 17:05:05"}
{"level":"info","message":"启动离线订单检测！间隔180000","timestamp":"2019-06-26 17:05:37"}
{"level":"info","message":"没有需要同步的订单！","timestamp":"2019-06-26 17:05:37"}
{"level":"info","message":"启动打印机检测！间隔300000","timestamp":"2019-06-26 17:06:37"}
{"level":"info","message":"启动离线订单检测！间隔180000","timestamp":"2019-06-26 17:08:37"}
{"level":"info","message":"没有需要同步的订单！","timestamp":"2019-06-26 17:08:37"}
{"level":"info","message":"启动打印机检测！间隔300000","timestamp":"2019-06-26 17:11:37"}
{"level":"info","message":"启动离线订单检测！间隔180000","timestamp":"2019-06-26 17:11:37"}
{"level":"info","message":"没有需要同步的订单！","timestamp":"2019-06-26 17:11:37"}
{"level":"info","message":"启动离线订单检测！间隔180000","timestamp":"2019-06-26 17:14:37"}
{"level":"info","message":"没有需要同步的订单！","timestamp":"2019-06-26 17:14:37"}
{"level":"info","message":"启动打印机检测！间隔300000","timestamp":"2019-06-26 17:16:37"}
{"level":"info","message":"启动离线订单检测！间隔180000","timestamp":"2019-06-26 17:17:37"}
{"level":"info","message":"没有需要同步的订单！","timestamp":"2019-06-26 17:17:37"}
{"level":"info","message":"启动离线订单检测！间隔180000","timestamp":"2019-06-26 17:20:37"}
{"level":"info","message":"没有需要同步的订单！","timestamp":"2019-06-26 17:20:37"}
{"level":"info","message":"启动打印机检测！间隔300000","timestamp":"2019-06-26 17:21:37"}
{"level":"info","message":"启动离线订单检测！间隔180000","timestamp":"2019-06-26 17:23:37"}
{"level":"info","message":"没有需要同步的订单！","timestamp":"2019-06-26 17:23:37"}
{"level":"info","message":"启动打印机检测！间隔300000","timestamp":"2019-06-26 17:26:37"}
{"level":"info","message":"启动离线订单检测！间隔180000","timestamp":"2019-06-26 17:26:37"}
{"level":"info","message":"没有需要同步的订单！","timestamp":"2019-06-26 17:26:37"}
{"level":"info","message":"启动离线订单检测！间隔180000","timestamp":"2019-06-26 17:29:37"}
{"level":"info","message":"没有需要同步的订单！","timestamp":"2019-06-26 17:29:37"}
{"level":"info","message":"启动打印机检测！间隔300000","timestamp":"2019-06-26 17:31:37"}
{"level":"info","message":"启动离线订单检测！间隔180000","timestamp":"2019-06-26 17:32:37"}
{"level":"info","message":"没有需要同步的订单！","timestamp":"2019-06-26 17:32:37"}
{"level":"info","message":"启动离线订单检测！间隔180000","timestamp":"2019-06-26 17:35:37"}
{"level":"info","message":"没有需要同步的订单！","timestamp":"2019-06-26 17:35:37"}
{"level":"info","message":"启动打印机检测！间隔300000","timestamp":"2019-06-26 17:36:37"}
{"level":"info","message":"启动离线订单检测！间隔180000","timestamp":"2019-06-26 17:38:37"}
{"level":"info","message":"没有需要同步的订单！","timestamp":"2019-06-26 17:38:37"}
{"level":"info","message":"启动打印机检测！间隔300000","timestamp":"2019-06-26 17:41:37"}
{"level":"info","message":"启动离线订单检测！间隔180000","timestamp":"2019-06-26 17:41:37"}
{"level":"info","message":"没有需要同步的订单！","timestamp":"2019-06-26 17:41:37"}
{"level":"info","message":"启动离线订单检测！间隔180000","timestamp":"2019-06-26 17:44:37"}
{"level":"info","message":"没有需要同步的订单！","timestamp":"2019-06-26 17:44:37"}
{"level":"info","message":"启动打印机检测！间隔300000","timestamp":"2019-06-26 17:46:37"}
{"level":"info","message":"启动离线订单检测！间隔180000","timestamp":"2019-06-26 17:47:37"}
{"level":"info","message":"没有需要同步的订单！","timestamp":"2019-06-26 17:47:37"}
{"level":"info","message":"启动离线订单检测！间隔180000","timestamp":"2019-06-26 17:50:37"}
{"level":"info","message":"没有需要同步的订单！","timestamp":"2019-06-26 17:50:37"}
{"level":"info","message":"启动打印机检测！间隔300000","timestamp":"2019-06-26 17:51:37"}
{"level":"info","message":"启动离线订单检测！间隔180000","timestamp":"2019-06-26 17:53:37"}
{"level":"info","message":"没有需要同步的订单！","timestamp":"2019-06-26 17:53:37"}
{"level":"info","message":"启动打印机检测！间隔300000","timestamp":"2019-06-26 17:56:37"}
{"level":"info","message":"启动离线订单检测！间隔180000","timestamp":"2019-06-26 17:56:37"}
{"level":"info","message":"没有需要同步的订单！","timestamp":"2019-06-26 17:56:37"}
{"level":"info","message":"启动离线订单检测！间隔180000","timestamp":"2019-06-26 17:59:37"}
{"level":"info","message":"没有需要同步的订单！","timestamp":"2019-06-26 17:59:37"}
{"level":"info","message":"启动打印机检测！间隔300000","timestamp":"2019-06-26 18:01:37"}
{"level":"info","message":"启动离线订单检测！间隔180000","timestamp":"2019-06-26 18:02:37"}
{"level":"info","message":"没有需要同步的订单！","timestamp":"2019-06-26 18:02:37"}
{"level":"info","message":"启动离线订单检测！间隔180000","timestamp":"2019-06-26 18:05:37"}
{"level":"info","message":"没有需要同步的订单！","timestamp":"2019-06-26 18:05:37"}
{"level":"info","message":"启动打印机检测！间隔300000","timestamp":"2019-06-26 18:06:37"}
{"level":"info","message":"启动离线订单检测！间隔180000","timestamp":"2019-06-26 18:08:37"}
{"level":"info","message":"没有需要同步的订单！","timestamp":"2019-06-26 18:08:37"}
{"level":"info","message":"启动打印机检测！间隔300000","timestamp":"2019-06-26 18:11:37"}
{"level":"info","message":"启动离线订单检测！间隔180000","timestamp":"2019-06-26 18:11:37"}
{"level":"info","message":"没有需要同步的订单！","timestamp":"2019-06-26 18:11:37"}
{"level":"info","message":"启动离线订单检测！间隔180000","timestamp":"2019-06-26 18:14:37"}
{"level":"info","message":"没有需要同步的订单！","timestamp":"2019-06-26 18:14:37"}
{"level":"info","message":"启动打印机检测！间隔300000","timestamp":"2019-06-26 18:16:37"}
{"level":"info","message":"启动离线订单检测！间隔180000","timestamp":"2019-06-26 18:17:37"}
{"level":"info","message":"没有需要同步的订单！","timestamp":"2019-06-26 18:17:37"}
{"level":"info","message":"启动离线订单检测！间隔180000","timestamp":"2019-06-26 18:20:37"}
{"level":"info","message":"没有需要同步的订单！","timestamp":"2019-06-26 18:20:37"}
{"level":"info","message":"启动打印机检测！间隔300000","timestamp":"2019-06-26 18:21:37"}
{"level":"info","message":"启动离线订单检测！间隔180000","timestamp":"2019-06-26 18:23:37"}
{"level":"info","message":"没有需要同步的订单！","timestamp":"2019-06-26 18:23:37"}
{"level":"info","message":"启动打印机检测！间隔300000","timestamp":"2019-06-26 18:26:37"}
{"level":"info","message":"启动离线订单检测！间隔180000","timestamp":"2019-06-26 18:26:37"}
{"level":"info","message":"没有需要同步的订单！","timestamp":"2019-06-26 18:26:37"}
{"level":"info","message":"启动离线订单检测！间隔180000","timestamp":"2019-06-26 18:29:37"}
{"level":"info","message":"没有需要同步的订单！","timestamp":"2019-06-26 18:29:37"}
{"level":"info","message":"启动打印机检测！间隔300000","timestamp":"2019-06-26 18:31:37"}
{"level":"info","message":"启动离线订单检测！间隔180000","timestamp":"2019-06-26 18:32:37"}
{"level":"info","message":"没有需要同步的订单！","timestamp":"2019-06-26 18:32:37"}
{"level":"info","message":"启动离线订单检测！间隔180000","timestamp":"2019-06-26 18:35:37"}
{"level":"info","message":"没有需要同步的订单！","timestamp":"2019-06-26 18:35:37"}
{"level":"info","message":"启动打印机检测！间隔300000","timestamp":"2019-06-26 18:36:37"}
{"level":"info","message":"启动离线订单检测！间隔180000","timestamp":"2019-06-26 18:38:37"}
{"level":"info","message":"没有需要同步的订单！","timestamp":"2019-06-26 18:38:37"}
{"level":"info","message":"启动打印机检测！间隔300000","timestamp":"2019-06-26 18:41:37"}
{"level":"info","message":"启动离线订单检测！间隔180000","timestamp":"2019-06-26 18:41:37"}
{"level":"info","message":"没有需要同步的订单！","timestamp":"2019-06-26 18:41:37"}
{"level":"info","message":"启动离线订单检测！间隔180000","timestamp":"2019-06-26 18:44:37"}
{"level":"info","message":"没有需要同步的订单！","timestamp":"2019-06-26 18:44:37"}
{"level":"info","message":"启动打印机检测！间隔300000","timestamp":"2019-06-26 18:46:37"}
{"level":"info","message":"启动离线订单检测！间隔180000","timestamp":"2019-06-26 18:47:37"}
{"level":"info","message":"没有需要同步的订单！","timestamp":"2019-06-26 18:47:37"}
{"level":"info","message":"启动离线订单检测！间隔180000","timestamp":"2019-06-26 18:50:37"}
{"level":"info","message":"没有需要同步的订单！","timestamp":"2019-06-26 18:50:37"}
