{"level":"info","message":"mqtt成功连接到：ws://test.emq.restoplus.cn:8083/mqtt","timestamp":"2019-05-21 09:56:11"}
{"level":"info","message":"订阅成功--$queue/winPos/+/2f83afee7a0e4822a6729145dd53af33/d2ff1bbb8c6f4fd8adb3949f76f8c1b6/+/+/+","timestamp":"2019-05-21 09:56:11"}
{"level":"info","message":"允许接收的平台=>posAdmin-dev,resto-dev","timestamp":"2019-05-21 09:56:11"}
{"level":"error","message":"==mqtt==close==你已断开连接,正常退出","timestamp":"2019-05-21 09:56:52"}
{"level":"error","message":"==mqtt==reconnect==正在尝试重新连接","timestamp":"2019-05-21 09:57:09"}
{"level":"info","message":"mqtt成功连接到：ws://test.emq.restoplus.cn:8083/mqtt","timestamp":"2019-05-21 09:57:09"}
{"level":"info","message":"订阅成功--$queue/winPos/+/2f83afee7a0e4822a6729145dd53af33/d2ff1bbb8c6f4fd8adb3949f76f8c1b6/+/+/+","timestamp":"2019-05-21 09:57:09"}
{"level":"info","message":"允许接收的平台=>posAdmin-dev,resto-dev","timestamp":"2019-05-21 09:57:09"}
{"level":"error","message":"==mqtt==close==你已断开连接,异常退出","timestamp":"2019-05-21 09:57:34"}
{"level":"error","message":"==mqtt==reconnect==正在尝试重新连接","timestamp":"2019-05-21 09:57:49"}
{"level":"info","message":"mqtt成功连接到：ws://test.emq.restoplus.cn:8083/mqtt","timestamp":"2019-05-21 09:57:49"}
{"level":"info","message":"订阅成功--$queue/winPos/+/2f83afee7a0e4822a6729145dd53af33/d2ff1bbb8c6f4fd8adb3949f76f8c1b6/+/+/+","timestamp":"2019-05-21 09:57:49"}
{"level":"info","message":"允许接收的平台=>posAdmin-dev,resto-dev","timestamp":"2019-05-21 09:57:49"}
{"level":"info","message":"mqtt成功连接到：ws://test.emq.restoplus.cn:8083/mqtt","timestamp":"2019-05-21 10:03:52"}
{"level":"info","message":"订阅成功--$queue/winPos/+/2f83afee7a0e4822a6729145dd53af33/d2ff1bbb8c6f4fd8adb3949f76f8c1b6/+/+/+","timestamp":"2019-05-21 10:03:52"}
{"level":"info","message":"允许接收的平台=>posAdmin-dev,resto-dev","timestamp":"2019-05-21 10:03:52"}
{"level":"error","message":"==mqtt==close==你已断开连接,异常退出","timestamp":"2019-05-21 10:04:24"}
{"level":"error","message":"==mqtt==reconnect==正在尝试重新连接","timestamp":"2019-05-21 10:04:41"}
{"level":"info","message":"mqtt成功连接到：ws://test.emq.restoplus.cn:8083/mqtt","timestamp":"2019-05-21 10:04:42"}
{"level":"info","message":"订阅成功--$queue/winPos/+/2f83afee7a0e4822a6729145dd53af33/d2ff1bbb8c6f4fd8adb3949f76f8c1b6/+/+/+","timestamp":"2019-05-21 10:04:42"}
{"level":"info","message":"允许接收的平台=>posAdmin-dev,resto-dev","timestamp":"2019-05-21 10:04:42"}
{"level":"info","message":"GET /system/info 102 2019-05-21 10:04:54","timestamp":"2019-05-21 10:04:54"}
{"level":"info","message":"GET /order/discount_info 44 2019-05-21 10:04:54","timestamp":"2019-05-21 10:04:54"}
{"level":"info","message":"GET /order/detail 67 2019-05-21 10:04:54","timestamp":"2019-05-21 10:04:54"}
{"level":"info","message":"GET /order/detail 17 2019-05-21 10:04:54","timestamp":"2019-05-21 10:04:54"}
{"level":"info","message":"GET /order/order_items 8 2019-05-21 10:04:54","timestamp":"2019-05-21 10:04:54"}
{"level":"info","message":"GET /system/info 4 2019-05-21 10:05:19","timestamp":"2019-05-21 10:05:19"}
{"level":"info","message":"GET /order/discount_info 2 2019-05-21 10:05:20","timestamp":"2019-05-21 10:05:20"}
{"level":"info","message":"GET /order/detail 8 2019-05-21 10:05:20","timestamp":"2019-05-21 10:05:20"}
{"level":"info","message":"GET /order/detail 8 2019-05-21 10:05:20","timestamp":"2019-05-21 10:05:20"}
{"level":"info","message":"GET /order/order_items 7 2019-05-21 10:05:20","timestamp":"2019-05-21 10:05:20"}
{"level":"info","message":"DELETE /user/logout 1 2019-05-21 10:05:21","timestamp":"2019-05-21 10:05:21"}
{"level":"info","message":"GET /user/normal/list 3 2019-05-21 10:05:22","timestamp":"2019-05-21 10:05:22"}
{"level":"error","message":"ServiceUnavailableError: Response timeout\n    at IncomingMessage.<anonymous> (/Users/chintec/Documents/node/resto-newpos/node_modules/connect-timeout/index.js:84:8)\n    at emitOne (events.js:116:13)\n    at IncomingMessage.emit (events.js:211:7)\n    at Timeout._onTimeout (/Users/chintec/Documents/node/resto-newpos/node_modules/connect-timeout/index.js:49:11)\n    at ontimeout (timers.js:475:11)\n    at tryOnTimeout (timers.js:310:5)\n    at Timer.listOnTimeout (timers.js:270:5)","timestamp":"2019-05-21 10:05:56"}
{"level":"info","message":"POST /user/login 30004 2019-05-21 10:05:56","timestamp":"2019-05-21 10:05:56"}
{"level":"error","message":"ServiceUnavailableError: Response timeout\n    at IncomingMessage.<anonymous> (/Users/chintec/Documents/node/resto-newpos/node_modules/connect-timeout/index.js:84:8)\n    at emitOne (events.js:116:13)\n    at IncomingMessage.emit (events.js:211:7)\n    at Timeout._onTimeout (/Users/chintec/Documents/node/resto-newpos/node_modules/connect-timeout/index.js:49:11)\n    at ontimeout (timers.js:475:11)\n    at tryOnTimeout (timers.js:310:5)\n    at Timer.listOnTimeout (timers.js:270:5)","timestamp":"2019-05-21 10:06:05"}
{"level":"info","message":"POST /user/login 30001 2019-05-21 10:06:05","timestamp":"2019-05-21 10:06:05"}
{"level":"error","message":"ServiceUnavailableError: Response timeout\n    at IncomingMessage.<anonymous> (/Users/chintec/Documents/node/resto-newpos/node_modules/connect-timeout/index.js:84:8)\n    at emitOne (events.js:116:13)\n    at IncomingMessage.emit (events.js:211:7)\n    at Timeout._onTimeout (/Users/chintec/Documents/node/resto-newpos/node_modules/connect-timeout/index.js:49:11)\n    at ontimeout (timers.js:475:11)\n    at tryOnTimeout (timers.js:310:5)\n    at Timer.listOnTimeout (timers.js:270:5)","timestamp":"2019-05-21 10:06:07"}
{"level":"info","message":"POST /user/login 30002 2019-05-21 10:06:07","timestamp":"2019-05-21 10:06:07"}
{"level":"error","message":"ServiceUnavailableError: Response timeout\n    at IncomingMessage.<anonymous> (/Users/chintec/Documents/node/resto-newpos/node_modules/connect-timeout/index.js:84:8)\n    at emitOne (events.js:116:13)\n    at IncomingMessage.emit (events.js:211:7)\n    at Timeout._onTimeout (/Users/chintec/Documents/node/resto-newpos/node_modules/connect-timeout/index.js:49:11)\n    at ontimeout (timers.js:475:11)\n    at tryOnTimeout (timers.js:310:5)\n    at Timer.listOnTimeout (timers.js:270:5)","timestamp":"2019-05-21 10:06:08"}
{"level":"info","message":"POST /user/login 30000 2019-05-21 10:06:08","timestamp":"2019-05-21 10:06:08"}
{"level":"info","message":"GET /user/normal/list 6 2019-05-21 10:06:10","timestamp":"2019-05-21 10:06:10"}
{"level":"info","message":"GET /user/normal/list 2 2019-05-21 10:08:18","timestamp":"2019-05-21 10:08:18"}
{"level":"error","message":"ServiceUnavailableError: Response timeout\n    at IncomingMessage.<anonymous> (/Users/chintec/Documents/node/resto-newpos/node_modules/connect-timeout/index.js:84:8)\n    at emitOne (events.js:116:13)\n    at IncomingMessage.emit (events.js:211:7)\n    at Timeout._onTimeout (/Users/chintec/Documents/node/resto-newpos/node_modules/connect-timeout/index.js:49:11)\n    at ontimeout (timers.js:475:11)\n    at tryOnTimeout (timers.js:310:5)\n    at Timer.listOnTimeout (timers.js:270:5)","timestamp":"2019-05-21 10:08:55"}
{"level":"info","message":"POST /user/login 30000 2019-05-21 10:08:55","timestamp":"2019-05-21 10:08:55"}
{"level":"info","message":"GET /user/normal/list 38 2019-05-21 10:09:54","timestamp":"2019-05-21 10:09:54"}
{"level":"info","message":"GET /user/normal/list 3 2019-05-21 10:10:37","timestamp":"2019-05-21 10:10:37"}
{"level":"info","message":"GET /user/normal/list 2 2019-05-21 10:12:20","timestamp":"2019-05-21 10:12:20"}
{"level":"info","message":"GET /user/normal/list 3 2019-05-21 10:17:54","timestamp":"2019-05-21 10:17:54"}
{"level":"info","message":"mqtt成功连接到：ws://test.emq.restoplus.cn:8083/mqtt","timestamp":"2019-05-21 10:18:06"}
{"level":"info","message":"订阅成功--$queue/winPos/+/2f83afee7a0e4822a6729145dd53af33/d2ff1bbb8c6f4fd8adb3949f76f8c1b6/+/+/+","timestamp":"2019-05-21 10:18:06"}
{"level":"info","message":"允许接收的平台=>posAdmin-dev,resto-dev","timestamp":"2019-05-21 10:18:06"}
{"level":"error","message":"resource \"GET:/a9efd4cc3ac00ee2d516.hot-update.json\" not found","timestamp":"2019-05-21 10:18:29"}
{"level":"info","message":"GET /a9efd4cc3ac00ee2d516.hot-update.json 6 2019-05-21 10:18:29","timestamp":"2019-05-21 10:18:29"}
{"level":"info","message":"GET /user/normal/list 75 2019-05-21 10:35:03","timestamp":"2019-05-21 10:35:03"}
{"level":"info","message":"GET /user/normal/list 2 2019-05-21 10:35:36","timestamp":"2019-05-21 10:35:36"}
{"level":"info","message":"GET /user/normal/list 4 2019-05-21 10:36:12","timestamp":"2019-05-21 10:36:12"}
{"level":"info","message":"GET /user/normal/list 2 2019-05-21 10:38:21","timestamp":"2019-05-21 10:38:21"}
{"level":"info","message":"mqtt成功连接到：ws://test.emq.restoplus.cn:8083/mqtt","timestamp":"2019-05-21 10:39:14"}
{"level":"info","message":"订阅成功--$queue/winPos/+/2f83afee7a0e4822a6729145dd53af33/d2ff1bbb8c6f4fd8adb3949f76f8c1b6/+/+/+","timestamp":"2019-05-21 10:39:14"}
{"level":"info","message":"允许接收的平台=>posAdmin-dev,resto-dev","timestamp":"2019-05-21 10:39:14"}
{"level":"error","message":"==mqtt==close==你已断开连接,异常退出","timestamp":"2019-05-21 10:39:40"}
{"level":"error","message":"==mqtt==reconnect==正在尝试重新连接","timestamp":"2019-05-21 10:39:56"}
{"level":"info","message":"mqtt成功连接到：ws://test.emq.restoplus.cn:8083/mqtt","timestamp":"2019-05-21 10:39:57"}
{"level":"info","message":"订阅成功--$queue/winPos/+/2f83afee7a0e4822a6729145dd53af33/d2ff1bbb8c6f4fd8adb3949f76f8c1b6/+/+/+","timestamp":"2019-05-21 10:39:57"}
{"level":"info","message":"允许接收的平台=>posAdmin-dev,resto-dev","timestamp":"2019-05-21 10:39:57"}
{"level":"error","message":"resource \"GET:/763ea7f95ada4bdf64ee.hot-update.json\" not found","timestamp":"2019-05-21 10:40:05"}
{"level":"info","message":"GET /763ea7f95ada4bdf64ee.hot-update.json 4 2019-05-21 10:40:05","timestamp":"2019-05-21 10:40:05"}
{"level":"info","message":"GET /user/normal/list 136 2019-05-21 10:45:59","timestamp":"2019-05-21 10:45:59"}
{"level":"error","message":"ServiceUnavailableError: Response timeout\n    at IncomingMessage.<anonymous> (/Users/chintec/Documents/node/resto-newpos/node_modules/connect-timeout/index.js:84:8)\n    at emitOne (events.js:116:13)\n    at IncomingMessage.emit (events.js:211:7)\n    at Timeout._onTimeout (/Users/chintec/Documents/node/resto-newpos/node_modules/connect-timeout/index.js:49:11)\n    at ontimeout (timers.js:475:11)\n    at tryOnTimeout (timers.js:310:5)\n    at Timer.listOnTimeout (timers.js:270:5)","timestamp":"2019-05-21 10:46:39"}
{"level":"info","message":"POST /user/login 29899 2019-05-21 10:46:39","timestamp":"2019-05-21 10:46:39"}
{"level":"info","message":"mqtt成功连接到：ws://test.emq.restoplus.cn:8083/mqtt","timestamp":"2019-05-21 10:47:07"}
{"level":"info","message":"订阅成功--$queue/winPos/+/2f83afee7a0e4822a6729145dd53af33/d2ff1bbb8c6f4fd8adb3949f76f8c1b6/+/+/+","timestamp":"2019-05-21 10:47:07"}
{"level":"info","message":"允许接收的平台=>posAdmin-dev,resto-dev","timestamp":"2019-05-21 10:47:07"}
{"level":"error","message":"ServiceUnavailableError: Response timeout\n    at IncomingMessage.<anonymous> (/Users/chintec/Documents/node/resto-newpos/node_modules/connect-timeout/index.js:84:8)\n    at emitOne (events.js:116:13)\n    at IncomingMessage.emit (events.js:211:7)\n    at Timeout._onTimeout (/Users/chintec/Documents/node/resto-newpos/node_modules/connect-timeout/index.js:49:11)\n    at ontimeout (timers.js:475:11)\n    at tryOnTimeout (timers.js:310:5)\n    at Timer.listOnTimeout (timers.js:270:5)","timestamp":"2019-05-21 10:47:42"}
{"level":"info","message":"GET /user/normal/list 277 2019-05-21 10:47:51","timestamp":"2019-05-21 10:47:51"}
{"level":"info","message":"POST /user/login 68 2019-05-21 11:23:04","timestamp":"2019-05-21 11:23:04"}
{"level":"info","message":"GET /system/info 12 2019-05-21 11:23:04","timestamp":"2019-05-21 11:23:04"}
{"level":"info","message":"GET /order/order_state_count 43 2019-05-21 11:23:05","timestamp":"2019-05-21 11:23:05"}
{"level":"info","message":"GET /table/list 75 2019-05-21 11:23:05","timestamp":"2019-05-21 11:23:05"}
{"level":"info","message":"GET /area 75 2019-05-21 11:23:05","timestamp":"2019-05-21 11:23:05"}
{"level":"info","message":"GET /order/detail 21 2019-05-21 11:23:05","timestamp":"2019-05-21 11:23:05"}
{"level":"info","message":"GET /order/get_order_test 18 2019-05-21 11:23:05","timestamp":"2019-05-21 11:23:05"}
{"level":"info","message":"GET /order/get_order_test 5 2019-05-21 11:23:05","timestamp":"2019-05-21 11:23:05"}
{"level":"info","message":"GET /order/detail 8 2019-05-21 11:23:15","timestamp":"2019-05-21 11:23:15"}
{"level":"info","message":"GET /order/get_order_test 3 2019-05-21 11:23:15","timestamp":"2019-05-21 11:23:15"}
{"level":"info","message":"POST /bindTable 94 2019-05-21 11:23:21","timestamp":"2019-05-21 11:23:21"}
{"level":"info","message":"GET /article/family_list 18 2019-05-21 11:23:21","timestamp":"2019-05-21 11:23:21"}
{"level":"info","message":"GET /order/detail 21 2019-05-21 11:23:21","timestamp":"2019-05-21 11:23:21"}
{"level":"info","message":"GET /article/article_list 76 2019-05-21 11:23:21","timestamp":"2019-05-21 11:23:21"}
{"level":"info","message":"POST /pushOrder 131 2019-05-21 11:23:28","timestamp":"2019-05-21 11:23:28"}
{"level":"info","message":"GET /order/order_state_count 31 2019-05-21 11:23:28","timestamp":"2019-05-21 11:23:28"}
{"level":"info","message":"GET /area 28 2019-05-21 11:23:28","timestamp":"2019-05-21 11:23:28"}
{"level":"info","message":"GET /table/list 168 2019-05-21 11:23:28","timestamp":"2019-05-21 11:23:28"}
{"level":"info","message":"推送EMQ:resto-dev/2f83afee7a0e4822a6729145dd53af33/d2ff1bbb8c6f4fd8adb3949f76f8c1b6/order/creator/c61bbbf1ad3c4e53b2fddeeeda744d07 \n {\"master_order_id\":\"c61bbbf1ad3c4e53b2fddeeeda744d07\",\"order_arr\":[{\"id\":\"c61bbbf1ad3c4e53b2fddeeeda744d07\",\"table_number\":\"2\",\"customer_count\":6,\"accounting_time\":\"2019-05-21\",\"order_state\":1,\"production_status\":2,\"original_amount\":2,\"order_money\":2,\"origin_money\":null,\"article_count\":2,\"serial_number\":\"201905211123213250\",\"allow_cancel\":0,\"closed\":0,\"create_time\":\"1558409001325\",\"push_order_time\":null,\"print_order_time\":\"1558409008558\",\"remark\":\"\",\"distribution_mode_id\":1,\"amount_with_children\":0,\"parent_order_id\":null,\"service_price\":0,\"is_pos_pay\":0,\"pay_type\":1,\"count_with_child\":0,\"allow_continue_order\":0,\"payment_amount\":2,\"customer_id\":\"0\",\"customer_address_id\":null,\"ver_code\":\"44809\",\"pay_mode\":0,\"meal_fee_price\":0,\"meal_all_number\":0,\"order_mode\":6,\"allow_appraise\":0,\"confirm_time\":null,\"order_number\":1,\"call_number_time\":null,\"call_times\":0,\"shop_detail_id\":\"d2ff1bbb8c6f4fd8adb3949f76f8c1b6\",\"data_origin\":\"0\",\"sync_state\":1,\"last_sync_time\":\"1558409008411\",\"order_pos_discount_money\":\"0\",\"member_discount_money\":\"0\",\"erase_money\":\"0\",\"reduce_money\":\"0\",\"real_erase_money\":\"0\",\"pos_discount\":\"100\",\"no_discount_money\":\"0\",\"exemption_money\":\"0\",\"need_confirm_order_item\":0,\"sauce_fee_count\":\"6\",\"sauce_fee_price\":null,\"towel_fee_count\":\"6\",\"towel_fee_price\":0,\"tableware_fee_count\":\"6\",\"tableware_fee_price\":0,\"is_use_new_service\":0,\"grant_money\":0}],\"order_item\":[{\"id\":\"b2b21f9cc4404b108253b982620a2514\",\"order_id\":\"c61bbbf1ad3c4e53b2fddeeeda744d07\",\"article_id\":\"22d09d78c4ef4244b375de91acfa587a\",\"article_name\":\"蜜糖鸡翅(2件)\",\"count\":1,\"original_price\":1,\"no_discount_price\":null,\"unit_price\":1,\"final_price\":1,\"remark\":\"100%\",\"sort\":0,\"status\":1,\"type\":1,\"parent_id\":null,\"create_time\":\"1558409008453\",\"meal_item_id\":\"0\",\"kitchen_id\":\"\",\"recommend_id\":\"\",\"orgin_count\":1,\"refund_count\":0,\"grant_count\":0,\"meal_fee_number\":0,\"change_count\":0,\"print_fail_flag\":0,\"pos_discount\":100,\"weight\":0,\"need_remind\":0},{\"id\":\"ec86cfaf831d419b84c389a3073cf635\",\"order_id\":\"c61bbbf1ad3c4e53b2fddeeeda744d07\",\"article_id\":\"22ec4f4ec9034e018747809015dea060\",\"article_name\":\"不想吃\",\"count\":1,\"original_price\":1,\"no_discount_price\":null,\"unit_price\":1,\"final_price\":1,\"remark\":\"100%\",\"sort\":0,\"status\":1,\"type\":1,\"parent_id\":null,\"create_time\":\"1558409008511\",\"meal_item_id\":\"0\",\"kitchen_id\":\"\",\"recommend_id\":\"\",\"orgin_count\":1,\"refund_count\":0,\"grant_count\":0,\"meal_fee_number\":0,\"change_count\":0,\"print_fail_flag\":0,\"pos_discount\":100,\"weight\":0,\"need_remind\":0}]}","timestamp":"2019-05-21 11:23:28"}
{"level":"info","message":"GET /order/detail 247 2019-05-21 11:23:28","timestamp":"2019-05-21 11:23:28"}
{"level":"info","message":"GET /order/get_order_test 4 2019-05-21 11:23:29","timestamp":"2019-05-21 11:23:29"}
{"level":"info","message":"GET /order/discount_info 4 2019-05-21 11:23:31","timestamp":"2019-05-21 11:23:31"}
{"level":"info","message":"GET /order/detail 33 2019-05-21 11:23:31","timestamp":"2019-05-21 11:23:31"}
{"level":"info","message":"GET /order/detail 14 2019-05-21 11:23:31","timestamp":"2019-05-21 11:23:31"}
{"level":"info","message":"GET /order/order_items 10 2019-05-21 11:23:31","timestamp":"2019-05-21 11:23:31"}
{"level":"info","message":"GET /order/order_state_count 7 2019-05-21 11:23:55","timestamp":"2019-05-21 11:23:55"}
{"level":"info","message":"GET /area 6 2019-05-21 11:23:55","timestamp":"2019-05-21 11:23:55"}
{"level":"info","message":"GET /table/list 9 2019-05-21 11:23:55","timestamp":"2019-05-21 11:23:55"}
{"level":"info","message":"GET /order/detail 13 2019-05-21 11:23:55","timestamp":"2019-05-21 11:23:55"}
{"level":"info","message":"GET /order/get_order_test 3 2019-05-21 11:23:56","timestamp":"2019-05-21 11:23:56"}
{"level":"info","message":"GET /order/get_order_test 4 2019-05-21 11:23:56","timestamp":"2019-05-21 11:23:56"}
{"level":"info","message":"GET /order/detail 11 2019-05-21 11:23:57","timestamp":"2019-05-21 11:23:57"}
{"level":"info","message":"GET /order/order_state_count 4 2019-05-21 11:23:58","timestamp":"2019-05-21 11:23:58"}
{"level":"info","message":"GET /order/get_order_test 5 2019-05-21 11:23:58","timestamp":"2019-05-21 11:23:58"}
{"level":"info","message":"GET /order/no_pay 4 2019-05-21 11:23:58","timestamp":"2019-05-21 11:23:58"}
{"level":"info","message":"GET /order/detail 12 2019-05-21 11:23:58","timestamp":"2019-05-21 11:23:58"}
{"level":"info","message":"GET /order/get_order_test 4 2019-05-21 11:23:58","timestamp":"2019-05-21 11:23:58"}
{"level":"info","message":"GET /table/list 6 2019-05-21 11:24:00","timestamp":"2019-05-21 11:24:00"}
{"level":"info","message":"GET /order/order_state_count 4 2019-05-21 11:24:00","timestamp":"2019-05-21 11:24:00"}
{"level":"info","message":"GET /order/detail 7 2019-05-21 11:24:00","timestamp":"2019-05-21 11:24:00"}
{"level":"info","message":"GET /order/get_order_test 2 2019-05-21 11:24:00","timestamp":"2019-05-21 11:24:00"}
{"level":"info","message":"GET /order/get_order_test 1 2019-05-21 11:24:01","timestamp":"2019-05-21 11:24:01"}
{"level":"info","message":"GET /order/detail 3 2019-05-21 11:24:01","timestamp":"2019-05-21 11:24:01"}
{"level":"info","message":"GET /order/detail 2 2019-05-21 11:24:02","timestamp":"2019-05-21 11:24:02"}
{"level":"info","message":"GET /order/get_order_test 2 2019-05-21 11:24:02","timestamp":"2019-05-21 11:24:02"}
{"level":"info","message":"GET /order/get_order_test 1 2019-05-21 11:24:02","timestamp":"2019-05-21 11:24:02"}
{"level":"info","message":"GET /order/detail 3 2019-05-21 11:24:02","timestamp":"2019-05-21 11:24:02"}
{"level":"info","message":"GET /order/detail 3 2019-05-21 11:24:02","timestamp":"2019-05-21 11:24:02"}
{"level":"info","message":"GET /order/get_order_test 2 2019-05-21 11:24:03","timestamp":"2019-05-21 11:24:03"}
{"level":"info","message":"GET /order/get_order_test 1 2019-05-21 11:24:03","timestamp":"2019-05-21 11:24:03"}
{"level":"info","message":"GET /order/detail 3 2019-05-21 11:24:03","timestamp":"2019-05-21 11:24:03"}
{"level":"info","message":"GET /order/get_order_test 1 2019-05-21 11:24:03","timestamp":"2019-05-21 11:24:03"}
{"level":"info","message":"GET /table/list 8 2019-05-21 11:24:04","timestamp":"2019-05-21 11:24:04"}
{"level":"info","message":"GET /order/order_state_count 9 2019-05-21 11:24:04","timestamp":"2019-05-21 11:24:04"}
{"level":"info","message":"GET /order/detail 2 2019-05-21 11:24:04","timestamp":"2019-05-21 11:24:04"}
{"level":"info","message":"GET /order/get_order_test 2 2019-05-21 11:24:04","timestamp":"2019-05-21 11:24:04"}
{"level":"info","message":"GET /order/order_state_count 9 2019-05-21 11:24:05","timestamp":"2019-05-21 11:24:05"}
{"level":"info","message":"GET /area 5 2019-05-21 11:24:05","timestamp":"2019-05-21 11:24:05"}
{"level":"info","message":"GET /table/list 9 2019-05-21 11:24:05","timestamp":"2019-05-21 11:24:05"}
{"level":"info","message":"GET /order/detail 9 2019-05-21 11:24:05","timestamp":"2019-05-21 11:24:05"}
{"level":"info","message":"GET /order/get_order_test 4 2019-05-21 11:24:06","timestamp":"2019-05-21 11:24:06"}
{"level":"info","message":"GET /order/get_order_test 5 2019-05-21 11:24:06","timestamp":"2019-05-21 11:24:06"}
{"level":"info","message":"GET /order/detail 9 2019-05-21 11:24:07","timestamp":"2019-05-21 11:24:07"}
{"level":"info","message":"GET /order/get_order_test 4 2019-05-21 11:24:07","timestamp":"2019-05-21 11:24:07"}
{"level":"info","message":"GET /order/detail 12 2019-05-21 11:24:07","timestamp":"2019-05-21 11:24:07"}
{"level":"info","message":"GET /order/detail 10 2019-05-21 11:24:08","timestamp":"2019-05-21 11:24:08"}
{"level":"info","message":"GET /order/get_order_test 3 2019-05-21 11:24:08","timestamp":"2019-05-21 11:24:08"}
{"level":"info","message":"GET /order/get_order_test 3 2019-05-21 11:24:08","timestamp":"2019-05-21 11:24:08"}
{"level":"info","message":"GET /order/order_state_count 5 2019-05-21 11:24:08","timestamp":"2019-05-21 11:24:08"}
{"level":"info","message":"GET /table/list 7 2019-05-21 11:24:08","timestamp":"2019-05-21 11:24:08"}
{"level":"info","message":"GET /order/detail 4 2019-05-21 11:24:09","timestamp":"2019-05-21 11:24:09"}
{"level":"info","message":"GET /order/get_order_test 1 2019-05-21 11:24:09","timestamp":"2019-05-21 11:24:09"}
{"level":"info","message":"GET /order/get_order_test 2 2019-05-21 11:24:09","timestamp":"2019-05-21 11:24:09"}
{"level":"info","message":"GET /order/order_state_count 9 2019-05-21 11:24:15","timestamp":"2019-05-21 11:24:15"}
{"level":"info","message":"GET /area 6 2019-05-21 11:24:15","timestamp":"2019-05-21 11:24:15"}
{"level":"info","message":"GET /table/list 8 2019-05-21 11:24:15","timestamp":"2019-05-21 11:24:15"}
{"level":"info","message":"GET /order/detail 19 2019-05-21 11:24:15","timestamp":"2019-05-21 11:24:15"}
{"level":"info","message":"GET /order/get_order_test 3 2019-05-21 11:24:16","timestamp":"2019-05-21 11:24:16"}
{"level":"info","message":"GET /order/get_order_test 4 2019-05-21 11:24:16","timestamp":"2019-05-21 11:24:16"}
{"level":"info","message":"GET /order/order_state_count 5 2019-05-21 11:24:17","timestamp":"2019-05-21 11:24:17"}
{"level":"info","message":"GET /table/list 6 2019-05-21 11:24:17","timestamp":"2019-05-21 11:24:17"}
{"level":"info","message":"GET /order/detail 3 2019-05-21 11:24:17","timestamp":"2019-05-21 11:24:17"}
{"level":"info","message":"GET /order/get_order_test 2 2019-05-21 11:24:18","timestamp":"2019-05-21 11:24:18"}
{"level":"info","message":"GET /order/get_order_test 1 2019-05-21 11:24:18","timestamp":"2019-05-21 11:24:18"}
{"level":"info","message":"GET /order/order_state_count 7 2019-05-21 11:24:20","timestamp":"2019-05-21 11:24:20"}
{"level":"info","message":"GET /area 6 2019-05-21 11:24:20","timestamp":"2019-05-21 11:24:20"}
{"level":"info","message":"GET /table/list 7 2019-05-21 11:24:20","timestamp":"2019-05-21 11:24:20"}
{"level":"info","message":"GET /order/detail 12 2019-05-21 11:24:20","timestamp":"2019-05-21 11:24:20"}
{"level":"info","message":"GET /order/get_order_test 4 2019-05-21 11:24:21","timestamp":"2019-05-21 11:24:21"}
{"level":"info","message":"GET /order/get_order_test 5 2019-05-21 11:24:21","timestamp":"2019-05-21 11:24:21"}
{"level":"info","message":"GET /order/order_state_count 5 2019-05-21 11:24:27","timestamp":"2019-05-21 11:24:27"}
{"level":"info","message":"GET /table/list 6 2019-05-21 11:24:27","timestamp":"2019-05-21 11:24:27"}
{"level":"info","message":"GET /order/detail 6 2019-05-21 11:24:27","timestamp":"2019-05-21 11:24:27"}
{"level":"info","message":"GET /order/get_order_test 1 2019-05-21 11:24:27","timestamp":"2019-05-21 11:24:27"}
{"level":"info","message":"GET /order/get_order_test 1 2019-05-21 11:24:27","timestamp":"2019-05-21 11:24:27"}
{"level":"info","message":"GET /order/order_state_count 8 2019-05-21 11:25:10","timestamp":"2019-05-21 11:25:10"}
{"level":"info","message":"GET /area 6 2019-05-21 11:25:10","timestamp":"2019-05-21 11:25:10"}
{"level":"info","message":"GET /table/list 7 2019-05-21 11:25:10","timestamp":"2019-05-21 11:25:10"}
{"level":"info","message":"GET /order/detail 18 2019-05-21 11:25:10","timestamp":"2019-05-21 11:25:10"}
{"level":"info","message":"GET /order/get_order_test 5 2019-05-21 11:25:10","timestamp":"2019-05-21 11:25:10"}
{"level":"info","message":"GET /order/get_order_test 5 2019-05-21 11:25:10","timestamp":"2019-05-21 11:25:10"}
{"level":"info","message":"GET /business/report 22 2019-05-21 11:25:34","timestamp":"2019-05-21 11:25:34"}
{"level":"info","message":"GET /order/order_state_count 7 2019-05-21 11:26:02","timestamp":"2019-05-21 11:26:02"}
{"level":"info","message":"GET /area 6 2019-05-21 11:26:02","timestamp":"2019-05-21 11:26:02"}
{"level":"info","message":"GET /table/list 5 2019-05-21 11:26:02","timestamp":"2019-05-21 11:26:02"}
{"level":"info","message":"GET /order/detail 5 2019-05-21 11:26:02","timestamp":"2019-05-21 11:26:02"}
{"level":"info","message":"GET /order/get_order_test 5 2019-05-21 11:26:02","timestamp":"2019-05-21 11:26:02"}
{"level":"info","message":"GET /order/get_order_test 4 2019-05-21 11:26:02","timestamp":"2019-05-21 11:26:02"}
{"level":"info","message":"GET /table/list 7 2019-05-21 11:38:23","timestamp":"2019-05-21 11:38:23"}
{"level":"info","message":"GET /order/order_state_count 7 2019-05-21 11:38:23","timestamp":"2019-05-21 11:38:23"}
{"level":"info","message":"GET /order/detail 12 2019-05-21 11:38:23","timestamp":"2019-05-21 11:38:23"}
{"level":"info","message":"GET /order/get_order_test 3 2019-05-21 11:38:23","timestamp":"2019-05-21 11:38:23"}
{"level":"info","message":"GET /order/order_state_count 6 2019-05-21 11:38:27","timestamp":"2019-05-21 11:38:27"}
{"level":"info","message":"GET /table/list 6 2019-05-21 11:38:27","timestamp":"2019-05-21 11:38:27"}
{"level":"info","message":"GET /order/detail 2 2019-05-21 11:38:27","timestamp":"2019-05-21 11:38:27"}
{"level":"info","message":"GET /order/get_order_test 1 2019-05-21 11:38:28","timestamp":"2019-05-21 11:38:28"}
{"level":"info","message":"GET /order/get_order_test 1 2019-05-21 11:38:28","timestamp":"2019-05-21 11:38:28"}
{"level":"error","message":"==mqtt==close==你已断开连接,异常退出","timestamp":"2019-05-21 13:41:30"}
{"level":"error","message":"==mqtt==reconnect==正在尝试重新连接","timestamp":"2019-05-21 13:41:45"}
{"level":"info","message":"mqtt成功连接到：ws://test.emq.restoplus.cn:8083/mqtt","timestamp":"2019-05-21 13:41:45"}
{"level":"info","message":"订阅成功--$queue/winPos/+/2f83afee7a0e4822a6729145dd53af33/d2ff1bbb8c6f4fd8adb3949f76f8c1b6/+/+/+","timestamp":"2019-05-21 13:41:45"}
{"level":"info","message":"允许接收的平台=>posAdmin-dev,resto-dev","timestamp":"2019-05-21 13:41:45"}
{"level":"info","message":"mqtt成功连接到：ws://test.emq.restoplus.cn:8083/mqtt","timestamp":"2019-05-21 14:18:52"}
{"level":"info","message":"订阅成功--$queue/winPos/+/2f83afee7a0e4822a6729145dd53af33/d2ff1bbb8c6f4fd8adb3949f76f8c1b6/+/+/+","timestamp":"2019-05-21 14:18:52"}
{"level":"info","message":"允许接收的平台=>posAdmin-dev,resto-dev","timestamp":"2019-05-21 14:18:52"}
{"level":"error","message":"ServiceUnavailableError: Response timeout\n    at IncomingMessage.<anonymous> (/Users/chintec/Documents/node/resto-newpos/node_modules/connect-timeout/index.js:84:8)\n    at emitOne (events.js:116:13)\n    at IncomingMessage.emit (events.js:211:7)\n    at Timeout._onTimeout (/Users/chintec/Documents/node/resto-newpos/node_modules/connect-timeout/index.js:49:11)\n    at ontimeout (timers.js:475:11)\n    at tryOnTimeout (timers.js:310:5)\n    at Timer.listOnTimeout (timers.js:270:5)","timestamp":"2019-05-21 14:19:31"}
{"level":"info","message":"GET /system/info 55 2019-05-21 14:29:02","timestamp":"2019-05-21 14:29:02"}
{"level":"info","message":"GET /order/order_state_count 22 2019-05-21 14:29:02","timestamp":"2019-05-21 14:29:02"}
{"level":"info","message":"GET /order/detail 19 2019-05-21 14:29:02","timestamp":"2019-05-21 14:29:02"}
{"level":"info","message":"GET /table/list 24 2019-05-21 14:29:02","timestamp":"2019-05-21 14:29:02"}
{"level":"info","message":"GET /order/get_order_test 2 2019-05-21 14:29:02","timestamp":"2019-05-21 14:29:02"}
{"level":"info","message":"GET /order/order_state_count 21 2019-05-21 14:29:14","timestamp":"2019-05-21 14:29:14"}
{"level":"info","message":"GET /area 31 2019-05-21 14:29:14","timestamp":"2019-05-21 14:29:14"}
{"level":"info","message":"GET /table/list 31 2019-05-21 14:29:14","timestamp":"2019-05-21 14:29:14"}
{"level":"info","message":"GET /order/detail 26 2019-05-21 14:29:14","timestamp":"2019-05-21 14:29:14"}
{"level":"info","message":"GET /order/get_order_test 5 2019-05-21 14:29:14","timestamp":"2019-05-21 14:29:14"}
{"level":"info","message":"GET /order/get_order_test 5 2019-05-21 14:29:14","timestamp":"2019-05-21 14:29:14"}
{"level":"info","message":"GET /business/report 18 2019-05-21 14:36:39","timestamp":"2019-05-21 14:36:39"}
{"level":"info","message":"GET /order/order_state_count 6 2019-05-21 14:37:52","timestamp":"2019-05-21 14:37:52"}
{"level":"info","message":"GET /area 5 2019-05-21 14:37:52","timestamp":"2019-05-21 14:37:52"}
{"level":"info","message":"GET /table/list 5 2019-05-21 14:37:52","timestamp":"2019-05-21 14:37:52"}
{"level":"info","message":"GET /order/detail 9 2019-05-21 14:37:52","timestamp":"2019-05-21 14:37:52"}
{"level":"info","message":"GET /order/get_order_test 4 2019-05-21 14:37:52","timestamp":"2019-05-21 14:37:52"}
{"level":"info","message":"GET /order/get_order_test 4 2019-05-21 14:37:52","timestamp":"2019-05-21 14:37:52"}
{"level":"info","message":"GET /order/detail 9 2019-05-21 14:38:00","timestamp":"2019-05-21 14:38:00"}
{"level":"info","message":"GET /order/discount_info 4 2019-05-21 14:38:00","timestamp":"2019-05-21 14:38:00"}
{"level":"info","message":"GET /order/detail 6 2019-05-21 14:38:00","timestamp":"2019-05-21 14:38:00"}
{"level":"info","message":"GET /order/order_items 11 2019-05-21 14:38:00","timestamp":"2019-05-21 14:38:00"}
{"level":"info","message":"GET /order/order_state_count 7 2019-05-21 14:38:14","timestamp":"2019-05-21 14:38:14"}
{"level":"info","message":"GET /area 6 2019-05-21 14:38:14","timestamp":"2019-05-21 14:38:14"}
{"level":"info","message":"GET /table/list 7 2019-05-21 14:38:14","timestamp":"2019-05-21 14:38:14"}
{"level":"info","message":"GET /order/detail 8 2019-05-21 14:38:15","timestamp":"2019-05-21 14:38:15"}
{"level":"info","message":"GET /order/get_order_test 5 2019-05-21 14:38:15","timestamp":"2019-05-21 14:38:15"}
{"level":"info","message":"GET /order/get_order_test 5 2019-05-21 14:38:15","timestamp":"2019-05-21 14:38:15"}
{"level":"info","message":"POST /order/prompt 111 2019-05-21 14:38:20","timestamp":"2019-05-21 14:38:20"}
{"level":"info","message":"GET /order/detail 11 2019-05-21 14:38:30","timestamp":"2019-05-21 14:38:30"}
{"level":"info","message":"GET /order/get_order_test 3 2019-05-21 14:38:31","timestamp":"2019-05-21 14:38:31"}
{"level":"info","message":"GET /order/order_state_count 5 2019-05-21 14:38:36","timestamp":"2019-05-21 14:38:36"}
{"level":"info","message":"GET /table/list 6 2019-05-21 14:38:36","timestamp":"2019-05-21 14:38:36"}
{"level":"info","message":"GET /order/detail 2 2019-05-21 14:38:36","timestamp":"2019-05-21 14:38:36"}
{"level":"info","message":"GET /order/get_order_test 1 2019-05-21 14:38:36","timestamp":"2019-05-21 14:38:36"}
{"level":"info","message":"GET /order/get_order_test 1 2019-05-21 14:38:36","timestamp":"2019-05-21 14:38:36"}
{"level":"info","message":"GET /order/order_state_count 11 2019-05-21 14:40:56","timestamp":"2019-05-21 14:40:56"}
{"level":"info","message":"GET /area 11 2019-05-21 14:40:56","timestamp":"2019-05-21 14:40:56"}
{"level":"info","message":"GET /table/list 15 2019-05-21 14:40:56","timestamp":"2019-05-21 14:40:56"}
{"level":"info","message":"GET /order/detail 11 2019-05-21 14:40:57","timestamp":"2019-05-21 14:40:57"}
{"level":"info","message":"GET /order/get_order_test 2 2019-05-21 14:40:57","timestamp":"2019-05-21 14:40:57"}
{"level":"info","message":"GET /order/get_order_test 5 2019-05-21 14:40:57","timestamp":"2019-05-21 14:40:57"}
{"level":"info","message":"GET /business/report 9 2019-05-21 14:55:57","timestamp":"2019-05-21 14:55:57"}
{"level":"info","message":"mqtt成功连接到：ws://test.emq.restoplus.cn:8083/mqtt","timestamp":"2019-05-21 14:57:47"}
{"level":"info","message":"订阅成功--$queue/winPos/+/2f83afee7a0e4822a6729145dd53af33/d2ff1bbb8c6f4fd8adb3949f76f8c1b6/+/+/+","timestamp":"2019-05-21 14:57:47"}
{"level":"info","message":"允许接收的平台=>posAdmin-dev,resto-dev","timestamp":"2019-05-21 14:57:47"}
{"level":"error","message":"==mqtt==close==你已断开连接,异常退出","timestamp":"2019-05-21 14:58:16"}
{"level":"error","message":"==mqtt==reconnect==正在尝试重新连接","timestamp":"2019-05-21 14:58:34"}
{"level":"info","message":"mqtt成功连接到：ws://test.emq.restoplus.cn:8083/mqtt","timestamp":"2019-05-21 14:58:34"}
{"level":"info","message":"订阅成功--$queue/winPos/+/2f83afee7a0e4822a6729145dd53af33/d2ff1bbb8c6f4fd8adb3949f76f8c1b6/+/+/+","timestamp":"2019-05-21 14:58:34"}
{"level":"info","message":"允许接收的平台=>posAdmin-dev,resto-dev","timestamp":"2019-05-21 14:58:34"}
{"level":"info","message":"GET /system/info 232 2019-05-21 14:58:47","timestamp":"2019-05-21 14:58:47"}
{"level":"info","message":"GET /business/report 60 2019-05-21 14:58:47","timestamp":"2019-05-21 14:58:47"}
{"level":"info","message":"GET /business/report 9 2019-05-21 15:00:31","timestamp":"2019-05-21 15:00:31"}
{"level":"info","message":"GET /business/report 5 2019-05-21 15:01:09","timestamp":"2019-05-21 15:01:09"}
{"level":"info","message":"GET /business/report 7 2019-05-21 15:01:24","timestamp":"2019-05-21 15:01:24"}
{"level":"info","message":"GET /system/info 69 2019-05-21 15:03:16","timestamp":"2019-05-21 15:03:16"}
{"level":"info","message":"GET /business/report 8 2019-05-21 15:03:17","timestamp":"2019-05-21 15:03:17"}
{"level":"info","message":"GET /system/info 5 2019-05-21 15:03:37","timestamp":"2019-05-21 15:03:37"}
{"level":"info","message":"GET /business/report 8 2019-05-21 15:03:37","timestamp":"2019-05-21 15:03:37"}
{"level":"info","message":"POST /print/daily/report 10149 2019-05-21 15:03:50","timestamp":"2019-05-21 15:03:50"}
{"level":"info","message":"POST /print/daily/report 10070 2019-05-21 15:04:49","timestamp":"2019-05-21 15:04:49"}
{"level":"info","message":"GET /order/order_state_count 27 2019-05-21 15:05:56","timestamp":"2019-05-21 15:05:56"}
{"level":"info","message":"GET /area 47 2019-05-21 15:05:56","timestamp":"2019-05-21 15:05:56"}
{"level":"info","message":"GET /table/list 109 2019-05-21 15:05:56","timestamp":"2019-05-21 15:05:56"}
{"level":"info","message":"GET /order/detail 44 2019-05-21 15:05:56","timestamp":"2019-05-21 15:05:56"}
{"level":"info","message":"GET /order/get_order_test 10 2019-05-21 15:05:57","timestamp":"2019-05-21 15:05:57"}
{"level":"info","message":"GET /order/get_order_test 4 2019-05-21 15:05:57","timestamp":"2019-05-21 15:05:57"}
{"level":"info","message":"GET /system/info 7 2019-05-21 15:06:51","timestamp":"2019-05-21 15:06:51"}
{"level":"info","message":"GET /order/order_state_count 3 2019-05-21 15:06:51","timestamp":"2019-05-21 15:06:51"}
{"level":"info","message":"GET /area 4 2019-05-21 15:06:51","timestamp":"2019-05-21 15:06:51"}
{"level":"info","message":"GET /table/list 8 2019-05-21 15:06:51","timestamp":"2019-05-21 15:06:51"}
{"level":"info","message":"GET /order/detail 21 2019-05-21 15:06:51","timestamp":"2019-05-21 15:06:51"}
{"level":"info","message":"GET /order/get_order_test 6 2019-05-21 15:06:52","timestamp":"2019-05-21 15:06:52"}
{"level":"info","message":"GET /order/discount_info 7 2019-05-21 15:07:35","timestamp":"2019-05-21 15:07:35"}
{"level":"info","message":"GET /order/detail 14 2019-05-21 15:07:35","timestamp":"2019-05-21 15:07:35"}
{"level":"info","message":"GET /order/detail 6 2019-05-21 15:07:35","timestamp":"2019-05-21 15:07:35"}
{"level":"info","message":"GET /order/order_items 8 2019-05-21 15:07:35","timestamp":"2019-05-21 15:07:35"}
{"level":"info","message":"POST /orderPay 204 2019-05-21 15:07:42","timestamp":"2019-05-21 15:07:42"}
{"level":"info","message":"推送EMQ:resto-dev/2f83afee7a0e4822a6729145dd53af33/d2ff1bbb8c6f4fd8adb3949f76f8c1b6/order/payment/734196cc5e51404ea1b32ca6c76a1785 \n {\"order_id\":\"734196cc5e51404ea1b32ca6c76a1785\",\"order_payment_item\":[{\"id\":\"04176ef0772842fd99b3ba5fcc16486e\",\"order_id\":\"734196cc5e51404ea1b32ca6c76a1785\",\"payment_mode_id\":12,\"pay_value\":2,\"pay_time\":\"1558422462094\",\"remark\":\"现金支付：2\",\"result_data\":null,\"is_use_bonus\":null,\"to_pay_id\":null,\"refund_source_id\":null,\"type\":null}]}","timestamp":"2019-05-21 15:07:42"}
{"level":"info","message":"GET /order/order_state_count 19 2019-05-21 15:07:42","timestamp":"2019-05-21 15:07:42"}
{"level":"info","message":"GET /area 29 2019-05-21 15:07:42","timestamp":"2019-05-21 15:07:42"}
{"level":"info","message":"GET /table/list 33 2019-05-21 15:07:42","timestamp":"2019-05-21 15:07:42"}
{"level":"info","message":"GET /table/list 5 2019-05-21 15:07:51","timestamp":"2019-05-21 15:07:51"}
{"level":"info","message":"GET /order/order_state_count 14 2019-05-21 15:07:51","timestamp":"2019-05-21 15:07:51"}
{"level":"info","message":"POST /bindTable 39 2019-05-21 15:08:13","timestamp":"2019-05-21 15:08:13"}
{"level":"info","message":"GET /article/family_list 18 2019-05-21 15:08:13","timestamp":"2019-05-21 15:08:13"}
{"level":"info","message":"GET /order/detail 18 2019-05-21 15:08:13","timestamp":"2019-05-21 15:08:13"}
{"level":"info","message":"GET /article/article_list 39 2019-05-21 15:08:13","timestamp":"2019-05-21 15:08:13"}
{"level":"info","message":"POST /pushOrder 60 2019-05-21 15:08:16","timestamp":"2019-05-21 15:08:16"}
{"level":"info","message":"推送EMQ:resto-dev/2f83afee7a0e4822a6729145dd53af33/d2ff1bbb8c6f4fd8adb3949f76f8c1b6/order/creator/9514d63b1e86493f8a01cdc4a00e22c8 \n {\"master_order_id\":\"9514d63b1e86493f8a01cdc4a00e22c8\",\"order_arr\":[{\"id\":\"9514d63b1e86493f8a01cdc4a00e22c8\",\"table_number\":\"1\",\"customer_count\":1,\"accounting_time\":\"2019-05-21\",\"order_state\":1,\"production_status\":2,\"original_amount\":1,\"order_money\":1,\"origin_money\":null,\"article_count\":1,\"serial_number\":\"201905211508134360\",\"allow_cancel\":0,\"closed\":0,\"create_time\":\"1558422493437\",\"push_order_time\":null,\"print_order_time\":\"1558422496592\",\"remark\":\"\",\"distribution_mode_id\":1,\"amount_with_children\":0,\"parent_order_id\":null,\"service_price\":0,\"is_pos_pay\":0,\"pay_type\":1,\"count_with_child\":0,\"allow_continue_order\":0,\"payment_amount\":1,\"customer_id\":\"0\",\"customer_address_id\":null,\"ver_code\":\"22013\",\"pay_mode\":0,\"meal_fee_price\":0,\"meal_all_number\":0,\"order_mode\":6,\"allow_appraise\":0,\"confirm_time\":null,\"order_number\":2,\"call_number_time\":null,\"call_times\":0,\"shop_detail_id\":\"d2ff1bbb8c6f4fd8adb3949f76f8c1b6\",\"data_origin\":\"0\",\"sync_state\":1,\"last_sync_time\":\"1558422496567\",\"order_pos_discount_money\":\"0\",\"member_discount_money\":\"0\",\"erase_money\":\"0\",\"reduce_money\":\"0\",\"real_erase_money\":\"0\",\"pos_discount\":\"100\",\"no_discount_money\":\"0\",\"exemption_money\":\"0\",\"need_confirm_order_item\":0,\"sauce_fee_count\":\"1\",\"sauce_fee_price\":null,\"towel_fee_count\":\"1\",\"towel_fee_price\":0,\"tableware_fee_count\":\"1\",\"tableware_fee_price\":0,\"is_use_new_service\":0,\"grant_money\":0}],\"order_item\":[{\"id\":\"f63600591a3a455181bc37f36cd8f3ca\",\"order_id\":\"9514d63b1e86493f8a01cdc4a00e22c8\",\"article_id\":\"22d09d78c4ef4244b375de91acfa587a\",\"article_name\":\"蜜糖鸡翅(2件)\",\"count\":1,\"original_price\":1,\"no_discount_price\":null,\"unit_price\":1,\"final_price\":1,\"remark\":\"100%\",\"sort\":0,\"status\":1,\"type\":1,\"parent_id\":null,\"create_time\":\"1558422496598\",\"meal_item_id\":\"0\",\"kitchen_id\":\"\",\"recommend_id\":\"\",\"orgin_count\":1,\"refund_count\":0,\"grant_count\":0,\"meal_fee_number\":0,\"change_count\":0,\"print_fail_flag\":0,\"pos_discount\":100,\"weight\":0,\"need_remind\":0}]}","timestamp":"2019-05-21 15:08:16"}
{"level":"info","message":"GET /order/order_state_count 23 2019-05-21 15:08:16","timestamp":"2019-05-21 15:08:16"}
{"level":"info","message":"GET /area 15 2019-05-21 15:08:16","timestamp":"2019-05-21 15:08:16"}
{"level":"info","message":"GET /table/list 20 2019-05-21 15:08:16","timestamp":"2019-05-21 15:08:16"}
{"level":"info","message":"GET /order/detail 57 2019-05-21 15:08:16","timestamp":"2019-05-21 15:08:16"}
{"level":"info","message":"GET /order/get_order_test 4 2019-05-21 15:08:17","timestamp":"2019-05-21 15:08:17"}
{"level":"info","message":"GET /order/detail 8 2019-05-21 15:08:21","timestamp":"2019-05-21 15:08:21"}
{"level":"info","message":"GET /order/detail 8 2019-05-21 15:08:21","timestamp":"2019-05-21 15:08:21"}
{"level":"info","message":"GET /order/get_order_test 4 2019-05-21 15:08:21","timestamp":"2019-05-21 15:08:21"}
{"level":"info","message":"GET /table/list 8 2019-05-21 15:08:22","timestamp":"2019-05-21 15:08:22"}
{"level":"info","message":"GET /order/order_state_count 8 2019-05-21 15:08:22","timestamp":"2019-05-21 15:08:22"}
{"level":"info","message":"GET /order/get_order_test 5 2019-05-21 15:08:22","timestamp":"2019-05-21 15:08:22"}
{"level":"info","message":"DELETE /user/logout 1 2019-05-21 15:10:40","timestamp":"2019-05-21 15:10:40"}
{"level":"info","message":"GET /user/normal/list 3 2019-05-21 15:10:40","timestamp":"2019-05-21 15:10:40"}
{"level":"info","message":"POST /user/login 56 2019-05-21 15:10:44","timestamp":"2019-05-21 15:10:44"}
{"level":"info","message":"GET /order/order_state_count 9 2019-05-21 15:10:44","timestamp":"2019-05-21 15:10:44"}
{"level":"info","message":"GET /area 9 2019-05-21 15:10:44","timestamp":"2019-05-21 15:10:44"}
{"level":"info","message":"GET /table/list 12 2019-05-21 15:10:44","timestamp":"2019-05-21 15:10:44"}
{"level":"info","message":"GET /order/detail 14 2019-05-21 15:10:44","timestamp":"2019-05-21 15:10:44"}
{"level":"info","message":"GET /order/get_order_test 3 2019-05-21 15:10:44","timestamp":"2019-05-21 15:10:44"}
{"level":"info","message":"GET /order/get_order_test 4 2019-05-21 15:10:44","timestamp":"2019-05-21 15:10:44"}
{"level":"info","message":"GET /order/detail 10 2019-05-21 15:10:47","timestamp":"2019-05-21 15:10:47"}
{"level":"info","message":"GET /order/get_order_test 3 2019-05-21 15:10:48","timestamp":"2019-05-21 15:10:48"}
{"level":"info","message":"GET /order/detail 11 2019-05-21 15:10:49","timestamp":"2019-05-21 15:10:49"}
{"level":"info","message":"GET /order/detail 8 2019-05-21 15:10:49","timestamp":"2019-05-21 15:10:49"}
{"level":"info","message":"GET /order/get_order_test 3 2019-05-21 15:10:49","timestamp":"2019-05-21 15:10:49"}
{"level":"info","message":"GET /order/get_order_test 5 2019-05-21 15:10:49","timestamp":"2019-05-21 15:10:49"}
{"level":"info","message":"GET /table/list 12 2019-05-21 15:10:51","timestamp":"2019-05-21 15:10:51"}
{"level":"info","message":"GET /order/order_state_count 11 2019-05-21 15:10:51","timestamp":"2019-05-21 15:10:51"}
{"level":"info","message":"GET /order/detail 8 2019-05-21 15:10:51","timestamp":"2019-05-21 15:10:51"}
{"level":"info","message":"GET /order/get_order_test 3 2019-05-21 15:10:51","timestamp":"2019-05-21 15:10:51"}
{"level":"info","message":"GET /order/no_pay 11 2019-05-21 15:10:52","timestamp":"2019-05-21 15:10:52"}
{"level":"info","message":"GET /order/order_state_count 8 2019-05-21 15:10:52","timestamp":"2019-05-21 15:10:52"}
{"level":"info","message":"GET /order/detail 5 2019-05-21 15:10:52","timestamp":"2019-05-21 15:10:52"}
{"level":"info","message":"GET /order/get_order_test 3 2019-05-21 15:10:53","timestamp":"2019-05-21 15:10:53"}
{"level":"info","message":"GET /table/list 8 2019-05-21 15:10:53","timestamp":"2019-05-21 15:10:53"}
{"level":"info","message":"GET /order/order_state_count 18 2019-05-21 15:10:53","timestamp":"2019-05-21 15:10:53"}
{"level":"info","message":"GET /order/detail 5 2019-05-21 15:10:53","timestamp":"2019-05-21 15:10:53"}
{"level":"info","message":"GET /order/get_order_test 3 2019-05-21 15:10:54","timestamp":"2019-05-21 15:10:54"}
{"level":"info","message":"GET /order/detail 13 2019-05-21 15:10:59","timestamp":"2019-05-21 15:10:59"}
{"level":"info","message":"GET /order/get_order_test 5 2019-05-21 15:10:59","timestamp":"2019-05-21 15:10:59"}
{"level":"info","message":"GET /order/detail 11 2019-05-21 15:11:00","timestamp":"2019-05-21 15:11:00"}
{"level":"info","message":"GET /order/detail 9 2019-05-21 15:11:00","timestamp":"2019-05-21 15:11:00"}
{"level":"info","message":"GET /order/get_order_test 3 2019-05-21 15:11:00","timestamp":"2019-05-21 15:11:00"}
{"level":"info","message":"GET /order/get_order_test 6 2019-05-21 15:11:01","timestamp":"2019-05-21 15:11:01"}
{"level":"info","message":"GET /order/no_pay 14 2019-05-21 15:11:05","timestamp":"2019-05-21 15:11:05"}
{"level":"info","message":"GET /order/order_state_count 19 2019-05-21 15:11:05","timestamp":"2019-05-21 15:11:05"}
{"level":"info","message":"GET /order/detail 8 2019-05-21 15:11:05","timestamp":"2019-05-21 15:11:05"}
{"level":"info","message":"GET /order/get_order_test 3 2019-05-21 15:11:05","timestamp":"2019-05-21 15:11:05"}
{"level":"info","message":"GET /table/list 7 2019-05-21 15:11:07","timestamp":"2019-05-21 15:11:07"}
{"level":"info","message":"GET /order/order_state_count 8 2019-05-21 15:11:07","timestamp":"2019-05-21 15:11:07"}
{"level":"info","message":"GET /order/detail 9 2019-05-21 15:11:07","timestamp":"2019-05-21 15:11:07"}
{"level":"info","message":"GET /order/get_order_test 3 2019-05-21 15:11:07","timestamp":"2019-05-21 15:11:07"}
{"level":"info","message":"GET /order/no_pay 3 2019-05-21 15:11:09","timestamp":"2019-05-21 15:11:09"}
{"level":"info","message":"GET /order/order_state_count 5 2019-05-21 15:11:09","timestamp":"2019-05-21 15:11:09"}
{"level":"info","message":"GET /order/detail 6 2019-05-21 15:11:09","timestamp":"2019-05-21 15:11:09"}
{"level":"info","message":"GET /order/get_order_test 4 2019-05-21 15:11:10","timestamp":"2019-05-21 15:11:10"}
{"level":"info","message":"GET /order/no_pay 6 2019-05-21 15:11:41","timestamp":"2019-05-21 15:11:41"}
{"level":"info","message":"GET /order/order_state_count 6 2019-05-21 15:11:41","timestamp":"2019-05-21 15:11:41"}
{"level":"info","message":"GET /order/detail 11 2019-05-21 15:11:41","timestamp":"2019-05-21 15:11:41"}
{"level":"info","message":"GET /order/get_order_test 2 2019-05-21 15:11:42","timestamp":"2019-05-21 15:11:42"}
{"level":"info","message":"GET /order/order_state_count 2 2019-05-21 15:38:42","timestamp":"2019-05-21 15:38:42"}
{"level":"info","message":"GET /order/order_state_count 2 2019-05-21 15:39:35","timestamp":"2019-05-21 15:39:35"}
{"level":"info","message":"GET /order/order_state_count 26 2019-05-21 15:41:23","timestamp":"2019-05-21 15:41:23"}
{"level":"info","message":"GET /system/info 7 2019-05-21 15:41:29","timestamp":"2019-05-21 15:41:29"}
{"level":"info","message":"GET /order/order_state_count 14 2019-05-21 15:41:29","timestamp":"2019-05-21 15:41:29"}
{"level":"info","message":"GET /area 11 2019-05-21 15:41:29","timestamp":"2019-05-21 15:41:29"}
{"level":"info","message":"GET /table/list 13 2019-05-21 15:41:29","timestamp":"2019-05-21 15:41:29"}
{"level":"info","message":"GET /order/detail 28 2019-05-21 15:41:29","timestamp":"2019-05-21 15:41:29"}
{"level":"info","message":"GET /order/get_order_test 4 2019-05-21 15:41:30","timestamp":"2019-05-21 15:41:30"}
{"level":"info","message":"GET /order/detail 7 2019-05-21 15:41:32","timestamp":"2019-05-21 15:41:32"}
{"level":"info","message":"GET /order/get_order_test 5 2019-05-21 15:41:32","timestamp":"2019-05-21 15:41:32"}
{"level":"info","message":"GET /order/no_pay 7 2019-05-21 15:41:34","timestamp":"2019-05-21 15:41:34"}
{"level":"info","message":"GET /order/order_state_count 20 2019-05-21 15:41:34","timestamp":"2019-05-21 15:41:34"}
{"level":"info","message":"GET /order/detail 15 2019-05-21 15:41:34","timestamp":"2019-05-21 15:41:34"}
{"level":"info","message":"GET /order/get_order_test 5 2019-05-21 15:41:35","timestamp":"2019-05-21 15:41:35"}
{"level":"info","message":"GET /table/list 7 2019-05-21 15:41:35","timestamp":"2019-05-21 15:41:35"}
{"level":"info","message":"GET /order/order_state_count 6 2019-05-21 15:41:35","timestamp":"2019-05-21 15:41:35"}
{"level":"info","message":"GET /order/detail 6 2019-05-21 15:41:35","timestamp":"2019-05-21 15:41:35"}
{"level":"info","message":"GET /order/get_order_test 3 2019-05-21 15:41:36","timestamp":"2019-05-21 15:41:36"}
{"level":"info","message":"POST /bindTable 124 2019-05-21 15:41:39","timestamp":"2019-05-21 15:41:39"}
{"level":"info","message":"GET /article/family_list 5 2019-05-21 15:41:39","timestamp":"2019-05-21 15:41:39"}
{"level":"info","message":"GET /order/detail 16 2019-05-21 15:41:39","timestamp":"2019-05-21 15:41:39"}
{"level":"info","message":"GET /article/article_list 14 2019-05-21 15:41:39","timestamp":"2019-05-21 15:41:39"}
{"level":"info","message":"GET /order/order_state_count 9 2019-05-21 15:41:40","timestamp":"2019-05-21 15:41:40"}
{"level":"info","message":"GET /area 7 2019-05-21 15:41:40","timestamp":"2019-05-21 15:41:40"}
{"level":"info","message":"GET /table/list 7 2019-05-21 15:41:40","timestamp":"2019-05-21 15:41:40"}
{"level":"info","message":"GET /order/detail 7 2019-05-21 15:41:40","timestamp":"2019-05-21 15:41:40"}
{"level":"info","message":"GET /order/get_order_test 2 2019-05-21 15:41:41","timestamp":"2019-05-21 15:41:41"}
{"level":"info","message":"GET /order/get_order_test 4 2019-05-21 15:41:41","timestamp":"2019-05-21 15:41:41"}
{"level":"info","message":"GET /order/wait_order 9 2019-05-21 15:41:42","timestamp":"2019-05-21 15:41:42"}
{"level":"info","message":"GET /order/order_state_count 10 2019-05-21 15:41:42","timestamp":"2019-05-21 15:41:42"}
{"level":"info","message":"GET /order/detail 7 2019-05-21 15:41:42","timestamp":"2019-05-21 15:41:42"}
{"level":"info","message":"GET /order/get_order_test 3 2019-05-21 15:41:43","timestamp":"2019-05-21 15:41:43"}
{"level":"info","message":"GET /order/no_pay 6 2019-05-21 15:41:44","timestamp":"2019-05-21 15:41:44"}
{"level":"info","message":"GET /order/order_state_count 7 2019-05-21 15:41:44","timestamp":"2019-05-21 15:41:44"}
{"level":"info","message":"GET /order/detail 8 2019-05-21 15:41:44","timestamp":"2019-05-21 15:41:44"}
{"level":"info","message":"GET /order/get_order_test 3 2019-05-21 15:41:44","timestamp":"2019-05-21 15:41:44"}
{"level":"info","message":"GET /order/wait_order 3 2019-05-21 15:41:45","timestamp":"2019-05-21 15:41:45"}
{"level":"info","message":"GET /order/order_state_count 5 2019-05-21 15:41:45","timestamp":"2019-05-21 15:41:45"}
{"level":"info","message":"GET /order/detail 7 2019-05-21 15:41:45","timestamp":"2019-05-21 15:41:45"}
{"level":"info","message":"GET /order/get_order_test 2 2019-05-21 15:41:45","timestamp":"2019-05-21 15:41:45"}
{"level":"info","message":"GET /order/no_pay 6 2019-05-21 15:41:46","timestamp":"2019-05-21 15:41:46"}
{"level":"info","message":"GET /order/order_state_count 7 2019-05-21 15:41:46","timestamp":"2019-05-21 15:41:46"}
{"level":"info","message":"GET /order/detail 6 2019-05-21 15:41:46","timestamp":"2019-05-21 15:41:46"}
{"level":"info","message":"GET /order/get_order_test 2 2019-05-21 15:41:46","timestamp":"2019-05-21 15:41:46"}
{"level":"info","message":"GET /order/order_state_count 9 2019-05-21 15:41:47","timestamp":"2019-05-21 15:41:47"}
{"level":"info","message":"GET /table/list 10 2019-05-21 15:41:47","timestamp":"2019-05-21 15:41:47"}
{"level":"info","message":"GET /order/detail 5 2019-05-21 15:41:47","timestamp":"2019-05-21 15:41:47"}
{"level":"info","message":"GET /order/get_order_test 2 2019-05-21 15:41:48","timestamp":"2019-05-21 15:41:48"}
{"level":"info","message":"GET /order/get_order_test 2 2019-05-21 15:41:48","timestamp":"2019-05-21 15:41:48"}
{"level":"info","message":"GET /order/order_state_count 4 2019-05-21 15:41:48","timestamp":"2019-05-21 15:41:48"}
{"level":"info","message":"GET /area 6 2019-05-21 15:41:48","timestamp":"2019-05-21 15:41:48"}
{"level":"info","message":"GET /table/list 5 2019-05-21 15:41:48","timestamp":"2019-05-21 15:41:48"}
{"level":"info","message":"GET /order/detail 9 2019-05-21 15:41:48","timestamp":"2019-05-21 15:41:48"}
{"level":"info","message":"GET /order/get_order_test 3 2019-05-21 15:41:49","timestamp":"2019-05-21 15:41:49"}
{"level":"info","message":"GET /order/get_order_test 4 2019-05-21 15:41:49","timestamp":"2019-05-21 15:41:49"}
{"level":"info","message":"GET /area 3 2019-05-21 15:45:50","timestamp":"2019-05-21 15:45:50"}
{"level":"info","message":"GET /table/list 7 2019-05-21 15:45:50","timestamp":"2019-05-21 15:45:50"}
{"level":"info","message":"GET /order/detail 26 2019-05-21 15:45:50","timestamp":"2019-05-21 15:45:50"}
{"level":"info","message":"GET /system/info 3 2019-05-21 15:45:51","timestamp":"2019-05-21 15:45:51"}
{"level":"info","message":"GET /order/order_state_count 16 2019-05-21 15:45:51","timestamp":"2019-05-21 15:45:51"}
{"level":"info","message":"GET /area 13 2019-05-21 15:45:51","timestamp":"2019-05-21 15:45:51"}
{"level":"info","message":"GET /table/list 15 2019-05-21 15:45:51","timestamp":"2019-05-21 15:45:51"}
{"level":"info","message":"GET /order/detail 29 2019-05-21 15:45:51","timestamp":"2019-05-21 15:45:51"}
{"level":"info","message":"GET /order/get_order_test 4 2019-05-21 15:45:52","timestamp":"2019-05-21 15:45:52"}
{"level":"info","message":"GET /system/info 5 2019-05-21 15:46:48","timestamp":"2019-05-21 15:46:48"}
{"level":"info","message":"GET /order/order_state_count 130 2019-05-21 15:46:48","timestamp":"2019-05-21 15:46:48"}
{"level":"info","message":"GET /area 21 2019-05-21 15:46:48","timestamp":"2019-05-21 15:46:48"}
{"level":"info","message":"GET /table/list 24 2019-05-21 15:46:48","timestamp":"2019-05-21 15:46:48"}
{"level":"info","message":"GET /order/detail 35 2019-05-21 15:46:48","timestamp":"2019-05-21 15:46:48"}
{"level":"info","message":"GET /order/get_order_test 3 2019-05-21 15:46:49","timestamp":"2019-05-21 15:46:49"}
{"level":"error","message":"resource \"GET:/%E5%BE%85%E4%B8%8B%E5%8D%95%E5%92%8C%E6%9C%AA%E6%94%AF%E4%BB%98\" not found","timestamp":"2019-05-21 15:46:50"}
{"level":"info","message":"GET /%E5%BE%85%E4%B8%8B%E5%8D%95%E5%92%8C%E6%9C%AA%E6%94%AF%E4%BB%98 2 2019-05-21 15:46:50","timestamp":"2019-05-21 15:46:50"}
{"level":"info","message":"GET /order/order_state_count 9 2019-05-21 15:46:50","timestamp":"2019-05-21 15:46:50"}
{"level":"info","message":"GET /order/order_state_count 7 2019-05-21 15:47:01","timestamp":"2019-05-21 15:47:01"}
{"level":"info","message":"GET /area 6 2019-05-21 15:47:01","timestamp":"2019-05-21 15:47:01"}
{"level":"info","message":"GET /table/list 7 2019-05-21 15:47:01","timestamp":"2019-05-21 15:47:01"}
{"level":"info","message":"GET /order/detail 9 2019-05-21 15:47:02","timestamp":"2019-05-21 15:47:02"}
{"level":"info","message":"GET /order/get_order_test 3 2019-05-21 15:47:02","timestamp":"2019-05-21 15:47:02"}
{"level":"info","message":"GET /order/get_order_test 3 2019-05-21 15:47:02","timestamp":"2019-05-21 15:47:02"}
{"level":"error","message":"resource \"GET:/%E5%BE%85%E4%B8%8B%E5%8D%95%E5%92%8C%E6%9C%AA%E6%94%AF%E4%BB%98\" not found","timestamp":"2019-05-21 15:47:04"}
{"level":"info","message":"GET /%E5%BE%85%E4%B8%8B%E5%8D%95%E5%92%8C%E6%9C%AA%E6%94%AF%E4%BB%98 1 2019-05-21 15:47:04","timestamp":"2019-05-21 15:47:04"}
{"level":"info","message":"GET /order/order_state_count 6 2019-05-21 15:47:04","timestamp":"2019-05-21 15:47:04"}
{"level":"info","message":"GET /system/info 5 2019-05-21 15:47:39","timestamp":"2019-05-21 15:47:39"}
{"level":"info","message":"GET /order/order_state_count 7 2019-05-21 15:47:40","timestamp":"2019-05-21 15:47:40"}
{"level":"info","message":"GET /order/wait_and_nopay 7 2019-05-21 15:47:40","timestamp":"2019-05-21 15:47:40"}
{"level":"info","message":"GET /system/info 5 2019-05-21 15:47:43","timestamp":"2019-05-21 15:47:43"}
{"level":"info","message":"GET /order/order_state_count 3 2019-05-21 15:47:43","timestamp":"2019-05-21 15:47:43"}
{"level":"info","message":"GET /order/wait_and_nopay 2 2019-05-21 15:47:43","timestamp":"2019-05-21 15:47:43"}
{"level":"info","message":"GET /order/order_state_count 6 2019-05-21 15:47:46","timestamp":"2019-05-21 15:47:46"}
{"level":"info","message":"GET /area 5 2019-05-21 15:47:46","timestamp":"2019-05-21 15:47:46"}
{"level":"info","message":"GET /table/list 8 2019-05-21 15:47:46","timestamp":"2019-05-21 15:47:46"}
{"level":"info","message":"GET /order/detail 5 2019-05-21 15:47:46","timestamp":"2019-05-21 15:47:46"}
{"level":"info","message":"GET /order/get_order_test 3 2019-05-21 15:47:46","timestamp":"2019-05-21 15:47:46"}
{"level":"info","message":"GET /order/get_order_test 4 2019-05-21 15:47:46","timestamp":"2019-05-21 15:47:46"}
{"level":"info","message":"GET /order/order_state_count 4 2019-05-21 15:47:48","timestamp":"2019-05-21 15:47:48"}
{"level":"info","message":"GET /order/wait_and_nopay 5 2019-05-21 15:47:48","timestamp":"2019-05-21 15:47:48"}
{"level":"info","message":"GET /system/info 3 2019-05-21 15:49:10","timestamp":"2019-05-21 15:49:10"}
{"level":"info","message":"GET /order/order_state_count 21 2019-05-21 15:49:11","timestamp":"2019-05-21 15:49:11"}
{"level":"info","message":"GET /order/wait_and_nopay 31 2019-05-21 15:49:11","timestamp":"2019-05-21 15:49:11"}
{"level":"info","message":"GET /order/detail 21 2019-05-21 15:49:11","timestamp":"2019-05-21 15:49:11"}
{"level":"info","message":"GET /order/get_order_test 3 2019-05-21 15:49:11","timestamp":"2019-05-21 15:49:11"}
{"level":"info","message":"GET /order/get_order_test 4 2019-05-21 15:49:12","timestamp":"2019-05-21 15:49:12"}
{"level":"info","message":"GET /system/info 9 2019-05-21 15:49:24","timestamp":"2019-05-21 15:49:24"}
{"level":"info","message":"GET /order/order_state_count 14 2019-05-21 15:49:24","timestamp":"2019-05-21 15:49:24"}
{"level":"info","message":"GET /order/wait_and_nopay 8 2019-05-21 15:49:24","timestamp":"2019-05-21 15:49:24"}
{"level":"info","message":"GET /order/detail 20 2019-05-21 15:49:24","timestamp":"2019-05-21 15:49:24"}
{"level":"info","message":"GET /order/get_order_test 4 2019-05-21 15:49:25","timestamp":"2019-05-21 15:49:25"}
{"level":"info","message":"GET /order/order_state_count 10 2019-05-21 15:50:08","timestamp":"2019-05-21 15:50:08"}
{"level":"info","message":"GET /order/wait_and_nopay 7 2019-05-21 15:50:08","timestamp":"2019-05-21 15:50:08"}
{"level":"info","message":"GET /order/detail 16 2019-05-21 15:50:08","timestamp":"2019-05-21 15:50:08"}
{"level":"info","message":"GET /order/get_order_test 5 2019-05-21 15:50:08","timestamp":"2019-05-21 15:50:08"}
{"level":"info","message":"GET /order/order_state_count 401 2019-05-21 15:51:48","timestamp":"2019-05-21 15:51:48"}
{"level":"info","message":"GET /order/wait_and_nopay 8 2019-05-21 15:51:48","timestamp":"2019-05-21 15:51:48"}
{"level":"info","message":"GET /order/detail 17 2019-05-21 15:51:48","timestamp":"2019-05-21 15:51:48"}
{"level":"info","message":"GET /order/get_order_test 3 2019-05-21 15:51:48","timestamp":"2019-05-21 15:51:48"}
{"level":"info","message":"GET /system/info 6 2019-05-21 15:51:50","timestamp":"2019-05-21 15:51:50"}
{"level":"info","message":"GET /order/order_state_count 6 2019-05-21 15:51:51","timestamp":"2019-05-21 15:51:51"}
{"level":"info","message":"GET /order/wait_and_nopay 3 2019-05-21 15:51:51","timestamp":"2019-05-21 15:51:51"}
{"level":"info","message":"GET /order/detail 13 2019-05-21 15:51:51","timestamp":"2019-05-21 15:51:51"}
{"level":"info","message":"GET /order/get_order_test 5 2019-05-21 15:51:51","timestamp":"2019-05-21 15:51:51"}
{"level":"info","message":"GET /order/order_state_count 35 2019-05-21 15:53:29","timestamp":"2019-05-21 15:53:29"}
{"level":"info","message":"GET /order/wait_and_nopay 18 2019-05-21 15:53:29","timestamp":"2019-05-21 15:53:29"}
{"level":"info","message":"GET /order/detail 31 2019-05-21 15:53:29","timestamp":"2019-05-21 15:53:29"}
{"level":"info","message":"GET /system/info 11 2019-05-21 15:53:30","timestamp":"2019-05-21 15:53:30"}
{"level":"info","message":"GET /order/order_state_count 6 2019-05-21 15:53:31","timestamp":"2019-05-21 15:53:31"}
{"level":"info","message":"GET /order/wait_and_nopay 3 2019-05-21 15:53:31","timestamp":"2019-05-21 15:53:31"}
{"level":"info","message":"GET /order/detail 11 2019-05-21 15:53:31","timestamp":"2019-05-21 15:53:31"}
{"level":"info","message":"GET /order/get_order_test 2 2019-05-21 15:53:31","timestamp":"2019-05-21 15:53:31"}
{"level":"info","message":"GET /order/detail 7 2019-05-21 15:54:25","timestamp":"2019-05-21 15:54:25"}
{"level":"info","message":"GET /order/get_order_test 4 2019-05-21 15:54:26","timestamp":"2019-05-21 15:54:26"}
{"level":"info","message":"GET /order/detail 12 2019-05-21 15:54:26","timestamp":"2019-05-21 15:54:26"}
{"level":"info","message":"GET /order/get_order_test 4 2019-05-21 15:54:26","timestamp":"2019-05-21 15:54:26"}
{"level":"info","message":"GET /order/detail 8 2019-05-21 15:54:28","timestamp":"2019-05-21 15:54:28"}
{"level":"info","message":"GET /order/get_order_test 4 2019-05-21 15:54:28","timestamp":"2019-05-21 15:54:28"}
{"level":"info","message":"GET /order/detail 6 2019-05-21 15:54:29","timestamp":"2019-05-21 15:54:29"}
{"level":"info","message":"GET /order/get_order_test 10 2019-05-21 15:54:30","timestamp":"2019-05-21 15:54:30"}
{"level":"info","message":"GET /order/detail 8 2019-05-21 15:54:31","timestamp":"2019-05-21 15:54:31"}
{"level":"info","message":"GET /order/get_order_test 4 2019-05-21 15:54:31","timestamp":"2019-05-21 15:54:31"}
{"level":"info","message":"GET /order/detail 7 2019-05-21 15:54:32","timestamp":"2019-05-21 15:54:32"}
{"level":"info","message":"GET /order/get_order_test 4 2019-05-21 15:54:32","timestamp":"2019-05-21 15:54:32"}
{"level":"info","message":"GET /order/detail 11 2019-05-21 15:54:33","timestamp":"2019-05-21 15:54:33"}
{"level":"info","message":"GET /order/get_order_test 6 2019-05-21 15:54:33","timestamp":"2019-05-21 15:54:33"}
{"level":"info","message":"GET /order/detail 7 2019-05-21 15:54:34","timestamp":"2019-05-21 15:54:34"}
{"level":"info","message":"GET /order/get_order_test 6 2019-05-21 15:54:34","timestamp":"2019-05-21 15:54:34"}
{"level":"info","message":"GET /table/list 11 2019-05-21 15:54:37","timestamp":"2019-05-21 15:54:37"}
{"level":"info","message":"GET /order/order_state_count 11 2019-05-21 15:54:37","timestamp":"2019-05-21 15:54:37"}
{"level":"info","message":"GET /order/detail 2 2019-05-21 15:54:37","timestamp":"2019-05-21 15:54:37"}
{"level":"info","message":"GET /order/get_order_test 2 2019-05-21 15:54:37","timestamp":"2019-05-21 15:54:37"}
{"level":"info","message":"GET /table/list 4 2019-05-21 15:54:38","timestamp":"2019-05-21 15:54:38"}
{"level":"info","message":"GET /order/order_state_count 4 2019-05-21 15:54:38","timestamp":"2019-05-21 15:54:38"}
{"level":"info","message":"GET /order/detail 3 2019-05-21 15:54:38","timestamp":"2019-05-21 15:54:38"}
{"level":"info","message":"GET /order/get_order_test 1 2019-05-21 15:54:39","timestamp":"2019-05-21 15:54:39"}
{"level":"info","message":"GET /system/info 5 2019-05-21 15:54:41","timestamp":"2019-05-21 15:54:41"}
{"level":"info","message":"GET /order/order_state_count 7 2019-05-21 15:54:42","timestamp":"2019-05-21 15:54:42"}
{"level":"info","message":"GET /order/detail 5 2019-05-21 15:54:42","timestamp":"2019-05-21 15:54:42"}
{"level":"info","message":"GET /order/wait_and_nopay 3 2019-05-21 15:54:42","timestamp":"2019-05-21 15:54:42"}
{"level":"info","message":"GET /order/detail 11 2019-05-21 15:54:43","timestamp":"2019-05-21 15:54:43"}
{"level":"info","message":"GET /order/get_order_test 5 2019-05-21 15:54:43","timestamp":"2019-05-21 15:54:43"}
{"level":"info","message":"GET /order/get_order_test 4 2019-05-21 15:54:43","timestamp":"2019-05-21 15:54:43"}
{"level":"info","message":"GET /order/order_state_count 3 2019-05-21 15:55:38","timestamp":"2019-05-21 15:55:38"}
{"level":"info","message":"GET /area 2 2019-05-21 15:55:38","timestamp":"2019-05-21 15:55:38"}
{"level":"info","message":"GET /table/list 6 2019-05-21 15:55:38","timestamp":"2019-05-21 15:55:38"}
{"level":"info","message":"GET /order/detail 6 2019-05-21 15:55:39","timestamp":"2019-05-21 15:55:39"}
{"level":"info","message":"GET /order/get_order_test 3 2019-05-21 15:55:39","timestamp":"2019-05-21 15:55:39"}
{"level":"info","message":"GET /order/get_order_test 4 2019-05-21 15:55:39","timestamp":"2019-05-21 15:55:39"}
{"level":"info","message":"GET /order/order_state_count 10 2019-05-21 15:55:41","timestamp":"2019-05-21 15:55:41"}
{"level":"info","message":"GET /order/wait_and_nopay 8 2019-05-21 15:55:41","timestamp":"2019-05-21 15:55:41"}
{"level":"info","message":"GET /order/detail 7 2019-05-21 15:55:41","timestamp":"2019-05-21 15:55:41"}
{"level":"info","message":"GET /order/get_order_test 3 2019-05-21 15:55:41","timestamp":"2019-05-21 15:55:41"}
{"level":"info","message":"GET /order/get_order_test 4 2019-05-21 15:55:41","timestamp":"2019-05-21 15:55:41"}
{"level":"info","message":"GET /order/order_state_count 11 2019-05-21 15:55:44","timestamp":"2019-05-21 15:55:44"}
{"level":"info","message":"GET /area 11 2019-05-21 15:55:44","timestamp":"2019-05-21 15:55:44"}
{"level":"info","message":"GET /table/list 9 2019-05-21 15:55:44","timestamp":"2019-05-21 15:55:44"}
{"level":"info","message":"GET /order/detail 7 2019-05-21 15:55:44","timestamp":"2019-05-21 15:55:44"}
{"level":"info","message":"GET /order/get_order_test 3 2019-05-21 15:55:45","timestamp":"2019-05-21 15:55:45"}
{"level":"info","message":"GET /order/get_order_test 5 2019-05-21 15:55:45","timestamp":"2019-05-21 15:55:45"}
{"level":"info","message":"GET /order/order_state_count 12 2019-05-21 15:55:45","timestamp":"2019-05-21 15:55:45"}
{"level":"info","message":"GET /order/wait_and_nopay 8 2019-05-21 15:55:45","timestamp":"2019-05-21 15:55:45"}
{"level":"info","message":"GET /order/detail 6 2019-05-21 15:55:45","timestamp":"2019-05-21 15:55:45"}
{"level":"info","message":"GET /order/get_order_test 4 2019-05-21 15:55:46","timestamp":"2019-05-21 15:55:46"}
{"level":"info","message":"GET /order/get_order_test 4 2019-05-21 15:55:46","timestamp":"2019-05-21 15:55:46"}
{"level":"info","message":"GET /order/order_state_count 9 2019-05-21 15:55:47","timestamp":"2019-05-21 15:55:47"}
{"level":"info","message":"GET /area 9 2019-05-21 15:55:47","timestamp":"2019-05-21 15:55:47"}
{"level":"info","message":"GET /table/list 10 2019-05-21 15:55:47","timestamp":"2019-05-21 15:55:47"}
{"level":"info","message":"GET /order/detail 9 2019-05-21 15:55:47","timestamp":"2019-05-21 15:55:47"}
{"level":"info","message":"GET /order/get_order_test 3 2019-05-21 15:55:47","timestamp":"2019-05-21 15:55:47"}
{"level":"info","message":"GET /order/get_order_test 5 2019-05-21 15:55:47","timestamp":"2019-05-21 15:55:47"}
{"level":"info","message":"GET /order/order_state_count 8 2019-05-21 15:55:49","timestamp":"2019-05-21 15:55:49"}
{"level":"info","message":"GET /order/wait_and_nopay 6 2019-05-21 15:55:49","timestamp":"2019-05-21 15:55:49"}
{"level":"info","message":"GET /order/detail 7 2019-05-21 15:55:49","timestamp":"2019-05-21 15:55:49"}
{"level":"info","message":"GET /order/get_order_test 4 2019-05-21 15:55:49","timestamp":"2019-05-21 15:55:49"}
{"level":"info","message":"GET /order/get_order_test 4 2019-05-21 15:55:49","timestamp":"2019-05-21 15:55:49"}
{"level":"info","message":"GET /order/detail 9 2019-05-21 15:56:05","timestamp":"2019-05-21 15:56:05"}
{"level":"info","message":"GET /order/get_order_test 2 2019-05-21 15:56:06","timestamp":"2019-05-21 15:56:06"}
{"level":"info","message":"GET /order/detail 8 2019-05-21 15:56:07","timestamp":"2019-05-21 15:56:07"}
{"level":"info","message":"GET /order/get_order_test 2 2019-05-21 15:56:07","timestamp":"2019-05-21 15:56:07"}
{"level":"info","message":"GET /order/detail 7 2019-05-21 15:56:08","timestamp":"2019-05-21 15:56:08"}
{"level":"info","message":"GET /order/get_order_test 4 2019-05-21 15:56:09","timestamp":"2019-05-21 15:56:09"}
{"level":"info","message":"GET /order/order_state_count 8 2019-05-21 15:56:32","timestamp":"2019-05-21 15:56:32"}
{"level":"info","message":"GET /area 6 2019-05-21 15:56:32","timestamp":"2019-05-21 15:56:32"}
{"level":"info","message":"GET /table/list 7 2019-05-21 15:56:32","timestamp":"2019-05-21 15:56:32"}
{"level":"info","message":"GET /order/detail 5 2019-05-21 15:56:32","timestamp":"2019-05-21 15:56:32"}
{"level":"info","message":"GET /order/get_order_test 4 2019-05-21 15:56:32","timestamp":"2019-05-21 15:56:32"}
{"level":"info","message":"GET /order/get_order_test 3 2019-05-21 15:56:32","timestamp":"2019-05-21 15:56:32"}
{"level":"info","message":"GET /order/order_state_count 7 2019-05-21 15:56:33","timestamp":"2019-05-21 15:56:33"}
{"level":"info","message":"GET /order/wait_and_nopay 6 2019-05-21 15:56:33","timestamp":"2019-05-21 15:56:33"}
{"level":"info","message":"GET /order/detail 7 2019-05-21 15:56:33","timestamp":"2019-05-21 15:56:33"}
{"level":"info","message":"GET /order/get_order_test 4 2019-05-21 15:56:33","timestamp":"2019-05-21 15:56:33"}
{"level":"info","message":"GET /order/get_order_test 7 2019-05-21 15:56:33","timestamp":"2019-05-21 15:56:33"}
{"level":"info","message":"GET /order/order_state_count 10 2019-05-21 16:30:31","timestamp":"2019-05-21 16:30:31"}
{"level":"info","message":"GET /area 8 2019-05-21 16:30:31","timestamp":"2019-05-21 16:30:31"}
{"level":"info","message":"GET /table/list 11 2019-05-21 16:30:31","timestamp":"2019-05-21 16:30:31"}
{"level":"info","message":"GET /order/detail 7 2019-05-21 16:30:31","timestamp":"2019-05-21 16:30:31"}
{"level":"info","message":"GET /order/get_order_test 3 2019-05-21 16:30:31","timestamp":"2019-05-21 16:30:31"}
{"level":"info","message":"GET /order/get_order_test 5 2019-05-21 16:30:31","timestamp":"2019-05-21 16:30:31"}
{"level":"info","message":"GET /order/order_state_count 6 2019-05-21 16:30:32","timestamp":"2019-05-21 16:30:32"}
{"level":"info","message":"GET /order/wait_and_nopay 6 2019-05-21 16:30:32","timestamp":"2019-05-21 16:30:32"}
{"level":"info","message":"GET /order/detail 6 2019-05-21 16:30:33","timestamp":"2019-05-21 16:30:33"}
{"level":"info","message":"GET /order/get_order_test 4 2019-05-21 16:30:33","timestamp":"2019-05-21 16:30:33"}
{"level":"info","message":"GET /order/get_order_test 5 2019-05-21 16:30:33","timestamp":"2019-05-21 16:30:33"}
{"level":"info","message":"GET /table/list 12 2019-05-21 16:30:51","timestamp":"2019-05-21 16:30:51"}
{"level":"info","message":"GET /order/order_state_count 11 2019-05-21 16:30:51","timestamp":"2019-05-21 16:30:51"}
{"level":"info","message":"GET /order/detail 3 2019-05-21 16:30:51","timestamp":"2019-05-21 16:30:51"}
{"level":"info","message":"GET /order/get_order_test 1 2019-05-21 16:30:51","timestamp":"2019-05-21 16:30:51"}
{"level":"info","message":"GET /table/list 9 2019-05-21 16:31:05","timestamp":"2019-05-21 16:31:05"}
{"level":"info","message":"GET /order/order_state_count 8 2019-05-21 16:31:05","timestamp":"2019-05-21 16:31:05"}
{"level":"info","message":"GET /order/detail 2 2019-05-21 16:31:05","timestamp":"2019-05-21 16:31:05"}
{"level":"info","message":"GET /order/get_order_test 2 2019-05-21 16:31:05","timestamp":"2019-05-21 16:31:05"}
{"level":"info","message":"GET /order/order_state_count 4 2019-05-21 16:32:45","timestamp":"2019-05-21 16:32:45"}
{"level":"info","message":"GET /system/info 7 2019-05-21 16:32:50","timestamp":"2019-05-21 16:32:50"}
{"level":"info","message":"GET /order/order_state_count 5 2019-05-21 16:32:50","timestamp":"2019-05-21 16:32:50"}
{"level":"info","message":"GET /order/detail 7 2019-05-21 16:32:50","timestamp":"2019-05-21 16:32:50"}
{"level":"info","message":"GET /order/wait_and_nopay 6 2019-05-21 16:32:50","timestamp":"2019-05-21 16:32:50"}
{"level":"info","message":"GET /order/detail 7 2019-05-21 16:32:50","timestamp":"2019-05-21 16:32:50"}
{"level":"info","message":"GET /order/get_order_test 3 2019-05-21 16:32:51","timestamp":"2019-05-21 16:32:51"}
{"level":"info","message":"GET /order/get_order_test 3 2019-05-21 16:32:51","timestamp":"2019-05-21 16:32:51"}
{"level":"info","message":"GET /order/wait_and_nopay 3 2019-05-21 16:32:51","timestamp":"2019-05-21 16:32:51"}
{"level":"info","message":"GET /order/order_state_count 4 2019-05-21 16:32:51","timestamp":"2019-05-21 16:32:51"}
{"level":"info","message":"GET /order/detail 5 2019-05-21 16:32:51","timestamp":"2019-05-21 16:32:51"}
{"level":"info","message":"GET /order/get_order_test 2 2019-05-21 16:32:52","timestamp":"2019-05-21 16:32:52"}
{"level":"info","message":"GET /order/wait_and_nopay 6 2019-05-21 16:32:53","timestamp":"2019-05-21 16:32:53"}
{"level":"info","message":"GET /order/order_state_count 11 2019-05-21 16:32:53","timestamp":"2019-05-21 16:32:53"}
{"level":"info","message":"GET /order/detail 12 2019-05-21 16:32:53","timestamp":"2019-05-21 16:32:53"}
{"level":"info","message":"GET /order/get_order_test 3 2019-05-21 16:32:54","timestamp":"2019-05-21 16:32:54"}
{"level":"info","message":"GET /order/order_state_count 6 2019-05-21 16:32:55","timestamp":"2019-05-21 16:32:55"}
{"level":"info","message":"GET /area 5 2019-05-21 16:32:55","timestamp":"2019-05-21 16:32:55"}
{"level":"info","message":"GET /table/list 7 2019-05-21 16:32:55","timestamp":"2019-05-21 16:32:55"}
{"level":"info","message":"GET /order/detail 7 2019-05-21 16:32:55","timestamp":"2019-05-21 16:32:55"}
{"level":"info","message":"GET /order/get_order_test 4 2019-05-21 16:32:55","timestamp":"2019-05-21 16:32:55"}
{"level":"info","message":"GET /order/get_order_test 5 2019-05-21 16:32:55","timestamp":"2019-05-21 16:32:55"}
{"level":"info","message":"GET /table/list 8 2019-05-21 16:32:56","timestamp":"2019-05-21 16:32:56"}
{"level":"info","message":"GET /order/order_state_count 9 2019-05-21 16:32:56","timestamp":"2019-05-21 16:32:56"}
{"level":"info","message":"GET /order/detail 5 2019-05-21 16:32:56","timestamp":"2019-05-21 16:32:56"}
{"level":"info","message":"GET /order/get_order_test 2 2019-05-21 16:32:56","timestamp":"2019-05-21 16:32:56"}
{"level":"info","message":"GET /order/order_state_count 5 2019-05-21 16:32:57","timestamp":"2019-05-21 16:32:57"}
{"level":"info","message":"GET /order/wait_and_nopay 4 2019-05-21 16:32:57","timestamp":"2019-05-21 16:32:57"}
{"level":"info","message":"GET /order/detail 9 2019-05-21 16:32:57","timestamp":"2019-05-21 16:32:57"}
{"level":"info","message":"GET /order/get_order_test 3 2019-05-21 16:32:58","timestamp":"2019-05-21 16:32:58"}
{"level":"info","message":"GET /order/get_order_test 5 2019-05-21 16:32:58","timestamp":"2019-05-21 16:32:58"}
{"level":"info","message":"GET /order/wait_and_nopay 7 2019-05-21 16:32:58","timestamp":"2019-05-21 16:32:58"}
{"level":"info","message":"GET /order/order_state_count 7 2019-05-21 16:32:58","timestamp":"2019-05-21 16:32:58"}
{"level":"info","message":"GET /order/detail 6 2019-05-21 16:32:58","timestamp":"2019-05-21 16:32:58"}
{"level":"info","message":"GET /order/get_order_test 2 2019-05-21 16:32:59","timestamp":"2019-05-21 16:32:59"}
{"level":"info","message":"mqtt成功连接到：ws://test.emq.restoplus.cn:8083/mqtt","timestamp":"2019-05-21 17:04:54"}
{"level":"info","message":"订阅成功--$queue/winPos/+/2f83afee7a0e4822a6729145dd53af33/d2ff1bbb8c6f4fd8adb3949f76f8c1b6/+/+/+","timestamp":"2019-05-21 17:05:10"}
{"level":"info","message":"允许接收的平台=>posAdmin-dev,resto-dev","timestamp":"2019-05-21 17:05:10"}
{"level":"error","message":"==mqtt==close==你已断开连接,异常退出","timestamp":"2019-05-21 17:05:29"}
{"level":"error","message":"ServiceUnavailableError: Response timeout\n    at IncomingMessage.<anonymous> (/Users/chintec/Documents/node/resto-newpos/node_modules/connect-timeout/index.js:84:8)\n    at emitOne (events.js:116:13)\n    at IncomingMessage.emit (events.js:211:7)\n    at Timeout._onTimeout (/Users/chintec/Documents/node/resto-newpos/node_modules/connect-timeout/index.js:49:11)\n    at ontimeout (timers.js:475:11)\n    at tryOnTimeout (timers.js:310:5)\n    at Timer.listOnTimeout (timers.js:270:5)","timestamp":"2019-05-21 17:05:40"}
{"level":"error","message":"==mqtt==reconnect==正在尝试重新连接","timestamp":"2019-05-21 17:05:45"}
{"level":"info","message":"mqtt成功连接到：ws://test.emq.restoplus.cn:8083/mqtt","timestamp":"2019-05-21 17:05:45"}
{"level":"info","message":"订阅成功--$queue/winPos/+/2f83afee7a0e4822a6729145dd53af33/d2ff1bbb8c6f4fd8adb3949f76f8c1b6/+/+/+","timestamp":"2019-05-21 17:05:45"}
{"level":"info","message":"允许接收的平台=>posAdmin-dev,resto-dev","timestamp":"2019-05-21 17:05:45"}
{"level":"error","message":"resource \"GET:/c959e46d29d7fa587da2.hot-update.json\" not found","timestamp":"2019-05-21 17:06:01"}
{"level":"info","message":"GET /c959e46d29d7fa587da2.hot-update.json 2 2019-05-21 17:06:01","timestamp":"2019-05-21 17:06:01"}
{"level":"info","message":"GET /system/info 195 2019-05-21 17:08:53","timestamp":"2019-05-21 17:08:53"}
{"level":"info","message":"GET /order/order_state_count 60 2019-05-21 17:08:53","timestamp":"2019-05-21 17:08:53"}
{"level":"info","message":"GET /order/wait_and_nopay 62 2019-05-21 17:08:53","timestamp":"2019-05-21 17:08:53"}
{"level":"info","message":"GET /order/detail 94 2019-05-21 17:08:53","timestamp":"2019-05-21 17:08:53"}
{"level":"info","message":"GET /order/get_order_test 18 2019-05-21 17:08:53","timestamp":"2019-05-21 17:08:53"}
{"level":"info","message":"GET /order/order_state_count 10 2019-05-21 17:08:57","timestamp":"2019-05-21 17:08:57"}
{"level":"info","message":"GET /area 30 2019-05-21 17:08:58","timestamp":"2019-05-21 17:08:58"}
{"level":"info","message":"GET /table/list 34 2019-05-21 17:08:58","timestamp":"2019-05-21 17:08:58"}
{"level":"info","message":"GET /order/detail 8 2019-05-21 17:08:58","timestamp":"2019-05-21 17:08:58"}
{"level":"info","message":"GET /order/get_order_test 4 2019-05-21 17:08:58","timestamp":"2019-05-21 17:08:58"}
{"level":"info","message":"GET /order/get_order_test 6 2019-05-21 17:08:58","timestamp":"2019-05-21 17:08:58"}
{"level":"info","message":"POST /print/kitchen 10222 2019-05-21 17:09:18","timestamp":"2019-05-21 17:09:18"}
{"level":"info","message":"POST /print/kitchen 10074 2019-05-21 17:10:20","timestamp":"2019-05-21 17:10:20"}
{"level":"info","message":"POST /print/kitchen 60 2019-05-21 17:12:10","timestamp":"2019-05-21 17:12:10"}
{"level":"info","message":"POST /print/total 91 2019-05-21 17:12:14","timestamp":"2019-05-21 17:12:14"}
{"level":"info","message":"GET /business/report 23 2019-05-21 17:12:17","timestamp":"2019-05-21 17:12:17"}
{"level":"info","message":"POST /print/daily/report 87 2019-05-21 17:12:20","timestamp":"2019-05-21 17:12:20"}
{"level":"info","message":"GET /order/order_state_count 8 2019-05-21 17:12:34","timestamp":"2019-05-21 17:12:34"}
{"level":"info","message":"GET /area 5 2019-05-21 17:12:34","timestamp":"2019-05-21 17:12:34"}
{"level":"info","message":"GET /table/list 9 2019-05-21 17:12:34","timestamp":"2019-05-21 17:12:34"}
{"level":"info","message":"GET /order/detail 10 2019-05-21 17:12:34","timestamp":"2019-05-21 17:12:34"}
{"level":"info","message":"GET /order/get_order_test 5 2019-05-21 17:12:35","timestamp":"2019-05-21 17:12:35"}
{"level":"info","message":"GET /order/get_order_test 5 2019-05-21 17:12:35","timestamp":"2019-05-21 17:12:35"}
{"level":"info","message":"GET /order/detail 8 2019-05-21 17:13:04","timestamp":"2019-05-21 17:13:04"}
{"level":"info","message":"GET /order/get_order_test 2 2019-05-21 17:13:04","timestamp":"2019-05-21 17:13:04"}
{"level":"info","message":"GET /article/family_list 5 2019-05-21 17:13:06","timestamp":"2019-05-21 17:13:06"}
{"level":"info","message":"GET /order/detail 10 2019-05-21 17:13:06","timestamp":"2019-05-21 17:13:06"}
{"level":"info","message":"GET /article/article_list 49 2019-05-21 17:13:06","timestamp":"2019-05-21 17:13:06"}
{"level":"info","message":"POST /pushOrder 308 2019-05-21 17:13:08","timestamp":"2019-05-21 17:13:08"}
{"level":"info","message":"推送EMQ:resto-dev/2f83afee7a0e4822a6729145dd53af33/d2ff1bbb8c6f4fd8adb3949f76f8c1b6/order/creator/1d597e78187a4cc8a8aa8de5ea10f657 \n {\"master_order_id\":\"1d597e78187a4cc8a8aa8de5ea10f657\",\"order_arr\":[{\"id\":\"1d597e78187a4cc8a8aa8de5ea10f657\",\"table_number\":\"3\",\"customer_count\":2,\"accounting_time\":\"2019-05-21\",\"order_state\":1,\"production_status\":2,\"original_amount\":2,\"order_money\":2,\"origin_money\":null,\"article_count\":2,\"serial_number\":\"201905211541392650\",\"allow_cancel\":0,\"closed\":0,\"create_time\":\"1558424499265\",\"push_order_time\":null,\"print_order_time\":\"1558429988323\",\"remark\":\"\",\"distribution_mode_id\":1,\"amount_with_children\":0,\"parent_order_id\":null,\"service_price\":0,\"is_pos_pay\":0,\"pay_type\":1,\"count_with_child\":0,\"allow_continue_order\":0,\"payment_amount\":2,\"customer_id\":\"0\",\"customer_address_id\":null,\"ver_code\":\"85183\",\"pay_mode\":0,\"meal_fee_price\":0,\"meal_all_number\":0,\"order_mode\":6,\"allow_appraise\":0,\"confirm_time\":null,\"order_number\":3,\"call_number_time\":null,\"call_times\":0,\"shop_detail_id\":\"d2ff1bbb8c6f4fd8adb3949f76f8c1b6\",\"data_origin\":\"0\",\"sync_state\":1,\"last_sync_time\":\"1558429988297\",\"order_pos_discount_money\":\"0\",\"member_discount_money\":\"0\",\"erase_money\":\"0\",\"reduce_money\":\"0\",\"real_erase_money\":\"0\",\"pos_discount\":\"100\",\"no_discount_money\":\"0\",\"exemption_money\":\"0\",\"need_confirm_order_item\":0,\"sauce_fee_count\":\"2\",\"sauce_fee_price\":null,\"towel_fee_count\":\"2\",\"towel_fee_price\":0,\"tableware_fee_count\":\"2\",\"tableware_fee_price\":0,\"is_use_new_service\":0,\"grant_money\":0}],\"order_item\":[{\"id\":\"312596f9eae842e0a31960cdef76e702\",\"order_id\":\"1d597e78187a4cc8a8aa8de5ea10f657\",\"article_id\":\"22ec4f4ec9034e018747809015dea060\",\"article_name\":\"不想吃\",\"count\":1,\"original_price\":1,\"no_discount_price\":null,\"unit_price\":1,\"final_price\":1,\"remark\":\"100%\",\"sort\":0,\"status\":1,\"type\":1,\"parent_id\":null,\"create_time\":\"1558429988350\",\"meal_item_id\":\"0\",\"kitchen_id\":\"\",\"recommend_id\":\"\",\"orgin_count\":1,\"refund_count\":0,\"grant_count\":0,\"meal_fee_number\":0,\"change_count\":0,\"print_fail_flag\":0,\"pos_discount\":100,\"weight\":0,\"need_remind\":0},{\"id\":\"c221b70dc9794e09bb1b04561299c62a\",\"order_id\":\"1d597e78187a4cc8a8aa8de5ea10f657\",\"article_id\":\"22d09d78c4ef4244b375de91acfa587a\",\"article_name\":\"蜜糖鸡翅(2件)\",\"count\":1,\"original_price\":1,\"no_discount_price\":null,\"unit_price\":1,\"final_price\":1,\"remark\":\"100%\",\"sort\":0,\"status\":1,\"type\":1,\"parent_id\":null,\"create_time\":\"1558429988565\",\"meal_item_id\":\"0\",\"kitchen_id\":\"\",\"recommend_id\":\"\",\"orgin_count\":1,\"refund_count\":0,\"grant_count\":0,\"meal_fee_number\":0,\"change_count\":0,\"print_fail_flag\":0,\"pos_discount\":100,\"weight\":0,\"need_remind\":0}]}","timestamp":"2019-05-21 17:13:08"}
{"level":"info","message":"GET /order/order_state_count 15 2019-05-21 17:13:08","timestamp":"2019-05-21 17:13:08"}
{"level":"info","message":"GET /area 9 2019-05-21 17:13:08","timestamp":"2019-05-21 17:13:08"}
{"level":"info","message":"GET /table/list 16 2019-05-21 17:13:08","timestamp":"2019-05-21 17:13:08"}
{"level":"info","message":"GET /order/detail 125 2019-05-21 17:13:08","timestamp":"2019-05-21 17:13:08"}
{"level":"info","message":"GET /order/get_order_test 4 2019-05-21 17:13:09","timestamp":"2019-05-21 17:13:09"}
{"level":"info","message":"GET /business/report 6 2019-05-21 17:13:22","timestamp":"2019-05-21 17:13:22"}
{"level":"info","message":"GET /order/order_state_count 9 2019-05-21 17:13:25","timestamp":"2019-05-21 17:13:25"}
{"level":"info","message":"GET /area 8 2019-05-21 17:13:25","timestamp":"2019-05-21 17:13:25"}
{"level":"info","message":"GET /table/list 8 2019-05-21 17:13:25","timestamp":"2019-05-21 17:13:25"}
{"level":"info","message":"GET /order/detail 10 2019-05-21 17:13:25","timestamp":"2019-05-21 17:13:25"}
{"level":"info","message":"GET /order/get_order_test 3 2019-05-21 17:13:25","timestamp":"2019-05-21 17:13:25"}
{"level":"info","message":"GET /order/get_order_test 4 2019-05-21 17:13:26","timestamp":"2019-05-21 17:13:26"}
{"level":"info","message":"GET /business/report 8 2019-05-21 17:13:26","timestamp":"2019-05-21 17:13:26"}
{"level":"info","message":"GET /order/order_state_count 6 2019-05-21 17:13:27","timestamp":"2019-05-21 17:13:27"}
{"level":"info","message":"GET /area 6 2019-05-21 17:13:27","timestamp":"2019-05-21 17:13:27"}
{"level":"info","message":"GET /table/list 7 2019-05-21 17:13:27","timestamp":"2019-05-21 17:13:27"}
{"level":"info","message":"GET /order/detail 10 2019-05-21 17:13:27","timestamp":"2019-05-21 17:13:27"}
{"level":"info","message":"GET /order/get_order_test 3 2019-05-21 17:13:28","timestamp":"2019-05-21 17:13:28"}
{"level":"info","message":"GET /order/get_order_test 5 2019-05-21 17:13:28","timestamp":"2019-05-21 17:13:28"}
{"level":"info","message":"GET /order/order_state_count 6 2019-05-21 17:13:39","timestamp":"2019-05-21 17:13:39"}
{"level":"info","message":"GET /order/wait_and_nopay 6 2019-05-21 17:13:39","timestamp":"2019-05-21 17:13:39"}
{"level":"info","message":"GET /order/detail 6 2019-05-21 17:13:39","timestamp":"2019-05-21 17:13:39"}
{"level":"info","message":"GET /order/get_order_test 4 2019-05-21 17:13:39","timestamp":"2019-05-21 17:13:39"}
{"level":"info","message":"GET /order/get_order_test 3 2019-05-21 17:13:39","timestamp":"2019-05-21 17:13:39"}
{"level":"info","message":"GET /order/wait_and_nopay 4 2019-05-21 17:13:42","timestamp":"2019-05-21 17:13:42"}
{"level":"info","message":"GET /order/order_state_count 5 2019-05-21 17:13:42","timestamp":"2019-05-21 17:13:42"}
{"level":"info","message":"GET /order/detail 6 2019-05-21 17:13:42","timestamp":"2019-05-21 17:13:42"}
{"level":"info","message":"GET /order/get_order_test 3 2019-05-21 17:13:42","timestamp":"2019-05-21 17:13:42"}
{"level":"info","message":"GET /order/order_state_count 9 2019-05-21 17:14:19","timestamp":"2019-05-21 17:14:19"}
{"level":"info","message":"GET /area 8 2019-05-21 17:14:19","timestamp":"2019-05-21 17:14:19"}
{"level":"info","message":"GET /table/list 10 2019-05-21 17:14:19","timestamp":"2019-05-21 17:14:19"}
{"level":"info","message":"GET /order/detail 14 2019-05-21 17:14:19","timestamp":"2019-05-21 17:14:19"}
{"level":"info","message":"GET /order/get_order_test 5 2019-05-21 17:14:20","timestamp":"2019-05-21 17:14:20"}
{"level":"info","message":"GET /order/get_order_test 5 2019-05-21 17:14:20","timestamp":"2019-05-21 17:14:20"}
{"level":"info","message":"GET /order/order_state_count 5 2019-05-21 17:14:49","timestamp":"2019-05-21 17:14:49"}
{"level":"info","message":"GET /order/wait_and_nopay 3 2019-05-21 17:14:49","timestamp":"2019-05-21 17:14:49"}
{"level":"info","message":"GET /order/detail 11 2019-05-21 17:14:49","timestamp":"2019-05-21 17:14:49"}
{"level":"info","message":"GET /order/get_order_test 5 2019-05-21 17:14:50","timestamp":"2019-05-21 17:14:50"}
{"level":"info","message":"GET /order/get_order_test 3 2019-05-21 17:14:50","timestamp":"2019-05-21 17:14:50"}
{"level":"info","message":"GET /order/order_state_count 8 2019-05-21 17:14:54","timestamp":"2019-05-21 17:14:54"}
{"level":"info","message":"GET /area 7 2019-05-21 17:14:54","timestamp":"2019-05-21 17:14:54"}
{"level":"info","message":"GET /table/list 10 2019-05-21 17:14:54","timestamp":"2019-05-21 17:14:54"}
{"level":"info","message":"GET /order/detail 7 2019-05-21 17:14:54","timestamp":"2019-05-21 17:14:54"}
{"level":"info","message":"GET /order/get_order_test 3 2019-05-21 17:14:54","timestamp":"2019-05-21 17:14:54"}
{"level":"info","message":"GET /order/get_order_test 3 2019-05-21 17:14:54","timestamp":"2019-05-21 17:14:54"}
{"level":"info","message":"GET /system/info 77 2019-05-21 17:23:56","timestamp":"2019-05-21 17:23:56"}
{"level":"info","message":"GET /order/order_state_count 6 2019-05-21 17:23:56","timestamp":"2019-05-21 17:23:56"}
{"level":"info","message":"GET /area 3 2019-05-21 17:23:56","timestamp":"2019-05-21 17:23:56"}
{"level":"info","message":"GET /order/detail 12 2019-05-21 17:23:56","timestamp":"2019-05-21 17:23:56"}
{"level":"info","message":"GET /table/list 8 2019-05-21 17:23:56","timestamp":"2019-05-21 17:23:56"}
{"level":"info","message":"GET /order/get_order_test 5 2019-05-21 17:23:57","timestamp":"2019-05-21 17:23:57"}
{"level":"info","message":"GET /order/detail 20 2019-05-21 17:26:17","timestamp":"2019-05-21 17:26:17"}
{"level":"info","message":"GET /order/detail 10 2019-05-21 17:29:40","timestamp":"2019-05-21 17:29:40"}
{"level":"info","message":"GET /order/detail 9 2019-05-21 17:30:21","timestamp":"2019-05-21 17:30:21"}
{"level":"info","message":"POST /bindTable 186 2019-05-21 17:34:43","timestamp":"2019-05-21 17:34:43"}
{"level":"info","message":"GET /article/family_list 3 2019-05-21 17:34:43","timestamp":"2019-05-21 17:34:43"}
{"level":"info","message":"GET /order/detail 13 2019-05-21 17:34:43","timestamp":"2019-05-21 17:34:43"}
{"level":"info","message":"GET /article/article_list 16 2019-05-21 17:34:43","timestamp":"2019-05-21 17:34:43"}
{"level":"info","message":"GET /order/order_state_count 10 2019-05-21 17:34:44","timestamp":"2019-05-21 17:34:44"}
{"level":"info","message":"GET /area 6 2019-05-21 17:34:44","timestamp":"2019-05-21 17:34:44"}
{"level":"info","message":"GET /table/list 8 2019-05-21 17:34:44","timestamp":"2019-05-21 17:34:44"}
{"level":"info","message":"GET /order/detail 9 2019-05-21 17:34:45","timestamp":"2019-05-21 17:34:45"}
{"level":"info","message":"GET /order/get_order_test 2 2019-05-21 17:34:45","timestamp":"2019-05-21 17:34:45"}
{"level":"info","message":"GET /order/get_order_test 5 2019-05-21 17:34:45","timestamp":"2019-05-21 17:34:45"}
{"level":"info","message":"GET /article/family_list 3 2019-05-21 17:34:49","timestamp":"2019-05-21 17:34:49"}
{"level":"info","message":"GET /order/detail 10 2019-05-21 17:34:49","timestamp":"2019-05-21 17:34:49"}
{"level":"info","message":"GET /article/article_list 14 2019-05-21 17:34:49","timestamp":"2019-05-21 17:34:49"}
{"level":"info","message":"GET /system/info 7 2019-05-21 17:36:51","timestamp":"2019-05-21 17:36:51"}
{"level":"info","message":"GET /article/family_list 2 2019-05-21 17:36:52","timestamp":"2019-05-21 17:36:52"}
{"level":"info","message":"GET /order/detail 7 2019-05-21 17:36:52","timestamp":"2019-05-21 17:36:52"}
{"level":"info","message":"GET /article/article_list 13 2019-05-21 17:36:52","timestamp":"2019-05-21 17:36:52"}
{"level":"info","message":"GET /order/order_state_count 6 2019-05-21 17:36:53","timestamp":"2019-05-21 17:36:53"}
{"level":"info","message":"GET /area 2 2019-05-21 17:36:53","timestamp":"2019-05-21 17:36:53"}
{"level":"info","message":"GET /order/detail 14 2019-05-21 17:36:53","timestamp":"2019-05-21 17:36:53"}
{"level":"info","message":"GET /table/list 6 2019-05-21 17:36:53","timestamp":"2019-05-21 17:36:53"}
{"level":"info","message":"GET /order/get_order_test 4 2019-05-21 17:36:54","timestamp":"2019-05-21 17:36:54"}
{"level":"info","message":"GET /article/family_list 2 2019-05-21 17:36:55","timestamp":"2019-05-21 17:36:55"}
{"level":"info","message":"GET /order/detail 6 2019-05-21 17:36:55","timestamp":"2019-05-21 17:36:55"}
{"level":"info","message":"GET /article/article_list 13 2019-05-21 17:36:55","timestamp":"2019-05-21 17:36:55"}
{"level":"info","message":"GET /article/family_list 5 2019-05-21 17:37:25","timestamp":"2019-05-21 17:37:25"}
{"level":"info","message":"GET /order/detail 10 2019-05-21 17:37:25","timestamp":"2019-05-21 17:37:25"}
{"level":"info","message":"GET /article/article_list 16 2019-05-21 17:37:25","timestamp":"2019-05-21 17:37:25"}
{"level":"info","message":"GET /article/family_list 6 2019-05-21 17:37:59","timestamp":"2019-05-21 17:37:59"}
{"level":"info","message":"GET /order/detail 15 2019-05-21 17:37:59","timestamp":"2019-05-21 17:37:59"}
{"level":"info","message":"GET /article/article_list 26 2019-05-21 17:37:59","timestamp":"2019-05-21 17:37:59"}
{"level":"info","message":"POST /pushOrder 353 2019-05-21 17:38:04","timestamp":"2019-05-21 17:38:04"}
{"level":"info","message":"GET /order/order_state_count 71 2019-05-21 17:38:04","timestamp":"2019-05-21 17:38:04"}
{"level":"info","message":"GET /area 74 2019-05-21 17:38:04","timestamp":"2019-05-21 17:38:04"}
{"level":"info","message":"GET /table/list 81 2019-05-21 17:38:04","timestamp":"2019-05-21 17:38:04"}
{"level":"info","message":"推送EMQ:resto-dev/2f83afee7a0e4822a6729145dd53af33/d2ff1bbb8c6f4fd8adb3949f76f8c1b6/order/creator/99b13b977fe54f03b8d02b5a17fafe01 \n {\"master_order_id\":\"99b13b977fe54f03b8d02b5a17fafe01\",\"order_arr\":[{\"id\":\"99b13b977fe54f03b8d02b5a17fafe01\",\"table_number\":\"7\",\"customer_count\":3,\"accounting_time\":\"2019-05-21\",\"order_state\":1,\"production_status\":2,\"original_amount\":2,\"order_money\":2,\"origin_money\":null,\"article_count\":2,\"serial_number\":\"201905211734437500\",\"allow_cancel\":0,\"closed\":0,\"create_time\":\"1558431283075\",\"push_order_time\":null,\"print_order_time\":\"1558431484189\",\"remark\":\"\",\"distribution_mode_id\":1,\"amount_with_children\":0,\"parent_order_id\":null,\"service_price\":0,\"is_pos_pay\":0,\"pay_type\":1,\"count_with_child\":0,\"allow_continue_order\":0,\"payment_amount\":2,\"customer_id\":\"0\",\"customer_address_id\":null,\"ver_code\":\"22600\",\"pay_mode\":0,\"meal_fee_price\":0,\"meal_all_number\":0,\"order_mode\":6,\"allow_appraise\":0,\"confirm_time\":null,\"order_number\":4,\"call_number_time\":null,\"call_times\":0,\"shop_detail_id\":\"d2ff1bbb8c6f4fd8adb3949f76f8c1b6\",\"data_origin\":\"0\",\"sync_state\":1,\"last_sync_time\":\"1558431483817\",\"order_pos_discount_money\":\"0\",\"member_discount_money\":\"0\",\"erase_money\":\"0\",\"reduce_money\":\"0\",\"real_erase_money\":\"0\",\"pos_discount\":\"100\",\"no_discount_money\":\"0\",\"exemption_money\":\"0\",\"need_confirm_order_item\":0,\"sauce_fee_count\":\"3\",\"sauce_fee_price\":null,\"towel_fee_count\":\"3\",\"towel_fee_price\":0,\"tableware_fee_count\":\"3\",\"tableware_fee_price\":0,\"is_use_new_service\":0,\"grant_money\":0}],\"order_item\":[{\"id\":\"afe1f5409a86438a8a7945674972ce73\",\"order_id\":\"99b13b977fe54f03b8d02b5a17fafe01\",\"article_id\":\"22d09d78c4ef4244b375de91acfa587a\",\"article_name\":\"蜜糖鸡翅(2件)\",\"count\":1,\"original_price\":1,\"no_discount_price\":null,\"unit_price\":1,\"final_price\":1,\"remark\":\"100%\",\"sort\":0,\"status\":1,\"type\":1,\"parent_id\":null,\"create_time\":\"1558431483914\",\"meal_item_id\":\"0\",\"kitchen_id\":\"\",\"recommend_id\":\"\",\"orgin_count\":1,\"refund_count\":0,\"grant_count\":0,\"meal_fee_number\":0,\"change_count\":0,\"print_fail_flag\":0,\"pos_discount\":100,\"weight\":0,\"need_remind\":0},{\"id\":\"038c6a7902c74e84ab30c1eb291a0676\",\"order_id\":\"99b13b977fe54f03b8d02b5a17fafe01\",\"article_id\":\"22ec4f4ec9034e018747809015dea060\",\"article_name\":\"不想吃\",\"count\":1,\"original_price\":1,\"no_discount_price\":null,\"unit_price\":1,\"final_price\":1,\"remark\":\"100%\",\"sort\":0,\"status\":1,\"type\":1,\"parent_id\":null,\"create_time\":\"1558431484146\",\"meal_item_id\":\"0\",\"kitchen_id\":\"\",\"recommend_id\":\"\",\"orgin_count\":1,\"refund_count\":0,\"grant_count\":0,\"meal_fee_number\":0,\"change_count\":0,\"print_fail_flag\":0,\"pos_discount\":100,\"weight\":0,\"need_remind\":0}]}","timestamp":"2019-05-21 17:38:04"}
{"level":"info","message":"GET /order/detail 174 2019-05-21 17:38:04","timestamp":"2019-05-21 17:38:04"}
{"level":"info","message":"GET /order/get_order_test 4 2019-05-21 17:38:04","timestamp":"2019-05-21 17:38:04"}
{"level":"info","message":"GET /article/family_list 2 2019-05-21 17:38:07","timestamp":"2019-05-21 17:38:07"}
{"level":"info","message":"GET /order/detail 7 2019-05-21 17:38:07","timestamp":"2019-05-21 17:38:07"}
{"level":"info","message":"GET /article/article_list 10 2019-05-21 17:38:07","timestamp":"2019-05-21 17:38:07"}
{"level":"info","message":"GET /article/family_list 4 2019-05-21 17:38:39","timestamp":"2019-05-21 17:38:39"}
{"level":"info","message":"GET /order/detail 37 2019-05-21 17:38:39","timestamp":"2019-05-21 17:38:39"}
{"level":"info","message":"GET /article/article_list 396 2019-05-21 17:38:39","timestamp":"2019-05-21 17:38:39"}
{"level":"info","message":"GET /article/family_list 6 2019-05-21 17:39:18","timestamp":"2019-05-21 17:39:18"}
{"level":"info","message":"GET /order/detail 12 2019-05-21 17:39:18","timestamp":"2019-05-21 17:39:18"}
{"level":"info","message":"GET /article/article_list 15 2019-05-21 17:39:18","timestamp":"2019-05-21 17:39:18"}
