{"level":"info","message":"mqtt成功连接到：ws://test.emq.restoplus.cn:8083/mqtt","timestamp":"2019-04-30 10:09:57"}
{"level":"info","message":"订阅成功--$queue/winPos/+/2f83afee7a0e4822a6729145dd53af33/d2ff1bbb8c6f4fd8adb3949f76f8c1b6/+/+/+","timestamp":"2019-04-30 10:09:57"}
{"level":"info","message":"允许接收的平台=>posAdmin-dev,resto-dev","timestamp":"2019-04-30 10:09:57"}
{"level":"info","message":"GET /system/info 207 2019-04-30 10:51:36","timestamp":"2019-04-30 10:51:36"}
{"level":"info","message":"GET /article/family_list 24 2019-04-30 10:51:37","timestamp":"2019-04-30 10:51:37"}
{"level":"info","message":"GET /article/article_list 76 2019-04-30 10:51:37","timestamp":"2019-04-30 10:51:37"}
{"level":"error","message":"==mqtt==close==你已断开连接,异常退出","timestamp":"2019-04-30 13:42:21"}
{"level":"error","message":"==mqtt==reconnect==正在尝试重新连接","timestamp":"2019-04-30 13:42:36"}
{"level":"info","message":"mqtt成功连接到：ws://test.emq.restoplus.cn:8083/mqtt","timestamp":"2019-04-30 13:42:36"}
{"level":"info","message":"订阅成功--$queue/winPos/+/2f83afee7a0e4822a6729145dd53af33/d2ff1bbb8c6f4fd8adb3949f76f8c1b6/+/+/+","timestamp":"2019-04-30 13:42:36"}
{"level":"info","message":"允许接收的平台=>posAdmin-dev,resto-dev","timestamp":"2019-04-30 13:42:36"}
{"level":"info","message":"GET /system/info 14 2019-04-30 14:13:18","timestamp":"2019-04-30 14:13:18"}
{"level":"info","message":"GET /article/family_list 3 2019-04-30 14:13:18","timestamp":"2019-04-30 14:13:18"}
{"level":"info","message":"GET /article/article_list 19 2019-04-30 14:13:19","timestamp":"2019-04-30 14:13:19"}
{"level":"info","message":"GET /article/family_list 3 2019-04-30 14:21:49","timestamp":"2019-04-30 14:21:49"}
{"level":"info","message":"GET /article/article_list 20 2019-04-30 14:21:49","timestamp":"2019-04-30 14:21:49"}
{"level":"info","message":"GET /system/info 8 2019-04-30 14:31:49","timestamp":"2019-04-30 14:31:49"}
{"level":"info","message":"GET /article/family_list 2 2019-04-30 14:31:49","timestamp":"2019-04-30 14:31:49"}
{"level":"info","message":"GET /article/article_list 22 2019-04-30 14:31:49","timestamp":"2019-04-30 14:31:49"}
{"level":"info","message":"GET /article/article_list 14 2019-04-30 14:31:54","timestamp":"2019-04-30 14:31:54"}
{"level":"info","message":"GET /article/meal_item 43 2019-04-30 14:31:55","timestamp":"2019-04-30 14:31:55"}
{"level":"info","message":"GET /article/meal_item 10 2019-04-30 14:32:01","timestamp":"2019-04-30 14:32:01"}
{"level":"info","message":"GET /system/info 263 2019-04-30 14:32:42","timestamp":"2019-04-30 14:32:42"}
{"level":"info","message":"GET /article/family_list 21 2019-04-30 14:32:42","timestamp":"2019-04-30 14:32:42"}
{"level":"info","message":"GET /article/article_list 20 2019-04-30 14:32:42","timestamp":"2019-04-30 14:32:42"}
{"level":"info","message":"GET /article/article_list 9 2019-04-30 14:32:45","timestamp":"2019-04-30 14:32:45"}
{"level":"info","message":"GET /article/article_list 9 2019-04-30 14:32:54","timestamp":"2019-04-30 14:32:54"}
{"level":"info","message":"GET /article/article_list 12 2019-04-30 14:32:55","timestamp":"2019-04-30 14:32:55"}
{"level":"info","message":"GET /article/article_list 9 2019-04-30 14:33:02","timestamp":"2019-04-30 14:33:02"}
{"level":"info","message":"GET /article/article_list 13 2019-04-30 14:33:03","timestamp":"2019-04-30 14:33:03"}
{"level":"info","message":"GET /article/article_list 10 2019-04-30 14:33:04","timestamp":"2019-04-30 14:33:04"}
{"level":"info","message":"GET /article/meal_item 23 2019-04-30 14:38:34","timestamp":"2019-04-30 14:38:34"}
{"level":"info","message":"GET /article/meal_item 16 2019-04-30 14:38:49","timestamp":"2019-04-30 14:38:49"}
{"level":"info","message":"GET /system/info 15 2019-04-30 14:49:41","timestamp":"2019-04-30 14:49:41"}
{"level":"info","message":"GET /article/family_list 2 2019-04-30 14:49:41","timestamp":"2019-04-30 14:49:41"}
{"level":"info","message":"GET /article/article_list 15 2019-04-30 14:49:42","timestamp":"2019-04-30 14:49:42"}
{"level":"info","message":"PUT /stock/update 1 2019-04-30 14:50:04","timestamp":"2019-04-30 14:50:04"}
{"level":"info","message":"GET /article/family_list 3 2019-04-30 14:50:46","timestamp":"2019-04-30 14:50:46"}
{"level":"info","message":"GET /article/article_list 26 2019-04-30 14:50:46","timestamp":"2019-04-30 14:50:46"}
{"level":"info","message":"PUT /stock/update 1 2019-04-30 14:50:49","timestamp":"2019-04-30 14:50:49"}
{"level":"info","message":"PUT /stock/update 70 2019-04-30 14:51:26","timestamp":"2019-04-30 14:51:26"}
{"level":"info","message":"PUT /stock/update 11 2019-04-30 14:51:38","timestamp":"2019-04-30 14:51:38"}
{"level":"info","message":"GET /system/info 5 2019-04-30 14:52:05","timestamp":"2019-04-30 14:52:05"}
{"level":"info","message":"GET /article/family_list 2 2019-04-30 14:52:05","timestamp":"2019-04-30 14:52:05"}
{"level":"info","message":"GET /article/article_list 9 2019-04-30 14:52:05","timestamp":"2019-04-30 14:52:05"}
{"level":"info","message":"PUT /stock/update 1 2019-04-30 14:52:15","timestamp":"2019-04-30 14:52:15"}
{"level":"info","message":"PUT /stock/update 40 2019-04-30 14:52:29","timestamp":"2019-04-30 14:52:29"}
{"level":"info","message":"PUT /stock/update 2 2019-04-30 14:52:31","timestamp":"2019-04-30 14:52:31"}
{"level":"info","message":"GET /article/family_list 1 2019-04-30 14:53:54","timestamp":"2019-04-30 14:53:54"}
{"level":"info","message":"GET /article/article_list 13 2019-04-30 14:53:54","timestamp":"2019-04-30 14:53:54"}
{"level":"info","message":"GET /system/info 4 2019-04-30 14:54:04","timestamp":"2019-04-30 14:54:04"}
{"level":"info","message":"GET /article/family_list 2 2019-04-30 14:54:05","timestamp":"2019-04-30 14:54:05"}
{"level":"info","message":"GET /article/article_list 18 2019-04-30 14:54:05","timestamp":"2019-04-30 14:54:05"}
{"level":"info","message":"PUT /stock/update 5 2019-04-30 14:54:11","timestamp":"2019-04-30 14:54:11"}
{"level":"info","message":"GET /article/family_list 3 2019-04-30 14:54:54","timestamp":"2019-04-30 14:54:54"}
{"level":"info","message":"GET /article/article_list 13 2019-04-30 14:54:54","timestamp":"2019-04-30 14:54:54"}
{"level":"info","message":"GET /article/family_list 2 2019-04-30 14:55:18","timestamp":"2019-04-30 14:55:18"}
{"level":"info","message":"GET /article/article_list 13 2019-04-30 14:55:18","timestamp":"2019-04-30 14:55:18"}
{"level":"info","message":"GET /article/article_list 73 2019-04-30 14:55:27","timestamp":"2019-04-30 14:55:27"}
{"level":"info","message":"GET /article/article_list 70 2019-04-30 14:55:27","timestamp":"2019-04-30 14:55:27"}
{"level":"info","message":"GET /article/family_list 2 2019-04-30 14:55:28","timestamp":"2019-04-30 14:55:28"}
{"level":"info","message":"GET /article/article_list 14 2019-04-30 14:55:28","timestamp":"2019-04-30 14:55:28"}
{"level":"info","message":"PUT /stock/update 4 2019-04-30 14:55:33","timestamp":"2019-04-30 14:55:33"}
{"level":"info","message":"PUT /stock/update 3 2019-04-30 14:55:55","timestamp":"2019-04-30 14:55:55"}
{"level":"info","message":"GET /article/article_list 17 2019-04-30 14:55:59","timestamp":"2019-04-30 14:55:59"}
{"level":"info","message":"GET /article/article_list 7 2019-04-30 14:56:00","timestamp":"2019-04-30 14:56:00"}
{"level":"info","message":"GET /article/article_list 5 2019-04-30 14:56:04","timestamp":"2019-04-30 14:56:04"}
{"level":"info","message":"GET /article/article_list 8 2019-04-30 14:56:06","timestamp":"2019-04-30 14:56:06"}
{"level":"info","message":"GET /article/article_list 11 2019-04-30 14:56:07","timestamp":"2019-04-30 14:56:07"}
{"level":"info","message":"GET /article/article_list 13 2019-04-30 14:56:08","timestamp":"2019-04-30 14:56:08"}
{"level":"info","message":"GET /article/article_list 10 2019-04-30 14:56:08","timestamp":"2019-04-30 14:56:08"}
{"level":"info","message":"PUT /stock/update 2 2019-04-30 14:56:13","timestamp":"2019-04-30 14:56:13"}
{"level":"info","message":"GET /article/article_list 13 2019-04-30 14:56:23","timestamp":"2019-04-30 14:56:23"}
{"level":"info","message":"GET /article/article_list 17 2019-04-30 14:56:23","timestamp":"2019-04-30 14:56:23"}
{"level":"info","message":"GET /article/article_list 11 2019-04-30 14:56:25","timestamp":"2019-04-30 14:56:25"}
{"level":"info","message":"GET /article/article_list 12 2019-04-30 14:56:25","timestamp":"2019-04-30 14:56:25"}
{"level":"info","message":"GET /system/info 6 2019-04-30 14:56:38","timestamp":"2019-04-30 14:56:38"}
{"level":"info","message":"GET /article/family_list 2 2019-04-30 14:56:38","timestamp":"2019-04-30 14:56:38"}
{"level":"info","message":"GET /article/article_list 12 2019-04-30 14:56:38","timestamp":"2019-04-30 14:56:38"}
{"level":"info","message":"PUT /stock/update 4 2019-04-30 14:56:40","timestamp":"2019-04-30 14:56:40"}
{"level":"info","message":"PUT /stock/update 3 2019-04-30 14:58:08","timestamp":"2019-04-30 14:58:08"}
{"level":"info","message":"GET /article/article_list 13 2019-04-30 14:58:10","timestamp":"2019-04-30 14:58:10"}
{"level":"info","message":"GET /article/article_list 13 2019-04-30 14:58:11","timestamp":"2019-04-30 14:58:11"}
{"level":"info","message":"PUT /stock/update 72 2019-04-30 14:58:28","timestamp":"2019-04-30 14:58:28"}
{"level":"info","message":"GET /article/family_list 14 2019-04-30 15:05:29","timestamp":"2019-04-30 15:05:29"}
{"level":"info","message":"GET /system/info 5 2019-04-30 15:05:30","timestamp":"2019-04-30 15:05:30"}
{"level":"info","message":"GET /article/family_list 2 2019-04-30 15:05:30","timestamp":"2019-04-30 15:05:30"}
{"level":"info","message":"GET /article/article_list 13 2019-04-30 15:05:30","timestamp":"2019-04-30 15:05:30"}
{"level":"info","message":"PUT /stock/update 10 2019-04-30 15:05:36","timestamp":"2019-04-30 15:05:36"}
{"level":"info","message":"GET /article/article_list 20 2019-04-30 15:05:59","timestamp":"2019-04-30 15:05:59"}
{"level":"info","message":"GET /article/article_list 14 2019-04-30 15:05:59","timestamp":"2019-04-30 15:05:59"}
{"level":"info","message":"GET /article/family_list 1 2019-04-30 15:05:59","timestamp":"2019-04-30 15:05:59"}
{"level":"info","message":"GET /article/article_list 13 2019-04-30 15:06:00","timestamp":"2019-04-30 15:06:00"}
{"level":"info","message":"GET /article/article_list 10 2019-04-30 15:06:02","timestamp":"2019-04-30 15:06:02"}
{"level":"info","message":"GET /article/article_list 10 2019-04-30 15:06:03","timestamp":"2019-04-30 15:06:03"}
{"level":"info","message":"GET /article/article_list 9 2019-04-30 15:06:05","timestamp":"2019-04-30 15:06:05"}
{"level":"info","message":"GET /article/price 21 2019-04-30 15:06:06","timestamp":"2019-04-30 15:06:06"}
{"level":"info","message":"GET /article/price 1 2019-04-30 15:06:09","timestamp":"2019-04-30 15:06:09"}
{"level":"info","message":"GET /article/article_list 6 2019-04-30 15:06:11","timestamp":"2019-04-30 15:06:11"}
{"level":"info","message":"GET /article/article_list 6 2019-04-30 15:06:12","timestamp":"2019-04-30 15:06:12"}
{"level":"info","message":"GET /article/price 1 2019-04-30 15:06:14","timestamp":"2019-04-30 15:06:14"}
{"level":"info","message":"GET /article/family_list 2 2019-04-30 15:06:57","timestamp":"2019-04-30 15:06:57"}
{"level":"info","message":"GET /article/article_list 10 2019-04-30 15:06:57","timestamp":"2019-04-30 15:06:57"}
{"level":"info","message":"GET /article/family_list 3 2019-04-30 15:12:32","timestamp":"2019-04-30 15:12:32"}
{"level":"info","message":"GET /article/article_list 25 2019-04-30 15:12:33","timestamp":"2019-04-30 15:12:33"}
{"level":"info","message":"GET /article/family_list 3 2019-04-30 15:12:33","timestamp":"2019-04-30 15:12:33"}
{"level":"info","message":"GET /article/article_list 12 2019-04-30 15:12:33","timestamp":"2019-04-30 15:12:33"}
{"level":"info","message":"GET /system/info 6 2019-04-30 15:12:35","timestamp":"2019-04-30 15:12:35"}
{"level":"info","message":"GET /article/family_list 3 2019-04-30 15:12:35","timestamp":"2019-04-30 15:12:35"}
{"level":"info","message":"GET /article/article_list 12 2019-04-30 15:12:35","timestamp":"2019-04-30 15:12:35"}
{"level":"info","message":"PUT /stock/empty 352 2019-04-30 15:12:37","timestamp":"2019-04-30 15:12:37"}
{"level":"info","message":"PUT /stock/update 6 2019-04-30 15:12:53","timestamp":"2019-04-30 15:12:53"}
{"level":"info","message":"GET /article/family_list 3 2019-04-30 15:13:31","timestamp":"2019-04-30 15:13:31"}
{"level":"info","message":"GET /article/article_list 15 2019-04-30 15:13:31","timestamp":"2019-04-30 15:13:31"}
{"level":"info","message":"GET /article/family_list 23 2019-04-30 15:15:27","timestamp":"2019-04-30 15:15:27"}
{"level":"info","message":"GET /system/info 6 2019-04-30 15:15:28","timestamp":"2019-04-30 15:15:28"}
{"level":"info","message":"GET /article/family_list 2 2019-04-30 15:15:29","timestamp":"2019-04-30 15:15:29"}
{"level":"info","message":"GET /article/article_list 12 2019-04-30 15:15:29","timestamp":"2019-04-30 15:15:29"}
{"level":"info","message":"GET /article/family_list 1 2019-04-30 15:17:30","timestamp":"2019-04-30 15:17:30"}
{"level":"info","message":"GET /article/article_list 6 2019-04-30 15:17:30","timestamp":"2019-04-30 15:17:30"}
{"level":"info","message":"GET /article/family_list 4 2019-04-30 15:19:40","timestamp":"2019-04-30 15:19:40"}
{"level":"info","message":"GET /article/article_list 15 2019-04-30 15:19:40","timestamp":"2019-04-30 15:19:40"}
{"level":"info","message":"GET /system/info 7 2019-04-30 15:19:44","timestamp":"2019-04-30 15:19:44"}
{"level":"info","message":"GET /article/family_list 2 2019-04-30 15:19:45","timestamp":"2019-04-30 15:19:45"}
{"level":"info","message":"GET /article/article_list 21 2019-04-30 15:19:45","timestamp":"2019-04-30 15:19:45"}
{"level":"info","message":"GET /article/article_list 10 2019-04-30 15:19:46","timestamp":"2019-04-30 15:19:46"}
{"level":"info","message":"GET /article/price 2 2019-04-30 15:19:47","timestamp":"2019-04-30 15:19:47"}
{"level":"info","message":"PUT /stock/update_price 53 2019-04-30 15:19:56","timestamp":"2019-04-30 15:19:56"}
{"level":"info","message":"GET /article/family_list 9 2019-04-30 15:24:04","timestamp":"2019-04-30 15:24:04"}
{"level":"info","message":"GET /article/article_list 15 2019-04-30 15:24:04","timestamp":"2019-04-30 15:24:04"}
{"level":"info","message":"GET /article/family_list 3 2019-04-30 15:24:04","timestamp":"2019-04-30 15:24:04"}
{"level":"info","message":"GET /article/article_list 12 2019-04-30 15:24:05","timestamp":"2019-04-30 15:24:05"}
{"level":"info","message":"GET /system/info 4 2019-04-30 15:24:06","timestamp":"2019-04-30 15:24:06"}
{"level":"info","message":"GET /article/family_list 2 2019-04-30 15:24:06","timestamp":"2019-04-30 15:24:06"}
{"level":"info","message":"GET /article/article_list 11 2019-04-30 15:24:06","timestamp":"2019-04-30 15:24:06"}
{"level":"info","message":"GET /system/info 5 2019-04-30 15:24:15","timestamp":"2019-04-30 15:24:15"}
{"level":"info","message":"GET /article/family_list 2 2019-04-30 15:24:16","timestamp":"2019-04-30 15:24:16"}
{"level":"info","message":"GET /article/article_list 17 2019-04-30 15:24:16","timestamp":"2019-04-30 15:24:16"}
{"level":"info","message":"GET /article/article_list 13 2019-04-30 15:24:17","timestamp":"2019-04-30 15:24:17"}
{"level":"info","message":"GET /article/price 2 2019-04-30 15:24:19","timestamp":"2019-04-30 15:24:19"}
{"level":"info","message":"PUT /stock/empty_price 62 2019-04-30 15:24:30","timestamp":"2019-04-30 15:24:30"}
{"level":"info","message":"PUT /stock/update_price 8 2019-04-30 15:24:40","timestamp":"2019-04-30 15:24:40"}
{"level":"info","message":"GET /article/price 3 2019-04-30 15:24:42","timestamp":"2019-04-30 15:24:42"}
{"level":"info","message":"PUT /stock/empty_price 17 2019-04-30 15:24:46","timestamp":"2019-04-30 15:24:46"}
{"level":"info","message":"PUT /stock/update_price 6 2019-04-30 15:24:55","timestamp":"2019-04-30 15:24:55"}
{"level":"info","message":"GET /article/price 2 2019-04-30 15:24:56","timestamp":"2019-04-30 15:24:56"}
{"level":"info","message":"GET /article/price 1 2019-04-30 15:24:57","timestamp":"2019-04-30 15:24:57"}
{"level":"info","message":"GET /article/price 2 2019-04-30 15:25:00","timestamp":"2019-04-30 15:25:00"}
{"level":"info","message":"GET /article/price 2 2019-04-30 15:25:02","timestamp":"2019-04-30 15:25:02"}
{"level":"info","message":"GET /article/price 2 2019-04-30 15:25:04","timestamp":"2019-04-30 15:25:04"}
{"level":"info","message":"GET /article/price 1 2019-04-30 15:25:05","timestamp":"2019-04-30 15:25:05"}
{"level":"info","message":"GET /article/family_list 3 2019-04-30 15:28:30","timestamp":"2019-04-30 15:28:30"}
{"level":"info","message":"GET /article/article_list 20 2019-04-30 15:28:30","timestamp":"2019-04-30 15:28:30"}
{"level":"info","message":"GET /system/info 7 2019-04-30 15:28:31","timestamp":"2019-04-30 15:28:31"}
{"level":"info","message":"GET /article/family_list 3 2019-04-30 15:28:32","timestamp":"2019-04-30 15:28:32"}
{"level":"info","message":"GET /article/article_list 14 2019-04-30 15:28:32","timestamp":"2019-04-30 15:28:32"}
{"level":"info","message":"GET /article/family_list 6 2019-04-30 15:29:40","timestamp":"2019-04-30 15:29:40"}
{"level":"info","message":"GET /article/article_list 17 2019-04-30 15:29:40","timestamp":"2019-04-30 15:29:40"}
{"level":"info","message":"GET /system/info 5 2019-04-30 15:29:41","timestamp":"2019-04-30 15:29:41"}
{"level":"info","message":"GET /article/family_list 2 2019-04-30 15:29:41","timestamp":"2019-04-30 15:29:41"}
{"level":"info","message":"GET /article/article_list 16 2019-04-30 15:29:42","timestamp":"2019-04-30 15:29:42"}
{"level":"info","message":"PUT /stock/up_down 0 2019-04-30 15:29:46","timestamp":"2019-04-30 15:29:46"}
{"level":"info","message":"PUT /stock/up_down 1 2019-04-30 15:30:14","timestamp":"2019-04-30 15:30:14"}
{"level":"info","message":"GET /article/article_list 13 2019-04-30 15:30:34","timestamp":"2019-04-30 15:30:34"}
{"level":"info","message":"PUT /stock/up_down 0 2019-04-30 15:30:39","timestamp":"2019-04-30 15:30:39"}
{"level":"info","message":"mqtt成功连接到：ws://test.emq.restoplus.cn:8083/mqtt","timestamp":"2019-04-30 15:32:15"}
{"level":"info","message":"订阅成功--$queue/winPos/+/2f83afee7a0e4822a6729145dd53af33/d2ff1bbb8c6f4fd8adb3949f76f8c1b6/+/+/+","timestamp":"2019-04-30 15:32:15"}
{"level":"info","message":"允许接收的平台=>posAdmin-dev,resto-dev","timestamp":"2019-04-30 15:32:15"}
{"level":"error","message":"resource \"GET:/70e023a9fa1a2181a06b.hot-update.json\" not found","timestamp":"2019-04-30 15:33:18"}
{"level":"info","message":"GET /70e023a9fa1a2181a06b.hot-update.json 9 2019-04-30 15:33:18","timestamp":"2019-04-30 15:33:18"}
{"level":"info","message":"GET /article/family_list 47 2019-04-30 15:33:20","timestamp":"2019-04-30 15:33:20"}
{"level":"info","message":"GET /system/info 190 2019-04-30 15:33:20","timestamp":"2019-04-30 15:33:20"}
{"level":"info","message":"GET /article/article_list 77 2019-04-30 15:33:20","timestamp":"2019-04-30 15:33:20"}
{"level":"info","message":"PUT /stock/up_down 41 2019-04-30 15:33:26","timestamp":"2019-04-30 15:33:26"}
{"level":"info","message":"PUT /stock/up_down 6 2019-04-30 15:33:33","timestamp":"2019-04-30 15:33:33"}
{"level":"info","message":"PUT /stock/up_down 120 2019-04-30 15:34:06","timestamp":"2019-04-30 15:34:06"}
{"level":"info","message":"PUT /stock/update 5 2019-04-30 15:34:11","timestamp":"2019-04-30 15:34:11"}
{"level":"info","message":"GET /article/article_list 11 2019-04-30 15:34:16","timestamp":"2019-04-30 15:34:16"}
{"level":"info","message":"GET /article/article_list 11 2019-04-30 15:34:19","timestamp":"2019-04-30 15:34:19"}
{"level":"info","message":"GET /article/price 31 2019-04-30 15:34:20","timestamp":"2019-04-30 15:34:20"}
{"level":"info","message":"GET /article/price 1 2019-04-30 15:34:21","timestamp":"2019-04-30 15:34:21"}
{"level":"info","message":"GET /article/price 1 2019-04-30 15:34:22","timestamp":"2019-04-30 15:34:22"}
{"level":"info","message":"GET /article/article_list 14 2019-04-30 15:34:24","timestamp":"2019-04-30 15:34:24"}
{"level":"info","message":"GET /article/price 2 2019-04-30 15:34:29","timestamp":"2019-04-30 15:34:29"}
{"level":"info","message":"GET /system/info 244 2019-04-30 15:35:22","timestamp":"2019-04-30 15:35:22"}
{"level":"info","message":"GET /article/family_list 3 2019-04-30 15:35:23","timestamp":"2019-04-30 15:35:23"}
{"level":"info","message":"GET /article/article_list 14 2019-04-30 15:35:23","timestamp":"2019-04-30 15:35:23"}
{"level":"info","message":"GET /system/info 3 2019-04-30 15:35:34","timestamp":"2019-04-30 15:35:34"}
{"level":"info","message":"GET /article/family_list 1 2019-04-30 15:35:34","timestamp":"2019-04-30 15:35:34"}
{"level":"info","message":"GET /article/article_list 15 2019-04-30 15:35:34","timestamp":"2019-04-30 15:35:34"}
{"level":"info","message":"GET /article/meal_item 80 2019-04-30 15:35:58","timestamp":"2019-04-30 15:35:58"}
{"level":"info","message":"GET /area 31 2019-04-30 15:37:49","timestamp":"2019-04-30 15:37:49"}
{"level":"info","message":"GET /table/list 41 2019-04-30 15:37:49","timestamp":"2019-04-30 15:37:49"}
{"level":"info","message":"GET /order/order_state_count 59 2019-04-30 15:37:49","timestamp":"2019-04-30 15:37:49"}
{"level":"info","message":"GET /order/no_pay 8 2019-04-30 15:53:31","timestamp":"2019-04-30 15:53:31"}
{"level":"info","message":"GET /order/detail 46 2019-04-30 15:53:31","timestamp":"2019-04-30 15:53:31"}
{"level":"info","message":"GET /order/get_order_test 45 2019-04-30 15:53:31","timestamp":"2019-04-30 15:53:31"}
{"level":"info","message":"GET /table/list 6 2019-04-30 15:53:34","timestamp":"2019-04-30 15:53:34"}
{"level":"info","message":"GET /order/no_pay 4 2019-04-30 15:53:40","timestamp":"2019-04-30 15:53:40"}
{"level":"info","message":"GET /order/detail 8 2019-04-30 15:53:40","timestamp":"2019-04-30 15:53:40"}
{"level":"info","message":"GET /order/get_order_test 5 2019-04-30 15:53:41","timestamp":"2019-04-30 15:53:41"}
{"level":"info","message":"GET /table/list 5 2019-04-30 15:53:43","timestamp":"2019-04-30 15:53:43"}
{"level":"info","message":"GET /article/family_list 1 2019-04-30 15:53:45","timestamp":"2019-04-30 15:53:45"}
{"level":"info","message":"GET /article/article_list 13 2019-04-30 15:53:45","timestamp":"2019-04-30 15:53:45"}
{"level":"info","message":"GET /order/order_state_count 7 2019-04-30 15:53:59","timestamp":"2019-04-30 15:53:59"}
{"level":"info","message":"GET /area 6 2019-04-30 15:53:59","timestamp":"2019-04-30 15:53:59"}
{"level":"info","message":"GET /table/list 7 2019-04-30 15:53:59","timestamp":"2019-04-30 15:53:59"}
{"level":"info","message":"GET /order/no_pay 5 2019-04-30 15:54:00","timestamp":"2019-04-30 15:54:00"}
{"level":"info","message":"GET /order/detail 8 2019-04-30 15:54:00","timestamp":"2019-04-30 15:54:00"}
{"level":"info","message":"GET /order/get_order_test 4 2019-04-30 15:54:01","timestamp":"2019-04-30 15:54:01"}
{"level":"info","message":"GET /article/family_list 1 2019-04-30 15:54:02","timestamp":"2019-04-30 15:54:02"}
{"level":"info","message":"GET /order/detail 5 2019-04-30 15:54:02","timestamp":"2019-04-30 15:54:02"}
{"level":"info","message":"GET /article/article_list 14 2019-04-30 15:54:02","timestamp":"2019-04-30 15:54:02"}
{"level":"info","message":"GET /order/order_state_count 10 2019-04-30 15:55:04","timestamp":"2019-04-30 15:55:04"}
{"level":"info","message":"GET /area 7 2019-04-30 15:55:04","timestamp":"2019-04-30 15:55:04"}
{"level":"info","message":"GET /table/list 7 2019-04-30 15:55:04","timestamp":"2019-04-30 15:55:04"}
{"level":"info","message":"GET /order/detail 19 2019-04-30 15:55:04","timestamp":"2019-04-30 15:55:04"}
{"level":"info","message":"GET /order/no_pay 3 2019-04-30 15:58:44","timestamp":"2019-04-30 15:58:44"}
{"level":"info","message":"GET /order/detail 7 2019-04-30 15:58:45","timestamp":"2019-04-30 15:58:45"}
{"level":"info","message":"GET /order/get_order_test 3 2019-04-30 15:58:45","timestamp":"2019-04-30 15:58:45"}
{"level":"info","message":"GET /article/family_list 3 2019-04-30 15:58:46","timestamp":"2019-04-30 15:58:46"}
{"level":"info","message":"GET /order/detail 7 2019-04-30 15:58:46","timestamp":"2019-04-30 15:58:46"}
{"level":"info","message":"GET /article/article_list 14 2019-04-30 15:58:46","timestamp":"2019-04-30 15:58:46"}
{"level":"info","message":"GET /article/article_list 16 2019-04-30 15:58:47","timestamp":"2019-04-30 15:58:47"}
{"level":"info","message":"GET /article/article_list 6 2019-04-30 15:58:48","timestamp":"2019-04-30 15:58:48"}
{"level":"info","message":"GET /article/article_list 8 2019-04-30 15:58:49","timestamp":"2019-04-30 15:58:49"}
{"level":"info","message":"GET /article/article_list 7 2019-04-30 15:58:50","timestamp":"2019-04-30 15:58:50"}
{"level":"info","message":"GET /article/unit_list 21 2019-04-30 15:58:51","timestamp":"2019-04-30 15:58:51"}
{"level":"info","message":"GET /article/unit_list 1 2019-04-30 15:59:00","timestamp":"2019-04-30 15:59:00"}
{"level":"info","message":"GET /article/family_list 9 2019-04-30 16:02:19","timestamp":"2019-04-30 16:02:19"}
{"level":"info","message":"GET /article/article_list 17 2019-04-30 16:02:19","timestamp":"2019-04-30 16:02:19"}
{"level":"info","message":"GET /order/order_state_count 13 2019-04-30 16:02:21","timestamp":"2019-04-30 16:02:21"}
{"level":"info","message":"GET /area 11 2019-04-30 16:02:21","timestamp":"2019-04-30 16:02:21"}
{"level":"info","message":"GET /table/list 13 2019-04-30 16:02:21","timestamp":"2019-04-30 16:02:21"}
{"level":"info","message":"GET /article/family_list 2 2019-04-30 16:02:22","timestamp":"2019-04-30 16:02:22"}
{"level":"info","message":"GET /article/article_list 13 2019-04-30 16:02:22","timestamp":"2019-04-30 16:02:22"}
{"level":"info","message":"GET /system/info 5 2019-04-30 16:02:57","timestamp":"2019-04-30 16:02:57"}
{"level":"info","message":"GET /article/family_list 1 2019-04-30 16:02:58","timestamp":"2019-04-30 16:02:58"}
{"level":"info","message":"GET /article/article_list 16 2019-04-30 16:02:58","timestamp":"2019-04-30 16:02:58"}
{"level":"info","message":"GET /order/order_state_count 5 2019-04-30 16:03:12","timestamp":"2019-04-30 16:03:12"}
{"level":"info","message":"GET /area 4 2019-04-30 16:03:12","timestamp":"2019-04-30 16:03:12"}
{"level":"info","message":"GET /table/list 5 2019-04-30 16:03:12","timestamp":"2019-04-30 16:03:12"}
{"level":"info","message":"GET /order/order_state_count 8 2019-04-30 16:03:19","timestamp":"2019-04-30 16:03:19"}
{"level":"info","message":"GET /area 7 2019-04-30 16:03:19","timestamp":"2019-04-30 16:03:19"}
{"level":"info","message":"GET /table/list 8 2019-04-30 16:03:19","timestamp":"2019-04-30 16:03:19"}
{"level":"info","message":"GET /business/report 23 2019-04-30 16:03:21","timestamp":"2019-04-30 16:03:21"}
{"level":"info","message":"GET /order/order_state_count 6 2019-04-30 16:03:26","timestamp":"2019-04-30 16:03:26"}
{"level":"info","message":"GET /area 6 2019-04-30 16:03:26","timestamp":"2019-04-30 16:03:26"}
{"level":"info","message":"GET /table/list 7 2019-04-30 16:03:26","timestamp":"2019-04-30 16:03:26"}
{"level":"info","message":"GET /order/no_pay 2 2019-04-30 16:07:40","timestamp":"2019-04-30 16:07:40"}
{"level":"info","message":"GET /order/detail 8 2019-04-30 16:07:40","timestamp":"2019-04-30 16:07:40"}
{"level":"info","message":"GET /order/get_order_test 5 2019-04-30 16:07:40","timestamp":"2019-04-30 16:07:40"}
{"level":"info","message":"GET /table/list 6 2019-04-30 16:07:47","timestamp":"2019-04-30 16:07:47"}
{"level":"info","message":"GET /order/no_pay 4 2019-04-30 16:07:48","timestamp":"2019-04-30 16:07:48"}
{"level":"info","message":"GET /order/detail 8 2019-04-30 16:07:48","timestamp":"2019-04-30 16:07:48"}
{"level":"info","message":"GET /order/get_order_test 3 2019-04-30 16:07:49","timestamp":"2019-04-30 16:07:49"}
{"level":"info","message":"GET /table/list 8 2019-04-30 16:07:50","timestamp":"2019-04-30 16:07:50"}
{"level":"info","message":"POST /bindTable 13 2019-04-30 16:07:54","timestamp":"2019-04-30 16:07:54"}
{"level":"info","message":"POST /bindTable 8 2019-04-30 16:07:56","timestamp":"2019-04-30 16:07:56"}
{"level":"info","message":"POST /bindTable 232 2019-04-30 16:07:58","timestamp":"2019-04-30 16:07:58"}
{"level":"info","message":"GET /article/family_list 5 2019-04-30 16:07:58","timestamp":"2019-04-30 16:07:58"}
{"level":"info","message":"GET /order/detail 11 2019-04-30 16:07:58","timestamp":"2019-04-30 16:07:58"}
{"level":"info","message":"GET /article/article_list 14 2019-04-30 16:07:58","timestamp":"2019-04-30 16:07:58"}
{"level":"info","message":"GET /order/order_state_count 10 2019-04-30 16:08:08","timestamp":"2019-04-30 16:08:08"}
{"level":"info","message":"GET /area 7 2019-04-30 16:08:08","timestamp":"2019-04-30 16:08:08"}
{"level":"info","message":"GET /table/list 8 2019-04-30 16:08:08","timestamp":"2019-04-30 16:08:08"}
{"level":"info","message":"GET /order/detail 7 2019-04-30 16:08:08","timestamp":"2019-04-30 16:08:08"}
{"level":"info","message":"GET /order/get_order_test 3 2019-04-30 16:08:09","timestamp":"2019-04-30 16:08:09"}
{"level":"info","message":"GET /order/get_order_test 4 2019-04-30 16:08:09","timestamp":"2019-04-30 16:08:09"}
