{"level":"info","message":"mqtt成功连接到：ws://test.emq.restoplus.cn:8083/mqtt","timestamp":"2019-07-16 14:42:06"}
{"level":"info","message":"订阅成功--$queue/winPos/+/2f83afee7a0e4822a6729145dd53af33/d2ff1bbb8c6f4fd8adb3949f76f8c1b6/+/+/+","timestamp":"2019-07-16 14:42:06"}
{"level":"info","message":"允许接收的平台=>posAdmin-dev,resto-dev","timestamp":"2019-07-16 14:42:06"}
{"level":"error","message":"==mqtt==close==你已断开连接,异常退出","timestamp":"2019-07-16 14:42:32"}
{"level":"error","message":"==mqtt==reconnect==正在尝试重新连接","timestamp":"2019-07-16 14:42:48"}
{"level":"info","message":"mqtt成功连接到：ws://test.emq.restoplus.cn:8083/mqtt","timestamp":"2019-07-16 14:42:48"}
{"level":"info","message":"订阅成功--$queue/winPos/+/2f83afee7a0e4822a6729145dd53af33/d2ff1bbb8c6f4fd8adb3949f76f8c1b6/+/+/+","timestamp":"2019-07-16 14:42:48"}
{"level":"info","message":"允许接收的平台=>posAdmin-dev,resto-dev","timestamp":"2019-07-16 14:42:48"}
{"level":"info","message":"启动离线订单检测！间隔180000","timestamp":"2019-07-16 14:44:57"}
{"level":"info","message":"没有需要同步的订单！","timestamp":"2019-07-16 14:44:57"}
{"level":"info","message":"启动打印机检测！间隔240000","timestamp":"2019-07-16 14:45:57"}
{"level":"info","message":"启动离线订单检测！间隔180000","timestamp":"2019-07-16 14:47:57"}
{"level":"info","message":"没有需要同步的订单！","timestamp":"2019-07-16 14:47:57"}
{"level":"info","message":"启动打印机检测！间隔240000","timestamp":"2019-07-16 14:49:57"}
{"level":"info","message":"启动离线订单检测！间隔180000","timestamp":"2019-07-16 14:50:57"}
{"level":"info","message":"没有需要同步的订单！","timestamp":"2019-07-16 14:50:57"}
{"level":"info","message":"启动打印机检测！间隔240000","timestamp":"2019-07-16 14:53:57"}
{"level":"info","message":"启动离线订单检测！间隔180000","timestamp":"2019-07-16 14:53:57"}
{"level":"info","message":"没有需要同步的订单！","timestamp":"2019-07-16 14:53:57"}
{"level":"info","message":"启动离线订单检测！间隔180000","timestamp":"2019-07-16 14:56:57"}
{"level":"info","message":"没有需要同步的订单！","timestamp":"2019-07-16 14:56:57"}
{"level":"info","message":"启动打印机检测！间隔240000","timestamp":"2019-07-16 14:57:57"}
{"level":"info","message":"启动离线订单检测！间隔180000","timestamp":"2019-07-16 14:59:57"}
{"level":"info","message":"没有需要同步的订单！","timestamp":"2019-07-16 14:59:57"}
{"level":"info","message":"启动打印机检测！间隔240000","timestamp":"2019-07-16 15:01:57"}
{"level":"info","message":"启动离线订单检测！间隔180000","timestamp":"2019-07-16 15:02:57"}
{"level":"info","message":"没有需要同步的订单！","timestamp":"2019-07-16 15:02:57"}
{"level":"info","message":"启动打印机检测！间隔240000","timestamp":"2019-07-16 15:05:57"}
{"level":"info","message":"启动离线订单检测！间隔180000","timestamp":"2019-07-16 15:05:57"}
{"level":"info","message":"没有需要同步的订单！","timestamp":"2019-07-16 15:05:57"}
{"level":"info","message":"GET /system/info 139 2019-07-16 15:08:42","timestamp":"2019-07-16 15:08:42"}
{"level":"info","message":"GET /on/line/state 3 2019-07-16 15:08:45","timestamp":"2019-07-16 15:08:45"}
{"level":"info","message":"GET /order/wait_and_nopay 134 2019-07-16 15:08:45","timestamp":"2019-07-16 15:08:45"}
{"level":"info","message":"GET /order/order_state_count 129 2019-07-16 15:08:45","timestamp":"2019-07-16 15:08:45"}
{"level":"info","message":"GET /order/detail 185 2019-07-16 15:08:45","timestamp":"2019-07-16 15:08:45"}
{"level":"info","message":"GET /order/get_order_test 36 2019-07-16 15:08:46","timestamp":"2019-07-16 15:08:46"}
{"level":"info","message":"启动离线订单检测！间隔180000","timestamp":"2019-07-16 15:08:57"}
{"level":"info","message":"没有需要同步的订单！","timestamp":"2019-07-16 15:08:57"}
{"level":"info","message":"启动打印机检测！间隔240000","timestamp":"2019-07-16 15:09:57"}
{"level":"info","message":"启动离线订单检测！间隔180000","timestamp":"2019-07-16 15:11:57"}
{"level":"info","message":"没有需要同步的订单！","timestamp":"2019-07-16 15:11:57"}
{"level":"info","message":"启动打印机检测！间隔240000","timestamp":"2019-07-16 15:13:57"}
{"level":"info","message":"启动离线订单检测！间隔180000","timestamp":"2019-07-16 15:14:57"}
{"level":"info","message":"没有需要同步的订单！","timestamp":"2019-07-16 15:14:57"}
{"level":"info","message":"启动打印机检测！间隔240000","timestamp":"2019-07-16 15:17:57"}
{"level":"info","message":"启动离线订单检测！间隔180000","timestamp":"2019-07-16 15:17:57"}
{"level":"info","message":"没有需要同步的订单！","timestamp":"2019-07-16 15:17:57"}
{"level":"info","message":"启动离线订单检测！间隔180000","timestamp":"2019-07-16 15:20:57"}
{"level":"info","message":"没有需要同步的订单！","timestamp":"2019-07-16 15:20:57"}
{"level":"info","message":"启动打印机检测！间隔240000","timestamp":"2019-07-16 15:21:57"}
{"level":"info","message":"启动离线订单检测！间隔180000","timestamp":"2019-07-16 15:23:57"}
{"level":"info","message":"没有需要同步的订单！","timestamp":"2019-07-16 15:23:57"}
{"level":"info","message":"启动打印机检测！间隔240000","timestamp":"2019-07-16 15:25:57"}
{"level":"info","message":"启动离线订单检测！间隔180000","timestamp":"2019-07-16 15:26:57"}
{"level":"info","message":"没有需要同步的订单！","timestamp":"2019-07-16 15:26:57"}
{"level":"info","message":"启动打印机检测！间隔240000","timestamp":"2019-07-16 15:29:57"}
{"level":"info","message":"启动离线订单检测！间隔180000","timestamp":"2019-07-16 15:29:57"}
{"level":"info","message":"没有需要同步的订单！","timestamp":"2019-07-16 15:29:57"}
{"level":"info","message":"启动离线订单检测！间隔180000","timestamp":"2019-07-16 15:32:57"}
{"level":"info","message":"没有需要同步的订单！","timestamp":"2019-07-16 15:32:57"}
{"level":"info","message":"启动打印机检测！间隔240000","timestamp":"2019-07-16 15:33:57"}
{"level":"info","message":"启动离线订单检测！间隔180000","timestamp":"2019-07-16 15:35:57"}
{"level":"info","message":"没有需要同步的订单！","timestamp":"2019-07-16 15:35:57"}
{"level":"info","message":"启动打印机检测！间隔240000","timestamp":"2019-07-16 15:37:57"}
{"level":"info","message":"启动离线订单检测！间隔180000","timestamp":"2019-07-16 15:38:57"}
{"level":"info","message":"没有需要同步的订单！","timestamp":"2019-07-16 15:38:57"}
{"level":"info","message":"启动打印机检测！间隔240000","timestamp":"2019-07-16 15:41:57"}
{"level":"info","message":"启动离线订单检测！间隔180000","timestamp":"2019-07-16 15:41:57"}
{"level":"info","message":"没有需要同步的订单！","timestamp":"2019-07-16 15:41:57"}
{"level":"info","message":"启动离线订单检测！间隔180000","timestamp":"2019-07-16 15:44:57"}
{"level":"info","message":"没有需要同步的订单！","timestamp":"2019-07-16 15:44:57"}
{"level":"info","message":"启动打印机检测！间隔240000","timestamp":"2019-07-16 15:45:57"}
{"level":"info","message":"启动离线订单检测！间隔180000","timestamp":"2019-07-16 15:47:57"}
{"level":"info","message":"没有需要同步的订单！","timestamp":"2019-07-16 15:47:57"}
{"level":"info","message":"启动打印机检测！间隔240000","timestamp":"2019-07-16 15:49:57"}
{"level":"info","message":"启动离线订单检测！间隔180000","timestamp":"2019-07-16 15:50:57"}
{"level":"info","message":"没有需要同步的订单！","timestamp":"2019-07-16 15:50:57"}
{"level":"info","message":"启动打印机检测！间隔240000","timestamp":"2019-07-16 15:53:57"}
{"level":"info","message":"启动离线订单检测！间隔180000","timestamp":"2019-07-16 15:53:57"}
{"level":"info","message":"没有需要同步的订单！","timestamp":"2019-07-16 15:53:57"}
{"level":"info","message":"启动离线订单检测！间隔180000","timestamp":"2019-07-16 15:56:57"}
{"level":"info","message":"没有需要同步的订单！","timestamp":"2019-07-16 15:56:57"}
{"level":"info","message":"启动打印机检测！间隔240000","timestamp":"2019-07-16 15:57:57"}
{"level":"error","message":"==mqtt==close==你已断开连接,正常退出","timestamp":"2019-07-16 15:58:38"}
{"level":"error","message":"==mqtt==reconnect==正在尝试重新连接","timestamp":"2019-07-16 15:58:53"}
{"level":"info","message":"mqtt成功连接到：ws://test.emq.restoplus.cn:8083/mqtt","timestamp":"2019-07-16 15:58:53"}
{"level":"info","message":"订阅成功--$queue/winPos/+/2f83afee7a0e4822a6729145dd53af33/d2ff1bbb8c6f4fd8adb3949f76f8c1b6/+/+/+","timestamp":"2019-07-16 15:58:53"}
{"level":"info","message":"允许接收的平台=>posAdmin-dev,resto-dev","timestamp":"2019-07-16 15:58:53"}
{"level":"error","message":"==mqtt==close==你已断开连接,正常退出","timestamp":"2019-07-16 15:59:08"}
{"level":"error","message":"==mqtt==reconnect==正在尝试重新连接","timestamp":"2019-07-16 15:59:23"}
{"level":"info","message":"mqtt成功连接到：ws://test.emq.restoplus.cn:8083/mqtt","timestamp":"2019-07-16 15:59:23"}
{"level":"info","message":"订阅成功--$queue/winPos/+/2f83afee7a0e4822a6729145dd53af33/d2ff1bbb8c6f4fd8adb3949f76f8c1b6/+/+/+","timestamp":"2019-07-16 15:59:23"}
{"level":"info","message":"允许接收的平台=>posAdmin-dev,resto-dev","timestamp":"2019-07-16 15:59:23"}
{"level":"error","message":"==mqtt==close==你已断开连接,正常退出","timestamp":"2019-07-16 15:59:38"}
{"level":"error","message":"==mqtt==reconnect==正在尝试重新连接","timestamp":"2019-07-16 15:59:53"}
{"level":"info","message":"mqtt成功连接到：ws://test.emq.restoplus.cn:8083/mqtt","timestamp":"2019-07-16 15:59:53"}
{"level":"info","message":"订阅成功--$queue/winPos/+/2f83afee7a0e4822a6729145dd53af33/d2ff1bbb8c6f4fd8adb3949f76f8c1b6/+/+/+","timestamp":"2019-07-16 15:59:53"}
{"level":"info","message":"允许接收的平台=>posAdmin-dev,resto-dev","timestamp":"2019-07-16 15:59:53"}
{"level":"info","message":"启动离线订单检测！间隔180000","timestamp":"2019-07-16 15:59:57"}
{"level":"info","message":"没有需要同步的订单！","timestamp":"2019-07-16 15:59:57"}
{"level":"error","message":"==mqtt==close==你已断开连接,正常退出","timestamp":"2019-07-16 16:00:08"}
{"level":"error","message":"==mqtt==reconnect==正在尝试重新连接","timestamp":"2019-07-16 16:00:23"}
{"level":"info","message":"mqtt成功连接到：ws://test.emq.restoplus.cn:8083/mqtt","timestamp":"2019-07-16 16:00:23"}
{"level":"info","message":"订阅成功--$queue/winPos/+/2f83afee7a0e4822a6729145dd53af33/d2ff1bbb8c6f4fd8adb3949f76f8c1b6/+/+/+","timestamp":"2019-07-16 16:00:23"}
{"level":"info","message":"允许接收的平台=>posAdmin-dev,resto-dev","timestamp":"2019-07-16 16:00:23"}
{"level":"error","message":"==mqtt==close==你已断开连接,正常退出","timestamp":"2019-07-16 16:00:38"}
{"level":"error","message":"==mqtt==reconnect==正在尝试重新连接","timestamp":"2019-07-16 16:00:53"}
{"level":"info","message":"mqtt成功连接到：ws://test.emq.restoplus.cn:8083/mqtt","timestamp":"2019-07-16 16:00:53"}
{"level":"info","message":"订阅成功--$queue/winPos/+/2f83afee7a0e4822a6729145dd53af33/d2ff1bbb8c6f4fd8adb3949f76f8c1b6/+/+/+","timestamp":"2019-07-16 16:00:53"}
{"level":"info","message":"允许接收的平台=>posAdmin-dev,resto-dev","timestamp":"2019-07-16 16:00:53"}
{"level":"info","message":"GET /order/wait_and_nopay 19 2019-07-16 16:01:04","timestamp":"2019-07-16 16:01:04"}
{"level":"info","message":"GET /order/order_state_count 11 2019-07-16 16:01:04","timestamp":"2019-07-16 16:01:04"}
{"level":"error","message":"==mqtt==close==你已断开连接,正常退出","timestamp":"2019-07-16 16:01:08"}
