{"level":"info","message":"mqtt成功连接到：ws://test.emq.restoplus.cn:8083/mqtt","timestamp":"2019-06-14 10:13:47"}
{"level":"info","message":"订阅成功--$queue/winPos/+/2f83afee7a0e4822a6729145dd53af33/d2ff1bbb8c6f4fd8adb3949f76f8c1b6/+/+/+","timestamp":"2019-06-14 10:13:52"}
{"level":"info","message":"允许接收的平台=>posAdmin-dev,resto-dev","timestamp":"2019-06-14 10:13:52"}
{"level":"info","message":"GET /system/info 99 2019-06-14 10:17:24","timestamp":"2019-06-14 10:17:24"}
{"level":"info","message":"GET /on/line/state 1 2019-06-14 10:17:26","timestamp":"2019-06-14 10:17:26"}
{"level":"info","message":"GET /order/order_state_count 83 2019-06-14 10:17:26","timestamp":"2019-06-14 10:17:26"}
{"level":"info","message":"GET /area 41 2019-06-14 10:17:26","timestamp":"2019-06-14 10:17:26"}
{"level":"info","message":"GET /table/list 64 2019-06-14 10:17:26","timestamp":"2019-06-14 10:17:26"}
{"level":"info","message":"GET /order/detail 131 2019-06-14 10:17:26","timestamp":"2019-06-14 10:17:26"}
{"level":"info","message":"GET /order/get_order_test 16 2019-06-14 10:17:26","timestamp":"2019-06-14 10:17:26"}
{"level":"info","message":"GET /order/no_pay 4 2019-06-14 10:17:47","timestamp":"2019-06-14 10:17:47"}
{"level":"info","message":"GET /order/order_state_count 5 2019-06-14 10:17:47","timestamp":"2019-06-14 10:17:47"}
{"level":"info","message":"GET /order/get_order_test 3 2019-06-14 10:17:47","timestamp":"2019-06-14 10:17:47"}
{"level":"info","message":"GET /order/detail 7 2019-06-14 10:17:47","timestamp":"2019-06-14 10:17:47"}
{"level":"info","message":"GET /order/order_state_count 6 2019-06-14 10:17:49","timestamp":"2019-06-14 10:17:49"}
{"level":"info","message":"GET /order/wait_order 7 2019-06-14 10:17:49","timestamp":"2019-06-14 10:17:49"}
{"level":"info","message":"GET /order/get_order_test 8 2019-06-14 10:17:49","timestamp":"2019-06-14 10:17:49"}
{"level":"info","message":"GET /order/detail 13 2019-06-14 10:17:49","timestamp":"2019-06-14 10:17:49"}
{"level":"info","message":"GET /order/no_pay 7 2019-06-14 10:17:52","timestamp":"2019-06-14 10:17:52"}
{"level":"info","message":"GET /order/order_state_count 7 2019-06-14 10:17:52","timestamp":"2019-06-14 10:17:52"}
{"level":"info","message":"GET /order/get_order_test 8 2019-06-14 10:17:52","timestamp":"2019-06-14 10:17:52"}
{"level":"info","message":"GET /order/detail 15 2019-06-14 10:17:52","timestamp":"2019-06-14 10:17:52"}
{"level":"info","message":"GET /order/order_state_count 5 2019-06-14 10:19:03","timestamp":"2019-06-14 10:19:03"}
{"level":"info","message":"GET /order/wait_and_nopay 5 2019-06-14 10:19:03","timestamp":"2019-06-14 10:19:03"}
{"level":"info","message":"GET /system/info 5 2019-06-14 10:19:05","timestamp":"2019-06-14 10:19:05"}
{"level":"info","message":"GET /order/order_state_count 9 2019-06-14 10:19:05","timestamp":"2019-06-14 10:19:05"}
{"level":"info","message":"GET /on/line/state 1 2019-06-14 10:19:05","timestamp":"2019-06-14 10:19:05"}
{"level":"info","message":"GET /order/wait_and_nopay 13 2019-06-14 10:19:05","timestamp":"2019-06-14 10:19:05"}
{"level":"info","message":"GET /table/list 8 2019-06-14 10:19:10","timestamp":"2019-06-14 10:19:10"}
{"level":"info","message":"GET /order/order_state_count 8 2019-06-14 10:19:10","timestamp":"2019-06-14 10:19:10"}
{"level":"info","message":"GET /order/detail 7 2019-06-14 10:19:10","timestamp":"2019-06-14 10:19:10"}
{"level":"info","message":"GET /order/get_order_test 6 2019-06-14 10:19:10","timestamp":"2019-06-14 10:19:10"}
{"level":"info","message":"GET /system/info 3 2019-06-14 10:19:20","timestamp":"2019-06-14 10:19:20"}
{"level":"info","message":"GET /order/order_state_count 3 2019-06-14 10:19:20","timestamp":"2019-06-14 10:19:20"}
{"level":"info","message":"GET /order/detail 3 2019-06-14 10:19:20","timestamp":"2019-06-14 10:19:20"}
{"level":"info","message":"GET /on/line/state 0 2019-06-14 10:19:20","timestamp":"2019-06-14 10:19:20"}
{"level":"info","message":"GET /order/wait_and_nopay 6 2019-06-14 10:19:20","timestamp":"2019-06-14 10:19:20"}
{"level":"info","message":"GET /order/get_order_test 1 2019-06-14 10:19:21","timestamp":"2019-06-14 10:19:21"}
{"level":"info","message":"GET /table/list 9 2019-06-14 10:19:26","timestamp":"2019-06-14 10:19:26"}
{"level":"info","message":"GET /order/order_state_count 11 2019-06-14 10:19:26","timestamp":"2019-06-14 10:19:26"}
{"level":"info","message":"GET /order/detail 4 2019-06-14 10:19:26","timestamp":"2019-06-14 10:19:26"}
{"level":"info","message":"GET /order/get_order_test 3 2019-06-14 10:19:26","timestamp":"2019-06-14 10:19:26"}
{"level":"info","message":"GET /order/wait_order 7 2019-06-14 10:19:27","timestamp":"2019-06-14 10:19:27"}
{"level":"info","message":"GET /order/order_state_count 10 2019-06-14 10:19:27","timestamp":"2019-06-14 10:19:27"}
{"level":"info","message":"GET /order/get_order_test 6 2019-06-14 10:19:27","timestamp":"2019-06-14 10:19:27"}
{"level":"info","message":"GET /order/detail 13 2019-06-14 10:19:27","timestamp":"2019-06-14 10:19:27"}
{"level":"info","message":"GET /table/list 9 2019-06-14 10:19:30","timestamp":"2019-06-14 10:19:30"}
{"level":"info","message":"GET /order/order_state_count 8 2019-06-14 10:19:30","timestamp":"2019-06-14 10:19:30"}
{"level":"info","message":"GET /order/detail 7 2019-06-14 10:19:30","timestamp":"2019-06-14 10:19:30"}
{"level":"info","message":"GET /order/get_order_test 3 2019-06-14 10:19:30","timestamp":"2019-06-14 10:19:30"}
{"level":"info","message":"GET /system/info 6 2019-06-14 10:19:31","timestamp":"2019-06-14 10:19:31"}
{"level":"info","message":"GET /on/line/state 1 2019-06-14 10:19:31","timestamp":"2019-06-14 10:19:31"}
{"level":"info","message":"GET /order/order_state_count 31 2019-06-14 10:19:31","timestamp":"2019-06-14 10:19:31"}
{"level":"info","message":"GET /order/detail 19 2019-06-14 10:19:31","timestamp":"2019-06-14 10:19:31"}
{"level":"info","message":"GET /order/wait_and_nopay 21 2019-06-14 10:19:31","timestamp":"2019-06-14 10:19:31"}
{"level":"info","message":"GET /order/get_order_test 1 2019-06-14 10:19:32","timestamp":"2019-06-14 10:19:32"}
{"level":"info","message":"GET /table/list 14 2019-06-14 10:19:33","timestamp":"2019-06-14 10:19:33"}
{"level":"info","message":"GET /order/order_state_count 13 2019-06-14 10:19:33","timestamp":"2019-06-14 10:19:33"}
{"level":"info","message":"GET /order/detail 2 2019-06-14 10:19:33","timestamp":"2019-06-14 10:19:33"}
{"level":"info","message":"GET /order/get_order_test 3 2019-06-14 10:19:33","timestamp":"2019-06-14 10:19:33"}
{"level":"info","message":"GET /order/get_order_test 2 2019-06-14 10:19:34","timestamp":"2019-06-14 10:19:34"}
{"level":"info","message":"GET /order/detail 2 2019-06-14 10:19:34","timestamp":"2019-06-14 10:19:34"}
{"level":"info","message":"GET /system/info 3 2019-06-14 10:19:35","timestamp":"2019-06-14 10:19:35"}
{"level":"info","message":"GET /on/line/state 0 2019-06-14 10:19:35","timestamp":"2019-06-14 10:19:35"}
{"level":"info","message":"GET /order/order_state_count 11 2019-06-14 10:19:35","timestamp":"2019-06-14 10:19:35"}
{"level":"info","message":"GET /order/detail 11 2019-06-14 10:19:35","timestamp":"2019-06-14 10:19:35"}
{"level":"info","message":"GET /order/wait_and_nopay 13 2019-06-14 10:19:35","timestamp":"2019-06-14 10:19:35"}
{"level":"info","message":"GET /order/detail 3 2019-06-14 10:19:35","timestamp":"2019-06-14 10:19:35"}
{"level":"info","message":"GET /order/get_order_test 5 2019-06-14 10:19:35","timestamp":"2019-06-14 10:19:35"}
{"level":"info","message":"GET /order/get_order_test 2 2019-06-14 10:19:35","timestamp":"2019-06-14 10:19:35"}
{"level":"info","message":"GET /table/list 7 2019-06-14 10:19:36","timestamp":"2019-06-14 10:19:36"}
{"level":"info","message":"GET /order/order_state_count 4 2019-06-14 10:19:36","timestamp":"2019-06-14 10:19:37"}
{"level":"info","message":"GET /order/detail 2 2019-06-14 10:19:37","timestamp":"2019-06-14 10:19:37"}
{"level":"info","message":"GET /order/get_order_test 2 2019-06-14 10:19:37","timestamp":"2019-06-14 10:19:37"}
{"level":"info","message":"GET /order/order_state_count 10 2019-06-14 10:19:40","timestamp":"2019-06-14 10:19:40"}
{"level":"info","message":"GET /area 11 2019-06-14 10:19:40","timestamp":"2019-06-14 10:19:40"}
{"level":"info","message":"GET /table/list 10 2019-06-14 10:19:40","timestamp":"2019-06-14 10:19:40"}
{"level":"info","message":"GET /order/get_order_test 10 2019-06-14 10:19:40","timestamp":"2019-06-14 10:19:40"}
{"level":"info","message":"GET /order/detail 17 2019-06-14 10:19:40","timestamp":"2019-06-14 10:19:40"}
{"level":"info","message":"GET /order/get_order_test 4 2019-06-14 10:19:41","timestamp":"2019-06-14 10:19:41"}
{"level":"info","message":"GET /order/order_state_count 7 2019-06-14 10:19:42","timestamp":"2019-06-14 10:19:42"}
{"level":"info","message":"GET /order/wait_and_nopay 7 2019-06-14 10:19:42","timestamp":"2019-06-14 10:19:42"}
{"level":"info","message":"GET /order/wait_and_nopay 4 2019-06-14 10:19:43","timestamp":"2019-06-14 10:19:43"}
{"level":"info","message":"GET /order/order_state_count 4 2019-06-14 10:19:43","timestamp":"2019-06-14 10:19:43"}
{"level":"info","message":"GET /system/info 3 2019-06-14 10:19:45","timestamp":"2019-06-14 10:19:45"}
{"level":"info","message":"GET /on/line/state 1 2019-06-14 10:19:45","timestamp":"2019-06-14 10:19:45"}
{"level":"info","message":"GET /order/order_state_count 10 2019-06-14 10:19:45","timestamp":"2019-06-14 10:19:45"}
{"level":"info","message":"GET /order/wait_and_nopay 8 2019-06-14 10:19:45","timestamp":"2019-06-14 10:19:45"}
{"level":"info","message":"GET /table/list 6 2019-06-14 10:19:46","timestamp":"2019-06-14 10:19:46"}
{"level":"info","message":"GET /order/order_state_count 6 2019-06-14 10:19:46","timestamp":"2019-06-14 10:19:46"}
{"level":"info","message":"GET /order/detail 2 2019-06-14 10:19:46","timestamp":"2019-06-14 10:19:46"}
{"level":"info","message":"GET /order/get_order_test 2 2019-06-14 10:19:46","timestamp":"2019-06-14 10:19:46"}
{"level":"info","message":"GET /order/order_state_count 4 2019-06-14 10:20:36","timestamp":"2019-06-14 10:20:36"}
{"level":"info","message":"GET /area 4 2019-06-14 10:20:36","timestamp":"2019-06-14 10:20:36"}
{"level":"info","message":"GET /table/list 8 2019-06-14 10:20:36","timestamp":"2019-06-14 10:20:36"}
{"level":"info","message":"GET /order/get_order_test 7 2019-06-14 10:20:36","timestamp":"2019-06-14 10:20:36"}
{"level":"info","message":"GET /order/detail 12 2019-06-14 10:20:36","timestamp":"2019-06-14 10:20:36"}
{"level":"info","message":"GET /order/get_order_test 5 2019-06-14 10:20:37","timestamp":"2019-06-14 10:20:37"}
{"level":"info","message":"GET /order/order_state_count 8 2019-06-14 10:20:38","timestamp":"2019-06-14 10:20:38"}
{"level":"info","message":"GET /order/wait_and_nopay 7 2019-06-14 10:20:38","timestamp":"2019-06-14 10:20:38"}
{"level":"info","message":"GET /order/order_state_count 6 2019-06-14 10:20:39","timestamp":"2019-06-14 10:20:39"}
{"level":"info","message":"GET /area 5 2019-06-14 10:20:39","timestamp":"2019-06-14 10:20:39"}
{"level":"info","message":"GET /table/list 6 2019-06-14 10:20:39","timestamp":"2019-06-14 10:20:39"}
{"level":"info","message":"GET /order/get_order_test 11 2019-06-14 10:20:39","timestamp":"2019-06-14 10:20:39"}
{"level":"info","message":"GET /order/detail 14 2019-06-14 10:20:39","timestamp":"2019-06-14 10:20:39"}
{"level":"info","message":"GET /order/get_order_test 3 2019-06-14 10:20:39","timestamp":"2019-06-14 10:20:39"}
{"level":"info","message":"GET /order/order_state_count 6 2019-06-14 10:20:40","timestamp":"2019-06-14 10:20:40"}
{"level":"info","message":"GET /order/wait_and_nopay 6 2019-06-14 10:20:40","timestamp":"2019-06-14 10:20:40"}
{"level":"info","message":"GET /order/order_state_count 9 2019-06-14 10:20:41","timestamp":"2019-06-14 10:20:41"}
{"level":"info","message":"GET /area 9 2019-06-14 10:20:41","timestamp":"2019-06-14 10:20:41"}
{"level":"info","message":"GET /table/list 17 2019-06-14 10:20:41","timestamp":"2019-06-14 10:20:41"}
{"level":"info","message":"GET /order/get_order_test 8 2019-06-14 10:20:41","timestamp":"2019-06-14 10:20:41"}
{"level":"info","message":"GET /order/detail 13 2019-06-14 10:20:41","timestamp":"2019-06-14 10:20:41"}
{"level":"info","message":"GET /order/get_order_test 4 2019-06-14 10:20:41","timestamp":"2019-06-14 10:20:41"}
{"level":"info","message":"GET /order/order_state_count 6 2019-06-14 10:20:42","timestamp":"2019-06-14 10:20:42"}
{"level":"info","message":"GET /order/wait_and_nopay 9 2019-06-14 10:20:42","timestamp":"2019-06-14 10:20:42"}
{"level":"info","message":"GET /order/wait_and_nopay 4 2019-06-14 10:20:44","timestamp":"2019-06-14 10:20:44"}
{"level":"info","message":"GET /order/order_state_count 5 2019-06-14 10:20:44","timestamp":"2019-06-14 10:20:44"}
{"level":"info","message":"GET /order/order_state_count 9 2019-06-14 10:20:45","timestamp":"2019-06-14 10:20:45"}
{"level":"info","message":"GET /area 8 2019-06-14 10:20:45","timestamp":"2019-06-14 10:20:45"}
{"level":"info","message":"GET /table/list 10 2019-06-14 10:20:45","timestamp":"2019-06-14 10:20:45"}
{"level":"info","message":"GET /order/get_order_test 10 2019-06-14 10:20:45","timestamp":"2019-06-14 10:20:45"}
{"level":"info","message":"GET /order/detail 15 2019-06-14 10:20:45","timestamp":"2019-06-14 10:20:45"}
{"level":"info","message":"GET /order/order_state_count 5 2019-06-14 10:20:45","timestamp":"2019-06-14 10:20:45"}
{"level":"info","message":"GET /order/wait_and_nopay 5 2019-06-14 10:20:45","timestamp":"2019-06-14 10:20:45"}
{"level":"info","message":"GET /order/wait_and_nopay 3 2019-06-14 10:20:46","timestamp":"2019-06-14 10:20:46"}
{"level":"info","message":"GET /order/order_state_count 5 2019-06-14 10:20:46","timestamp":"2019-06-14 10:20:46"}
{"level":"info","message":"GET /order/order_state_count 10 2019-06-14 10:20:49","timestamp":"2019-06-14 10:20:49"}
{"level":"info","message":"GET /area 7 2019-06-14 10:20:49","timestamp":"2019-06-14 10:20:49"}
{"level":"info","message":"GET /table/list 9 2019-06-14 10:20:49","timestamp":"2019-06-14 10:20:49"}
{"level":"info","message":"GET /order/get_order_test 11 2019-06-14 10:20:49","timestamp":"2019-06-14 10:20:49"}
{"level":"info","message":"GET /order/detail 16 2019-06-14 10:20:49","timestamp":"2019-06-14 10:20:49"}
{"level":"info","message":"GET /order/get_order_test 4 2019-06-14 10:20:49","timestamp":"2019-06-14 10:20:49"}
{"level":"info","message":"GET /order/order_state_count 5 2019-06-14 10:20:59","timestamp":"2019-06-14 10:20:59"}
{"level":"info","message":"GET /order/wait_and_nopay 5 2019-06-14 10:20:59","timestamp":"2019-06-14 10:20:59"}
{"level":"info","message":"GET /order/order_state_count 9 2019-06-14 10:21:00","timestamp":"2019-06-14 10:21:00"}
{"level":"info","message":"GET /area 8 2019-06-14 10:21:00","timestamp":"2019-06-14 10:21:00"}
{"level":"info","message":"GET /table/list 8 2019-06-14 10:21:00","timestamp":"2019-06-14 10:21:00"}
{"level":"info","message":"GET /order/get_order_test 11 2019-06-14 10:21:00","timestamp":"2019-06-14 10:21:00"}
{"level":"info","message":"GET /order/detail 15 2019-06-14 10:21:00","timestamp":"2019-06-14 10:21:00"}
{"level":"info","message":"GET /order/get_order_test 3 2019-06-14 10:21:00","timestamp":"2019-06-14 10:21:00"}
{"level":"info","message":"GET /order/get_order_test 29 2019-06-14 10:23:36","timestamp":"2019-06-14 10:23:36"}
{"level":"info","message":"GET /order/detail 70 2019-06-14 10:23:36","timestamp":"2019-06-14 10:23:36"}
{"level":"info","message":"GET /system/info 3 2019-06-14 10:23:36","timestamp":"2019-06-14 10:23:36"}
{"level":"info","message":"GET /on/line/state 1 2019-06-14 10:23:36","timestamp":"2019-06-14 10:23:36"}
{"level":"info","message":"GET /order/order_state_count 16 2019-06-14 10:23:36","timestamp":"2019-06-14 10:23:36"}
{"level":"info","message":"GET /area 14 2019-06-14 10:23:36","timestamp":"2019-06-14 10:23:36"}
{"level":"info","message":"GET /table/list 14 2019-06-14 10:23:37","timestamp":"2019-06-14 10:23:37"}
{"level":"info","message":"GET /order/detail 29 2019-06-14 10:23:37","timestamp":"2019-06-14 10:23:37"}
{"level":"info","message":"GET /order/get_order_test 7 2019-06-14 10:23:37","timestamp":"2019-06-14 10:23:37"}
{"level":"info","message":"GET /order/detail 12 2019-06-14 10:23:37","timestamp":"2019-06-14 10:23:37"}
{"level":"info","message":"GET /order/get_order_test 4 2019-06-14 10:23:37","timestamp":"2019-06-14 10:23:37"}
{"level":"info","message":"GET /order/order_state_count 5 2019-06-14 10:23:38","timestamp":"2019-06-14 10:23:38"}
{"level":"info","message":"GET /order/wait_and_nopay 5 2019-06-14 10:23:38","timestamp":"2019-06-14 10:23:38"}
{"level":"info","message":"GET /system/info 4 2019-06-14 10:23:40","timestamp":"2019-06-14 10:23:40"}
{"level":"info","message":"GET /on/line/state 0 2019-06-14 10:23:40","timestamp":"2019-06-14 10:23:40"}
{"level":"info","message":"GET /order/order_state_count 13 2019-06-14 10:23:40","timestamp":"2019-06-14 10:23:40"}
{"level":"info","message":"GET /order/wait_and_nopay 14 2019-06-14 10:23:40","timestamp":"2019-06-14 10:23:40"}
{"level":"info","message":"GET /table/list 7 2019-06-14 10:23:41","timestamp":"2019-06-14 10:23:41"}
{"level":"info","message":"GET /order/order_state_count 6 2019-06-14 10:23:41","timestamp":"2019-06-14 10:23:41"}
{"level":"info","message":"GET /order/detail 3 2019-06-14 10:23:41","timestamp":"2019-06-14 10:23:41"}
{"level":"info","message":"GET /order/get_order_test 2 2019-06-14 10:23:41","timestamp":"2019-06-14 10:23:41"}
{"level":"info","message":"GET /system/info 4 2019-06-14 10:24:44","timestamp":"2019-06-14 10:24:44"}
{"level":"info","message":"GET /on/line/state 0 2019-06-14 10:24:44","timestamp":"2019-06-14 10:24:44"}
{"level":"info","message":"GET /order/order_state_count 12 2019-06-14 10:24:44","timestamp":"2019-06-14 10:24:44"}
{"level":"info","message":"GET /order/detail 11 2019-06-14 10:24:44","timestamp":"2019-06-14 10:24:44"}
{"level":"info","message":"GET /order/wait_and_nopay 11 2019-06-14 10:24:44","timestamp":"2019-06-14 10:24:44"}
{"level":"info","message":"GET /order/get_order_test 2 2019-06-14 10:24:45","timestamp":"2019-06-14 10:24:45"}
{"level":"info","message":"GET /order/order_state_count 8 2019-06-14 10:24:46","timestamp":"2019-06-14 10:24:46"}
{"level":"info","message":"GET /area 8 2019-06-14 10:24:46","timestamp":"2019-06-14 10:24:46"}
{"level":"info","message":"GET /table/list 11 2019-06-14 10:24:46","timestamp":"2019-06-14 10:24:46"}
{"level":"info","message":"GET /order/get_order_test 11 2019-06-14 10:24:46","timestamp":"2019-06-14 10:24:46"}
{"level":"info","message":"GET /order/detail 16 2019-06-14 10:24:46","timestamp":"2019-06-14 10:24:46"}
{"level":"info","message":"GET /order/get_order_test 3 2019-06-14 10:24:46","timestamp":"2019-06-14 10:24:46"}
{"level":"info","message":"GET /order/order_state_count 6 2019-06-14 10:24:47","timestamp":"2019-06-14 10:24:47"}
{"level":"info","message":"GET /order/wait_and_nopay 7 2019-06-14 10:24:47","timestamp":"2019-06-14 10:24:47"}
{"level":"info","message":"GET /order/wait_and_nopay 4 2019-06-14 10:24:49","timestamp":"2019-06-14 10:24:49"}
{"level":"info","message":"GET /order/order_state_count 3 2019-06-14 10:24:49","timestamp":"2019-06-14 10:24:49"}
{"level":"info","message":"GET /system/info 8 2019-06-14 10:24:51","timestamp":"2019-06-14 10:24:51"}
{"level":"info","message":"GET /on/line/state 0 2019-06-14 10:24:51","timestamp":"2019-06-14 10:24:51"}
{"level":"info","message":"GET /order/order_state_count 11 2019-06-14 10:24:51","timestamp":"2019-06-14 10:24:51"}
{"level":"info","message":"GET /order/wait_and_nopay 10 2019-06-14 10:24:51","timestamp":"2019-06-14 10:24:51"}
{"level":"info","message":"GET /table/list 5 2019-06-14 10:24:52","timestamp":"2019-06-14 10:24:52"}
{"level":"info","message":"GET /order/order_state_count 6 2019-06-14 10:24:52","timestamp":"2019-06-14 10:24:52"}
{"level":"info","message":"GET /order/detail 3 2019-06-14 10:24:53","timestamp":"2019-06-14 10:24:53"}
{"level":"info","message":"GET /order/get_order_test 3 2019-06-14 10:24:53","timestamp":"2019-06-14 10:24:53"}
{"level":"info","message":"GET /system/info 9 2019-06-14 10:25:14","timestamp":"2019-06-14 10:25:14"}
{"level":"info","message":"GET /order/order_state_count 8 2019-06-14 10:25:15","timestamp":"2019-06-14 10:25:15"}
{"level":"info","message":"GET /on/line/state 1 2019-06-14 10:25:15","timestamp":"2019-06-14 10:25:15"}
{"level":"info","message":"GET /order/detail 14 2019-06-14 10:25:15","timestamp":"2019-06-14 10:25:15"}
{"level":"info","message":"GET /order/wait_and_nopay 9 2019-06-14 10:25:15","timestamp":"2019-06-14 10:25:15"}
{"level":"info","message":"GET /order/get_order_test 1 2019-06-14 10:25:15","timestamp":"2019-06-14 10:25:15"}
{"level":"info","message":"GET /order/wait_order 7 2019-06-14 10:25:21","timestamp":"2019-06-14 10:25:21"}
{"level":"info","message":"GET /order/order_state_count 8 2019-06-14 10:25:21","timestamp":"2019-06-14 10:25:21"}
{"level":"info","message":"GET /order/get_order_test 13 2019-06-14 10:25:21","timestamp":"2019-06-14 10:25:21"}
{"level":"info","message":"GET /order/detail 20 2019-06-14 10:25:21","timestamp":"2019-06-14 10:25:21"}
{"level":"info","message":"GET /table/list 5 2019-06-14 10:25:26","timestamp":"2019-06-14 10:25:26"}
{"level":"info","message":"GET /order/order_state_count 10 2019-06-14 10:25:26","timestamp":"2019-06-14 10:25:26"}
{"level":"info","message":"GET /order/detail 3 2019-06-14 10:25:26","timestamp":"2019-06-14 10:25:26"}
{"level":"info","message":"GET /order/get_order_test 2 2019-06-14 10:25:26","timestamp":"2019-06-14 10:25:26"}
{"level":"info","message":"GET /order/wait_order 8 2019-06-14 10:30:28","timestamp":"2019-06-14 10:30:28"}
{"level":"info","message":"GET /order/order_state_count 10 2019-06-14 10:30:28","timestamp":"2019-06-14 10:30:28"}
{"level":"info","message":"GET /order/wait_and_nopay 4 2019-06-14 10:30:30","timestamp":"2019-06-14 10:30:30"}
{"level":"info","message":"GET /order/order_state_count 5 2019-06-14 10:30:30","timestamp":"2019-06-14 10:30:30"}
{"level":"info","message":"GET /order/wait_and_nopay 3 2019-06-14 10:30:32","timestamp":"2019-06-14 10:30:32"}
{"level":"info","message":"GET /order/order_state_count 4 2019-06-14 10:30:32","timestamp":"2019-06-14 10:30:32"}
{"level":"info","message":"GET /order/wait_and_nopay 5 2019-06-14 10:30:34","timestamp":"2019-06-14 10:30:34"}
{"level":"info","message":"GET /order/order_state_count 6 2019-06-14 10:30:34","timestamp":"2019-06-14 10:30:34"}
{"level":"info","message":"GET /system/info 6 2019-06-14 10:30:37","timestamp":"2019-06-14 10:30:37"}
{"level":"info","message":"GET /order/order_state_count 5 2019-06-14 10:30:37","timestamp":"2019-06-14 10:30:37"}
{"level":"info","message":"GET /on/line/state 0 2019-06-14 10:30:37","timestamp":"2019-06-14 10:30:37"}
{"level":"info","message":"GET /order/wait_and_nopay 7 2019-06-14 10:30:37","timestamp":"2019-06-14 10:30:37"}
{"level":"info","message":"GET /table/list 6 2019-06-14 10:30:42","timestamp":"2019-06-14 10:30:42"}
{"level":"info","message":"GET /order/order_state_count 7 2019-06-14 10:30:42","timestamp":"2019-06-14 10:30:42"}
{"level":"info","message":"GET /order/detail 3 2019-06-14 10:30:43","timestamp":"2019-06-14 10:30:43"}
{"level":"info","message":"GET /order/get_order_test 3 2019-06-14 10:30:43","timestamp":"2019-06-14 10:30:43"}
{"level":"info","message":"GET /order/wait_order 11 2019-06-14 10:30:45","timestamp":"2019-06-14 10:30:45"}
{"level":"info","message":"GET /order/order_state_count 7 2019-06-14 10:30:45","timestamp":"2019-06-14 10:30:45"}
{"level":"info","message":"GET /order/get_order_test 7 2019-06-14 10:30:45","timestamp":"2019-06-14 10:30:45"}
{"level":"info","message":"GET /order/detail 12 2019-06-14 10:30:45","timestamp":"2019-06-14 10:30:45"}
{"level":"info","message":"GET /order/no_pay 9 2019-06-14 10:30:46","timestamp":"2019-06-14 10:30:46"}
{"level":"info","message":"GET /order/order_state_count 10 2019-06-14 10:30:46","timestamp":"2019-06-14 10:30:46"}
{"level":"info","message":"GET /order/get_order_test 9 2019-06-14 10:30:46","timestamp":"2019-06-14 10:30:46"}
{"level":"info","message":"GET /order/detail 13 2019-06-14 10:30:46","timestamp":"2019-06-14 10:30:46"}
{"level":"info","message":"GET /table/list 10 2019-06-14 10:30:46","timestamp":"2019-06-14 10:30:46"}
{"level":"info","message":"GET /order/order_state_count 10 2019-06-14 10:30:46","timestamp":"2019-06-14 10:30:46"}
{"level":"info","message":"GET /order/detail 4 2019-06-14 10:30:47","timestamp":"2019-06-14 10:30:47"}
{"level":"info","message":"GET /order/get_order_test 3 2019-06-14 10:30:47","timestamp":"2019-06-14 10:30:47"}
{"level":"info","message":"GET /order/wait_and_nopay 3 2019-06-14 10:30:52","timestamp":"2019-06-14 10:30:52"}
{"level":"info","message":"GET /order/order_state_count 4 2019-06-14 10:30:52","timestamp":"2019-06-14 10:30:52"}
{"level":"info","message":"GET /order/wait_and_nopay 5 2019-06-14 10:30:56","timestamp":"2019-06-14 10:30:56"}
{"level":"info","message":"GET /order/order_state_count 4 2019-06-14 10:30:56","timestamp":"2019-06-14 10:30:56"}
{"level":"info","message":"GET /order/order_state_count 7 2019-06-14 10:32:56","timestamp":"2019-06-14 10:32:56"}
{"level":"info","message":"GET /area 6 2019-06-14 10:32:56","timestamp":"2019-06-14 10:32:56"}
{"level":"info","message":"GET /table/list 6 2019-06-14 10:32:56","timestamp":"2019-06-14 10:32:56"}
{"level":"info","message":"GET /order/get_order_test 7 2019-06-14 10:32:56","timestamp":"2019-06-14 10:32:56"}
{"level":"info","message":"GET /order/detail 12 2019-06-14 10:32:56","timestamp":"2019-06-14 10:32:56"}
{"level":"info","message":"GET /order/get_order_test 4 2019-06-14 10:32:57","timestamp":"2019-06-14 10:32:57"}
{"level":"info","message":"GET /order/get_order_test 13 2019-06-14 10:32:59","timestamp":"2019-06-14 10:32:59"}
{"level":"info","message":"GET /order/detail 17 2019-06-14 10:32:59","timestamp":"2019-06-14 10:32:59"}
{"level":"info","message":"GET /system/info 5 2019-06-14 10:33:00","timestamp":"2019-06-14 10:33:00"}
{"level":"info","message":"GET /order/order_state_count 6 2019-06-14 10:33:00","timestamp":"2019-06-14 10:33:00"}
{"level":"info","message":"GET /area 3 2019-06-14 10:33:00","timestamp":"2019-06-14 10:33:00"}
{"level":"info","message":"GET /on/line/state 0 2019-06-14 10:33:00","timestamp":"2019-06-14 10:33:00"}
{"level":"info","message":"GET /table/list 9 2019-06-14 10:33:00","timestamp":"2019-06-14 10:33:00"}
{"level":"info","message":"GET /order/detail 23 2019-06-14 10:33:00","timestamp":"2019-06-14 10:33:00"}
{"level":"info","message":"GET /order/get_order_test 20 2019-06-14 10:33:00","timestamp":"2019-06-14 10:33:00"}
{"level":"info","message":"GET /order/detail 33 2019-06-14 10:33:00","timestamp":"2019-06-14 10:33:00"}
{"level":"info","message":"GET /order/get_order_test 5 2019-06-14 10:33:01","timestamp":"2019-06-14 10:33:01"}
{"level":"info","message":"GET /order/detail 11 2019-06-14 10:33:31","timestamp":"2019-06-14 10:33:31"}
{"level":"info","message":"GET /order/get_order_test 11 2019-06-14 10:33:31","timestamp":"2019-06-14 10:33:31"}
{"level":"info","message":"GET /system/info 3 2019-06-14 10:33:32","timestamp":"2019-06-14 10:33:32"}
{"level":"info","message":"GET /order/order_state_count 7 2019-06-14 10:33:32","timestamp":"2019-06-14 10:33:32"}
{"level":"info","message":"GET /on/line/state 0 2019-06-14 10:33:32","timestamp":"2019-06-14 10:33:32"}
{"level":"info","message":"GET /area 10 2019-06-14 10:33:32","timestamp":"2019-06-14 10:33:32"}
{"level":"info","message":"GET /table/list 9 2019-06-14 10:33:32","timestamp":"2019-06-14 10:33:32"}
{"level":"info","message":"GET /order/detail 19 2019-06-14 10:33:32","timestamp":"2019-06-14 10:33:32"}
{"level":"info","message":"GET /order/get_order_test 9 2019-06-14 10:33:32","timestamp":"2019-06-14 10:33:32"}
{"level":"info","message":"GET /order/detail 14 2019-06-14 10:33:32","timestamp":"2019-06-14 10:33:32"}
{"level":"info","message":"GET /order/get_order_test 3 2019-06-14 10:33:33","timestamp":"2019-06-14 10:33:33"}
{"level":"info","message":"GET /order/order_state_count 5 2019-06-14 10:33:35","timestamp":"2019-06-14 10:33:35"}
{"level":"info","message":"GET /order/wait_and_nopay 5 2019-06-14 10:33:35","timestamp":"2019-06-14 10:33:35"}
{"level":"info","message":"GET /system/info 2 2019-06-14 10:33:39","timestamp":"2019-06-14 10:33:39"}
{"level":"info","message":"GET /on/line/state 0 2019-06-14 10:33:39","timestamp":"2019-06-14 10:33:39"}
{"level":"info","message":"GET /order/order_state_count 13 2019-06-14 10:33:39","timestamp":"2019-06-14 10:33:39"}
{"level":"info","message":"GET /order/wait_and_nopay 11 2019-06-14 10:33:39","timestamp":"2019-06-14 10:33:39"}
{"level":"info","message":"GET /table/list 5 2019-06-14 10:33:46","timestamp":"2019-06-14 10:33:46"}
{"level":"info","message":"GET /order/order_state_count 5 2019-06-14 10:33:46","timestamp":"2019-06-14 10:33:46"}
{"level":"info","message":"GET /order/detail 8 2019-06-14 10:33:46","timestamp":"2019-06-14 10:33:46"}
{"level":"info","message":"GET /order/get_order_test 9 2019-06-14 10:33:46","timestamp":"2019-06-14 10:33:46"}
{"level":"info","message":"GET /system/info 8 2019-06-14 10:34:00","timestamp":"2019-06-14 10:34:00"}
{"level":"info","message":"GET /order/order_state_count 8 2019-06-14 10:34:00","timestamp":"2019-06-14 10:34:00"}
{"level":"info","message":"GET /order/detail 9 2019-06-14 10:34:00","timestamp":"2019-06-14 10:34:00"}
{"level":"info","message":"GET /on/line/state 1 2019-06-14 10:34:00","timestamp":"2019-06-14 10:34:00"}
{"level":"info","message":"GET /order/wait_and_nopay 10 2019-06-14 10:34:00","timestamp":"2019-06-14 10:34:00"}
{"level":"info","message":"GET /order/get_order_test 1 2019-06-14 10:34:00","timestamp":"2019-06-14 10:34:00"}
{"level":"info","message":"GET /order/order_state_count 8 2019-06-14 10:34:02","timestamp":"2019-06-14 10:34:02"}
{"level":"info","message":"GET /area 6 2019-06-14 10:34:02","timestamp":"2019-06-14 10:34:02"}
{"level":"info","message":"GET /table/list 8 2019-06-14 10:34:02","timestamp":"2019-06-14 10:34:02"}
{"level":"info","message":"GET /order/get_order_test 9 2019-06-14 10:34:02","timestamp":"2019-06-14 10:34:02"}
{"level":"info","message":"GET /order/detail 16 2019-06-14 10:34:02","timestamp":"2019-06-14 10:34:02"}
{"level":"info","message":"GET /order/get_order_test 4 2019-06-14 10:34:03","timestamp":"2019-06-14 10:34:03"}
{"level":"info","message":"GET /order/get_order_test 6 2019-06-14 10:34:05","timestamp":"2019-06-14 10:34:05"}
{"level":"info","message":"GET /order/detail 6 2019-06-14 10:34:05","timestamp":"2019-06-14 10:34:05"}
{"level":"info","message":"GET /system/info 7 2019-06-14 10:34:05","timestamp":"2019-06-14 10:34:05"}
{"level":"info","message":"GET /order/order_state_count 11 2019-06-14 10:34:06","timestamp":"2019-06-14 10:34:06"}
{"level":"info","message":"GET /area 7 2019-06-14 10:34:06","timestamp":"2019-06-14 10:34:06"}
{"level":"info","message":"GET /on/line/state 1 2019-06-14 10:34:06","timestamp":"2019-06-14 10:34:06"}
{"level":"info","message":"GET /table/list 7 2019-06-14 10:34:06","timestamp":"2019-06-14 10:34:06"}
{"level":"info","message":"GET /order/detail 21 2019-06-14 10:34:06","timestamp":"2019-06-14 10:34:06"}
{"level":"info","message":"GET /order/get_order_test 9 2019-06-14 10:34:06","timestamp":"2019-06-14 10:34:06"}
{"level":"info","message":"GET /order/detail 18 2019-06-14 10:34:06","timestamp":"2019-06-14 10:34:06"}
{"level":"info","message":"GET /order/get_order_test 3 2019-06-14 10:34:06","timestamp":"2019-06-14 10:34:06"}
{"level":"info","message":"GET /order/order_state_count 13 2019-06-14 10:40:56","timestamp":"2019-06-14 10:40:56"}
{"level":"info","message":"GET /order/wait_and_nopay 14 2019-06-14 10:40:56","timestamp":"2019-06-14 10:40:56"}
{"level":"info","message":"GET /system/info 4 2019-06-14 10:45:39","timestamp":"2019-06-14 10:45:39"}
{"level":"info","message":"GET /on/line/state 0 2019-06-14 10:45:39","timestamp":"2019-06-14 10:45:39"}
{"level":"info","message":"GET /order/order_state_count 7 2019-06-14 10:45:39","timestamp":"2019-06-14 10:45:39"}
{"level":"info","message":"GET /order/wait_and_nopay 7 2019-06-14 10:45:39","timestamp":"2019-06-14 10:45:39"}
{"level":"info","message":"GET /system/info 5 2019-06-14 10:46:00","timestamp":"2019-06-14 10:46:00"}
{"level":"info","message":"GET /on/line/state 1 2019-06-14 10:46:01","timestamp":"2019-06-14 10:46:01"}
{"level":"info","message":"GET /order/order_state_count 10 2019-06-14 10:46:01","timestamp":"2019-06-14 10:46:01"}
{"level":"info","message":"GET /order/wait_and_nopay 7 2019-06-14 10:46:01","timestamp":"2019-06-14 10:46:01"}
{"level":"info","message":"GET /system/info 5 2019-06-14 10:56:13","timestamp":"2019-06-14 10:56:13"}
{"level":"info","message":"GET /on/line/state 1 2019-06-14 10:56:14","timestamp":"2019-06-14 10:56:14"}
{"level":"info","message":"GET /order/order_state_count 11 2019-06-14 10:56:14","timestamp":"2019-06-14 10:56:14"}
{"level":"info","message":"GET /order/wait_and_nopay 9 2019-06-14 10:56:14","timestamp":"2019-06-14 10:56:14"}
{"level":"info","message":"GET /system/info 5 2019-06-14 10:57:32","timestamp":"2019-06-14 10:57:32"}
{"level":"info","message":"GET /order/order_state_count 7 2019-06-14 10:57:32","timestamp":"2019-06-14 10:57:32"}
{"level":"info","message":"GET /order/wait_and_nopay 3 2019-06-14 10:57:32","timestamp":"2019-06-14 10:57:32"}
{"level":"info","message":"GET /on/line/state 0 2019-06-14 10:57:32","timestamp":"2019-06-14 10:57:32"}
{"level":"info","message":"GET /system/info 4 2019-06-14 10:57:46","timestamp":"2019-06-14 10:57:46"}
{"level":"info","message":"GET /order/order_state_count 4 2019-06-14 10:57:46","timestamp":"2019-06-14 10:57:46"}
{"level":"info","message":"GET /order/wait_and_nopay 2 2019-06-14 10:57:46","timestamp":"2019-06-14 10:57:46"}
{"level":"info","message":"GET /on/line/state 0 2019-06-14 10:57:46","timestamp":"2019-06-14 10:57:46"}
{"level":"error","message":"==mqtt==close==你已断开连接,正常退出","timestamp":"2019-06-14 11:01:32"}
{"level":"error","message":"==mqtt==reconnect==正在尝试重新连接","timestamp":"2019-06-14 11:01:47"}
{"level":"info","message":"mqtt成功连接到：ws://test.emq.restoplus.cn:8083/mqtt","timestamp":"2019-06-14 11:01:55"}
{"level":"info","message":"订阅成功--$queue/winPos/+/2f83afee7a0e4822a6729145dd53af33/d2ff1bbb8c6f4fd8adb3949f76f8c1b6/+/+/+","timestamp":"2019-06-14 11:01:55"}
{"level":"info","message":"允许接收的平台=>posAdmin-dev,resto-dev","timestamp":"2019-06-14 11:01:55"}
{"level":"info","message":"GET /order/order_state_count 15 2019-06-14 11:04:20","timestamp":"2019-06-14 11:04:20"}
{"level":"info","message":"GET /area 10 2019-06-14 11:04:20","timestamp":"2019-06-14 11:04:20"}
{"level":"info","message":"GET /table/list 18 2019-06-14 11:04:20","timestamp":"2019-06-14 11:04:20"}
{"level":"info","message":"GET /order/get_order_test 5 2019-06-14 11:04:20","timestamp":"2019-06-14 11:04:20"}
{"level":"info","message":"GET /order/detail 10 2019-06-14 11:04:20","timestamp":"2019-06-14 11:04:20"}
{"level":"info","message":"GET /order/get_order_test 3 2019-06-14 11:04:20","timestamp":"2019-06-14 11:04:20"}
{"level":"info","message":"GET /system/info 5 2019-06-14 11:04:23","timestamp":"2019-06-14 11:04:23"}
{"level":"info","message":"GET /on/line/state 0 2019-06-14 11:04:23","timestamp":"2019-06-14 11:04:23"}
{"level":"info","message":"GET /order/order_state_count 21 2019-06-14 11:04:23","timestamp":"2019-06-14 11:04:23"}
{"level":"info","message":"GET /area 15 2019-06-14 11:04:23","timestamp":"2019-06-14 11:04:23"}
{"level":"info","message":"GET /table/list 23 2019-06-14 11:04:23","timestamp":"2019-06-14 11:04:23"}
{"level":"info","message":"GET /order/detail 38 2019-06-14 11:04:23","timestamp":"2019-06-14 11:04:23"}
{"level":"info","message":"GET /order/get_order_test 2 2019-06-14 11:04:23","timestamp":"2019-06-14 11:04:23"}
{"level":"info","message":"GET /order/order_state_count 7 2019-06-14 11:04:26","timestamp":"2019-06-14 11:04:26"}
{"level":"info","message":"GET /order/wait_and_nopay 11 2019-06-14 11:04:26","timestamp":"2019-06-14 11:04:26"}
{"level":"info","message":"GET /system/info 5 2019-06-14 11:04:30","timestamp":"2019-06-14 11:04:30"}
{"level":"info","message":"GET /order/order_state_count 6 2019-06-14 11:04:30","timestamp":"2019-06-14 11:04:30"}
{"level":"info","message":"GET /on/line/state 0 2019-06-14 11:04:30","timestamp":"2019-06-14 11:04:30"}
{"level":"info","message":"GET /order/wait_and_nopay 7 2019-06-14 11:04:30","timestamp":"2019-06-14 11:04:30"}
{"level":"info","message":"GET /article/family_list 3 2019-06-14 11:05:32","timestamp":"2019-06-14 11:05:32"}
{"level":"info","message":"GET /article/article_list 87 2019-06-14 11:05:32","timestamp":"2019-06-14 11:05:32"}
{"level":"info","message":"GET /order/order_state_count 5 2019-06-14 11:05:33","timestamp":"2019-06-14 11:05:33"}
{"level":"info","message":"GET /area 6 2019-06-14 11:05:33","timestamp":"2019-06-14 11:05:33"}
{"level":"info","message":"GET /table/list 5 2019-06-14 11:05:33","timestamp":"2019-06-14 11:05:33"}
{"level":"info","message":"GET /order/get_order_test 5 2019-06-14 11:05:33","timestamp":"2019-06-14 11:05:33"}
{"level":"info","message":"GET /order/detail 10 2019-06-14 11:05:33","timestamp":"2019-06-14 11:05:33"}
{"level":"info","message":"GET /order/get_order_test 5 2019-06-14 11:05:33","timestamp":"2019-06-14 11:05:33"}
{"level":"info","message":"GET /system/info 7 2019-06-14 11:06:21","timestamp":"2019-06-14 11:06:21"}
{"level":"info","message":"GET /order/order_state_count 7 2019-06-14 11:06:22","timestamp":"2019-06-14 11:06:22"}
{"level":"info","message":"GET /area 3 2019-06-14 11:06:22","timestamp":"2019-06-14 11:06:22"}
{"level":"info","message":"GET /order/detail 14 2019-06-14 11:06:22","timestamp":"2019-06-14 11:06:22"}
{"level":"info","message":"GET /table/list 5 2019-06-14 11:06:22","timestamp":"2019-06-14 11:06:22"}
{"level":"info","message":"GET /on/line/state 0 2019-06-14 11:06:22","timestamp":"2019-06-14 11:06:22"}
{"level":"info","message":"GET /order/get_order_test 3 2019-06-14 11:06:22","timestamp":"2019-06-14 11:06:22"}
{"level":"error","message":"==mqtt==close==你已断开连接,异常退出","timestamp":"2019-06-14 12:40:31"}
{"level":"error","message":"==mqtt==reconnect==正在尝试重新连接","timestamp":"2019-06-14 12:40:46"}
{"level":"info","message":"mqtt成功连接到：ws://test.emq.restoplus.cn:8083/mqtt","timestamp":"2019-06-14 12:40:46"}
{"level":"info","message":"订阅成功--$queue/winPos/+/2f83afee7a0e4822a6729145dd53af33/d2ff1bbb8c6f4fd8adb3949f76f8c1b6/+/+/+","timestamp":"2019-06-14 12:40:46"}
{"level":"info","message":"允许接收的平台=>posAdmin-dev,resto-dev","timestamp":"2019-06-14 12:40:46"}
{"level":"error","message":"==mqtt==close==你已断开连接,异常退出","timestamp":"2019-06-14 13:41:29"}
{"level":"error","message":"==mqtt==reconnect==正在尝试重新连接","timestamp":"2019-06-14 13:41:44"}
{"level":"info","message":"mqtt成功连接到：ws://test.emq.restoplus.cn:8083/mqtt","timestamp":"2019-06-14 13:41:44"}
{"level":"info","message":"订阅成功--$queue/winPos/+/2f83afee7a0e4822a6729145dd53af33/d2ff1bbb8c6f4fd8adb3949f76f8c1b6/+/+/+","timestamp":"2019-06-14 13:41:44"}
{"level":"info","message":"允许接收的平台=>posAdmin-dev,resto-dev","timestamp":"2019-06-14 13:41:44"}
{"level":"info","message":"GET /system/info 5 2019-06-14 14:16:54","timestamp":"2019-06-14 14:16:54"}
{"level":"info","message":"GET /on/line/state 1 2019-06-14 14:16:54","timestamp":"2019-06-14 14:16:54"}
{"level":"info","message":"GET /order/order_state_count 12 2019-06-14 14:16:54","timestamp":"2019-06-14 14:16:54"}
{"level":"info","message":"GET /area 9 2019-06-14 14:16:54","timestamp":"2019-06-14 14:16:54"}
{"level":"info","message":"GET /table/list 11 2019-06-14 14:16:54","timestamp":"2019-06-14 14:16:54"}
{"level":"info","message":"GET /order/detail 12 2019-06-14 14:16:55","timestamp":"2019-06-14 14:16:55"}
{"level":"info","message":"GET /order/get_order_test 7 2019-06-14 14:16:55","timestamp":"2019-06-14 14:16:55"}
{"level":"info","message":"GET /order/get_order_test 4 2019-06-14 14:16:55","timestamp":"2019-06-14 14:16:55"}
{"level":"info","message":"GET /order/order_state_count 6 2019-06-14 14:16:56","timestamp":"2019-06-14 14:16:56"}
{"level":"info","message":"GET /order/wait_and_nopay 5 2019-06-14 14:16:56","timestamp":"2019-06-14 14:16:56"}
{"level":"info","message":"GET /system/info 6 2019-06-14 14:16:58","timestamp":"2019-06-14 14:16:58"}
{"level":"info","message":"GET /on/line/state 0 2019-06-14 14:16:58","timestamp":"2019-06-14 14:16:58"}
{"level":"info","message":"GET /order/order_state_count 6 2019-06-14 14:16:58","timestamp":"2019-06-14 14:16:58"}
{"level":"info","message":"GET /order/wait_and_nopay 6 2019-06-14 14:16:58","timestamp":"2019-06-14 14:16:58"}
{"level":"info","message":"GET /system/info 5 2019-06-14 14:17:00","timestamp":"2019-06-14 14:17:00"}
{"level":"info","message":"GET /on/line/state 0 2019-06-14 14:17:00","timestamp":"2019-06-14 14:17:00"}
{"level":"info","message":"GET /order/order_state_count 7 2019-06-14 14:17:00","timestamp":"2019-06-14 14:17:00"}
{"level":"info","message":"GET /order/wait_and_nopay 14 2019-06-14 14:17:00","timestamp":"2019-06-14 14:17:00"}
{"level":"info","message":"GET /system/info 2 2019-06-14 14:17:02","timestamp":"2019-06-14 14:17:02"}
{"level":"info","message":"GET /on/line/state 0 2019-06-14 14:17:02","timestamp":"2019-06-14 14:17:02"}
{"level":"info","message":"GET /order/order_state_count 22 2019-06-14 14:17:02","timestamp":"2019-06-14 14:17:02"}
{"level":"info","message":"GET /order/wait_and_nopay 27 2019-06-14 14:17:02","timestamp":"2019-06-14 14:17:02"}
{"level":"info","message":"GET /order/order_state_count 4 2019-06-14 14:17:04","timestamp":"2019-06-14 14:17:04"}
{"level":"info","message":"GET /area 3 2019-06-14 14:17:04","timestamp":"2019-06-14 14:17:04"}
{"level":"info","message":"GET /table/list 4 2019-06-14 14:17:04","timestamp":"2019-06-14 14:17:04"}
{"level":"info","message":"GET /order/get_order_test 4 2019-06-14 14:17:04","timestamp":"2019-06-14 14:17:04"}
{"level":"info","message":"GET /order/detail 10 2019-06-14 14:17:04","timestamp":"2019-06-14 14:17:04"}
{"level":"info","message":"GET /order/get_order_test 3 2019-06-14 14:17:05","timestamp":"2019-06-14 14:17:05"}
{"level":"info","message":"GET /system/info 6 2019-06-14 14:20:04","timestamp":"2019-06-14 14:20:04"}
{"level":"info","message":"GET /order/order_state_count 9 2019-06-14 14:20:04","timestamp":"2019-06-14 14:20:04"}
{"level":"info","message":"GET /on/line/state 0 2019-06-14 14:20:04","timestamp":"2019-06-14 14:20:04"}
{"level":"info","message":"GET /area 27 2019-06-14 14:20:04","timestamp":"2019-06-14 14:20:04"}
{"level":"info","message":"GET /table/list 18 2019-06-14 14:20:04","timestamp":"2019-06-14 14:20:04"}
{"level":"info","message":"GET /order/detail 53 2019-06-14 14:20:04","timestamp":"2019-06-14 14:20:04"}
{"level":"info","message":"GET /order/get_order_test 5 2019-06-14 14:20:04","timestamp":"2019-06-14 14:20:04"}
{"level":"info","message":"GET /system/info 2 2019-06-14 14:20:32","timestamp":"2019-06-14 14:20:32"}
{"level":"info","message":"GET /order/order_state_count 6 2019-06-14 14:20:32","timestamp":"2019-06-14 14:20:32"}
{"level":"info","message":"GET /area 2 2019-06-14 14:20:32","timestamp":"2019-06-14 14:20:32"}
{"level":"info","message":"GET /on/line/state 23 2019-06-14 14:20:32","timestamp":"2019-06-14 14:20:32"}
{"level":"info","message":"GET /table/list 40 2019-06-14 14:20:32","timestamp":"2019-06-14 14:20:32"}
{"level":"info","message":"GET /order/detail 330 2019-06-14 14:20:32","timestamp":"2019-06-14 14:20:32"}
{"level":"info","message":"GET /order/get_order_test 3 2019-06-14 14:20:32","timestamp":"2019-06-14 14:20:32"}
{"level":"info","message":"GET /system/info 5 2019-06-14 14:21:15","timestamp":"2019-06-14 14:21:15"}
{"level":"info","message":"GET /order/order_state_count 9 2019-06-14 14:21:16","timestamp":"2019-06-14 14:21:16"}
{"level":"info","message":"GET /on/line/state 0 2019-06-14 14:21:16","timestamp":"2019-06-14 14:21:16"}
{"level":"info","message":"GET /area 12 2019-06-14 14:21:16","timestamp":"2019-06-14 14:21:16"}
{"level":"info","message":"GET /table/list 9 2019-06-14 14:21:16","timestamp":"2019-06-14 14:21:16"}
{"level":"info","message":"GET /order/detail 23 2019-06-14 14:21:16","timestamp":"2019-06-14 14:21:16"}
{"level":"info","message":"GET /order/get_order_test 156 2019-06-14 14:21:16","timestamp":"2019-06-14 14:21:16"}
{"level":"info","message":"GET /order/wait_order 12 2019-06-14 14:21:47","timestamp":"2019-06-14 14:21:47"}
{"level":"info","message":"GET /order/order_state_count 13 2019-06-14 14:21:47","timestamp":"2019-06-14 14:21:47"}
{"level":"info","message":"GET /order/detail 10 2019-06-14 14:21:47","timestamp":"2019-06-14 14:21:47"}
{"level":"info","message":"GET /order/get_order_test 7 2019-06-14 14:21:47","timestamp":"2019-06-14 14:21:47"}
{"level":"info","message":"GET /order/no_pay 7 2019-06-14 14:21:48","timestamp":"2019-06-14 14:21:48"}
{"level":"info","message":"GET /order/order_state_count 6 2019-06-14 14:21:48","timestamp":"2019-06-14 14:21:48"}
{"level":"info","message":"GET /order/get_order_test 6 2019-06-14 14:21:48","timestamp":"2019-06-14 14:21:48"}
{"level":"info","message":"GET /order/detail 12 2019-06-14 14:21:48","timestamp":"2019-06-14 14:21:48"}
{"level":"info","message":"GET /table/list 7 2019-06-14 14:21:51","timestamp":"2019-06-14 14:21:51"}
{"level":"info","message":"GET /order/order_state_count 9 2019-06-14 14:21:51","timestamp":"2019-06-14 14:21:51"}
{"level":"info","message":"GET /order/get_order_test 6 2019-06-14 14:21:52","timestamp":"2019-06-14 14:21:52"}
{"level":"info","message":"GET /order/detail 10 2019-06-14 14:21:52","timestamp":"2019-06-14 14:21:52"}
{"level":"info","message":"推送EMQ:resto-dev/2f83afee7a0e4822a6729145dd53af33/d2ff1bbb8c6f4fd8adb3949f76f8c1b6/order/callback/6f3b1ca6fe8f47719aebf9941b09b2f0 \n {\"ok\":true,\"msg\":\"微信订单下单成功！\",\"type\":\"creator\",\"data\":{\"id\":\"6f3b1ca6fe8f47719aebf9941b09b2f0\",\"production_status\":2}}","timestamp":"2019-06-14 14:23:20"}
{"level":"info","message":"GET /table/list 4 2019-06-14 14:24:21","timestamp":"2019-06-14 14:24:21"}
{"level":"info","message":"GET /table/list 3 2019-06-14 14:24:22","timestamp":"2019-06-14 14:24:22"}
{"level":"info","message":"GET /order/get_order_test 10 2019-06-14 14:24:22","timestamp":"2019-06-14 14:24:22"}
{"level":"info","message":"GET /order/detail 18 2019-06-14 14:24:22","timestamp":"2019-06-14 14:24:22"}
{"level":"info","message":"推送EMQ:resto-dev/2f83afee7a0e4822a6729145dd53af33/d2ff1bbb8c6f4fd8adb3949f76f8c1b6/order/callback/6f3b1ca6fe8f47719aebf9941b09b2f0 \n {\"ok\":true,\"msg\":\"微信订单支付成功！\",\"type\":\"payment\",\"data\":{\"id\":\"6f3b1ca6fe8f47719aebf9941b09b2f0\",\"order_state\":2}}","timestamp":"2019-06-14 14:25:40"}
{"level":"info","message":"GET /order/get_order_test 5 2019-06-14 14:25:53","timestamp":"2019-06-14 14:25:53"}
{"level":"info","message":"GET /order/detail 6 2019-06-14 14:25:53","timestamp":"2019-06-14 14:25:53"}
{"level":"info","message":"GET /system/info 5 2019-06-14 14:27:59","timestamp":"2019-06-14 14:27:59"}
{"level":"info","message":"GET /order/order_state_count 9 2019-06-14 14:27:59","timestamp":"2019-06-14 14:27:59"}
{"level":"info","message":"GET /on/line/state 0 2019-06-14 14:27:59","timestamp":"2019-06-14 14:27:59"}
{"level":"info","message":"GET /area 11 2019-06-14 14:27:59","timestamp":"2019-06-14 14:27:59"}
{"level":"info","message":"GET /table/list 10 2019-06-14 14:27:59","timestamp":"2019-06-14 14:27:59"}
{"level":"info","message":"GET /order/detail 25 2019-06-14 14:27:59","timestamp":"2019-06-14 14:27:59"}
{"level":"info","message":"推送EMQ:resto-dev/2f83afee7a0e4822a6729145dd53af33/d2ff1bbb8c6f4fd8adb3949f76f8c1b6/order/callback/e7ea2e2c53aa4f9fb23a2e913bffe243 \n {\"ok\":true,\"msg\":\"微信订单下单成功！\",\"type\":\"creator\",\"data\":{\"id\":\"e7ea2e2c53aa4f9fb23a2e913bffe243\",\"production_status\":2}}","timestamp":"2019-06-14 14:28:29"}
{"level":"info","message":"GET /system/info 5 2019-06-14 14:32:37","timestamp":"2019-06-14 14:32:37"}
{"level":"info","message":"GET /order/order_state_count 8 2019-06-14 14:32:38","timestamp":"2019-06-14 14:32:38"}
{"level":"info","message":"GET /on/line/state 0 2019-06-14 14:32:38","timestamp":"2019-06-14 14:32:38"}
{"level":"info","message":"GET /area 10 2019-06-14 14:32:38","timestamp":"2019-06-14 14:32:38"}
{"level":"info","message":"GET /table/list 10 2019-06-14 14:32:38","timestamp":"2019-06-14 14:32:38"}
{"level":"info","message":"GET /system/info 4 2019-06-14 14:36:29","timestamp":"2019-06-14 14:36:29"}
{"level":"info","message":"GET /order/order_state_count 4 2019-06-14 14:36:29","timestamp":"2019-06-14 14:36:29"}
{"level":"info","message":"GET /area 2 2019-06-14 14:36:29","timestamp":"2019-06-14 14:36:29"}
{"level":"info","message":"GET /table/list 5 2019-06-14 14:36:29","timestamp":"2019-06-14 14:36:29"}
{"level":"info","message":"GET /on/line/state 0 2019-06-14 14:36:29","timestamp":"2019-06-14 14:36:29"}
{"level":"info","message":"GET /system/info 6 2019-06-14 14:37:19","timestamp":"2019-06-14 14:37:19"}
{"level":"info","message":"GET /on/line/state 4 2019-06-14 14:37:20","timestamp":"2019-06-14 14:37:20"}
{"level":"info","message":"GET /order/order_state_count 26 2019-06-14 14:37:20","timestamp":"2019-06-14 14:37:20"}
{"level":"info","message":"GET /area 21 2019-06-14 14:37:20","timestamp":"2019-06-14 14:37:20"}
{"level":"info","message":"GET /table/list 21 2019-06-14 14:37:20","timestamp":"2019-06-14 14:37:20"}
{"level":"info","message":"GET /system/info 3 2019-06-14 14:37:41","timestamp":"2019-06-14 14:37:41"}
{"level":"info","message":"GET /order/order_state_count 6 2019-06-14 14:37:42","timestamp":"2019-06-14 14:37:42"}
{"level":"info","message":"GET /area 5 2019-06-14 14:37:42","timestamp":"2019-06-14 14:37:42"}
{"level":"info","message":"GET /table/list 5 2019-06-14 14:37:42","timestamp":"2019-06-14 14:37:42"}
{"level":"info","message":"GET /on/line/state 1 2019-06-14 14:37:42","timestamp":"2019-06-14 14:37:42"}
{"level":"info","message":"推送EMQ:resto-dev/2f83afee7a0e4822a6729145dd53af33/d2ff1bbb8c6f4fd8adb3949f76f8c1b6/order/callback/31d7ccf7aa264056812535d3c607ba84 \n {\"ok\":true,\"msg\":\"微信订单下单成功！\",\"type\":\"creator\",\"data\":{\"id\":\"31d7ccf7aa264056812535d3c607ba84\",\"production_status\":2}}","timestamp":"2019-06-14 14:38:03"}
{"level":"info","message":"GET /order/no_pay 10 2019-06-14 14:38:24","timestamp":"2019-06-14 14:38:24"}
{"level":"info","message":"GET /order/order_state_count 9 2019-06-14 14:38:24","timestamp":"2019-06-14 14:38:24"}
{"level":"info","message":"GET /order/get_order_test 13 2019-06-14 14:38:24","timestamp":"2019-06-14 14:38:24"}
{"level":"info","message":"GET /order/detail 24 2019-06-14 14:38:24","timestamp":"2019-06-14 14:38:24"}
{"level":"info","message":"GET /system/info 2 2019-06-14 14:38:34","timestamp":"2019-06-14 14:38:34"}
{"level":"info","message":"GET /on/line/state 1 2019-06-14 14:38:35","timestamp":"2019-06-14 14:38:35"}
{"level":"info","message":"GET /order/order_state_count 20 2019-06-14 14:38:35","timestamp":"2019-06-14 14:38:35"}
{"level":"info","message":"GET /area 15 2019-06-14 14:38:35","timestamp":"2019-06-14 14:38:35"}
{"level":"info","message":"GET /table/list 22 2019-06-14 14:38:35","timestamp":"2019-06-14 14:38:35"}
{"level":"info","message":"GET /order/detail 45 2019-06-14 14:38:35","timestamp":"2019-06-14 14:38:35"}
{"level":"info","message":"GET /order/get_order_test 7 2019-06-14 14:38:35","timestamp":"2019-06-14 14:38:35"}
{"level":"info","message":"GET /order/detail 13 2019-06-14 14:38:35","timestamp":"2019-06-14 14:38:35"}
{"level":"info","message":"GET /order/get_order_test 6 2019-06-14 14:38:35","timestamp":"2019-06-14 14:38:35"}
{"level":"info","message":"GET /order/no_pay 9 2019-06-14 14:38:36","timestamp":"2019-06-14 14:38:36"}
{"level":"info","message":"GET /order/order_state_count 11 2019-06-14 14:38:36","timestamp":"2019-06-14 14:38:36"}
{"level":"info","message":"GET /order/get_order_test 6 2019-06-14 14:38:36","timestamp":"2019-06-14 14:38:36"}
{"level":"info","message":"GET /order/detail 11 2019-06-14 14:38:36","timestamp":"2019-06-14 14:38:36"}
{"level":"info","message":"GET /system/info 3 2019-06-14 14:39:01","timestamp":"2019-06-14 14:39:01"}
{"level":"info","message":"GET /order/order_state_count 5 2019-06-14 14:39:01","timestamp":"2019-06-14 14:39:01"}
{"level":"info","message":"GET /area 2 2019-06-14 14:39:01","timestamp":"2019-06-14 14:39:01"}
{"level":"info","message":"GET /on/line/state 0 2019-06-14 14:39:01","timestamp":"2019-06-14 14:39:01"}
{"level":"info","message":"GET /order/detail 16 2019-06-14 14:39:01","timestamp":"2019-06-14 14:39:01"}
{"level":"info","message":"GET /table/list 6 2019-06-14 14:39:02","timestamp":"2019-06-14 14:39:02"}
{"level":"info","message":"GET /order/detail 10 2019-06-14 14:39:02","timestamp":"2019-06-14 14:39:02"}
{"level":"info","message":"GET /order/get_order_test 9 2019-06-14 14:39:02","timestamp":"2019-06-14 14:39:02"}
{"level":"info","message":"GET /order/get_order_test 7 2019-06-14 14:39:02","timestamp":"2019-06-14 14:39:02"}
{"level":"info","message":"GET /order/no_pay 9 2019-06-14 14:39:06","timestamp":"2019-06-14 14:39:06"}
{"level":"info","message":"GET /order/order_state_count 9 2019-06-14 14:39:06","timestamp":"2019-06-14 14:39:06"}
{"level":"info","message":"GET /order/get_order_test 17 2019-06-14 14:39:06","timestamp":"2019-06-14 14:39:06"}
{"level":"info","message":"GET /order/detail 25 2019-06-14 14:39:06","timestamp":"2019-06-14 14:39:06"}
{"level":"info","message":"推送EMQ:resto-dev/2f83afee7a0e4822a6729145dd53af33/d2ff1bbb8c6f4fd8adb3949f76f8c1b6/order/callback/8a1680a31aff47799abe78d3482e4446 \n {\"ok\":true,\"msg\":\"微信订单下单成功！\",\"type\":\"creator\",\"data\":{\"id\":\"8a1680a31aff47799abe78d3482e4446\",\"production_status\":2}}","timestamp":"2019-06-14 14:39:14"}
{"level":"info","message":"推送EMQ:resto-dev/2f83afee7a0e4822a6729145dd53af33/d2ff1bbb8c6f4fd8adb3949f76f8c1b6/order/callback/8a1680a31aff47799abe78d3482e4446 \n {\"ok\":true,\"msg\":\"微信订单支付成功！\",\"type\":\"payment\",\"data\":{\"id\":\"8a1680a31aff47799abe78d3482e4446\",\"order_state\":2}}","timestamp":"2019-06-14 14:39:25"}
{"level":"info","message":"GET /order/get_order_test 9 2019-06-14 14:39:31","timestamp":"2019-06-14 14:39:31"}
{"level":"info","message":"GET /order/detail 12 2019-06-14 14:39:31","timestamp":"2019-06-14 14:39:31"}
{"level":"info","message":"GET /system/info 5 2019-06-14 14:44:08","timestamp":"2019-06-14 14:44:08"}
{"level":"info","message":"GET /order/order_state_count 8 2019-06-14 14:44:08","timestamp":"2019-06-14 14:44:08"}
{"level":"info","message":"GET /area 7 2019-06-14 14:44:08","timestamp":"2019-06-14 14:44:08"}
{"level":"info","message":"GET /on/line/state 0 2019-06-14 14:44:08","timestamp":"2019-06-14 14:44:08"}
{"level":"info","message":"GET /table/list 16 2019-06-14 14:44:08","timestamp":"2019-06-14 14:44:08"}
{"level":"info","message":"GET /order/detail 26 2019-06-14 14:44:08","timestamp":"2019-06-14 14:44:08"}
{"level":"info","message":"GET /order/order_state_count 14 2019-06-14 14:44:10","timestamp":"2019-06-14 14:44:10"}
{"level":"info","message":"GET /order/wait_and_nopay 15 2019-06-14 14:44:10","timestamp":"2019-06-14 14:44:10"}
{"level":"info","message":"GET /system/info 4 2019-06-14 14:44:47","timestamp":"2019-06-14 14:44:47"}
{"level":"info","message":"GET /order/order_state_count 6 2019-06-14 14:44:47","timestamp":"2019-06-14 14:44:47"}
{"level":"info","message":"GET /on/line/state 1 2019-06-14 14:44:47","timestamp":"2019-06-14 14:44:47"}
{"level":"info","message":"GET /order/wait_and_nopay 8 2019-06-14 14:44:47","timestamp":"2019-06-14 14:44:47"}
{"level":"info","message":"GET /order/order_state_count 7 2019-06-14 14:44:57","timestamp":"2019-06-14 14:44:57"}
{"level":"info","message":"GET /area 3 2019-06-14 14:44:57","timestamp":"2019-06-14 14:44:57"}
{"level":"info","message":"GET /table/list 6 2019-06-14 14:44:57","timestamp":"2019-06-14 14:44:57"}
{"level":"info","message":"GET /order/get_order_test 6 2019-06-14 14:44:57","timestamp":"2019-06-14 14:44:57"}
{"level":"info","message":"GET /order/detail 11 2019-06-14 14:44:57","timestamp":"2019-06-14 14:44:57"}
{"level":"info","message":"GET /order/get_order_test 3 2019-06-14 14:44:58","timestamp":"2019-06-14 14:44:58"}
{"level":"info","message":"GET /order/order_state_count 7 2019-06-14 14:45:02","timestamp":"2019-06-14 14:45:02"}
{"level":"info","message":"GET /order/wait_and_nopay 6 2019-06-14 14:45:02","timestamp":"2019-06-14 14:45:02"}
{"level":"info","message":"GET /order/wait_and_nopay 3 2019-06-14 14:45:03","timestamp":"2019-06-14 14:45:03"}
{"level":"info","message":"GET /order/order_state_count 4 2019-06-14 14:45:03","timestamp":"2019-06-14 14:45:03"}
{"level":"info","message":"GET /order/order_state_count 5 2019-06-14 14:45:06","timestamp":"2019-06-14 14:45:06"}
{"level":"info","message":"GET /area 4 2019-06-14 14:45:06","timestamp":"2019-06-14 14:45:06"}
{"level":"info","message":"GET /table/list 16 2019-06-14 14:45:06","timestamp":"2019-06-14 14:45:06"}
{"level":"info","message":"GET /order/get_order_test 3 2019-06-14 14:45:06","timestamp":"2019-06-14 14:45:06"}
{"level":"info","message":"GET /order/detail 6 2019-06-14 14:45:06","timestamp":"2019-06-14 14:45:06"}
{"level":"info","message":"GET /order/get_order_test 5 2019-06-14 14:45:06","timestamp":"2019-06-14 14:45:06"}
{"level":"info","message":"POST /bind/table 59 2019-06-14 14:45:10","timestamp":"2019-06-14 14:45:10"}
{"level":"info","message":"GET /article/family_list 8 2019-06-14 14:45:10","timestamp":"2019-06-14 14:45:10"}
{"level":"info","message":"GET /order/detail 13 2019-06-14 14:45:10","timestamp":"2019-06-14 14:45:10"}
{"level":"info","message":"GET /article/article_list 19 2019-06-14 14:45:10","timestamp":"2019-06-14 14:45:10"}
{"level":"info","message":"POST /push/order 75 2019-06-14 14:45:13","timestamp":"2019-06-14 14:45:13"}
{"level":"info","message":"【/v1/newpos/order/push】==> 下单成功！","timestamp":"2019-06-14 14:45:13"}
{"level":"info","message":"GET /order/discount_info 3 2019-06-14 14:45:13","timestamp":"2019-06-14 14:45:13"}
{"level":"info","message":"GET /order/detail 11 2019-06-14 14:45:13","timestamp":"2019-06-14 14:45:13"}
{"level":"info","message":"GET /order/detail 9 2019-06-14 14:45:13","timestamp":"2019-06-14 14:45:13"}
{"level":"info","message":"GET /order/order_items 11 2019-06-14 14:45:13","timestamp":"2019-06-14 14:45:13"}
{"level":"info","message":"POST /order/pay 25 2019-06-14 14:45:17","timestamp":"2019-06-14 14:45:17"}
{"level":"info","message":"【/v1/newpos/order/payment】==> 买单成功！","timestamp":"2019-06-14 14:45:17"}
{"level":"info","message":"GET /order/order_state_count 8 2019-06-14 14:45:17","timestamp":"2019-06-14 14:45:17"}
{"level":"info","message":"GET /area 8 2019-06-14 14:45:17","timestamp":"2019-06-14 14:45:17"}
{"level":"info","message":"GET /table/list 11 2019-06-14 14:45:17","timestamp":"2019-06-14 14:45:17"}
{"level":"info","message":"GET /order/get_order_test 10 2019-06-14 14:45:18","timestamp":"2019-06-14 14:45:18"}
{"level":"info","message":"GET /order/detail 18 2019-06-14 14:45:18","timestamp":"2019-06-14 14:45:18"}
{"level":"info","message":"GET /order/get_order_test 6 2019-06-14 14:45:18","timestamp":"2019-06-14 14:45:18"}
{"level":"info","message":"GET /order/order_state_count 5 2019-06-14 14:45:20","timestamp":"2019-06-14 14:45:20"}
{"level":"info","message":"GET /order/wait_and_nopay 4 2019-06-14 14:45:20","timestamp":"2019-06-14 14:45:20"}
{"level":"info","message":"GET /order/order_state_count 9 2019-06-14 14:45:21","timestamp":"2019-06-14 14:45:21"}
{"level":"info","message":"GET /order/pay 6 2019-06-14 14:45:21","timestamp":"2019-06-14 14:45:21"}
{"level":"info","message":"GET /order/get_order_test 10 2019-06-14 14:45:21","timestamp":"2019-06-14 14:45:21"}
{"level":"info","message":"GET /order/detail 18 2019-06-14 14:45:21","timestamp":"2019-06-14 14:45:21"}
{"level":"info","message":"GET /system/info 3 2019-06-14 14:48:19","timestamp":"2019-06-14 14:48:19"}
{"level":"info","message":"GET /order/order_state_count 11 2019-06-14 14:48:19","timestamp":"2019-06-14 14:48:19"}
{"level":"info","message":"GET /order/wait_and_nopay 4 2019-06-14 14:48:19","timestamp":"2019-06-14 14:48:19"}
{"level":"info","message":"GET /on/line/state 3 2019-06-14 14:48:19","timestamp":"2019-06-14 14:48:19"}
{"level":"info","message":"GET /order/detail 24 2019-06-14 14:48:19","timestamp":"2019-06-14 14:48:19"}
{"level":"info","message":"GET /order/get_order_test 4 2019-06-14 14:48:20","timestamp":"2019-06-14 14:48:20"}
{"level":"info","message":"GET /system/info 4 2019-06-14 14:49:06","timestamp":"2019-06-14 14:49:06"}
{"level":"info","message":"GET /on/line/state 0 2019-06-14 14:49:06","timestamp":"2019-06-14 14:49:06"}
{"level":"info","message":"GET /order/order_state_count 16 2019-06-14 14:49:06","timestamp":"2019-06-14 14:49:06"}
{"level":"info","message":"GET /order/wait_and_nopay 14 2019-06-14 14:49:06","timestamp":"2019-06-14 14:49:06"}
{"level":"info","message":"GET /order/detail 25 2019-06-14 14:49:06","timestamp":"2019-06-14 14:49:06"}
{"level":"info","message":"GET /order/get_order_test 7 2019-06-14 14:49:07","timestamp":"2019-06-14 14:49:07"}
{"level":"info","message":"GET /order/pay 4 2019-06-14 14:49:10","timestamp":"2019-06-14 14:49:10"}
{"level":"info","message":"GET /order/order_state_count 5 2019-06-14 14:49:10","timestamp":"2019-06-14 14:49:10"}
{"level":"info","message":"GET /order/detail 11 2019-06-14 14:49:10","timestamp":"2019-06-14 14:49:10"}
{"level":"info","message":"GET /order/get_order_test 8 2019-06-14 14:49:10","timestamp":"2019-06-14 14:49:10"}
{"level":"info","message":"GET /order/order_state_count 5 2019-06-14 14:49:12","timestamp":"2019-06-14 14:49:12"}
{"level":"info","message":"GET /area 5 2019-06-14 14:49:12","timestamp":"2019-06-14 14:49:12"}
{"level":"info","message":"GET /table/list 12 2019-06-14 14:49:12","timestamp":"2019-06-14 14:49:12"}
{"level":"info","message":"GET /order/get_order_test 6 2019-06-14 14:49:12","timestamp":"2019-06-14 14:49:12"}
{"level":"info","message":"GET /order/detail 10 2019-06-14 14:49:12","timestamp":"2019-06-14 14:49:12"}
{"level":"info","message":"GET /order/get_order_test 4 2019-06-14 14:49:12","timestamp":"2019-06-14 14:49:12"}
{"level":"info","message":"推送EMQ:resto-dev/2f83afee7a0e4822a6729145dd53af33/d2ff1bbb8c6f4fd8adb3949f76f8c1b6/order/callback/3baa050b1f1d467e9f78708109e660ea \n {\"ok\":true,\"msg\":\"微信订单下单成功！\",\"type\":\"creator\",\"data\":{\"id\":\"3baa050b1f1d467e9f78708109e660ea\",\"production_status\":2}}","timestamp":"2019-06-14 14:49:39"}
{"level":"info","message":"GET /order/get_order_test 5 2019-06-14 14:50:09","timestamp":"2019-06-14 14:50:09"}
{"level":"info","message":"GET /order/detail 11 2019-06-14 14:50:09","timestamp":"2019-06-14 14:50:09"}
{"level":"info","message":"GET /table/list 7 2019-06-14 14:50:54","timestamp":"2019-06-14 14:50:54"}
{"level":"info","message":"GET /table/list 5 2019-06-14 14:50:54","timestamp":"2019-06-14 14:50:54"}
{"level":"info","message":"GET /order/get_order_test 7 2019-06-14 14:50:54","timestamp":"2019-06-14 14:50:54"}
{"level":"info","message":"GET /order/detail 16 2019-06-14 14:50:55","timestamp":"2019-06-14 14:50:55"}
{"level":"info","message":"推送EMQ:resto-dev/2f83afee7a0e4822a6729145dd53af33/d2ff1bbb8c6f4fd8adb3949f76f8c1b6/order/callback/3baa050b1f1d467e9f78708109e660ea \n {\"ok\":true,\"msg\":\"微信订单支付成功！\",\"type\":\"payment\",\"data\":{\"id\":\"3baa050b1f1d467e9f78708109e660ea\",\"order_state\":2}}","timestamp":"2019-06-14 14:51:12"}
{"level":"info","message":"GET /order/no_pay 8 2019-06-14 14:52:29","timestamp":"2019-06-14 14:52:29"}
{"level":"info","message":"GET /order/order_state_count 11 2019-06-14 14:52:29","timestamp":"2019-06-14 14:52:29"}
{"level":"info","message":"GET /order/get_order_test 10 2019-06-14 14:52:29","timestamp":"2019-06-14 14:52:29"}
{"level":"info","message":"GET /order/detail 15 2019-06-14 14:52:29","timestamp":"2019-06-14 14:52:29"}
{"level":"info","message":"GET /system/info 5 2019-06-14 14:52:30","timestamp":"2019-06-14 14:52:30"}
{"level":"info","message":"GET /order/order_state_count 7 2019-06-14 14:52:31","timestamp":"2019-06-14 14:52:31"}
{"level":"info","message":"GET /area 3 2019-06-14 14:52:31","timestamp":"2019-06-14 14:52:31"}
{"level":"info","message":"GET /on/line/state 0 2019-06-14 14:52:31","timestamp":"2019-06-14 14:52:31"}
{"level":"info","message":"GET /table/list 10 2019-06-14 14:52:31","timestamp":"2019-06-14 14:52:31"}
{"level":"info","message":"GET /order/detail 25 2019-06-14 14:52:31","timestamp":"2019-06-14 14:52:31"}
{"level":"info","message":"GET /order/get_order_test 5 2019-06-14 14:52:31","timestamp":"2019-06-14 14:52:31"}
{"level":"info","message":"GET /order/detail 11 2019-06-14 14:52:31","timestamp":"2019-06-14 14:52:31"}
{"level":"info","message":"GET /order/get_order_test 6 2019-06-14 14:52:31","timestamp":"2019-06-14 14:52:31"}
{"level":"info","message":"GET /order/no_pay 6 2019-06-14 14:53:20","timestamp":"2019-06-14 14:53:20"}
{"level":"info","message":"GET /order/order_state_count 6 2019-06-14 14:53:20","timestamp":"2019-06-14 14:53:20"}
{"level":"info","message":"GET /order/get_order_test 6 2019-06-14 14:53:20","timestamp":"2019-06-14 14:53:20"}
{"level":"info","message":"GET /order/detail 15 2019-06-14 14:53:20","timestamp":"2019-06-14 14:53:20"}
{"level":"info","message":"GET /system/info 3 2019-06-14 14:53:22","timestamp":"2019-06-14 14:53:22"}
{"level":"info","message":"GET /order/order_state_count 7 2019-06-14 14:53:23","timestamp":"2019-06-14 14:53:23"}
{"level":"info","message":"GET /on/line/state 0 2019-06-14 14:53:23","timestamp":"2019-06-14 14:53:23"}
{"level":"info","message":"GET /area 7 2019-06-14 14:53:23","timestamp":"2019-06-14 14:53:23"}
{"level":"info","message":"GET /table/list 9 2019-06-14 14:53:23","timestamp":"2019-06-14 14:53:23"}
{"level":"info","message":"GET /order/detail 28 2019-06-14 14:53:23","timestamp":"2019-06-14 14:53:23"}
{"level":"info","message":"GET /order/get_order_test 11 2019-06-14 14:53:23","timestamp":"2019-06-14 14:53:23"}
{"level":"info","message":"GET /order/detail 16 2019-06-14 14:53:23","timestamp":"2019-06-14 14:53:23"}
{"level":"info","message":"GET /order/get_order_test 5 2019-06-14 14:53:23","timestamp":"2019-06-14 14:53:23"}
{"level":"info","message":"GET /table/list 13 2019-06-14 14:53:30","timestamp":"2019-06-14 14:53:30"}
{"level":"info","message":"GET /order/order_state_count 15 2019-06-14 14:53:30","timestamp":"2019-06-14 14:53:30"}
{"level":"info","message":"GET /order/get_order_test 16 2019-06-14 14:53:31","timestamp":"2019-06-14 14:53:31"}
{"level":"info","message":"GET /order/detail 23 2019-06-14 14:53:31","timestamp":"2019-06-14 14:53:31"}
{"level":"info","message":"GET /order/no_pay 6 2019-06-14 14:53:32","timestamp":"2019-06-14 14:53:32"}
{"level":"info","message":"GET /order/order_state_count 8 2019-06-14 14:53:32","timestamp":"2019-06-14 14:53:32"}
{"level":"info","message":"GET /order/get_order_test 8 2019-06-14 14:53:33","timestamp":"2019-06-14 14:53:33"}
{"level":"info","message":"GET /order/detail 17 2019-06-14 14:53:33","timestamp":"2019-06-14 14:53:33"}
{"level":"info","message":"GET /system/info 3 2019-06-14 14:53:34","timestamp":"2019-06-14 14:53:34"}
{"level":"info","message":"GET /order/order_state_count 5 2019-06-14 14:53:35","timestamp":"2019-06-14 14:53:35"}
{"level":"info","message":"GET /area 5 2019-06-14 14:53:35","timestamp":"2019-06-14 14:53:35"}
{"level":"info","message":"GET /on/line/state 0 2019-06-14 14:53:35","timestamp":"2019-06-14 14:53:35"}
{"level":"info","message":"GET /table/list 7 2019-06-14 14:53:35","timestamp":"2019-06-14 14:53:35"}
{"level":"info","message":"GET /order/detail 22 2019-06-14 14:53:35","timestamp":"2019-06-14 14:53:35"}
{"level":"info","message":"GET /order/get_order_test 9 2019-06-14 14:53:35","timestamp":"2019-06-14 14:53:35"}
{"level":"info","message":"GET /order/detail 18 2019-06-14 14:53:35","timestamp":"2019-06-14 14:53:35"}
{"level":"info","message":"GET /order/get_order_test 5 2019-06-14 14:53:35","timestamp":"2019-06-14 14:53:35"}
{"level":"info","message":"GET /table/list 15 2019-06-14 14:54:47","timestamp":"2019-06-14 14:54:47"}
{"level":"info","message":"GET /order/order_state_count 18 2019-06-14 14:54:47","timestamp":"2019-06-14 14:54:47"}
{"level":"info","message":"GET /order/get_order_test 12 2019-06-14 14:54:47","timestamp":"2019-06-14 14:54:47"}
{"level":"info","message":"GET /order/detail 25 2019-06-14 14:54:47","timestamp":"2019-06-14 14:54:47"}
{"level":"info","message":"GET /system/info 6 2019-06-14 14:54:50","timestamp":"2019-06-14 14:54:50"}
{"level":"info","message":"GET /order/order_state_count 8 2019-06-14 14:54:50","timestamp":"2019-06-14 14:54:50"}
{"level":"info","message":"GET /area 5 2019-06-14 14:54:50","timestamp":"2019-06-14 14:54:50"}
{"level":"info","message":"GET /on/line/state 0 2019-06-14 14:54:50","timestamp":"2019-06-14 14:54:50"}
{"level":"info","message":"GET /table/list 7 2019-06-14 14:54:50","timestamp":"2019-06-14 14:54:50"}
{"level":"info","message":"GET /order/detail 26 2019-06-14 14:54:50","timestamp":"2019-06-14 14:54:50"}
{"level":"info","message":"GET /order/get_order_test 2 2019-06-14 14:54:51","timestamp":"2019-06-14 14:54:51"}
{"level":"info","message":"推送EMQ:resto-dev/2f83afee7a0e4822a6729145dd53af33/d2ff1bbb8c6f4fd8adb3949f76f8c1b6/order/callback/093f39a6849745c7a59d7ffaaace83f8 \n {\"ok\":true,\"msg\":\"微信订单下单成功！\",\"type\":\"creator\",\"data\":{\"id\":\"093f39a6849745c7a59d7ffaaace83f8\",\"production_status\":2}}","timestamp":"2019-06-14 14:55:20"}
{"level":"info","message":"推送EMQ:resto-dev/2f83afee7a0e4822a6729145dd53af33/d2ff1bbb8c6f4fd8adb3949f76f8c1b6/order/callback/093f39a6849745c7a59d7ffaaace83f8 \n {\"ok\":true,\"msg\":\"微信订单支付成功！\",\"type\":\"payment\",\"data\":{\"id\":\"093f39a6849745c7a59d7ffaaace83f8\",\"order_state\":2}}","timestamp":"2019-06-14 14:55:31"}
{"level":"info","message":"GET /order/no_pay 4 2019-06-14 14:55:49","timestamp":"2019-06-14 14:55:49"}
{"level":"info","message":"GET /order/order_state_count 3 2019-06-14 14:55:49","timestamp":"2019-06-14 14:55:49"}
{"level":"info","message":"GET /order/detail 9 2019-06-14 14:55:49","timestamp":"2019-06-14 14:55:49"}
{"level":"info","message":"GET /order/get_order_test 7 2019-06-14 14:55:49","timestamp":"2019-06-14 14:55:49"}
{"level":"info","message":"GET /order/order_state_count 4 2019-06-14 14:55:51","timestamp":"2019-06-14 14:55:51"}
{"level":"info","message":"GET /order/pay 3 2019-06-14 14:55:51","timestamp":"2019-06-14 14:55:51"}
{"level":"info","message":"GET /order/detail 8 2019-06-14 14:55:51","timestamp":"2019-06-14 14:55:51"}
{"level":"info","message":"GET /order/get_order_test 4 2019-06-14 14:55:51","timestamp":"2019-06-14 14:55:51"}
{"level":"info","message":"GET /order/wait_order 10 2019-06-14 14:55:53","timestamp":"2019-06-14 14:55:53"}
{"level":"info","message":"GET /order/order_state_count 10 2019-06-14 14:55:53","timestamp":"2019-06-14 14:55:53"}
{"level":"info","message":"GET /order/get_order_test 6 2019-06-14 14:55:53","timestamp":"2019-06-14 14:55:53"}
{"level":"info","message":"GET /order/detail 11 2019-06-14 14:55:53","timestamp":"2019-06-14 14:55:53"}
{"level":"info","message":"GET /order/no_pay 5 2019-06-14 14:55:55","timestamp":"2019-06-14 14:55:55"}
{"level":"info","message":"GET /order/order_state_count 10 2019-06-14 14:55:55","timestamp":"2019-06-14 14:55:55"}
{"level":"info","message":"GET /order/get_order_test 9 2019-06-14 14:55:55","timestamp":"2019-06-14 14:55:55"}
{"level":"info","message":"GET /order/detail 16 2019-06-14 14:55:55","timestamp":"2019-06-14 14:55:55"}
{"level":"info","message":"GET /order/order_state_count 4 2019-06-14 14:55:58","timestamp":"2019-06-14 14:55:58"}
{"level":"info","message":"GET /order/wait_and_nopay 3 2019-06-14 14:55:58","timestamp":"2019-06-14 14:55:58"}
{"level":"info","message":"GET /order/pay 7 2019-06-14 14:56:30","timestamp":"2019-06-14 14:56:30"}
{"level":"info","message":"GET /order/order_state_count 8 2019-06-14 14:56:30","timestamp":"2019-06-14 14:56:30"}
{"level":"info","message":"GET /order/get_order_test 9 2019-06-14 14:56:30","timestamp":"2019-06-14 14:56:30"}
{"level":"info","message":"GET /order/detail 17 2019-06-14 14:56:30","timestamp":"2019-06-14 14:56:30"}
{"level":"info","message":"推送EMQ:resto-dev/2f83afee7a0e4822a6729145dd53af33/d2ff1bbb8c6f4fd8adb3949f76f8c1b6/order/callback/f16cb2b4eb60423e8c78aa4838dc4af0 \n {\"ok\":true,\"msg\":\"微信订单下单成功！\",\"type\":\"creator\",\"data\":{\"id\":\"f16cb2b4eb60423e8c78aa4838dc4af0\",\"production_status\":2}}","timestamp":"2019-06-14 14:56:35"}
{"level":"info","message":"GET /order/get_order_test 7 2019-06-14 14:56:49","timestamp":"2019-06-14 14:56:49"}
{"level":"info","message":"GET /order/detail 16 2019-06-14 14:56:49","timestamp":"2019-06-14 14:56:49"}
{"level":"info","message":"GET /order/order_state_count 5 2019-06-14 14:57:22","timestamp":"2019-06-14 14:57:22"}
{"level":"info","message":"GET /area 6 2019-06-14 14:57:22","timestamp":"2019-06-14 14:57:22"}
{"level":"info","message":"GET /table/list 7 2019-06-14 14:57:22","timestamp":"2019-06-14 14:57:22"}
{"level":"info","message":"GET /order/get_order_test 9 2019-06-14 14:57:22","timestamp":"2019-06-14 14:57:22"}
{"level":"info","message":"GET /order/detail 13 2019-06-14 14:57:22","timestamp":"2019-06-14 14:57:22"}
{"level":"info","message":"GET /order/get_order_test 4 2019-06-14 14:57:23","timestamp":"2019-06-14 14:57:23"}
{"level":"info","message":"GET /system/info 5 2019-06-14 14:57:29","timestamp":"2019-06-14 14:57:29"}
{"level":"info","message":"GET /order/order_state_count 7 2019-06-14 14:57:30","timestamp":"2019-06-14 14:57:30"}
{"level":"info","message":"GET /area 6 2019-06-14 14:57:30","timestamp":"2019-06-14 14:57:30"}
{"level":"info","message":"GET /on/line/state 0 2019-06-14 14:57:30","timestamp":"2019-06-14 14:57:30"}
{"level":"info","message":"GET /table/list 8 2019-06-14 14:57:30","timestamp":"2019-06-14 14:57:30"}
{"level":"info","message":"GET /order/detail 18 2019-06-14 14:57:30","timestamp":"2019-06-14 14:57:30"}
{"level":"info","message":"GET /order/get_order_test 3 2019-06-14 14:57:30","timestamp":"2019-06-14 14:57:30"}
{"level":"info","message":"GET /order/pay 3 2019-06-14 14:57:32","timestamp":"2019-06-14 14:57:32"}
{"level":"info","message":"GET /order/order_state_count 5 2019-06-14 14:57:32","timestamp":"2019-06-14 14:57:32"}
{"level":"info","message":"GET /order/get_order_test 7 2019-06-14 14:57:32","timestamp":"2019-06-14 14:57:32"}
{"level":"info","message":"GET /order/detail 11 2019-06-14 14:57:32","timestamp":"2019-06-14 14:57:32"}
{"level":"info","message":"GET /system/info 4 2019-06-14 14:57:33","timestamp":"2019-06-14 14:57:33"}
{"level":"info","message":"GET /order/order_state_count 6 2019-06-14 14:57:33","timestamp":"2019-06-14 14:57:33"}
{"level":"info","message":"GET /area 5 2019-06-14 14:57:33","timestamp":"2019-06-14 14:57:33"}
{"level":"info","message":"GET /on/line/state 0 2019-06-14 14:57:33","timestamp":"2019-06-14 14:57:33"}
{"level":"info","message":"GET /table/list 10 2019-06-14 14:57:33","timestamp":"2019-06-14 14:57:33"}
{"level":"info","message":"GET /order/detail 23 2019-06-14 14:57:33","timestamp":"2019-06-14 14:57:33"}
{"level":"info","message":"GET /table/list 7 2019-06-14 14:57:43","timestamp":"2019-06-14 14:57:43"}
{"level":"info","message":"GET /order/order_state_count 5 2019-06-14 14:57:43","timestamp":"2019-06-14 14:57:43"}
{"level":"info","message":"GET /order/get_order_test 5 2019-06-14 14:57:43","timestamp":"2019-06-14 14:57:43"}
{"level":"info","message":"GET /order/detail 11 2019-06-14 14:57:43","timestamp":"2019-06-14 14:57:43"}
{"level":"info","message":"GET /order/pay 4 2019-06-14 14:57:44","timestamp":"2019-06-14 14:57:44"}
{"level":"info","message":"GET /order/order_state_count 5 2019-06-14 14:57:44","timestamp":"2019-06-14 14:57:44"}
{"level":"info","message":"GET /order/get_order_test 6 2019-06-14 14:57:44","timestamp":"2019-06-14 14:57:44"}
{"level":"info","message":"GET /order/detail 14 2019-06-14 14:57:44","timestamp":"2019-06-14 14:57:44"}
{"level":"info","message":"GET /system/info 2 2019-06-14 14:57:47","timestamp":"2019-06-14 14:57:47"}
{"level":"info","message":"GET /on/line/state 1 2019-06-14 14:57:47","timestamp":"2019-06-14 14:57:47"}
{"level":"info","message":"GET /order/order_state_count 14 2019-06-14 14:57:47","timestamp":"2019-06-14 14:57:47"}
{"level":"info","message":"GET /area 8 2019-06-14 14:57:47","timestamp":"2019-06-14 14:57:47"}
{"level":"info","message":"GET /table/list 11 2019-06-14 14:57:47","timestamp":"2019-06-14 14:57:47"}
{"level":"info","message":"GET /order/detail 21 2019-06-14 14:57:47","timestamp":"2019-06-14 14:57:47"}
{"level":"info","message":"mqtt成功连接到：ws://test.emq.restoplus.cn:8083/mqtt","timestamp":"2019-06-14 15:10:55"}
{"level":"info","message":"订阅成功--$queue/winPos/+/2f83afee7a0e4822a6729145dd53af33/d2ff1bbb8c6f4fd8adb3949f76f8c1b6/+/+/+","timestamp":"2019-06-14 15:10:56"}
{"level":"info","message":"允许接收的平台=>posAdmin-dev,resto-dev","timestamp":"2019-06-14 15:10:56"}
{"level":"error","message":"ServiceUnavailableError: Response timeout\n    at IncomingMessage.<anonymous> (/Users/chintec/Documents/node/resto-newpos/node_modules/connect-timeout/index.js:84:8)\n    at emitOne (events.js:116:13)\n    at IncomingMessage.emit (events.js:211:7)\n    at Timeout._onTimeout (/Users/chintec/Documents/node/resto-newpos/node_modules/connect-timeout/index.js:49:11)\n    at ontimeout (timers.js:475:11)\n    at tryOnTimeout (timers.js:310:5)\n    at Timer.listOnTimeout (timers.js:270:5)","timestamp":"2019-06-14 15:11:34"}
{"level":"error","message":"resource \"GET:/26d9a4af803d9adfdf86.hot-update.json\" not found","timestamp":"2019-06-14 15:11:54"}
{"level":"info","message":"GET /26d9a4af803d9adfdf86.hot-update.json 3 2019-06-14 15:11:54","timestamp":"2019-06-14 15:11:54"}
{"level":"info","message":"GET /system/info 112 2019-06-14 15:12:03","timestamp":"2019-06-14 15:12:03"}
{"level":"info","message":"GET /on/line/state 1 2019-06-14 15:12:03","timestamp":"2019-06-14 15:12:03"}
{"level":"info","message":"GET /order/order_state_count 24 2019-06-14 15:12:03","timestamp":"2019-06-14 15:12:03"}
{"level":"info","message":"GET /area 17 2019-06-14 15:12:03","timestamp":"2019-06-14 15:12:03"}
{"level":"info","message":"GET /table/list 24 2019-06-14 15:12:03","timestamp":"2019-06-14 15:12:03"}
{"level":"info","message":"GET /table/list 7 2019-06-14 15:12:06","timestamp":"2019-06-14 15:12:06"}
{"level":"info","message":"GET /order/order_state_count 9 2019-06-14 15:12:06","timestamp":"2019-06-14 15:12:06"}
{"level":"info","message":"GET /order/get_order_test 100 2019-06-14 15:12:06","timestamp":"2019-06-14 15:12:06"}
{"level":"info","message":"GET /order/detail 105 2019-06-14 15:12:06","timestamp":"2019-06-14 15:12:06"}
{"level":"info","message":"GET /order/pay 9 2019-06-14 15:12:08","timestamp":"2019-06-14 15:12:08"}
{"level":"info","message":"GET /order/order_state_count 12 2019-06-14 15:12:08","timestamp":"2019-06-14 15:12:08"}
{"level":"info","message":"GET /order/get_order_test 20 2019-06-14 15:12:08","timestamp":"2019-06-14 15:12:08"}
{"level":"info","message":"GET /order/detail 28 2019-06-14 15:12:08","timestamp":"2019-06-14 15:12:08"}
{"level":"info","message":"GET /order/pay 7 2019-06-14 15:12:09","timestamp":"2019-06-14 15:12:09"}
{"level":"info","message":"GET /order/order_state_count 10 2019-06-14 15:12:09","timestamp":"2019-06-14 15:12:09"}
{"level":"info","message":"GET /order/detail 9 2019-06-14 15:12:09","timestamp":"2019-06-14 15:12:09"}
{"level":"info","message":"GET /order/get_order_test 6 2019-06-14 15:12:09","timestamp":"2019-06-14 15:12:09"}
{"level":"info","message":"GET /table/list 8 2019-06-14 15:12:10","timestamp":"2019-06-14 15:12:10"}
{"level":"info","message":"GET /order/order_state_count 9 2019-06-14 15:12:10","timestamp":"2019-06-14 15:12:10"}
{"level":"info","message":"GET /order/get_order_test 7 2019-06-14 15:12:10","timestamp":"2019-06-14 15:12:10"}
{"level":"info","message":"GET /order/detail 12 2019-06-14 15:12:10","timestamp":"2019-06-14 15:12:10"}
{"level":"info","message":"GET /order/get_order_test 10 2019-06-14 15:21:19","timestamp":"2019-06-14 15:21:19"}
{"level":"info","message":"GET /order/detail 18 2019-06-14 15:21:19","timestamp":"2019-06-14 15:21:19"}
{"level":"info","message":"GET /table/list 11 2019-06-14 15:22:59","timestamp":"2019-06-14 15:22:59"}
{"level":"info","message":"GET /order/order_state_count 8 2019-06-14 15:22:59","timestamp":"2019-06-14 15:22:59"}
{"level":"info","message":"GET /order/get_order_test 8 2019-06-14 15:22:59","timestamp":"2019-06-14 15:22:59"}
{"level":"info","message":"GET /order/detail 16 2019-06-14 15:22:59","timestamp":"2019-06-14 15:22:59"}
{"level":"error","message":"==mqtt==close==你已断开连接,异常退出","timestamp":"2019-06-14 15:40:25"}
{"level":"error","message":"==mqtt==reconnect==正在尝试重新连接","timestamp":"2019-06-14 15:40:40"}
{"level":"info","message":"mqtt成功连接到：ws://test.emq.restoplus.cn:8083/mqtt","timestamp":"2019-06-14 15:40:40"}
{"level":"info","message":"订阅成功--$queue/winPos/+/2f83afee7a0e4822a6729145dd53af33/d2ff1bbb8c6f4fd8adb3949f76f8c1b6/+/+/+","timestamp":"2019-06-14 15:40:40"}
{"level":"info","message":"允许接收的平台=>posAdmin-dev,resto-dev","timestamp":"2019-06-14 15:40:40"}
{"level":"info","message":"GET /system/info 13 2019-06-14 16:24:37","timestamp":"2019-06-14 16:24:37"}
{"level":"info","message":"GET /order/order_state_count 5 2019-06-14 16:24:37","timestamp":"2019-06-14 16:24:37"}
{"level":"info","message":"GET /on/line/state 0 2019-06-14 16:24:37","timestamp":"2019-06-14 16:24:37"}
{"level":"info","message":"GET /area 8 2019-06-14 16:24:37","timestamp":"2019-06-14 16:24:37"}
{"level":"info","message":"GET /table/list 11 2019-06-14 16:24:37","timestamp":"2019-06-14 16:24:37"}
{"level":"info","message":"GET /order/detail 22 2019-06-14 16:24:37","timestamp":"2019-06-14 16:24:37"}
{"level":"info","message":"GET /order/get_order_test 4 2019-06-14 16:24:37","timestamp":"2019-06-14 16:24:37"}
{"level":"info","message":"GET /system/info 15 2019-06-14 16:58:17","timestamp":"2019-06-14 16:58:17"}
{"level":"info","message":"GET /on/line/state 0 2019-06-14 16:58:17","timestamp":"2019-06-14 16:58:17"}
{"level":"info","message":"GET /order/order_state_count 20 2019-06-14 16:58:17","timestamp":"2019-06-14 16:58:17"}
{"level":"info","message":"GET /area 14 2019-06-14 16:58:17","timestamp":"2019-06-14 16:58:17"}
{"level":"info","message":"GET /table/list 20 2019-06-14 16:58:17","timestamp":"2019-06-14 16:58:17"}
{"level":"info","message":"GET /order/detail 32 2019-06-14 16:58:17","timestamp":"2019-06-14 16:58:17"}
{"level":"info","message":"GET /order/get_order_test 3 2019-06-14 16:58:17","timestamp":"2019-06-14 16:58:17"}
{"level":"info","message":"GET /order/detail 7 2019-06-14 16:58:32","timestamp":"2019-06-14 16:58:32"}
{"level":"info","message":"GET /order/detail 4 2019-06-14 16:58:32","timestamp":"2019-06-14 16:58:32"}
{"level":"info","message":"GET /order/discount_info 3 2019-06-14 16:58:32","timestamp":"2019-06-14 16:58:32"}
{"level":"info","message":"GET /order/order_items 11 2019-06-14 16:58:32","timestamp":"2019-06-14 16:58:32"}
{"level":"info","message":"GET /order/order_state_count 39 2019-06-14 17:00:46","timestamp":"2019-06-14 17:00:46"}
{"level":"info","message":"GET /area 16 2019-06-14 17:00:46","timestamp":"2019-06-14 17:00:46"}
{"level":"info","message":"GET /table/list 24 2019-06-14 17:00:46","timestamp":"2019-06-14 17:00:46"}
{"level":"info","message":"GET /order/get_order_test 15 2019-06-14 17:00:47","timestamp":"2019-06-14 17:00:47"}
{"level":"info","message":"GET /order/detail 33 2019-06-14 17:00:47","timestamp":"2019-06-14 17:00:47"}
{"level":"info","message":"GET /order/get_order_test 3 2019-06-14 17:00:47","timestamp":"2019-06-14 17:00:47"}
{"level":"info","message":"GET /article/family_list 6 2019-06-14 17:00:50","timestamp":"2019-06-14 17:00:50"}
{"level":"info","message":"GET /order/detail 10 2019-06-14 17:00:50","timestamp":"2019-06-14 17:00:50"}
{"level":"info","message":"GET /article/article_list 78 2019-06-14 17:00:50","timestamp":"2019-06-14 17:00:50"}
{"level":"info","message":"GET /system/info 9 2019-06-14 17:06:55","timestamp":"2019-06-14 17:06:55"}
{"level":"info","message":"GET /on/line/state 0 2019-06-14 17:06:55","timestamp":"2019-06-14 17:06:55"}
{"level":"info","message":"GET /article/family_list 16 2019-06-14 17:06:55","timestamp":"2019-06-14 17:06:55"}
{"level":"info","message":"GET /order/detail 28 2019-06-14 17:06:55","timestamp":"2019-06-14 17:06:55"}
{"level":"info","message":"GET /article/article_list 35 2019-06-14 17:06:55","timestamp":"2019-06-14 17:06:55"}
{"level":"info","message":"GET /order/order_state_count 31 2019-06-14 17:06:59","timestamp":"2019-06-14 17:06:59"}
{"level":"info","message":"GET /area 24 2019-06-14 17:06:59","timestamp":"2019-06-14 17:06:59"}
{"level":"info","message":"GET /table/list 19 2019-06-14 17:06:59","timestamp":"2019-06-14 17:06:59"}
{"level":"info","message":"GET /order/detail 35 2019-06-14 17:06:59","timestamp":"2019-06-14 17:06:59"}
{"level":"info","message":"GET /order/get_order_test 4 2019-06-14 17:06:59","timestamp":"2019-06-14 17:06:59"}
{"level":"info","message":"GET /order/detail 7 2019-06-14 17:07:01","timestamp":"2019-06-14 17:07:01"}
{"level":"info","message":"GET /order/discount_info 4 2019-06-14 17:07:01","timestamp":"2019-06-14 17:07:01"}
{"level":"info","message":"GET /order/detail 13 2019-06-14 17:07:01","timestamp":"2019-06-14 17:07:01"}
{"level":"info","message":"GET /order/order_items 11 2019-06-14 17:07:01","timestamp":"2019-06-14 17:07:01"}
{"level":"info","message":"GET /system/info 7 2019-06-14 17:08:14","timestamp":"2019-06-14 17:08:14"}
{"level":"info","message":"GET /on/line/state 0 2019-06-14 17:08:15","timestamp":"2019-06-14 17:08:15"}
{"level":"info","message":"GET /order/discount_info 5 2019-06-14 17:08:15","timestamp":"2019-06-14 17:08:15"}
{"level":"info","message":"GET /order/detail 15 2019-06-14 17:08:15","timestamp":"2019-06-14 17:08:15"}
{"level":"info","message":"GET /order/detail 7 2019-06-14 17:08:15","timestamp":"2019-06-14 17:08:15"}
{"level":"info","message":"GET /order/order_items 8 2019-06-14 17:08:15","timestamp":"2019-06-14 17:08:15"}
{"level":"info","message":"GET /system/info 8 2019-06-14 17:10:38","timestamp":"2019-06-14 17:10:38"}
{"level":"info","message":"GET /on/line/state 0 2019-06-14 17:10:38","timestamp":"2019-06-14 17:10:38"}
{"level":"info","message":"GET /order/discount_info 9 2019-06-14 17:10:38","timestamp":"2019-06-14 17:10:38"}
{"level":"info","message":"GET /order/detail 28 2019-06-14 17:10:38","timestamp":"2019-06-14 17:10:38"}
{"level":"info","message":"GET /order/detail 9 2019-06-14 17:10:38","timestamp":"2019-06-14 17:10:38"}
{"level":"info","message":"GET /order/order_items 13 2019-06-14 17:10:38","timestamp":"2019-06-14 17:10:38"}
{"level":"info","message":"GET /system/info 4 2019-06-14 17:10:56","timestamp":"2019-06-14 17:10:56"}
{"level":"info","message":"GET /on/line/state 0 2019-06-14 17:10:57","timestamp":"2019-06-14 17:10:57"}
{"level":"info","message":"GET /order/discount_info 5 2019-06-14 17:10:57","timestamp":"2019-06-14 17:10:57"}
{"level":"info","message":"GET /order/detail 15 2019-06-14 17:10:57","timestamp":"2019-06-14 17:10:57"}
{"level":"info","message":"GET /order/detail 6 2019-06-14 17:10:57","timestamp":"2019-06-14 17:10:57"}
{"level":"info","message":"GET /order/order_items 8 2019-06-14 17:10:57","timestamp":"2019-06-14 17:10:57"}
{"level":"info","message":"GET /system/info 11 2019-06-14 17:15:12","timestamp":"2019-06-14 17:15:12"}
{"level":"info","message":"GET /order/detail 10 2019-06-14 17:15:13","timestamp":"2019-06-14 17:15:13"}
{"level":"info","message":"GET /on/line/state 1 2019-06-14 17:15:13","timestamp":"2019-06-14 17:15:13"}
{"level":"info","message":"GET /order/discount_info 7 2019-06-14 17:15:13","timestamp":"2019-06-14 17:15:13"}
{"level":"info","message":"GET /order/detail 10 2019-06-14 17:15:13","timestamp":"2019-06-14 17:15:13"}
{"level":"info","message":"GET /order/order_items 7 2019-06-14 17:15:13","timestamp":"2019-06-14 17:15:13"}
{"level":"info","message":"GET /system/info 102 2019-06-14 17:17:04","timestamp":"2019-06-14 17:17:04"}
{"level":"info","message":"GET /order/discount_info 3 2019-06-14 17:17:04","timestamp":"2019-06-14 17:17:04"}
{"level":"info","message":"GET /on/line/state 1 2019-06-14 17:17:04","timestamp":"2019-06-14 17:17:04"}
{"level":"info","message":"GET /order/detail 19 2019-06-14 17:17:04","timestamp":"2019-06-14 17:17:04"}
{"level":"info","message":"GET /order/detail 7 2019-06-14 17:17:04","timestamp":"2019-06-14 17:17:04"}
{"level":"info","message":"GET /order/order_items 8 2019-06-14 17:17:04","timestamp":"2019-06-14 17:17:04"}
{"level":"info","message":"GET /system/info 86 2019-06-14 17:20:25","timestamp":"2019-06-14 17:20:25"}
{"level":"info","message":"GET /order/discount_info 4 2019-06-14 17:20:25","timestamp":"2019-06-14 17:20:25"}
{"level":"info","message":"GET /on/line/state 0 2019-06-14 17:20:25","timestamp":"2019-06-14 17:20:25"}
{"level":"info","message":"GET /order/detail 18 2019-06-14 17:20:25","timestamp":"2019-06-14 17:20:25"}
{"level":"info","message":"GET /order/detail 8 2019-06-14 17:20:25","timestamp":"2019-06-14 17:20:25"}
{"level":"info","message":"GET /order/order_items 9 2019-06-14 17:20:26","timestamp":"2019-06-14 17:20:26"}
{"level":"info","message":"GET /system/info 8 2019-06-14 17:22:33","timestamp":"2019-06-14 17:22:33"}
{"level":"info","message":"GET /order/discount_info 3 2019-06-14 17:22:33","timestamp":"2019-06-14 17:22:33"}
{"level":"info","message":"GET /order/detail 13 2019-06-14 17:22:33","timestamp":"2019-06-14 17:22:33"}
{"level":"info","message":"GET /on/line/state 0 2019-06-14 17:22:33","timestamp":"2019-06-14 17:22:33"}
{"level":"info","message":"GET /order/detail 6 2019-06-14 17:22:33","timestamp":"2019-06-14 17:22:33"}
{"level":"info","message":"GET /order/order_items 5 2019-06-14 17:22:34","timestamp":"2019-06-14 17:22:34"}
{"level":"info","message":"GET /system/info 18 2019-06-14 17:29:48","timestamp":"2019-06-14 17:29:48"}
{"level":"info","message":"GET /on/line/state 1 2019-06-14 17:29:49","timestamp":"2019-06-14 17:29:49"}
{"level":"info","message":"GET /order/discount_info 117 2019-06-14 17:29:49","timestamp":"2019-06-14 17:29:49"}
{"level":"info","message":"GET /order/detail 142 2019-06-14 17:29:49","timestamp":"2019-06-14 17:29:49"}
{"level":"info","message":"GET /order/detail 6 2019-06-14 17:29:49","timestamp":"2019-06-14 17:29:49"}
{"level":"info","message":"GET /order/order_items 8 2019-06-14 17:29:49","timestamp":"2019-06-14 17:29:49"}
{"level":"info","message":"mqtt成功连接到：ws://test.emq.restoplus.cn:8083/mqtt","timestamp":"2019-06-14 17:56:11"}
{"level":"info","message":"订阅成功--$queue/winPos/+/2f83afee7a0e4822a6729145dd53af33/d2ff1bbb8c6f4fd8adb3949f76f8c1b6/+/+/+","timestamp":"2019-06-14 17:56:11"}
{"level":"info","message":"允许接收的平台=>posAdmin-dev,resto-dev","timestamp":"2019-06-14 17:56:11"}
{"level":"error","message":"==mqtt==close==你已断开连接,异常退出","timestamp":"2019-06-14 17:56:46"}
{"level":"error","message":"ServiceUnavailableError: Response timeout\n    at IncomingMessage.<anonymous> (/Users/chintec/Documents/node/resto-newpos/node_modules/connect-timeout/index.js:84:8)\n    at emitOne (events.js:116:13)\n    at IncomingMessage.emit (events.js:211:7)\n    at Timeout._onTimeout (/Users/chintec/Documents/node/resto-newpos/node_modules/connect-timeout/index.js:49:11)\n    at ontimeout (timers.js:475:11)\n    at tryOnTimeout (timers.js:310:5)\n    at Timer.listOnTimeout (timers.js:270:5)","timestamp":"2019-06-14 17:56:54"}
{"level":"error","message":"==mqtt==reconnect==正在尝试重新连接","timestamp":"2019-06-14 17:57:01"}
{"level":"info","message":"mqtt成功连接到：ws://test.emq.restoplus.cn:8083/mqtt","timestamp":"2019-06-14 17:57:01"}
{"level":"info","message":"订阅成功--$queue/winPos/+/2f83afee7a0e4822a6729145dd53af33/d2ff1bbb8c6f4fd8adb3949f76f8c1b6/+/+/+","timestamp":"2019-06-14 17:57:01"}
{"level":"info","message":"允许接收的平台=>posAdmin-dev,resto-dev","timestamp":"2019-06-14 17:57:01"}
{"level":"error","message":"resource \"GET:/352c1980754b5f1b9a35.hot-update.json\" not found","timestamp":"2019-06-14 17:57:22"}
{"level":"info","message":"GET /352c1980754b5f1b9a35.hot-update.json 3 2019-06-14 17:57:22","timestamp":"2019-06-14 17:57:22"}
{"level":"info","message":"GET /system/info 275 2019-06-14 18:14:46","timestamp":"2019-06-14 18:14:46"}
{"level":"info","message":"GET /on/line/state 0 2019-06-14 18:14:46","timestamp":"2019-06-14 18:14:46"}
{"level":"info","message":"GET /order/discount_info 25 2019-06-14 18:14:46","timestamp":"2019-06-14 18:14:46"}
{"level":"info","message":"GET /order/detail 52 2019-06-14 18:14:46","timestamp":"2019-06-14 18:14:46"}
{"level":"info","message":"GET /order/detail 10 2019-06-14 18:14:46","timestamp":"2019-06-14 18:14:46"}
{"level":"info","message":"GET /order/order_items 10 2019-06-14 18:14:46","timestamp":"2019-06-14 18:14:46"}
{"level":"info","message":"GET /order/order_state_count 27 2019-06-14 18:14:49","timestamp":"2019-06-14 18:14:49"}
{"level":"info","message":"GET /area 24 2019-06-14 18:14:49","timestamp":"2019-06-14 18:14:49"}
{"level":"info","message":"GET /table/list 29 2019-06-14 18:14:49","timestamp":"2019-06-14 18:14:49"}
{"level":"info","message":"GET /order/detail 10 2019-06-14 18:14:49","timestamp":"2019-06-14 18:14:49"}
{"level":"info","message":"GET /order/get_order_test 47 2019-06-14 18:14:49","timestamp":"2019-06-14 18:14:49"}
{"level":"info","message":"GET /order/get_order_test 5 2019-06-14 18:14:49","timestamp":"2019-06-14 18:14:49"}
{"level":"info","message":"推送EMQ:resto-dev/2f83afee7a0e4822a6729145dd53af33/d2ff1bbb8c6f4fd8adb3949f76f8c1b6/order/callback/2089bac72713478180482df2e35645e6 \n {\"ok\":true,\"msg\":\"微信订单下单成功！\",\"type\":\"creator\",\"data\":{\"id\":\"2089bac72713478180482df2e35645e6\",\"production_status\":2}}","timestamp":"2019-06-14 18:16:50"}
{"level":"info","message":"POST /bind/table 58 2019-06-14 18:16:55","timestamp":"2019-06-14 18:16:55"}
{"level":"info","message":"GET /article/family_list 6 2019-06-14 18:16:56","timestamp":"2019-06-14 18:16:56"}
{"level":"info","message":"GET /order/detail 8 2019-06-14 18:16:56","timestamp":"2019-06-14 18:16:56"}
{"level":"info","message":"GET /article/article_list 33 2019-06-14 18:16:56","timestamp":"2019-06-14 18:16:56"}
