{"level":"info","message":"mqtt成功连接到：mqtt://test.emq.restoplus.cn:1883","timestamp":"2019-04-01 10:43:43"}
{"level":"info","message":"../../../restoPlus.db,Connection has been established successfully.","timestamp":"2019-04-01 10:43:43"}
{"level":"error","message":"==mqtt==close==你已断开连接,异常退出","timestamp":"2019-04-01 10:44:05"}
{"level":"info","message":"==mqtt==reconnect==正在尝试重新连接","timestamp":"2019-04-01 10:44:21"}
{"level":"info","message":"mqtt成功连接到：mqtt://test.emq.restoplus.cn:1883","timestamp":"2019-04-01 10:44:22"}
{"level":"info","message":"GET /system/info 174 2019-04-01T02:44:34.845Z","timestamp":"2019-04-01 10:44:34"}
{"level":"info","message":"GET /area 27 2019-04-01T02:44:35.037Z","timestamp":"2019-04-01 10:44:35"}
{"level":"error","message":"resource \"POST:/getAllTableAndOrders\" not found","timestamp":"2019-04-01 10:44:40"}
{"level":"info","message":"POST /getAllTableAndOrders 2 2019-04-01T02:44:40.907Z","timestamp":"2019-04-01 10:44:40"}
{"level":"info","message":"GET /area 12 2019-04-01T02:44:52.956Z","timestamp":"2019-04-01 10:44:52"}
{"level":"info","message":"GET /area 200 2019-04-01T02:45:06.178Z","timestamp":"2019-04-01 10:45:06"}
{"level":"info","message":"GET /system/info 24 2019-04-01T02:45:51.172Z","timestamp":"2019-04-01 10:45:51"}
{"level":"info","message":"GET /area 1 2019-04-01T02:45:51.467Z","timestamp":"2019-04-01 10:45:51"}
{"level":"info","message":"GET /system/info 165 2019-04-01T02:54:33.722Z","timestamp":"2019-04-01 10:54:33"}
{"level":"info","message":"GET /area 2 2019-04-01T02:54:33.816Z","timestamp":"2019-04-01 10:54:33"}
{"level":"info","message":"GET /area 12 2019-04-01T02:55:07.957Z","timestamp":"2019-04-01 10:55:07"}
{"level":"info","message":"GET /area 15 2019-04-01T03:04:33.768Z","timestamp":"2019-04-01 11:04:33"}
{"level":"error","message":"==mqtt==close==你已断开连接,正常退出","timestamp":"2019-04-01 11:07:54"}
{"level":"info","message":"==mqtt==reconnect==正在尝试重新连接","timestamp":"2019-04-01 11:08:09"}
{"level":"info","message":"mqtt成功连接到：mqtt://test.emq.restoplus.cn:1883","timestamp":"2019-04-01 11:08:09"}
{"level":"error","message":"==mqtt==close==你已断开连接,异常退出","timestamp":"2019-04-01 13:49:52"}
{"level":"info","message":"==mqtt==reconnect==正在尝试重新连接","timestamp":"2019-04-01 13:50:07"}
{"level":"info","message":"mqtt成功连接到：mqtt://test.emq.restoplus.cn:1883","timestamp":"2019-04-01 13:50:07"}
{"level":"info","message":"GET /system/info 15 2019-04-01T06:04:37.759Z","timestamp":"2019-04-01 14:04:37"}
{"level":"info","message":"GET /area 2 2019-04-01T06:04:38.095Z","timestamp":"2019-04-01 14:04:38"}
{"level":"info","message":"GET /area 23 2019-04-01T06:05:25.024Z","timestamp":"2019-04-01 14:05:25"}
{"level":"info","message":"GET /area 72 2019-04-01T06:12:52.351Z","timestamp":"2019-04-01 14:12:52"}
{"level":"info","message":"GET /system/info 106 2019-04-01T06:20:30.945Z","timestamp":"2019-04-01 14:20:30"}
{"level":"info","message":"GET /area 5 2019-04-01T06:20:31.174Z","timestamp":"2019-04-01 14:20:31"}
{"level":"info","message":"GET /system/info 19 2019-04-01T06:25:09.098Z","timestamp":"2019-04-01 14:25:09"}
{"level":"info","message":"GET /area 2 2019-04-01T06:25:09.325Z","timestamp":"2019-04-01 14:25:09"}
{"level":"info","message":"GET /system/info 17 2019-04-01T06:25:40.111Z","timestamp":"2019-04-01 14:25:40"}
{"level":"info","message":"GET /area 20 2019-04-01T06:25:40.775Z","timestamp":"2019-04-01 14:25:40"}
{"level":"info","message":"GET /system/info 48 2019-04-01T06:27:04.649Z","timestamp":"2019-04-01 14:27:04"}
{"level":"info","message":"GET /area 2 2019-04-01T06:27:04.840Z","timestamp":"2019-04-01 14:27:04"}
{"level":"info","message":"GET /system/info 17 2019-04-01T06:27:22.036Z","timestamp":"2019-04-01 14:27:22"}
{"level":"info","message":"GET /area 1 2019-04-01T06:27:22.321Z","timestamp":"2019-04-01 14:27:22"}
{"level":"info","message":"GET /system/info 37 2019-04-01T06:30:54.613Z","timestamp":"2019-04-01 14:30:54"}
{"level":"info","message":"GET /area 2 2019-04-01T06:30:54.852Z","timestamp":"2019-04-01 14:30:54"}
{"level":"info","message":"GET /area 1 2019-04-01T06:31:02.785Z","timestamp":"2019-04-01 14:31:02"}
{"level":"info","message":"GET /system/info 18 2019-04-01T06:31:11.699Z","timestamp":"2019-04-01 14:31:11"}
{"level":"info","message":"GET /area 2 2019-04-01T06:31:11.986Z","timestamp":"2019-04-01 14:31:11"}
{"level":"info","message":"GET /system/info 28 2019-04-01T06:36:19.188Z","timestamp":"2019-04-01 14:36:19"}
{"level":"info","message":"GET /area 2 2019-04-01T06:36:19.431Z","timestamp":"2019-04-01 14:36:19"}
{"level":"info","message":"GET /area 33 2019-04-01T06:38:13.057Z","timestamp":"2019-04-01 14:38:13"}
{"level":"info","message":"GET /area 1 2019-04-01T06:38:18.309Z","timestamp":"2019-04-01 14:38:18"}
{"level":"info","message":"GET /table/list 124 2019-04-01T07:22:13.282Z","timestamp":"2019-04-01 15:22:13"}
{"level":"info","message":"GET /system/info 24 2019-04-01T07:26:32.293Z","timestamp":"2019-04-01 15:26:32"}
{"level":"info","message":"GET /area 4 2019-04-01T07:26:32.652Z","timestamp":"2019-04-01 15:26:32"}
{"level":"info","message":"GET /area 27 2019-04-01T07:29:57.649Z","timestamp":"2019-04-01 15:29:57"}
{"level":"info","message":"GET /system/info 6 2019-04-01T07:29:59.133Z","timestamp":"2019-04-01 15:29:59"}
{"level":"info","message":"GET /area 1 2019-04-01T07:30:00.050Z","timestamp":"2019-04-01 15:30:00"}
{"level":"info","message":"GET /table/list 5 2019-04-01T07:30:00.064Z","timestamp":"2019-04-01 15:30:00"}
{"level":"info","message":"GET /area 41 2019-04-01T07:30:09.131Z","timestamp":"2019-04-01 15:30:09"}
{"level":"info","message":"GET /table/list 27 2019-04-01T07:30:09.135Z","timestamp":"2019-04-01 15:30:09"}
{"level":"info","message":"GET /area 26 2019-04-01T07:30:17.387Z","timestamp":"2019-04-01 15:30:17"}
{"level":"info","message":"GET /table/list 28 2019-04-01T07:30:17.390Z","timestamp":"2019-04-01 15:30:17"}
{"level":"info","message":"GET /area 70 2019-04-01T07:30:27.582Z","timestamp":"2019-04-01 15:30:27"}
{"level":"info","message":"GET /table/list 48 2019-04-01T07:30:27.599Z","timestamp":"2019-04-01 15:30:27"}
{"level":"info","message":"GET /area 31 2019-04-01T07:30:39.398Z","timestamp":"2019-04-01 15:30:39"}
{"level":"info","message":"GET /table/list 32 2019-04-01T07:30:39.402Z","timestamp":"2019-04-01 15:30:39"}
{"level":"info","message":"GET /system/info 34 2019-04-01T07:31:17.435Z","timestamp":"2019-04-01 15:31:17"}
{"level":"info","message":"GET /area 2 2019-04-01T07:31:18.235Z","timestamp":"2019-04-01 15:31:18"}
{"level":"info","message":"GET /table/list 4 2019-04-01T07:31:18.243Z","timestamp":"2019-04-01 15:31:18"}
{"level":"info","message":"GET /system/info 78 2019-04-01T07:33:54.236Z","timestamp":"2019-04-01 15:33:54"}
{"level":"info","message":"GET /area 3 2019-04-01T07:33:54.910Z","timestamp":"2019-04-01 15:33:54"}
{"level":"info","message":"GET /table/list 5 2019-04-01T07:33:54.920Z","timestamp":"2019-04-01 15:33:54"}
{"level":"info","message":"GET /system/info 121 2019-04-01T07:34:58.833Z","timestamp":"2019-04-01 15:34:58"}
{"level":"info","message":"GET /area 2 2019-04-01T07:34:59.295Z","timestamp":"2019-04-01 15:34:59"}
{"level":"info","message":"GET /table/list 5 2019-04-01T07:34:59.304Z","timestamp":"2019-04-01 15:34:59"}
{"level":"info","message":"GET /system/info 28 2019-04-01T07:38:39.183Z","timestamp":"2019-04-01 15:38:39"}
{"level":"info","message":"GET /area 5 2019-04-01T07:38:39.387Z","timestamp":"2019-04-01 15:38:39"}
{"level":"info","message":"GET /table/list 7 2019-04-01T07:38:39.392Z","timestamp":"2019-04-01 15:38:39"}
{"level":"info","message":"GET /system/info 23 2019-04-01T07:39:26.760Z","timestamp":"2019-04-01 15:39:26"}
{"level":"info","message":"GET /area 5 2019-04-01T07:39:26.942Z","timestamp":"2019-04-01 15:39:26"}
{"level":"info","message":"GET /table/list 6 2019-04-01T07:39:26.945Z","timestamp":"2019-04-01 15:39:26"}
{"level":"info","message":"GET /system/info 22 2019-04-01T07:41:20.220Z","timestamp":"2019-04-01 15:41:20"}
{"level":"info","message":"GET /area 3 2019-04-01T07:41:20.693Z","timestamp":"2019-04-01 15:41:20"}
{"level":"info","message":"GET /table/list 6 2019-04-01T07:41:20.701Z","timestamp":"2019-04-01 15:41:20"}
{"level":"info","message":"GET /system/info 22 2019-04-01T07:42:51.288Z","timestamp":"2019-04-01 15:42:51"}
{"level":"info","message":"GET /area 2 2019-04-01T07:42:52.224Z","timestamp":"2019-04-01 15:42:52"}
{"level":"info","message":"GET /table/list 4 2019-04-01T07:42:52.232Z","timestamp":"2019-04-01 15:42:52"}
{"level":"info","message":"GET /area 34 2019-04-01T07:43:11.332Z","timestamp":"2019-04-01 15:43:11"}
{"level":"info","message":"GET /table/list 35 2019-04-01T07:43:11.336Z","timestamp":"2019-04-01 15:43:11"}
{"level":"info","message":"GET /area 14 2019-04-01T07:43:13.131Z","timestamp":"2019-04-01 15:43:13"}
{"level":"info","message":"GET /table/list 5 2019-04-01T07:43:13.134Z","timestamp":"2019-04-01 15:43:13"}
{"level":"info","message":"GET /area 1 2019-04-01T07:43:14.930Z","timestamp":"2019-04-01 15:43:14"}
{"level":"info","message":"GET /table/list 4 2019-04-01T07:43:14.937Z","timestamp":"2019-04-01 15:43:14"}
{"level":"info","message":"GET /area 1 2019-04-01T07:43:16.671Z","timestamp":"2019-04-01 15:43:16"}
{"level":"info","message":"GET /table/list 4 2019-04-01T07:43:16.677Z","timestamp":"2019-04-01 15:43:16"}
{"level":"info","message":"GET /area 2 2019-04-01T07:43:19.418Z","timestamp":"2019-04-01 15:43:19"}
{"level":"info","message":"GET /table/list 4 2019-04-01T07:43:19.424Z","timestamp":"2019-04-01 15:43:19"}
{"level":"info","message":"GET /area 25 2019-04-01T07:43:21.199Z","timestamp":"2019-04-01 15:43:21"}
{"level":"info","message":"GET /table/list 17 2019-04-01T07:43:21.202Z","timestamp":"2019-04-01 15:43:21"}
{"level":"info","message":"GET /area 1 2019-04-01T07:43:22.716Z","timestamp":"2019-04-01 15:43:22"}
{"level":"info","message":"GET /table/list 4 2019-04-01T07:43:22.723Z","timestamp":"2019-04-01 15:43:22"}
{"level":"info","message":"GET /area 1 2019-04-01T07:43:24.557Z","timestamp":"2019-04-01 15:43:24"}
{"level":"info","message":"GET /table/list 4 2019-04-01T07:43:24.563Z","timestamp":"2019-04-01 15:43:24"}
{"level":"info","message":"GET /area 7 2019-04-01T07:43:26.212Z","timestamp":"2019-04-01 15:43:26"}
{"level":"info","message":"GET /table/list 4 2019-04-01T07:43:26.218Z","timestamp":"2019-04-01 15:43:26"}
{"level":"info","message":"GET /area 2 2019-04-01T07:43:27.793Z","timestamp":"2019-04-01 15:43:27"}
{"level":"info","message":"GET /table/list 4 2019-04-01T07:43:27.800Z","timestamp":"2019-04-01 15:43:27"}
{"level":"info","message":"GET /area 29 2019-04-01T07:43:40.678Z","timestamp":"2019-04-01 15:43:40"}
{"level":"info","message":"GET /table/list 29 2019-04-01T07:43:40.681Z","timestamp":"2019-04-01 15:43:40"}
{"level":"info","message":"GET /area 2 2019-04-01T07:43:42.705Z","timestamp":"2019-04-01 15:43:42"}
{"level":"info","message":"GET /table/list 4 2019-04-01T07:43:42.714Z","timestamp":"2019-04-01 15:43:42"}
{"level":"info","message":"GET /area 1 2019-04-01T07:43:44.973Z","timestamp":"2019-04-01 15:43:44"}
{"level":"info","message":"GET /table/list 5 2019-04-01T07:43:44.982Z","timestamp":"2019-04-01 15:43:44"}
{"level":"info","message":"GET /area 2 2019-04-01T07:43:46.901Z","timestamp":"2019-04-01 15:43:46"}
{"level":"info","message":"GET /table/list 5 2019-04-01T07:43:46.908Z","timestamp":"2019-04-01 15:43:46"}
{"level":"info","message":"GET /area 2 2019-04-01T07:43:49.017Z","timestamp":"2019-04-01 15:43:49"}
{"level":"info","message":"GET /table/list 7 2019-04-01T07:43:49.026Z","timestamp":"2019-04-01 15:43:49"}
{"level":"info","message":"GET /area 2 2019-04-01T07:43:55.050Z","timestamp":"2019-04-01 15:43:55"}
{"level":"info","message":"GET /table/list 4 2019-04-01T07:43:55.056Z","timestamp":"2019-04-01 15:43:55"}
{"level":"info","message":"GET /area 33 2019-04-01T07:44:06.035Z","timestamp":"2019-04-01 15:44:06"}
{"level":"info","message":"GET /table/list 34 2019-04-01T07:44:06.039Z","timestamp":"2019-04-01 15:44:06"}
{"level":"info","message":"GET /area 2 2019-04-01T07:44:10.822Z","timestamp":"2019-04-01 15:44:10"}
{"level":"info","message":"GET /table/list 5 2019-04-01T07:44:10.832Z","timestamp":"2019-04-01 15:44:10"}
{"level":"info","message":"GET /area 35 2019-04-01T07:44:14.157Z","timestamp":"2019-04-01 15:44:14"}
{"level":"info","message":"GET /table/list 34 2019-04-01T07:44:14.160Z","timestamp":"2019-04-01 15:44:14"}
{"level":"info","message":"GET /area 2 2019-04-01T07:44:17.655Z","timestamp":"2019-04-01 15:44:17"}
{"level":"info","message":"GET /table/list 4 2019-04-01T07:44:17.661Z","timestamp":"2019-04-01 15:44:17"}
{"level":"info","message":"GET /area 3 2019-04-01T07:44:24.593Z","timestamp":"2019-04-01 15:44:24"}
{"level":"info","message":"GET /table/list 6 2019-04-01T07:44:24.603Z","timestamp":"2019-04-01 15:44:24"}
{"level":"info","message":"GET /area 1 2019-04-01T07:44:26.606Z","timestamp":"2019-04-01 15:44:26"}
{"level":"info","message":"GET /table/list 4 2019-04-01T07:44:26.613Z","timestamp":"2019-04-01 15:44:26"}
{"level":"info","message":"GET /area 2 2019-04-01T07:44:29.118Z","timestamp":"2019-04-01 15:44:29"}
{"level":"info","message":"GET /table/list 5 2019-04-01T07:44:29.125Z","timestamp":"2019-04-01 15:44:29"}
{"level":"info","message":"GET /area 1 2019-04-01T07:44:32.575Z","timestamp":"2019-04-01 15:44:32"}
{"level":"info","message":"GET /table/list 6 2019-04-01T07:44:32.583Z","timestamp":"2019-04-01 15:44:32"}
{"level":"info","message":"GET /area 2 2019-04-01T07:44:35.016Z","timestamp":"2019-04-01 15:44:35"}
{"level":"info","message":"GET /table/list 4 2019-04-01T07:44:35.023Z","timestamp":"2019-04-01 15:44:35"}
{"level":"info","message":"GET /system/info 25 2019-04-01T07:45:02.292Z","timestamp":"2019-04-01 15:45:02"}
{"level":"info","message":"GET /area 1 2019-04-01T07:45:02.848Z","timestamp":"2019-04-01 15:45:02"}
{"level":"info","message":"GET /table/list 4 2019-04-01T07:45:02.865Z","timestamp":"2019-04-01 15:45:02"}
{"level":"info","message":"GET /area 1 2019-04-01T07:45:04.729Z","timestamp":"2019-04-01 15:45:04"}
{"level":"info","message":"GET /table/list 4 2019-04-01T07:45:04.735Z","timestamp":"2019-04-01 15:45:04"}
{"level":"info","message":"GET /area 2 2019-04-01T07:45:06.226Z","timestamp":"2019-04-01 15:45:06"}
{"level":"info","message":"GET /table/list 6 2019-04-01T07:45:06.236Z","timestamp":"2019-04-01 15:45:06"}
{"level":"info","message":"GET /area 2 2019-04-01T07:45:07.633Z","timestamp":"2019-04-01 15:45:07"}
{"level":"info","message":"GET /table/list 5 2019-04-01T07:45:07.641Z","timestamp":"2019-04-01 15:45:07"}
{"level":"info","message":"GET /area 111 2019-04-01T07:45:09.125Z","timestamp":"2019-04-01 15:45:09"}
{"level":"info","message":"GET /table/list 109 2019-04-01T07:45:09.127Z","timestamp":"2019-04-01 15:45:09"}
{"level":"info","message":"GET /area 2 2019-04-01T07:45:10.281Z","timestamp":"2019-04-01 15:45:10"}
{"level":"info","message":"GET /table/list 6 2019-04-01T07:45:10.291Z","timestamp":"2019-04-01 15:45:10"}
{"level":"info","message":"GET /area 30 2019-04-01T07:45:58.545Z","timestamp":"2019-04-01 15:45:58"}
{"level":"info","message":"GET /table/list 30 2019-04-01T07:45:58.548Z","timestamp":"2019-04-01 15:45:58"}
{"level":"info","message":"GET /area 1 2019-04-01T07:46:00.341Z","timestamp":"2019-04-01 15:46:00"}
{"level":"info","message":"GET /table/list 7 2019-04-01T07:46:00.353Z","timestamp":"2019-04-01 15:46:00"}
{"level":"info","message":"GET /area 2 2019-04-01T07:46:01.518Z","timestamp":"2019-04-01 15:46:01"}
{"level":"info","message":"GET /table/list 3 2019-04-01T07:46:01.527Z","timestamp":"2019-04-01 15:46:01"}
{"level":"info","message":"GET /area 1 2019-04-01T07:46:02.394Z","timestamp":"2019-04-01 15:46:02"}
{"level":"info","message":"GET /table/list 3 2019-04-01T07:46:02.398Z","timestamp":"2019-04-01 15:46:02"}
{"level":"info","message":"GET /area 1 2019-04-01T07:46:04.702Z","timestamp":"2019-04-01 15:46:04"}
{"level":"info","message":"GET /table/list 4 2019-04-01T07:46:04.707Z","timestamp":"2019-04-01 15:46:04"}
{"level":"info","message":"GET /area 29 2019-04-01T07:46:05.472Z","timestamp":"2019-04-01 15:46:05"}
{"level":"info","message":"GET /table/list 30 2019-04-01T07:46:05.477Z","timestamp":"2019-04-01 15:46:05"}
{"level":"info","message":"GET /area 1 2019-04-01T07:46:06.139Z","timestamp":"2019-04-01 15:46:06"}
{"level":"info","message":"GET /table/list 3 2019-04-01T07:46:06.144Z","timestamp":"2019-04-01 15:46:06"}
{"level":"info","message":"GET /area 2 2019-04-01T07:46:06.921Z","timestamp":"2019-04-01 15:46:06"}
{"level":"info","message":"GET /table/list 3 2019-04-01T07:46:06.926Z","timestamp":"2019-04-01 15:46:06"}
{"level":"info","message":"GET /area 1 2019-04-01T07:46:08.191Z","timestamp":"2019-04-01 15:46:08"}
{"level":"info","message":"GET /table/list 4 2019-04-01T07:46:08.197Z","timestamp":"2019-04-01 15:46:08"}
{"level":"info","message":"GET /area 2 2019-04-01T07:46:13.746Z","timestamp":"2019-04-01 15:46:13"}
{"level":"info","message":"GET /table/list 3 2019-04-01T07:46:13.751Z","timestamp":"2019-04-01 15:46:13"}
{"level":"info","message":"GET /system/info 77 2019-04-01T07:53:53.323Z","timestamp":"2019-04-01 15:53:53"}
{"level":"info","message":"GET /area 2 2019-04-01T07:53:53.611Z","timestamp":"2019-04-01 15:53:53"}
{"level":"info","message":"GET /table/list 5 2019-04-01T07:53:53.618Z","timestamp":"2019-04-01 15:53:53"}
{"level":"info","message":"GET /system/info 25 2019-04-01T07:56:40.014Z","timestamp":"2019-04-01 15:56:40"}
{"level":"info","message":"GET /area 2 2019-04-01T07:56:40.524Z","timestamp":"2019-04-01 15:56:40"}
{"level":"info","message":"GET /table/list 6 2019-04-01T07:56:40.533Z","timestamp":"2019-04-01 15:56:40"}
{"level":"info","message":"GET /system/info 32 2019-04-01T07:59:14.707Z","timestamp":"2019-04-01 15:59:14"}
{"level":"info","message":"GET /area 1 2019-04-01T07:59:15.079Z","timestamp":"2019-04-01 15:59:15"}
{"level":"info","message":"GET /table/list 4 2019-04-01T07:59:15.087Z","timestamp":"2019-04-01 15:59:15"}
{"level":"info","message":"GET /system/info 25 2019-04-01T07:59:48.402Z","timestamp":"2019-04-01 15:59:48"}
{"level":"info","message":"GET /area 6 2019-04-01T07:59:48.702Z","timestamp":"2019-04-01 15:59:48"}
{"level":"info","message":"GET /table/list 5 2019-04-01T07:59:48.705Z","timestamp":"2019-04-01 15:59:48"}
{"level":"info","message":"GET /system/info 27 2019-04-01T08:01:22.589Z","timestamp":"2019-04-01 16:01:22"}
{"level":"info","message":"GET /area 3 2019-04-01T08:01:22.903Z","timestamp":"2019-04-01 16:01:22"}
{"level":"info","message":"GET /table/list 6 2019-04-01T08:01:22.915Z","timestamp":"2019-04-01 16:01:22"}
{"level":"info","message":"GET /system/info 29 2019-04-01T08:04:30.551Z","timestamp":"2019-04-01 16:04:30"}
{"level":"info","message":"GET /area 2 2019-04-01T08:04:30.911Z","timestamp":"2019-04-01 16:04:30"}
{"level":"info","message":"GET /table/list 5 2019-04-01T08:04:30.918Z","timestamp":"2019-04-01 16:04:30"}
{"level":"info","message":"GET /system/info 3 2019-04-01T08:04:33.576Z","timestamp":"2019-04-01 16:04:33"}
{"level":"info","message":"GET /area 5 2019-04-01T08:04:33.948Z","timestamp":"2019-04-01 16:04:33"}
{"level":"info","message":"GET /table/list 6 2019-04-01T08:04:33.953Z","timestamp":"2019-04-01 16:04:33"}
{"level":"info","message":"GET /system/info 77 2019-04-01T08:04:41.664Z","timestamp":"2019-04-01 16:04:41"}
{"level":"info","message":"GET /area 5 2019-04-01T08:04:41.882Z","timestamp":"2019-04-01 16:04:41"}
{"level":"info","message":"GET /table/list 6 2019-04-01T08:04:41.886Z","timestamp":"2019-04-01 16:04:41"}
{"level":"info","message":"GET /system/info 5 2019-04-01T08:04:44.680Z","timestamp":"2019-04-01 16:04:44"}
{"level":"info","message":"GET /area 1 2019-04-01T08:04:45.142Z","timestamp":"2019-04-01 16:04:45"}
{"level":"info","message":"GET /table/list 7 2019-04-01T08:04:45.151Z","timestamp":"2019-04-01 16:04:45"}
{"level":"info","message":"GET /area 25 2019-04-01T08:07:38.933Z","timestamp":"2019-04-01 16:07:38"}
{"level":"info","message":"GET /table/list 28 2019-04-01T08:07:38.939Z","timestamp":"2019-04-01 16:07:38"}
{"level":"info","message":"GET /area 4 2019-04-01T08:07:39.096Z","timestamp":"2019-04-01 16:07:39"}
{"level":"info","message":"GET /table/list 6 2019-04-01T08:07:39.100Z","timestamp":"2019-04-01 16:07:39"}
{"level":"info","message":"GET /user/normal/list 33 2019-04-01T08:12:55.934Z","timestamp":"2019-04-01 16:12:55"}
{"level":"info","message":"POST /user/login 100 2019-04-01T08:13:00.301Z","timestamp":"2019-04-01 16:13:00"}
{"level":"info","message":"GET /system/info 7 2019-04-01T08:13:00.333Z","timestamp":"2019-04-01 16:13:00"}
{"level":"info","message":"GET /area 3 2019-04-01T08:13:00.564Z","timestamp":"2019-04-01 16:13:00"}
{"level":"info","message":"GET /table/list 5 2019-04-01T08:13:00.575Z","timestamp":"2019-04-01 16:13:00"}
{"level":"info","message":"GET /area 1 2019-04-01T08:13:00.866Z","timestamp":"2019-04-01 16:13:00"}
{"level":"info","message":"GET /table/list 4 2019-04-01T08:13:00.872Z","timestamp":"2019-04-01 16:13:00"}
{"level":"info","message":"GET /user/normal/list 2 2019-04-01T08:13:06.689Z","timestamp":"2019-04-01 16:13:06"}
{"level":"info","message":"POST /user/login 64 2019-04-01T08:13:11.576Z","timestamp":"2019-04-01 16:13:11"}
{"level":"info","message":"GET /system/info 4 2019-04-01T08:13:11.608Z","timestamp":"2019-04-01 16:13:11"}
{"level":"info","message":"GET /area 2 2019-04-01T08:13:11.803Z","timestamp":"2019-04-01 16:13:11"}
{"level":"info","message":"GET /table/list 5 2019-04-01T08:13:11.810Z","timestamp":"2019-04-01 16:13:11"}
{"level":"info","message":"GET /area 1 2019-04-01T08:13:12.119Z","timestamp":"2019-04-01 16:13:12"}
{"level":"info","message":"GET /table/list 8 2019-04-01T08:13:12.129Z","timestamp":"2019-04-01 16:13:12"}
{"level":"info","message":"GET /user/normal/list 2 2019-04-01T08:13:57.550Z","timestamp":"2019-04-01 16:13:57"}
{"level":"info","message":"POST /user/login 71 2019-04-01T08:14:03.221Z","timestamp":"2019-04-01 16:14:03"}
{"level":"info","message":"GET /system/info 4 2019-04-01T08:14:03.250Z","timestamp":"2019-04-01 16:14:03"}
{"level":"info","message":"GET /area 1 2019-04-01T08:14:03.480Z","timestamp":"2019-04-01 16:14:03"}
{"level":"info","message":"GET /table/list 5 2019-04-01T08:14:03.490Z","timestamp":"2019-04-01 16:14:03"}
{"level":"info","message":"GET /area 1 2019-04-01T08:14:03.736Z","timestamp":"2019-04-01 16:14:03"}
{"level":"info","message":"GET /table/list 5 2019-04-01T08:14:03.743Z","timestamp":"2019-04-01 16:14:03"}
{"level":"info","message":"GET /area 5 2019-04-01T08:16:13.103Z","timestamp":"2019-04-01 16:16:13"}
{"level":"info","message":"GET /table/list 6 2019-04-01T08:16:13.112Z","timestamp":"2019-04-01 16:16:13"}
{"level":"info","message":"GET /area 2 2019-04-01T08:16:13.231Z","timestamp":"2019-04-01 16:16:13"}
{"level":"info","message":"GET /table/list 4 2019-04-01T08:16:13.237Z","timestamp":"2019-04-01 16:16:13"}
{"level":"info","message":"GET /area 1 2019-04-01T08:16:16.294Z","timestamp":"2019-04-01 16:16:16"}
{"level":"info","message":"GET /table/list 5 2019-04-01T08:16:16.301Z","timestamp":"2019-04-01 16:16:16"}
{"level":"info","message":"GET /area 1 2019-04-01T08:16:16.430Z","timestamp":"2019-04-01 16:16:16"}
{"level":"info","message":"GET /table/list 8 2019-04-01T08:16:16.441Z","timestamp":"2019-04-01 16:16:16"}
{"level":"info","message":"GET /area 2 2019-04-01T08:16:18.273Z","timestamp":"2019-04-01 16:16:18"}
{"level":"info","message":"GET /table/list 4 2019-04-01T08:16:18.279Z","timestamp":"2019-04-01 16:16:18"}
{"level":"info","message":"GET /area 2 2019-04-01T08:16:18.408Z","timestamp":"2019-04-01 16:16:18"}
{"level":"info","message":"GET /table/list 5 2019-04-01T08:16:18.417Z","timestamp":"2019-04-01 16:16:18"}
{"level":"info","message":"GET /table/list 4 2019-04-01T08:16:20.661Z","timestamp":"2019-04-01 16:16:20"}
{"level":"info","message":"GET /area 5 2019-04-01T08:16:26.680Z","timestamp":"2019-04-01 16:16:26"}
{"level":"info","message":"GET /table/list 5 2019-04-01T08:16:26.683Z","timestamp":"2019-04-01 16:16:26"}
{"level":"info","message":"GET /area 1 2019-04-01T08:16:26.843Z","timestamp":"2019-04-01 16:16:26"}
{"level":"info","message":"GET /table/list 5 2019-04-01T08:16:26.850Z","timestamp":"2019-04-01 16:16:26"}
{"level":"info","message":"GET /area 1 2019-04-01T08:16:28.217Z","timestamp":"2019-04-01 16:16:28"}
{"level":"info","message":"GET /table/list 8 2019-04-01T08:16:28.228Z","timestamp":"2019-04-01 16:16:28"}
{"level":"info","message":"GET /area 2 2019-04-01T08:16:28.355Z","timestamp":"2019-04-01 16:16:28"}
{"level":"info","message":"GET /table/list 5 2019-04-01T08:16:28.367Z","timestamp":"2019-04-01 16:16:28"}
{"level":"info","message":"GET /area 1 2019-04-01T08:16:29.510Z","timestamp":"2019-04-01 16:16:29"}
{"level":"info","message":"GET /table/list 5 2019-04-01T08:16:29.517Z","timestamp":"2019-04-01 16:16:29"}
{"level":"info","message":"GET /area 2 2019-04-01T08:16:29.642Z","timestamp":"2019-04-01 16:16:29"}
{"level":"info","message":"GET /table/list 6 2019-04-01T08:16:29.651Z","timestamp":"2019-04-01 16:16:29"}
{"level":"info","message":"GET /area 2 2019-04-01T08:16:31.109Z","timestamp":"2019-04-01 16:16:31"}
{"level":"info","message":"GET /table/list 4 2019-04-01T08:16:31.115Z","timestamp":"2019-04-01 16:16:31"}
{"level":"info","message":"GET /area 1 2019-04-01T08:16:31.231Z","timestamp":"2019-04-01 16:16:31"}
{"level":"info","message":"GET /table/list 4 2019-04-01T08:16:31.237Z","timestamp":"2019-04-01 16:16:31"}
{"level":"info","message":"GET /area 2 2019-04-01T08:16:32.076Z","timestamp":"2019-04-01 16:16:32"}
{"level":"info","message":"GET /table/list 5 2019-04-01T08:16:32.084Z","timestamp":"2019-04-01 16:16:32"}
{"level":"info","message":"GET /area 2 2019-04-01T08:16:32.185Z","timestamp":"2019-04-01 16:16:32"}
{"level":"info","message":"GET /table/list 5 2019-04-01T08:16:32.192Z","timestamp":"2019-04-01 16:16:32"}
{"level":"info","message":"GET /area 2 2019-04-01T08:16:55.841Z","timestamp":"2019-04-01 16:16:55"}
{"level":"info","message":"GET /table/list 4 2019-04-01T08:16:55.849Z","timestamp":"2019-04-01 16:16:55"}
{"level":"info","message":"GET /area 1 2019-04-01T08:16:55.976Z","timestamp":"2019-04-01 16:16:55"}
{"level":"info","message":"GET /table/list 4 2019-04-01T08:16:55.982Z","timestamp":"2019-04-01 16:16:55"}
{"level":"info","message":"GET /area 2 2019-04-01T08:16:57.132Z","timestamp":"2019-04-01 16:16:57"}
{"level":"info","message":"GET /table/list 6 2019-04-01T08:16:57.143Z","timestamp":"2019-04-01 16:16:57"}
{"level":"info","message":"GET /area 2 2019-04-01T08:16:57.267Z","timestamp":"2019-04-01 16:16:57"}
{"level":"info","message":"GET /table/list 4 2019-04-01T08:16:57.272Z","timestamp":"2019-04-01 16:16:57"}
{"level":"info","message":"GET /area 1 2019-04-01T08:16:58.251Z","timestamp":"2019-04-01 16:16:58"}
{"level":"info","message":"GET /table/list 5 2019-04-01T08:16:58.262Z","timestamp":"2019-04-01 16:16:58"}
{"level":"info","message":"GET /area 4 2019-04-01T08:16:58.389Z","timestamp":"2019-04-01 16:16:58"}
{"level":"info","message":"GET /table/list 6 2019-04-01T08:16:58.392Z","timestamp":"2019-04-01 16:16:58"}
{"level":"info","message":"GET /system/info 66 2019-04-01T08:18:01.609Z","timestamp":"2019-04-01 16:18:01"}
{"level":"info","message":"GET /area 2 2019-04-01T08:18:02.119Z","timestamp":"2019-04-01 16:18:02"}
{"level":"info","message":"GET /table/list 4 2019-04-01T08:18:02.131Z","timestamp":"2019-04-01 16:18:02"}
{"level":"info","message":"GET /area 4 2019-04-01T08:18:08.765Z","timestamp":"2019-04-01 16:18:08"}
{"level":"info","message":"GET /table/list 7 2019-04-01T08:18:08.769Z","timestamp":"2019-04-01 16:18:08"}
{"level":"info","message":"GET /area 1 2019-04-01T08:18:08.905Z","timestamp":"2019-04-01 16:18:08"}
{"level":"info","message":"GET /table/list 4 2019-04-01T08:18:08.911Z","timestamp":"2019-04-01 16:18:08"}
{"level":"info","message":"GET /area 1 2019-04-01T08:18:10.075Z","timestamp":"2019-04-01 16:18:10"}
{"level":"info","message":"GET /table/list 8 2019-04-01T08:18:10.089Z","timestamp":"2019-04-01 16:18:10"}
{"level":"info","message":"GET /area 1 2019-04-01T08:18:10.239Z","timestamp":"2019-04-01 16:18:10"}
{"level":"info","message":"GET /table/list 7 2019-04-01T08:18:10.251Z","timestamp":"2019-04-01 16:18:10"}
{"level":"info","message":"GET /area 1 2019-04-01T08:18:11.010Z","timestamp":"2019-04-01 16:18:11"}
{"level":"info","message":"GET /table/list 5 2019-04-01T08:18:11.017Z","timestamp":"2019-04-01 16:18:11"}
{"level":"info","message":"GET /area 1 2019-04-01T08:18:11.192Z","timestamp":"2019-04-01 16:18:11"}
{"level":"info","message":"GET /table/list 3 2019-04-01T08:18:11.197Z","timestamp":"2019-04-01 16:18:11"}
{"level":"info","message":"GET /table/list 3 2019-04-01T08:18:11.846Z","timestamp":"2019-04-01 16:18:11"}
{"level":"info","message":"GET /area 2 2019-04-01T08:18:12.842Z","timestamp":"2019-04-01 16:18:12"}
{"level":"info","message":"GET /table/list 4 2019-04-01T08:18:12.847Z","timestamp":"2019-04-01 16:18:12"}
{"level":"info","message":"GET /area 1 2019-04-01T08:18:12.996Z","timestamp":"2019-04-01 16:18:12"}
{"level":"info","message":"GET /table/list 4 2019-04-01T08:18:13.004Z","timestamp":"2019-04-01 16:18:13"}
{"level":"info","message":"GET /area 1 2019-04-01T08:18:13.867Z","timestamp":"2019-04-01 16:18:13"}
{"level":"info","message":"GET /table/list 4 2019-04-01T08:18:13.881Z","timestamp":"2019-04-01 16:18:13"}
{"level":"info","message":"GET /area 2 2019-04-01T08:18:13.997Z","timestamp":"2019-04-01 16:18:13"}
{"level":"info","message":"GET /table/list 3 2019-04-01T08:18:14.001Z","timestamp":"2019-04-01 16:18:14"}
{"level":"info","message":"GET /area 1 2019-04-01T08:18:14.849Z","timestamp":"2019-04-01 16:18:14"}
{"level":"info","message":"GET /table/list 6 2019-04-01T08:18:14.860Z","timestamp":"2019-04-01 16:18:14"}
{"level":"info","message":"GET /area 2 2019-04-01T08:18:15.019Z","timestamp":"2019-04-01 16:18:15"}
{"level":"info","message":"GET /table/list 3 2019-04-01T08:18:15.024Z","timestamp":"2019-04-01 16:18:15"}
{"level":"info","message":"GET /table/list 2 2019-04-01T08:18:15.927Z","timestamp":"2019-04-01 16:18:15"}
{"level":"info","message":"GET /area 6 2019-04-01T08:25:50.202Z","timestamp":"2019-04-01 16:25:50"}
{"level":"info","message":"GET /table/list 8 2019-04-01T08:25:50.208Z","timestamp":"2019-04-01 16:25:50"}
{"level":"info","message":"GET /area 2 2019-04-01T08:25:52.963Z","timestamp":"2019-04-01 16:25:52"}
{"level":"info","message":"GET /table/list 4 2019-04-01T08:25:52.969Z","timestamp":"2019-04-01 16:25:52"}
{"level":"info","message":"GET /area 3 2019-04-01T08:25:53.085Z","timestamp":"2019-04-01 16:25:53"}
{"level":"info","message":"GET /table/list 6 2019-04-01T08:25:53.092Z","timestamp":"2019-04-01 16:25:53"}
{"level":"info","message":"GET /table/list 3 2019-04-01T08:25:55.523Z","timestamp":"2019-04-01 16:25:55"}
{"level":"info","message":"GET /table/list 3 2019-04-01T08:25:57.314Z","timestamp":"2019-04-01 16:25:57"}
{"level":"info","message":"GET /table/list 5 2019-04-01T08:26:09.549Z","timestamp":"2019-04-01 16:26:09"}
{"level":"info","message":"GET /table/list 3 2019-04-01T08:26:10.283Z","timestamp":"2019-04-01 16:26:10"}
{"level":"info","message":"GET /area 1 2019-04-01T08:26:11.105Z","timestamp":"2019-04-01 16:26:11"}
{"level":"info","message":"GET /table/list 4 2019-04-01T08:26:11.114Z","timestamp":"2019-04-01 16:26:11"}
{"level":"info","message":"GET /area 1 2019-04-01T08:26:11.236Z","timestamp":"2019-04-01 16:26:11"}
{"level":"info","message":"GET /table/list 4 2019-04-01T08:26:11.242Z","timestamp":"2019-04-01 16:26:11"}
{"level":"info","message":"GET /table/list 2 2019-04-01T08:26:12.186Z","timestamp":"2019-04-01 16:26:12"}
{"level":"info","message":"GET /table/list 6 2019-04-01T08:26:15.982Z","timestamp":"2019-04-01 16:26:15"}
{"level":"info","message":"GET /area 4 2019-04-01T08:26:21.680Z","timestamp":"2019-04-01 16:26:21"}
{"level":"info","message":"GET /table/list 8 2019-04-01T08:26:21.686Z","timestamp":"2019-04-01 16:26:21"}
{"level":"info","message":"GET /area 1 2019-04-01T08:26:21.789Z","timestamp":"2019-04-01 16:26:21"}
{"level":"info","message":"GET /table/list 4 2019-04-01T08:26:21.795Z","timestamp":"2019-04-01 16:26:21"}
{"level":"info","message":"GET /table/list 5 2019-04-01T08:26:24.381Z","timestamp":"2019-04-01 16:26:24"}
{"level":"info","message":"GET /table/list 3 2019-04-01T08:26:24.890Z","timestamp":"2019-04-01 16:26:24"}
{"level":"info","message":"GET /table/list 3 2019-04-01T08:26:25.618Z","timestamp":"2019-04-01 16:26:25"}
{"level":"info","message":"GET /area 26 2019-04-01T08:49:15.854Z","timestamp":"2019-04-01 16:49:15"}
{"level":"info","message":"GET /table/list 20 2019-04-01T08:49:15.870Z","timestamp":"2019-04-01 16:49:15"}
{"level":"info","message":"GET /system/info 12 2019-04-01T09:46:56.403Z","timestamp":"2019-04-01 17:46:56"}
{"level":"info","message":"GET /area 3 2019-04-01T09:46:56.793Z","timestamp":"2019-04-01 17:46:56"}
{"level":"info","message":"GET /table/list 5 2019-04-01T09:46:56.799Z","timestamp":"2019-04-01 17:46:56"}
{"level":"info","message":"GET /system/info 13 2019-04-01T09:49:13.020Z","timestamp":"2019-04-01 17:49:13"}
{"level":"info","message":"GET /area 3 2019-04-01T09:49:13.150Z","timestamp":"2019-04-01 17:49:13"}
{"level":"info","message":"GET /table/list 4 2019-04-01T09:49:13.155Z","timestamp":"2019-04-01 17:49:13"}
{"level":"info","message":"GET /system/info 3 2019-04-01T09:49:24.909Z","timestamp":"2019-04-01 17:49:24"}
{"level":"info","message":"GET /area 1 2019-04-01T09:49:25.313Z","timestamp":"2019-04-01 17:49:25"}
{"level":"info","message":"GET /table/list 7 2019-04-01T09:49:25.325Z","timestamp":"2019-04-01 17:49:25"}
{"level":"info","message":"GET /area 2 2019-04-01T09:49:26.207Z","timestamp":"2019-04-01 17:49:26"}
{"level":"info","message":"GET /table/list 4 2019-04-01T09:49:26.213Z","timestamp":"2019-04-01 17:49:26"}
{"level":"info","message":"GET /area 1 2019-04-01T09:49:26.850Z","timestamp":"2019-04-01 17:49:26"}
{"level":"info","message":"GET /table/list 3 2019-04-01T09:49:26.855Z","timestamp":"2019-04-01 17:49:26"}
{"level":"info","message":"GET /system/info 4 2019-04-01T09:49:51.180Z","timestamp":"2019-04-01 17:49:51"}
{"level":"info","message":"GET /area 2 2019-04-01T09:49:51.571Z","timestamp":"2019-04-01 17:49:51"}
{"level":"info","message":"GET /table/list 4 2019-04-01T09:49:51.577Z","timestamp":"2019-04-01 17:49:51"}
{"level":"info","message":"POST /bindTable 198 2019-04-01T09:49:53.583Z","timestamp":"2019-04-01 17:49:53"}
{"level":"info","message":"GET /area 23 2019-04-01T09:52:14.995Z","timestamp":"2019-04-01 17:52:14"}
{"level":"info","message":"GET /table/list 41 2019-04-01T09:52:15.044Z","timestamp":"2019-04-01 17:52:15"}
{"level":"info","message":"GET /system/info 6 2019-04-01T09:52:15.913Z","timestamp":"2019-04-01 17:52:15"}
{"level":"info","message":"GET /area 2 2019-04-01T09:52:16.488Z","timestamp":"2019-04-01 17:52:16"}
{"level":"info","message":"GET /table/list 4 2019-04-01T09:52:16.500Z","timestamp":"2019-04-01 17:52:16"}
{"level":"info","message":"GET /area 4 2019-04-01T09:52:17.192Z","timestamp":"2019-04-01 17:52:17"}
{"level":"info","message":"GET /table/list 6 2019-04-01T09:52:17.195Z","timestamp":"2019-04-01 17:52:17"}
{"level":"info","message":"GET /area 2 2019-04-01T09:52:22.624Z","timestamp":"2019-04-01 17:52:22"}
{"level":"info","message":"GET /table/list 4 2019-04-01T09:52:22.632Z","timestamp":"2019-04-01 17:52:22"}
{"level":"info","message":"GET /area 2 2019-04-01T09:52:26.592Z","timestamp":"2019-04-01 17:52:26"}
{"level":"info","message":"GET /table/list 4 2019-04-01T09:52:26.602Z","timestamp":"2019-04-01 17:52:26"}
{"level":"info","message":"GET /area 3 2019-04-01T09:52:32.333Z","timestamp":"2019-04-01 17:52:32"}
{"level":"info","message":"GET /table/list 5 2019-04-01T09:52:32.336Z","timestamp":"2019-04-01 17:52:32"}
{"level":"info","message":"GET /area 1 2019-04-01T09:52:33.432Z","timestamp":"2019-04-01 17:52:33"}
{"level":"info","message":"GET /table/list 5 2019-04-01T09:52:33.438Z","timestamp":"2019-04-01 17:52:33"}
{"level":"info","message":"GET /area 5 2019-04-01T09:54:35.141Z","timestamp":"2019-04-01 17:54:35"}
{"level":"info","message":"GET /table/list 3 2019-04-01T09:54:35.147Z","timestamp":"2019-04-01 17:54:35"}
{"level":"info","message":"GET /area 2 2019-04-01T09:54:39.228Z","timestamp":"2019-04-01 17:54:39"}
{"level":"info","message":"GET /table/list 3 2019-04-01T09:54:39.232Z","timestamp":"2019-04-01 17:54:39"}
{"level":"info","message":"GET /system/info 10 2019-04-01T09:55:20.748Z","timestamp":"2019-04-01 17:55:20"}
{"level":"info","message":"GET /area 2 2019-04-01T09:55:21.060Z","timestamp":"2019-04-01 17:55:21"}
{"level":"info","message":"GET /table/list 5 2019-04-01T09:55:21.070Z","timestamp":"2019-04-01 17:55:21"}
{"level":"info","message":"GET /system/info 8 2019-04-01T09:55:55.411Z","timestamp":"2019-04-01 17:55:55"}
{"level":"info","message":"GET /area 4 2019-04-01T09:55:55.807Z","timestamp":"2019-04-01 17:55:55"}
{"level":"info","message":"GET /table/list 5 2019-04-01T09:55:55.811Z","timestamp":"2019-04-01 17:55:55"}
{"level":"info","message":"GET /area 1 2019-04-01T09:55:57.895Z","timestamp":"2019-04-01 17:55:57"}
{"level":"info","message":"GET /table/list 4 2019-04-01T09:55:57.901Z","timestamp":"2019-04-01 17:55:57"}
{"level":"info","message":"GET /area 1 2019-04-01T09:55:58.615Z","timestamp":"2019-04-01 17:55:58"}
{"level":"info","message":"GET /table/list 5 2019-04-01T09:55:58.622Z","timestamp":"2019-04-01 17:55:58"}
{"level":"info","message":"GET /area 5 2019-04-01T09:56:08.328Z","timestamp":"2019-04-01 17:56:08"}
{"level":"info","message":"GET /table/list 5 2019-04-01T09:56:08.331Z","timestamp":"2019-04-01 17:56:08"}
{"level":"info","message":"GET /area 2 2019-04-01T09:56:09.681Z","timestamp":"2019-04-01 17:56:09"}
{"level":"info","message":"GET /table/list 5 2019-04-01T09:56:09.688Z","timestamp":"2019-04-01 17:56:09"}
{"level":"info","message":"GET /area 2 2019-04-01T09:56:10.564Z","timestamp":"2019-04-01 17:56:10"}
{"level":"info","message":"GET /table/list 4 2019-04-01T09:56:10.570Z","timestamp":"2019-04-01 17:56:10"}
