{"level":"info","message":"mqtt成功连接到：ws://test.emq.restoplus.cn:8083/mqtt","timestamp":"2019-04-26 10:23:38"}
{"level":"info","message":"订阅成功--$queue/winPos/+/2f83afee7a0e4822a6729145dd53af33/d2ff1bbb8c6f4fd8adb3949f76f8c1b6/+/+/+","timestamp":"2019-04-26 10:23:38"}
{"level":"info","message":"允许接收的平台=>posAdmin-dev,resto-dev","timestamp":"2019-04-26 10:23:38"}
{"level":"info","message":"GET /system/info 140 2019-04-26 10:27:21","timestamp":"2019-04-26 10:27:21"}
{"level":"info","message":"GET /order/discount_info 84 2019-04-26 10:27:22","timestamp":"2019-04-26 10:27:22"}
{"level":"info","message":"GET /order/detail 112 2019-04-26 10:27:22","timestamp":"2019-04-26 10:27:22"}
{"level":"info","message":"GET /order/detail 15 2019-04-26 10:27:22","timestamp":"2019-04-26 10:27:22"}
{"level":"info","message":"GET /order/order_items 10 2019-04-26 10:27:22","timestamp":"2019-04-26 10:27:22"}
{"level":"error","message":"==mqtt==close==你已断开连接,异常退出","timestamp":"2019-04-26 11:10:02"}
{"level":"error","message":"==mqtt==reconnect==正在尝试重新连接","timestamp":"2019-04-26 11:10:17"}
{"level":"info","message":"mqtt成功连接到：ws://test.emq.restoplus.cn:8083/mqtt","timestamp":"2019-04-26 11:10:17"}
{"level":"info","message":"订阅成功--$queue/winPos/+/2f83afee7a0e4822a6729145dd53af33/d2ff1bbb8c6f4fd8adb3949f76f8c1b6/+/+/+","timestamp":"2019-04-26 11:10:17"}
{"level":"info","message":"允许接收的平台=>posAdmin-dev,resto-dev","timestamp":"2019-04-26 11:10:17"}
{"level":"info","message":"GET /order/order_state_count 78 2019-04-26 11:24:56","timestamp":"2019-04-26 11:24:56"}
{"level":"info","message":"GET /table/list 112 2019-04-26 11:24:56","timestamp":"2019-04-26 11:24:56"}
{"level":"info","message":"GET /area 121 2019-04-26 11:24:56","timestamp":"2019-04-26 11:24:56"}
{"level":"info","message":"GET /order/detail 7 2019-04-26 11:24:58","timestamp":"2019-04-26 11:24:58"}
{"level":"info","message":"GET /order/get_order_test 24 2019-04-26 11:24:59","timestamp":"2019-04-26 11:24:59"}
{"level":"info","message":"GET /order/detail 7 2019-04-26 11:25:01","timestamp":"2019-04-26 11:25:01"}
{"level":"info","message":"GET /article/family_list 34 2019-04-26 11:25:01","timestamp":"2019-04-26 11:25:01"}
{"level":"info","message":"GET /article/article_list 98 2019-04-26 11:25:01","timestamp":"2019-04-26 11:25:01"}
{"level":"info","message":"GET /order/order_state_count 10 2019-04-26 11:25:09","timestamp":"2019-04-26 11:25:09"}
{"level":"info","message":"GET /area 10 2019-04-26 11:25:09","timestamp":"2019-04-26 11:25:09"}
{"level":"info","message":"GET /table/list 12 2019-04-26 11:25:09","timestamp":"2019-04-26 11:25:09"}
{"level":"info","message":"GET /order/detail 25 2019-04-26 11:25:09","timestamp":"2019-04-26 11:25:09"}
{"level":"info","message":"GET /order/get_order_test 4 2019-04-26 11:25:10","timestamp":"2019-04-26 11:25:10"}
{"level":"info","message":"GET /article/family_list 2 2019-04-26 11:25:11","timestamp":"2019-04-26 11:25:11"}
{"level":"info","message":"GET /order/detail 6 2019-04-26 11:25:11","timestamp":"2019-04-26 11:25:11"}
{"level":"info","message":"GET /article/article_list 14 2019-04-26 11:25:11","timestamp":"2019-04-26 11:25:11"}
{"level":"info","message":"GET /order/order_state_count 6 2019-04-26 11:25:15","timestamp":"2019-04-26 11:25:15"}
{"level":"info","message":"GET /area 4 2019-04-26 11:25:15","timestamp":"2019-04-26 11:25:15"}
{"level":"info","message":"GET /table/list 7 2019-04-26 11:25:15","timestamp":"2019-04-26 11:25:15"}
{"level":"info","message":"GET /order/detail 17 2019-04-26 11:25:15","timestamp":"2019-04-26 11:25:15"}
{"level":"info","message":"GET /order/get_order_test 5 2019-04-26 11:25:16","timestamp":"2019-04-26 11:25:16"}
{"level":"error","message":"==mqtt==close==你已断开连接,异常退出","timestamp":"2019-04-26 13:44:26"}
{"level":"error","message":"==mqtt==reconnect==正在尝试重新连接","timestamp":"2019-04-26 13:44:41"}
{"level":"info","message":"mqtt成功连接到：ws://test.emq.restoplus.cn:8083/mqtt","timestamp":"2019-04-26 13:44:41"}
{"level":"info","message":"订阅成功--$queue/winPos/+/2f83afee7a0e4822a6729145dd53af33/d2ff1bbb8c6f4fd8adb3949f76f8c1b6/+/+/+","timestamp":"2019-04-26 13:44:41"}
{"level":"info","message":"允许接收的平台=>posAdmin-dev,resto-dev","timestamp":"2019-04-26 13:44:41"}
{"level":"info","message":"GET /article/family_list 3 2019-04-26 14:05:41","timestamp":"2019-04-26 14:05:41"}
{"level":"info","message":"GET /order/detail 8 2019-04-26 14:05:41","timestamp":"2019-04-26 14:05:41"}
{"level":"info","message":"GET /article/article_list 17 2019-04-26 14:05:41","timestamp":"2019-04-26 14:05:41"}
{"level":"info","message":"GET /article/article_list 10 2019-04-26 14:05:42","timestamp":"2019-04-26 14:05:42"}
{"level":"info","message":"GET /article/article_list 13 2019-04-26 14:05:44","timestamp":"2019-04-26 14:05:44"}
{"level":"info","message":"GET /article/article_list 9 2019-04-26 14:05:46","timestamp":"2019-04-26 14:05:46"}
{"level":"info","message":"GET /article/article_list 11 2019-04-26 14:05:47","timestamp":"2019-04-26 14:05:47"}
{"level":"info","message":"GET /article/article_list 11 2019-04-26 14:05:50","timestamp":"2019-04-26 14:05:50"}
{"level":"info","message":"GET /article/meal_item 50 2019-04-26 14:05:51","timestamp":"2019-04-26 14:05:51"}
{"level":"info","message":"GET /article/article_list 14 2019-04-26 14:05:55","timestamp":"2019-04-26 14:05:55"}
{"level":"info","message":"GET /article/article_list 13 2019-04-26 14:05:57","timestamp":"2019-04-26 14:05:57"}
{"level":"info","message":"GET /article/article_list 8 2019-04-26 14:05:59","timestamp":"2019-04-26 14:05:59"}
{"level":"info","message":"GET /article/article_list 7 2019-04-26 14:06:01","timestamp":"2019-04-26 14:06:01"}
{"level":"info","message":"GET /article/article_list 8 2019-04-26 14:06:02","timestamp":"2019-04-26 14:06:02"}
{"level":"info","message":"GET /article/family_list 8 2019-04-26 14:11:15","timestamp":"2019-04-26 14:11:15"}
{"level":"info","message":"GET /order/detail 32 2019-04-26 14:11:15","timestamp":"2019-04-26 14:11:15"}
{"level":"info","message":"GET /article/article_list 14 2019-04-26 14:11:15","timestamp":"2019-04-26 14:11:15"}
{"level":"info","message":"GET /system/info 7 2019-04-26 15:43:39","timestamp":"2019-04-26 15:43:39"}
{"level":"info","message":"GET /article/family_list 4 2019-04-26 15:43:40","timestamp":"2019-04-26 15:43:40"}
{"level":"info","message":"GET /order/detail 9 2019-04-26 15:43:40","timestamp":"2019-04-26 15:43:40"}
{"level":"info","message":"GET /article/article_list 19 2019-04-26 15:43:40","timestamp":"2019-04-26 15:43:40"}
{"level":"info","message":"GET /system/info 5 2019-04-26 15:44:49","timestamp":"2019-04-26 15:44:49"}
{"level":"info","message":"GET /article/family_list 3 2019-04-26 15:44:49","timestamp":"2019-04-26 15:44:49"}
{"level":"info","message":"GET /order/detail 10 2019-04-26 15:44:49","timestamp":"2019-04-26 15:44:49"}
{"level":"info","message":"GET /article/article_list 16 2019-04-26 15:44:49","timestamp":"2019-04-26 15:44:49"}
{"level":"info","message":"GET /system/info 9 2019-04-26 15:45:40","timestamp":"2019-04-26 15:45:40"}
{"level":"info","message":"GET /article/family_list 4 2019-04-26 15:45:40","timestamp":"2019-04-26 15:45:40"}
{"level":"info","message":"GET /order/detail 9 2019-04-26 15:45:40","timestamp":"2019-04-26 15:45:40"}
{"level":"info","message":"GET /article/article_list 11 2019-04-26 15:45:40","timestamp":"2019-04-26 15:45:40"}
{"level":"info","message":"GET /system/info 8 2019-04-26 15:46:45","timestamp":"2019-04-26 15:46:45"}
{"level":"info","message":"GET /article/family_list 3 2019-04-26 15:46:46","timestamp":"2019-04-26 15:46:46"}
{"level":"info","message":"GET /order/detail 8 2019-04-26 15:46:46","timestamp":"2019-04-26 15:46:46"}
{"level":"info","message":"GET /article/article_list 39 2019-04-26 15:46:46","timestamp":"2019-04-26 15:46:46"}
{"level":"info","message":"GET /article/article_list 7 2019-04-26 15:46:47","timestamp":"2019-04-26 15:46:47"}
{"level":"error","message":"resource \"GET:/article/unit_list\" not found","timestamp":"2019-04-26 15:46:48"}
{"level":"info","message":"GET /article/unit_list 1 2019-04-26 15:46:48","timestamp":"2019-04-26 15:46:48"}
{"level":"error","message":"resource \"GET:/article/unit_list\" not found","timestamp":"2019-04-26 15:47:04"}
{"level":"info","message":"GET /article/unit_list 1 2019-04-26 15:47:04","timestamp":"2019-04-26 15:47:04"}
{"level":"info","message":"mqtt成功连接到：ws://test.emq.restoplus.cn:8083/mqtt","timestamp":"2019-04-26 15:48:16"}
{"level":"info","message":"订阅成功--$queue/winPos/+/2f83afee7a0e4822a6729145dd53af33/d2ff1bbb8c6f4fd8adb3949f76f8c1b6/+/+/+","timestamp":"2019-04-26 15:48:21"}
{"level":"info","message":"允许接收的平台=>posAdmin-dev,resto-dev","timestamp":"2019-04-26 15:48:21"}
{"level":"error","message":"==mqtt==close==你已断开连接,正常退出","timestamp":"2019-04-26 15:48:51"}
{"level":"error","message":"==mqtt==reconnect==正在尝试重新连接","timestamp":"2019-04-26 15:49:07"}
{"level":"info","message":"mqtt成功连接到：ws://test.emq.restoplus.cn:8083/mqtt","timestamp":"2019-04-26 15:49:07"}
{"level":"info","message":"订阅成功--$queue/winPos/+/2f83afee7a0e4822a6729145dd53af33/d2ff1bbb8c6f4fd8adb3949f76f8c1b6/+/+/+","timestamp":"2019-04-26 15:49:07"}
{"level":"info","message":"允许接收的平台=>posAdmin-dev,resto-dev","timestamp":"2019-04-26 15:49:07"}
{"level":"error","message":"resource \"GET:/5c68c62cd5ae7fad410b.hot-update.json\" not found","timestamp":"2019-04-26 15:49:16"}
{"level":"info","message":"GET /5c68c62cd5ae7fad410b.hot-update.json 4 2019-04-26 15:49:16","timestamp":"2019-04-26 15:49:16"}
{"level":"info","message":"GET /system/info 196 2019-04-26 15:49:39","timestamp":"2019-04-26 15:49:39"}
{"level":"info","message":"GET /article/family_list 23 2019-04-26 15:49:40","timestamp":"2019-04-26 15:49:40"}
{"level":"info","message":"GET /order/detail 52 2019-04-26 15:49:40","timestamp":"2019-04-26 15:49:40"}
{"level":"info","message":"GET /article/article_list 99 2019-04-26 15:49:40","timestamp":"2019-04-26 15:49:40"}
{"level":"info","message":"GET /article/article_list 14 2019-04-26 15:49:42","timestamp":"2019-04-26 15:49:42"}
{"level":"info","message":"GET /article/price 23 2019-04-26 15:49:43","timestamp":"2019-04-26 15:49:43"}
{"level":"info","message":"GET /article/article_list 15 2019-04-26 15:49:51","timestamp":"2019-04-26 15:49:51"}
{"level":"info","message":"GET /article/meal_item 38 2019-04-26 15:49:51","timestamp":"2019-04-26 15:49:51"}
{"level":"info","message":"GET /article/article_list 12 2019-04-26 15:50:01","timestamp":"2019-04-26 15:50:01"}
{"level":"info","message":"GET /article/unit_list 47 2019-04-26 15:50:02","timestamp":"2019-04-26 15:50:02"}
{"level":"info","message":"GET /article/unit_list 2 2019-04-26 15:50:11","timestamp":"2019-04-26 15:50:11"}
{"level":"info","message":"GET /article/unit_list 2 2019-04-26 15:50:15","timestamp":"2019-04-26 15:50:15"}
{"level":"info","message":"GET /article/unit_list 2 2019-04-26 15:50:17","timestamp":"2019-04-26 15:50:17"}
{"level":"info","message":"GET /article/unit_list 2 2019-04-26 15:50:57","timestamp":"2019-04-26 15:50:57"}
{"level":"info","message":"GET /article/article_list 11 2019-04-26 15:51:25","timestamp":"2019-04-26 15:51:25"}
{"level":"info","message":"GET /article/price 1 2019-04-26 15:51:29","timestamp":"2019-04-26 15:51:29"}
{"level":"info","message":"GET /system/info 8 2019-04-26 15:52:23","timestamp":"2019-04-26 15:52:23"}
{"level":"info","message":"GET /article/family_list 6 2019-04-26 15:52:23","timestamp":"2019-04-26 15:52:23"}
{"level":"info","message":"GET /order/detail 57 2019-04-26 15:52:23","timestamp":"2019-04-26 15:52:23"}
{"level":"info","message":"GET /article/article_list 24 2019-04-26 15:52:23","timestamp":"2019-04-26 15:52:23"}
{"level":"info","message":"GET /article/article_list 7 2019-04-26 15:52:25","timestamp":"2019-04-26 15:52:25"}
{"level":"info","message":"GET /article/price 1 2019-04-26 15:52:25","timestamp":"2019-04-26 15:52:25"}
{"level":"info","message":"GET /article/article_list 7 2019-04-26 15:52:27","timestamp":"2019-04-26 15:52:27"}
{"level":"info","message":"GET /article/unit_list 3 2019-04-26 15:52:30","timestamp":"2019-04-26 15:52:30"}
{"level":"error","message":"==mqtt==close==你已断开连接,异常退出","timestamp":"2019-04-26 17:16:03"}
{"level":"error","message":"==mqtt==reconnect==正在尝试重新连接","timestamp":"2019-04-26 17:16:18"}
{"level":"info","message":"mqtt成功连接到：ws://test.emq.restoplus.cn:8083/mqtt","timestamp":"2019-04-26 17:16:18"}
{"level":"info","message":"订阅成功--$queue/winPos/+/2f83afee7a0e4822a6729145dd53af33/d2ff1bbb8c6f4fd8adb3949f76f8c1b6/+/+/+","timestamp":"2019-04-26 17:16:18"}
{"level":"info","message":"允许接收的平台=>posAdmin-dev,resto-dev","timestamp":"2019-04-26 17:16:18"}
{"level":"info","message":"GET /article/article_list 21 2019-04-26 18:00:17","timestamp":"2019-04-26 18:00:17"}
{"level":"info","message":"GET /article/price 1 2019-04-26 18:00:17","timestamp":"2019-04-26 18:00:17"}
{"level":"info","message":"GET /article/article_list 10 2019-04-26 18:00:29","timestamp":"2019-04-26 18:00:29"}
{"level":"info","message":"GET /article/price 2 2019-04-26 18:00:30","timestamp":"2019-04-26 18:00:30"}
{"level":"error","message":"==mqtt==close==你已断开连接,异常退出","timestamp":"2019-04-26 18:13:31"}
{"level":"error","message":"==mqtt==reconnect==正在尝试重新连接","timestamp":"2019-04-26 18:13:46"}
{"level":"info","message":"mqtt成功连接到：ws://test.emq.restoplus.cn:8083/mqtt","timestamp":"2019-04-26 18:13:46"}
{"level":"info","message":"订阅成功--$queue/winPos/+/2f83afee7a0e4822a6729145dd53af33/d2ff1bbb8c6f4fd8adb3949f76f8c1b6/+/+/+","timestamp":"2019-04-26 18:13:46"}
{"level":"info","message":"允许接收的平台=>posAdmin-dev,resto-dev","timestamp":"2019-04-26 18:13:46"}
{"level":"error","message":"==mqtt==close==你已断开连接,异常退出","timestamp":"2019-04-26 18:56:27"}
