{"level":"info","message":"mqtt成功连接到：ws://test.emq.restoplus.cn:8083/mqtt","timestamp":"2019-06-17 14:16:05"}
{"level":"info","message":"订阅成功--$queue/winPos/+/2f83afee7a0e4822a6729145dd53af33/d2ff1bbb8c6f4fd8adb3949f76f8c1b6/+/+/+","timestamp":"2019-06-17 14:16:05"}
{"level":"info","message":"允许接收的平台=>posAdmin-dev,resto-dev","timestamp":"2019-06-17 14:16:05"}
{"level":"error","message":"==mqtt==close==你已断开连接,正常退出","timestamp":"2019-06-17 14:16:32"}
{"level":"error","message":"==mqtt==reconnect==正在尝试重新连接","timestamp":"2019-06-17 14:16:50"}
{"level":"info","message":"mqtt成功连接到：ws://test.emq.restoplus.cn:8083/mqtt","timestamp":"2019-06-17 14:16:50"}
{"level":"info","message":"订阅成功--$queue/winPos/+/2f83afee7a0e4822a6729145dd53af33/d2ff1bbb8c6f4fd8adb3949f76f8c1b6/+/+/+","timestamp":"2019-06-17 14:16:50"}
{"level":"info","message":"允许接收的平台=>posAdmin-dev,resto-dev","timestamp":"2019-06-17 14:16:50"}
{"level":"info","message":"GET /system/info 254 2019-06-17 14:17:04","timestamp":"2019-06-17 14:17:04"}
{"level":"info","message":"GET /on/line/state 3 2019-06-17 14:17:06","timestamp":"2019-06-17 14:17:06"}
{"level":"info","message":"GET /article/family_list 28 2019-06-17 14:17:06","timestamp":"2019-06-17 14:17:06"}
{"level":"info","message":"GET /order/detail 87 2019-06-17 14:17:06","timestamp":"2019-06-17 14:17:06"}
{"level":"info","message":"GET /article/article_list 73 2019-06-17 14:17:06","timestamp":"2019-06-17 14:17:06"}
{"level":"info","message":"GET /system/info 5 2019-06-17 14:17:30","timestamp":"2019-06-17 14:17:30"}
{"level":"info","message":"GET /article/family_list 1 2019-06-17 14:17:30","timestamp":"2019-06-17 14:17:30"}
{"level":"info","message":"GET /on/line/state 0 2019-06-17 14:17:30","timestamp":"2019-06-17 14:17:30"}
{"level":"info","message":"GET /order/detail 8 2019-06-17 14:17:30","timestamp":"2019-06-17 14:17:30"}
{"level":"info","message":"GET /article/article_list 21 2019-06-17 14:17:30","timestamp":"2019-06-17 14:17:30"}
{"level":"info","message":"未找到订单0d3b700186d3421b9abcad02f9cadd47不执行打印只做插入！","timestamp":"2019-06-17 14:24:34"}
{"level":"info","message":"mqtt成功连接到：ws://test.emq.restoplus.cn:8083/mqtt","timestamp":"2019-06-17 14:29:11"}
{"level":"info","message":"订阅成功--$queue/winPos/+/2f83afee7a0e4822a6729145dd53af33/d2ff1bbb8c6f4fd8adb3949f76f8c1b6/+/+/+","timestamp":"2019-06-17 14:29:17"}
{"level":"info","message":"允许接收的平台=>posAdmin-dev,resto-dev","timestamp":"2019-06-17 14:29:17"}
{"level":"error","message":"ServiceUnavailableError: Response timeout\n    at IncomingMessage.<anonymous> (/Users/chintec/Documents/node/resto-newpos/node_modules/connect-timeout/index.js:84:8)\n    at emitOne (events.js:116:13)\n    at IncomingMessage.emit (events.js:211:7)\n    at Timeout._onTimeout (/Users/chintec/Documents/node/resto-newpos/node_modules/connect-timeout/index.js:49:11)\n    at ontimeout (timers.js:475:11)\n    at tryOnTimeout (timers.js:310:5)\n    at Timer.listOnTimeout (timers.js:270:5)","timestamp":"2019-06-17 14:29:48"}
{"level":"info","message":"推送EMQ:resto-dev/2f83afee7a0e4822a6729145dd53af33/d2ff1bbb8c6f4fd8adb3949f76f8c1b6/order/callback/dd3f96fb5d1444bcbd8299b0969f1d85 \n {\"ok\":true,\"msg\":\"微信订单下单成功！\",\"type\":\"creator\",\"data\":{\"id\":\"dd3f96fb5d1444bcbd8299b0969f1d85\",\"production_status\":2}}","timestamp":"2019-06-17 14:30:07"}
{"level":"info","message":"推送EMQ:resto-dev/2f83afee7a0e4822a6729145dd53af33/d2ff1bbb8c6f4fd8adb3949f76f8c1b6/order/callback/dd3f96fb5d1444bcbd8299b0969f1d85 \n {\"ok\":true,\"msg\":\"微信订单支付成功！\",\"type\":\"payment\",\"data\":{\"id\":\"dd3f96fb5d1444bcbd8299b0969f1d85\",\"order_state\":2}}","timestamp":"2019-06-17 14:30:17"}
{"level":"info","message":"mqtt成功连接到：ws://test.emq.restoplus.cn:8083/mqtt","timestamp":"2019-06-17 14:31:38"}
{"level":"info","message":"订阅成功--$queue/winPos/+/2f83afee7a0e4822a6729145dd53af33/43be0afc2b544cec87568b7247841107/+/+/+","timestamp":"2019-06-17 14:31:42"}
{"level":"info","message":"允许接收的平台=>posAdmin-dev,resto-dev","timestamp":"2019-06-17 14:31:42"}
{"level":"info","message":"GET /system/info 174 2019-06-17 15:17:57","timestamp":"2019-06-17 15:17:57"}
{"level":"info","message":"GET /on/line/state 1 2019-06-17 15:17:57","timestamp":"2019-06-17 15:17:57"}
{"level":"info","message":"GET /article/family_list 17 2019-06-17 15:17:57","timestamp":"2019-06-17 15:17:57"}
{"level":"info","message":"GET /order/detail 38 2019-06-17 15:17:58","timestamp":"2019-06-17 15:17:58"}
{"level":"info","message":"GET /article/article_list 95 2019-06-17 15:17:58","timestamp":"2019-06-17 15:17:58"}
{"level":"info","message":"GET /on/line/state 0 2019-06-17 15:17:58","timestamp":"2019-06-17 15:17:58"}
{"level":"info","message":"GET /user/normal/list 3 2019-06-17 15:17:58","timestamp":"2019-06-17 15:17:58"}
{"level":"info","message":"GET /on/line/state 0 2019-06-17 15:18:01","timestamp":"2019-06-17 15:18:01"}
{"level":"info","message":"GET /user/normal/list 6 2019-06-17 15:18:01","timestamp":"2019-06-17 15:18:01"}
{"level":"info","message":"开始同步库存数据","timestamp":"2019-06-17 15:18:06"}
{"level":"info","message":"POST /user/login 44 2019-06-17 15:18:06","timestamp":"2019-06-17 15:18:06"}
{"level":"info","message":"同步库存数据开始!","timestamp":"2019-06-17 15:18:06"}
{"level":"info","message":"GET /system/info 34 2019-06-17 15:18:06","timestamp":"2019-06-17 15:18:06"}
{"level":"info","message":"同步库存数据完成!","timestamp":"2019-06-17 15:18:06"}
{"level":"info","message":"GET /on/line/state 0 2019-06-17 15:18:06","timestamp":"2019-06-17 15:18:06"}
{"level":"info","message":"GET /order/order_state_count 34 2019-06-17 15:18:06","timestamp":"2019-06-17 15:18:06"}
{"level":"info","message":"GET /area 28 2019-06-17 15:18:06","timestamp":"2019-06-17 15:18:06"}
{"level":"info","message":"GET /table/list 22 2019-06-17 15:18:06","timestamp":"2019-06-17 15:18:06"}
{"level":"info","message":"GET /table/list_by_id 4 2019-06-17 15:18:31","timestamp":"2019-06-17 15:18:31"}
{"level":"info","message":"GET /table/list 2 2019-06-17 15:18:32","timestamp":"2019-06-17 15:18:32"}
{"level":"info","message":"GET /table/list 3 2019-06-17 15:18:33","timestamp":"2019-06-17 15:18:33"}
{"level":"info","message":"GET /table/list_by_id 3 2019-06-17 15:18:34","timestamp":"2019-06-17 15:18:34"}
{"level":"info","message":"GET /table/list 4 2019-06-17 15:18:35","timestamp":"2019-06-17 15:18:35"}
{"level":"info","message":"POST /bind/table 79 2019-06-17 16:01:39","timestamp":"2019-06-17 16:01:39"}
{"level":"info","message":"GET /article/family_list 2 2019-06-17 16:01:39","timestamp":"2019-06-17 16:01:39"}
{"level":"info","message":"GET /order/detail 35 2019-06-17 16:01:39","timestamp":"2019-06-17 16:01:39"}
{"level":"info","message":"GET /article/article_list 9 2019-06-17 16:01:39","timestamp":"2019-06-17 16:01:39"}
{"level":"info","message":"POST /push/order 108 2019-06-17 16:01:41","timestamp":"2019-06-17 16:01:41"}
{"level":"info","message":"GET /order/order_state_count 22 2019-06-17 16:01:41","timestamp":"2019-06-17 16:01:41"}
{"level":"info","message":"GET /area 22 2019-06-17 16:01:41","timestamp":"2019-06-17 16:01:41"}
{"level":"info","message":"GET /table/list 23 2019-06-17 16:01:41","timestamp":"2019-06-17 16:01:41"}
{"level":"info","message":"【/v1/newpos/order/push】==> 下单成功！","timestamp":"2019-06-17 16:01:41"}
{"level":"info","message":"GET /order/detail 88 2019-06-17 16:01:41","timestamp":"2019-06-17 16:01:41"}
{"level":"info","message":"GET /order/get_order_test 3 2019-06-17 16:01:42","timestamp":"2019-06-17 16:01:42"}
{"level":"info","message":"GET /order/detail 9 2019-06-17 16:01:45","timestamp":"2019-06-17 16:01:45"}
{"level":"info","message":"GET /order/discount_info 3 2019-06-17 16:01:45","timestamp":"2019-06-17 16:01:45"}
{"level":"info","message":"GET /order/detail 15 2019-06-17 16:01:45","timestamp":"2019-06-17 16:01:45"}
{"level":"info","message":"GET /order/order_items 9 2019-06-17 16:01:45","timestamp":"2019-06-17 16:01:45"}
{"level":"info","message":"GET /system/info 3 2019-06-17 16:07:07","timestamp":"2019-06-17 16:07:07"}
{"level":"info","message":"GET /on/line/state 1 2019-06-17 16:07:07","timestamp":"2019-06-17 16:07:07"}
{"level":"info","message":"GET /order/discount_info 13 2019-06-17 16:07:07","timestamp":"2019-06-17 16:07:07"}
{"level":"info","message":"GET /order/detail 28 2019-06-17 16:07:07","timestamp":"2019-06-17 16:07:07"}
{"level":"info","message":"GET /order/detail 8 2019-06-17 16:07:07","timestamp":"2019-06-17 16:07:07"}
{"level":"info","message":"GET /order/order_items 7 2019-06-17 16:07:07","timestamp":"2019-06-17 16:07:07"}
{"level":"info","message":"GET /system/info 5 2019-06-17 16:08:19","timestamp":"2019-06-17 16:08:19"}
{"level":"info","message":"GET /order/discount_info 3 2019-06-17 16:08:19","timestamp":"2019-06-17 16:08:19"}
{"level":"info","message":"GET /on/line/state 1 2019-06-17 16:08:19","timestamp":"2019-06-17 16:08:19"}
{"level":"info","message":"GET /order/detail 13 2019-06-17 16:08:19","timestamp":"2019-06-17 16:08:19"}
{"level":"info","message":"GET /order/detail 4 2019-06-17 16:08:19","timestamp":"2019-06-17 16:08:19"}
{"level":"info","message":"GET /order/order_items 17 2019-06-17 16:08:19","timestamp":"2019-06-17 16:08:19"}
{"level":"info","message":"POST /order/pay 70 2019-06-17 16:08:25","timestamp":"2019-06-17 16:08:25"}
{"level":"info","message":"【/v1/newpos/order/payment】==> 买单成功！","timestamp":"2019-06-17 16:08:25"}
{"level":"info","message":"GET /order/order_state_count 8 2019-06-17 16:08:25","timestamp":"2019-06-17 16:08:25"}
{"level":"info","message":"GET /area 8 2019-06-17 16:08:25","timestamp":"2019-06-17 16:08:25"}
{"level":"info","message":"GET /table/list 6 2019-06-17 16:08:25","timestamp":"2019-06-17 16:08:25"}
{"level":"info","message":"GET /order/order_state_count 8 2019-06-17 16:08:27","timestamp":"2019-06-17 16:08:27"}
{"level":"info","message":"GET /order/pay 6 2019-06-17 16:08:27","timestamp":"2019-06-17 16:08:27"}
{"level":"info","message":"GET /order/get_order_test 10 2019-06-17 16:08:28","timestamp":"2019-06-17 16:08:28"}
{"level":"info","message":"GET /order/detail 27 2019-06-17 16:08:28","timestamp":"2019-06-17 16:08:28"}
{"level":"info","message":"mqtt成功连接到：ws://test.emq.restoplus.cn:8083/mqtt","timestamp":"2019-06-17 16:09:38"}
{"level":"info","message":"订阅成功--$queue/winPos/+/2f83afee7a0e4822a6729145dd53af33/d2ff1bbb8c6f4fd8adb3949f76f8c1b6/+/+/+","timestamp":"2019-06-17 16:09:46"}
{"level":"info","message":"允许接收的平台=>posAdmin-dev,resto-dev","timestamp":"2019-06-17 16:09:46"}
{"level":"error","message":"ServiceUnavailableError: Response timeout\n    at IncomingMessage.<anonymous> (/Users/chintec/Documents/node/resto-newpos/node_modules/connect-timeout/index.js:84:8)\n    at emitOne (events.js:116:13)\n    at IncomingMessage.emit (events.js:211:7)\n    at Timeout._onTimeout (/Users/chintec/Documents/node/resto-newpos/node_modules/connect-timeout/index.js:49:11)\n    at ontimeout (timers.js:475:11)\n    at tryOnTimeout (timers.js:310:5)\n    at Timer.listOnTimeout (timers.js:270:5)","timestamp":"2019-06-17 16:10:17"}
{"level":"error","message":"resource \"GET:/ba2c72425845dc6f469d.hot-update.json\" not found","timestamp":"2019-06-17 16:10:37"}
{"level":"info","message":"GET /ba2c72425845dc6f469d.hot-update.json 2 2019-06-17 16:10:37","timestamp":"2019-06-17 16:10:37"}
{"level":"info","message":"mqtt成功连接到：ws://test.emq.restoplus.cn:8083/mqtt","timestamp":"2019-06-17 16:47:26"}
{"level":"info","message":"订阅成功--$queue/winPos/+/2f83afee7a0e4822a6729145dd53af33/d2ff1bbb8c6f4fd8adb3949f76f8c1b6/+/+/+","timestamp":"2019-06-17 16:47:26"}
{"level":"info","message":"允许接收的平台=>posAdmin-dev,resto-dev","timestamp":"2019-06-17 16:47:26"}
{"level":"error","message":"ServiceUnavailableError: Response timeout\n    at IncomingMessage.<anonymous> (/Users/chintec/Documents/node/resto-newpos/node_modules/connect-timeout/index.js:84:8)\n    at emitOne (events.js:116:13)\n    at IncomingMessage.emit (events.js:211:7)\n    at Timeout._onTimeout (/Users/chintec/Documents/node/resto-newpos/node_modules/connect-timeout/index.js:49:11)\n    at ontimeout (timers.js:475:11)\n    at tryOnTimeout (timers.js:310:5)\n    at Timer.listOnTimeout (timers.js:270:5)","timestamp":"2019-06-17 16:48:03"}
{"level":"info","message":"推送EMQ:resto-dev/2f83afee7a0e4822a6729145dd53af33/d2ff1bbb8c6f4fd8adb3949f76f8c1b6/order/callback/13be545074394755a213c043663deb48 \n {\"ok\":true,\"msg\":\"微信订单下单成功！\",\"type\":\"creator\",\"data\":{\"id\":\"13be545074394755a213c043663deb48\",\"production_status\":2}}","timestamp":"2019-06-17 17:16:34"}
{"level":"info","message":"推送EMQ:resto-dev/2f83afee7a0e4822a6729145dd53af33/d2ff1bbb8c6f4fd8adb3949f76f8c1b6/order/callback/1218c03cf5a74256b75d62c0c9d3aee3 \n {\"ok\":true,\"msg\":\"微信订单下单成功！\",\"type\":\"creator\",\"data\":{\"id\":\"1218c03cf5a74256b75d62c0c9d3aee3\",\"production_status\":2}}","timestamp":"2019-06-17 17:18:44"}
{"level":"info","message":"推送EMQ:resto-dev/2f83afee7a0e4822a6729145dd53af33/d2ff1bbb8c6f4fd8adb3949f76f8c1b6/order/callback/1218c03cf5a74256b75d62c0c9d3aee3 \n {\"ok\":true,\"msg\":\"微信订单支付成功！\",\"type\":\"payment\",\"data\":{\"id\":\"1218c03cf5a74256b75d62c0c9d3aee3\",\"order_state\":2}}","timestamp":"2019-06-17 17:18:52"}
{"level":"info","message":"mqtt成功连接到：ws://test.emq.restoplus.cn:8083/mqtt","timestamp":"2019-06-17 17:20:58"}
{"level":"info","message":"订阅成功--$queue/winPos/+/2f83afee7a0e4822a6729145dd53af33/d2ff1bbb8c6f4fd8adb3949f76f8c1b6/+/+/+","timestamp":"2019-06-17 17:20:58"}
{"level":"info","message":"允许接收的平台=>posAdmin-dev,resto-dev","timestamp":"2019-06-17 17:20:58"}
{"level":"error","message":"==mqtt==close==你已断开连接,异常退出","timestamp":"2019-06-17 17:21:25"}
{"level":"error","message":"ServiceUnavailableError: Response timeout\n    at IncomingMessage.<anonymous> (/Users/chintec/Documents/node/resto-newpos/node_modules/connect-timeout/index.js:84:8)\n    at emitOne (events.js:116:13)\n    at IncomingMessage.emit (events.js:211:7)\n    at Timeout._onTimeout (/Users/chintec/Documents/node/resto-newpos/node_modules/connect-timeout/index.js:49:11)\n    at ontimeout (timers.js:475:11)\n    at tryOnTimeout (timers.js:310:5)\n    at Timer.listOnTimeout (timers.js:270:5)","timestamp":"2019-06-17 17:21:35"}
{"level":"error","message":"==mqtt==reconnect==正在尝试重新连接","timestamp":"2019-06-17 17:21:41"}
{"level":"info","message":"mqtt成功连接到：ws://test.emq.restoplus.cn:8083/mqtt","timestamp":"2019-06-17 17:21:41"}
{"level":"info","message":"订阅成功--$queue/winPos/+/2f83afee7a0e4822a6729145dd53af33/d2ff1bbb8c6f4fd8adb3949f76f8c1b6/+/+/+","timestamp":"2019-06-17 17:21:41"}
{"level":"info","message":"允许接收的平台=>posAdmin-dev,resto-dev","timestamp":"2019-06-17 17:21:41"}
{"level":"info","message":"推送EMQ:resto-dev/2f83afee7a0e4822a6729145dd53af33/d2ff1bbb8c6f4fd8adb3949f76f8c1b6/order/callback/6f2256972cec44ceaa0632bc81559b09 \n {\"ok\":true,\"msg\":\"微信订单下单成功！\",\"type\":\"creator\",\"data\":{\"id\":\"6f2256972cec44ceaa0632bc81559b09\",\"production_status\":2}}","timestamp":"2019-06-17 17:23:47"}
{"level":"info","message":"mqtt成功连接到：ws://test.emq.restoplus.cn:8083/mqtt","timestamp":"2019-06-17 17:25:43"}
{"level":"info","message":"订阅成功--$queue/winPos/+/2f83afee7a0e4822a6729145dd53af33/43be0afc2b544cec87568b7247841107/+/+/+","timestamp":"2019-06-17 17:25:43"}
{"level":"info","message":"允许接收的平台=>posAdmin-dev,resto-dev","timestamp":"2019-06-17 17:25:43"}
{"level":"error","message":"ServiceUnavailableError: Response timeout\n    at IncomingMessage.<anonymous> (/Users/chintec/Documents/node/resto-newpos/node_modules/connect-timeout/index.js:84:8)\n    at emitOne (events.js:116:13)\n    at IncomingMessage.emit (events.js:211:7)\n    at Timeout._onTimeout (/Users/chintec/Documents/node/resto-newpos/node_modules/connect-timeout/index.js:49:11)\n    at ontimeout (timers.js:475:11)\n    at tryOnTimeout (timers.js:310:5)\n    at Timer.listOnTimeout (timers.js:270:5)","timestamp":"2019-06-17 17:26:21"}
