{"level":"info","message":"mqtt成功连接到：ws://test.emq.restoplus.cn:8083/mqtt","timestamp":"2019-04-10 09:53:08"}
{"level":"error","message":"==mqtt==close==你已断开连接,异常退出","timestamp":"2019-04-10 09:53:35"}
{"level":"info","message":"==mqtt==reconnect==正在尝试重新连接","timestamp":"2019-04-10 09:53:51"}
{"level":"info","message":"mqtt成功连接到：ws://test.emq.restoplus.cn:8083/mqtt","timestamp":"2019-04-10 09:53:51"}
{"level":"error","message":"==mqtt==close==你已断开连接,异常退出","timestamp":"2019-04-10 09:57:36"}
{"level":"info","message":"GET /system/info 288 2019-04-10 09:57:47","timestamp":"2019-04-10 09:57:47"}
{"level":"info","message":"GET /table/list 82 2019-04-10 09:57:48","timestamp":"2019-04-10 09:57:48"}
{"level":"info","message":"GET /area 68 2019-04-10 09:57:48","timestamp":"2019-04-10 09:57:48"}
{"level":"info","message":"GET /order/detail 96 2019-04-10 09:57:48","timestamp":"2019-04-10 09:57:48"}
{"level":"info","message":"GET /area 3 2019-04-10 09:57:48","timestamp":"2019-04-10 09:57:48"}
{"level":"info","message":"GET /table/list 4 2019-04-10 09:57:48","timestamp":"2019-04-10 09:57:48"}
{"level":"info","message":"==mqtt==reconnect==正在尝试重新连接","timestamp":"2019-04-10 09:57:51"}
{"level":"error","message":"==mqtt==close==你已断开连接,异常退出","timestamp":"2019-04-10 09:58:21"}
{"level":"info","message":"==mqtt==reconnect==正在尝试重新连接","timestamp":"2019-04-10 09:58:36"}
{"level":"info","message":"mqtt成功连接到：ws://test.emq.restoplus.cn:8083/mqtt","timestamp":"2019-04-10 09:58:36"}
{"level":"info","message":"POST /bindTable 13 2019-04-10 10:20:48","timestamp":"2019-04-10 10:20:48"}
{"level":"info","message":"GET /area 3 2019-04-10 10:20:50","timestamp":"2019-04-10 10:20:50"}
{"level":"info","message":"GET /table/list 4 2019-04-10 10:20:50","timestamp":"2019-04-10 10:20:50"}
{"level":"info","message":"POST /bindTable 132 2019-04-10 10:20:53","timestamp":"2019-04-10 10:20:53"}
{"level":"info","message":"GET /area 2 2019-04-10 10:21:07","timestamp":"2019-04-10 10:21:07"}
{"level":"info","message":"GET /table/list 5 2019-04-10 10:21:07","timestamp":"2019-04-10 10:21:07"}
{"level":"info","message":"GET /area 4 2019-04-10 10:21:09","timestamp":"2019-04-10 10:21:09"}
{"level":"info","message":"GET /table/list 10 2019-04-10 10:21:09","timestamp":"2019-04-10 10:21:09"}
{"level":"info","message":"GET /order/detail 22 2019-04-10 10:21:09","timestamp":"2019-04-10 10:21:09"}
{"level":"info","message":"GET /article/family_list 30 2019-04-10 10:21:11","timestamp":"2019-04-10 10:21:11"}
{"level":"info","message":"GET /order/detail 3 2019-04-10 10:21:11","timestamp":"2019-04-10 10:21:11"}
{"level":"info","message":"GET /area 5 2019-04-10 10:21:18","timestamp":"2019-04-10 10:21:18"}
{"level":"info","message":"GET /table/list 7 2019-04-10 10:21:18","timestamp":"2019-04-10 10:21:18"}
{"level":"info","message":"GET /order/detail 21 2019-04-10 10:21:18","timestamp":"2019-04-10 10:21:18"}
{"level":"info","message":"GET /area 5 2019-04-10 10:22:03","timestamp":"2019-04-10 10:22:03"}
{"level":"info","message":"GET /table/list 7 2019-04-10 10:22:03","timestamp":"2019-04-10 10:22:03"}
{"level":"info","message":"POST /bindTable 61 2019-04-10 10:22:05","timestamp":"2019-04-10 10:22:05"}
{"level":"info","message":"GET /article/family_list 2 2019-04-10 10:22:05","timestamp":"2019-04-10 10:22:05"}
{"level":"info","message":"GET /order/detail 4 2019-04-10 10:22:05","timestamp":"2019-04-10 10:22:05"}
{"level":"info","message":"GET /area 3 2019-04-10 10:22:10","timestamp":"2019-04-10 10:22:10"}
{"level":"info","message":"GET /table/list 7 2019-04-10 10:22:10","timestamp":"2019-04-10 10:22:10"}
{"level":"info","message":"GET /area 4 2019-04-10 10:22:11","timestamp":"2019-04-10 10:22:11"}
{"level":"info","message":"GET /table/list 5 2019-04-10 10:22:11","timestamp":"2019-04-10 10:22:11"}
{"level":"info","message":"GET /order/detail 14 2019-04-10 10:22:11","timestamp":"2019-04-10 10:22:11"}
{"level":"info","message":"GET /article/family_list 2 2019-04-10 10:36:26","timestamp":"2019-04-10 10:36:26"}
{"level":"info","message":"GET /order/detail 7 2019-04-10 10:36:26","timestamp":"2019-04-10 10:36:26"}
{"level":"info","message":"GET /order/detail 2 2019-04-10 10:36:33","timestamp":"2019-04-10 10:36:33"}
{"level":"info","message":"GET /order/detail 2 2019-04-10 10:36:35","timestamp":"2019-04-10 10:36:35"}
{"level":"info","message":"GET /order/detail 3 2019-04-10 10:36:37","timestamp":"2019-04-10 10:36:37"}
{"level":"info","message":"GET /order/detail 1 2019-04-10 10:36:38","timestamp":"2019-04-10 10:36:38"}
{"level":"info","message":"GET /system/info 11 2019-04-10 10:41:51","timestamp":"2019-04-10 10:41:51"}
{"level":"info","message":"GET /article/family_list 2 2019-04-10 10:41:52","timestamp":"2019-04-10 10:41:52"}
{"level":"info","message":"GET /order/detail 1 2019-04-10 10:41:52","timestamp":"2019-04-10 10:41:52"}
{"level":"info","message":"GET /area 6 2019-04-10 10:41:55","timestamp":"2019-04-10 10:41:55"}
{"level":"info","message":"GET /table/list 8 2019-04-10 10:41:55","timestamp":"2019-04-10 10:41:55"}
{"level":"info","message":"GET /order/detail 19 2019-04-10 10:41:55","timestamp":"2019-04-10 10:41:55"}
{"level":"info","message":"GET /article/family_list 2 2019-04-10 10:42:00","timestamp":"2019-04-10 10:42:00"}
{"level":"info","message":"GET /order/detail 3 2019-04-10 10:42:00","timestamp":"2019-04-10 10:42:00"}
{"level":"info","message":"GET /area 6 2019-04-10 10:42:07","timestamp":"2019-04-10 10:42:07"}
{"level":"info","message":"GET /table/list 8 2019-04-10 10:42:07","timestamp":"2019-04-10 10:42:07"}
{"level":"info","message":"GET /order/detail 28 2019-04-10 10:42:07","timestamp":"2019-04-10 10:42:07"}
{"level":"info","message":"GET /area 4 2019-04-10 10:42:09","timestamp":"2019-04-10 10:42:09"}
{"level":"info","message":"GET /table/list 7 2019-04-10 10:42:09","timestamp":"2019-04-10 10:42:09"}
{"level":"info","message":"GET /order/detail 17 2019-04-10 10:42:09","timestamp":"2019-04-10 10:42:09"}
{"level":"info","message":"GET /article/family_list 2 2019-04-10 10:42:11","timestamp":"2019-04-10 10:42:11"}
{"level":"info","message":"GET /order/detail 3 2019-04-10 10:42:11","timestamp":"2019-04-10 10:42:11"}
{"level":"info","message":"GET /area 6 2019-04-10 10:42:13","timestamp":"2019-04-10 10:42:13"}
{"level":"info","message":"GET /table/list 8 2019-04-10 10:42:13","timestamp":"2019-04-10 10:42:13"}
{"level":"info","message":"GET /order/detail 20 2019-04-10 10:42:13","timestamp":"2019-04-10 10:42:13"}
{"level":"info","message":"GET /area 2 2019-04-10 10:42:14","timestamp":"2019-04-10 10:42:14"}
{"level":"info","message":"GET /table/list 5 2019-04-10 10:42:14","timestamp":"2019-04-10 10:42:14"}
{"level":"info","message":"GET /article/family_list 2 2019-04-10 10:42:16","timestamp":"2019-04-10 10:42:16"}
{"level":"info","message":"GET /order/detail 3 2019-04-10 10:42:17","timestamp":"2019-04-10 10:42:17"}
{"level":"info","message":"GET /area 6 2019-04-10 10:42:19","timestamp":"2019-04-10 10:42:19"}
{"level":"info","message":"GET /table/list 6 2019-04-10 10:42:19","timestamp":"2019-04-10 10:42:19"}
{"level":"info","message":"GET /area 5 2019-04-10 10:47:40","timestamp":"2019-04-10 10:47:40"}
{"level":"info","message":"GET /table/list 16 2019-04-10 10:47:40","timestamp":"2019-04-10 10:47:40"}
{"level":"info","message":"GET /system/info 7 2019-04-10 10:47:41","timestamp":"2019-04-10 10:47:41"}
{"level":"info","message":"GET /area 2 2019-04-10 10:47:42","timestamp":"2019-04-10 10:47:42"}
{"level":"info","message":"GET /table/list 4 2019-04-10 10:47:42","timestamp":"2019-04-10 10:47:42"}
{"level":"info","message":"GET /article/family_list 1 2019-04-10 10:47:43","timestamp":"2019-04-10 10:47:43"}
{"level":"info","message":"GET /order/detail 2 2019-04-10 10:47:43","timestamp":"2019-04-10 10:47:43"}
{"level":"info","message":"GET /area 2 2019-04-10 10:47:44","timestamp":"2019-04-10 10:47:44"}
{"level":"info","message":"GET /table/list 5 2019-04-10 10:47:44","timestamp":"2019-04-10 10:47:44"}
{"level":"info","message":"GET /area 6 2019-04-10 10:47:45","timestamp":"2019-04-10 10:47:45"}
{"level":"info","message":"GET /table/list 8 2019-04-10 10:47:45","timestamp":"2019-04-10 10:47:45"}
{"level":"info","message":"GET /order/detail 21 2019-04-10 10:47:45","timestamp":"2019-04-10 10:47:45"}
{"level":"info","message":"GET /article/family_list 2 2019-04-10 10:47:46","timestamp":"2019-04-10 10:47:46"}
{"level":"info","message":"GET /order/detail 2 2019-04-10 10:47:46","timestamp":"2019-04-10 10:47:46"}
{"level":"info","message":"GET /area 5 2019-04-10 10:47:48","timestamp":"2019-04-10 10:47:48"}
{"level":"info","message":"GET /table/list 8 2019-04-10 10:47:48","timestamp":"2019-04-10 10:47:48"}
{"level":"info","message":"GET /order/detail 29 2019-04-10 10:47:48","timestamp":"2019-04-10 10:47:48"}
{"level":"info","message":"GET /area 20 2019-04-10 10:57:54","timestamp":"2019-04-10 10:57:54"}
{"level":"info","message":"GET /table/list 73 2019-04-10 10:57:54","timestamp":"2019-04-10 10:57:54"}
{"level":"info","message":"GET /order/detail 85 2019-04-10 10:57:54","timestamp":"2019-04-10 10:57:54"}
{"level":"info","message":"GET /order/detail 6 2019-04-10 10:57:55","timestamp":"2019-04-10 10:57:55"}
{"level":"info","message":"GET /area 2 2019-04-10 10:57:55","timestamp":"2019-04-10 10:57:55"}
{"level":"info","message":"GET /table/list 4 2019-04-10 10:57:55","timestamp":"2019-04-10 10:57:55"}
{"level":"info","message":"GET /area 5 2019-04-10 11:23:17","timestamp":"2019-04-10 11:23:17"}
{"level":"info","message":"GET /table/list 8 2019-04-10 11:23:17","timestamp":"2019-04-10 11:23:17"}
{"level":"info","message":"GET /table/list 10 2019-04-10 11:23:17","timestamp":"2019-04-10 11:23:17"}
{"level":"info","message":"GET /area 2 2019-04-10 11:23:17","timestamp":"2019-04-10 11:23:17"}
{"level":"info","message":"GET /table/list 5 2019-04-10 11:23:17","timestamp":"2019-04-10 11:23:17"}
{"level":"info","message":"GET /area 2 2019-04-10 11:23:27","timestamp":"2019-04-10 11:23:27"}
{"level":"info","message":"GET /table/list 6 2019-04-10 11:23:27","timestamp":"2019-04-10 11:23:27"}
{"level":"info","message":"GET /order/detail 16 2019-04-10 11:23:27","timestamp":"2019-04-10 11:23:27"}
{"level":"info","message":"GET /article/family_list 1 2019-04-10 11:23:29","timestamp":"2019-04-10 11:23:29"}
{"level":"info","message":"GET /order/detail 161 2019-04-10 11:23:29","timestamp":"2019-04-10 11:23:29"}
{"level":"info","message":"GET /area 6 2019-04-10 11:23:31","timestamp":"2019-04-10 11:23:31"}
{"level":"info","message":"GET /table/list 8 2019-04-10 11:23:31","timestamp":"2019-04-10 11:23:31"}
{"level":"info","message":"GET /order/detail 22 2019-04-10 11:23:31","timestamp":"2019-04-10 11:23:31"}
{"level":"info","message":"GET /area 3 2019-04-10 11:23:34","timestamp":"2019-04-10 11:23:34"}
{"level":"info","message":"GET /table/list 5 2019-04-10 11:23:34","timestamp":"2019-04-10 11:23:34"}
{"level":"info","message":"GET /area 3 2019-04-10 11:23:35","timestamp":"2019-04-10 11:23:35"}
{"level":"info","message":"GET /order/detail 12 2019-04-10 11:23:35","timestamp":"2019-04-10 11:23:35"}
{"level":"info","message":"GET /table/list 6 2019-04-10 11:23:35","timestamp":"2019-04-10 11:23:35"}
{"level":"info","message":"GET /table/list 7 2019-04-10 11:23:38","timestamp":"2019-04-10 11:23:38"}
{"level":"info","message":"GET /area 6 2019-04-10 11:23:38","timestamp":"2019-04-10 11:23:38"}
{"level":"info","message":"GET /table/list 10 2019-04-10 11:23:38","timestamp":"2019-04-10 11:23:38"}
{"level":"info","message":"GET /area 2 2019-04-10 11:23:38","timestamp":"2019-04-10 11:23:38"}
{"level":"info","message":"GET /table/list 5 2019-04-10 11:23:38","timestamp":"2019-04-10 11:23:38"}
{"level":"error","message":"==mqtt==close==你已断开连接,异常退出","timestamp":"2019-04-10 13:42:50"}
{"level":"info","message":"==mqtt==reconnect==正在尝试重新连接","timestamp":"2019-04-10 13:43:05"}
{"level":"info","message":"mqtt成功连接到：ws://test.emq.restoplus.cn:8083/mqtt","timestamp":"2019-04-10 13:43:05"}
{"level":"info","message":"GET /table/list 8 2019-04-10 14:42:11","timestamp":"2019-04-10 14:42:11"}
{"level":"info","message":"GET /area 7 2019-04-10 14:42:11","timestamp":"2019-04-10 14:42:11"}
{"level":"info","message":"GET /table/list 11 2019-04-10 14:42:11","timestamp":"2019-04-10 14:42:11"}
{"level":"info","message":"GET /area 2 2019-04-10 14:42:11","timestamp":"2019-04-10 14:42:11"}
{"level":"info","message":"GET /table/list 4 2019-04-10 14:42:11","timestamp":"2019-04-10 14:42:11"}
{"level":"info","message":"GET /system/info 6 2019-04-10 14:43:52","timestamp":"2019-04-10 14:43:52"}
{"level":"info","message":"GET /area 3 2019-04-10 14:43:52","timestamp":"2019-04-10 14:43:52"}
{"level":"info","message":"GET /table/list 4 2019-04-10 14:43:52","timestamp":"2019-04-10 14:43:52"}
{"level":"info","message":"GET /system/info 7 2019-04-10 14:45:12","timestamp":"2019-04-10 14:45:12"}
{"level":"info","message":"GET /system/info 4 2019-04-10 14:45:39","timestamp":"2019-04-10 14:45:39"}
{"level":"info","message":"GET /area 10 2019-04-10 14:45:40","timestamp":"2019-04-10 14:45:40"}
{"level":"info","message":"GET /table/list 9 2019-04-10 14:45:40","timestamp":"2019-04-10 14:45:40"}
{"level":"info","message":"GET /table/list 8 2019-04-10 14:45:42","timestamp":"2019-04-10 14:45:42"}
{"level":"info","message":"GET /area 8 2019-04-10 14:45:42","timestamp":"2019-04-10 14:45:42"}
{"level":"info","message":"GET /table/list 8 2019-04-10 14:45:42","timestamp":"2019-04-10 14:45:42"}
{"level":"info","message":"GET /area 1 2019-04-10 14:45:42","timestamp":"2019-04-10 14:45:42"}
{"level":"info","message":"GET /table/list 4 2019-04-10 14:45:42","timestamp":"2019-04-10 14:45:42"}
{"level":"info","message":"GET /system/info 343 2019-04-10 14:58:01","timestamp":"2019-04-10 14:58:01"}
{"level":"info","message":"GET /area 6 2019-04-10 14:58:01","timestamp":"2019-04-10 14:58:01"}
{"level":"info","message":"GET /table/list 7 2019-04-10 14:58:01","timestamp":"2019-04-10 14:58:01"}
{"level":"info","message":"GET /table/list 7 2019-04-10 14:58:20","timestamp":"2019-04-10 14:58:20"}
{"level":"info","message":"GET /area 6 2019-04-10 14:58:20","timestamp":"2019-04-10 14:58:20"}
{"level":"info","message":"GET /table/list 7 2019-04-10 14:58:20","timestamp":"2019-04-10 14:58:20"}
{"level":"info","message":"GET /area 2 2019-04-10 14:58:20","timestamp":"2019-04-10 14:58:20"}
{"level":"info","message":"GET /table/list 4 2019-04-10 14:58:20","timestamp":"2019-04-10 14:58:20"}
{"level":"info","message":"GET /table/list 6 2019-04-10 15:00:44","timestamp":"2019-04-10 15:00:44"}
{"level":"info","message":"GET /area 7 2019-04-10 15:00:44","timestamp":"2019-04-10 15:00:44"}
{"level":"info","message":"GET /table/list 6 2019-04-10 15:00:44","timestamp":"2019-04-10 15:00:44"}
{"level":"info","message":"GET /area 2 2019-04-10 15:00:45","timestamp":"2019-04-10 15:00:45"}
{"level":"info","message":"GET /table/list 4 2019-04-10 15:00:45","timestamp":"2019-04-10 15:00:45"}
{"level":"error","message":"==mqtt==close==你已断开连接,异常退出","timestamp":"2019-04-10 15:26:07"}
{"level":"info","message":"==mqtt==reconnect==正在尝试重新连接","timestamp":"2019-04-10 15:26:22"}
{"level":"info","message":"mqtt成功连接到：ws://test.emq.restoplus.cn:8083/mqtt","timestamp":"2019-04-10 15:26:22"}
{"level":"info","message":"GET /system/info 8 2019-04-10 17:34:19","timestamp":"2019-04-10 17:34:19"}
{"level":"info","message":"GET /area 2 2019-04-10 17:34:20","timestamp":"2019-04-10 17:34:20"}
{"level":"info","message":"GET /table/list 5 2019-04-10 17:34:20","timestamp":"2019-04-10 17:34:20"}
{"level":"info","message":"GET /area 3 2019-04-10 17:34:23","timestamp":"2019-04-10 17:34:23"}
{"level":"info","message":"GET /table/list 4 2019-04-10 17:34:23","timestamp":"2019-04-10 17:34:23"}
{"level":"info","message":"GET /order/detail 16 2019-04-10 17:34:23","timestamp":"2019-04-10 17:34:23"}
{"level":"info","message":"GET /area 1 2019-04-10 17:34:26","timestamp":"2019-04-10 17:34:26"}
{"level":"info","message":"GET /table/list 4 2019-04-10 17:34:26","timestamp":"2019-04-10 17:34:26"}
{"level":"info","message":"GET /area 2 2019-04-10 17:34:27","timestamp":"2019-04-10 17:34:27"}
{"level":"info","message":"GET /table/list 6 2019-04-10 17:34:27","timestamp":"2019-04-10 17:34:27"}
{"level":"info","message":"GET /order/detail 16 2019-04-10 17:34:27","timestamp":"2019-04-10 17:34:27"}
{"level":"info","message":"GET /user/normal/list 30 2019-04-10 17:58:09","timestamp":"2019-04-10 17:58:09"}
{"level":"info","message":"POST /user/login 79 2019-04-10 17:58:14","timestamp":"2019-04-10 17:58:14"}
{"level":"info","message":"GET /system/info 6 2019-04-10 17:58:14","timestamp":"2019-04-10 17:58:14"}
{"level":"info","message":"GET /area 1 2019-04-10 17:58:14","timestamp":"2019-04-10 17:58:14"}
{"level":"info","message":"GET /table/list 6 2019-04-10 17:58:14","timestamp":"2019-04-10 17:58:14"}
{"level":"info","message":"GET /area 4 2019-04-10 17:58:14","timestamp":"2019-04-10 17:58:14"}
{"level":"info","message":"GET /table/list 7 2019-04-10 17:58:14","timestamp":"2019-04-10 17:58:14"}
{"level":"info","message":"GET /order/detail 10 2019-04-10 17:58:19","timestamp":"2019-04-10 17:58:19"}
{"level":"info","message":"GET /area 6 2019-04-10 17:58:19","timestamp":"2019-04-10 17:58:19"}
{"level":"info","message":"GET /table/list 7 2019-04-10 17:58:19","timestamp":"2019-04-10 17:58:19"}
{"level":"info","message":"GET /area 2 2019-04-10 17:58:21","timestamp":"2019-04-10 17:58:21"}
{"level":"info","message":"GET /table/list 3 2019-04-10 17:58:21","timestamp":"2019-04-10 17:58:21"}
{"level":"info","message":"GET /area 4 2019-04-10 17:58:22","timestamp":"2019-04-10 17:58:22"}
{"level":"info","message":"GET /table/list 9 2019-04-10 17:58:22","timestamp":"2019-04-10 17:58:22"}
{"level":"info","message":"GET /order/detail 20 2019-04-10 17:58:22","timestamp":"2019-04-10 17:58:22"}
{"level":"info","message":"GET /article/family_list 2 2019-04-10 17:58:26","timestamp":"2019-04-10 17:58:26"}
{"level":"info","message":"GET /order/detail 2 2019-04-10 17:58:26","timestamp":"2019-04-10 17:58:26"}
{"level":"info","message":"GET /area 7 2019-04-10 17:58:32","timestamp":"2019-04-10 17:58:32"}
{"level":"info","message":"GET /table/list 12 2019-04-10 17:58:32","timestamp":"2019-04-10 17:58:32"}
{"level":"info","message":"GET /order/detail 27 2019-04-10 17:58:32","timestamp":"2019-04-10 17:58:32"}
{"level":"info","message":"GET /area 1 2019-04-10 17:58:38","timestamp":"2019-04-10 17:58:38"}
{"level":"info","message":"GET /table/list 3 2019-04-10 17:58:38","timestamp":"2019-04-10 17:58:38"}
{"level":"info","message":"GET /area 2 2019-04-10 17:58:38","timestamp":"2019-04-10 17:58:38"}
{"level":"info","message":"GET /table/list 4 2019-04-10 17:58:38","timestamp":"2019-04-10 17:58:38"}
{"level":"info","message":"GET /area 1 2019-04-10 17:58:41","timestamp":"2019-04-10 17:58:41"}
{"level":"info","message":"GET /table/list 4 2019-04-10 17:58:41","timestamp":"2019-04-10 17:58:41"}
{"level":"info","message":"GET /area 1 2019-04-10 17:58:41","timestamp":"2019-04-10 17:58:41"}
{"level":"info","message":"GET /table/list 4 2019-04-10 17:58:41","timestamp":"2019-04-10 17:58:41"}
{"level":"info","message":"GET /area 3 2019-04-10 17:58:44","timestamp":"2019-04-10 17:58:44"}
{"level":"info","message":"GET /table/list 5 2019-04-10 17:58:44","timestamp":"2019-04-10 17:58:44"}
{"level":"info","message":"GET /area 2 2019-04-10 17:58:44","timestamp":"2019-04-10 17:58:44"}
{"level":"info","message":"GET /table/list 5 2019-04-10 17:58:44","timestamp":"2019-04-10 17:58:44"}
{"level":"info","message":"GET /area 1 2019-04-10 17:59:03","timestamp":"2019-04-10 17:59:03"}
{"level":"info","message":"GET /table/list 5 2019-04-10 17:59:03","timestamp":"2019-04-10 17:59:03"}
{"level":"info","message":"GET /area 2 2019-04-10 17:59:03","timestamp":"2019-04-10 17:59:03"}
{"level":"info","message":"GET /table/list 4 2019-04-10 17:59:03","timestamp":"2019-04-10 17:59:03"}
