{"level":"info","message":"mqtt成功连接到：ws://test.emq.restoplus.cn:8083/mqtt","timestamp":"2019-07-11 09:56:06"}
{"level":"info","message":"订阅成功--$queue/winPos/+/2f83afee7a0e4822a6729145dd53af33/d2ff1bbb8c6f4fd8adb3949f76f8c1b6/+/+/+","timestamp":"2019-07-11 09:56:06"}
{"level":"info","message":"允许接收的平台=>posAdmin-dev,resto-dev","timestamp":"2019-07-11 09:56:06"}
{"level":"error","message":"==mqtt==close==你已断开连接,异常退出","timestamp":"2019-07-11 09:56:34"}
{"level":"error","message":"==mqtt==reconnect==正在尝试重新连接","timestamp":"2019-07-11 09:56:51"}
{"level":"info","message":"mqtt成功连接到：ws://test.emq.restoplus.cn:8083/mqtt","timestamp":"2019-07-11 09:56:51"}
{"level":"info","message":"订阅成功--$queue/winPos/+/2f83afee7a0e4822a6729145dd53af33/d2ff1bbb8c6f4fd8adb3949f76f8c1b6/+/+/+","timestamp":"2019-07-11 09:56:51"}
{"level":"info","message":"允许接收的平台=>posAdmin-dev,resto-dev","timestamp":"2019-07-11 09:56:51"}
{"level":"info","message":"GET /system/info 211 2019-07-11 09:57:56","timestamp":"2019-07-11 09:57:56"}
{"level":"info","message":"GET /on/line/state 3 2019-07-11 09:57:58","timestamp":"2019-07-11 09:57:58"}
{"level":"info","message":"GET /order/order_state_count 38 2019-07-11 09:57:58","timestamp":"2019-07-11 09:57:58"}
{"level":"info","message":"GET /area 23 2019-07-11 09:57:58","timestamp":"2019-07-11 09:57:58"}
{"level":"info","message":"GET /table/list 51 2019-07-11 09:57:58","timestamp":"2019-07-11 09:57:58"}
{"level":"info","message":"GET /table/number 6 2019-07-11 09:57:58","timestamp":"2019-07-11 09:57:58"}
{"level":"info","message":"启动离线订单检测！间隔180000","timestamp":"2019-07-11 09:58:57"}
{"level":"info","message":"没有需要同步的订单！","timestamp":"2019-07-11 09:58:57"}
{"level":"info","message":"启动打印机检测！间隔240000","timestamp":"2019-07-11 09:59:57"}
{"level":"info","message":"启动离线订单检测！间隔180000","timestamp":"2019-07-11 10:01:57"}
{"level":"info","message":"没有需要同步的订单！","timestamp":"2019-07-11 10:01:57"}
{"level":"info","message":"启动打印机检测！间隔240000","timestamp":"2019-07-11 10:03:57"}
{"level":"info","message":"启动离线订单检测！间隔180000","timestamp":"2019-07-11 10:04:57"}
{"level":"info","message":"没有需要同步的订单！","timestamp":"2019-07-11 10:04:57"}
{"level":"info","message":"启动打印机检测！间隔240000","timestamp":"2019-07-11 10:07:57"}
{"level":"info","message":"启动离线订单检测！间隔180000","timestamp":"2019-07-11 10:07:57"}
{"level":"info","message":"没有需要同步的订单！","timestamp":"2019-07-11 10:07:57"}
{"level":"info","message":"启动离线订单检测！间隔180000","timestamp":"2019-07-11 10:10:57"}
{"level":"info","message":"没有需要同步的订单！","timestamp":"2019-07-11 10:10:57"}
{"level":"info","message":"启动打印机检测！间隔240000","timestamp":"2019-07-11 10:11:57"}
{"level":"info","message":"启动离线订单检测！间隔180000","timestamp":"2019-07-11 10:13:57"}
{"level":"info","message":"没有需要同步的订单！","timestamp":"2019-07-11 10:13:57"}
{"level":"info","message":"启动打印机检测！间隔240000","timestamp":"2019-07-11 10:15:57"}
{"level":"info","message":"启动离线订单检测！间隔180000","timestamp":"2019-07-11 10:16:57"}
{"level":"info","message":"没有需要同步的订单！","timestamp":"2019-07-11 10:16:57"}
{"level":"info","message":"启动打印机检测！间隔240000","timestamp":"2019-07-11 10:19:57"}
{"level":"info","message":"启动离线订单检测！间隔180000","timestamp":"2019-07-11 10:19:57"}
{"level":"info","message":"没有需要同步的订单！","timestamp":"2019-07-11 10:19:57"}
{"level":"info","message":"启动离线订单检测！间隔180000","timestamp":"2019-07-11 10:22:57"}
{"level":"info","message":"没有需要同步的订单！","timestamp":"2019-07-11 10:22:57"}
{"level":"info","message":"启动打印机检测！间隔240000","timestamp":"2019-07-11 10:23:57"}
{"level":"info","message":"启动离线订单检测！间隔180000","timestamp":"2019-07-11 10:25:57"}
{"level":"info","message":"没有需要同步的订单！","timestamp":"2019-07-11 10:25:57"}
{"level":"info","message":"启动打印机检测！间隔240000","timestamp":"2019-07-11 10:27:57"}
{"level":"info","message":"启动离线订单检测！间隔180000","timestamp":"2019-07-11 10:28:57"}
{"level":"info","message":"没有需要同步的订单！","timestamp":"2019-07-11 10:28:57"}
{"level":"info","message":"启动打印机检测！间隔240000","timestamp":"2019-07-11 10:31:57"}
{"level":"info","message":"启动离线订单检测！间隔180000","timestamp":"2019-07-11 10:31:57"}
{"level":"info","message":"没有需要同步的订单！","timestamp":"2019-07-11 10:31:57"}
{"level":"info","message":"启动离线订单检测！间隔180000","timestamp":"2019-07-11 10:34:57"}
{"level":"info","message":"没有需要同步的订单！","timestamp":"2019-07-11 10:34:57"}
{"level":"info","message":"启动打印机检测！间隔240000","timestamp":"2019-07-11 10:35:57"}
{"level":"info","message":"启动离线订单检测！间隔180000","timestamp":"2019-07-11 10:37:57"}
{"level":"info","message":"没有需要同步的订单！","timestamp":"2019-07-11 10:37:57"}
{"level":"info","message":"启动打印机检测！间隔240000","timestamp":"2019-07-11 10:39:57"}
{"level":"info","message":"启动离线订单检测！间隔180000","timestamp":"2019-07-11 10:40:57"}
{"level":"info","message":"没有需要同步的订单！","timestamp":"2019-07-11 10:40:57"}
{"level":"info","message":"启动打印机检测！间隔240000","timestamp":"2019-07-11 10:43:57"}
{"level":"info","message":"启动离线订单检测！间隔180000","timestamp":"2019-07-11 10:43:57"}
{"level":"info","message":"没有需要同步的订单！","timestamp":"2019-07-11 10:43:57"}
{"level":"info","message":"启动离线订单检测！间隔180000","timestamp":"2019-07-11 10:46:57"}
{"level":"info","message":"没有需要同步的订单！","timestamp":"2019-07-11 10:46:57"}
{"level":"info","message":"启动打印机检测！间隔240000","timestamp":"2019-07-11 10:47:57"}
{"level":"info","message":"启动离线订单检测！间隔180000","timestamp":"2019-07-11 10:49:57"}
{"level":"info","message":"没有需要同步的订单！","timestamp":"2019-07-11 10:49:57"}
{"level":"info","message":"启动打印机检测！间隔240000","timestamp":"2019-07-11 10:51:57"}
{"level":"info","message":"启动离线订单检测！间隔180000","timestamp":"2019-07-11 10:52:57"}
{"level":"info","message":"没有需要同步的订单！","timestamp":"2019-07-11 10:52:57"}
{"level":"info","message":"启动打印机检测！间隔240000","timestamp":"2019-07-11 10:55:57"}
{"level":"info","message":"启动离线订单检测！间隔180000","timestamp":"2019-07-11 10:55:57"}
{"level":"info","message":"没有需要同步的订单！","timestamp":"2019-07-11 10:55:57"}
{"level":"info","message":"启动离线订单检测！间隔180000","timestamp":"2019-07-11 10:58:57"}
{"level":"info","message":"没有需要同步的订单！","timestamp":"2019-07-11 10:58:57"}
{"level":"info","message":"启动打印机检测！间隔240000","timestamp":"2019-07-11 10:59:57"}
{"level":"info","message":"启动离线订单检测！间隔180000","timestamp":"2019-07-11 11:01:57"}
{"level":"info","message":"没有需要同步的订单！","timestamp":"2019-07-11 11:01:57"}
{"level":"info","message":"启动打印机检测！间隔240000","timestamp":"2019-07-11 11:03:57"}
{"level":"info","message":"启动离线订单检测！间隔180000","timestamp":"2019-07-11 11:04:57"}
{"level":"info","message":"没有需要同步的订单！","timestamp":"2019-07-11 11:04:57"}
{"level":"info","message":"启动打印机检测！间隔240000","timestamp":"2019-07-11 11:07:57"}
{"level":"info","message":"启动离线订单检测！间隔180000","timestamp":"2019-07-11 11:07:57"}
{"level":"info","message":"没有需要同步的订单！","timestamp":"2019-07-11 11:07:57"}
{"level":"info","message":"启动离线订单检测！间隔180000","timestamp":"2019-07-11 11:10:57"}
{"level":"info","message":"没有需要同步的订单！","timestamp":"2019-07-11 11:10:57"}
{"level":"info","message":"启动打印机检测！间隔240000","timestamp":"2019-07-11 11:11:57"}
{"level":"info","message":"启动离线订单检测！间隔180000","timestamp":"2019-07-11 11:13:57"}
{"level":"info","message":"没有需要同步的订单！","timestamp":"2019-07-11 11:13:57"}
{"level":"info","message":"启动打印机检测！间隔240000","timestamp":"2019-07-11 11:15:57"}
{"level":"info","message":"启动离线订单检测！间隔180000","timestamp":"2019-07-11 11:16:57"}
{"level":"info","message":"没有需要同步的订单！","timestamp":"2019-07-11 11:16:57"}
{"level":"info","message":"GET /system/info 7 2019-07-11 11:19:36","timestamp":"2019-07-11 11:19:36"}
{"level":"info","message":"GET /on/line/state 0 2019-07-11 11:19:36","timestamp":"2019-07-11 11:19:36"}
{"level":"info","message":"GET /order/order_state_count 17 2019-07-11 11:19:36","timestamp":"2019-07-11 11:19:36"}
{"level":"info","message":"GET /area 16 2019-07-11 11:19:36","timestamp":"2019-07-11 11:19:36"}
{"level":"info","message":"GET /table/list 17 2019-07-11 11:19:36","timestamp":"2019-07-11 11:19:36"}
{"level":"info","message":"GET /table/number 3 2019-07-11 11:19:36","timestamp":"2019-07-11 11:19:36"}
{"level":"info","message":"启动打印机检测！间隔240000","timestamp":"2019-07-11 11:19:57"}
{"level":"info","message":"启动离线订单检测！间隔180000","timestamp":"2019-07-11 11:19:57"}
{"level":"info","message":"没有需要同步的订单！","timestamp":"2019-07-11 11:19:57"}
{"level":"info","message":"启动离线订单检测！间隔180000","timestamp":"2019-07-11 11:22:57"}
{"level":"info","message":"没有需要同步的订单！","timestamp":"2019-07-11 11:22:57"}
{"level":"info","message":"GET /system/info 8 2019-07-11 11:23:35","timestamp":"2019-07-11 11:23:35"}
{"level":"info","message":"GET /on/line/state 0 2019-07-11 11:23:35","timestamp":"2019-07-11 11:23:35"}
{"level":"info","message":"GET /order/order_state_count 11 2019-07-11 11:23:35","timestamp":"2019-07-11 11:23:35"}
{"level":"info","message":"GET /area 9 2019-07-11 11:23:35","timestamp":"2019-07-11 11:23:35"}
{"level":"info","message":"GET /table/list 10 2019-07-11 11:23:35","timestamp":"2019-07-11 11:23:35"}
{"level":"info","message":"GET /table/number 3 2019-07-11 11:23:35","timestamp":"2019-07-11 11:23:35"}
{"level":"info","message":"GET /on/line/state 1 2019-07-11 11:23:50","timestamp":"2019-07-11 11:23:50"}
{"level":"info","message":"GET /user/normal/list 11 2019-07-11 11:23:50","timestamp":"2019-07-11 11:23:50"}
{"level":"info","message":"POST /user/login 14 2019-07-11 11:23:55","timestamp":"2019-07-11 11:23:55"}
{"level":"info","message":"启动打印机检测！间隔240000","timestamp":"2019-07-11 11:23:57"}
{"level":"info","message":"POST /user/login 103 2019-07-11 11:24:00","timestamp":"2019-07-11 11:24:00"}
{"level":"info","message":"GET /system/info 3 2019-07-11 11:24:00","timestamp":"2019-07-11 11:24:00"}
{"level":"info","message":"GET /order/order_state_count 7 2019-07-11 11:24:00","timestamp":"2019-07-11 11:24:00"}
{"level":"info","message":"GET /area 2 2019-07-11 11:24:00","timestamp":"2019-07-11 11:24:00"}
{"level":"info","message":"GET /table/list 5 2019-07-11 11:24:00","timestamp":"2019-07-11 11:24:00"}
{"level":"info","message":"GET /on/line/state 1 2019-07-11 11:24:00","timestamp":"2019-07-11 11:24:00"}
{"level":"info","message":"GET /table/number 3 2019-07-11 11:24:00","timestamp":"2019-07-11 11:24:00"}
{"level":"info","message":"GET /system/info 4 2019-07-11 11:24:09","timestamp":"2019-07-11 11:24:09"}
{"level":"info","message":"GET /on/line/state 7 2019-07-11 11:24:09","timestamp":"2019-07-11 11:24:09"}
{"level":"info","message":"GET /order/order_state_count 34 2019-07-11 11:24:09","timestamp":"2019-07-11 11:24:09"}
{"level":"info","message":"GET /area 41 2019-07-11 11:24:09","timestamp":"2019-07-11 11:24:09"}
{"level":"info","message":"GET /table/list 40 2019-07-11 11:24:09","timestamp":"2019-07-11 11:24:09"}
{"level":"info","message":"GET /table/number 2 2019-07-11 11:24:09","timestamp":"2019-07-11 11:24:09"}
{"level":"info","message":"GET /system/info 4 2019-07-11 11:24:11","timestamp":"2019-07-11 11:24:11"}
{"level":"info","message":"GET /on/line/state 12 2019-07-11 11:24:12","timestamp":"2019-07-11 11:24:12"}
{"level":"info","message":"GET /order/order_state_count 48 2019-07-11 11:24:12","timestamp":"2019-07-11 11:24:12"}
{"level":"info","message":"GET /area 43 2019-07-11 11:24:12","timestamp":"2019-07-11 11:24:12"}
{"level":"info","message":"GET /table/list 35 2019-07-11 11:24:12","timestamp":"2019-07-11 11:24:12"}
{"level":"info","message":"GET /table/number 10 2019-07-11 11:24:12","timestamp":"2019-07-11 11:24:12"}
{"level":"info","message":"POST /bind/table 109 2019-07-11 11:24:17","timestamp":"2019-07-11 11:24:17"}
{"level":"info","message":"GET /order/get_order_test 64 2019-07-11 11:24:18","timestamp":"2019-07-11 11:24:18"}
{"level":"info","message":"GET /order/detail 73 2019-07-11 11:24:18","timestamp":"2019-07-11 11:24:18"}
{"level":"info","message":"GET /article/family_list 4 2019-07-11 11:24:18","timestamp":"2019-07-11 11:24:18"}
{"level":"info","message":"GET /order/detail 8 2019-07-11 11:24:18","timestamp":"2019-07-11 11:24:18"}
{"level":"info","message":"GET /article/article_list 87 2019-07-11 11:24:18","timestamp":"2019-07-11 11:24:18"}
{"level":"info","message":"GET /order/order_state_count 7 2019-07-11 11:24:25","timestamp":"2019-07-11 11:24:25"}
{"level":"info","message":"GET /order/wait_order 4 2019-07-11 11:24:25","timestamp":"2019-07-11 11:24:25"}
{"level":"info","message":"GET /order/get_order_test 11 2019-07-11 11:24:25","timestamp":"2019-07-11 11:24:25"}
{"level":"info","message":"GET /order/detail 18 2019-07-11 11:24:25","timestamp":"2019-07-11 11:24:25"}
{"level":"info","message":"GET /order/order_state_count 11 2019-07-11 11:24:30","timestamp":"2019-07-11 11:24:30"}
{"level":"info","message":"GET /area 10 2019-07-11 11:24:30","timestamp":"2019-07-11 11:24:30"}
{"level":"info","message":"GET /table/list 12 2019-07-11 11:24:30","timestamp":"2019-07-11 11:24:30"}
{"level":"info","message":"GET /order/detail 17 2019-07-11 11:24:30","timestamp":"2019-07-11 11:24:30"}
{"level":"info","message":"GET /order/get_order_test 14 2019-07-11 11:24:30","timestamp":"2019-07-11 11:24:30"}
{"level":"info","message":"GET /order/get_order_test 5 2019-07-11 11:24:30","timestamp":"2019-07-11 11:24:30"}
{"level":"info","message":"GET /table/number 2 2019-07-11 11:24:31","timestamp":"2019-07-11 11:24:31"}
{"level":"info","message":"POST /bind/table 39 2019-07-11 11:24:36","timestamp":"2019-07-11 11:24:36"}
{"level":"info","message":"GET /article/family_list 5 2019-07-11 11:24:36","timestamp":"2019-07-11 11:24:36"}
{"level":"info","message":"GET /order/detail 21 2019-07-11 11:24:36","timestamp":"2019-07-11 11:24:36"}
{"level":"info","message":"GET /article/article_list 32 2019-07-11 11:24:36","timestamp":"2019-07-11 11:24:36"}
{"level":"info","message":"GET /order/order_state_count 8 2019-07-11 11:24:46","timestamp":"2019-07-11 11:24:46"}
{"level":"info","message":"GET /order/wait_and_nopay 8 2019-07-11 11:24:46","timestamp":"2019-07-11 11:24:47"}
{"level":"info","message":"GET /order/order_state_count 6 2019-07-11 11:24:51","timestamp":"2019-07-11 11:24:51"}
{"level":"info","message":"GET /area 5 2019-07-11 11:24:51","timestamp":"2019-07-11 11:24:51"}
{"level":"info","message":"GET /table/list 9 2019-07-11 11:24:51","timestamp":"2019-07-11 11:24:51"}
{"level":"info","message":"GET /order/detail 10 2019-07-11 11:24:51","timestamp":"2019-07-11 11:24:51"}
{"level":"info","message":"GET /order/get_order_test 7 2019-07-11 11:24:51","timestamp":"2019-07-11 11:24:51"}
{"level":"info","message":"GET /order/get_order_test 4 2019-07-11 11:24:51","timestamp":"2019-07-11 11:24:51"}
{"level":"info","message":"GET /table/number 2 2019-07-11 11:24:52","timestamp":"2019-07-11 11:24:52"}
{"level":"info","message":"POST /bind/table 82 2019-07-11 11:24:54","timestamp":"2019-07-11 11:24:54"}
{"level":"info","message":"GET /article/family_list 5 2019-07-11 11:24:54","timestamp":"2019-07-11 11:24:54"}
{"level":"info","message":"GET /order/detail 12 2019-07-11 11:24:54","timestamp":"2019-07-11 11:24:54"}
{"level":"info","message":"GET /article/article_list 27 2019-07-11 11:24:55","timestamp":"2019-07-11 11:24:55"}
{"level":"info","message":"GET /order/order_state_count 10 2019-07-11 11:25:03","timestamp":"2019-07-11 11:25:03"}
{"level":"info","message":"GET /area 8 2019-07-11 11:25:03","timestamp":"2019-07-11 11:25:03"}
{"level":"info","message":"GET /table/list 10 2019-07-11 11:25:03","timestamp":"2019-07-11 11:25:03"}
{"level":"info","message":"GET /order/get_order_test 8 2019-07-11 11:25:03","timestamp":"2019-07-11 11:25:03"}
{"level":"info","message":"GET /order/detail 14 2019-07-11 11:25:03","timestamp":"2019-07-11 11:25:03"}
{"level":"info","message":"GET /order/get_order_test 4 2019-07-11 11:25:04","timestamp":"2019-07-11 11:25:04"}
{"level":"info","message":"GET /table/number 3 2019-07-11 11:25:04","timestamp":"2019-07-11 11:25:04"}
{"level":"info","message":"POST /bind/table 34 2019-07-11 11:25:07","timestamp":"2019-07-11 11:25:07"}
{"level":"info","message":"GET /article/family_list 3 2019-07-11 11:25:08","timestamp":"2019-07-11 11:25:08"}
{"level":"info","message":"GET /order/detail 11 2019-07-11 11:25:08","timestamp":"2019-07-11 11:25:08"}
{"level":"info","message":"GET /article/article_list 33 2019-07-11 11:25:08","timestamp":"2019-07-11 11:25:08"}
{"level":"info","message":"GET /order/wait_order 8 2019-07-11 11:25:14","timestamp":"2019-07-11 11:25:14"}
{"level":"info","message":"GET /order/order_state_count 8 2019-07-11 11:25:14","timestamp":"2019-07-11 11:25:14"}
{"level":"info","message":"GET /order/get_order_test 7 2019-07-11 11:25:14","timestamp":"2019-07-11 11:25:14"}
{"level":"info","message":"GET /order/detail 16 2019-07-11 11:25:14","timestamp":"2019-07-11 11:25:14"}
{"level":"info","message":"GET /order/wait_and_nopay 7 2019-07-11 11:25:15","timestamp":"2019-07-11 11:25:15"}
{"level":"info","message":"GET /order/order_state_count 8 2019-07-11 11:25:15","timestamp":"2019-07-11 11:25:15"}
{"level":"info","message":"GET /order/get_order_test 12 2019-07-11 11:25:15","timestamp":"2019-07-11 11:25:15"}
{"level":"info","message":"GET /order/detail 16 2019-07-11 11:25:15","timestamp":"2019-07-11 11:25:15"}
{"level":"info","message":"GET /order/wait_order 3 2019-07-11 11:25:18","timestamp":"2019-07-11 11:25:18"}
{"level":"info","message":"GET /order/order_state_count 4 2019-07-11 11:25:18","timestamp":"2019-07-11 11:25:18"}
{"level":"info","message":"GET /order/get_order_test 8 2019-07-11 11:25:18","timestamp":"2019-07-11 11:25:18"}
{"level":"info","message":"GET /order/detail 12 2019-07-11 11:25:18","timestamp":"2019-07-11 11:25:18"}
{"level":"info","message":"GET /order/wait_and_nopay 7 2019-07-11 11:25:19","timestamp":"2019-07-11 11:25:19"}
{"level":"info","message":"GET /order/order_state_count 8 2019-07-11 11:25:19","timestamp":"2019-07-11 11:25:19"}
{"level":"info","message":"GET /order/get_order_test 9 2019-07-11 11:25:19","timestamp":"2019-07-11 11:25:19"}
{"level":"info","message":"GET /order/detail 15 2019-07-11 11:25:19","timestamp":"2019-07-11 11:25:19"}
{"level":"info","message":"GET /order/order_state_count 12 2019-07-11 11:25:23","timestamp":"2019-07-11 11:25:23"}
{"level":"info","message":"GET /area 11 2019-07-11 11:25:23","timestamp":"2019-07-11 11:25:23"}
{"level":"info","message":"GET /table/list 10 2019-07-11 11:25:23","timestamp":"2019-07-11 11:25:23"}
{"level":"info","message":"GET /order/get_order_test 8 2019-07-11 11:25:23","timestamp":"2019-07-11 11:25:23"}
{"level":"info","message":"GET /order/detail 15 2019-07-11 11:25:23","timestamp":"2019-07-11 11:25:23"}
{"level":"info","message":"GET /order/get_order_test 5 2019-07-11 11:25:24","timestamp":"2019-07-11 11:25:24"}
{"level":"info","message":"GET /order/order_state_count 6 2019-07-11 11:25:24","timestamp":"2019-07-11 11:25:24"}
{"level":"info","message":"GET /order/wait_and_nopay 7 2019-07-11 11:25:24","timestamp":"2019-07-11 11:25:24"}
{"level":"info","message":"GET /order/detail 10 2019-07-11 11:25:24","timestamp":"2019-07-11 11:25:24"}
{"level":"info","message":"GET /order/get_order_test 9 2019-07-11 11:25:24","timestamp":"2019-07-11 11:25:24"}
{"level":"info","message":"GET /order/get_order_test 5 2019-07-11 11:25:24","timestamp":"2019-07-11 11:25:24"}
{"level":"info","message":"GET /order/wait_and_nopay 15 2019-07-11 11:25:25","timestamp":"2019-07-11 11:25:25"}
{"level":"info","message":"GET /order/order_state_count 16 2019-07-11 11:25:25","timestamp":"2019-07-11 11:25:25"}
{"level":"info","message":"GET /order/get_order_test 8 2019-07-11 11:25:25","timestamp":"2019-07-11 11:25:25"}
{"level":"info","message":"GET /order/detail 15 2019-07-11 11:25:25","timestamp":"2019-07-11 11:25:25"}
{"level":"info","message":"GET /order/wait_order 12 2019-07-11 11:25:26","timestamp":"2019-07-11 11:25:26"}
{"level":"info","message":"GET /order/order_state_count 16 2019-07-11 11:25:26","timestamp":"2019-07-11 11:25:26"}
{"level":"info","message":"GET /order/get_order_test 11 2019-07-11 11:25:26","timestamp":"2019-07-11 11:25:26"}
{"level":"info","message":"GET /order/detail 16 2019-07-11 11:25:26","timestamp":"2019-07-11 11:25:26"}
{"level":"info","message":"启动离线订单检测！间隔180000","timestamp":"2019-07-11 11:25:57"}
{"level":"info","message":"没有需要同步的订单！","timestamp":"2019-07-11 11:25:57"}
{"level":"info","message":"GET /order/wait_and_nopay 9 2019-07-11 11:26:00","timestamp":"2019-07-11 11:26:00"}
{"level":"info","message":"GET /order/order_state_count 9 2019-07-11 11:26:00","timestamp":"2019-07-11 11:26:00"}
{"level":"info","message":"GET /order/get_order_test 9 2019-07-11 11:26:00","timestamp":"2019-07-11 11:26:00"}
{"level":"info","message":"GET /order/detail 15 2019-07-11 11:26:00","timestamp":"2019-07-11 11:26:00"}
{"level":"info","message":"GET /order/cancel 40 2019-07-11 11:26:04","timestamp":"2019-07-11 11:26:04"}
{"level":"info","message":"【/v1/newpos/order/cancel】==> 取消成功！","timestamp":"2019-07-11 11:26:04"}
{"level":"info","message":"GET /order/order_state_count 9 2019-07-11 11:26:04","timestamp":"2019-07-11 11:26:04"}
{"level":"info","message":"GET /area 12 2019-07-11 11:26:04","timestamp":"2019-07-11 11:26:04"}
{"level":"info","message":"GET /table/list 18 2019-07-11 11:26:04","timestamp":"2019-07-11 11:26:04"}
{"level":"info","message":"GET /order/get_order_test 10 2019-07-11 11:26:04","timestamp":"2019-07-11 11:26:04"}
{"level":"info","message":"GET /order/detail 17 2019-07-11 11:26:04","timestamp":"2019-07-11 11:26:04"}
{"level":"info","message":"GET /order/get_order_test 4 2019-07-11 11:26:05","timestamp":"2019-07-11 11:26:05"}
{"level":"info","message":"GET /table/number 1 2019-07-11 11:26:06","timestamp":"2019-07-11 11:26:06"}
{"level":"info","message":"POST /bind/table 30 2019-07-11 11:26:08","timestamp":"2019-07-11 11:26:08"}
{"level":"info","message":"GET /article/family_list 8 2019-07-11 11:26:09","timestamp":"2019-07-11 11:26:09"}
{"level":"info","message":"GET /order/detail 15 2019-07-11 11:26:09","timestamp":"2019-07-11 11:26:09"}
{"level":"info","message":"GET /article/article_list 30 2019-07-11 11:26:09","timestamp":"2019-07-11 11:26:09"}
{"level":"info","message":"GET /order/order_state_count 7 2019-07-11 11:26:22","timestamp":"2019-07-11 11:26:22"}
{"level":"info","message":"GET /area 6 2019-07-11 11:26:22","timestamp":"2019-07-11 11:26:22"}
{"level":"info","message":"GET /table/list 6 2019-07-11 11:26:22","timestamp":"2019-07-11 11:26:22"}
{"level":"info","message":"GET /order/get_order_test 9 2019-07-11 11:26:22","timestamp":"2019-07-11 11:26:22"}
{"level":"info","message":"GET /order/detail 20 2019-07-11 11:26:22","timestamp":"2019-07-11 11:26:22"}
{"level":"info","message":"GET /order/get_order_test 3 2019-07-11 11:26:22","timestamp":"2019-07-11 11:26:22"}
{"level":"info","message":"GET /table/number 3 2019-07-11 11:26:23","timestamp":"2019-07-11 11:26:23"}
{"level":"info","message":"POST /bind/table 39 2019-07-11 11:26:27","timestamp":"2019-07-11 11:26:27"}
{"level":"info","message":"GET /article/family_list 1 2019-07-11 11:26:27","timestamp":"2019-07-11 11:26:27"}
{"level":"info","message":"GET /order/detail 7 2019-07-11 11:26:27","timestamp":"2019-07-11 11:26:27"}
{"level":"info","message":"GET /article/article_list 23 2019-07-11 11:26:27","timestamp":"2019-07-11 11:26:27"}
{"level":"info","message":"GET /order/wait_order 4 2019-07-11 11:26:37","timestamp":"2019-07-11 11:26:37"}
{"level":"info","message":"GET /order/order_state_count 8 2019-07-11 11:26:37","timestamp":"2019-07-11 11:26:37"}
{"level":"info","message":"GET /order/detail 6 2019-07-11 11:26:37","timestamp":"2019-07-11 11:26:37"}
{"level":"info","message":"GET /order/get_order_test 9 2019-07-11 11:26:37","timestamp":"2019-07-11 11:26:37"}
{"level":"info","message":"GET /order/wait_and_nopay 5 2019-07-11 11:26:39","timestamp":"2019-07-11 11:26:39"}
{"level":"info","message":"GET /order/order_state_count 5 2019-07-11 11:26:39","timestamp":"2019-07-11 11:26:39"}
{"level":"info","message":"GET /order/get_order_test 10 2019-07-11 11:26:39","timestamp":"2019-07-11 11:26:39"}
{"level":"info","message":"GET /order/detail 15 2019-07-11 11:26:39","timestamp":"2019-07-11 11:26:39"}
{"level":"info","message":"GET /order/wait_order 8 2019-07-11 11:26:42","timestamp":"2019-07-11 11:26:42"}
{"level":"info","message":"GET /order/order_state_count 13 2019-07-11 11:26:42","timestamp":"2019-07-11 11:26:42"}
{"level":"info","message":"GET /order/get_order_test 10 2019-07-11 11:26:42","timestamp":"2019-07-11 11:26:42"}
{"level":"info","message":"GET /order/detail 20 2019-07-11 11:26:42","timestamp":"2019-07-11 11:26:42"}
{"level":"info","message":"GET /order/wait_and_nopay 3 2019-07-11 11:26:43","timestamp":"2019-07-11 11:26:43"}
{"level":"info","message":"GET /order/order_state_count 7 2019-07-11 11:26:43","timestamp":"2019-07-11 11:26:43"}
{"level":"info","message":"GET /order/detail 13 2019-07-11 11:26:43","timestamp":"2019-07-11 11:26:43"}
{"level":"info","message":"GET /order/get_order_test 8 2019-07-11 11:26:43","timestamp":"2019-07-11 11:26:43"}
{"level":"info","message":"启动打印机检测！间隔240000","timestamp":"2019-07-11 11:27:57"}
{"level":"info","message":"启动离线订单检测！间隔180000","timestamp":"2019-07-11 11:28:57"}
{"level":"info","message":"没有需要同步的订单！","timestamp":"2019-07-11 11:28:57"}
{"level":"info","message":"启动打印机检测！间隔240000","timestamp":"2019-07-11 11:31:57"}
{"level":"info","message":"启动离线订单检测！间隔180000","timestamp":"2019-07-11 11:31:57"}
{"level":"info","message":"没有需要同步的订单！","timestamp":"2019-07-11 11:31:57"}
{"level":"info","message":"启动离线订单检测！间隔180000","timestamp":"2019-07-11 11:34:57"}
{"level":"info","message":"没有需要同步的订单！","timestamp":"2019-07-11 11:34:57"}
{"level":"info","message":"启动打印机检测！间隔240000","timestamp":"2019-07-11 11:35:57"}
{"level":"info","message":"启动离线订单检测！间隔180000","timestamp":"2019-07-11 11:37:57"}
{"level":"info","message":"没有需要同步的订单！","timestamp":"2019-07-11 11:37:57"}
{"level":"info","message":"启动打印机检测！间隔240000","timestamp":"2019-07-11 11:39:57"}
{"level":"info","message":"启动离线订单检测！间隔180000","timestamp":"2019-07-11 11:40:57"}
{"level":"info","message":"没有需要同步的订单！","timestamp":"2019-07-11 11:40:58"}
{"level":"info","message":"启动打印机检测！间隔240000","timestamp":"2019-07-11 11:43:57"}
{"level":"info","message":"启动离线订单检测！间隔180000","timestamp":"2019-07-11 11:43:58"}
{"level":"info","message":"没有需要同步的订单！","timestamp":"2019-07-11 11:43:58"}
{"level":"info","message":"启动离线订单检测！间隔180000","timestamp":"2019-07-11 11:46:58"}
{"level":"info","message":"没有需要同步的订单！","timestamp":"2019-07-11 11:46:58"}
{"level":"info","message":"启动打印机检测！间隔240000","timestamp":"2019-07-11 11:47:57"}
{"level":"info","message":"启动离线订单检测！间隔180000","timestamp":"2019-07-11 11:49:58"}
{"level":"info","message":"没有需要同步的订单！","timestamp":"2019-07-11 11:49:58"}
{"level":"info","message":"启动打印机检测！间隔240000","timestamp":"2019-07-11 11:51:57"}
{"level":"info","message":"启动离线订单检测！间隔180000","timestamp":"2019-07-11 11:52:58"}
{"level":"info","message":"没有需要同步的订单！","timestamp":"2019-07-11 11:52:58"}
{"level":"info","message":"启动打印机检测！间隔240000","timestamp":"2019-07-11 11:55:57"}
{"level":"info","message":"启动离线订单检测！间隔180000","timestamp":"2019-07-11 11:55:58"}
{"level":"info","message":"没有需要同步的订单！","timestamp":"2019-07-11 11:55:58"}
{"level":"info","message":"启动离线订单检测！间隔180000","timestamp":"2019-07-11 11:58:58"}
{"level":"info","message":"没有需要同步的订单！","timestamp":"2019-07-11 11:58:58"}
{"level":"info","message":"启动打印机检测！间隔240000","timestamp":"2019-07-11 11:59:57"}
{"level":"error","message":"==mqtt==close==你已断开连接,异常退出","timestamp":"2019-07-11 13:35:49"}
{"level":"info","message":"启动离线订单检测！间隔180000","timestamp":"2019-07-11 13:36:02"}
{"level":"info","message":"没有需要同步的订单！","timestamp":"2019-07-11 13:36:02"}
{"level":"error","message":"==mqtt==reconnect==正在尝试重新连接","timestamp":"2019-07-11 13:36:04"}
{"level":"info","message":"mqtt成功连接到：ws://test.emq.restoplus.cn:8083/mqtt","timestamp":"2019-07-11 13:36:04"}
{"level":"info","message":"订阅成功--$queue/winPos/+/2f83afee7a0e4822a6729145dd53af33/d2ff1bbb8c6f4fd8adb3949f76f8c1b6/+/+/+","timestamp":"2019-07-11 13:36:04"}
{"level":"info","message":"允许接收的平台=>posAdmin-dev,resto-dev","timestamp":"2019-07-11 13:36:04"}
{"level":"info","message":"启动打印机检测！间隔240000","timestamp":"2019-07-11 13:38:02"}
{"level":"info","message":"启动离线订单检测！间隔180000","timestamp":"2019-07-11 13:39:02"}
{"level":"info","message":"没有需要同步的订单！","timestamp":"2019-07-11 13:39:02"}
{"level":"info","message":"启动打印机检测！间隔240000","timestamp":"2019-07-11 13:42:02"}
{"level":"info","message":"启动离线订单检测！间隔180000","timestamp":"2019-07-11 13:42:02"}
{"level":"info","message":"没有需要同步的订单！","timestamp":"2019-07-11 13:42:02"}
{"level":"info","message":"启动离线订单检测！间隔180000","timestamp":"2019-07-11 13:45:02"}
{"level":"info","message":"没有需要同步的订单！","timestamp":"2019-07-11 13:45:02"}
{"level":"info","message":"启动打印机检测！间隔240000","timestamp":"2019-07-11 13:46:02"}
{"level":"info","message":"启动离线订单检测！间隔180000","timestamp":"2019-07-11 13:48:02"}
{"level":"info","message":"没有需要同步的订单！","timestamp":"2019-07-11 13:48:02"}
{"level":"info","message":"启动打印机检测！间隔240000","timestamp":"2019-07-11 13:50:02"}
{"level":"info","message":"启动离线订单检测！间隔180000","timestamp":"2019-07-11 13:51:02"}
{"level":"info","message":"没有需要同步的订单！","timestamp":"2019-07-11 13:51:02"}
{"level":"info","message":"GET /system/info 10 2019-07-11 13:51:22","timestamp":"2019-07-11 13:51:22"}
{"level":"info","message":"GET /system/info 4 2019-07-11 13:51:22","timestamp":"2019-07-11 13:51:22"}
{"level":"info","message":"GET /on/line/state 0 2019-07-11 13:51:22","timestamp":"2019-07-11 13:51:22"}
{"level":"info","message":"GET /order/wait_and_nopay 10 2019-07-11 13:51:22","timestamp":"2019-07-11 13:51:22"}
{"level":"info","message":"GET /order/order_state_count 10 2019-07-11 13:51:22","timestamp":"2019-07-11 13:51:22"}
{"level":"info","message":"GET /order/detail 25 2019-07-11 13:51:22","timestamp":"2019-07-11 13:51:22"}
{"level":"info","message":"GET /article/family_list 2 2019-07-11 13:51:23","timestamp":"2019-07-11 13:51:23"}
{"level":"info","message":"GET /on/line/state 0 2019-07-11 13:51:23","timestamp":"2019-07-11 13:51:23"}
{"level":"info","message":"GET /order/detail 8 2019-07-11 13:51:23","timestamp":"2019-07-11 13:51:23"}
{"level":"info","message":"GET /order/get_order_test 3 2019-07-11 13:51:23","timestamp":"2019-07-11 13:51:23"}
{"level":"info","message":"GET /article/article_list 15 2019-07-11 13:51:23","timestamp":"2019-07-11 13:51:23"}
{"level":"info","message":"GET /order/cancel 60 2019-07-11 13:51:29","timestamp":"2019-07-11 13:51:29"}
{"level":"info","message":"【/v1/newpos/order/cancel】==> 取消成功！","timestamp":"2019-07-11 13:51:29"}
{"level":"info","message":"GET /order/order_state_count 155 2019-07-11 13:51:30","timestamp":"2019-07-11 13:51:30"}
{"level":"info","message":"GET /area 149 2019-07-11 13:51:30","timestamp":"2019-07-11 13:51:30"}
{"level":"info","message":"GET /table/list 152 2019-07-11 13:51:30","timestamp":"2019-07-11 13:51:30"}
{"level":"info","message":"GET /order/get_order_test 3 2019-07-11 13:51:30","timestamp":"2019-07-11 13:51:30"}
{"level":"info","message":"GET /order/detail 8 2019-07-11 13:51:30","timestamp":"2019-07-11 13:51:30"}
{"level":"info","message":"GET /order/get_order_test 3 2019-07-11 13:51:30","timestamp":"2019-07-11 13:51:30"}
{"level":"info","message":"GET /order/order_state_count 7 2019-07-11 13:51:33","timestamp":"2019-07-11 13:51:33"}
{"level":"info","message":"GET /area 5 2019-07-11 13:51:33","timestamp":"2019-07-11 13:51:33"}
{"level":"info","message":"GET /table/list 11 2019-07-11 13:51:33","timestamp":"2019-07-11 13:51:33"}
{"level":"info","message":"GET /order/detail 18 2019-07-11 13:51:34","timestamp":"2019-07-11 13:51:34"}
{"level":"info","message":"GET /order/get_order_test 15 2019-07-11 13:51:34","timestamp":"2019-07-11 13:51:34"}
{"level":"info","message":"GET /order/get_order_test 6 2019-07-11 13:51:34","timestamp":"2019-07-11 13:51:34"}
{"level":"info","message":"GET /article/family_list 1 2019-07-11 13:51:38","timestamp":"2019-07-11 13:51:38"}
{"level":"info","message":"GET /order/detail 6 2019-07-11 13:51:38","timestamp":"2019-07-11 13:51:38"}
{"level":"info","message":"GET /article/article_list 25 2019-07-11 13:51:38","timestamp":"2019-07-11 13:51:38"}
{"level":"info","message":"POST /push/order 204 2019-07-11 13:51:45","timestamp":"2019-07-11 13:51:45"}
{"level":"info","message":"【/v1/newpos/order/push】==> 下单成功！","timestamp":"2019-07-11 13:51:45"}
{"level":"info","message":"GET /order/discount_info 2 2019-07-11 13:51:46","timestamp":"2019-07-11 13:51:46"}
{"level":"info","message":"GET /order/detail 13 2019-07-11 13:51:46","timestamp":"2019-07-11 13:51:46"}
{"level":"info","message":"GET /order/detail 8 2019-07-11 13:51:46","timestamp":"2019-07-11 13:51:46"}
{"level":"info","message":"GET /order/order_items 8 2019-07-11 13:51:46","timestamp":"2019-07-11 13:51:46"}
{"level":"info","message":"GET /system/info 3 2019-07-11 13:52:02","timestamp":"2019-07-11 13:52:02"}
{"level":"info","message":"GET /order/order_state_count 5 2019-07-11 13:52:02","timestamp":"2019-07-11 13:52:02"}
{"level":"info","message":"GET /area 2 2019-07-11 13:52:02","timestamp":"2019-07-11 13:52:02"}
{"level":"info","message":"GET /order/detail 14 2019-07-11 13:52:02","timestamp":"2019-07-11 13:52:02"}
{"level":"info","message":"GET /table/list 4 2019-07-11 13:52:02","timestamp":"2019-07-11 13:52:02"}
{"level":"info","message":"GET /on/line/state 0 2019-07-11 13:52:02","timestamp":"2019-07-11 13:52:02"}
{"level":"info","message":"GET /order/get_order_test 22 2019-07-11 13:52:03","timestamp":"2019-07-11 13:52:03"}
{"level":"info","message":"GET /order/cancel 44 2019-07-11 13:52:07","timestamp":"2019-07-11 13:52:07"}
{"level":"info","message":"GET /order/detail 8 2019-07-11 13:52:07","timestamp":"2019-07-11 13:52:07"}
{"level":"info","message":"【/v1/newpos/order/cancel】==> 取消成功！","timestamp":"2019-07-11 13:52:07"}
{"level":"info","message":"GET /order/order_state_count 22 2019-07-11 13:52:07","timestamp":"2019-07-11 13:52:07"}
{"level":"info","message":"GET /area 20 2019-07-11 13:52:07","timestamp":"2019-07-11 13:52:07"}
{"level":"info","message":"GET /table/list 14 2019-07-11 13:52:07","timestamp":"2019-07-11 13:52:07"}
{"level":"info","message":"GET /table/number 3 2019-07-11 13:52:07","timestamp":"2019-07-11 13:52:07"}
{"level":"info","message":"GET /system/info 3 2019-07-11 13:52:14","timestamp":"2019-07-11 13:52:14"}
{"level":"info","message":"GET /order/order_state_count 8 2019-07-11 13:52:15","timestamp":"2019-07-11 13:52:15"}
{"level":"info","message":"GET /on/line/state 0 2019-07-11 13:52:15","timestamp":"2019-07-11 13:52:15"}
{"level":"info","message":"GET /area 8 2019-07-11 13:52:15","timestamp":"2019-07-11 13:52:15"}
{"level":"info","message":"GET /table/list 9 2019-07-11 13:52:15","timestamp":"2019-07-11 13:52:15"}
{"level":"info","message":"GET /order/detail 24 2019-07-11 13:52:15","timestamp":"2019-07-11 13:52:15"}
{"level":"info","message":"GET /table/number 3 2019-07-11 13:52:15","timestamp":"2019-07-11 13:52:15"}
{"level":"info","message":"GET /order/get_order_test 7 2019-07-11 13:52:17","timestamp":"2019-07-11 13:52:17"}
{"level":"info","message":"GET /order/detail 14 2019-07-11 13:52:17","timestamp":"2019-07-11 13:52:17"}
{"level":"info","message":"GET /article/family_list 3 2019-07-11 13:52:18","timestamp":"2019-07-11 13:52:18"}
{"level":"info","message":"GET /order/detail 7 2019-07-11 13:52:18","timestamp":"2019-07-11 13:52:18"}
{"level":"info","message":"GET /article/article_list 21 2019-07-11 13:52:18","timestamp":"2019-07-11 13:52:18"}
{"level":"info","message":"POST /push/order 36 2019-07-11 13:52:21","timestamp":"2019-07-11 13:52:21"}
{"level":"info","message":"【/v1/newpos/order/push】==> 下单成功！","timestamp":"2019-07-11 13:52:21"}
{"level":"info","message":"GET /order/order_items 12 2019-07-11 13:52:21","timestamp":"2019-07-11 13:52:21"}
{"level":"info","message":"GET /order/detail 12 2019-07-11 13:52:21","timestamp":"2019-07-11 13:52:21"}
{"level":"info","message":"GET /order/discount_info 6 2019-07-11 13:52:21","timestamp":"2019-07-11 13:52:21"}
{"level":"info","message":"GET /order/detail 21 2019-07-11 13:52:21","timestamp":"2019-07-11 13:52:21"}
{"level":"info","message":"GET /order/cancel 14 2019-07-11 13:53:19","timestamp":"2019-07-11 13:53:19"}
{"level":"info","message":"GET /order/detail 9 2019-07-11 13:53:19","timestamp":"2019-07-11 13:53:19"}
{"level":"info","message":"【/v1/newpos/order/cancel】==> 取消成功！","timestamp":"2019-07-11 13:53:19"}
{"level":"info","message":"GET /order/order_state_count 7 2019-07-11 13:53:20","timestamp":"2019-07-11 13:53:20"}
{"level":"info","message":"GET /area 6 2019-07-11 13:53:20","timestamp":"2019-07-11 13:53:20"}
{"level":"info","message":"GET /table/list 8 2019-07-11 13:53:20","timestamp":"2019-07-11 13:53:20"}
{"level":"info","message":"GET /table/number 2 2019-07-11 13:53:20","timestamp":"2019-07-11 13:53:20"}
{"level":"info","message":"GET /table/number 2 2019-07-11 13:53:23","timestamp":"2019-07-11 13:53:23"}
{"level":"info","message":"POST /bind/table 27 2019-07-11 13:53:26","timestamp":"2019-07-11 13:53:26"}
{"level":"info","message":"GET /table/number 2 2019-07-11 13:53:26","timestamp":"2019-07-11 13:53:26"}
{"level":"info","message":"GET /article/family_list 2 2019-07-11 13:53:26","timestamp":"2019-07-11 13:53:26"}
{"level":"info","message":"GET /order/detail 11 2019-07-11 13:53:26","timestamp":"2019-07-11 13:53:26"}
{"level":"info","message":"GET /article/article_list 31 2019-07-11 13:53:27","timestamp":"2019-07-11 13:53:27"}
{"level":"info","message":"GET /order/detail 16 2019-07-11 13:53:34","timestamp":"2019-07-11 13:53:34"}
{"level":"info","message":"GET /order/get_order_test 11 2019-07-11 13:53:34","timestamp":"2019-07-11 13:53:34"}
{"level":"info","message":"GET /article/family_list 3 2019-07-11 13:53:36","timestamp":"2019-07-11 13:53:36"}
{"level":"info","message":"GET /order/detail 7 2019-07-11 13:53:36","timestamp":"2019-07-11 13:53:36"}
{"level":"info","message":"GET /article/article_list 27 2019-07-11 13:53:36","timestamp":"2019-07-11 13:53:36"}
{"level":"info","message":"POST /push/order 53 2019-07-11 13:53:39","timestamp":"2019-07-11 13:53:39"}
{"level":"info","message":"【/v1/newpos/order/push】==> 下单成功！","timestamp":"2019-07-11 13:53:39"}
{"level":"info","message":"GET /order/discount_info 3 2019-07-11 13:53:39","timestamp":"2019-07-11 13:53:39"}
{"level":"info","message":"GET /order/detail 12 2019-07-11 13:53:39","timestamp":"2019-07-11 13:53:39"}
{"level":"info","message":"GET /order/detail 12 2019-07-11 13:53:39","timestamp":"2019-07-11 13:53:39"}
{"level":"info","message":"GET /order/order_items 4 2019-07-11 13:53:39","timestamp":"2019-07-11 13:53:39"}
{"level":"info","message":"启动打印机检测！间隔240000","timestamp":"2019-07-11 13:54:02"}
{"level":"info","message":"启动离线订单检测！间隔180000","timestamp":"2019-07-11 13:54:02"}
{"level":"info","message":"没有需要同步的订单！","timestamp":"2019-07-11 13:54:02"}
{"level":"info","message":"GET /system/info 3 2019-07-11 13:54:37","timestamp":"2019-07-11 13:54:37"}
{"level":"info","message":"GET /on/line/state 0 2019-07-11 13:54:38","timestamp":"2019-07-11 13:54:38"}
{"level":"info","message":"GET /article/family_list 13 2019-07-11 13:54:38","timestamp":"2019-07-11 13:54:38"}
{"level":"info","message":"GET /order/detail 15 2019-07-11 13:54:38","timestamp":"2019-07-11 13:54:38"}
{"level":"info","message":"GET /article/article_list 16 2019-07-11 13:54:38","timestamp":"2019-07-11 13:54:38"}
{"level":"info","message":"GET /system/info 3 2019-07-11 13:54:39","timestamp":"2019-07-11 13:54:39"}
{"level":"info","message":"GET /order/detail 7 2019-07-11 13:54:40","timestamp":"2019-07-11 13:54:40"}
{"level":"info","message":"GET /order/discount_info 5 2019-07-11 13:54:40","timestamp":"2019-07-11 13:54:40"}
{"level":"info","message":"GET /order/detail 8 2019-07-11 13:54:40","timestamp":"2019-07-11 13:54:40"}
{"level":"info","message":"GET /on/line/state 1 2019-07-11 13:54:40","timestamp":"2019-07-11 13:54:40"}
{"level":"info","message":"GET /order/order_items 5 2019-07-11 13:54:40","timestamp":"2019-07-11 13:54:40"}
{"level":"info","message":"POST /order/pay 61 2019-07-11 13:54:47","timestamp":"2019-07-11 13:54:47"}
{"level":"info","message":"【/v1/newpos/order/payment】==> 买单成功！","timestamp":"2019-07-11 13:54:47"}
{"level":"info","message":"GET /order/detail 270 2019-07-11 13:54:47","timestamp":"2019-07-11 13:54:47"}
{"level":"info","message":"GET /order/order_state_count 4 2019-07-11 13:54:47","timestamp":"2019-07-11 13:54:47"}
{"level":"info","message":"GET /area 8 2019-07-11 13:54:47","timestamp":"2019-07-11 13:54:47"}
{"level":"info","message":"GET /table/list 9 2019-07-11 13:54:47","timestamp":"2019-07-11 13:54:47"}
{"level":"info","message":"GET /table/number 3 2019-07-11 13:54:47","timestamp":"2019-07-11 13:54:47"}
{"level":"info","message":"GET /order/order_state_count 5 2019-07-11 13:55:05","timestamp":"2019-07-11 13:55:05"}
{"level":"info","message":"GET /area 7 2019-07-11 13:55:05","timestamp":"2019-07-11 13:55:05"}
{"level":"info","message":"GET /table/list 7 2019-07-11 13:55:05","timestamp":"2019-07-11 13:55:05"}
{"level":"info","message":"GET /table/number 2 2019-07-11 13:55:05","timestamp":"2019-07-11 13:55:05"}
{"level":"info","message":"启动离线订单检测！间隔180000","timestamp":"2019-07-11 13:57:02"}
{"level":"info","message":"没有需要同步的订单！","timestamp":"2019-07-11 13:57:02"}
{"level":"info","message":"启动打印机检测！间隔240000","timestamp":"2019-07-11 13:58:02"}
{"level":"info","message":"启动离线订单检测！间隔180000","timestamp":"2019-07-11 14:00:02"}
{"level":"info","message":"没有需要同步的订单！","timestamp":"2019-07-11 14:00:02"}
{"level":"info","message":"启动打印机检测！间隔240000","timestamp":"2019-07-11 14:02:02"}
{"level":"info","message":"启动离线订单检测！间隔180000","timestamp":"2019-07-11 14:03:02"}
{"level":"info","message":"没有需要同步的订单！","timestamp":"2019-07-11 14:03:02"}
{"level":"info","message":"启动打印机检测！间隔240000","timestamp":"2019-07-11 14:06:02"}
{"level":"info","message":"启动离线订单检测！间隔180000","timestamp":"2019-07-11 14:06:02"}
{"level":"info","message":"没有需要同步的订单！","timestamp":"2019-07-11 14:06:02"}
{"level":"info","message":"启动离线订单检测！间隔180000","timestamp":"2019-07-11 14:09:02"}
{"level":"info","message":"没有需要同步的订单！","timestamp":"2019-07-11 14:09:02"}
{"level":"info","message":"启动打印机检测！间隔240000","timestamp":"2019-07-11 14:10:02"}
{"level":"info","message":"启动离线订单检测！间隔180000","timestamp":"2019-07-11 14:12:02"}
{"level":"info","message":"没有需要同步的订单！","timestamp":"2019-07-11 14:12:02"}
{"level":"info","message":"启动打印机检测！间隔240000","timestamp":"2019-07-11 14:14:02"}
{"level":"info","message":"启动离线订单检测！间隔180000","timestamp":"2019-07-11 14:15:02"}
{"level":"info","message":"没有需要同步的订单！","timestamp":"2019-07-11 14:15:02"}
{"level":"info","message":"启动打印机检测！间隔240000","timestamp":"2019-07-11 14:18:02"}
{"level":"info","message":"启动离线订单检测！间隔180000","timestamp":"2019-07-11 14:18:02"}
{"level":"info","message":"没有需要同步的订单！","timestamp":"2019-07-11 14:18:02"}
{"level":"info","message":"启动离线订单检测！间隔180000","timestamp":"2019-07-11 14:21:02"}
{"level":"info","message":"没有需要同步的订单！","timestamp":"2019-07-11 14:21:02"}
{"level":"info","message":"启动打印机检测！间隔240000","timestamp":"2019-07-11 14:22:02"}
{"level":"info","message":"启动离线订单检测！间隔180000","timestamp":"2019-07-11 14:24:02"}
{"level":"info","message":"没有需要同步的订单！","timestamp":"2019-07-11 14:24:02"}
{"level":"info","message":"启动打印机检测！间隔240000","timestamp":"2019-07-11 14:26:02"}
{"level":"info","message":"启动离线订单检测！间隔180000","timestamp":"2019-07-11 14:27:02"}
{"level":"info","message":"没有需要同步的订单！","timestamp":"2019-07-11 14:27:02"}
{"level":"info","message":"启动打印机检测！间隔240000","timestamp":"2019-07-11 14:30:02"}
{"level":"info","message":"启动离线订单检测！间隔180000","timestamp":"2019-07-11 14:30:02"}
{"level":"info","message":"没有需要同步的订单！","timestamp":"2019-07-11 14:30:02"}
{"level":"info","message":"启动离线订单检测！间隔180000","timestamp":"2019-07-11 14:33:04"}
{"level":"info","message":"没有需要同步的订单！","timestamp":"2019-07-11 14:33:04"}
{"level":"info","message":"启动打印机检测！间隔240000","timestamp":"2019-07-11 14:34:04"}
{"level":"info","message":"启动离线订单检测！间隔180000","timestamp":"2019-07-11 14:36:04"}
{"level":"info","message":"没有需要同步的订单！","timestamp":"2019-07-11 14:36:04"}
{"level":"info","message":"启动打印机检测！间隔240000","timestamp":"2019-07-11 14:38:04"}
{"level":"info","message":"启动离线订单检测！间隔180000","timestamp":"2019-07-11 14:39:04"}
{"level":"info","message":"没有需要同步的订单！","timestamp":"2019-07-11 14:39:04"}
{"level":"info","message":"启动打印机检测！间隔240000","timestamp":"2019-07-11 14:42:04"}
{"level":"info","message":"启动离线订单检测！间隔180000","timestamp":"2019-07-11 14:42:04"}
{"level":"info","message":"没有需要同步的订单！","timestamp":"2019-07-11 14:42:04"}
{"level":"info","message":"启动离线订单检测！间隔180000","timestamp":"2019-07-11 14:45:04"}
{"level":"info","message":"没有需要同步的订单！","timestamp":"2019-07-11 14:45:04"}
{"level":"info","message":"启动打印机检测！间隔240000","timestamp":"2019-07-11 14:46:04"}
{"level":"info","message":"启动离线订单检测！间隔180000","timestamp":"2019-07-11 14:48:04"}
{"level":"info","message":"没有需要同步的订单！","timestamp":"2019-07-11 14:48:04"}
{"level":"info","message":"GET /system/info 7 2019-07-11 14:48:41","timestamp":"2019-07-11 14:48:41"}
{"level":"info","message":"GET /on/line/state 0 2019-07-11 14:48:41","timestamp":"2019-07-11 14:48:41"}
{"level":"info","message":"GET /order/order_state_count 21 2019-07-11 14:48:41","timestamp":"2019-07-11 14:48:41"}
{"level":"info","message":"GET /area 17 2019-07-11 14:48:41","timestamp":"2019-07-11 14:48:41"}
{"level":"info","message":"GET /table/list 19 2019-07-11 14:48:41","timestamp":"2019-07-11 14:48:41"}
{"level":"info","message":"GET /table/number 3 2019-07-11 14:48:42","timestamp":"2019-07-11 14:48:42"}
{"level":"info","message":"GET /system/info 4 2019-07-11 14:48:44","timestamp":"2019-07-11 14:48:44"}
{"level":"info","message":"GET /order/order_state_count 5 2019-07-11 14:48:44","timestamp":"2019-07-11 14:48:44"}
{"level":"info","message":"GET /area 10 2019-07-11 14:48:44","timestamp":"2019-07-11 14:48:44"}
{"level":"info","message":"GET /table/list 5 2019-07-11 14:48:44","timestamp":"2019-07-11 14:48:44"}
{"level":"info","message":"GET /on/line/state 2 2019-07-11 14:48:44","timestamp":"2019-07-11 14:48:44"}
{"level":"info","message":"GET /table/number 2 2019-07-11 14:48:44","timestamp":"2019-07-11 14:48:44"}
{"level":"info","message":"GET /table/number 2 2019-07-11 14:49:04","timestamp":"2019-07-11 14:49:04"}
{"level":"info","message":"POST /bind/table 46 2019-07-11 14:49:06","timestamp":"2019-07-11 14:49:06"}
{"level":"info","message":"GET /table/number 4 2019-07-11 14:49:06","timestamp":"2019-07-11 14:49:06"}
{"level":"info","message":"GET /article/family_list 1 2019-07-11 14:49:06","timestamp":"2019-07-11 14:49:06"}
{"level":"info","message":"GET /order/detail 9 2019-07-11 14:49:06","timestamp":"2019-07-11 14:49:06"}
{"level":"info","message":"GET /article/article_list 30 2019-07-11 14:49:06","timestamp":"2019-07-11 14:49:06"}
{"level":"info","message":"POST /push/order 55 2019-07-11 14:49:16","timestamp":"2019-07-11 14:49:16"}
{"level":"info","message":"【/v1/newpos/order/push】==> 下单成功！","timestamp":"2019-07-11 14:49:16"}
{"level":"info","message":"GET /order/discount_info 2 2019-07-11 14:49:16","timestamp":"2019-07-11 14:49:16"}
{"level":"info","message":"GET /order/detail 12 2019-07-11 14:49:16","timestamp":"2019-07-11 14:49:16"}
{"level":"info","message":"GET /order/detail 8 2019-07-11 14:49:16","timestamp":"2019-07-11 14:49:16"}
{"level":"info","message":"GET /order/order_items 8 2019-07-11 14:49:16","timestamp":"2019-07-11 14:49:16"}
{"level":"info","message":"POST /order/pay 16 2019-07-11 14:49:28","timestamp":"2019-07-11 14:49:28"}
{"level":"info","message":"GET /order/detail 40 2019-07-11 14:49:28","timestamp":"2019-07-11 14:49:28"}
{"level":"info","message":"【/v1/newpos/order/payment】==> 买单成功！","timestamp":"2019-07-11 14:49:28"}
{"level":"info","message":"GET /order/order_state_count 6 2019-07-11 14:49:28","timestamp":"2019-07-11 14:49:28"}
{"level":"info","message":"GET /area 11 2019-07-11 14:49:28","timestamp":"2019-07-11 14:49:28"}
{"level":"info","message":"GET /table/list 10 2019-07-11 14:49:28","timestamp":"2019-07-11 14:49:28"}
{"level":"info","message":"GET /table/number 4 2019-07-11 14:49:28","timestamp":"2019-07-11 14:49:28"}
{"level":"info","message":"启动打印机检测！间隔240000","timestamp":"2019-07-11 14:50:04"}
{"level":"info","message":"GET /system/info 5 2019-07-11 14:50:24","timestamp":"2019-07-11 14:50:24"}
{"level":"info","message":"GET /system/info 927 2019-07-11 14:50:25","timestamp":"2019-07-11 14:50:25"}
{"level":"info","message":"GET /on/line/state 1 2019-07-11 14:50:25","timestamp":"2019-07-11 14:50:25"}
{"level":"info","message":"GET /on/line/state 1 2019-07-11 14:50:25","timestamp":"2019-07-11 14:50:25"}
{"level":"info","message":"GET /order/order_state_count 69 2019-07-11 14:50:25","timestamp":"2019-07-11 14:50:25"}
{"level":"info","message":"GET /area 69 2019-07-11 14:50:25","timestamp":"2019-07-11 14:50:25"}
{"level":"info","message":"GET /table/list 63 2019-07-11 14:50:25","timestamp":"2019-07-11 14:50:25"}
{"level":"info","message":"GET /order/order_state_count 18 2019-07-11 14:50:25","timestamp":"2019-07-11 14:50:25"}
{"level":"info","message":"GET /area 18 2019-07-11 14:50:25","timestamp":"2019-07-11 14:50:25"}
{"level":"info","message":"GET /table/list 12 2019-07-11 14:50:25","timestamp":"2019-07-11 14:50:25"}
{"level":"info","message":"GET /table/number 3 2019-07-11 14:50:25","timestamp":"2019-07-11 14:50:25"}
{"level":"info","message":"GET /table/number 3 2019-07-11 14:50:25","timestamp":"2019-07-11 14:50:25"}
{"level":"info","message":"DELETE /user/logout 1 2019-07-11 14:50:32","timestamp":"2019-07-11 14:50:32"}
{"level":"info","message":"GET /user/normal/list 1 2019-07-11 14:50:33","timestamp":"2019-07-11 14:50:33"}
{"level":"info","message":"GET /on/line/state 1 2019-07-11 14:50:33","timestamp":"2019-07-11 14:50:33"}
{"level":"info","message":"POST /user/login 10 2019-07-11 14:50:35","timestamp":"2019-07-11 14:50:35"}
{"level":"info","message":"GET /order/order_state_count 8 2019-07-11 14:50:35","timestamp":"2019-07-11 14:50:35"}
{"level":"info","message":"GET /area 6 2019-07-11 14:50:35","timestamp":"2019-07-11 14:50:35"}
{"level":"info","message":"GET /table/list 6 2019-07-11 14:50:35","timestamp":"2019-07-11 14:50:35"}
{"level":"info","message":"GET /on/line/state 0 2019-07-11 14:50:35","timestamp":"2019-07-11 14:50:35"}
{"level":"info","message":"GET /table/number 5 2019-07-11 14:50:35","timestamp":"2019-07-11 14:50:35"}
{"level":"info","message":"DELETE /user/logout 1 2019-07-11 14:50:42","timestamp":"2019-07-11 14:50:42"}
{"level":"info","message":"GET /user/normal/list 1 2019-07-11 14:50:42","timestamp":"2019-07-11 14:50:42"}
{"level":"info","message":"GET /on/line/state 0 2019-07-11 14:50:42","timestamp":"2019-07-11 14:50:42"}
{"level":"info","message":"POST /user/login 8 2019-07-11 14:50:49","timestamp":"2019-07-11 14:50:49"}
{"level":"info","message":"GET /order/order_state_count 7 2019-07-11 14:50:49","timestamp":"2019-07-11 14:50:49"}
{"level":"info","message":"GET /area 2 2019-07-11 14:50:49","timestamp":"2019-07-11 14:50:49"}
{"level":"info","message":"GET /on/line/state 1 2019-07-11 14:50:49","timestamp":"2019-07-11 14:50:49"}
{"level":"info","message":"GET /table/list 18 2019-07-11 14:50:49","timestamp":"2019-07-11 14:50:49"}
{"level":"info","message":"GET /table/number 4 2019-07-11 14:50:49","timestamp":"2019-07-11 14:50:49"}
{"level":"info","message":"GET /table/number 1 2019-07-11 14:50:55","timestamp":"2019-07-11 14:50:55"}
{"level":"info","message":"POST /bind/table 90 2019-07-11 14:50:57","timestamp":"2019-07-11 14:50:57"}
{"level":"info","message":"GET /table/number 7 2019-07-11 14:50:57","timestamp":"2019-07-11 14:50:57"}
{"level":"info","message":"GET /order/detail 14 2019-07-11 14:50:57","timestamp":"2019-07-11 14:50:57"}
{"level":"info","message":"GET /order/get_order_test 11 2019-07-11 14:50:57","timestamp":"2019-07-11 14:50:57"}
{"level":"info","message":"GET /article/family_list 6 2019-07-11 14:51:02","timestamp":"2019-07-11 14:51:02"}
{"level":"info","message":"GET /order/detail 13 2019-07-11 14:51:02","timestamp":"2019-07-11 14:51:02"}
{"level":"info","message":"GET /article/article_list 25 2019-07-11 14:51:02","timestamp":"2019-07-11 14:51:02"}
{"level":"info","message":"启动离线订单检测！间隔180000","timestamp":"2019-07-11 14:51:04"}
{"level":"info","message":"没有需要同步的订单！","timestamp":"2019-07-11 14:51:04"}
{"level":"info","message":"POST /push/order 60 2019-07-11 14:51:06","timestamp":"2019-07-11 14:51:06"}
{"level":"info","message":"【/v1/newpos/order/push】==> 下单成功！","timestamp":"2019-07-11 14:51:06"}
{"level":"info","message":"GET /order/discount_info 3 2019-07-11 14:51:06","timestamp":"2019-07-11 14:51:06"}
{"level":"info","message":"GET /order/detail 11 2019-07-11 14:51:06","timestamp":"2019-07-11 14:51:06"}
{"level":"info","message":"GET /order/detail 10 2019-07-11 14:51:06","timestamp":"2019-07-11 14:51:06"}
{"level":"info","message":"GET /order/order_items 7 2019-07-11 14:51:06","timestamp":"2019-07-11 14:51:06"}
{"level":"info","message":"启动打印机检测！间隔240000","timestamp":"2019-07-11 14:54:04"}
{"level":"info","message":"启动离线订单检测！间隔180000","timestamp":"2019-07-11 14:54:04"}
{"level":"info","message":"没有需要同步的订单！","timestamp":"2019-07-11 14:54:04"}
{"level":"info","message":"启动离线订单检测！间隔180000","timestamp":"2019-07-11 14:57:04"}
{"level":"info","message":"没有需要同步的订单！","timestamp":"2019-07-11 14:57:04"}
{"level":"info","message":"启动打印机检测！间隔240000","timestamp":"2019-07-11 14:58:04"}
{"level":"info","message":"启动离线订单检测！间隔180000","timestamp":"2019-07-11 15:00:04"}
{"level":"info","message":"没有需要同步的订单！","timestamp":"2019-07-11 15:00:04"}
{"level":"info","message":"启动打印机检测！间隔240000","timestamp":"2019-07-11 15:02:04"}
{"level":"info","message":"启动离线订单检测！间隔180000","timestamp":"2019-07-11 15:03:04"}
{"level":"info","message":"没有需要同步的订单！","timestamp":"2019-07-11 15:03:04"}
{"level":"info","message":"启动打印机检测！间隔240000","timestamp":"2019-07-11 15:06:04"}
{"level":"info","message":"启动离线订单检测！间隔180000","timestamp":"2019-07-11 15:06:04"}
{"level":"info","message":"没有需要同步的订单！","timestamp":"2019-07-11 15:06:04"}
{"level":"info","message":"启动离线订单检测！间隔180000","timestamp":"2019-07-11 15:09:04"}
{"level":"info","message":"没有需要同步的订单！","timestamp":"2019-07-11 15:09:04"}
{"level":"info","message":"启动打印机检测！间隔240000","timestamp":"2019-07-11 15:10:04"}
{"level":"info","message":"启动离线订单检测！间隔180000","timestamp":"2019-07-11 15:12:04"}
{"level":"info","message":"没有需要同步的订单！","timestamp":"2019-07-11 15:12:04"}
{"level":"info","message":"启动打印机检测！间隔240000","timestamp":"2019-07-11 15:14:04"}
{"level":"info","message":"启动离线订单检测！间隔180000","timestamp":"2019-07-11 15:15:04"}
{"level":"info","message":"没有需要同步的订单！","timestamp":"2019-07-11 15:15:04"}
{"level":"info","message":"启动打印机检测！间隔240000","timestamp":"2019-07-11 15:18:04"}
{"level":"info","message":"启动离线订单检测！间隔180000","timestamp":"2019-07-11 15:18:04"}
{"level":"info","message":"没有需要同步的订单！","timestamp":"2019-07-11 15:18:04"}
{"level":"info","message":"启动离线订单检测！间隔180000","timestamp":"2019-07-11 15:21:04"}
{"level":"info","message":"没有需要同步的订单！","timestamp":"2019-07-11 15:21:04"}
{"level":"info","message":"启动打印机检测！间隔240000","timestamp":"2019-07-11 15:22:04"}
{"level":"info","message":"启动离线订单检测！间隔180000","timestamp":"2019-07-11 15:24:04"}
{"level":"info","message":"没有需要同步的订单！","timestamp":"2019-07-11 15:24:04"}
{"level":"info","message":"启动打印机检测！间隔240000","timestamp":"2019-07-11 15:26:04"}
{"level":"info","message":"启动离线订单检测！间隔180000","timestamp":"2019-07-11 15:27:04"}
{"level":"info","message":"没有需要同步的订单！","timestamp":"2019-07-11 15:27:04"}
{"level":"info","message":"启动打印机检测！间隔240000","timestamp":"2019-07-11 15:30:04"}
{"level":"info","message":"启动离线订单检测！间隔180000","timestamp":"2019-07-11 15:30:04"}
{"level":"info","message":"没有需要同步的订单！","timestamp":"2019-07-11 15:30:04"}
{"level":"info","message":"启动离线订单检测！间隔180000","timestamp":"2019-07-11 15:33:04"}
{"level":"info","message":"没有需要同步的订单！","timestamp":"2019-07-11 15:33:04"}
{"level":"info","message":"启动打印机检测！间隔240000","timestamp":"2019-07-11 15:34:04"}
{"level":"info","message":"启动离线订单检测！间隔180000","timestamp":"2019-07-11 15:36:04"}
{"level":"info","message":"没有需要同步的订单！","timestamp":"2019-07-11 15:36:04"}
{"level":"info","message":"启动打印机检测！间隔240000","timestamp":"2019-07-11 15:38:04"}
{"level":"info","message":"启动离线订单检测！间隔180000","timestamp":"2019-07-11 15:39:04"}
{"level":"info","message":"没有需要同步的订单！","timestamp":"2019-07-11 15:39:04"}
{"level":"info","message":"GET /system/info 4 2019-07-11 15:40:46","timestamp":"2019-07-11 15:40:46"}
{"level":"info","message":"GET /order/detail 11 2019-07-11 15:40:46","timestamp":"2019-07-11 15:40:46"}
{"level":"info","message":"GET /on/line/state 1 2019-07-11 15:40:46","timestamp":"2019-07-11 15:40:46"}
{"level":"info","message":"GET /order/discount_info 11 2019-07-11 15:40:46","timestamp":"2019-07-11 15:40:46"}
{"level":"info","message":"GET /order/detail 19 2019-07-11 15:40:46","timestamp":"2019-07-11 15:40:46"}
{"level":"info","message":"GET /order/order_items 11 2019-07-11 15:40:47","timestamp":"2019-07-11 15:40:47"}
{"level":"info","message":"启动打印机检测！间隔240000","timestamp":"2019-07-11 15:42:04"}
{"level":"info","message":"启动离线订单检测！间隔180000","timestamp":"2019-07-11 15:42:04"}
{"level":"info","message":"没有需要同步的订单！","timestamp":"2019-07-11 15:42:04"}
{"level":"info","message":"GET /system/info 5 2019-07-11 15:42:56","timestamp":"2019-07-11 15:42:56"}
{"level":"info","message":"GET /on/line/state 0 2019-07-11 15:42:56","timestamp":"2019-07-11 15:42:56"}
{"level":"info","message":"GET /order/discount_info 10 2019-07-11 15:42:56","timestamp":"2019-07-11 15:42:56"}
{"level":"info","message":"GET /order/detail 22 2019-07-11 15:42:56","timestamp":"2019-07-11 15:42:56"}
{"level":"info","message":"GET /order/detail 8 2019-07-11 15:42:57","timestamp":"2019-07-11 15:42:57"}
{"level":"info","message":"GET /order/order_items 6 2019-07-11 15:42:57","timestamp":"2019-07-11 15:42:57"}
{"level":"info","message":"启动离线订单检测！间隔180000","timestamp":"2019-07-11 15:45:04"}
{"level":"info","message":"没有需要同步的订单！","timestamp":"2019-07-11 15:45:04"}
{"level":"info","message":"启动打印机检测！间隔240000","timestamp":"2019-07-11 15:46:04"}
{"level":"info","message":"启动离线订单检测！间隔180000","timestamp":"2019-07-11 15:48:04"}
{"level":"info","message":"没有需要同步的订单！","timestamp":"2019-07-11 15:48:04"}
{"level":"info","message":"启动打印机检测！间隔240000","timestamp":"2019-07-11 15:50:04"}
{"level":"info","message":"启动离线订单检测！间隔180000","timestamp":"2019-07-11 15:51:04"}
{"level":"info","message":"没有需要同步的订单！","timestamp":"2019-07-11 15:51:04"}
{"level":"info","message":"启动打印机检测！间隔240000","timestamp":"2019-07-11 15:54:04"}
{"level":"info","message":"启动离线订单检测！间隔180000","timestamp":"2019-07-11 15:54:04"}
{"level":"info","message":"没有需要同步的订单！","timestamp":"2019-07-11 15:54:04"}
{"level":"info","message":"启动离线订单检测！间隔180000","timestamp":"2019-07-11 15:57:04"}
{"level":"info","message":"没有需要同步的订单！","timestamp":"2019-07-11 15:57:04"}
{"level":"info","message":"启动打印机检测！间隔240000","timestamp":"2019-07-11 15:58:04"}
{"level":"info","message":"启动离线订单检测！间隔180000","timestamp":"2019-07-11 16:00:04"}
{"level":"info","message":"没有需要同步的订单！","timestamp":"2019-07-11 16:00:04"}
{"level":"info","message":"启动打印机检测！间隔240000","timestamp":"2019-07-11 16:02:04"}
{"level":"info","message":"启动离线订单检测！间隔180000","timestamp":"2019-07-11 16:03:04"}
{"level":"info","message":"没有需要同步的订单！","timestamp":"2019-07-11 16:03:04"}
{"level":"info","message":"mqtt成功连接到：ws://test.emq.restoplus.cn:8083/mqtt","timestamp":"2019-07-11 16:05:51"}
{"level":"info","message":"订阅成功--$queue/winPos/+/2f83afee7a0e4822a6729145dd53af33/d2ff1bbb8c6f4fd8adb3949f76f8c1b6/+/+/+","timestamp":"2019-07-11 16:05:52"}
{"level":"info","message":"允许接收的平台=>posAdmin-dev,resto-dev","timestamp":"2019-07-11 16:05:52"}
