{"level":"error","message":"resource \"GET:/system/info\" not found","timestamp":"2019-02-26T09:11:37.845Z"}
{"level":"info","message":"GET /system/info 8 2019-02-26T09:11:37.848Z","timestamp":"2019-02-26T09:11:37.854Z"}
{"level":"error","message":"ServiceUnavailableError: Response timeout\n    at IncomingMessage.<anonymous> (/Users/chintec/Documents/node/resto-newpos/node_modules/connect-timeout/index.js:84:8)\n    at IncomingMessage.emit (events.js:189:13)\n    at Timeout._onTimeout (/Users/chintec/Documents/node/resto-newpos/node_modules/connect-timeout/index.js:49:11)\n    at ontimeout (timers.js:436:11)\n    at tryOnTimeout (timers.js:300:5)\n    at listOnTimeout (timers.js:263:5)\n    at Timer.processTimers (timers.js:223:10)","timestamp":"2019-02-27T09:04:52.512Z"}
{"level":"error","message":"resource \"DELETE:/admin/logout\" not found","timestamp":"2019-02-28T07:30:33.542Z"}
{"level":"info","message":"DELETE /admin/logout 60 2019-02-28T07:30:33.578Z","timestamp":"2019-02-28T07:30:33.601Z"}
{"level":"error","message":"resource \"DELETE:/admin/logout\" not found","timestamp":"2019-02-28T07:30:36.669Z"}
{"level":"info","message":"DELETE /admin/logout 1 2019-02-28T07:30:36.669Z","timestamp":"2019-02-28T07:30:36.670Z"}
{"level":"error","message":"resource \"GET:/js/vue-count-to.min.js.map\" not found","timestamp":"2019-02-28T08:02:31.400Z"}
{"level":"info","message":"GET /js/vue-count-to.min.js.map 1 2019-02-28T08:02:31.401Z","timestamp":"2019-02-28T08:02:31.401Z"}
{"level":"error","message":"resource \"GET:/js/vue-count-to.min.js.map\" not found","timestamp":"2019-03-01T02:16:54.033Z"}
{"level":"info","message":"GET /js/vue-count-to.min.js.map 36 2019-03-01T02:16:54.066Z","timestamp":"2019-03-01T02:16:54.068Z"}
{"level":"error","message":"resource \"GET:/js/vue-count-to.min.js.map\" not found","timestamp":"2019-03-01T02:17:51.097Z"}
{"level":"info","message":"GET /js/vue-count-to.min.js.map 2 2019-03-01T02:17:51.098Z","timestamp":"2019-03-01T02:17:51.098Z"}
{"level":"error","message":"resource \"GET:/js/vue-count-to.min.js.map\" not found","timestamp":"2019-03-01T02:18:25.001Z"}
{"level":"info","message":"GET /js/vue-count-to.min.js.map 2 2019-03-01T02:18:25.003Z","timestamp":"2019-03-01T02:18:25.006Z"}
{"level":"error","message":"resource \"GET:/js/vue-count-to.min.js.map\" not found","timestamp":"2019-03-01T06:15:06.405Z"}
{"level":"info","message":"GET /js/vue-count-to.min.js.map 1 2019-03-01T06:15:06.406Z","timestamp":"2019-03-01T06:15:06.409Z"}
{"level":"error","message":"resource \"GET:/js/vue-count-to.min.js.map\" not found","timestamp":"2019-03-01T06:18:56.487Z"}
{"level":"info","message":"GET /js/vue-count-to.min.js.map 1 2019-03-01T06:18:56.488Z","timestamp":"2019-03-01T06:18:56.488Z"}
{"level":"error","message":"resource \"GET:/js/vue-count-to.min.js.map\" not found","timestamp":"2019-03-01T06:19:33.208Z"}
{"level":"info","message":"GET /js/vue-count-to.min.js.map 2 2019-03-01T06:19:33.210Z","timestamp":"2019-03-01T06:19:33.211Z"}
{"level":"error","message":"resource \"GET:/js/vue-count-to.min.js.map\" not found","timestamp":"2019-03-01T06:19:50.617Z"}
{"level":"info","message":"GET /js/vue-count-to.min.js.map 0 2019-03-01T06:19:50.617Z","timestamp":"2019-03-01T06:19:50.618Z"}
{"level":"error","message":"resource \"GET:/js/vue-count-to.min.js.map\" not found","timestamp":"2019-03-01T06:20:06.436Z"}
{"level":"info","message":"GET /js/vue-count-to.min.js.map 1 2019-03-01T06:20:06.437Z","timestamp":"2019-03-01T06:20:06.437Z"}
{"level":"error","message":"resource \"GET:/js/vue-count-to.min.js.map\" not found","timestamp":"2019-03-01T06:20:57.779Z"}
{"level":"info","message":"GET /js/vue-count-to.min.js.map 2 2019-03-01T06:20:57.781Z","timestamp":"2019-03-01T06:20:57.781Z"}
{"level":"error","message":"resource \"GET:/js/vue-count-to.min.js.map\" not found","timestamp":"2019-03-01T06:31:21.646Z"}
{"level":"info","message":"GET /js/vue-count-to.min.js.map 1 2019-03-01T06:31:21.646Z","timestamp":"2019-03-01T06:31:21.646Z"}
{"level":"error","message":"resource \"GET:/js/vue-count-to.min.js.map\" not found","timestamp":"2019-03-01T06:33:12.195Z"}
{"level":"info","message":"GET /js/vue-count-to.min.js.map 1 2019-03-01T06:33:12.196Z","timestamp":"2019-03-01T06:33:12.196Z"}
{"level":"error","message":"resource \"GET:/js/vue-count-to.min.js.map\" not found","timestamp":"2019-03-01T06:36:32.853Z"}
{"level":"info","message":"GET /js/vue-count-to.min.js.map 1 2019-03-01T06:36:32.853Z","timestamp":"2019-03-01T06:36:32.854Z"}
{"level":"error","message":"resource \"GET:/js/vue-count-to.min.js.map\" not found","timestamp":"2019-03-01T06:38:51.268Z"}
{"level":"info","message":"GET /js/vue-count-to.min.js.map 1 2019-03-01T06:38:51.268Z","timestamp":"2019-03-01T06:38:51.268Z"}
{"level":"error","message":"resource \"GET:/js/vue-count-to.min.js.map\" not found","timestamp":"2019-03-01T06:41:51.862Z"}
{"level":"info","message":"GET /js/vue-count-to.min.js.map 0 2019-03-01T06:41:51.862Z","timestamp":"2019-03-01T06:41:51.862Z"}
{"level":"error","message":"resource \"GET:/js/vue-count-to.min.js.map\" not found","timestamp":"2019-03-01T06:42:44.725Z"}
{"level":"info","message":"GET /js/vue-count-to.min.js.map 1 2019-03-01T06:42:44.725Z","timestamp":"2019-03-01T06:42:44.725Z"}
{"level":"error","message":"resource \"GET:/js/vue-count-to.min.js.map\" not found","timestamp":"2019-03-01T06:42:48.014Z"}
{"level":"info","message":"GET /js/vue-count-to.min.js.map 1 2019-03-01T06:42:48.014Z","timestamp":"2019-03-01T06:42:48.014Z"}
{"level":"error","message":"resource \"GET:/js/vue-count-to.min.js.map\" not found","timestamp":"2019-03-01T06:44:24.793Z"}
{"level":"info","message":"GET /js/vue-count-to.min.js.map 0 2019-03-01T06:44:24.793Z","timestamp":"2019-03-01T06:44:24.793Z"}
{"level":"error","message":"resource \"GET:/js/vue-count-to.min.js.map\" not found","timestamp":"2019-03-01T06:44:46.747Z"}
{"level":"info","message":"GET /js/vue-count-to.min.js.map 1 2019-03-01T06:44:46.748Z","timestamp":"2019-03-01T06:44:46.748Z"}
{"level":"error","message":"resource \"GET:/js/vue-count-to.min.js.map\" not found","timestamp":"2019-03-01T06:45:55.703Z"}
{"level":"info","message":"GET /js/vue-count-to.min.js.map 1 2019-03-01T06:45:55.703Z","timestamp":"2019-03-01T06:45:55.703Z"}
{"level":"error","message":"resource \"GET:/js/vue-count-to.min.js.map\" not found","timestamp":"2019-03-01T06:46:00.030Z"}
{"level":"info","message":"GET /js/vue-count-to.min.js.map 1 2019-03-01T06:46:00.030Z","timestamp":"2019-03-01T06:46:00.030Z"}
{"level":"error","message":"resource \"GET:/js/vue-count-to.min.js.map\" not found","timestamp":"2019-03-01T06:48:19.993Z"}
{"level":"info","message":"GET /js/vue-count-to.min.js.map 0 2019-03-01T06:48:19.993Z","timestamp":"2019-03-01T06:48:19.993Z"}
{"level":"error","message":"resource \"GET:/js/vue-count-to.min.js.map\" not found","timestamp":"2019-03-01T06:52:50.666Z"}
{"level":"info","message":"GET /js/vue-count-to.min.js.map 1 2019-03-01T06:52:50.667Z","timestamp":"2019-03-01T06:52:50.667Z"}
{"level":"error","message":"resource \"GET:/js/vue-count-to.min.js.map\" not found","timestamp":"2019-03-01T06:53:42.429Z"}
{"level":"info","message":"GET /js/vue-count-to.min.js.map 2 2019-03-01T06:53:42.430Z","timestamp":"2019-03-01T06:53:42.431Z"}
{"level":"error","message":"resource \"GET:/js/vue-count-to.min.js.map\" not found","timestamp":"2019-03-01T06:53:42.657Z"}
{"level":"info","message":"GET /js/vue-count-to.min.js.map 1 2019-03-01T06:53:42.658Z","timestamp":"2019-03-01T06:53:42.659Z"}
{"level":"error","message":"resource \"GET:/js/vue-count-to.min.js.map\" not found","timestamp":"2019-03-01T06:57:43.917Z"}
{"level":"info","message":"GET /js/vue-count-to.min.js.map 1 2019-03-01T06:57:43.918Z","timestamp":"2019-03-01T06:57:43.918Z"}
{"level":"error","message":"resource \"GET:/js/vue-count-to.min.js.map\" not found","timestamp":"2019-03-01T06:57:44.019Z"}
{"level":"info","message":"GET /js/vue-count-to.min.js.map 1 2019-03-01T06:57:44.020Z","timestamp":"2019-03-01T06:57:44.020Z"}
{"level":"error","message":"ServiceUnavailableError: Response timeout\n    at IncomingMessage.<anonymous> (/Users/chintec/Documents/node/resto-newpos/node_modules/connect-timeout/index.js:84:8)\n    at IncomingMessage.emit (events.js:189:13)\n    at Timeout._onTimeout (/Users/chintec/Documents/node/resto-newpos/node_modules/connect-timeout/index.js:49:11)\n    at ontimeout (timers.js:436:11)\n    at tryOnTimeout (timers.js:300:5)\n    at listOnTimeout (timers.js:263:5)\n    at Timer.processTimers (timers.js:223:10)","timestamp":"2019-03-06T07:40:31.545Z"}
{"level":"error","message":"resource \"GET:/ec44c7b752bd69c460b9.hot-update.json\" not found","timestamp":"2019-03-06T07:40:59.840Z"}
{"level":"info","message":"GET /ec44c7b752bd69c460b9.hot-update.json 1 2019-03-06T07:40:59.840Z","timestamp":"2019-03-06T07:40:59.842Z"}
{"level":"error","message":"ServiceUnavailableError: Response timeout\n    at IncomingMessage.<anonymous> (/Users/chintec/Documents/node/resto-newpos/node_modules/connect-timeout/index.js:84:8)\n    at IncomingMessage.emit (events.js:189:13)\n    at Timeout._onTimeout (/Users/chintec/Documents/node/resto-newpos/node_modules/connect-timeout/index.js:49:11)\n    at ontimeout (timers.js:436:11)\n    at tryOnTimeout (timers.js:300:5)\n    at listOnTimeout (timers.js:263:5)\n    at Timer.processTimers (timers.js:223:10)","timestamp":"2019-03-06T07:48:20.257Z"}
{"level":"error","message":"resource \"GET:/a94ba0a17a2bd4f4b000.hot-update.json\" not found","timestamp":"2019-03-06T07:48:41.997Z"}
{"level":"info","message":"GET /a94ba0a17a2bd4f4b000.hot-update.json 3 2019-03-06T07:48:41.999Z","timestamp":"2019-03-06T07:48:42.000Z"}
{"level":"error","message":"ServiceUnavailableError: Response timeout\n    at IncomingMessage.<anonymous> (/Users/chintec/Documents/node/resto-newpos/node_modules/connect-timeout/index.js:84:8)\n    at IncomingMessage.emit (events.js:189:13)\n    at Timeout._onTimeout (/Users/chintec/Documents/node/resto-newpos/node_modules/connect-timeout/index.js:49:11)\n    at ontimeout (timers.js:436:11)\n    at tryOnTimeout (timers.js:300:5)\n    at listOnTimeout (timers.js:263:5)\n    at Timer.processTimers (timers.js:223:10)","timestamp":"2019-03-06T09:41:20.779Z"}
{"level":"error","message":"ServiceUnavailableError: Response timeout\n    at IncomingMessage.<anonymous> (/Users/chintec/Documents/node/resto-newpos/node_modules/connect-timeout/index.js:84:8)\n    at IncomingMessage.emit (events.js:189:13)\n    at Timeout._onTimeout (/Users/chintec/Documents/node/resto-newpos/node_modules/connect-timeout/index.js:49:11)\n    at ontimeout (timers.js:436:11)\n    at tryOnTimeout (timers.js:300:5)\n    at listOnTimeout (timers.js:263:5)\n    at Timer.processTimers (timers.js:223:10)","timestamp":"2019-03-06T09:45:23.018Z"}
{"level":"error","message":"ServiceUnavailableError: Response timeout\n    at IncomingMessage.<anonymous> (/Users/chintec/Documents/node/resto-newpos/node_modules/connect-timeout/index.js:84:8)\n    at IncomingMessage.emit (events.js:189:13)\n    at Timeout._onTimeout (/Users/chintec/Documents/node/resto-newpos/node_modules/connect-timeout/index.js:49:11)\n    at ontimeout (timers.js:436:11)\n    at tryOnTimeout (timers.js:300:5)\n    at listOnTimeout (timers.js:263:5)\n    at Timer.processTimers (timers.js:223:10)","timestamp":"2019-03-06T09:49:11.803Z"}
{"level":"error","message":"ServiceUnavailableError: Response timeout\n    at IncomingMessage.<anonymous> (/Users/chintec/Documents/node/resto-newpos/node_modules/connect-timeout/index.js:84:8)\n    at emitOne (events.js:116:13)\n    at IncomingMessage.emit (events.js:211:7)\n    at Timeout._onTimeout (/Users/chintec/Documents/node/resto-newpos/node_modules/connect-timeout/index.js:49:11)\n    at ontimeout (timers.js:475:11)\n    at tryOnTimeout (timers.js:310:5)\n    at Timer.listOnTimeout (timers.js:270:5)","timestamp":"2019-03-06T10:28:16.289Z"}
{"level":"error","message":"ServiceUnavailableError: Response timeout\n    at IncomingMessage.<anonymous> (/Users/chintec/Documents/node/resto-newpos/node_modules/connect-timeout/index.js:84:8)\n    at emitOne (events.js:116:13)\n    at IncomingMessage.emit (events.js:211:7)\n    at Timeout._onTimeout (/Users/chintec/Documents/node/resto-newpos/node_modules/connect-timeout/index.js:49:11)\n    at ontimeout (timers.js:475:11)\n    at tryOnTimeout (timers.js:310:5)\n    at Timer.listOnTimeout (timers.js:270:5)","timestamp":"2019-03-06T10:28:57.185Z"}
{"level":"info","message":"GET /user/normal/list 548 2019-03-08T07:09:14.761Z","timestamp":"2019-03-08T07:09:14.764Z"}
{"level":"error","message":"SequelizeDatabaseError: SQLITE_ERROR: no such column: token\n    at Query.formatError (/Users/chintec/Documents/node/resto-newpos/node_modules/sequelize/lib/dialects/sqlite/query.js:423:16)\n    at afterExecute (/Users/chintec/Documents/node/resto-newpos/node_modules/sequelize/lib/dialects/sqlite/query.js:119:32)\n    at replacement (/Users/chintec/Documents/node/resto-newpos/node_modules/sqlite3/lib/trace.js:19:31)\n    at Statement.errBack (/Users/chintec/Documents/node/resto-newpos/node_modules/sqlite3/lib/sqlite3.js:16:21)","timestamp":"2019-03-08T07:09:33.033Z"}
{"level":"info","message":"POST /user/login 5 2019-03-08T07:09:33.034Z","timestamp":"2019-03-08T07:09:33.034Z"}
{"level":"info","message":"GET /user/normal/list 3 2019-03-08T07:10:50.090Z","timestamp":"2019-03-08T07:10:50.090Z"}
{"level":"info","message":"GET /user/normal/list 10 2019-03-08T07:11:35.422Z","timestamp":"2019-03-08T07:11:35.422Z"}
{"level":"error","message":"SequelizeDatabaseError: SQLITE_ERROR: no such column: token\n    at Query.formatError (/Users/chintec/Documents/node/resto-newpos/node_modules/sequelize/lib/dialects/sqlite/query.js:423:16)\n    at afterExecute (/Users/chintec/Documents/node/resto-newpos/node_modules/sequelize/lib/dialects/sqlite/query.js:119:32)\n    at replacement (/Users/chintec/Documents/node/resto-newpos/node_modules/sqlite3/lib/trace.js:19:31)\n    at Statement.errBack (/Users/chintec/Documents/node/resto-newpos/node_modules/sqlite3/lib/sqlite3.js:16:21)","timestamp":"2019-03-08T07:11:46.416Z"}
{"level":"info","message":"POST /user/login 4 2019-03-08T07:11:46.417Z","timestamp":"2019-03-08T07:11:46.418Z"}
{"level":"error","message":"ServiceUnavailableError: Response timeout\n    at IncomingMessage.<anonymous> (/Users/chintec/Documents/node/resto-newpos/node_modules/connect-timeout/index.js:84:8)\n    at emitOne (events.js:116:13)\n    at IncomingMessage.emit (events.js:211:7)\n    at Timeout._onTimeout (/Users/chintec/Documents/node/resto-newpos/node_modules/connect-timeout/index.js:49:11)\n    at ontimeout (timers.js:475:11)\n    at tryOnTimeout (timers.js:310:5)\n    at Timer.listOnTimeout (timers.js:270:5)","timestamp":"2019-03-08T07:14:13.314Z"}
{"level":"info","message":"GET /user/normal/list 72 2019-03-08T07:14:25.679Z","timestamp":"2019-03-08T07:14:25.681Z"}
{"level":"info","message":"GET /user/normal/list 4 2019-03-08T07:14:26.773Z","timestamp":"2019-03-08T07:14:26.773Z"}
{"level":"info","message":"POST /user/login 36 2019-03-08T07:14:45.235Z","timestamp":"2019-03-08T07:14:45.236Z"}
{"level":"info","message":"GET /user/normal/list 20 2019-03-08T07:17:45.018Z","timestamp":"2019-03-08T07:17:45.019Z"}
{"level":"info","message":"GET /user/normal/list 3 2019-03-08T07:20:32.449Z","timestamp":"2019-03-08T07:20:32.450Z"}
{"level":"info","message":"POST /user/login 41 2019-03-08T07:21:02.049Z","timestamp":"2019-03-08T07:21:02.049Z"}
{"level":"error","message":"resource \"GET:/js/vue-count-to.min.js.map\" not found","timestamp":"2019-03-08T07:35:55.926Z"}
{"level":"info","message":"GET /js/vue-count-to.min.js.map 1 2019-03-08T07:35:55.927Z","timestamp":"2019-03-08T07:35:55.927Z"}
{"level":"error","message":"resource \"GET:/js/vue-count-to.min.js.map\" not found","timestamp":"2019-03-08T07:36:44.552Z"}
{"level":"info","message":"GET /js/vue-count-to.min.js.map 1 2019-03-08T07:36:44.553Z","timestamp":"2019-03-08T07:36:44.553Z"}
{"level":"error","message":"resource \"GET:/js/vue-count-to.min.js.map\" not found","timestamp":"2019-03-08T07:36:47.608Z"}
{"level":"info","message":"GET /js/vue-count-to.min.js.map 0 2019-03-08T07:36:47.608Z","timestamp":"2019-03-08T07:36:47.608Z"}
{"level":"error","message":"resource \"GET:/js/vue-count-to.min.js.map\" not found","timestamp":"2019-03-08T07:37:09.647Z"}
{"level":"info","message":"GET /js/vue-count-to.min.js.map 1 2019-03-08T07:37:09.648Z","timestamp":"2019-03-08T07:37:09.648Z"}
{"level":"info","message":"GET /user/normal/list 4 2019-03-08T07:37:51.019Z","timestamp":"2019-03-08T07:37:51.020Z"}
{"level":"info","message":"GET /user/normal/list 3 2019-03-08T07:39:19.178Z","timestamp":"2019-03-08T07:39:19.178Z"}
{"level":"info","message":"GET /user/normal/list 3 2019-03-08T07:45:05.291Z","timestamp":"2019-03-08T07:45:05.291Z"}
{"level":"info","message":"GET /user/normal/list 1 2019-03-08T07:45:19.867Z","timestamp":"2019-03-08T07:45:19.867Z"}
{"level":"error","message":"ServiceUnavailableError: Response timeout\n    at IncomingMessage.<anonymous> (/Users/chintec/Documents/node/resto-newpos/node_modules/connect-timeout/index.js:84:8)\n    at emitOne (events.js:116:13)\n    at IncomingMessage.emit (events.js:211:7)\n    at Timeout._onTimeout (/Users/chintec/Documents/node/resto-newpos/node_modules/connect-timeout/index.js:49:11)\n    at ontimeout (timers.js:475:11)\n    at tryOnTimeout (timers.js:310:5)\n    at Timer.listOnTimeout (timers.js:270:5)","timestamp":"2019-03-08T07:46:35.399Z"}
{"level":"info","message":"GET /user/normal/list 83 2019-03-08T07:47:08.851Z","timestamp":"2019-03-08T07:47:08.852Z"}
{"level":"info","message":"GET /user/normal/list 2 2019-03-08T07:47:09.031Z","timestamp":"2019-03-08T07:47:09.031Z"}
{"level":"info","message":"POST /user/login 26 2019-03-08T07:47:20.267Z","timestamp":"2019-03-08T07:47:20.267Z"}
{"level":"info","message":"GET /user/normal/list 8 2019-03-08T08:07:32.513Z","timestamp":"2019-03-08T08:07:32.517Z"}
{"level":"info","message":"POST /user/login 5 2019-03-08T08:07:45.541Z","timestamp":"2019-03-08T08:07:45.542Z"}
{"level":"error","message":"resource \"GET:/js/vue-count-to.min.js.map\" not found","timestamp":"2019-03-08T08:17:13.284Z"}
{"level":"info","message":"GET /js/vue-count-to.min.js.map 1 2019-03-08T08:17:13.285Z","timestamp":"2019-03-08T08:17:13.285Z"}
{"level":"error","message":"ServiceUnavailableError: Response timeout\n    at IncomingMessage.<anonymous> (/Users/chintec/Documents/node/resto-newpos/node_modules/connect-timeout/index.js:84:8)\n    at emitOne (events.js:116:13)\n    at IncomingMessage.emit (events.js:211:7)\n    at Timeout._onTimeout (/Users/chintec/Documents/node/resto-newpos/node_modules/connect-timeout/index.js:49:11)\n    at ontimeout (timers.js:475:11)\n    at tryOnTimeout (timers.js:310:5)\n    at Timer.listOnTimeout (timers.js:270:5)","timestamp":"2019-03-08T08:21:35.257Z"}
{"level":"error","message":"resource \"GET:/6df4792cb0983f6c60dd.hot-update.json\" not found","timestamp":"2019-03-08T08:22:10.025Z"}
{"level":"info","message":"GET /6df4792cb0983f6c60dd.hot-update.json 2 2019-03-08T08:22:10.026Z","timestamp":"2019-03-08T08:22:10.027Z"}
{"level":"info","message":"POST /user/login 69 2019-03-08T10:04:44.754Z","timestamp":"2019-03-08T10:04:44.754Z"}
{"level":"error","message":"resource \"GET:/js/vue-count-to.min.js.map\" not found","timestamp":"2019-03-08T10:04:44.880Z"}
{"level":"info","message":"GET /js/vue-count-to.min.js.map 1 2019-03-08T10:04:44.880Z","timestamp":"2019-03-08T10:04:44.881Z"}
{"level":"error","message":"resource \"GET:/js/vue-count-to.min.js.map\" not found","timestamp":"2019-03-08T10:05:01.765Z"}
{"level":"info","message":"GET /js/vue-count-to.min.js.map 1 2019-03-08T10:05:01.766Z","timestamp":"2019-03-08T10:05:01.771Z"}
{"level":"error","message":"resource \"GET:/js/vue-count-to.min.js.map\" not found","timestamp":"2019-03-08T10:05:04.842Z"}
{"level":"info","message":"GET /js/vue-count-to.min.js.map 1 2019-03-08T10:05:04.843Z","timestamp":"2019-03-08T10:05:04.843Z"}
{"level":"info","message":"POST /user/login 5 2019-03-08T10:05:16.010Z","timestamp":"2019-03-08T10:05:16.010Z"}
{"level":"error","message":"resource \"GET:/js/vue-count-to.min.js.map\" not found","timestamp":"2019-03-08T10:06:35.787Z"}
{"level":"info","message":"GET /js/vue-count-to.min.js.map 1 2019-03-08T10:06:35.787Z","timestamp":"2019-03-08T10:06:35.788Z"}
{"level":"info","message":"POST /user/login 54 2019-03-08T10:07:30.755Z","timestamp":"2019-03-08T10:07:30.756Z"}
{"level":"error","message":"resource \"GET:/js/vue-count-to.min.js.map\" not found","timestamp":"2019-03-08T10:07:30.838Z"}
{"level":"info","message":"GET /js/vue-count-to.min.js.map 1 2019-03-08T10:07:30.839Z","timestamp":"2019-03-08T10:07:30.839Z"}
{"level":"info","message":"POST /user/login 54 2019-03-08T10:10:28.836Z","timestamp":"2019-03-08T10:10:28.836Z"}
{"level":"error","message":"resource \"GET:/js/vue-count-to.min.js.map\" not found","timestamp":"2019-03-08T10:10:28.918Z"}
{"level":"info","message":"GET /js/vue-count-to.min.js.map 4 2019-03-08T10:10:28.922Z","timestamp":"2019-03-08T10:10:28.922Z"}
{"level":"info","message":"POST /user/login 5 2019-03-08T10:13:52.267Z","timestamp":"2019-03-08T10:13:52.268Z"}
{"level":"error","message":"resource \"GET:/js/vue-count-to.min.js.map\" not found","timestamp":"2019-03-08T10:13:52.333Z"}
{"level":"info","message":"GET /js/vue-count-to.min.js.map 1 2019-03-08T10:13:52.333Z","timestamp":"2019-03-08T10:13:52.334Z"}
{"level":"error","message":"resource \"GET:/js/vue-count-to.min.js.map\" not found","timestamp":"2019-03-08T10:15:31.687Z"}
{"level":"info","message":"GET /js/vue-count-to.min.js.map 1 2019-03-08T10:15:31.688Z","timestamp":"2019-03-08T10:15:31.688Z"}
{"level":"info","message":"POST /user/login 39 2019-03-08T10:15:58.852Z","timestamp":"2019-03-08T10:15:58.853Z"}
{"level":"info","message":"POST /user/login 44 2019-03-08T10:17:30.144Z","timestamp":"2019-03-08T10:17:30.145Z"}
{"level":"error","message":"resource \"GET:/js/vue-count-to.min.js.map\" not found","timestamp":"2019-03-08T10:17:30.270Z"}
{"level":"info","message":"GET /js/vue-count-to.min.js.map 1 2019-03-08T10:17:30.271Z","timestamp":"2019-03-08T10:17:30.271Z"}
{"level":"error","message":"resource \"GET:/js/vue-count-to.min.js.map\" not found","timestamp":"2019-03-08T10:18:34.254Z"}
{"level":"info","message":"GET /js/vue-count-to.min.js.map 1 2019-03-08T10:18:34.255Z","timestamp":"2019-03-08T10:18:34.255Z"}
{"level":"error","message":"请传入用户 token","timestamp":"2019-03-08T10:19:05.383Z"}
{"level":"info","message":"GET /system/info 2 2019-03-08T10:19:05.384Z","timestamp":"2019-03-08T10:19:05.384Z"}
{"level":"info","message":"POST /user/login 5 2019-03-08T10:19:31.254Z","timestamp":"2019-03-08T10:19:31.254Z"}
{"level":"info","message":"POST /user/login 36 2019-03-08T10:20:58.546Z","timestamp":"2019-03-08T10:20:58.546Z"}
{"level":"info","message":"POST /user/login 46 2019-03-08T10:23:40.626Z","timestamp":"2019-03-08T10:23:40.626Z"}
{"level":"info","message":"POST /user/login 41 2019-03-08T10:25:28.584Z","timestamp":"2019-03-08T10:25:28.584Z"}
{"level":"info","message":"POST /user/login 41 2019-03-08T10:28:46.253Z","timestamp":"2019-03-08T10:28:46.253Z"}
{"level":"error","message":"请传入用户 token","timestamp":"2019-03-08T10:31:05.237Z"}
{"level":"info","message":"GET /system/info 2 2019-03-08T10:31:05.238Z","timestamp":"2019-03-08T10:31:05.238Z"}
{"level":"info","message":"GET /system/info 58 2019-03-08T10:31:22.074Z","timestamp":"2019-03-08T10:31:22.074Z"}
{"level":"info","message":"POST /user/login 5 2019-03-08T10:33:33.848Z","timestamp":"2019-03-08T10:33:33.848Z"}
{"level":"info","message":"POST /user/login 4 2019-03-08T10:33:52.519Z","timestamp":"2019-03-08T10:33:52.519Z"}
{"level":"info","message":"POST /user/login 6 2019-03-08T10:34:22.929Z","timestamp":"2019-03-08T10:34:22.930Z"}
{"level":"info","message":"POST /user/login 40 2019-03-08T10:35:14.249Z","timestamp":"2019-03-08T10:35:14.249Z"}
{"level":"error","message":"resource \"GET:/js/vue-count-to.min.js.map\" not found","timestamp":"2019-03-08T10:35:14.351Z"}
{"level":"info","message":"GET /js/vue-count-to.min.js.map 1 2019-03-08T10:35:14.351Z","timestamp":"2019-03-08T10:35:14.351Z"}
{"level":"error","message":"resource \"GET:/js/vue-count-to.min.js.map\" not found","timestamp":"2019-03-08T10:37:21.986Z"}
{"level":"info","message":"GET /js/vue-count-to.min.js.map 4 2019-03-08T10:37:21.988Z","timestamp":"2019-03-08T10:37:21.989Z"}
{"level":"error","message":"resource \"GET:/js/vue-count-to.min.js.map\" not found","timestamp":"2019-03-08T10:38:31.203Z"}
{"level":"info","message":"GET /js/vue-count-to.min.js.map 1 2019-03-08T10:38:31.204Z","timestamp":"2019-03-08T10:38:31.205Z"}
{"level":"error","message":"resource \"GET:/js/vue-count-to.min.js.map\" not found","timestamp":"2019-03-08T10:38:37.553Z"}
{"level":"info","message":"GET /js/vue-count-to.min.js.map 1 2019-03-08T10:38:37.554Z","timestamp":"2019-03-08T10:38:37.554Z"}
{"level":"error","message":"resource \"GET:/js/vue-count-to.min.js.map\" not found","timestamp":"2019-03-08T10:38:50.014Z"}
{"level":"info","message":"GET /js/vue-count-to.min.js.map 1 2019-03-08T10:38:50.014Z","timestamp":"2019-03-08T10:38:50.014Z"}
{"level":"error","message":"resource \"GET:/js/vue-count-to.min.js.map\" not found","timestamp":"2019-03-08T10:39:15.318Z"}
{"level":"info","message":"GET /js/vue-count-to.min.js.map 1 2019-03-08T10:39:15.319Z","timestamp":"2019-03-08T10:39:15.319Z"}
{"level":"error","message":"resource \"GET:/js/vue-count-to.min.js.map\" not found","timestamp":"2019-03-08T10:40:38.794Z"}
{"level":"info","message":"GET /js/vue-count-to.min.js.map 1 2019-03-08T10:40:38.794Z","timestamp":"2019-03-08T10:40:38.794Z"}
{"level":"info","message":"POST /user/login 20 2019-03-08T10:40:48.164Z","timestamp":"2019-03-08T10:40:48.164Z"}
{"level":"error","message":"resource \"GET:/js/vue-count-to.min.js.map\" not found","timestamp":"2019-03-08T10:40:48.251Z"}
{"level":"info","message":"GET /js/vue-count-to.min.js.map 0 2019-03-08T10:40:48.251Z","timestamp":"2019-03-08T10:40:48.251Z"}
{"level":"info","message":"POST /user/login 3 2019-03-08T10:40:57.931Z","timestamp":"2019-03-08T10:40:57.931Z"}
{"level":"error","message":"resource \"GET:/js/vue-count-to.min.js.map\" not found","timestamp":"2019-03-08T10:40:57.996Z"}
{"level":"info","message":"GET /js/vue-count-to.min.js.map 1 2019-03-08T10:40:57.997Z","timestamp":"2019-03-08T10:40:57.997Z"}
{"level":"error","message":"resource \"GET:/js/vue-count-to.min.js.map\" not found","timestamp":"2019-03-08T10:41:53.653Z"}
{"level":"info","message":"GET /js/vue-count-to.min.js.map 2 2019-03-08T10:41:53.654Z","timestamp":"2019-03-08T10:41:53.654Z"}
{"level":"error","message":"ServiceUnavailableError: Response timeout\n    at IncomingMessage.<anonymous> (/Users/chintec/Documents/node/resto-newpos/node_modules/connect-timeout/index.js:84:8)\n    at emitOne (events.js:116:13)\n    at IncomingMessage.emit (events.js:211:7)\n    at Timeout._onTimeout (/Users/chintec/Documents/node/resto-newpos/node_modules/connect-timeout/index.js:49:11)\n    at ontimeout (timers.js:475:11)\n    at tryOnTimeout (timers.js:310:5)\n    at Timer.listOnTimeout (timers.js:270:5)","timestamp":"2019-03-08T10:43:00.970Z"}
{"level":"error","message":"resource \"GET:/39b8b3f051ad7f79856e.hot-update.json\" not found","timestamp":"2019-03-08T10:43:37.161Z"}
{"level":"info","message":"GET /39b8b3f051ad7f79856e.hot-update.json 4 2019-03-08T10:43:37.163Z","timestamp":"2019-03-08T10:43:37.165Z"}
{"level":"info","message":"POST /user/login 39 2019-03-08T10:43:46.062Z","timestamp":"2019-03-08T10:43:46.062Z"}
{"level":"info","message":"GET /user/normal/list 115 2019-03-11T06:28:32.678Z","timestamp":"2019-03-11T06:28:32.684Z"}
{"level":"info","message":"GET /user/normal/list 11 2019-03-11T06:31:16.785Z","timestamp":"2019-03-11T06:31:16.786Z"}
{"level":"info","message":"GET /user/normal/list 3 2019-03-11T06:32:02.383Z","timestamp":"2019-03-11T06:32:02.384Z"}
{"level":"info","message":"GET /user/normal/list 24 2019-03-11T06:32:04.196Z","timestamp":"2019-03-11T06:32:04.197Z"}
{"level":"info","message":"GET /user/normal/list 19 2019-03-11T06:37:15.045Z","timestamp":"2019-03-11T06:37:15.046Z"}
{"level":"info","message":"GET /user/normal/list 6 2019-03-11T06:37:56.619Z","timestamp":"2019-03-11T06:37:56.622Z"}
{"level":"info","message":"GET /user/normal/list 4 2019-03-11T06:38:15.876Z","timestamp":"2019-03-11T06:38:15.877Z"}
{"level":"info","message":"GET /user/normal/list 2 2019-03-11T06:38:51.269Z","timestamp":"2019-03-11T06:38:51.269Z"}
{"level":"error","message":"ServiceUnavailableError: Response timeout\n    at IncomingMessage.<anonymous> (/Users/chintec/Documents/node/resto-newpos/node_modules/connect-timeout/index.js:84:8)\n    at emitOne (events.js:116:13)\n    at IncomingMessage.emit (events.js:211:7)\n    at Timeout._onTimeout (/Users/chintec/Documents/node/resto-newpos/node_modules/connect-timeout/index.js:49:11)\n    at ontimeout (timers.js:475:11)\n    at tryOnTimeout (timers.js:310:5)\n    at Timer.listOnTimeout (timers.js:270:5)","timestamp":"2019-03-11T09:19:31.109Z"}
{"level":"error","message":"resource \"GET:/3e93f564308e87e61e50.hot-update.json\" not found","timestamp":"2019-03-11T09:20:06.113Z"}
{"level":"info","message":"GET /3e93f564308e87e61e50.hot-update.json 2 2019-03-11T09:20:06.114Z","timestamp":"2019-03-11T09:20:06.115Z"}
{"level":"info","message":"GET /user/normal/list 409 2019-03-12T10:05:22.478Z","timestamp":"2019-03-12T10:05:22.481Z"}
{"level":"info","message":"POST /user/login 39 2019-03-12T10:05:25.958Z","timestamp":"2019-03-12T10:05:25.959Z"}
{"level":"info","message":"GET /system/info 16 2019-03-12T10:05:26.077Z","timestamp":"2019-03-12T10:05:26.077Z"}
{"level":"info","message":"GET /user/normal/list 18 2019-03-12T10:05:36.786Z","timestamp":"2019-03-12T10:05:36.787Z"}
{"level":"info","message":"POST /user/login 2 2019-03-12T10:05:41.051Z","timestamp":"2019-03-12T10:05:41.051Z"}
{"level":"info","message":"POST /user/login 9 2019-03-12T10:05:42.464Z","timestamp":"2019-03-12T10:05:42.465Z"}
{"level":"info","message":"POST /user/login 2 2019-03-12T10:05:57.027Z","timestamp":"2019-03-12T10:05:57.027Z"}
{"level":"info","message":"POST /user/login 6 2019-03-12T10:06:00.892Z","timestamp":"2019-03-12T10:06:00.893Z"}
{"level":"info","message":"GET /system/info 119 2019-03-12T10:06:29.175Z","timestamp":"2019-03-12T10:06:29.175Z"}
{"level":"info","message":"GET /user/normal/list 4 2019-03-12T10:06:33.101Z","timestamp":"2019-03-12T10:06:33.101Z"}
{"level":"info","message":"GET /system/info 4 2019-03-12T10:06:37.587Z","timestamp":"2019-03-12T10:06:37.588Z"}
{"level":"error","message":"resource \"GET:/js/vue-count-to.min.js.map\" not found","timestamp":"2019-03-12T10:06:37.803Z"}
{"level":"info","message":"GET /js/vue-count-to.min.js.map 1 2019-03-12T10:06:37.803Z","timestamp":"2019-03-12T10:06:37.804Z"}
{"level":"info","message":"GET /user/normal/list 2 2019-03-12T10:06:42.021Z","timestamp":"2019-03-12T10:06:42.022Z"}
{"level":"info","message":"POST /user/login 4 2019-03-12T10:06:49.060Z","timestamp":"2019-03-12T10:06:49.060Z"}
{"level":"info","message":"GET /system/info 24 2019-03-12T10:06:49.149Z","timestamp":"2019-03-12T10:06:49.149Z"}
{"level":"info","message":"POST /user/login 2 2019-03-12T10:06:54.650Z","timestamp":"2019-03-12T10:06:54.650Z"}
{"level":"info","message":"POST /user/login 8 2019-03-12T10:06:55.912Z","timestamp":"2019-03-12T10:06:55.912Z"}
{"level":"info","message":"GET /system/info 6 2019-03-12T10:07:33.767Z","timestamp":"2019-03-12T10:07:33.768Z"}
{"level":"info","message":"GET /system/info 9 2019-03-12T10:07:33.975Z","timestamp":"2019-03-12T10:07:33.975Z"}
{"level":"info","message":"GET /user/normal/list 17 2019-03-12T10:07:34.197Z","timestamp":"2019-03-12T10:07:34.204Z"}
{"level":"error","message":"resource \"GET:/js/vue-count-to.min.js.map\" not found","timestamp":"2019-03-12T10:07:34.250Z"}
{"level":"info","message":"GET /js/vue-count-to.min.js.map 2 2019-03-12T10:07:34.251Z","timestamp":"2019-03-12T10:07:34.251Z"}
{"level":"info","message":"GET /user/normal/list 4 2019-03-12T10:07:42.640Z","timestamp":"2019-03-12T10:07:42.640Z"}
{"level":"info","message":"POST /user/login 2 2019-03-12T10:08:03.801Z","timestamp":"2019-03-12T10:08:03.801Z"}
{"level":"info","message":"POST /user/login 49 2019-03-12T10:08:05.145Z","timestamp":"2019-03-12T10:08:05.145Z"}
{"level":"info","message":"GET /system/info 155 2019-03-12T10:11:29.655Z","timestamp":"2019-03-12T10:11:29.655Z"}
{"level":"error","message":"resource \"GET:/js/vue-count-to.min.js.map\" not found","timestamp":"2019-03-12T10:11:29.918Z"}
{"level":"info","message":"GET /js/vue-count-to.min.js.map 7 2019-03-12T10:11:29.920Z","timestamp":"2019-03-12T10:11:29.920Z"}
{"level":"error","message":"resource \"GET:/js/vue-count-to.min.js.map\" not found","timestamp":"2019-03-12T10:11:29.934Z"}
{"level":"info","message":"GET /js/vue-count-to.min.js.map 2 2019-03-12T10:11:29.934Z","timestamp":"2019-03-12T10:11:29.936Z"}
{"level":"info","message":"GET /system/info 285 2019-03-12T10:11:29.943Z","timestamp":"2019-03-12T10:11:29.944Z"}
{"level":"info","message":"GET /user/normal/list 2 2019-03-12T10:11:34.091Z","timestamp":"2019-03-12T10:11:34.091Z"}
{"level":"info","message":"GET /user/normal/list 2 2019-03-12T10:11:39.890Z","timestamp":"2019-03-12T10:11:39.890Z"}
{"level":"info","message":"POST /user/login 47 2019-03-12T10:11:44.584Z","timestamp":"2019-03-12T10:11:44.584Z"}
{"level":"info","message":"GET /system/info 10 2019-03-12T10:11:44.619Z","timestamp":"2019-03-12T10:11:44.619Z"}
{"level":"error","message":"resource \"GET:/js/vue-count-to.min.js.map\" not found","timestamp":"2019-03-12T10:11:44.704Z"}
{"level":"info","message":"GET /js/vue-count-to.min.js.map 1 2019-03-12T10:11:44.704Z","timestamp":"2019-03-12T10:11:44.705Z"}
{"level":"info","message":"POST /user/login 2 2019-03-12T10:11:52.068Z","timestamp":"2019-03-12T10:11:52.068Z"}
{"level":"info","message":"POST /user/login 6 2019-03-12T10:11:55.039Z","timestamp":"2019-03-12T10:11:55.040Z"}
{"level":"info","message":"GET /user/normal/list 298 2019-03-12T10:19:24.231Z","timestamp":"2019-03-12T10:19:24.232Z"}
{"level":"info","message":"GET /system/info 6 2019-03-12T10:19:25.420Z","timestamp":"2019-03-12T10:19:25.421Z"}
{"level":"info","message":"GET /system/info 8 2019-03-12T10:19:25.439Z","timestamp":"2019-03-12T10:19:25.439Z"}
{"level":"error","message":"resource \"GET:/js/vue-count-to.min.js.map\" not found","timestamp":"2019-03-12T10:19:26.016Z"}
{"level":"info","message":"GET /js/vue-count-to.min.js.map 4 2019-03-12T10:19:26.017Z","timestamp":"2019-03-12T10:19:26.028Z"}
{"level":"error","message":"resource \"GET:/js/vue-count-to.min.js.map\" not found","timestamp":"2019-03-12T10:19:26.058Z"}
{"level":"info","message":"GET /js/vue-count-to.min.js.map 2 2019-03-12T10:19:26.059Z","timestamp":"2019-03-12T10:19:26.059Z"}
{"level":"info","message":"GET /user/normal/list 2 2019-03-12T10:19:26.234Z","timestamp":"2019-03-12T10:19:26.235Z"}
{"level":"info","message":"GET /system/info 3 2019-03-12T10:19:31.829Z","timestamp":"2019-03-12T10:19:31.829Z"}
{"level":"error","message":"resource \"GET:/js/vue-count-to.min.js.map\" not found","timestamp":"2019-03-12T10:19:32.114Z"}
{"level":"info","message":"GET /js/vue-count-to.min.js.map 1 2019-03-12T10:19:32.114Z","timestamp":"2019-03-12T10:19:32.114Z"}
{"level":"info","message":"GET /user/normal/list 2 2019-03-12T10:19:34.683Z","timestamp":"2019-03-12T10:19:34.684Z"}
{"level":"info","message":"GET /user/normal/list 2 2019-03-12T10:19:38.354Z","timestamp":"2019-03-12T10:19:38.354Z"}
{"level":"info","message":"GET /user/normal/list 2 2019-03-12T10:19:39.916Z","timestamp":"2019-03-12T10:19:39.916Z"}
{"level":"info","message":"POST /user/login 42 2019-03-12T10:19:45.260Z","timestamp":"2019-03-12T10:19:45.260Z"}
{"level":"info","message":"GET /system/info 4 2019-03-12T10:19:45.289Z","timestamp":"2019-03-12T10:19:45.289Z"}
{"level":"error","message":"resource \"GET:/js/vue-count-to.min.js.map\" not found","timestamp":"2019-03-12T10:19:45.340Z"}
{"level":"info","message":"GET /js/vue-count-to.min.js.map 1 2019-03-12T10:19:45.341Z","timestamp":"2019-03-12T10:19:45.341Z"}
{"level":"info","message":"POST /user/login 1 2019-03-12T10:19:53.434Z","timestamp":"2019-03-12T10:19:53.435Z"}
{"level":"info","message":"POST /user/login 7 2019-03-12T10:19:55.279Z","timestamp":"2019-03-12T10:19:55.279Z"}
{"level":"info","message":"GET /system/info 5 2019-03-12T10:19:55.321Z","timestamp":"2019-03-12T10:19:55.321Z"}
{"level":"error","message":"resource \"GET:/js/vue-count-to.min.js.map\" not found","timestamp":"2019-03-12T10:19:55.386Z"}
{"level":"info","message":"GET /js/vue-count-to.min.js.map 1 2019-03-12T10:19:55.387Z","timestamp":"2019-03-12T10:19:55.387Z"}
{"level":"info","message":"GET /user/normal/list 1 2019-03-12T10:20:05.156Z","timestamp":"2019-03-12T10:20:05.157Z"}
{"level":"info","message":"POST /user/login 4 2019-03-12T10:20:27.196Z","timestamp":"2019-03-12T10:20:27.196Z"}
{"level":"error","message":"resource \"GET:/js/vue-count-to.min.js.map\" not found","timestamp":"2019-03-12T10:20:27.263Z"}
{"level":"info","message":"GET /js/vue-count-to.min.js.map 1 2019-03-12T10:20:27.263Z","timestamp":"2019-03-12T10:20:27.263Z"}
{"level":"info","message":"GET /system/info 6 2019-03-12T10:20:27.265Z","timestamp":"2019-03-12T10:20:27.265Z"}
{"level":"info","message":"GET /user/normal/list 2 2019-03-12T10:20:44.928Z","timestamp":"2019-03-12T10:20:44.928Z"}
{"level":"info","message":"POST /user/login 4 2019-03-12T10:20:50.348Z","timestamp":"2019-03-12T10:20:50.348Z"}
{"level":"info","message":"GET /system/info 4 2019-03-12T10:20:50.373Z","timestamp":"2019-03-12T10:20:50.373Z"}
{"level":"error","message":"resource \"GET:/js/vue-count-to.min.js.map\" not found","timestamp":"2019-03-12T10:20:50.443Z"}
{"level":"info","message":"GET /js/vue-count-to.min.js.map 1 2019-03-12T10:20:50.443Z","timestamp":"2019-03-12T10:20:50.443Z"}
{"level":"info","message":"GET /user/normal/list 18 2019-03-12T10:21:03.230Z","timestamp":"2019-03-12T10:21:03.231Z"}
{"level":"info","message":"GET /user/normal/list 10 2019-03-12T10:21:07.563Z","timestamp":"2019-03-12T10:21:07.563Z"}
{"level":"info","message":"POST /user/login 4 2019-03-12T10:21:11.291Z","timestamp":"2019-03-12T10:21:11.291Z"}
{"level":"info","message":"GET /system/info 3 2019-03-12T10:21:11.315Z","timestamp":"2019-03-12T10:21:11.316Z"}
{"level":"error","message":"resource \"GET:/js/vue-count-to.min.js.map\" not found","timestamp":"2019-03-12T10:21:11.409Z"}
{"level":"info","message":"GET /js/vue-count-to.min.js.map 1 2019-03-12T10:21:11.410Z","timestamp":"2019-03-12T10:21:11.410Z"}
{"level":"info","message":"POST /user/login 1 2019-03-12T10:21:17.240Z","timestamp":"2019-03-12T10:21:17.240Z"}
{"level":"info","message":"POST /user/login 20 2019-03-12T10:21:22.379Z","timestamp":"2019-03-12T10:21:22.380Z"}
{"level":"info","message":"GET /system/info 24 2019-03-12T10:21:22.445Z","timestamp":"2019-03-12T10:21:22.445Z"}
{"level":"error","message":"resource \"GET:/js/vue-count-to.min.js.map\" not found","timestamp":"2019-03-12T10:21:22.496Z"}
{"level":"info","message":"GET /js/vue-count-to.min.js.map 0 2019-03-12T10:21:22.496Z","timestamp":"2019-03-12T10:21:22.497Z"}
{"level":"info","message":"GET /user/normal/list 2 2019-03-12T10:21:34.525Z","timestamp":"2019-03-12T10:21:34.525Z"}
{"level":"info","message":"GET /user/normal/list 5 2019-03-12T10:23:37.302Z","timestamp":"2019-03-12T10:23:37.304Z"}
{"level":"info","message":"POST /user/login 108 2019-03-12T10:23:41.345Z","timestamp":"2019-03-12T10:23:41.345Z"}
{"level":"info","message":"GET /system/info 9 2019-03-12T10:23:41.383Z","timestamp":"2019-03-12T10:23:41.383Z"}
{"level":"error","message":"resource \"GET:/js/vue-count-to.min.js.map\" not found","timestamp":"2019-03-12T10:23:41.446Z"}
{"level":"info","message":"GET /js/vue-count-to.min.js.map 1 2019-03-12T10:23:41.446Z","timestamp":"2019-03-12T10:23:41.446Z"}
{"level":"info","message":"POST /user/login 1 2019-03-12T10:23:47.696Z","timestamp":"2019-03-12T10:23:47.696Z"}
{"level":"info","message":"POST /user/login 7 2019-03-12T10:23:55.994Z","timestamp":"2019-03-12T10:23:55.994Z"}
{"level":"info","message":"GET /system/info 4 2019-03-12T10:23:56.039Z","timestamp":"2019-03-12T10:23:56.039Z"}
{"level":"error","message":"resource \"GET:/js/vue-count-to.min.js.map\" not found","timestamp":"2019-03-12T10:23:56.146Z"}
{"level":"info","message":"GET /js/vue-count-to.min.js.map 1 2019-03-12T10:23:56.147Z","timestamp":"2019-03-12T10:23:56.147Z"}
{"level":"info","message":"GET /user/normal/list 1 2019-03-12T10:24:03.779Z","timestamp":"2019-03-12T10:24:03.780Z"}
{"level":"error","message":"resource \"GET:/js/vue-count-to.min.js.map\" not found","timestamp":"2019-03-12T10:25:46.357Z"}
{"level":"info","message":"GET /js/vue-count-to.min.js.map 1 2019-03-12T10:25:46.358Z","timestamp":"2019-03-12T10:25:46.359Z"}
{"level":"info","message":"GET /user/normal/list 52 2019-03-12T10:25:46.397Z","timestamp":"2019-03-12T10:25:46.397Z"}
{"level":"info","message":"GET /system/info 400 2019-03-12T10:25:46.406Z","timestamp":"2019-03-12T10:25:46.406Z"}
{"level":"info","message":"GET /user/normal/list 2 2019-03-12T10:25:49.747Z","timestamp":"2019-03-12T10:25:49.747Z"}
{"level":"info","message":"POST /user/login 23 2019-03-12T10:25:54.851Z","timestamp":"2019-03-12T10:25:54.851Z"}
{"level":"info","message":"GET /system/info 4 2019-03-12T10:25:54.878Z","timestamp":"2019-03-12T10:25:54.878Z"}
{"level":"error","message":"resource \"GET:/js/vue-count-to.min.js.map\" not found","timestamp":"2019-03-12T10:25:54.934Z"}
{"level":"info","message":"GET /js/vue-count-to.min.js.map 1 2019-03-12T10:25:54.934Z","timestamp":"2019-03-12T10:25:54.934Z"}
{"level":"info","message":"POST /user/login 2 2019-03-12T10:26:00.208Z","timestamp":"2019-03-12T10:26:00.208Z"}
{"level":"info","message":"POST /user/login 6 2019-03-12T10:26:01.684Z","timestamp":"2019-03-12T10:26:01.684Z"}
{"level":"info","message":"GET /system/info 5 2019-03-12T10:26:01.751Z","timestamp":"2019-03-12T10:26:01.751Z"}
{"level":"error","message":"resource \"GET:/js/vue-count-to.min.js.map\" not found","timestamp":"2019-03-12T10:26:01.815Z"}
{"level":"info","message":"GET /js/vue-count-to.min.js.map 1 2019-03-12T10:26:01.816Z","timestamp":"2019-03-12T10:26:01.816Z"}
{"level":"info","message":"GET /user/normal/list 2 2019-03-12T10:26:06.707Z","timestamp":"2019-03-12T10:26:06.707Z"}
{"level":"info","message":"GET /user/normal/list 200 2019-03-18T02:18:23.411Z","timestamp":"2019-03-18T02:18:23.415Z"}
{"level":"info","message":"POST /user/login 30 2019-03-18T02:18:28.648Z","timestamp":"2019-03-18T02:18:28.649Z"}
{"level":"info","message":"GET /system/info 20 2019-03-18T02:18:28.704Z","timestamp":"2019-03-18T02:18:28.704Z"}
{"level":"info","message":"GET /area 64 2019-03-18T06:17:18.317Z","timestamp":"2019-03-18T06:17:18.318Z"}
{"level":"info","message":"GET /system/info 136 2019-03-18T06:54:38.573Z","timestamp":"2019-03-18T06:54:38.573Z"}
{"level":"info","message":"GET /system/info 117 2019-03-18T06:55:28.259Z","timestamp":"2019-03-18T06:55:28.260Z"}
{"level":"info","message":"GET /system/info 5 2019-03-18T06:56:35.405Z","timestamp":"2019-03-18T06:56:35.405Z"}
{"level":"error","message":"resource \"GET:/js/vue-count-to.min.js.map\" not found","timestamp":"2019-03-18T06:56:55.438Z"}
{"level":"info","message":"GET /js/vue-count-to.min.js.map 3 2019-03-18T06:56:55.439Z","timestamp":"2019-03-18T06:56:55.439Z"}
{"level":"info","message":"GET /system/info 10 2019-03-18T06:57:36.688Z","timestamp":"2019-03-18T06:57:36.688Z"}
{"level":"error","message":"resource \"GET:/js/vue-count-to.min.js.map\" not found","timestamp":"2019-03-18T06:57:36.837Z"}
{"level":"info","message":"GET /js/vue-count-to.min.js.map 0 2019-03-18T06:57:36.837Z","timestamp":"2019-03-18T06:57:36.837Z"}
{"level":"error","message":"resource \"GET:/js/vue-count-to.min.js.map\" not found","timestamp":"2019-03-18T06:58:50.880Z"}
{"level":"info","message":"GET /js/vue-count-to.min.js.map 10 2019-03-18T06:58:50.882Z","timestamp":"2019-03-18T06:58:50.883Z"}
{"level":"info","message":"GET /system/info 320 2019-03-18T06:58:50.923Z","timestamp":"2019-03-18T06:58:50.929Z"}
{"level":"info","message":"GET /system/info 4 2019-03-18T06:59:12.460Z","timestamp":"2019-03-18T06:59:12.460Z"}
{"level":"error","message":"resource \"GET:/js/vue-count-to.min.js.map\" not found","timestamp":"2019-03-18T06:59:12.712Z"}
{"level":"info","message":"GET /js/vue-count-to.min.js.map 1 2019-03-18T06:59:12.712Z","timestamp":"2019-03-18T06:59:12.713Z"}
{"level":"info","message":"GET /system/info 8 2019-03-18T07:00:08.468Z","timestamp":"2019-03-18T07:00:08.468Z"}
{"level":"error","message":"resource \"GET:/js/vue-count-to.min.js.map\" not found","timestamp":"2019-03-18T07:00:08.619Z"}
{"level":"info","message":"GET /js/vue-count-to.min.js.map 1 2019-03-18T07:00:08.619Z","timestamp":"2019-03-18T07:00:08.620Z"}
{"level":"info","message":"GET /system/info 4 2019-03-18T07:02:33.414Z","timestamp":"2019-03-18T07:02:33.414Z"}
{"level":"error","message":"resource \"GET:/js/vue-count-to.min.js.map\" not found","timestamp":"2019-03-18T07:02:33.906Z"}
{"level":"info","message":"GET /js/vue-count-to.min.js.map 2 2019-03-18T07:02:33.907Z","timestamp":"2019-03-18T07:02:33.907Z"}
{"level":"info","message":"GET /system/info 9 2019-03-18T07:08:00.218Z","timestamp":"2019-03-18T07:08:00.221Z"}
{"level":"error","message":"resource \"GET:/js/vue-count-to.min.js.map\" not found","timestamp":"2019-03-18T07:08:00.389Z"}
{"level":"info","message":"GET /js/vue-count-to.min.js.map 1 2019-03-18T07:08:00.389Z","timestamp":"2019-03-18T07:08:00.389Z"}
{"level":"info","message":"GET /system/info 6 2019-03-18T07:09:03.672Z","timestamp":"2019-03-18T07:09:03.672Z"}
{"level":"error","message":"resource \"GET:/js/vue-count-to.min.js.map\" not found","timestamp":"2019-03-18T07:09:03.851Z"}
{"level":"info","message":"GET /js/vue-count-to.min.js.map 3 2019-03-18T07:09:03.853Z","timestamp":"2019-03-18T07:09:03.854Z"}
{"level":"info","message":"GET /system/info 6 2019-03-18T07:09:44.012Z","timestamp":"2019-03-18T07:09:44.012Z"}
{"level":"error","message":"resource \"GET:/js/vue-count-to.min.js.map\" not found","timestamp":"2019-03-18T07:09:44.188Z"}
{"level":"info","message":"GET /js/vue-count-to.min.js.map 1 2019-03-18T07:09:44.188Z","timestamp":"2019-03-18T07:09:44.188Z"}
{"level":"info","message":"GET /system/info 8 2019-03-18T07:36:08.444Z","timestamp":"2019-03-18T07:36:08.444Z"}
{"level":"error","message":"resource \"GET:/js/vue-count-to.min.js.map\" not found","timestamp":"2019-03-18T07:36:08.645Z"}
{"level":"info","message":"GET /js/vue-count-to.min.js.map 2 2019-03-18T07:36:08.646Z","timestamp":"2019-03-18T07:36:08.646Z"}
{"level":"info","message":"GET /system/info 8 2019-03-18T07:40:53.224Z","timestamp":"2019-03-18T07:40:53.224Z"}
{"level":"error","message":"resource \"GET:/js/vue-count-to.min.js.map\" not found","timestamp":"2019-03-18T07:40:53.332Z"}
{"level":"info","message":"GET /js/vue-count-to.min.js.map 2 2019-03-18T07:40:53.333Z","timestamp":"2019-03-18T07:40:53.334Z"}
{"level":"info","message":"GET /system/info 7 2019-03-18T07:43:49.465Z","timestamp":"2019-03-18T07:43:49.466Z"}
{"level":"error","message":"resource \"GET:/js/vue-count-to.min.js.map\" not found","timestamp":"2019-03-18T07:43:49.671Z"}
{"level":"info","message":"GET /js/vue-count-to.min.js.map 1 2019-03-18T07:43:49.672Z","timestamp":"2019-03-18T07:43:49.672Z"}
{"level":"info","message":"GET /system/info 9 2019-03-18T07:53:54.778Z","timestamp":"2019-03-18T07:53:54.778Z"}
{"level":"error","message":"resource \"GET:/js/vue-count-to.min.js.map\" not found","timestamp":"2019-03-18T07:53:54.930Z"}
{"level":"info","message":"GET /js/vue-count-to.min.js.map 2 2019-03-18T07:53:54.931Z","timestamp":"2019-03-18T07:53:54.931Z"}
{"level":"info","message":"GET /system/info 9 2019-03-18T07:55:41.922Z","timestamp":"2019-03-18T07:55:41.923Z"}
{"level":"error","message":"resource \"GET:/js/vue-count-to.min.js.map\" not found","timestamp":"2019-03-18T07:55:42.078Z"}
{"level":"info","message":"GET /js/vue-count-to.min.js.map 2 2019-03-18T07:55:42.079Z","timestamp":"2019-03-18T07:55:42.079Z"}
{"level":"info","message":"GET /system/info 4 2019-03-18T07:56:21.723Z","timestamp":"2019-03-18T07:56:21.723Z"}
{"level":"error","message":"resource \"GET:/js/vue-count-to.min.js.map\" not found","timestamp":"2019-03-18T07:56:21.860Z"}
{"level":"info","message":"GET /js/vue-count-to.min.js.map 2 2019-03-18T07:56:21.861Z","timestamp":"2019-03-18T07:56:21.861Z"}
{"level":"info","message":"GET /system/info 5 2019-03-18T07:58:33.510Z","timestamp":"2019-03-18T07:58:33.510Z"}
{"level":"info","message":"GET /system/info 962 2019-03-18T08:00:23.797Z","timestamp":"2019-03-18T08:00:23.797Z"}
{"level":"info","message":"GET /system/info 5 2019-03-18T08:02:48.854Z","timestamp":"2019-03-18T08:02:48.854Z"}
{"level":"info","message":"GET /system/info 486 2019-03-18T08:03:56.267Z","timestamp":"2019-03-18T08:03:56.268Z"}
{"level":"info","message":"GET /system/info 3 2019-03-18T08:03:57.935Z","timestamp":"2019-03-18T08:03:57.935Z"}
{"level":"info","message":"GET /system/info 7 2019-03-18T08:05:03.126Z","timestamp":"2019-03-18T08:05:03.127Z"}
{"level":"info","message":"GET /system/info 7 2019-03-18T08:05:16.258Z","timestamp":"2019-03-18T08:05:16.259Z"}
{"level":"info","message":"GET /system/info 5 2019-03-18T08:05:50.314Z","timestamp":"2019-03-18T08:05:50.314Z"}
{"level":"info","message":"GET /system/info 5 2019-03-18T08:06:04.204Z","timestamp":"2019-03-18T08:06:04.205Z"}
{"level":"error","message":"resource \"GET:/js/vue-count-to.min.js.map\" not found","timestamp":"2019-03-18T08:06:58.615Z"}
{"level":"info","message":"GET /js/vue-count-to.min.js.map 3 2019-03-18T08:06:58.617Z","timestamp":"2019-03-18T08:06:58.617Z"}
{"level":"error","message":"resource \"GET:/js/vue-count-to.min.js.map\" not found","timestamp":"2019-03-18T08:07:34.934Z"}
{"level":"info","message":"GET /js/vue-count-to.min.js.map 3 2019-03-18T08:07:34.936Z","timestamp":"2019-03-18T08:07:34.936Z"}
{"level":"info","message":"GET /system/info 391 2019-03-18T08:07:34.945Z","timestamp":"2019-03-18T08:07:34.945Z"}
{"level":"info","message":"GET /system/info 6 2019-03-18T08:08:51.164Z","timestamp":"2019-03-18T08:08:51.164Z"}
{"level":"info","message":"GET /system/info 2 2019-03-18T08:09:07.521Z","timestamp":"2019-03-18T08:09:07.521Z"}
{"level":"info","message":"GET /system/info 3 2019-03-18T08:09:42.063Z","timestamp":"2019-03-18T08:09:42.064Z"}
{"level":"error","message":"resource \"GET:/vue-count-to.min.js.map\" not found","timestamp":"2019-03-18T08:09:54.746Z"}
{"level":"info","message":"GET /vue-count-to.min.js.map 2 2019-03-18T08:09:54.747Z","timestamp":"2019-03-18T08:09:54.747Z"}
{"level":"info","message":"GET /system/info 6 2019-03-18T08:09:55.685Z","timestamp":"2019-03-18T08:09:55.685Z"}
{"level":"error","message":"resource \"GET:/js/vue-count-to.min.js.map\" not found","timestamp":"2019-03-18T08:09:55.789Z"}
{"level":"info","message":"GET /js/vue-count-to.min.js.map 1 2019-03-18T08:09:55.789Z","timestamp":"2019-03-18T08:09:55.789Z"}
{"level":"info","message":"GET /system/info 7 2019-03-18T08:10:30.991Z","timestamp":"2019-03-18T08:10:30.991Z"}
{"level":"error","message":"resource \"GET:/js/vue-count-to.min.js.map\" not found","timestamp":"2019-03-18T08:10:31.144Z"}
{"level":"info","message":"GET /js/vue-count-to.min.js.map 1 2019-03-18T08:10:31.145Z","timestamp":"2019-03-18T08:10:31.145Z"}
{"level":"error","message":"resource \"GET:/js/vue-count-to.min.js.map\" not found","timestamp":"2019-03-18T08:10:51.490Z"}
{"level":"info","message":"GET /js/vue-count-to.min.js.map 3 2019-03-18T08:10:51.492Z","timestamp":"2019-03-18T08:10:51.493Z"}
{"level":"info","message":"GET /system/info 151 2019-03-18T08:10:51.498Z","timestamp":"2019-03-18T08:10:51.498Z"}
{"level":"info","message":"GET /system/info 4 2019-03-18T08:11:04.743Z","timestamp":"2019-03-18T08:11:04.743Z"}
{"level":"error","message":"resource \"GET:/js/vue-count-to.min.js.map\" not found","timestamp":"2019-03-18T08:11:04.867Z"}
{"level":"info","message":"GET /js/vue-count-to.min.js.map 1 2019-03-18T08:11:04.867Z","timestamp":"2019-03-18T08:11:04.867Z"}
{"level":"info","message":"GET /system/info 5 2019-03-18T08:11:19.220Z","timestamp":"2019-03-18T08:11:19.220Z"}
{"level":"error","message":"resource \"GET:/js/vue-count-to.min.js.map\" not found","timestamp":"2019-03-18T08:11:19.328Z"}
{"level":"info","message":"GET /js/vue-count-to.min.js.map 1 2019-03-18T08:11:19.329Z","timestamp":"2019-03-18T08:11:19.329Z"}
{"level":"info","message":"GET /system/info 5 2019-03-18T08:13:31.031Z","timestamp":"2019-03-18T08:13:31.031Z"}
{"level":"error","message":"resource \"GET:/js/vue-count-to.min.js.map\" not found","timestamp":"2019-03-18T08:13:31.167Z"}
{"level":"info","message":"GET /js/vue-count-to.min.js.map 2 2019-03-18T08:13:31.168Z","timestamp":"2019-03-18T08:13:31.168Z"}
{"level":"info","message":"GET /system/info 4 2019-03-18T08:13:44.569Z","timestamp":"2019-03-18T08:13:44.569Z"}
{"level":"error","message":"resource \"GET:/js/vue-count-to.min.js.map\" not found","timestamp":"2019-03-18T08:13:44.765Z"}
{"level":"info","message":"GET /js/vue-count-to.min.js.map 2 2019-03-18T08:13:44.766Z","timestamp":"2019-03-18T08:13:44.766Z"}
{"level":"info","message":"GET /system/info 5 2019-03-18T08:13:59.197Z","timestamp":"2019-03-18T08:13:59.197Z"}
{"level":"error","message":"resource \"GET:/js/vue-count-to.min.js.map\" not found","timestamp":"2019-03-18T08:13:59.364Z"}
{"level":"info","message":"GET /js/vue-count-to.min.js.map 1 2019-03-18T08:13:59.365Z","timestamp":"2019-03-18T08:13:59.365Z"}
{"level":"info","message":"GET /system/info 3 2019-03-18T08:14:41.973Z","timestamp":"2019-03-18T08:14:41.974Z"}
{"level":"error","message":"resource \"GET:/js/vue-count-to.min.js.map\" not found","timestamp":"2019-03-18T08:14:42.106Z"}
{"level":"info","message":"GET /js/vue-count-to.min.js.map 1 2019-03-18T08:14:42.106Z","timestamp":"2019-03-18T08:14:42.106Z"}
{"level":"info","message":"GET /system/info 8 2019-03-18T08:14:56.888Z","timestamp":"2019-03-18T08:14:56.888Z"}
{"level":"error","message":"resource \"GET:/js/vue-count-to.min.js.map\" not found","timestamp":"2019-03-18T08:14:56.996Z"}
{"level":"info","message":"GET /js/vue-count-to.min.js.map 1 2019-03-18T08:14:56.996Z","timestamp":"2019-03-18T08:14:56.996Z"}
{"level":"info","message":"GET /system/info 6 2019-03-18T08:15:13.393Z","timestamp":"2019-03-18T08:15:13.393Z"}
{"level":"error","message":"resource \"GET:/js/vue-count-to.min.js.map\" not found","timestamp":"2019-03-18T08:15:13.503Z"}
{"level":"info","message":"GET /js/vue-count-to.min.js.map 1 2019-03-18T08:15:13.504Z","timestamp":"2019-03-18T08:15:13.504Z"}
{"level":"error","message":"resource \"GET:/js/vue-count-to.min.js.map\" not found","timestamp":"2019-03-18T08:15:40.590Z"}
{"level":"info","message":"GET /js/vue-count-to.min.js.map 1 2019-03-18T08:15:40.591Z","timestamp":"2019-03-18T08:15:40.591Z"}
{"level":"info","message":"GET /system/info 52 2019-03-18T08:15:40.599Z","timestamp":"2019-03-18T08:15:40.600Z"}
{"level":"info","message":"GET /system/info 5 2019-03-18T08:16:17.822Z","timestamp":"2019-03-18T08:16:17.822Z"}
{"level":"info","message":"GET /system/info 5 2019-03-18T08:16:35.760Z","timestamp":"2019-03-18T08:16:35.760Z"}
{"level":"info","message":"GET /system/info 4 2019-03-18T08:16:48.271Z","timestamp":"2019-03-18T08:16:48.271Z"}
{"level":"info","message":"GET /system/info 7 2019-03-18T08:17:16.683Z","timestamp":"2019-03-18T08:17:16.683Z"}
{"level":"info","message":"GET /system/info 5 2019-03-18T08:19:09.498Z","timestamp":"2019-03-18T08:19:09.498Z"}
{"level":"info","message":"GET /system/info 8 2019-03-18T08:19:35.263Z","timestamp":"2019-03-18T08:19:35.263Z"}
{"level":"info","message":"GET /system/info 4 2019-03-18T08:19:39.525Z","timestamp":"2019-03-18T08:19:39.525Z"}
{"level":"info","message":"GET /system/info 8 2019-03-18T08:19:51.428Z","timestamp":"2019-03-18T08:19:51.428Z"}
{"level":"info","message":"GET /system/info 6 2019-03-18T08:20:36.503Z","timestamp":"2019-03-18T08:20:36.503Z"}
{"level":"info","message":"GET /system/info 11 2019-03-18T08:23:26.344Z","timestamp":"2019-03-18T08:23:26.344Z"}
{"level":"info","message":"GET /system/info 10 2019-03-18T08:23:51.210Z","timestamp":"2019-03-18T08:23:51.214Z"}
{"level":"info","message":"GET /system/info 5 2019-03-18T08:25:06.799Z","timestamp":"2019-03-18T08:25:06.800Z"}
{"level":"info","message":"GET /system/info 13 2019-03-18T08:26:14.159Z","timestamp":"2019-03-18T08:26:14.159Z"}
{"level":"error","message":"resource \"GET:/js/vue-count-to.min.js.map\" not found","timestamp":"2019-03-18T08:26:21.561Z"}
{"level":"info","message":"GET /js/vue-count-to.min.js.map 1 2019-03-18T08:26:21.561Z","timestamp":"2019-03-18T08:26:21.561Z"}
{"level":"info","message":"GET /system/info 5 2019-03-18T08:26:24.103Z","timestamp":"2019-03-18T08:26:24.103Z"}
{"level":"error","message":"resource \"GET:/js/vue-count-to.min.js.map\" not found","timestamp":"2019-03-18T08:26:24.271Z"}
{"level":"info","message":"GET /js/vue-count-to.min.js.map 1 2019-03-18T08:26:24.271Z","timestamp":"2019-03-18T08:26:24.272Z"}
{"level":"info","message":"GET /system/info 113 2019-03-18T08:27:04.628Z","timestamp":"2019-03-18T08:27:04.630Z"}
{"level":"error","message":"resource \"GET:/js/vue-count-to.min.js.map\" not found","timestamp":"2019-03-18T08:27:04.758Z"}
{"level":"info","message":"GET /js/vue-count-to.min.js.map 1 2019-03-18T08:27:04.758Z","timestamp":"2019-03-18T08:27:04.758Z"}
{"level":"info","message":"GET /system/info 6 2019-03-18T08:28:18.354Z","timestamp":"2019-03-18T08:28:18.354Z"}
{"level":"info","message":"GET /user/normal/list 139 2019-03-20T02:30:42.816Z","timestamp":"2019-03-20T02:30:42.819Z"}
{"level":"info","message":"POST /user/login 33 2019-03-20T02:30:47.163Z","timestamp":"2019-03-20T02:30:47.163Z"}
{"level":"info","message":"GET /system/info 18 2019-03-20T02:30:47.202Z","timestamp":"2019-03-20T02:30:47.202Z"}
{"level":"error","message":"resource \"GET:/js/vue-count-to.min.js.map\" not found","timestamp":"2019-03-20T02:30:56.727Z"}
{"level":"info","message":"GET /js/vue-count-to.min.js.map 1 2019-03-20T02:30:56.727Z","timestamp":"2019-03-20T02:30:56.727Z"}
{"level":"info","message":"GET /system/info 4 2019-03-20T02:31:45.265Z","timestamp":"2019-03-20T02:31:45.265Z"}
{"level":"info","message":"GET /system/info 136 2019-03-21T02:28:59.318Z","timestamp":"2019-03-21T02:28:59.321Z"}
{"level":"error","message":"ReferenceError: async is not defined\n    at exports.getTablesAndOrders (/Users/chintec/Documents/node/resto-newpos/controller/web/tabeQrcode.js:26:5)\n    at Layer.handle [as handle_request] (/Users/chintec/Documents/node/resto-newpos/node_modules/express/lib/router/layer.js:95:5)\n    at next (/Users/chintec/Documents/node/resto-newpos/node_modules/express/lib/router/route.js:137:13)\n    at Route.dispatch (/Users/chintec/Documents/node/resto-newpos/node_modules/express/lib/router/route.js:112:3)\n    at Layer.handle [as handle_request] (/Users/chintec/Documents/node/resto-newpos/node_modules/express/lib/router/layer.js:95:5)\n    at /Users/chintec/Documents/node/resto-newpos/node_modules/express/lib/router/index.js:281:22\n    at Function.process_params (/Users/chintec/Documents/node/resto-newpos/node_modules/express/lib/router/index.js:335:12)\n    at next (/Users/chintec/Documents/node/resto-newpos/node_modules/express/lib/router/index.js:275:10)\n    at /Users/chintec/Documents/node/resto-newpos/middleware/paging/index.js:32:9\n    at Layer.handle [as handle_request] (/Users/chintec/Documents/node/resto-newpos/node_modules/express/lib/router/layer.js:95:5)\n    at trim_prefix (/Users/chintec/Documents/node/resto-newpos/node_modules/express/lib/router/index.js:317:13)\n    at /Users/chintec/Documents/node/resto-newpos/node_modules/express/lib/router/index.js:284:7\n    at Function.process_params (/Users/chintec/Documents/node/resto-newpos/node_modules/express/lib/router/index.js:335:12)\n    at next (/Users/chintec/Documents/node/resto-newpos/node_modules/express/lib/router/index.js:275:10)\n    at /Users/chintec/Documents/node/resto-newpos/middleware/session/index.js:21:20\n    at Layer.handle [as handle_request] (/Users/chintec/Documents/node/resto-newpos/node_modules/express/lib/router/layer.js:95:5)\n    at trim_prefix (/Users/chintec/Documents/node/resto-newpos/node_modules/express/lib/router/index.js:317:13)\n    at /Users/chintec/Documents/node/resto-newpos/node_modules/express/lib/router/index.js:284:7\n    at Function.process_params (/Users/chintec/Documents/node/resto-newpos/node_modules/express/lib/router/index.js:335:12)\n    at next (/Users/chintec/Documents/node/resto-newpos/node_modules/express/lib/router/index.js:275:10)\n    at /Users/chintec/Documents/node/resto-newpos/middleware/log/index.js:18:9\n    at Layer.handle [as handle_request] (/Users/chintec/Documents/node/resto-newpos/node_modules/express/lib/router/layer.js:95:5)","timestamp":"2019-03-21T03:17:33.758Z"}
{"level":"info","message":"POST /getAllTableAndOrder 5 2019-03-21T03:17:33.759Z","timestamp":"2019-03-21T03:17:33.759Z"}
{"level":"info","message":"GET /user/normal/list 19 2019-03-21T05:57:12.124Z","timestamp":"2019-03-21T05:57:12.125Z"}
{"level":"info","message":"POST /user/login 73 2019-03-21T05:57:18.954Z","timestamp":"2019-03-21T05:57:18.954Z"}
{"level":"info","message":"GET /system/info 12 2019-03-21T05:57:19.057Z","timestamp":"2019-03-21T05:57:19.057Z"}
{"level":"error","message":"resource \"GET:/js/vue-count-to.min.js.map\" not found","timestamp":"2019-03-21T05:57:19.139Z"}
{"level":"info","message":"GET /js/vue-count-to.min.js.map 1 2019-03-21T05:57:19.139Z","timestamp":"2019-03-21T05:57:19.140Z"}
{"level":"info","message":"GET /user/normal/list 3 2019-03-21T05:57:32.044Z","timestamp":"2019-03-21T05:57:32.044Z"}
{"level":"info","message":"GET /user/normal/list 4 2019-03-21T05:58:08.292Z","timestamp":"2019-03-21T05:58:08.293Z"}
{"level":"info","message":"POST /user/login 4 2019-03-21T05:58:12.075Z","timestamp":"2019-03-21T05:58:12.076Z"}
{"level":"info","message":"GET /system/info 5 2019-03-21T05:58:12.140Z","timestamp":"2019-03-21T05:58:12.140Z"}
{"level":"error","message":"resource \"GET:/js/vue-count-to.min.js.map\" not found","timestamp":"2019-03-21T05:58:12.198Z"}
{"level":"info","message":"GET /js/vue-count-to.min.js.map 2 2019-03-21T05:58:12.199Z","timestamp":"2019-03-21T05:58:12.199Z"}
{"level":"error","message":"resource \"GET:/js/vue-count-to.min.js.map\" not found","timestamp":"2019-03-21T06:37:40.811Z"}
{"level":"info","message":"GET /js/vue-count-to.min.js.map 6 2019-03-21T06:37:40.814Z","timestamp":"2019-03-21T06:37:40.815Z"}
{"level":"info","message":"GET /system/info 144 2019-03-21T06:37:40.833Z","timestamp":"2019-03-21T06:37:40.833Z"}
{"level":"info","message":"GET /user/normal/list 2 2019-03-21T06:40:28.537Z","timestamp":"2019-03-21T06:40:28.538Z"}
{"level":"info","message":"POST /user/login 5 2019-03-21T06:40:34.048Z","timestamp":"2019-03-21T06:40:34.049Z"}
{"level":"info","message":"GET /system/info 12 2019-03-21T06:40:34.185Z","timestamp":"2019-03-21T06:40:34.185Z"}
{"level":"info","message":"GET /area 18 2019-03-21T06:41:33.522Z","timestamp":"2019-03-21T06:41:33.522Z"}
{"level":"error","message":"TypeError: Cannot read property 'toString' of undefined\n    at exports.bindTable (/Users/chintec/Documents/node/resto-newpos/controller/web/orderApi.js:27:44)\n    at Layer.handle [as handle_request] (/Users/chintec/Documents/node/resto-newpos/node_modules/express/lib/router/layer.js:95:5)\n    at next (/Users/chintec/Documents/node/resto-newpos/node_modules/express/lib/router/route.js:137:13)\n    at Route.dispatch (/Users/chintec/Documents/node/resto-newpos/node_modules/express/lib/router/route.js:112:3)\n    at Layer.handle [as handle_request] (/Users/chintec/Documents/node/resto-newpos/node_modules/express/lib/router/layer.js:95:5)\n    at /Users/chintec/Documents/node/resto-newpos/node_modules/express/lib/router/index.js:281:22\n    at Function.process_params (/Users/chintec/Documents/node/resto-newpos/node_modules/express/lib/router/index.js:335:12)\n    at next (/Users/chintec/Documents/node/resto-newpos/node_modules/express/lib/router/index.js:275:10)\n    at /Users/chintec/Documents/node/resto-newpos/middleware/paging/index.js:32:9\n    at Layer.handle [as handle_request] (/Users/chintec/Documents/node/resto-newpos/node_modules/express/lib/router/layer.js:95:5)\n    at trim_prefix (/Users/chintec/Documents/node/resto-newpos/node_modules/express/lib/router/index.js:317:13)\n    at /Users/chintec/Documents/node/resto-newpos/node_modules/express/lib/router/index.js:284:7\n    at Function.process_params (/Users/chintec/Documents/node/resto-newpos/node_modules/express/lib/router/index.js:335:12)\n    at next (/Users/chintec/Documents/node/resto-newpos/node_modules/express/lib/router/index.js:275:10)\n    at /Users/chintec/Documents/node/resto-newpos/middleware/session/index.js:21:20\n    at Layer.handle [as handle_request] (/Users/chintec/Documents/node/resto-newpos/node_modules/express/lib/router/layer.js:95:5)\n    at trim_prefix (/Users/chintec/Documents/node/resto-newpos/node_modules/express/lib/router/index.js:317:13)\n    at /Users/chintec/Documents/node/resto-newpos/node_modules/express/lib/router/index.js:284:7\n    at Function.process_params (/Users/chintec/Documents/node/resto-newpos/node_modules/express/lib/router/index.js:335:12)\n    at next (/Users/chintec/Documents/node/resto-newpos/node_modules/express/lib/router/index.js:275:10)\n    at /Users/chintec/Documents/node/resto-newpos/middleware/log/index.js:18:9\n    at Layer.handle [as handle_request] (/Users/chintec/Documents/node/resto-newpos/node_modules/express/lib/router/layer.js:95:5)","timestamp":"2019-03-21T06:41:49.752Z"}
{"level":"info","message":"POST /bindTable 4 2019-03-21T06:41:49.753Z","timestamp":"2019-03-21T06:41:49.753Z"}
{"level":"info","message":"GET /user/normal/list 5 2019-03-21T06:46:40.051Z","timestamp":"2019-03-21T06:46:40.051Z"}
{"level":"info","message":"POST /user/login 7 2019-03-21T06:46:44.159Z","timestamp":"2019-03-21T06:46:44.160Z"}
{"level":"info","message":"GET /system/info 25 2019-03-21T06:46:44.234Z","timestamp":"2019-03-21T06:46:44.234Z"}
{"level":"info","message":"GET /user/normal/list 2 2019-03-21T06:47:39.316Z","timestamp":"2019-03-21T06:47:39.317Z"}
{"level":"info","message":"POST /user/login 5 2019-03-21T06:47:42.277Z","timestamp":"2019-03-21T06:47:42.277Z"}
{"level":"info","message":"GET /system/info 6 2019-03-21T06:47:42.314Z","timestamp":"2019-03-21T06:47:42.314Z"}
{"level":"info","message":"GET /system/info 12 2019-03-21T07:04:33.507Z","timestamp":"2019-03-21T07:04:33.507Z"}
{"level":"info","message":"GET /system/info 162 2019-03-25T02:42:37.754Z","timestamp":"2019-03-25T02:42:37.758Z"}
{"level":"info","message":"GET /area 20 2019-03-25T06:33:40.038Z","timestamp":"2019-03-25T06:33:40.039Z"}
{"level":"info","message":"GET /system/info 152 2019-03-25T06:57:48.234Z","timestamp":"2019-03-25T06:57:48.235Z"}
{"level":"info","message":"GET /system/info 9 2019-03-25T07:05:39.439Z","timestamp":"2019-03-25T07:05:39.440Z"}
{"level":"info","message":"GET /system/info 96 2019-03-25T07:08:00.349Z","timestamp":"2019-03-25T07:08:00.350Z"}
{"level":"info","message":"GET /system/info 9 2019-03-25T07:10:12.540Z","timestamp":"2019-03-25T07:10:12.541Z"}
{"level":"info","message":"GET /system/info 3 2019-03-25T07:10:33.206Z","timestamp":"2019-03-25T07:10:33.206Z"}
{"level":"info","message":"GET /system/info 9 2019-03-25T07:11:23.897Z","timestamp":"2019-03-25T07:11:23.897Z"}
{"level":"info","message":"GET /area 24 2019-03-25T07:30:38.266Z","timestamp":"2019-03-25T07:30:38.269Z"}
{"level":"info","message":"GET /system/info 9 2019-03-25T07:37:21.034Z","timestamp":"2019-03-25T07:37:21.034Z"}
{"level":"info","message":"GET /system/info 5 2019-03-25T07:41:03.575Z","timestamp":"2019-03-25T07:41:03.575Z"}
{"level":"info","message":"GET /system/info 5 2019-03-25T07:41:59.492Z","timestamp":"2019-03-25T07:41:59.492Z"}
{"level":"info","message":"GET /area 3 2019-03-25T07:43:19.740Z","timestamp":"2019-03-25T07:43:19.741Z"}
{"level":"info","message":"GET /system/info 9 2019-03-25T07:43:23.584Z","timestamp":"2019-03-25T07:43:23.584Z"}
{"level":"info","message":"GET /area 2 2019-03-25T07:43:23.801Z","timestamp":"2019-03-25T07:43:23.801Z"}
{"level":"info","message":"GET /area 2 2019-03-25T07:43:37.848Z","timestamp":"2019-03-25T07:43:37.848Z"}
{"level":"info","message":"GET /system/info 6 2019-03-25T07:43:43.173Z","timestamp":"2019-03-25T07:43:43.173Z"}
{"level":"info","message":"GET /area 2 2019-03-25T07:43:43.508Z","timestamp":"2019-03-25T07:43:43.508Z"}
{"level":"info","message":"GET /system/info 93 2019-03-25T07:44:38.847Z","timestamp":"2019-03-25T07:44:38.847Z"}
{"level":"info","message":"GET /area 4 2019-03-25T07:44:38.939Z","timestamp":"2019-03-25T07:44:38.939Z"}
{"level":"info","message":"GET /system/info 5 2019-03-25T07:44:50.366Z","timestamp":"2019-03-25T07:44:50.366Z"}
{"level":"info","message":"GET /area 2 2019-03-25T07:44:50.873Z","timestamp":"2019-03-25T07:44:50.873Z"}
{"level":"info","message":"GET /system/info 3 2019-03-25T07:45:06.278Z","timestamp":"2019-03-25T07:45:06.279Z"}
{"level":"info","message":"GET /area 3 2019-03-25T07:45:06.921Z","timestamp":"2019-03-25T07:45:06.921Z"}
{"level":"info","message":"GET /system/info 7 2019-03-25T07:45:10.907Z","timestamp":"2019-03-25T07:45:10.907Z"}
{"level":"info","message":"GET /area 3 2019-03-25T07:45:11.394Z","timestamp":"2019-03-25T07:45:11.394Z"}
{"level":"info","message":"GET /area 2 2019-03-25T07:46:22.715Z","timestamp":"2019-03-25T07:46:22.715Z"}
{"level":"info","message":"GET /area 9 2019-03-25T07:53:42.455Z","timestamp":"2019-03-25T07:53:42.456Z"}
{"level":"info","message":"GET /system/info 8 2019-03-25T07:53:46.430Z","timestamp":"2019-03-25T07:53:46.430Z"}
{"level":"info","message":"GET /area 22 2019-03-25T07:53:47.221Z","timestamp":"2019-03-25T07:53:47.221Z"}
{"level":"info","message":"GET /area 2 2019-03-25T07:54:51.737Z","timestamp":"2019-03-25T07:54:51.738Z"}
{"level":"info","message":"GET /area 2 2019-03-25T07:58:33.572Z","timestamp":"2019-03-25T07:58:33.572Z"}
{"level":"info","message":"GET /area 1 2019-03-25T07:58:37.031Z","timestamp":"2019-03-25T07:58:37.031Z"}
{"level":"info","message":"GET /system/info 39 2019-03-25T08:07:08.236Z","timestamp":"2019-03-25T08:07:08.238Z"}
{"level":"info","message":"GET /area 2 2019-03-25T08:07:08.386Z","timestamp":"2019-03-25T08:07:08.386Z"}
{"level":"info","message":"GET /system/info 34 2019-03-25T08:09:23.253Z","timestamp":"2019-03-25T08:09:23.254Z"}
{"level":"info","message":"GET /area 2 2019-03-25T08:09:23.937Z","timestamp":"2019-03-25T08:09:23.937Z"}
{"level":"info","message":"GET /area 37 2019-03-25T08:10:19.462Z","timestamp":"2019-03-25T08:10:19.462Z"}
{"level":"info","message":"GET /system/info 31 2019-03-25T08:12:48.658Z","timestamp":"2019-03-25T08:12:48.658Z"}
{"level":"info","message":"GET /area 2 2019-03-25T08:12:48.853Z","timestamp":"2019-03-25T08:12:48.853Z"}
{"level":"info","message":"GET /system/info 40 2019-03-25T08:15:30.621Z","timestamp":"2019-03-25T08:15:30.622Z"}
{"level":"info","message":"GET /area 2 2019-03-25T08:15:30.808Z","timestamp":"2019-03-25T08:15:30.808Z"}
{"level":"info","message":"GET /system/info 32 2019-03-25T08:18:12.937Z","timestamp":"2019-03-25T08:18:12.937Z"}
{"level":"info","message":"GET /area 2 2019-03-25T08:18:13.430Z","timestamp":"2019-03-25T08:18:13.430Z"}
{"level":"info","message":"GET /system/info 32 2019-03-25T08:18:53.136Z","timestamp":"2019-03-25T08:18:53.137Z"}
{"level":"info","message":"GET /area 2 2019-03-25T08:18:53.728Z","timestamp":"2019-03-25T08:18:53.728Z"}
{"level":"info","message":"GET /system/info 18 2019-03-25T08:19:04.282Z","timestamp":"2019-03-25T08:19:04.283Z"}
{"level":"info","message":"GET /area 2 2019-03-25T08:19:05.043Z","timestamp":"2019-03-25T08:19:05.044Z"}
{"level":"info","message":"GET /area 40 2019-03-25T08:20:09.516Z","timestamp":"2019-03-25T08:20:09.516Z"}
{"level":"info","message":"GET /area 3 2019-03-25T08:20:24.740Z","timestamp":"2019-03-25T08:20:24.740Z"}
{"level":"info","message":"GET /system/info 77 2019-03-25T08:42:29.521Z","timestamp":"2019-03-25T08:42:29.521Z"}
{"level":"info","message":"GET /area 4 2019-03-25T08:42:29.721Z","timestamp":"2019-03-25T08:42:29.721Z"}
{"level":"info","message":"GET /system/info 24 2019-03-25T08:44:35.526Z","timestamp":"2019-03-25T08:44:35.526Z"}
{"level":"info","message":"GET /area 2 2019-03-25T08:44:35.859Z","timestamp":"2019-03-25T08:44:35.859Z"}
{"level":"info","message":"GET /system/info 78 2019-03-25T08:49:22.125Z","timestamp":"2019-03-25T08:49:22.125Z"}
{"level":"info","message":"GET /area 2 2019-03-25T08:49:22.280Z","timestamp":"2019-03-25T08:49:22.280Z"}
{"level":"info","message":"GET /system/info 48 2019-03-25T08:51:24.319Z","timestamp":"2019-03-25T08:51:24.319Z"}
{"level":"info","message":"GET /area 4 2019-03-25T08:51:24.679Z","timestamp":"2019-03-25T08:51:24.679Z"}
{"level":"info","message":"GET /area 36 2019-03-25T08:57:39.621Z","timestamp":"2019-03-25T08:57:39.622Z"}
{"level":"info","message":"GET /area 60 2019-03-25T09:39:38.964Z","timestamp":"2019-03-25T09:39:38.966Z"}
{"level":"info","message":"GET /area 1 2019-03-25T09:39:43.304Z","timestamp":"2019-03-25T09:39:43.305Z"}
{"level":"info","message":"GET /system/info 228 2019-03-26T02:49:50.450Z","timestamp":"2019-03-26T02:49:50.453Z"}
{"level":"info","message":"GET /area 12 2019-03-26T02:49:50.661Z","timestamp":"2019-03-26T02:49:50.661Z"}
{"level":"info","message":"GET /area 2 2019-03-26T02:50:53.976Z","timestamp":"2019-03-26T02:50:53.976Z"}
{"level":"info","message":"GET /area 2 2019-03-26T02:50:56.937Z","timestamp":"2019-03-26T02:50:56.937Z"}
{"level":"info","message":"GET /user/normal/list 208 2019-04-01T02:16:21.234Z","timestamp":"2019-04-01T02:16:21.236Z"}
{"level":"info","message":"POST /user/login 71 2019-04-01T02:16:27.114Z","timestamp":"2019-04-01T02:16:27.115Z"}
{"level":"info","message":"GET /system/info 31 2019-04-01T02:16:27.213Z","timestamp":"2019-04-01T02:16:27.213Z"}
{"level":"info","message":"GET /area 20 2019-04-01T02:16:27.394Z","timestamp":"2019-04-01T02:16:27.395Z"}
{"level":"error","message":"resource \"POST:/getAllTableAndOrders\" not found","timestamp":"2019-04-01T02:16:50.168Z"}
{"level":"info","message":"POST /getAllTableAndOrders 1 2019-04-01T02:16:50.169Z","timestamp":"2019-04-01T02:16:50.169Z"}
{"level":"error","message":"resource \"POST:/getAllTableAndOrders\" not found","timestamp":"2019-04-01T02:16:57.668Z"}
{"level":"info","message":"POST /getAllTableAndOrders 0 2019-04-01T02:16:57.668Z","timestamp":"2019-04-01T02:16:57.668Z"}
{"level":"error","message":"resource \"POST:/getAllTableAndOrders\" not found","timestamp":"2019-04-01T02:17:16.977Z"}
{"level":"info","message":"POST /getAllTableAndOrders 1 2019-04-01T02:17:16.977Z","timestamp":"2019-04-01T02:17:16.977Z"}
